

================== ASTRAL ===================== 

This is ASTRAL version 5.15.5
Warning: 
 Fail to load native library libAstral.dylib; use Java default computing method without AVX2, which is 4X slower. 
 Make sure you are using the correct Djava.library.path (to the `lib` directory under ASTRAL where libAstral.dylib can be found). 
 Trying running make.sh. For mode debugging, run: java -Djava.library.path=lib/ -jar native_library_tester.jar
Gene trees are treated as unrooted
Detected GPU devices: 
Device 1 of 2: Apple M1 cl_device_id[0xffffffff] Vendor: Intel
Device 2 of 2: Apple M1 cl_device_id[0x1027f00] Vendor: Apple
Will use Device : Apple M1
Will use Device : Apple M1
Starting 8 threads ...
There are 8 threads used to run.
21 trees read from /dev/fd/11
All output trees will be *arbitrarily* rooted at Scolecophis-atrocinctus_KU289804

======== Running the main analysis
Number of taxa: 66 (66 species)
Taxa: [Scolecophis-atrocinctus_KU289804, Sibynophis-bivittatus_KU309608, Prosymna-visseri_MCZR190223, Pseudaspis-cana_MCZA27068, Pseudoxyrhopus-tritaeniatus_KU340969, Rhamphiophis-oxyrhynchus_KU290451, Lamprophis-lineatus_EBG706, Buhoma-depressiceps_CFS1528, Micrelaps-sp_TauM16738, Myersophis-alpestris_KU308684, Oxyrhabdium-cfmodestum_KU338101, Oxyrhabdium-modestum_KU310866, Oxyrhabdium-leporinum_KU346583, Psammodynastes-pulverulentus_KU328547, Psammodynastes-pulverulentus_KU329686, Hydrophis-curtus, Hydrophis-hardwickii, Hydrophis-cyanocinctus, Emydocephalus-ijimae, Notechis-scutatus, Pseudonaja-textilis, Laticauda-colubrina, Laticauda-laticaudata, Naja-naja, Thamnophis-sirtalis, Thamnophis-elegans, Cerberus-schneiderii_KU324534, Myanophis-thanlyinensis, Python-molurus, Bothrops-jararaca, Thermophis-baileyi, Dipsas-indica_KU215336, Chrysopelea-ornata, Ahaetulla-prasina_KU323364, Calamaria-gervaisii_KU327406, Boiga-irregularis_KU345021, Pantherophis-guttatus, Pantherophis-obsoletus, Pituophis-catenifer, Ptyas-mucosa, Tantilla-taeniata_KU289863, Acrochordus-granulatus_KU302952, Pseudoxenodon-sp_KU312221, Grayia-smythii_KU341872, Chamaelycus-fasciatus_KU348632, Psammophis-sibilans_RAX2053, Aparallactus-capensis_MCZA28808, Cyclocorus-lineatus_KU335808, Hologerrhum-philippinum_KU330752, Hemibungarus-mcclungi_KU303027, Ophiophagus-hannah, Hydrophis-melanocephalus, Micrurus-corallinus_KU289205, Crotalus-pyrrhus, Crotalus-viridis, Crotalus-tigris, Crotalus-adamanteus, Crotalus-horridus, Protobothrops-mucrosquamatus, Protobothrops-flavoviridis, Vipera-berus, Aplopeltura-boa_KU315147, Achalinus-spinalis_KU312258, Boa-constrictor, Levitonius-mirus_KU337269, Elapsoidea-sundevallii_MCZR190390]
Taxon occupancy: {Protobothrops-flavoviridis=18, Thamnophis-sirtalis=14, Hologerrhum-philippinum_KU330752=17, Hydrophis-hardwickii=17, Psammophis-sibilans_RAX2053=16, Crotalus-pyrrhus=19, Bothrops-jararaca=20, Elapsoidea-sundevallii_MCZR190390=17, Notechis-scutatus=21, Levitonius-mirus_KU337269=18, Buhoma-depressiceps_CFS1528=21, Ophiophagus-hannah=16, Scolecophis-atrocinctus_KU289804=20, Calamaria-gervaisii_KU327406=18, Ptyas-mucosa=16, Boiga-irregularis_KU345021=20, Aparallactus-capensis_MCZA28808=17, Myanophis-thanlyinensis=19, Python-molurus=16, Ahaetulla-prasina_KU323364=18, Pseudaspis-cana_MCZA27068=18, Psammodynastes-pulverulentus_KU328547=18, Rhamphiophis-oxyrhynchus_KU290451=18, Crotalus-tigris=18, Pantherophis-obsoletus=18, Protobothrops-mucrosquamatus=18, Vipera-berus=18, Chrysopelea-ornata=15, Thamnophis-elegans=15, Laticauda-laticaudata=21, Myersophis-alpestris_KU308684=19, Oxyrhabdium-leporinum_KU346583=18, Acrochordus-granulatus_KU302952=16, Cyclocorus-lineatus_KU335808=18, Oxyrhabdium-cfmodestum_KU338101=18, Tantilla-taeniata_KU289863=19, Grayia-smythii_KU341872=16, Crotalus-viridis=15, Crotalus-adamanteus=18, Pseudoxyrhopus-tritaeniatus_KU340969=18, Dipsas-indica_KU215336=17, Oxyrhabdium-modestum_KU310866=18, Emydocephalus-ijimae=20, Pantherophis-guttatus=18, Sibynophis-bivittatus_KU309608=16, Aplopeltura-boa_KU315147=16, Thermophis-baileyi=19, Pituophis-catenifer=14, Lamprophis-lineatus_EBG706=18, Hydrophis-curtus=20, Pseudoxenodon-sp_KU312221=16, Pseudonaja-textilis=20, Chamaelycus-fasciatus_KU348632=16, Hemibungarus-mcclungi_KU303027=18, Laticauda-colubrina=21, Crotalus-horridus=16, Micrurus-corallinus_KU289205=18, Boa-constrictor=14, Psammodynastes-pulverulentus_KU329686=20, Hydrophis-melanocephalus=18, Achalinus-spinalis_KU312258=14, Micrelaps-sp_TauM16738=18, Prosymna-visseri_MCZR190223=20, Naja-naja=21, Hydrophis-cyanocinctus=20, Cerberus-schneiderii_KU324534=18}
Using polytree-based weight calculation.
Number of gene trees: 21
21 trees have missing taxa
Calculating distance matrix (for completion of X) ....with 4 distance matrices for parallellism
Species tree distances calculated ...

Will attempt to complete bipartitions from X before adding using a distance matrix.
Building set of clusters (X) from gene trees 
------------------------------
Number of Clusters after addition from gene trees: 799
Number of Clusters after addition by distance: 799
Adding to X using resolutions of greedy consensus ...

Computing greedy consensus  
took 0 seconds
Limit for sigma of degrees:1700

polytomy size limit : > 7
 [3, 3, 3, 3, 3, 3, 4, 6, 7]
discarded polytomies: 
Threshold 0.0:
Threshold 0.01:
Threshold 0.02:
Threshold 0.05:
polytomy of size 3; rounds with additions with at least 5 support: 1; clusters: 805
Threshold 0.1:
polytomy of size 4; rounds with additions with at least 5 support: 0; clusters: 807
Threshold 0.2:
polytomy of size 6; rounds with additions with at least 5 support: 0; clusters: 807
Threshold 0.3333333333333333:
polytomy of size 3; rounds with additions with at least 5 support: 0; clusters: 805
polytomy of size 7; rounds with additions with at least 5 support: 0; clusters: 807
polytomy of size 3; rounds with additions with at least 5 support: 0; clusters: 803
polytomy of size 3; rounds with additions with at least 5 support: 0; clusters: 805
polytomy of size 3; rounds with additions with at least 5 support: 0; clusters: 807
polytomy of size 3; rounds with additions with at least 5 support: 0; clusters: 807
Number of Clusters after addition by greedy: 807
partitions formed in 0.775 secs
Dynamic Programming starting after 0.775 secs
Polytree max score: 9036306
Polytree building time: 0.018 seconds.
Fail to load native library libAstral.dylib; use Java default computing method.
Number of quartet trees in the gene trees: 9036306
Computing hash values took 0 seconds
device length is: 2
TREE HEIGHT IS: 12
Size of largest cluster: 66
Size of largest cluster: 66
Finishing up:846 0 845
Total Number of elements: 845
Normalized score (portion of input quartet trees satisfied before correcting for multiple individuals): 0.8943061467816605
Final optimization score: 8081224
Optimal tree inferred in 1.94 secs.
Weight calculation using polytrees cumulatively took 0.0 secs
(Scolecophis-atrocinctus_KU289804,(Tantilla-taeniata_KU289863,((Ptyas-mucosa,(Boiga-irregularis_KU345021,(((Sibynophis-bivittatus_KU309608,((((((Micrurus-corallinus_KU289205,((Elapsoidea-sundevallii_MCZR190390,((Pseudonaja-textilis,(Notechis-scutatus,(Emydocephalus-ijimae,((Hydrophis-curtus,Hydrophis-hardwickii),(Hydrophis-cyanocinctus,Hydrophis-melanocephalus))))),(Laticauda-colubrina,Laticauda-laticaudata))),(Ophiophagus-hannah,(Naja-naja,Hemibungarus-mcclungi_KU303027)))),(Micrelaps-sp_TauM16738,(((Pseudaspis-cana_MCZA27068,(Prosymna-visseri_MCZR190223,(Lamprophis-lineatus_EBG706,Chamaelycus-fasciatus_KU348632))),(Pseudoxyrhopus-tritaeniatus_KU340969,Buhoma-depressiceps_CFS1528)),(Aparallactus-capensis_MCZA28808,(Rhamphiophis-oxyrhynchus_KU290451,Psammophis-sibilans_RAX2053))))),(((Oxyrhabdium-leporinum_KU346583,(Oxyrhabdium-cfmodestum_KU338101,Oxyrhabdium-modestum_KU310866)),(Myersophis-alpestris_KU308684,Levitonius-mirus_KU337269)),(Cyclocorus-lineatus_KU335808,Hologerrhum-philippinum_KU330752))),(Psammodynastes-pulverulentus_KU328547,Psammodynastes-pulverulentus_KU329686)),(((Vipera-berus,((Bothrops-jararaca,(Crotalus-horridus,(Crotalus-pyrrhus,(Crotalus-tigris,(Crotalus-viridis,Crotalus-adamanteus))))),(Protobothrops-mucrosquamatus,Protobothrops-flavoviridis))),(Aplopeltura-boa_KU315147,(Achalinus-spinalis_KU312258,(Acrochordus-granulatus_KU302952,(Python-molurus,Boa-constrictor))))),(Cerberus-schneiderii_KU324534,Myanophis-thanlyinensis))),(Pseudoxenodon-sp_KU312221,((Thamnophis-sirtalis,Thamnophis-elegans),(Thermophis-baileyi,Dipsas-indica_KU215336))))),(Calamaria-gervaisii_KU327406,Grayia-smythii_KU341872)),(Chrysopelea-ornata,Ahaetulla-prasina_KU323364)))),(Pituophis-catenifer,(Pantherophis-guttatus,Pantherophis-obsoletus)))));
Final quartet score is: 8032923
Final normalized quartet score is: 0.8889609316019179
You may want to ignore posterior probabilities and other statistics related to the following branch branch because the effective number of genes impacting it is only 19:
	{Hydrophis-curtus, Hydrophis-hardwickii, Hydrophis-cyanocinctus, Hydrophis-melanocephalus}
You may want to ignore posterior probabilities and other statistics related to the following branch branch because the effective number of genes impacting it is only 16:
	{Hydrophis-curtus, Hydrophis-hardwickii}
You may want to ignore posterior probabilities and other statistics related to the following branch branch because the effective number of genes impacting it is only 18:
	{Hydrophis-cyanocinctus, Hydrophis-melanocephalus}
You may want to ignore posterior probabilities and other statistics related to the following branch branch because the effective number of genes impacting it is only 17:
	{Hydrophis-curtus, Hydrophis-hardwickii, Hydrophis-cyanocinctus, Emydocephalus-ijimae, Notechis-scutatus, Pseudonaja-textilis, Laticauda-colubrina, Laticauda-laticaudata, Hydrophis-melanocephalus}
You may want to ignore posterior probabilities and other statistics related to the following branch branch because the effective number of genes impacting it is only 16:
	{Naja-naja, Hemibungarus-mcclungi_KU303027, Ophiophagus-hannah}
You may want to ignore posterior probabilities and other statistics related to the following branch branch because the effective number of genes impacting it is only 18:
	{Hydrophis-curtus, Hydrophis-hardwickii, Hydrophis-cyanocinctus, Emydocephalus-ijimae, Notechis-scutatus, Pseudonaja-textilis, Laticauda-colubrina, Laticauda-laticaudata, Naja-naja, Hemibungarus-mcclungi_KU303027, Ophiophagus-hannah, Hydrophis-melanocephalus, Elapsoidea-sundevallii_MCZR190390}
You may want to ignore posterior probabilities and other statistics related to the following branch branch because the effective number of genes impacting it is only 14:
	{Lamprophis-lineatus_EBG706, Chamaelycus-fasciatus_KU348632}
You may want to ignore posterior probabilities and other statistics related to the following branch branch because the effective number of genes impacting it is only 15:
	{Prosymna-visseri_MCZR190223, Lamprophis-lineatus_EBG706, Chamaelycus-fasciatus_KU348632}
You may want to ignore posterior probabilities and other statistics related to the following branch branch because the effective number of genes impacting it is only 18:
	{Hydrophis-curtus, Hydrophis-hardwickii, Hydrophis-cyanocinctus, Emydocephalus-ijimae, Notechis-scutatus, Pseudonaja-textilis, Laticauda-colubrina, Laticauda-laticaudata, Naja-naja, Hemibungarus-mcclungi_KU303027, Ophiophagus-hannah, Hydrophis-melanocephalus, Micrurus-corallinus_KU289205, Elapsoidea-sundevallii_MCZR190390}
You may want to ignore posterior probabilities and other statistics related to the following branch branch because the effective number of genes impacting it is only 17:
	{Hydrophis-curtus, Hydrophis-hardwickii, Hydrophis-cyanocinctus, Emydocephalus-ijimae, Notechis-scutatus, Pseudonaja-textilis, Laticauda-colubrina, Laticauda-laticaudata, Hydrophis-melanocephalus, Elapsoidea-sundevallii_MCZR190390}
You may want to ignore posterior probabilities and other statistics related to the following branch branch because the effective number of genes impacting it is only 18:
	{Pseudoxyrhopus-tritaeniatus_KU340969, Buhoma-depressiceps_CFS1528}
You may want to ignore posterior probabilities and other statistics related to the following branch branch because the effective number of genes impacting it is only 16:
	{Naja-naja, Hemibungarus-mcclungi_KU303027}
You may want to ignore posterior probabilities and other statistics related to the following branch branch because the effective number of genes impacting it is only 13:
	{Rhamphiophis-oxyrhynchus_KU290451, Psammophis-sibilans_RAX2053}
You may want to ignore posterior probabilities and other statistics related to the following branch branch because the effective number of genes impacting it is only 18:
	{Prosymna-visseri_MCZR190223, Pseudaspis-cana_MCZA27068, Lamprophis-lineatus_EBG706, Chamaelycus-fasciatus_KU348632}
You may want to ignore posterior probabilities and other statistics related to the following branch branch because the effective number of genes impacting it is only 15:
	{Oxyrhabdium-cfmodestum_KU338101, Oxyrhabdium-modestum_KU310866}
You may want to ignore posterior probabilities and other statistics related to the following branch branch because the effective number of genes impacting it is only 18:
	{Prosymna-visseri_MCZR190223, Pseudaspis-cana_MCZA27068, Pseudoxyrhopus-tritaeniatus_KU340969, Rhamphiophis-oxyrhynchus_KU290451, Lamprophis-lineatus_EBG706, Buhoma-depressiceps_CFS1528, Micrelaps-sp_TauM16738, Chamaelycus-fasciatus_KU348632, Psammophis-sibilans_RAX2053, Aparallactus-capensis_MCZA28808}
You may want to ignore posterior probabilities and other statistics related to the following branch branch because the effective number of genes impacting it is only 17:
	{Prosymna-visseri_MCZR190223, Pseudaspis-cana_MCZA27068, Pseudoxyrhopus-tritaeniatus_KU340969, Rhamphiophis-oxyrhynchus_KU290451, Lamprophis-lineatus_EBG706, Buhoma-depressiceps_CFS1528, Chamaelycus-fasciatus_KU348632, Psammophis-sibilans_RAX2053, Aparallactus-capensis_MCZA28808}
You may want to ignore posterior probabilities and other statistics related to the following branch branch because the effective number of genes impacting it is only 17:
	{Rhamphiophis-oxyrhynchus_KU290451, Psammophis-sibilans_RAX2053, Aparallactus-capensis_MCZA28808}
You may want to ignore posterior probabilities and other statistics related to the following branch branch because the effective number of genes impacting it is only 17:
	{Oxyrhabdium-cfmodestum_KU338101, Oxyrhabdium-modestum_KU310866, Oxyrhabdium-leporinum_KU346583}
You may want to ignore posterior probabilities and other statistics related to the following branch branch because the effective number of genes impacting it is only 18:
	{Myersophis-alpestris_KU308684, Oxyrhabdium-cfmodestum_KU338101, Oxyrhabdium-modestum_KU310866, Oxyrhabdium-leporinum_KU346583, Levitonius-mirus_KU337269}
You may want to ignore posterior probabilities and other statistics related to the following branch branch because the effective number of genes impacting it is only 15:
	{Myersophis-alpestris_KU308684, Levitonius-mirus_KU337269}
You may want to ignore posterior probabilities and other statistics related to the following branch branch because the effective number of genes impacting it is only 16:
	{Cyclocorus-lineatus_KU335808, Hologerrhum-philippinum_KU330752}
You may want to ignore posterior probabilities and other statistics related to the following branch branch because the effective number of genes impacting it is only 16:
	{Crotalus-pyrrhus, Crotalus-viridis, Crotalus-tigris, Crotalus-adamanteus}
You may want to ignore posterior probabilities and other statistics related to the following branch branch because the effective number of genes impacting it is only 14:
	{Crotalus-viridis, Crotalus-adamanteus}
You may want to ignore posterior probabilities and other statistics related to the following branch branch because the effective number of genes impacting it is only 17:
	{Crotalus-viridis, Crotalus-tigris, Crotalus-adamanteus}
You may want to ignore posterior probabilities and other statistics related to the following branch branch because the effective number of genes impacting it is only 16:
	{Crotalus-pyrrhus, Crotalus-viridis, Crotalus-tigris, Crotalus-adamanteus, Crotalus-horridus}
You may want to ignore posterior probabilities and other statistics related to the following branch branch because the effective number of genes impacting it is only 17:
	{Bothrops-jararaca, Crotalus-pyrrhus, Crotalus-viridis, Crotalus-tigris, Crotalus-adamanteus, Crotalus-horridus, Protobothrops-mucrosquamatus, Protobothrops-flavoviridis}
You may want to ignore posterior probabilities and other statistics related to the following branch branch because the effective number of genes impacting it is only 12:
	{Python-molurus, Boa-constrictor}
You may want to ignore posterior probabilities and other statistics related to the following branch branch because the effective number of genes impacting it is only 12:
	{Python-molurus, Acrochordus-granulatus_KU302952, Boa-constrictor}
You may want to ignore posterior probabilities and other statistics related to the following branch branch because the effective number of genes impacting it is only 12:
	{Python-molurus, Acrochordus-granulatus_KU302952, Achalinus-spinalis_KU312258, Boa-constrictor}
You may want to ignore posterior probabilities and other statistics related to the following branch branch because the effective number of genes impacting it is only 15:
	{Python-molurus, Acrochordus-granulatus_KU302952, Aplopeltura-boa_KU315147, Achalinus-spinalis_KU312258, Boa-constrictor}
You may want to ignore posterior probabilities and other statistics related to the following branch branch because the effective number of genes impacting it is only 18:
	{Cerberus-schneiderii_KU324534, Myanophis-thanlyinensis}
You may want to ignore posterior probabilities and other statistics related to the following branch branch because the effective number of genes impacting it is only 19:
	{Python-molurus, Bothrops-jararaca, Acrochordus-granulatus_KU302952, Crotalus-pyrrhus, Crotalus-viridis, Crotalus-tigris, Crotalus-adamanteus, Crotalus-horridus, Protobothrops-mucrosquamatus, Protobothrops-flavoviridis, Vipera-berus, Aplopeltura-boa_KU315147, Achalinus-spinalis_KU312258, Boa-constrictor}
You may want to ignore posterior probabilities and other statistics related to the following branch branch because the effective number of genes impacting it is only 19:
	{Cerberus-schneiderii_KU324534, Myanophis-thanlyinensis, Python-molurus, Bothrops-jararaca, Acrochordus-granulatus_KU302952, Crotalus-pyrrhus, Crotalus-viridis, Crotalus-tigris, Crotalus-adamanteus, Crotalus-horridus, Protobothrops-mucrosquamatus, Protobothrops-flavoviridis, Vipera-berus, Aplopeltura-boa_KU315147, Achalinus-spinalis_KU312258, Boa-constrictor}
You may want to ignore posterior probabilities and other statistics related to the following branch branch because the effective number of genes impacting it is only 18:
	{Protobothrops-mucrosquamatus, Protobothrops-flavoviridis}
You may want to ignore posterior probabilities and other statistics related to the following branch branch because the effective number of genes impacting it is only 12:
	{Thamnophis-sirtalis, Thamnophis-elegans}
You may want to ignore posterior probabilities and other statistics related to the following branch branch because the effective number of genes impacting it is only 18:
	{Psammodynastes-pulverulentus_KU328547, Psammodynastes-pulverulentus_KU329686}
You may want to ignore posterior probabilities and other statistics related to the following branch branch because the effective number of genes impacting it is only 18:
	{Bothrops-jararaca, Crotalus-pyrrhus, Crotalus-viridis, Crotalus-tigris, Crotalus-adamanteus, Crotalus-horridus, Protobothrops-mucrosquamatus, Protobothrops-flavoviridis, Vipera-berus}
You may want to ignore posterior probabilities and other statistics related to the following branch branch because the effective number of genes impacting it is only 18:
	{Bothrops-jararaca, Crotalus-pyrrhus, Crotalus-viridis, Crotalus-tigris, Crotalus-adamanteus, Crotalus-horridus}
You may want to ignore posterior probabilities and other statistics related to the following branch branch because the effective number of genes impacting it is only 13:
	{Thermophis-baileyi, Dipsas-indica_KU215336}
You may want to ignore posterior probabilities and other statistics related to the following branch branch because the effective number of genes impacting it is only 19:
	{Myersophis-alpestris_KU308684, Oxyrhabdium-cfmodestum_KU338101, Oxyrhabdium-modestum_KU310866, Oxyrhabdium-leporinum_KU346583, Cyclocorus-lineatus_KU335808, Hologerrhum-philippinum_KU330752, Levitonius-mirus_KU337269}
You may want to ignore posterior probabilities and other statistics related to the following branch branch because the effective number of genes impacting it is only 16:
	{Sibynophis-bivittatus_KU309608, Prosymna-visseri_MCZR190223, Pseudaspis-cana_MCZA27068, Pseudoxyrhopus-tritaeniatus_KU340969, Rhamphiophis-oxyrhynchus_KU290451, Lamprophis-lineatus_EBG706, Buhoma-depressiceps_CFS1528, Micrelaps-sp_TauM16738, Myersophis-alpestris_KU308684, Oxyrhabdium-cfmodestum_KU338101, Oxyrhabdium-modestum_KU310866, Oxyrhabdium-leporinum_KU346583, Psammodynastes-pulverulentus_KU328547, Psammodynastes-pulverulentus_KU329686, Hydrophis-curtus, Hydrophis-hardwickii, Hydrophis-cyanocinctus, Emydocephalus-ijimae, Notechis-scutatus, Pseudonaja-textilis, Laticauda-colubrina, Laticauda-laticaudata, Naja-naja, Thamnophis-sirtalis, Thamnophis-elegans, Cerberus-schneiderii_KU324534, Myanophis-thanlyinensis, Python-molurus, Bothrops-jararaca, Thermophis-baileyi, Dipsas-indica_KU215336, Acrochordus-granulatus_KU302952, Pseudoxenodon-sp_KU312221, Chamaelycus-fasciatus_KU348632, Psammophis-sibilans_RAX2053, Aparallactus-capensis_MCZA28808, Cyclocorus-lineatus_KU335808, Hologerrhum-philippinum_KU330752, Hemibungarus-mcclungi_KU303027, Ophiophagus-hannah, Hydrophis-melanocephalus, Micrurus-corallinus_KU289205, Crotalus-pyrrhus, Crotalus-viridis, Crotalus-tigris, Crotalus-adamanteus, Crotalus-horridus, Protobothrops-mucrosquamatus, Protobothrops-flavoviridis, Vipera-berus, Aplopeltura-boa_KU315147, Achalinus-spinalis_KU312258, Boa-constrictor, Levitonius-mirus_KU337269, Elapsoidea-sundevallii_MCZR190390}
You may want to ignore posterior probabilities and other statistics related to the following branch branch because the effective number of genes impacting it is only 14:
	{Calamaria-gervaisii_KU327406, Grayia-smythii_KU341872}
You may want to ignore posterior probabilities and other statistics related to the following branch branch because the effective number of genes impacting it is only 15:
	{Prosymna-visseri_MCZR190223, Pseudaspis-cana_MCZA27068, Pseudoxyrhopus-tritaeniatus_KU340969, Rhamphiophis-oxyrhynchus_KU290451, Lamprophis-lineatus_EBG706, Buhoma-depressiceps_CFS1528, Micrelaps-sp_TauM16738, Myersophis-alpestris_KU308684, Oxyrhabdium-cfmodestum_KU338101, Oxyrhabdium-modestum_KU310866, Oxyrhabdium-leporinum_KU346583, Psammodynastes-pulverulentus_KU328547, Psammodynastes-pulverulentus_KU329686, Hydrophis-curtus, Hydrophis-hardwickii, Hydrophis-cyanocinctus, Emydocephalus-ijimae, Notechis-scutatus, Pseudonaja-textilis, Laticauda-colubrina, Laticauda-laticaudata, Naja-naja, Thamnophis-sirtalis, Thamnophis-elegans, Cerberus-schneiderii_KU324534, Myanophis-thanlyinensis, Python-molurus, Bothrops-jararaca, Thermophis-baileyi, Dipsas-indica_KU215336, Acrochordus-granulatus_KU302952, Pseudoxenodon-sp_KU312221, Chamaelycus-fasciatus_KU348632, Psammophis-sibilans_RAX2053, Aparallactus-capensis_MCZA28808, Cyclocorus-lineatus_KU335808, Hologerrhum-philippinum_KU330752, Hemibungarus-mcclungi_KU303027, Ophiophagus-hannah, Hydrophis-melanocephalus, Micrurus-corallinus_KU289205, Crotalus-pyrrhus, Crotalus-viridis, Crotalus-tigris, Crotalus-adamanteus, Crotalus-horridus, Protobothrops-mucrosquamatus, Protobothrops-flavoviridis, Vipera-berus, Aplopeltura-boa_KU315147, Achalinus-spinalis_KU312258, Boa-constrictor, Levitonius-mirus_KU337269, Elapsoidea-sundevallii_MCZR190390}
You may want to ignore posterior probabilities and other statistics related to the following branch branch because the effective number of genes impacting it is only 16:
	{Thamnophis-sirtalis, Thamnophis-elegans, Thermophis-baileyi, Dipsas-indica_KU215336, Pseudoxenodon-sp_KU312221}
You may want to ignore posterior probabilities and other statistics related to the following branch branch because the effective number of genes impacting it is only 15:
	{Thamnophis-sirtalis, Thamnophis-elegans, Thermophis-baileyi, Dipsas-indica_KU215336}
You may want to ignore posterior probabilities and other statistics related to the following branch branch because the effective number of genes impacting it is only 13:
	{Chrysopelea-ornata, Ahaetulla-prasina_KU323364}
You may want to ignore posterior probabilities and other statistics related to the following branch branch because the effective number of genes impacting it is only 19:
	{Sibynophis-bivittatus_KU309608, Prosymna-visseri_MCZR190223, Pseudaspis-cana_MCZA27068, Pseudoxyrhopus-tritaeniatus_KU340969, Rhamphiophis-oxyrhynchus_KU290451, Lamprophis-lineatus_EBG706, Buhoma-depressiceps_CFS1528, Micrelaps-sp_TauM16738, Myersophis-alpestris_KU308684, Oxyrhabdium-cfmodestum_KU338101, Oxyrhabdium-modestum_KU310866, Oxyrhabdium-leporinum_KU346583, Psammodynastes-pulverulentus_KU328547, Psammodynastes-pulverulentus_KU329686, Hydrophis-curtus, Hydrophis-hardwickii, Hydrophis-cyanocinctus, Emydocephalus-ijimae, Notechis-scutatus, Pseudonaja-textilis, Laticauda-colubrina, Laticauda-laticaudata, Naja-naja, Thamnophis-sirtalis, Thamnophis-elegans, Cerberus-schneiderii_KU324534, Myanophis-thanlyinensis, Python-molurus, Bothrops-jararaca, Thermophis-baileyi, Dipsas-indica_KU215336, Chrysopelea-ornata, Ahaetulla-prasina_KU323364, Calamaria-gervaisii_KU327406, Acrochordus-granulatus_KU302952, Pseudoxenodon-sp_KU312221, Grayia-smythii_KU341872, Chamaelycus-fasciatus_KU348632, Psammophis-sibilans_RAX2053, Aparallactus-capensis_MCZA28808, Cyclocorus-lineatus_KU335808, Hologerrhum-philippinum_KU330752, Hemibungarus-mcclungi_KU303027, Ophiophagus-hannah, Hydrophis-melanocephalus, Micrurus-corallinus_KU289205, Crotalus-pyrrhus, Crotalus-viridis, Crotalus-tigris, Crotalus-adamanteus, Crotalus-horridus, Protobothrops-mucrosquamatus, Protobothrops-flavoviridis, Vipera-berus, Aplopeltura-boa_KU315147, Achalinus-spinalis_KU312258, Boa-constrictor, Levitonius-mirus_KU337269, Elapsoidea-sundevallii_MCZR190390}
You may want to ignore posterior probabilities and other statistics related to the following branch branch because the effective number of genes impacting it is only 15:
	{Sibynophis-bivittatus_KU309608, Prosymna-visseri_MCZR190223, Pseudaspis-cana_MCZA27068, Pseudoxyrhopus-tritaeniatus_KU340969, Rhamphiophis-oxyrhynchus_KU290451, Lamprophis-lineatus_EBG706, Buhoma-depressiceps_CFS1528, Micrelaps-sp_TauM16738, Myersophis-alpestris_KU308684, Oxyrhabdium-cfmodestum_KU338101, Oxyrhabdium-modestum_KU310866, Oxyrhabdium-leporinum_KU346583, Psammodynastes-pulverulentus_KU328547, Psammodynastes-pulverulentus_KU329686, Hydrophis-curtus, Hydrophis-hardwickii, Hydrophis-cyanocinctus, Emydocephalus-ijimae, Notechis-scutatus, Pseudonaja-textilis, Laticauda-colubrina, Laticauda-laticaudata, Naja-naja, Thamnophis-sirtalis, Thamnophis-elegans, Cerberus-schneiderii_KU324534, Myanophis-thanlyinensis, Python-molurus, Bothrops-jararaca, Thermophis-baileyi, Dipsas-indica_KU215336, Chrysopelea-ornata, Ahaetulla-prasina_KU323364, Calamaria-gervaisii_KU327406, Boiga-irregularis_KU345021, Acrochordus-granulatus_KU302952, Pseudoxenodon-sp_KU312221, Grayia-smythii_KU341872, Chamaelycus-fasciatus_KU348632, Psammophis-sibilans_RAX2053, Aparallactus-capensis_MCZA28808, Cyclocorus-lineatus_KU335808, Hologerrhum-philippinum_KU330752, Hemibungarus-mcclungi_KU303027, Ophiophagus-hannah, Hydrophis-melanocephalus, Micrurus-corallinus_KU289205, Crotalus-pyrrhus, Crotalus-viridis, Crotalus-tigris, Crotalus-adamanteus, Crotalus-horridus, Protobothrops-mucrosquamatus, Protobothrops-flavoviridis, Vipera-berus, Aplopeltura-boa_KU315147, Achalinus-spinalis_KU312258, Boa-constrictor, Levitonius-mirus_KU337269, Elapsoidea-sundevallii_MCZR190390}
You may want to ignore posterior probabilities and other statistics related to the following branch branch because the effective number of genes impacting it is only 14:
	{Pantherophis-guttatus, Pantherophis-obsoletus}
You may want to ignore posterior probabilities and other statistics related to the following branch branch because the effective number of genes impacting it is only 16:
	{Sibynophis-bivittatus_KU309608, Prosymna-visseri_MCZR190223, Pseudaspis-cana_MCZA27068, Pseudoxyrhopus-tritaeniatus_KU340969, Rhamphiophis-oxyrhynchus_KU290451, Lamprophis-lineatus_EBG706, Buhoma-depressiceps_CFS1528, Micrelaps-sp_TauM16738, Myersophis-alpestris_KU308684, Oxyrhabdium-cfmodestum_KU338101, Oxyrhabdium-modestum_KU310866, Oxyrhabdium-leporinum_KU346583, Psammodynastes-pulverulentus_KU328547, Psammodynastes-pulverulentus_KU329686, Hydrophis-curtus, Hydrophis-hardwickii, Hydrophis-cyanocinctus, Emydocephalus-ijimae, Notechis-scutatus, Pseudonaja-textilis, Laticauda-colubrina, Laticauda-laticaudata, Naja-naja, Thamnophis-sirtalis, Thamnophis-elegans, Cerberus-schneiderii_KU324534, Myanophis-thanlyinensis, Python-molurus, Bothrops-jararaca, Thermophis-baileyi, Dipsas-indica_KU215336, Chrysopelea-ornata, Ahaetulla-prasina_KU323364, Calamaria-gervaisii_KU327406, Boiga-irregularis_KU345021, Ptyas-mucosa, Acrochordus-granulatus_KU302952, Pseudoxenodon-sp_KU312221, Grayia-smythii_KU341872, Chamaelycus-fasciatus_KU348632, Psammophis-sibilans_RAX2053, Aparallactus-capensis_MCZA28808, Cyclocorus-lineatus_KU335808, Hologerrhum-philippinum_KU330752, Hemibungarus-mcclungi_KU303027, Ophiophagus-hannah, Hydrophis-melanocephalus, Micrurus-corallinus_KU289205, Crotalus-pyrrhus, Crotalus-viridis, Crotalus-tigris, Crotalus-adamanteus, Crotalus-horridus, Protobothrops-mucrosquamatus, Protobothrops-flavoviridis, Vipera-berus, Aplopeltura-boa_KU315147, Achalinus-spinalis_KU312258, Boa-constrictor, Levitonius-mirus_KU337269, Elapsoidea-sundevallii_MCZR190390}
You may want to ignore posterior probabilities and other statistics related to the following branch branch because the effective number of genes impacting it is only 16:
	{Sibynophis-bivittatus_KU309608, Prosymna-visseri_MCZR190223, Pseudaspis-cana_MCZA27068, Pseudoxyrhopus-tritaeniatus_KU340969, Rhamphiophis-oxyrhynchus_KU290451, Lamprophis-lineatus_EBG706, Buhoma-depressiceps_CFS1528, Micrelaps-sp_TauM16738, Myersophis-alpestris_KU308684, Oxyrhabdium-cfmodestum_KU338101, Oxyrhabdium-modestum_KU310866, Oxyrhabdium-leporinum_KU346583, Psammodynastes-pulverulentus_KU328547, Psammodynastes-pulverulentus_KU329686, Hydrophis-curtus, Hydrophis-hardwickii, Hydrophis-cyanocinctus, Emydocephalus-ijimae, Notechis-scutatus, Pseudonaja-textilis, Laticauda-colubrina, Laticauda-laticaudata, Naja-naja, Thamnophis-sirtalis, Thamnophis-elegans, Cerberus-schneiderii_KU324534, Myanophis-thanlyinensis, Python-molurus, Bothrops-jararaca, Thermophis-baileyi, Dipsas-indica_KU215336, Chrysopelea-ornata, Ahaetulla-prasina_KU323364, Calamaria-gervaisii_KU327406, Boiga-irregularis_KU345021, Pantherophis-guttatus, Pantherophis-obsoletus, Pituophis-catenifer, Ptyas-mucosa, Acrochordus-granulatus_KU302952, Pseudoxenodon-sp_KU312221, Grayia-smythii_KU341872, Chamaelycus-fasciatus_KU348632, Psammophis-sibilans_RAX2053, Aparallactus-capensis_MCZA28808, Cyclocorus-lineatus_KU335808, Hologerrhum-philippinum_KU330752, Hemibungarus-mcclungi_KU303027, Ophiophagus-hannah, Hydrophis-melanocephalus, Micrurus-corallinus_KU289205, Crotalus-pyrrhus, Crotalus-viridis, Crotalus-tigris, Crotalus-adamanteus, Crotalus-horridus, Protobothrops-mucrosquamatus, Protobothrops-flavoviridis, Vipera-berus, Aplopeltura-boa_KU315147, Achalinus-spinalis_KU312258, Boa-constrictor, Levitonius-mirus_KU337269, Elapsoidea-sundevallii_MCZR190390}
You may want to ignore posterior probabilities and other statistics related to the following branch branch because the effective number of genes impacting it is only 14:
	{Pantherophis-guttatus, Pantherophis-obsoletus, Pituophis-catenifer}
(Scolecophis-atrocinctus_KU289804,(Tantilla-taeniata_KU289863,((Ptyas-mucosa,(Boiga-irregularis_KU345021,(((Sibynophis-bivittatus_KU309608,((((((Micrurus-corallinus_KU289205,((Elapsoidea-sundevallii_MCZR190390,((Pseudonaja-textilis,(Notechis-scutatus,(Emydocephalus-ijimae,((Hydrophis-curtus,Hydrophis-hardwickii)1:1.3291359472799418,(Hydrophis-cyanocinctus,Hydrophis-melanocephalus)1:0.9295359586241756)1:2.590267165445826)1:2.6390573296152575)0.48:0.15415067982725836)1:2.6390573296152575,(Laticauda-colubrina,Laticauda-laticaudata)1:2.6855773452501523)1:2.484906649788)0.43:0.027905746456876965,(Ophiophagus-hannah,(Naja-naja,Hemibungarus-mcclungi_KU303027)0.44:0.0415815540122887)1:0.7244141018991794)0.43:0.07217551756047952)1:2.538973871058275,(Micrelaps-sp_TauM16738,(((Pseudaspis-cana_MCZA27068,(Prosymna-visseri_MCZR190223,(Lamprophis-lineatus_EBG706,Chamaelycus-fasciatus_KU348632)1:1.1896495634020472)0.33:0.0033335869550508304)0.44:0.042739131328315284,(Pseudoxyrhopus-tritaeniatus_KU340969,Buhoma-depressiceps_CFS1528)0.43:0.03263511709113441)0.57:0.09777284563284137,(Aparallactus-capensis_MCZA28808,(Rhamphiophis-oxyrhynchus_KU290451,Psammophis-sibilans_RAX2053)1:2.2335922215070947)0.44:0.034008612221004805)0.85:0.27900475694083593)1:0.7838853808378138)0.8:0.2162350893953046,(((Oxyrhabdium-leporinum_KU346583,(Oxyrhabdium-cfmodestum_KU338101,Oxyrhabdium-modestum_KU310866)1:1.2685113254635072)1:2.484906649788,(Myersophis-alpestris_KU308684,Levitonius-mirus_KU337269)0.94:0.42121346507630353)1:1.0348964742820022,(Cyclocorus-lineatus_KU335808,Hologerrhum-philippinum_KU330752)1:2.4277482359480516)1:1.7675626101278954)0.32:0.05473598789997569,(Psammodynastes-pulverulentus_KU328547,Psammodynastes-pulverulentus_KU329686)1:2.538973871058275)1:1.5315563537871195,(((Vipera-berus,((Bothrops-jararaca,(Crotalus-horridus,(Crotalus-pyrrhus,(Crotalus-tigris,(Crotalus-viridis,Crotalus-adamanteus)0.87:0.3612510708772832)0.86:0.28774381990471815)0.98:0.5059356384717991)1:2.4277482359480516)1:1.845826690498331,(Protobothrops-mucrosquamatus,Protobothrops-flavoviridis)1:1.845826690498331)1:2.484906649788)1:2.538973871058275,(Aplopeltura-boa_KU315147,(Achalinus-spinalis_KU312258,(Acrochordus-granulatus_KU302952,(Python-molurus,Boa-constrictor)1:1.466337068793427)1:2.159484249353373)1:2.159484249353373)0.95:0.42121346507630353)1:2.590267165445826,(Cerberus-schneiderii_KU324534,Myanophis-thanlyinensis)1:2.538973871058275)0.69:0.16270276992480234)1:1.255984091707106,(Pseudoxenodon-sp_KU312221,((Thamnophis-sirtalis,Thamnophis-elegans)1:2.159484249353373,(Thermophis-baileyi,Dipsas-indica_KU215336)0.66:0.22530484306894494)0.33:0.01606968132652235)0.95:0.4181908528746341)1:0.9919389005653168)0.7:0.18107798645676676,(Calamaria-gervaisii_KU327406,Grayia-smythii_KU341872)0.84:0.3010734301014731)0.99:0.5480139676362573,(Chrysopelea-ornata,Ahaetulla-prasina_KU323364)1:2.2335922215070947)1:1.8971199848858815)1:0.9808292530117262)0.43:0.028937212169934626,(Pituophis-catenifer,(Pantherophis-guttatus,Pantherophis-obsoletus)0.99:0.6931471805599453)1:2.302585092994046)1:1.3291359472799418));
ASTRAL finished in 2.303 secs
Shutting down threading
