

================== ASTRAL ===================== 

This is ASTRAL version 5.15.5
Warning: 
 Fail to load native library libAstral.dylib; use Java default computing method without AVX2, which is 4X slower. 
 Make sure you are using the correct Djava.library.path (to the `lib` directory under ASTRAL where libAstral.dylib can be found). 
 Trying running make.sh. For mode debugging, run: java -Djava.library.path=lib/ -jar native_library_tester.jar
Gene trees are treated as unrooted
Detected GPU devices: 
Device 1 of 2: Apple M1 cl_device_id[0xffffffff] Vendor: Intel
Device 2 of 2: Apple M1 cl_device_id[0x1027f00] Vendor: Apple
Will use Device : Apple M1
Will use Device : Apple M1
Starting 8 threads ...
There are 8 threads used to run.
3 trees read from /dev/fd/11
All output trees will be *arbitrarily* rooted at Pseudoxyrhopus-tritaeniatus_KU340969

======== Running the main analysis
Number of taxa: 66 (66 species)
Taxa: [Pseudoxyrhopus-tritaeniatus_KU340969, Pseudaspis-cana_MCZA27068, Psammophis-sibilans_RAX2053, Rhamphiophis-oxyrhynchus_KU290451, Aparallactus-capensis_MCZA28808, Chamaelycus-fasciatus_KU348632, Lamprophis-lineatus_EBG706, Prosymna-visseri_MCZR190223, Oxyrhabdium-modestum_KU310866, Oxyrhabdium-cfmodestum_KU338101, Oxyrhabdium-leporinum_KU346583, Myersophis-alpestris_KU308684, Levitonius-mirus_KU337269, Hologerrhum-philippinum_KU330752, Cyclocorus-lineatus_KU335808, Sibynophis-bivittatus_KU309608, Ahaetulla-prasina_KU323364, Scolecophis-atrocinctus_KU289804, Tantilla-taeniata_KU289863, Ptyas-mucosa, Pantherophis-guttatus, Pantherophis-obsoletus, Pituophis-catenifer, Boiga-irregularis_KU345021, Grayia-smythii_KU341872, Calamaria-gervaisii_KU327406, Pseudoxenodon-sp_KU312221, Thermophis-baileyi, Dipsas-indica_KU215336, Thamnophis-sirtalis, Thamnophis-elegans, Cerberus-schneiderii_KU324534, Myanophis-thanlyinensis, Achalinus-spinalis_KU312258, Acrochordus-granulatus_KU302952, Python-molurus, Boa-constrictor, Aplopeltura-boa_KU315147, Crotalus-pyrrhus, Crotalus-viridis, Crotalus-tigris, Crotalus-adamanteus, Crotalus-horridus, Vipera-berus, Protobothrops-mucrosquamatus, Protobothrops-flavoviridis, Psammodynastes-pulverulentus_KU328547, Psammodynastes-pulverulentus_KU329686, Hemibungarus-mcclungi_KU303027, Ophiophagus-hannah, Naja-naja, Elapsoidea-sundevallii_MCZR190390, Hydrophis-curtus, Hydrophis-hardwickii, Hydrophis-cyanocinctus, Hydrophis-melanocephalus, Emydocephalus-ijimae, Notechis-scutatus, Pseudonaja-textilis, Laticauda-colubrina, Laticauda-laticaudata, Micrurus-corallinus_KU289205, Micrelaps-sp_TauM16738, Buhoma-depressiceps_CFS1528, Chrysopelea-ornata, Bothrops-jararaca]
Taxon occupancy: {Protobothrops-flavoviridis=3, Hologerrhum-philippinum_KU330752=2, Thamnophis-sirtalis=2, Hydrophis-hardwickii=3, Psammophis-sibilans_RAX2053=3, Crotalus-pyrrhus=3, Elapsoidea-sundevallii_MCZR190390=2, Bothrops-jararaca=2, Notechis-scutatus=3, Levitonius-mirus_KU337269=3, Buhoma-depressiceps_CFS1528=2, Ophiophagus-hannah=2, Scolecophis-atrocinctus_KU289804=3, Ptyas-mucosa=3, Calamaria-gervaisii_KU327406=3, Boiga-irregularis_KU345021=3, Aparallactus-capensis_MCZA28808=2, Myanophis-thanlyinensis=3, Ahaetulla-prasina_KU323364=3, Python-molurus=3, Pseudaspis-cana_MCZA27068=3, Psammodynastes-pulverulentus_KU328547=2, Rhamphiophis-oxyrhynchus_KU290451=3, Crotalus-tigris=3, Pantherophis-obsoletus=3, Vipera-berus=3, Protobothrops-mucrosquamatus=3, Chrysopelea-ornata=1, Thamnophis-elegans=3, Laticauda-laticaudata=3, Myersophis-alpestris_KU308684=2, Oxyrhabdium-leporinum_KU346583=3, Acrochordus-granulatus_KU302952=3, Cyclocorus-lineatus_KU335808=3, Oxyrhabdium-cfmodestum_KU338101=3, Tantilla-taeniata_KU289863=3, Grayia-smythii_KU341872=3, Crotalus-viridis=3, Crotalus-adamanteus=3, Pseudoxyrhopus-tritaeniatus_KU340969=3, Dipsas-indica_KU215336=3, Oxyrhabdium-modestum_KU310866=3, Emydocephalus-ijimae=3, Pantherophis-guttatus=3, Sibynophis-bivittatus_KU309608=2, Aplopeltura-boa_KU315147=2, Thermophis-baileyi=3, Pituophis-catenifer=2, Lamprophis-lineatus_EBG706=2, Hydrophis-curtus=3, Pseudoxenodon-sp_KU312221=3, Chamaelycus-fasciatus_KU348632=2, Hemibungarus-mcclungi_KU303027=3, Pseudonaja-textilis=3, Laticauda-colubrina=3, Crotalus-horridus=3, Boa-constrictor=2, Micrurus-corallinus_KU289205=3, Psammodynastes-pulverulentus_KU329686=3, Achalinus-spinalis_KU312258=2, Hydrophis-melanocephalus=3, Micrelaps-sp_TauM16738=3, Prosymna-visseri_MCZR190223=2, Naja-naja=3, Hydrophis-cyanocinctus=3, Cerberus-schneiderii_KU324534=3}
Using polytree-based weight calculation.
Number of gene trees: 3
3 trees have missing taxa
Calculating distance matrix (for completion of X) ....with 4 distance matrices for parallellism
Species tree distances calculated ...

Will attempt to complete bipartitions from X before adding using a distance matrix.
Building set of clusters (X) from gene trees 
------------------------------
Number of Clusters after addition from gene trees: 363
Number of Clusters after addition by distance: 363
Adding to X using resolutions of greedy consensus ...

Computing greedy consensus  
took 0 seconds
Limit for sigma of degrees:1700

polytomy size limit : > 3
 [3, 3, 3, 3, 3, 3, 3]
discarded polytomies: 
Threshold 0.0:
polytomy of size 3; rounds with additions with at least 5 support: 0; clusters: 367
Threshold 0.01:
polytomy of size 3; rounds with additions with at least 5 support: 0; clusters: 367
Threshold 0.02:
polytomy of size 3; rounds with additions with at least 5 support: 0; clusters: 367
Threshold 0.05:
polytomy of size 3; rounds with additions with at least 5 support: 0; clusters: 367
Threshold 0.1:
polytomy of size 3; rounds with additions with at least 5 support: 0; clusters: 367
Threshold 0.2:
polytomy of size 3; rounds with additions with at least 5 support: 0; clusters: 367
Threshold 0.3333333333333333:
polytomy of size 3; rounds with additions with at least 5 support: 0; clusters: 367
Number of Clusters after addition by greedy: 367
partitions formed in 0.499 secs
Dynamic Programming starting after 0.499 secs
Polytree max score: 1542716
Polytree building time: 0.007 seconds.
Fail to load native library libAstral.dylib; use Java default computing method.
Number of quartet trees in the gene trees: 1542716
Computing hash values took 0 seconds
device length is: 2
TREE HEIGHT IS: 9
Size of largest cluster: 66
Size of largest cluster: 66
Finishing up:175 0 174
Total Number of elements: 174
Normalized score (portion of input quartet trees satisfied before correcting for multiple individuals): 0.9643583135197924
Final optimization score: 1487731
Optimal tree inferred in 1.618 secs.
Weight calculation using polytrees cumulatively took 0.0 secs
(Pseudoxyrhopus-tritaeniatus_KU340969,(Pseudaspis-cana_MCZA27068,((((((((Sibynophis-bivittatus_KU309608,(Grayia-smythii_KU341872,(Calamaria-gervaisii_KU327406,((Boiga-irregularis_KU345021,(Ptyas-mucosa,((Pituophis-catenifer,(Pantherophis-guttatus,Pantherophis-obsoletus)),(Scolecophis-atrocinctus_KU289804,Tantilla-taeniata_KU289863)))),(Ahaetulla-prasina_KU323364,Chrysopelea-ornata))))),((Dipsas-indica_KU215336,(Thamnophis-sirtalis,Thamnophis-elegans)),(Pseudoxenodon-sp_KU312221,Thermophis-baileyi))),((Aplopeltura-boa_KU315147,((Vipera-berus,((Bothrops-jararaca,(Crotalus-horridus,((Crotalus-viridis,Crotalus-adamanteus),(Crotalus-pyrrhus,Crotalus-tigris)))),(Protobothrops-mucrosquamatus,Protobothrops-flavoviridis))),(Achalinus-spinalis_KU312258,(Acrochordus-granulatus_KU302952,(Python-molurus,Boa-constrictor))))),(Cerberus-schneiderii_KU324534,Myanophis-thanlyinensis))),((Levitonius-mirus_KU337269,(Myersophis-alpestris_KU308684,(Oxyrhabdium-leporinum_KU346583,(Oxyrhabdium-modestum_KU310866,Oxyrhabdium-cfmodestum_KU338101)))),(Hologerrhum-philippinum_KU330752,Cyclocorus-lineatus_KU335808))),(Micrelaps-sp_TauM16738,(Psammodynastes-pulverulentus_KU328547,Psammodynastes-pulverulentus_KU329686))),(Micrurus-corallinus_KU289205,((Elapsoidea-sundevallii_MCZR190390,((Pseudonaja-textilis,(Notechis-scutatus,(Emydocephalus-ijimae,((Hydrophis-curtus,Hydrophis-hardwickii),(Hydrophis-cyanocinctus,Hydrophis-melanocephalus))))),(Laticauda-colubrina,Laticauda-laticaudata))),(Hemibungarus-mcclungi_KU303027,(Ophiophagus-hannah,Naja-naja))))),(Buhoma-depressiceps_CFS1528,(Chamaelycus-fasciatus_KU348632,Lamprophis-lineatus_EBG706))),(Prosymna-visseri_MCZR190223,(Aparallactus-capensis_MCZA28808,(Psammophis-sibilans_RAX2053,Rhamphiophis-oxyrhynchus_KU290451))))));
Final quartet score is: 1500673
Final normalized quartet score is: 0.9727474143004934
You may want to ignore posterior probabilities and other statistics related to the following branch branch because the effective number of genes impacting it is only 1:
	{Ahaetulla-prasina_KU323364, Chrysopelea-ornata}
You may want to ignore posterior probabilities and other statistics related to the following branch branch because the effective number of genes impacting it is only 3:
	{Scolecophis-atrocinctus_KU289804, Tantilla-taeniata_KU289863, Ptyas-mucosa, Pantherophis-guttatus, Pantherophis-obsoletus, Pituophis-catenifer}
You may want to ignore posterior probabilities and other statistics related to the following branch branch because the effective number of genes impacting it is only 2:
	{Pantherophis-guttatus, Pantherophis-obsoletus}
You may want to ignore posterior probabilities and other statistics related to the following branch branch because the effective number of genes impacting it is only 3:
	{Scolecophis-atrocinctus_KU289804, Tantilla-taeniata_KU289863, Ptyas-mucosa, Pantherophis-guttatus, Pantherophis-obsoletus, Pituophis-catenifer, Boiga-irregularis_KU345021}
You may want to ignore posterior probabilities and other statistics related to the following branch branch because the effective number of genes impacting it is only 2:
	{Pantherophis-guttatus, Pantherophis-obsoletus, Pituophis-catenifer}
You may want to ignore posterior probabilities and other statistics related to the following branch branch because the effective number of genes impacting it is only 2:
	{Ahaetulla-prasina_KU323364, Scolecophis-atrocinctus_KU289804, Tantilla-taeniata_KU289863, Ptyas-mucosa, Pantherophis-guttatus, Pantherophis-obsoletus, Pituophis-catenifer, Boiga-irregularis_KU345021, Grayia-smythii_KU341872, Calamaria-gervaisii_KU327406, Chrysopelea-ornata}
You may want to ignore posterior probabilities and other statistics related to the following branch branch because the effective number of genes impacting it is only 3:
	{Scolecophis-atrocinctus_KU289804, Tantilla-taeniata_KU289863}
You may want to ignore posterior probabilities and other statistics related to the following branch branch because the effective number of genes impacting it is only 3:
	{Ahaetulla-prasina_KU323364, Scolecophis-atrocinctus_KU289804, Tantilla-taeniata_KU289863, Ptyas-mucosa, Pantherophis-guttatus, Pantherophis-obsoletus, Pituophis-catenifer, Boiga-irregularis_KU345021, Calamaria-gervaisii_KU327406, Chrysopelea-ornata}
You may want to ignore posterior probabilities and other statistics related to the following branch branch because the effective number of genes impacting it is only 3:
	{Dipsas-indica_KU215336, Thamnophis-sirtalis, Thamnophis-elegans}
You may want to ignore posterior probabilities and other statistics related to the following branch branch because the effective number of genes impacting it is only 3:
	{Pseudoxenodon-sp_KU312221, Thermophis-baileyi}
You may want to ignore posterior probabilities and other statistics related to the following branch branch because the effective number of genes impacting it is only 3:
	{Sibynophis-bivittatus_KU309608, Ahaetulla-prasina_KU323364, Scolecophis-atrocinctus_KU289804, Tantilla-taeniata_KU289863, Ptyas-mucosa, Pantherophis-guttatus, Pantherophis-obsoletus, Pituophis-catenifer, Boiga-irregularis_KU345021, Grayia-smythii_KU341872, Calamaria-gervaisii_KU327406, Pseudoxenodon-sp_KU312221, Thermophis-baileyi, Dipsas-indica_KU215336, Thamnophis-sirtalis, Thamnophis-elegans, Chrysopelea-ornata}
You may want to ignore posterior probabilities and other statistics related to the following branch branch because the effective number of genes impacting it is only 3:
	{Pseudoxenodon-sp_KU312221, Thermophis-baileyi, Dipsas-indica_KU215336, Thamnophis-sirtalis, Thamnophis-elegans}
You may want to ignore posterior probabilities and other statistics related to the following branch branch because the effective number of genes impacting it is only 3:
	{Crotalus-pyrrhus, Crotalus-viridis, Crotalus-tigris, Crotalus-adamanteus}
You may want to ignore posterior probabilities and other statistics related to the following branch branch because the effective number of genes impacting it is only 2:
	{Thamnophis-sirtalis, Thamnophis-elegans}
You may want to ignore posterior probabilities and other statistics related to the following branch branch because the effective number of genes impacting it is only 2:
	{Crotalus-pyrrhus, Crotalus-viridis, Crotalus-tigris, Crotalus-adamanteus, Crotalus-horridus}
You may want to ignore posterior probabilities and other statistics related to the following branch branch because the effective number of genes impacting it is only 2:
	{Sibynophis-bivittatus_KU309608, Ahaetulla-prasina_KU323364, Scolecophis-atrocinctus_KU289804, Tantilla-taeniata_KU289863, Ptyas-mucosa, Pantherophis-guttatus, Pantherophis-obsoletus, Pituophis-catenifer, Boiga-irregularis_KU345021, Grayia-smythii_KU341872, Calamaria-gervaisii_KU327406, Chrysopelea-ornata}
You may want to ignore posterior probabilities and other statistics related to the following branch branch because the effective number of genes impacting it is only 3:
	{Scolecophis-atrocinctus_KU289804, Tantilla-taeniata_KU289863, Pantherophis-guttatus, Pantherophis-obsoletus, Pituophis-catenifer}
You may want to ignore posterior probabilities and other statistics related to the following branch branch because the effective number of genes impacting it is only 3:
	{Crotalus-pyrrhus, Crotalus-tigris}
You may want to ignore posterior probabilities and other statistics related to the following branch branch because the effective number of genes impacting it is only 2:
	{Crotalus-pyrrhus, Crotalus-viridis, Crotalus-tigris, Crotalus-adamanteus, Crotalus-horridus, Bothrops-jararaca}
You may want to ignore posterior probabilities and other statistics related to the following branch branch because the effective number of genes impacting it is only 3:
	{Crotalus-viridis, Crotalus-adamanteus}
You may want to ignore posterior probabilities and other statistics related to the following branch branch because the effective number of genes impacting it is only 3:
	{Crotalus-pyrrhus, Crotalus-viridis, Crotalus-tigris, Crotalus-adamanteus, Crotalus-horridus, Vipera-berus, Protobothrops-mucrosquamatus, Protobothrops-flavoviridis, Bothrops-jararaca}
You may want to ignore posterior probabilities and other statistics related to the following branch branch because the effective number of genes impacting it is only 3:
	{Crotalus-pyrrhus, Crotalus-viridis, Crotalus-tigris, Crotalus-adamanteus, Crotalus-horridus, Protobothrops-mucrosquamatus, Protobothrops-flavoviridis, Bothrops-jararaca}
You may want to ignore posterior probabilities and other statistics related to the following branch branch because the effective number of genes impacting it is only 3:
	{Protobothrops-mucrosquamatus, Protobothrops-flavoviridis}
You may want to ignore posterior probabilities and other statistics related to the following branch branch because the effective number of genes impacting it is only 2:
	{Achalinus-spinalis_KU312258, Acrochordus-granulatus_KU302952, Python-molurus, Boa-constrictor, Aplopeltura-boa_KU315147, Crotalus-pyrrhus, Crotalus-viridis, Crotalus-tigris, Crotalus-adamanteus, Crotalus-horridus, Vipera-berus, Protobothrops-mucrosquamatus, Protobothrops-flavoviridis, Bothrops-jararaca}
You may want to ignore posterior probabilities and other statistics related to the following branch branch because the effective number of genes impacting it is only 2:
	{Achalinus-spinalis_KU312258, Acrochordus-granulatus_KU302952, Python-molurus, Boa-constrictor, Crotalus-pyrrhus, Crotalus-viridis, Crotalus-tigris, Crotalus-adamanteus, Crotalus-horridus, Vipera-berus, Protobothrops-mucrosquamatus, Protobothrops-flavoviridis, Bothrops-jararaca}
You may want to ignore posterior probabilities and other statistics related to the following branch branch because the effective number of genes impacting it is only 3:
	{Cerberus-schneiderii_KU324534, Myanophis-thanlyinensis}
You may want to ignore posterior probabilities and other statistics related to the following branch branch because the effective number of genes impacting it is only 2:
	{Achalinus-spinalis_KU312258, Acrochordus-granulatus_KU302952, Python-molurus, Boa-constrictor}
You may want to ignore posterior probabilities and other statistics related to the following branch branch because the effective number of genes impacting it is only 3:
	{Sibynophis-bivittatus_KU309608, Ahaetulla-prasina_KU323364, Scolecophis-atrocinctus_KU289804, Tantilla-taeniata_KU289863, Ptyas-mucosa, Pantherophis-guttatus, Pantherophis-obsoletus, Pituophis-catenifer, Boiga-irregularis_KU345021, Grayia-smythii_KU341872, Calamaria-gervaisii_KU327406, Pseudoxenodon-sp_KU312221, Thermophis-baileyi, Dipsas-indica_KU215336, Thamnophis-sirtalis, Thamnophis-elegans, Cerberus-schneiderii_KU324534, Myanophis-thanlyinensis, Achalinus-spinalis_KU312258, Acrochordus-granulatus_KU302952, Python-molurus, Boa-constrictor, Aplopeltura-boa_KU315147, Crotalus-pyrrhus, Crotalus-viridis, Crotalus-tigris, Crotalus-adamanteus, Crotalus-horridus, Vipera-berus, Protobothrops-mucrosquamatus, Protobothrops-flavoviridis, Chrysopelea-ornata, Bothrops-jararaca}
You may want to ignore posterior probabilities and other statistics related to the following branch branch because the effective number of genes impacting it is only 3:
	{Ahaetulla-prasina_KU323364, Scolecophis-atrocinctus_KU289804, Tantilla-taeniata_KU289863, Ptyas-mucosa, Pantherophis-guttatus, Pantherophis-obsoletus, Pituophis-catenifer, Boiga-irregularis_KU345021, Chrysopelea-ornata}
You may want to ignore posterior probabilities and other statistics related to the following branch branch because the effective number of genes impacting it is only 2:
	{Oxyrhabdium-modestum_KU310866, Oxyrhabdium-cfmodestum_KU338101, Oxyrhabdium-leporinum_KU346583, Myersophis-alpestris_KU308684}
You may want to ignore posterior probabilities and other statistics related to the following branch branch because the effective number of genes impacting it is only 2:
	{Oxyrhabdium-modestum_KU310866, Oxyrhabdium-cfmodestum_KU338101, Oxyrhabdium-leporinum_KU346583}
You may want to ignore posterior probabilities and other statistics related to the following branch branch because the effective number of genes impacting it is only 2:
	{Python-molurus, Boa-constrictor}
You may want to ignore posterior probabilities and other statistics related to the following branch branch because the effective number of genes impacting it is only 3:
	{Cerberus-schneiderii_KU324534, Myanophis-thanlyinensis, Achalinus-spinalis_KU312258, Acrochordus-granulatus_KU302952, Python-molurus, Boa-constrictor, Aplopeltura-boa_KU315147, Crotalus-pyrrhus, Crotalus-viridis, Crotalus-tigris, Crotalus-adamanteus, Crotalus-horridus, Vipera-berus, Protobothrops-mucrosquamatus, Protobothrops-flavoviridis, Bothrops-jararaca}
You may want to ignore posterior probabilities and other statistics related to the following branch branch because the effective number of genes impacting it is only 3:
	{Oxyrhabdium-modestum_KU310866, Oxyrhabdium-cfmodestum_KU338101, Oxyrhabdium-leporinum_KU346583, Myersophis-alpestris_KU308684, Levitonius-mirus_KU337269}
You may want to ignore posterior probabilities and other statistics related to the following branch branch because the effective number of genes impacting it is only 2:
	{Hologerrhum-philippinum_KU330752, Cyclocorus-lineatus_KU335808}
You may want to ignore posterior probabilities and other statistics related to the following branch branch because the effective number of genes impacting it is only 3:
	{Psammodynastes-pulverulentus_KU328547, Psammodynastes-pulverulentus_KU329686, Micrelaps-sp_TauM16738}
You may want to ignore posterior probabilities and other statistics related to the following branch branch because the effective number of genes impacting it is only 2:
	{Psammodynastes-pulverulentus_KU328547, Psammodynastes-pulverulentus_KU329686}
You may want to ignore posterior probabilities and other statistics related to the following branch branch because the effective number of genes impacting it is only 3:
	{Oxyrhabdium-modestum_KU310866, Oxyrhabdium-cfmodestum_KU338101, Oxyrhabdium-leporinum_KU346583, Myersophis-alpestris_KU308684, Levitonius-mirus_KU337269, Hologerrhum-philippinum_KU330752, Cyclocorus-lineatus_KU335808, Sibynophis-bivittatus_KU309608, Ahaetulla-prasina_KU323364, Scolecophis-atrocinctus_KU289804, Tantilla-taeniata_KU289863, Ptyas-mucosa, Pantherophis-guttatus, Pantherophis-obsoletus, Pituophis-catenifer, Boiga-irregularis_KU345021, Grayia-smythii_KU341872, Calamaria-gervaisii_KU327406, Pseudoxenodon-sp_KU312221, Thermophis-baileyi, Dipsas-indica_KU215336, Thamnophis-sirtalis, Thamnophis-elegans, Cerberus-schneiderii_KU324534, Myanophis-thanlyinensis, Achalinus-spinalis_KU312258, Acrochordus-granulatus_KU302952, Python-molurus, Boa-constrictor, Aplopeltura-boa_KU315147, Crotalus-pyrrhus, Crotalus-viridis, Crotalus-tigris, Crotalus-adamanteus, Crotalus-horridus, Vipera-berus, Protobothrops-mucrosquamatus, Protobothrops-flavoviridis, Psammodynastes-pulverulentus_KU328547, Psammodynastes-pulverulentus_KU329686, Micrelaps-sp_TauM16738, Chrysopelea-ornata, Bothrops-jararaca}
You may want to ignore posterior probabilities and other statistics related to the following branch branch because the effective number of genes impacting it is only 3:
	{Oxyrhabdium-modestum_KU310866, Oxyrhabdium-cfmodestum_KU338101, Oxyrhabdium-leporinum_KU346583, Myersophis-alpestris_KU308684, Levitonius-mirus_KU337269, Hologerrhum-philippinum_KU330752, Cyclocorus-lineatus_KU335808, Sibynophis-bivittatus_KU309608, Ahaetulla-prasina_KU323364, Scolecophis-atrocinctus_KU289804, Tantilla-taeniata_KU289863, Ptyas-mucosa, Pantherophis-guttatus, Pantherophis-obsoletus, Pituophis-catenifer, Boiga-irregularis_KU345021, Grayia-smythii_KU341872, Calamaria-gervaisii_KU327406, Pseudoxenodon-sp_KU312221, Thermophis-baileyi, Dipsas-indica_KU215336, Thamnophis-sirtalis, Thamnophis-elegans, Cerberus-schneiderii_KU324534, Myanophis-thanlyinensis, Achalinus-spinalis_KU312258, Acrochordus-granulatus_KU302952, Python-molurus, Boa-constrictor, Aplopeltura-boa_KU315147, Crotalus-pyrrhus, Crotalus-viridis, Crotalus-tigris, Crotalus-adamanteus, Crotalus-horridus, Vipera-berus, Protobothrops-mucrosquamatus, Protobothrops-flavoviridis, Chrysopelea-ornata, Bothrops-jararaca}
You may want to ignore posterior probabilities and other statistics related to the following branch branch because the effective number of genes impacting it is only 3:
	{Oxyrhabdium-modestum_KU310866, Oxyrhabdium-cfmodestum_KU338101}
You may want to ignore posterior probabilities and other statistics related to the following branch branch because the effective number of genes impacting it is only 2:
	{Acrochordus-granulatus_KU302952, Python-molurus, Boa-constrictor}
You may want to ignore posterior probabilities and other statistics related to the following branch branch because the effective number of genes impacting it is only 3:
	{Oxyrhabdium-modestum_KU310866, Oxyrhabdium-cfmodestum_KU338101, Oxyrhabdium-leporinum_KU346583, Myersophis-alpestris_KU308684, Levitonius-mirus_KU337269, Hologerrhum-philippinum_KU330752, Cyclocorus-lineatus_KU335808}
You may want to ignore posterior probabilities and other statistics related to the following branch branch because the effective number of genes impacting it is only 3:
	{Hydrophis-curtus, Hydrophis-hardwickii, Hydrophis-cyanocinctus, Hydrophis-melanocephalus, Emydocephalus-ijimae, Notechis-scutatus, Pseudonaja-textilis}
You may want to ignore posterior probabilities and other statistics related to the following branch branch because the effective number of genes impacting it is only 3:
	{Laticauda-colubrina, Laticauda-laticaudata}
You may want to ignore posterior probabilities and other statistics related to the following branch branch because the effective number of genes impacting it is only 3:
	{Hydrophis-cyanocinctus, Hydrophis-melanocephalus}
You may want to ignore posterior probabilities and other statistics related to the following branch branch because the effective number of genes impacting it is only 3:
	{Hydrophis-curtus, Hydrophis-hardwickii, Hydrophis-cyanocinctus, Hydrophis-melanocephalus, Emydocephalus-ijimae, Notechis-scutatus}
You may want to ignore posterior probabilities and other statistics related to the following branch branch because the effective number of genes impacting it is only 2:
	{Hydrophis-curtus, Hydrophis-hardwickii, Hydrophis-cyanocinctus, Hydrophis-melanocephalus, Emydocephalus-ijimae, Notechis-scutatus, Pseudonaja-textilis, Laticauda-colubrina, Laticauda-laticaudata}
You may want to ignore posterior probabilities and other statistics related to the following branch branch because the effective number of genes impacting it is only 3:
	{Hydrophis-curtus, Hydrophis-hardwickii, Hydrophis-cyanocinctus, Hydrophis-melanocephalus}
You may want to ignore posterior probabilities and other statistics related to the following branch branch because the effective number of genes impacting it is only 2:
	{Elapsoidea-sundevallii_MCZR190390, Hydrophis-curtus, Hydrophis-hardwickii, Hydrophis-cyanocinctus, Hydrophis-melanocephalus, Emydocephalus-ijimae, Notechis-scutatus, Pseudonaja-textilis, Laticauda-colubrina, Laticauda-laticaudata}
You may want to ignore posterior probabilities and other statistics related to the following branch branch because the effective number of genes impacting it is only 2:
	{Oxyrhabdium-modestum_KU310866, Oxyrhabdium-cfmodestum_KU338101, Oxyrhabdium-leporinum_KU346583, Myersophis-alpestris_KU308684, Levitonius-mirus_KU337269, Hologerrhum-philippinum_KU330752, Cyclocorus-lineatus_KU335808, Sibynophis-bivittatus_KU309608, Ahaetulla-prasina_KU323364, Scolecophis-atrocinctus_KU289804, Tantilla-taeniata_KU289863, Ptyas-mucosa, Pantherophis-guttatus, Pantherophis-obsoletus, Pituophis-catenifer, Boiga-irregularis_KU345021, Grayia-smythii_KU341872, Calamaria-gervaisii_KU327406, Pseudoxenodon-sp_KU312221, Thermophis-baileyi, Dipsas-indica_KU215336, Thamnophis-sirtalis, Thamnophis-elegans, Cerberus-schneiderii_KU324534, Myanophis-thanlyinensis, Achalinus-spinalis_KU312258, Acrochordus-granulatus_KU302952, Python-molurus, Boa-constrictor, Aplopeltura-boa_KU315147, Crotalus-pyrrhus, Crotalus-viridis, Crotalus-tigris, Crotalus-adamanteus, Crotalus-horridus, Vipera-berus, Protobothrops-mucrosquamatus, Protobothrops-flavoviridis, Psammodynastes-pulverulentus_KU328547, Psammodynastes-pulverulentus_KU329686, Hemibungarus-mcclungi_KU303027, Ophiophagus-hannah, Naja-naja, Elapsoidea-sundevallii_MCZR190390, Hydrophis-curtus, Hydrophis-hardwickii, Hydrophis-cyanocinctus, Hydrophis-melanocephalus, Emydocephalus-ijimae, Notechis-scutatus, Pseudonaja-textilis, Laticauda-colubrina, Laticauda-laticaudata, Micrurus-corallinus_KU289205, Micrelaps-sp_TauM16738, Chrysopelea-ornata, Bothrops-jararaca}
You may want to ignore posterior probabilities and other statistics related to the following branch branch because the effective number of genes impacting it is only 3:
	{Hemibungarus-mcclungi_KU303027, Ophiophagus-hannah, Naja-naja, Elapsoidea-sundevallii_MCZR190390, Hydrophis-curtus, Hydrophis-hardwickii, Hydrophis-cyanocinctus, Hydrophis-melanocephalus, Emydocephalus-ijimae, Notechis-scutatus, Pseudonaja-textilis, Laticauda-colubrina, Laticauda-laticaudata}
You may want to ignore posterior probabilities and other statistics related to the following branch branch because the effective number of genes impacting it is only 3:
	{Hemibungarus-mcclungi_KU303027, Ophiophagus-hannah, Naja-naja, Elapsoidea-sundevallii_MCZR190390, Hydrophis-curtus, Hydrophis-hardwickii, Hydrophis-cyanocinctus, Hydrophis-melanocephalus, Emydocephalus-ijimae, Notechis-scutatus, Pseudonaja-textilis, Laticauda-colubrina, Laticauda-laticaudata, Micrurus-corallinus_KU289205}
You may want to ignore posterior probabilities and other statistics related to the following branch branch because the effective number of genes impacting it is only 2:
	{Ophiophagus-hannah, Naja-naja}
You may want to ignore posterior probabilities and other statistics related to the following branch branch because the effective number of genes impacting it is only 2:
	{Chamaelycus-fasciatus_KU348632, Lamprophis-lineatus_EBG706, Buhoma-depressiceps_CFS1528}
You may want to ignore posterior probabilities and other statistics related to the following branch branch because the effective number of genes impacting it is only 3:
	{Hydrophis-curtus, Hydrophis-hardwickii}
You may want to ignore posterior probabilities and other statistics related to the following branch branch because the effective number of genes impacting it is only 2:
	{Chamaelycus-fasciatus_KU348632, Lamprophis-lineatus_EBG706, Oxyrhabdium-modestum_KU310866, Oxyrhabdium-cfmodestum_KU338101, Oxyrhabdium-leporinum_KU346583, Myersophis-alpestris_KU308684, Levitonius-mirus_KU337269, Hologerrhum-philippinum_KU330752, Cyclocorus-lineatus_KU335808, Sibynophis-bivittatus_KU309608, Ahaetulla-prasina_KU323364, Scolecophis-atrocinctus_KU289804, Tantilla-taeniata_KU289863, Ptyas-mucosa, Pantherophis-guttatus, Pantherophis-obsoletus, Pituophis-catenifer, Boiga-irregularis_KU345021, Grayia-smythii_KU341872, Calamaria-gervaisii_KU327406, Pseudoxenodon-sp_KU312221, Thermophis-baileyi, Dipsas-indica_KU215336, Thamnophis-sirtalis, Thamnophis-elegans, Cerberus-schneiderii_KU324534, Myanophis-thanlyinensis, Achalinus-spinalis_KU312258, Acrochordus-granulatus_KU302952, Python-molurus, Boa-constrictor, Aplopeltura-boa_KU315147, Crotalus-pyrrhus, Crotalus-viridis, Crotalus-tigris, Crotalus-adamanteus, Crotalus-horridus, Vipera-berus, Protobothrops-mucrosquamatus, Protobothrops-flavoviridis, Psammodynastes-pulverulentus_KU328547, Psammodynastes-pulverulentus_KU329686, Hemibungarus-mcclungi_KU303027, Ophiophagus-hannah, Naja-naja, Elapsoidea-sundevallii_MCZR190390, Hydrophis-curtus, Hydrophis-hardwickii, Hydrophis-cyanocinctus, Hydrophis-melanocephalus, Emydocephalus-ijimae, Notechis-scutatus, Pseudonaja-textilis, Laticauda-colubrina, Laticauda-laticaudata, Micrurus-corallinus_KU289205, Micrelaps-sp_TauM16738, Buhoma-depressiceps_CFS1528, Chrysopelea-ornata, Bothrops-jararaca}
You may want to ignore posterior probabilities and other statistics related to the following branch branch because the effective number of genes impacting it is only 2:
	{Chamaelycus-fasciatus_KU348632, Lamprophis-lineatus_EBG706}
You may want to ignore posterior probabilities and other statistics related to the following branch branch because the effective number of genes impacting it is only 3:
	{Hydrophis-curtus, Hydrophis-hardwickii, Hydrophis-cyanocinctus, Hydrophis-melanocephalus, Emydocephalus-ijimae}
You may want to ignore posterior probabilities and other statistics related to the following branch branch because the effective number of genes impacting it is only 3:
	{Hemibungarus-mcclungi_KU303027, Ophiophagus-hannah, Naja-naja}
You may want to ignore posterior probabilities and other statistics related to the following branch branch because the effective number of genes impacting it is only 3:
	{Psammophis-sibilans_RAX2053, Rhamphiophis-oxyrhynchus_KU290451, Aparallactus-capensis_MCZA28808, Chamaelycus-fasciatus_KU348632, Lamprophis-lineatus_EBG706, Prosymna-visseri_MCZR190223, Oxyrhabdium-modestum_KU310866, Oxyrhabdium-cfmodestum_KU338101, Oxyrhabdium-leporinum_KU346583, Myersophis-alpestris_KU308684, Levitonius-mirus_KU337269, Hologerrhum-philippinum_KU330752, Cyclocorus-lineatus_KU335808, Sibynophis-bivittatus_KU309608, Ahaetulla-prasina_KU323364, Scolecophis-atrocinctus_KU289804, Tantilla-taeniata_KU289863, Ptyas-mucosa, Pantherophis-guttatus, Pantherophis-obsoletus, Pituophis-catenifer, Boiga-irregularis_KU345021, Grayia-smythii_KU341872, Calamaria-gervaisii_KU327406, Pseudoxenodon-sp_KU312221, Thermophis-baileyi, Dipsas-indica_KU215336, Thamnophis-sirtalis, Thamnophis-elegans, Cerberus-schneiderii_KU324534, Myanophis-thanlyinensis, Achalinus-spinalis_KU312258, Acrochordus-granulatus_KU302952, Python-molurus, Boa-constrictor, Aplopeltura-boa_KU315147, Crotalus-pyrrhus, Crotalus-viridis, Crotalus-tigris, Crotalus-adamanteus, Crotalus-horridus, Vipera-berus, Protobothrops-mucrosquamatus, Protobothrops-flavoviridis, Psammodynastes-pulverulentus_KU328547, Psammodynastes-pulverulentus_KU329686, Hemibungarus-mcclungi_KU303027, Ophiophagus-hannah, Naja-naja, Elapsoidea-sundevallii_MCZR190390, Hydrophis-curtus, Hydrophis-hardwickii, Hydrophis-cyanocinctus, Hydrophis-melanocephalus, Emydocephalus-ijimae, Notechis-scutatus, Pseudonaja-textilis, Laticauda-colubrina, Laticauda-laticaudata, Micrurus-corallinus_KU289205, Micrelaps-sp_TauM16738, Buhoma-depressiceps_CFS1528, Chrysopelea-ornata, Bothrops-jararaca}
You may want to ignore posterior probabilities and other statistics related to the following branch branch because the effective number of genes impacting it is only 2:
	{Psammophis-sibilans_RAX2053, Rhamphiophis-oxyrhynchus_KU290451, Aparallactus-capensis_MCZA28808, Prosymna-visseri_MCZR190223}
You may want to ignore posterior probabilities and other statistics related to the following branch branch because the effective number of genes impacting it is only 2:
	{Psammophis-sibilans_RAX2053, Rhamphiophis-oxyrhynchus_KU290451, Aparallactus-capensis_MCZA28808}
You may want to ignore posterior probabilities and other statistics related to the following branch branch because the effective number of genes impacting it is only 2:
	{Psammophis-sibilans_RAX2053, Rhamphiophis-oxyrhynchus_KU290451}
(Pseudoxyrhopus-tritaeniatus_KU340969,(Pseudaspis-cana_MCZA27068,((((((((Sibynophis-bivittatus_KU309608,(Grayia-smythii_KU341872,(Calamaria-gervaisii_KU327406,((Boiga-irregularis_KU345021,(Ptyas-mucosa,((Pituophis-catenifer,(Pantherophis-guttatus,Pantherophis-obsoletus)0.42:0.0)0.87:0.6931471805599453,(Scolecophis-atrocinctus_KU289804,Tantilla-taeniata_KU289863)0.95:0.9808292530117262)0.33:0.0)0.67:0.2876820724517809)0.95:0.9808292530117262,(Ahaetulla-prasina_KU323364,Chrysopelea-ornata)0.67:0.2876820724517809)0.68:0.2999521650435953)0.33:0.0)0.87:0.6931471805599453)0.87:0.6931471805599453,((Dipsas-indica_KU215336,(Thamnophis-sirtalis,Thamnophis-elegans)0.87:0.6931471805599453)0.36:0.0,(Pseudoxenodon-sp_KU312221,Thermophis-baileyi)0.7:0.31015492830383945)0.51:0.13353139262452274)0.95:0.9808292530117262,((Aplopeltura-boa_KU315147,((Vipera-berus,((Bothrops-jararaca,(Crotalus-horridus,((Crotalus-viridis,Crotalus-adamanteus)0.43:0.06453852113757118,(Crotalus-pyrrhus,Crotalus-tigris)0.49:0.06453852113757118)0.67:0.2876820724517809)0.87:0.6931471805599453)0.87:0.6931471805599453,(Protobothrops-mucrosquamatus,Protobothrops-flavoviridis)0.95:0.9808292530117262)0.67:0.2876820724517809)0.95:0.9808292530117262,(Achalinus-spinalis_KU312258,(Acrochordus-granulatus_KU302952,(Python-molurus,Boa-constrictor)0.87:0.6931471805599453)0.87:0.6931471805599453)0.87:0.6931471805599453)0.42:0.0)0.87:0.6931471805599453,(Cerberus-schneiderii_KU324534,Myanophis-thanlyinensis)0.95:0.9808292530117262)0.67:0.2876820724517809)0.95:0.9808292530117262,((Levitonius-mirus_KU337269,(Myersophis-alpestris_KU308684,(Oxyrhabdium-leporinum_KU346583,(Oxyrhabdium-modestum_KU310866,Oxyrhabdium-cfmodestum_KU338101)0.95:0.9808292530117262)0.87:0.6931471805599453)0.87:0.6931471805599453)0.42:0.0,(Hologerrhum-philippinum_KU330752,Cyclocorus-lineatus_KU335808)0.8:0.5108256237659905)0.77:0.42121346507630353)0.82:0.5030434833239359,(Micrelaps-sp_TauM16738,(Psammodynastes-pulverulentus_KU328547,Psammodynastes-pulverulentus_KU329686)0.87:0.6931471805599453)0.38:0.0)0.6:0.18859116980755003,(Micrurus-corallinus_KU289205,((Elapsoidea-sundevallii_MCZR190390,((Pseudonaja-textilis,(Notechis-scutatus,(Emydocephalus-ijimae,((Hydrophis-curtus,Hydrophis-hardwickii)0.67:0.2876820724517809,(Hydrophis-cyanocinctus,Hydrophis-melanocephalus)0.67:0.2876820724517809)0.95:0.9808292530117262)0.95:0.9808292530117262)0.67:0.2876820724517809)0.95:0.9808292530117262,(Laticauda-colubrina,Laticauda-laticaudata)0.95:0.9808292530117262)0.87:0.6931471805599453)0.42:0.0,(Hemibungarus-mcclungi_KU303027,(Ophiophagus-hannah,Naja-naja)0.42:0.0)0.95:0.9808292530117262)0.67:0.2876820724517809)0.95:0.9808292530117262)0.87:0.6931471805599453,(Buhoma-depressiceps_CFS1528,(Chamaelycus-fasciatus_KU348632,Lamprophis-lineatus_EBG706)0.87:0.6931471805599453)0.42:0.0)0.71:0.34484048629172964,(Prosymna-visseri_MCZR190223,(Aparallactus-capensis_MCZA28808,(Psammophis-sibilans_RAX2053,Rhamphiophis-oxyrhynchus_KU290451)0.87:0.6931471805599453)0.87:0.6931471805599453)0.66:0.2762533766281581)0.48:0.09994044818848702));
ASTRAL finished in 1.819 secs
Shutting down threading
