

================== ASTRAL ===================== 

This is ASTRAL version 5.15.5
Warning: 
 Fail to load native library libAstral.dylib; use Java default computing method without AVX2, which is 4X slower. 
 Make sure you are using the correct Djava.library.path (to the `lib` directory under ASTRAL where libAstral.dylib can be found). 
 Trying running make.sh. For mode debugging, run: java -Djava.library.path=lib/ -jar native_library_tester.jar
Gene trees are treated as unrooted
Detected GPU devices: 
Device 1 of 2: Apple M1 cl_device_id[0xffffffff] Vendor: Intel
Device 2 of 2: Apple M1 cl_device_id[0x1027f00] Vendor: Apple
Will use Device : Apple M1
Will use Device : Apple M1
Starting 8 threads ...
There are 8 threads used to run.
5 trees read from /dev/fd/11
All output trees will be *arbitrarily* rooted at Pseudoxyrhopus-tritaeniatus_KU340969

======== Running the main analysis
Number of taxa: 66 (66 species)
Taxa: [Pseudoxyrhopus-tritaeniatus_KU340969, Pseudaspis-cana_MCZA27068, Chamaelycus-fasciatus_KU348632, Prosymna-visseri_MCZR190223, Lamprophis-lineatus_EBG706, Oxyrhabdium-modestum_KU310866, Oxyrhabdium-cfmodestum_KU338101, Oxyrhabdium-leporinum_KU346583, Levitonius-mirus_KU337269, Myersophis-alpestris_KU308684, Cyclocorus-lineatus_KU335808, Hologerrhum-philippinum_KU330752, Psammodynastes-pulverulentus_KU328547, Psammodynastes-pulverulentus_KU329686, Hemibungarus-mcclungi_KU303027, Hydrophis-curtus, Hydrophis-hardwickii, Hydrophis-cyanocinctus, Hydrophis-melanocephalus, Emydocephalus-ijimae, Notechis-scutatus, Pseudonaja-textilis, Laticauda-colubrina, Laticauda-laticaudata, Naja-naja, Elapsoidea-sundevallii_MCZR190390, Micrurus-corallinus_KU289205, Ophiophagus-hannah, Sibynophis-bivittatus_KU309608, Ahaetulla-prasina_KU323364, Chrysopelea-ornata, Scolecophis-atrocinctus_KU289804, Tantilla-taeniata_KU289863, Pantherophis-guttatus, Pantherophis-obsoletus, Pituophis-catenifer, Boiga-irregularis_KU345021, Ptyas-mucosa, Grayia-smythii_KU341872, Calamaria-gervaisii_KU327406, Achalinus-spinalis_KU312258, Acrochordus-granulatus_KU302952, Boa-constrictor, Python-molurus, Aplopeltura-boa_KU315147, Crotalus-pyrrhus, Crotalus-adamanteus, Crotalus-viridis, Crotalus-tigris, Crotalus-horridus, Protobothrops-mucrosquamatus, Protobothrops-flavoviridis, Bothrops-jararaca, Vipera-berus, Pseudoxenodon-sp_KU312221, Thamnophis-sirtalis, Thamnophis-elegans, Thermophis-baileyi, Micrelaps-sp_TauM16738, Psammophis-sibilans_RAX2053, Rhamphiophis-oxyrhynchus_KU290451, Aparallactus-capensis_MCZA28808, Buhoma-depressiceps_CFS1528, Cerberus-schneiderii_KU324534, Myanophis-thanlyinensis, Dipsas-indica_KU215336]
Taxon occupancy: {Protobothrops-flavoviridis=5, Hologerrhum-philippinum_KU330752=5, Thamnophis-sirtalis=4, Hydrophis-hardwickii=5, Psammophis-sibilans_RAX2053=5, Crotalus-pyrrhus=4, Elapsoidea-sundevallii_MCZR190390=5, Bothrops-jararaca=4, Notechis-scutatus=5, Levitonius-mirus_KU337269=4, Buhoma-depressiceps_CFS1528=3, Ophiophagus-hannah=5, Scolecophis-atrocinctus_KU289804=4, Ptyas-mucosa=5, Calamaria-gervaisii_KU327406=4, Boiga-irregularis_KU345021=3, Aparallactus-capensis_MCZA28808=5, Myanophis-thanlyinensis=4, Ahaetulla-prasina_KU323364=5, Python-molurus=5, Pseudaspis-cana_MCZA27068=4, Psammodynastes-pulverulentus_KU328547=4, Crotalus-tigris=4, Rhamphiophis-oxyrhynchus_KU290451=4, Pantherophis-obsoletus=4, Protobothrops-mucrosquamatus=3, Vipera-berus=4, Chrysopelea-ornata=4, Thamnophis-elegans=4, Laticauda-laticaudata=5, Myersophis-alpestris_KU308684=5, Oxyrhabdium-leporinum_KU346583=5, Acrochordus-granulatus_KU302952=3, Cyclocorus-lineatus_KU335808=5, Oxyrhabdium-cfmodestum_KU338101=5, Tantilla-taeniata_KU289863=5, Grayia-smythii_KU341872=5, Crotalus-viridis=4, Crotalus-adamanteus=4, Pseudoxyrhopus-tritaeniatus_KU340969=4, Dipsas-indica_KU215336=4, Oxyrhabdium-modestum_KU310866=5, Emydocephalus-ijimae=5, Pantherophis-guttatus=4, Sibynophis-bivittatus_KU309608=4, Aplopeltura-boa_KU315147=3, Thermophis-baileyi=4, Pituophis-catenifer=4, Lamprophis-lineatus_EBG706=4, Hydrophis-curtus=5, Pseudoxenodon-sp_KU312221=5, Chamaelycus-fasciatus_KU348632=5, Hemibungarus-mcclungi_KU303027=5, Pseudonaja-textilis=4, Laticauda-colubrina=4, Crotalus-horridus=4, Micrurus-corallinus_KU289205=4, Boa-constrictor=4, Psammodynastes-pulverulentus_KU329686=4, Hydrophis-melanocephalus=4, Achalinus-spinalis_KU312258=5, Micrelaps-sp_TauM16738=5, Prosymna-visseri_MCZR190223=4, Naja-naja=5, Hydrophis-cyanocinctus=5, Cerberus-schneiderii_KU324534=4}
Using polytree-based weight calculation.
Number of gene trees: 5
5 trees have missing taxa
Calculating distance matrix (for completion of X) ....with 4 distance matrices for parallellism
Species tree distances calculated ...

Will attempt to complete bipartitions from X before adding using a distance matrix.
Building set of clusters (X) from gene trees 
------------------------------
Number of Clusters after addition from gene trees: 451
Number of Clusters after addition by distance: 451
Adding to X using resolutions of greedy consensus ...

Computing greedy consensus  
took 0 seconds
Limit for sigma of degrees:1700

polytomy size limit : > 5
 [3, 3, 3, 3, 3, 3, 3, 4, 5, 5]
discarded polytomies: 
Threshold 0.0:
polytomy of size 3; rounds with additions with at least 5 support: 0; clusters: 467
Threshold 0.01:
polytomy of size 3; rounds with additions with at least 5 support: 0; clusters: 465
Threshold 0.02:
polytomy of size 3; rounds with additions with at least 5 support: 0; clusters: 479
Threshold 0.05:
polytomy of size 3; rounds with additions with at least 5 support: 0; clusters: 475
Threshold 0.1:
polytomy of size 3; rounds with additions with at least 5 support: 0; clusters: 465
Threshold 0.2:
polytomy of size 3; rounds with additions with at least 5 support: 0; clusters: 475
Threshold 0.3333333333333333:
polytomy of size 5; rounds with additions with at least 5 support: 0; clusters: 487
polytomy of size 3; rounds with additions with at least 5 support: 0; clusters: 487
polytomy of size 4; rounds with additions with at least 5 support: 0; clusters: 487
polytomy of size 5; rounds with additions with at least 5 support: 0; clusters: 487
Number of Clusters after addition by greedy: 487
partitions formed in 0.632 secs
Dynamic Programming starting after 0.632 secs
Polytree max score: 2187135
Polytree building time: 0.008 seconds.
Fail to load native library libAstral.dylib; use Java default computing method.
Number of quartet trees in the gene trees: 2187135
Computing hash values took 0 seconds
device length is: 2
TREE HEIGHT IS: 13
Size of largest cluster: 66
Size of largest cluster: 66
Finishing up:317 0 316
Total Number of elements: 316
Normalized score (portion of input quartet trees satisfied before correcting for multiple individuals): 0.8901114928890992
Final optimization score: 1946794
Optimal tree inferred in 1.759 secs.
Weight calculation using polytrees cumulatively took 0.0 secs
(Pseudoxyrhopus-tritaeniatus_KU340969,((Prosymna-visseri_MCZR190223,((((((Pseudoxenodon-sp_KU312221,(Calamaria-gervaisii_KU327406,(Dipsas-indica_KU215336,(Sibynophis-bivittatus_KU309608,((Grayia-smythii_KU341872,((Boiga-irregularis_KU345021,(Ptyas-mucosa,((Pituophis-catenifer,(Pantherophis-guttatus,Pantherophis-obsoletus)),(Scolecophis-atrocinctus_KU289804,Tantilla-taeniata_KU289863)))),(Ahaetulla-prasina_KU323364,Chrysopelea-ornata))),(Thermophis-baileyi,(Thamnophis-sirtalis,Thamnophis-elegans))))))),(Cerberus-schneiderii_KU324534,Myanophis-thanlyinensis)),((Vipera-berus,(Bothrops-jararaca,((Crotalus-horridus,((Crotalus-viridis,Crotalus-tigris),(Crotalus-pyrrhus,Crotalus-adamanteus))),(Protobothrops-mucrosquamatus,Protobothrops-flavoviridis)))),(Aplopeltura-boa_KU315147,(Achalinus-spinalis_KU312258,(Acrochordus-granulatus_KU302952,(Boa-constrictor,Python-molurus)))))),(Micrelaps-sp_TauM16738,(Levitonius-mirus_KU337269,((Myersophis-alpestris_KU308684,(Oxyrhabdium-modestum_KU310866,(Oxyrhabdium-cfmodestum_KU338101,Oxyrhabdium-leporinum_KU346583))),(Cyclocorus-lineatus_KU335808,Hologerrhum-philippinum_KU330752))))),((Micrurus-corallinus_KU289205,((Elapsoidea-sundevallii_MCZR190390,((Pseudonaja-textilis,(Notechis-scutatus,(Emydocephalus-ijimae,((Hydrophis-curtus,Hydrophis-hardwickii),(Hydrophis-cyanocinctus,Hydrophis-melanocephalus))))),(Laticauda-colubrina,Laticauda-laticaudata))),(Ophiophagus-hannah,(Hemibungarus-mcclungi_KU303027,Naja-naja)))),(Psammodynastes-pulverulentus_KU328547,Psammodynastes-pulverulentus_KU329686))),((Pseudaspis-cana_MCZA27068,(Chamaelycus-fasciatus_KU348632,Lamprophis-lineatus_EBG706)),(Aparallactus-capensis_MCZA28808,Buhoma-depressiceps_CFS1528)))),(Psammophis-sibilans_RAX2053,Rhamphiophis-oxyrhynchus_KU290451)));
Final quartet score is: 1989516
Final normalized quartet score is: 0.9096448093053241
You may want to ignore posterior probabilities and other statistics related to the following branch branch because the effective number of genes impacting it is only 4:
	{Scolecophis-atrocinctus_KU289804, Tantilla-taeniata_KU289863}
You may want to ignore posterior probabilities and other statistics related to the following branch branch because the effective number of genes impacting it is only 3:
	{Scolecophis-atrocinctus_KU289804, Tantilla-taeniata_KU289863, Pantherophis-guttatus, Pantherophis-obsoletus, Pituophis-catenifer, Boiga-irregularis_KU345021, Ptyas-mucosa}
You may want to ignore posterior probabilities and other statistics related to the following branch branch because the effective number of genes impacting it is only 3:
	{Pantherophis-guttatus, Pantherophis-obsoletus}
You may want to ignore posterior probabilities and other statistics related to the following branch branch because the effective number of genes impacting it is only 3:
	{Pantherophis-guttatus, Pantherophis-obsoletus, Pituophis-catenifer}
You may want to ignore posterior probabilities and other statistics related to the following branch branch because the effective number of genes impacting it is only 4:
	{Ahaetulla-prasina_KU323364, Chrysopelea-ornata}
You may want to ignore posterior probabilities and other statistics related to the following branch branch because the effective number of genes impacting it is only 3:
	{Thamnophis-sirtalis, Thamnophis-elegans}
You may want to ignore posterior probabilities and other statistics related to the following branch branch because the effective number of genes impacting it is only 3:
	{Scolecophis-atrocinctus_KU289804, Tantilla-taeniata_KU289863, Pantherophis-guttatus, Pantherophis-obsoletus, Pituophis-catenifer, Ptyas-mucosa}
You may want to ignore posterior probabilities and other statistics related to the following branch branch because the effective number of genes impacting it is only 3:
	{Thamnophis-sirtalis, Thamnophis-elegans, Thermophis-baileyi}
You may want to ignore posterior probabilities and other statistics related to the following branch branch because the effective number of genes impacting it is only 5:
	{Scolecophis-atrocinctus_KU289804, Tantilla-taeniata_KU289863, Pantherophis-guttatus, Pantherophis-obsoletus, Pituophis-catenifer}
You may want to ignore posterior probabilities and other statistics related to the following branch branch because the effective number of genes impacting it is only 5:
	{Ahaetulla-prasina_KU323364, Chrysopelea-ornata, Scolecophis-atrocinctus_KU289804, Tantilla-taeniata_KU289863, Pantherophis-guttatus, Pantherophis-obsoletus, Pituophis-catenifer, Boiga-irregularis_KU345021, Ptyas-mucosa, Grayia-smythii_KU341872}
You may want to ignore posterior probabilities and other statistics related to the following branch branch because the effective number of genes impacting it is only 4:
	{Sibynophis-bivittatus_KU309608, Ahaetulla-prasina_KU323364, Chrysopelea-ornata, Scolecophis-atrocinctus_KU289804, Tantilla-taeniata_KU289863, Pantherophis-guttatus, Pantherophis-obsoletus, Pituophis-catenifer, Boiga-irregularis_KU345021, Ptyas-mucosa, Grayia-smythii_KU341872, Calamaria-gervaisii_KU327406, Thamnophis-sirtalis, Thamnophis-elegans, Thermophis-baileyi, Dipsas-indica_KU215336}
You may want to ignore posterior probabilities and other statistics related to the following branch branch because the effective number of genes impacting it is only 5:
	{Ahaetulla-prasina_KU323364, Chrysopelea-ornata, Scolecophis-atrocinctus_KU289804, Tantilla-taeniata_KU289863, Pantherophis-guttatus, Pantherophis-obsoletus, Pituophis-catenifer, Boiga-irregularis_KU345021, Ptyas-mucosa}
You may want to ignore posterior probabilities and other statistics related to the following branch branch because the effective number of genes impacting it is only 4:
	{Sibynophis-bivittatus_KU309608, Ahaetulla-prasina_KU323364, Chrysopelea-ornata, Scolecophis-atrocinctus_KU289804, Tantilla-taeniata_KU289863, Pantherophis-guttatus, Pantherophis-obsoletus, Pituophis-catenifer, Boiga-irregularis_KU345021, Ptyas-mucosa, Grayia-smythii_KU341872, Calamaria-gervaisii_KU327406, Pseudoxenodon-sp_KU312221, Thamnophis-sirtalis, Thamnophis-elegans, Thermophis-baileyi, Dipsas-indica_KU215336}
You may want to ignore posterior probabilities and other statistics related to the following branch branch because the effective number of genes impacting it is only 4:
	{Cerberus-schneiderii_KU324534, Myanophis-thanlyinensis}
You may want to ignore posterior probabilities and other statistics related to the following branch branch because the effective number of genes impacting it is only 4:
	{Crotalus-pyrrhus, Crotalus-adamanteus, Crotalus-viridis, Crotalus-tigris}
You may want to ignore posterior probabilities and other statistics related to the following branch branch because the effective number of genes impacting it is only 4:
	{Ahaetulla-prasina_KU323364, Chrysopelea-ornata, Scolecophis-atrocinctus_KU289804, Tantilla-taeniata_KU289863, Pantherophis-guttatus, Pantherophis-obsoletus, Pituophis-catenifer, Boiga-irregularis_KU345021, Ptyas-mucosa, Grayia-smythii_KU341872, Thamnophis-sirtalis, Thamnophis-elegans, Thermophis-baileyi}
You may want to ignore posterior probabilities and other statistics related to the following branch branch because the effective number of genes impacting it is only 4:
	{Crotalus-pyrrhus, Crotalus-adamanteus, Crotalus-viridis, Crotalus-tigris, Crotalus-horridus}
You may want to ignore posterior probabilities and other statistics related to the following branch branch because the effective number of genes impacting it is only 4:
	{Crotalus-viridis, Crotalus-tigris}
You may want to ignore posterior probabilities and other statistics related to the following branch branch because the effective number of genes impacting it is only 4:
	{Sibynophis-bivittatus_KU309608, Ahaetulla-prasina_KU323364, Chrysopelea-ornata, Scolecophis-atrocinctus_KU289804, Tantilla-taeniata_KU289863, Pantherophis-guttatus, Pantherophis-obsoletus, Pituophis-catenifer, Boiga-irregularis_KU345021, Ptyas-mucosa, Grayia-smythii_KU341872, Calamaria-gervaisii_KU327406, Pseudoxenodon-sp_KU312221, Thamnophis-sirtalis, Thamnophis-elegans, Thermophis-baileyi, Cerberus-schneiderii_KU324534, Myanophis-thanlyinensis, Dipsas-indica_KU215336}
You may want to ignore posterior probabilities and other statistics related to the following branch branch because the effective number of genes impacting it is only 4:
	{Crotalus-pyrrhus, Crotalus-adamanteus, Crotalus-viridis, Crotalus-tigris, Crotalus-horridus, Protobothrops-mucrosquamatus, Protobothrops-flavoviridis}
You may want to ignore posterior probabilities and other statistics related to the following branch branch because the effective number of genes impacting it is only 3:
	{Sibynophis-bivittatus_KU309608, Ahaetulla-prasina_KU323364, Chrysopelea-ornata, Scolecophis-atrocinctus_KU289804, Tantilla-taeniata_KU289863, Pantherophis-guttatus, Pantherophis-obsoletus, Pituophis-catenifer, Boiga-irregularis_KU345021, Ptyas-mucosa, Grayia-smythii_KU341872, Thamnophis-sirtalis, Thamnophis-elegans, Thermophis-baileyi, Dipsas-indica_KU215336}
You may want to ignore posterior probabilities and other statistics related to the following branch branch because the effective number of genes impacting it is only 4:
	{Crotalus-pyrrhus, Crotalus-adamanteus}
You may want to ignore posterior probabilities and other statistics related to the following branch branch because the effective number of genes impacting it is only 2:
	{Boa-constrictor, Python-molurus}
You may want to ignore posterior probabilities and other statistics related to the following branch branch because the effective number of genes impacting it is only 3:
	{Sibynophis-bivittatus_KU309608, Ahaetulla-prasina_KU323364, Chrysopelea-ornata, Scolecophis-atrocinctus_KU289804, Tantilla-taeniata_KU289863, Pantherophis-guttatus, Pantherophis-obsoletus, Pituophis-catenifer, Boiga-irregularis_KU345021, Ptyas-mucosa, Grayia-smythii_KU341872, Thamnophis-sirtalis, Thamnophis-elegans, Thermophis-baileyi}
You may want to ignore posterior probabilities and other statistics related to the following branch branch because the effective number of genes impacting it is only 3:
	{Achalinus-spinalis_KU312258, Acrochordus-granulatus_KU302952, Boa-constrictor, Python-molurus}
You may want to ignore posterior probabilities and other statistics related to the following branch branch because the effective number of genes impacting it is only 3:
	{Achalinus-spinalis_KU312258, Acrochordus-granulatus_KU302952, Boa-constrictor, Python-molurus, Aplopeltura-boa_KU315147}
You may want to ignore posterior probabilities and other statistics related to the following branch branch because the effective number of genes impacting it is only 3:
	{Protobothrops-mucrosquamatus, Protobothrops-flavoviridis}
You may want to ignore posterior probabilities and other statistics related to the following branch branch because the effective number of genes impacting it is only 5:
	{Oxyrhabdium-cfmodestum_KU338101, Oxyrhabdium-leporinum_KU346583}
You may want to ignore posterior probabilities and other statistics related to the following branch branch because the effective number of genes impacting it is only 5:
	{Sibynophis-bivittatus_KU309608, Ahaetulla-prasina_KU323364, Chrysopelea-ornata, Scolecophis-atrocinctus_KU289804, Tantilla-taeniata_KU289863, Pantherophis-guttatus, Pantherophis-obsoletus, Pituophis-catenifer, Boiga-irregularis_KU345021, Ptyas-mucosa, Grayia-smythii_KU341872, Calamaria-gervaisii_KU327406, Achalinus-spinalis_KU312258, Acrochordus-granulatus_KU302952, Boa-constrictor, Python-molurus, Aplopeltura-boa_KU315147, Crotalus-pyrrhus, Crotalus-adamanteus, Crotalus-viridis, Crotalus-tigris, Crotalus-horridus, Protobothrops-mucrosquamatus, Protobothrops-flavoviridis, Bothrops-jararaca, Vipera-berus, Pseudoxenodon-sp_KU312221, Thamnophis-sirtalis, Thamnophis-elegans, Thermophis-baileyi, Cerberus-schneiderii_KU324534, Myanophis-thanlyinensis, Dipsas-indica_KU215336}
You may want to ignore posterior probabilities and other statistics related to the following branch branch because the effective number of genes impacting it is only 5:
	{Oxyrhabdium-modestum_KU310866, Oxyrhabdium-cfmodestum_KU338101, Oxyrhabdium-leporinum_KU346583}
You may want to ignore posterior probabilities and other statistics related to the following branch branch because the effective number of genes impacting it is only 5:
	{Oxyrhabdium-modestum_KU310866, Oxyrhabdium-cfmodestum_KU338101, Oxyrhabdium-leporinum_KU346583, Myersophis-alpestris_KU308684}
You may want to ignore posterior probabilities and other statistics related to the following branch branch because the effective number of genes impacting it is only 5:
	{Achalinus-spinalis_KU312258, Acrochordus-granulatus_KU302952, Boa-constrictor, Python-molurus, Aplopeltura-boa_KU315147, Crotalus-pyrrhus, Crotalus-adamanteus, Crotalus-viridis, Crotalus-tigris, Crotalus-horridus, Protobothrops-mucrosquamatus, Protobothrops-flavoviridis, Bothrops-jararaca, Vipera-berus}
You may want to ignore posterior probabilities and other statistics related to the following branch branch because the effective number of genes impacting it is only 4:
	{Oxyrhabdium-modestum_KU310866, Oxyrhabdium-cfmodestum_KU338101, Oxyrhabdium-leporinum_KU346583, Myersophis-alpestris_KU308684, Cyclocorus-lineatus_KU335808, Hologerrhum-philippinum_KU330752}
You may want to ignore posterior probabilities and other statistics related to the following branch branch because the effective number of genes impacting it is only 4:
	{Oxyrhabdium-modestum_KU310866, Oxyrhabdium-cfmodestum_KU338101, Oxyrhabdium-leporinum_KU346583, Levitonius-mirus_KU337269, Myersophis-alpestris_KU308684, Cyclocorus-lineatus_KU335808, Hologerrhum-philippinum_KU330752}
You may want to ignore posterior probabilities and other statistics related to the following branch branch because the effective number of genes impacting it is only 5:
	{Oxyrhabdium-modestum_KU310866, Oxyrhabdium-cfmodestum_KU338101, Oxyrhabdium-leporinum_KU346583, Levitonius-mirus_KU337269, Myersophis-alpestris_KU308684, Cyclocorus-lineatus_KU335808, Hologerrhum-philippinum_KU330752, Micrelaps-sp_TauM16738}
You may want to ignore posterior probabilities and other statistics related to the following branch branch because the effective number of genes impacting it is only 5:
	{Oxyrhabdium-modestum_KU310866, Oxyrhabdium-cfmodestum_KU338101, Oxyrhabdium-leporinum_KU346583, Levitonius-mirus_KU337269, Myersophis-alpestris_KU308684, Cyclocorus-lineatus_KU335808, Hologerrhum-philippinum_KU330752, Sibynophis-bivittatus_KU309608, Ahaetulla-prasina_KU323364, Chrysopelea-ornata, Scolecophis-atrocinctus_KU289804, Tantilla-taeniata_KU289863, Pantherophis-guttatus, Pantherophis-obsoletus, Pituophis-catenifer, Boiga-irregularis_KU345021, Ptyas-mucosa, Grayia-smythii_KU341872, Calamaria-gervaisii_KU327406, Achalinus-spinalis_KU312258, Acrochordus-granulatus_KU302952, Boa-constrictor, Python-molurus, Aplopeltura-boa_KU315147, Crotalus-pyrrhus, Crotalus-adamanteus, Crotalus-viridis, Crotalus-tigris, Crotalus-horridus, Protobothrops-mucrosquamatus, Protobothrops-flavoviridis, Bothrops-jararaca, Vipera-berus, Pseudoxenodon-sp_KU312221, Thamnophis-sirtalis, Thamnophis-elegans, Thermophis-baileyi, Micrelaps-sp_TauM16738, Cerberus-schneiderii_KU324534, Myanophis-thanlyinensis, Dipsas-indica_KU215336}
You may want to ignore posterior probabilities and other statistics related to the following branch branch because the effective number of genes impacting it is only 4:
	{Hydrophis-cyanocinctus, Hydrophis-melanocephalus}
You may want to ignore posterior probabilities and other statistics related to the following branch branch because the effective number of genes impacting it is only 5:
	{Hydrophis-curtus, Hydrophis-hardwickii, Hydrophis-cyanocinctus, Hydrophis-melanocephalus}
You may want to ignore posterior probabilities and other statistics related to the following branch branch because the effective number of genes impacting it is only 4:
	{Hydrophis-curtus, Hydrophis-hardwickii, Hydrophis-cyanocinctus, Hydrophis-melanocephalus, Emydocephalus-ijimae, Notechis-scutatus}
You may want to ignore posterior probabilities and other statistics related to the following branch branch because the effective number of genes impacting it is only 5:
	{Hydrophis-curtus, Hydrophis-hardwickii, Hydrophis-cyanocinctus, Hydrophis-melanocephalus, Emydocephalus-ijimae}
You may want to ignore posterior probabilities and other statistics related to the following branch branch because the effective number of genes impacting it is only 4:
	{Laticauda-colubrina, Laticauda-laticaudata}
You may want to ignore posterior probabilities and other statistics related to the following branch branch because the effective number of genes impacting it is only 5:
	{Hydrophis-curtus, Hydrophis-hardwickii, Hydrophis-cyanocinctus, Hydrophis-melanocephalus, Emydocephalus-ijimae, Notechis-scutatus, Pseudonaja-textilis, Laticauda-colubrina, Laticauda-laticaudata}
You may want to ignore posterior probabilities and other statistics related to the following branch branch because the effective number of genes impacting it is only 3:
	{Acrochordus-granulatus_KU302952, Boa-constrictor, Python-molurus}
You may want to ignore posterior probabilities and other statistics related to the following branch branch because the effective number of genes impacting it is only 5:
	{Hydrophis-curtus, Hydrophis-hardwickii}
You may want to ignore posterior probabilities and other statistics related to the following branch branch because the effective number of genes impacting it is only 5:
	{Hemibungarus-mcclungi_KU303027, Naja-naja}
You may want to ignore posterior probabilities and other statistics related to the following branch branch because the effective number of genes impacting it is only 4:
	{Hemibungarus-mcclungi_KU303027, Hydrophis-curtus, Hydrophis-hardwickii, Hydrophis-cyanocinctus, Hydrophis-melanocephalus, Emydocephalus-ijimae, Notechis-scutatus, Pseudonaja-textilis, Laticauda-colubrina, Laticauda-laticaudata, Naja-naja, Elapsoidea-sundevallii_MCZR190390, Ophiophagus-hannah}
You may want to ignore posterior probabilities and other statistics related to the following branch branch because the effective number of genes impacting it is only 5:
	{Hemibungarus-mcclungi_KU303027, Naja-naja, Ophiophagus-hannah}
You may want to ignore posterior probabilities and other statistics related to the following branch branch because the effective number of genes impacting it is only 4:
	{Crotalus-pyrrhus, Crotalus-adamanteus, Crotalus-viridis, Crotalus-tigris, Crotalus-horridus, Protobothrops-mucrosquamatus, Protobothrops-flavoviridis, Bothrops-jararaca}
You may want to ignore posterior probabilities and other statistics related to the following branch branch because the effective number of genes impacting it is only 5:
	{Cyclocorus-lineatus_KU335808, Hologerrhum-philippinum_KU330752}
You may want to ignore posterior probabilities and other statistics related to the following branch branch because the effective number of genes impacting it is only 3:
	{Psammodynastes-pulverulentus_KU328547, Psammodynastes-pulverulentus_KU329686}
You may want to ignore posterior probabilities and other statistics related to the following branch branch because the effective number of genes impacting it is only 4:
	{Hemibungarus-mcclungi_KU303027, Hydrophis-curtus, Hydrophis-hardwickii, Hydrophis-cyanocinctus, Hydrophis-melanocephalus, Emydocephalus-ijimae, Notechis-scutatus, Pseudonaja-textilis, Laticauda-colubrina, Laticauda-laticaudata, Naja-naja, Elapsoidea-sundevallii_MCZR190390, Micrurus-corallinus_KU289205, Ophiophagus-hannah}
You may want to ignore posterior probabilities and other statistics related to the following branch branch because the effective number of genes impacting it is only 4:
	{Crotalus-pyrrhus, Crotalus-adamanteus, Crotalus-viridis, Crotalus-tigris, Crotalus-horridus, Protobothrops-mucrosquamatus, Protobothrops-flavoviridis, Bothrops-jararaca, Vipera-berus}
You may want to ignore posterior probabilities and other statistics related to the following branch branch because the effective number of genes impacting it is only 5:
	{Hydrophis-curtus, Hydrophis-hardwickii, Hydrophis-cyanocinctus, Hydrophis-melanocephalus, Emydocephalus-ijimae, Notechis-scutatus, Pseudonaja-textilis, Laticauda-colubrina, Laticauda-laticaudata, Elapsoidea-sundevallii_MCZR190390}
You may want to ignore posterior probabilities and other statistics related to the following branch branch because the effective number of genes impacting it is only 3:
	{Chamaelycus-fasciatus_KU348632, Lamprophis-lineatus_EBG706}
You may want to ignore posterior probabilities and other statistics related to the following branch branch because the effective number of genes impacting it is only 4:
	{Pseudaspis-cana_MCZA27068, Chamaelycus-fasciatus_KU348632, Lamprophis-lineatus_EBG706}
You may want to ignore posterior probabilities and other statistics related to the following branch branch because the effective number of genes impacting it is only 4:
	{Pseudaspis-cana_MCZA27068, Chamaelycus-fasciatus_KU348632, Lamprophis-lineatus_EBG706, Oxyrhabdium-modestum_KU310866, Oxyrhabdium-cfmodestum_KU338101, Oxyrhabdium-leporinum_KU346583, Levitonius-mirus_KU337269, Myersophis-alpestris_KU308684, Cyclocorus-lineatus_KU335808, Hologerrhum-philippinum_KU330752, Psammodynastes-pulverulentus_KU328547, Psammodynastes-pulverulentus_KU329686, Hemibungarus-mcclungi_KU303027, Hydrophis-curtus, Hydrophis-hardwickii, Hydrophis-cyanocinctus, Hydrophis-melanocephalus, Emydocephalus-ijimae, Notechis-scutatus, Pseudonaja-textilis, Laticauda-colubrina, Laticauda-laticaudata, Naja-naja, Elapsoidea-sundevallii_MCZR190390, Micrurus-corallinus_KU289205, Ophiophagus-hannah, Sibynophis-bivittatus_KU309608, Ahaetulla-prasina_KU323364, Chrysopelea-ornata, Scolecophis-atrocinctus_KU289804, Tantilla-taeniata_KU289863, Pantherophis-guttatus, Pantherophis-obsoletus, Pituophis-catenifer, Boiga-irregularis_KU345021, Ptyas-mucosa, Grayia-smythii_KU341872, Calamaria-gervaisii_KU327406, Achalinus-spinalis_KU312258, Acrochordus-granulatus_KU302952, Boa-constrictor, Python-molurus, Aplopeltura-boa_KU315147, Crotalus-pyrrhus, Crotalus-adamanteus, Crotalus-viridis, Crotalus-tigris, Crotalus-horridus, Protobothrops-mucrosquamatus, Protobothrops-flavoviridis, Bothrops-jararaca, Vipera-berus, Pseudoxenodon-sp_KU312221, Thamnophis-sirtalis, Thamnophis-elegans, Thermophis-baileyi, Micrelaps-sp_TauM16738, Aparallactus-capensis_MCZA28808, Buhoma-depressiceps_CFS1528, Cerberus-schneiderii_KU324534, Myanophis-thanlyinensis, Dipsas-indica_KU215336}
You may want to ignore posterior probabilities and other statistics related to the following branch branch because the effective number of genes impacting it is only 5:
	{Pseudaspis-cana_MCZA27068, Chamaelycus-fasciatus_KU348632, Lamprophis-lineatus_EBG706, Aparallactus-capensis_MCZA28808, Buhoma-depressiceps_CFS1528}
You may want to ignore posterior probabilities and other statistics related to the following branch branch because the effective number of genes impacting it is only 3:
	{Aparallactus-capensis_MCZA28808, Buhoma-depressiceps_CFS1528}
You may want to ignore posterior probabilities and other statistics related to the following branch branch because the effective number of genes impacting it is only 3:
	{Pseudaspis-cana_MCZA27068, Chamaelycus-fasciatus_KU348632, Prosymna-visseri_MCZR190223, Lamprophis-lineatus_EBG706, Oxyrhabdium-modestum_KU310866, Oxyrhabdium-cfmodestum_KU338101, Oxyrhabdium-leporinum_KU346583, Levitonius-mirus_KU337269, Myersophis-alpestris_KU308684, Cyclocorus-lineatus_KU335808, Hologerrhum-philippinum_KU330752, Psammodynastes-pulverulentus_KU328547, Psammodynastes-pulverulentus_KU329686, Hemibungarus-mcclungi_KU303027, Hydrophis-curtus, Hydrophis-hardwickii, Hydrophis-cyanocinctus, Hydrophis-melanocephalus, Emydocephalus-ijimae, Notechis-scutatus, Pseudonaja-textilis, Laticauda-colubrina, Laticauda-laticaudata, Naja-naja, Elapsoidea-sundevallii_MCZR190390, Micrurus-corallinus_KU289205, Ophiophagus-hannah, Sibynophis-bivittatus_KU309608, Ahaetulla-prasina_KU323364, Chrysopelea-ornata, Scolecophis-atrocinctus_KU289804, Tantilla-taeniata_KU289863, Pantherophis-guttatus, Pantherophis-obsoletus, Pituophis-catenifer, Boiga-irregularis_KU345021, Ptyas-mucosa, Grayia-smythii_KU341872, Calamaria-gervaisii_KU327406, Achalinus-spinalis_KU312258, Acrochordus-granulatus_KU302952, Boa-constrictor, Python-molurus, Aplopeltura-boa_KU315147, Crotalus-pyrrhus, Crotalus-adamanteus, Crotalus-viridis, Crotalus-tigris, Crotalus-horridus, Protobothrops-mucrosquamatus, Protobothrops-flavoviridis, Bothrops-jararaca, Vipera-berus, Pseudoxenodon-sp_KU312221, Thamnophis-sirtalis, Thamnophis-elegans, Thermophis-baileyi, Micrelaps-sp_TauM16738, Aparallactus-capensis_MCZA28808, Buhoma-depressiceps_CFS1528, Cerberus-schneiderii_KU324534, Myanophis-thanlyinensis, Dipsas-indica_KU215336}
You may want to ignore posterior probabilities and other statistics related to the following branch branch because the effective number of genes impacting it is only 5:
	{Oxyrhabdium-modestum_KU310866, Oxyrhabdium-cfmodestum_KU338101, Oxyrhabdium-leporinum_KU346583, Levitonius-mirus_KU337269, Myersophis-alpestris_KU308684, Cyclocorus-lineatus_KU335808, Hologerrhum-philippinum_KU330752, Psammodynastes-pulverulentus_KU328547, Psammodynastes-pulverulentus_KU329686, Hemibungarus-mcclungi_KU303027, Hydrophis-curtus, Hydrophis-hardwickii, Hydrophis-cyanocinctus, Hydrophis-melanocephalus, Emydocephalus-ijimae, Notechis-scutatus, Pseudonaja-textilis, Laticauda-colubrina, Laticauda-laticaudata, Naja-naja, Elapsoidea-sundevallii_MCZR190390, Micrurus-corallinus_KU289205, Ophiophagus-hannah, Sibynophis-bivittatus_KU309608, Ahaetulla-prasina_KU323364, Chrysopelea-ornata, Scolecophis-atrocinctus_KU289804, Tantilla-taeniata_KU289863, Pantherophis-guttatus, Pantherophis-obsoletus, Pituophis-catenifer, Boiga-irregularis_KU345021, Ptyas-mucosa, Grayia-smythii_KU341872, Calamaria-gervaisii_KU327406, Achalinus-spinalis_KU312258, Acrochordus-granulatus_KU302952, Boa-constrictor, Python-molurus, Aplopeltura-boa_KU315147, Crotalus-pyrrhus, Crotalus-adamanteus, Crotalus-viridis, Crotalus-tigris, Crotalus-horridus, Protobothrops-mucrosquamatus, Protobothrops-flavoviridis, Bothrops-jararaca, Vipera-berus, Pseudoxenodon-sp_KU312221, Thamnophis-sirtalis, Thamnophis-elegans, Thermophis-baileyi, Micrelaps-sp_TauM16738, Cerberus-schneiderii_KU324534, Myanophis-thanlyinensis, Dipsas-indica_KU215336}
You may want to ignore posterior probabilities and other statistics related to the following branch branch because the effective number of genes impacting it is only 5:
	{Psammodynastes-pulverulentus_KU328547, Psammodynastes-pulverulentus_KU329686, Hemibungarus-mcclungi_KU303027, Hydrophis-curtus, Hydrophis-hardwickii, Hydrophis-cyanocinctus, Hydrophis-melanocephalus, Emydocephalus-ijimae, Notechis-scutatus, Pseudonaja-textilis, Laticauda-colubrina, Laticauda-laticaudata, Naja-naja, Elapsoidea-sundevallii_MCZR190390, Micrurus-corallinus_KU289205, Ophiophagus-hannah}
You may want to ignore posterior probabilities and other statistics related to the following branch branch because the effective number of genes impacting it is only 3:
	{Psammophis-sibilans_RAX2053, Rhamphiophis-oxyrhynchus_KU290451}
You may want to ignore posterior probabilities and other statistics related to the following branch branch because the effective number of genes impacting it is only 4:
	{Hydrophis-curtus, Hydrophis-hardwickii, Hydrophis-cyanocinctus, Hydrophis-melanocephalus, Emydocephalus-ijimae, Notechis-scutatus, Pseudonaja-textilis}
(Pseudoxyrhopus-tritaeniatus_KU340969,((Prosymna-visseri_MCZR190223,((((((Pseudoxenodon-sp_KU312221,(Calamaria-gervaisii_KU327406,(Dipsas-indica_KU215336,(Sibynophis-bivittatus_KU309608,((Grayia-smythii_KU341872,((Boiga-irregularis_KU345021,(Ptyas-mucosa,((Pituophis-catenifer,(Pantherophis-guttatus,Pantherophis-obsoletus)0.67:0.2876820724517809)0.95:0.9808292530117262,(Scolecophis-atrocinctus_KU289804,Tantilla-taeniata_KU289863)0.98:1.2039728043259361)0.72:0.2876820724517809)0.53:0.1479201300766223)0.68:0.2929040164329326,(Ahaetulla-prasina_KU323364,Chrysopelea-ornata)0.97:0.987518241162523)0.66:0.2728059845994385)0.79:0.39634020033116374,(Thermophis-baileyi,(Thamnophis-sirtalis,Thamnophis-elegans)0.95:0.9808292530117262)0.66:0.27773174159861275)0.47:0.03995431550703267)0.65:0.24677637996952234)0.35:0.0)0.77:0.4090429294560484)0.85:0.5208535629521153,(Cerberus-schneiderii_KU324534,Myanophis-thanlyinensis)0.98:1.2039728043259361)0.83:0.4956633760263132,((Vipera-berus,(Bothrops-jararaca,((Crotalus-horridus,((Crotalus-viridis,Crotalus-tigris)0.94:0.7985076962177715,(Crotalus-pyrrhus,Crotalus-adamanteus)0.53:0.1053605156578264)0.84:0.5108256237659905)0.98:1.2039728043259361,(Protobothrops-mucrosquamatus,Protobothrops-flavoviridis)0.95:0.9808292530117262)0.44:0.1053605156578264)0.98:1.2039728043259361)0.98:1.2039728043259361,(Aplopeltura-boa_KU315147,(Achalinus-spinalis_KU312258,(Acrochordus-granulatus_KU302952,(Boa-constrictor,Python-molurus)0.42:0.0)0.95:0.9808292530117262)0.95:0.9808292530117262)0.95:0.9808292530117262)0.99:1.3862943611198908)0.99:1.2685113254635072,(Micrelaps-sp_TauM16738,(Levitonius-mirus_KU337269,((Myersophis-alpestris_KU308684,(Oxyrhabdium-modestum_KU310866,(Oxyrhabdium-cfmodestum_KU338101,Oxyrhabdium-leporinum_KU346583)0.93:0.6931471805599453)0.99:1.3862943611198908)0.99:1.3498161525174805,(Cyclocorus-lineatus_KU335808,Hologerrhum-philippinum_KU330752)0.99:1.3862943611198908)0.44:0.1053605156578264)0.84:0.5108256237659905)0.66:0.2212656164900097)0.37:0.0,((Micrurus-corallinus_KU289205,((Elapsoidea-sundevallii_MCZR190390,((Pseudonaja-textilis,(Notechis-scutatus,(Emydocephalus-ijimae,((Hydrophis-curtus,Hydrophis-hardwickii)0.72:0.2876820724517809,(Hydrophis-cyanocinctus,Hydrophis-melanocephalus)0.98:1.2039728043259361)0.99:1.3862943611198908)0.99:1.3862943611198908)0.84:0.5108256237659905)0.98:1.2039728043259361,(Laticauda-colubrina,Laticauda-laticaudata)0.98:1.2039728043259361)0.99:1.3862943611198908)0.97:0.8754687373538999,(Ophiophagus-hannah,(Hemibungarus-mcclungi_KU303027,Naja-naja)0.36:0.0)0.93:0.6931471805599453)0.73:0.35667494393873245)0.98:1.2039728043259361,(Psammodynastes-pulverulentus_KU328547,Psammodynastes-pulverulentus_KU329686)0.95:0.9808292530117262)0.7:0.2726878374814691)0.67:0.24437744792353505,((Pseudaspis-cana_MCZA27068,(Chamaelycus-fasciatus_KU348632,Lamprophis-lineatus_EBG706)0.95:0.9642999510605157)0.85:0.5231134545596838,(Aparallactus-capensis_MCZA28808,Buhoma-depressiceps_CFS1528)0.71:0.3273473288442125)0.32:0.0)0.7:0.3060816029162036)0.35:0.0,(Psammophis-sibilans_RAX2053,Rhamphiophis-oxyrhynchus_KU290451)0.95:0.9808292530117262));
ASTRAL finished in 2.02 secs
Shutting down threading
