

================== ASTRAL ===================== 

This is ASTRAL version 5.15.5
Warning: 
 Fail to load native library libAstral.dylib; use Java default computing method without AVX2, which is 4X slower. 
 Make sure you are using the correct Djava.library.path (to the `lib` directory under ASTRAL where libAstral.dylib can be found). 
 Trying running make.sh. For mode debugging, run: java -Djava.library.path=lib/ -jar native_library_tester.jar
Gene trees are treated as unrooted
Detected GPU devices: 
Device 1 of 2: Apple M1 cl_device_id[0xffffffff] Vendor: Intel
Device 2 of 2: Apple M1 cl_device_id[0x1027f00] Vendor: Apple
Will use Device : Apple M1
Will use Device : Apple M1
Starting 8 threads ...
There are 8 threads used to run.
2 trees read from /dev/fd/11
All output trees will be *arbitrarily* rooted at Pseudoxyrhopus-tritaeniatus_KU340969

======== Running the main analysis
Number of taxa: 66 (66 species)
Taxa: [Pseudoxyrhopus-tritaeniatus_KU340969, Pseudaspis-cana_MCZA27068, Oxyrhabdium-modestum_KU310866, Oxyrhabdium-cfmodestum_KU338101, Oxyrhabdium-leporinum_KU346583, Myersophis-alpestris_KU308684, Cyclocorus-lineatus_KU335808, Hologerrhum-philippinum_KU330752, Hemibungarus-mcclungi_KU303027, Ophiophagus-hannah, Micrurus-corallinus_KU289205, Sibynophis-bivittatus_KU309608, Pseudoxenodon-sp_KU312221, Micrelaps-sp_TauM16738, Grayia-smythii_KU341872, Thermophis-baileyi, Calamaria-gervaisii_KU327406, Dipsas-indica_KU215336, Ahaetulla-prasina_KU323364, Chrysopelea-ornata, Boiga-irregularis_KU345021, Scolecophis-atrocinctus_KU289804, Tantilla-taeniata_KU289863, Ptyas-mucosa, Pantherophis-guttatus, Pituophis-catenifer, Pantherophis-obsoletus, Thamnophis-sirtalis, Thamnophis-elegans, Aparallactus-capensis_MCZA28808, Buhoma-depressiceps_CFS1528, Achalinus-spinalis_KU312258, Acrochordus-granulatus_KU302952, Python-molurus, Boa-constrictor, Aplopeltura-boa_KU315147, Crotalus-pyrrhus, Crotalus-adamanteus, Crotalus-viridis, Crotalus-tigris, Crotalus-horridus, Bothrops-jararaca, Vipera-berus, Protobothrops-mucrosquamatus, Protobothrops-flavoviridis, Cerberus-schneiderii_KU324534, Myanophis-thanlyinensis, Chamaelycus-fasciatus_KU348632, Lamprophis-lineatus_EBG706, Psammophis-sibilans_RAX2053, Rhamphiophis-oxyrhynchus_KU290451, Elapsoidea-sundevallii_MCZR190390, Hydrophis-curtus, Hydrophis-hardwickii, Hydrophis-cyanocinctus, Hydrophis-melanocephalus, Emydocephalus-ijimae, Notechis-scutatus, Pseudonaja-textilis, Laticauda-colubrina, Laticauda-laticaudata, Naja-naja, Psammodynastes-pulverulentus_KU328547, Psammodynastes-pulverulentus_KU329686, Prosymna-visseri_MCZR190223, Levitonius-mirus_KU337269]
Taxon occupancy: {Protobothrops-flavoviridis=2, Hologerrhum-philippinum_KU330752=2, Thamnophis-sirtalis=2, Hydrophis-hardwickii=2, Psammophis-sibilans_RAX2053=1, Crotalus-pyrrhus=2, Bothrops-jararaca=2, Elapsoidea-sundevallii_MCZR190390=2, Notechis-scutatus=2, Levitonius-mirus_KU337269=1, Buhoma-depressiceps_CFS1528=2, Ophiophagus-hannah=2, Calamaria-gervaisii_KU327406=2, Scolecophis-atrocinctus_KU289804=2, Ptyas-mucosa=2, Boiga-irregularis_KU345021=2, Aparallactus-capensis_MCZA28808=2, Myanophis-thanlyinensis=2, Ahaetulla-prasina_KU323364=2, Python-molurus=2, Pseudaspis-cana_MCZA27068=2, Psammodynastes-pulverulentus_KU328547=2, Crotalus-tigris=2, Rhamphiophis-oxyrhynchus_KU290451=2, Pantherophis-obsoletus=2, Vipera-berus=2, Protobothrops-mucrosquamatus=2, Chrysopelea-ornata=2, Thamnophis-elegans=2, Laticauda-laticaudata=2, Myersophis-alpestris_KU308684=2, Oxyrhabdium-leporinum_KU346583=2, Acrochordus-granulatus_KU302952=2, Cyclocorus-lineatus_KU335808=2, Oxyrhabdium-cfmodestum_KU338101=2, Grayia-smythii_KU341872=2, Tantilla-taeniata_KU289863=2, Crotalus-viridis=2, Crotalus-adamanteus=2, Pseudoxyrhopus-tritaeniatus_KU340969=2, Dipsas-indica_KU215336=2, Oxyrhabdium-modestum_KU310866=1, Emydocephalus-ijimae=2, Pantherophis-guttatus=2, Sibynophis-bivittatus_KU309608=1, Aplopeltura-boa_KU315147=2, Thermophis-baileyi=2, Pituophis-catenifer=2, Lamprophis-lineatus_EBG706=2, Hydrophis-curtus=2, Pseudoxenodon-sp_KU312221=2, Hemibungarus-mcclungi_KU303027=2, Chamaelycus-fasciatus_KU348632=2, Pseudonaja-textilis=2, Laticauda-colubrina=2, Crotalus-horridus=2, Micrurus-corallinus_KU289205=2, Boa-constrictor=2, Psammodynastes-pulverulentus_KU329686=2, Achalinus-spinalis_KU312258=2, Hydrophis-melanocephalus=2, Micrelaps-sp_TauM16738=2, Prosymna-visseri_MCZR190223=2, Naja-naja=2, Hydrophis-cyanocinctus=2, Cerberus-schneiderii_KU324534=2}
Using polytree-based weight calculation.
Number of gene trees: 2
2 trees have missing taxa
Calculating distance matrix (for completion of X) ....with 4 distance matrices for parallellism
Species tree distances calculated ...

Will attempt to complete bipartitions from X before adding using a distance matrix.
Building set of clusters (X) from gene trees 
------------------------------
Number of Clusters after addition from gene trees: 347
Number of Clusters after addition by distance: 347
Adding to X using resolutions of greedy consensus ...

Computing greedy consensus  
took 0 seconds
Limit for sigma of degrees:1700

polytomy size limit : > 5
 [4, 4, 4, 4, 4, 4, 4, 5, 5, 5, 5, 5, 5, 5]
discarded polytomies: 
Threshold 0.0:
polytomy of size 4; rounds with additions with at least 5 support: 0; clusters: 403
polytomy of size 5; rounds with additions with at least 5 support: 0; clusters: 405
Threshold 0.01:
polytomy of size 4; rounds with additions with at least 5 support: 0; clusters: 401
polytomy of size 5; rounds with additions with at least 5 support: 0; clusters: 405
Threshold 0.02:
polytomy of size 4; rounds with additions with at least 5 support: 0; clusters: 403
polytomy of size 5; rounds with additions with at least 5 support: 0; clusters: 403
Threshold 0.05:
polytomy of size 4; rounds with additions with at least 5 support: 0; clusters: 401
polytomy of size 5; rounds with additions with at least 5 support: 0; clusters: 405
Threshold 0.1:
polytomy of size 4; rounds with additions with at least 5 support: 0; clusters: 405
polytomy of size 5; rounds with additions with at least 5 support: 0; clusters: 405
Threshold 0.2:
polytomy of size 4; rounds with additions with at least 5 support: 0; clusters: 405
polytomy of size 5; rounds with additions with at least 5 support: 0; clusters: 405
Threshold 0.3333333333333333:
polytomy of size 4; rounds with additions with at least 5 support: 0; clusters: 405
polytomy of size 5; rounds with additions with at least 5 support: 0; clusters: 405
Number of Clusters after addition by greedy: 405
partitions formed in 0.601 secs
Dynamic Programming starting after 0.601 secs
Polytree max score: 1272705
Polytree building time: 0.006 seconds.
Fail to load native library libAstral.dylib; use Java default computing method.
Number of quartet trees in the gene trees: 1272705
Computing hash values took 0 seconds
device length is: 2
TREE HEIGHT IS: 8
Size of largest cluster: 66
Size of largest cluster: 66
Finishing up:238 0 237
Total Number of elements: 237
Normalized score (portion of input quartet trees satisfied before correcting for multiple individuals): 0.855925764415163
Final optimization score: 1089341
Optimal tree inferred in 1.864 secs.
Weight calculation using polytrees cumulatively took 0.0 secs
(Pseudoxyrhopus-tritaeniatus_KU340969,(Prosymna-visseri_MCZR190223,(((((Buhoma-depressiceps_CFS1528,(Pseudaspis-cana_MCZA27068,(Aparallactus-capensis_MCZA28808,(((((Boiga-irregularis_KU345021,(((Thermophis-baileyi,(Micrelaps-sp_TauM16738,Grayia-smythii_KU341872)),(Calamaria-gervaisii_KU327406,Dipsas-indica_KU215336)),(Ahaetulla-prasina_KU323364,Chrysopelea-ornata))),(Sibynophis-bivittatus_KU309608,Pseudoxenodon-sp_KU312221)),((Pantherophis-obsoletus,(Pantherophis-guttatus,Pituophis-catenifer)),(Ptyas-mucosa,(Scolecophis-atrocinctus_KU289804,Tantilla-taeniata_KU289863)))),(Thamnophis-sirtalis,Thamnophis-elegans)),(((Levitonius-mirus_KU337269,(Myersophis-alpestris_KU308684,(Oxyrhabdium-leporinum_KU346583,(Oxyrhabdium-modestum_KU310866,Oxyrhabdium-cfmodestum_KU338101)))),(Cyclocorus-lineatus_KU335808,Hologerrhum-philippinum_KU330752)),(Micrurus-corallinus_KU289205,(Hemibungarus-mcclungi_KU303027,Ophiophagus-hannah))))))),(((Aplopeltura-boa_KU315147,(Achalinus-spinalis_KU312258,(Acrochordus-granulatus_KU302952,(Python-molurus,Boa-constrictor)))),((Bothrops-jararaca,(Crotalus-horridus,((Crotalus-pyrrhus,Crotalus-adamanteus),(Crotalus-viridis,Crotalus-tigris)))),(Vipera-berus,(Protobothrops-mucrosquamatus,Protobothrops-flavoviridis)))),(Cerberus-schneiderii_KU324534,Myanophis-thanlyinensis))),((Chamaelycus-fasciatus_KU348632,Lamprophis-lineatus_EBG706),(Psammophis-sibilans_RAX2053,Rhamphiophis-oxyrhynchus_KU290451))),(Naja-naja,(Elapsoidea-sundevallii_MCZR190390,((Pseudonaja-textilis,(Notechis-scutatus,(Emydocephalus-ijimae,((Hydrophis-curtus,Hydrophis-hardwickii),(Hydrophis-cyanocinctus,Hydrophis-melanocephalus))))),(Laticauda-colubrina,Laticauda-laticaudata))))),(Psammodynastes-pulverulentus_KU328547,Psammodynastes-pulverulentus_KU329686))));
Final quartet score is: 1245386
Final normalized quartet score is: 0.9785346957857477
You may want to ignore posterior probabilities and other statistics related to the following branch branch because the effective number of genes impacting it is only 2:
	{Micrelaps-sp_TauM16738, Grayia-smythii_KU341872}
You may want to ignore posterior probabilities and other statistics related to the following branch branch because the effective number of genes impacting it is only 2:
	{Micrelaps-sp_TauM16738, Grayia-smythii_KU341872, Thermophis-baileyi}
You may want to ignore posterior probabilities and other statistics related to the following branch branch because the effective number of genes impacting it is only 2:
	{Micrelaps-sp_TauM16738, Grayia-smythii_KU341872, Thermophis-baileyi, Calamaria-gervaisii_KU327406, Dipsas-indica_KU215336, Ahaetulla-prasina_KU323364, Chrysopelea-ornata, Boiga-irregularis_KU345021}
You may want to ignore posterior probabilities and other statistics related to the following branch branch because the effective number of genes impacting it is only 2:
	{Calamaria-gervaisii_KU327406, Dipsas-indica_KU215336}
You may want to ignore posterior probabilities and other statistics related to the following branch branch because the effective number of genes impacting it is only 2:
	{Micrelaps-sp_TauM16738, Grayia-smythii_KU341872, Thermophis-baileyi, Calamaria-gervaisii_KU327406, Dipsas-indica_KU215336}
You may want to ignore posterior probabilities and other statistics related to the following branch branch because the effective number of genes impacting it is only 2:
	{Ahaetulla-prasina_KU323364, Chrysopelea-ornata}
You may want to ignore posterior probabilities and other statistics related to the following branch branch because the effective number of genes impacting it is only 2:
	{Micrelaps-sp_TauM16738, Grayia-smythii_KU341872, Thermophis-baileyi, Calamaria-gervaisii_KU327406, Dipsas-indica_KU215336, Ahaetulla-prasina_KU323364, Chrysopelea-ornata}
You may want to ignore posterior probabilities and other statistics related to the following branch branch because the effective number of genes impacting it is only 2:
	{Pantherophis-guttatus, Pituophis-catenifer, Pantherophis-obsoletus}
You may want to ignore posterior probabilities and other statistics related to the following branch branch because the effective number of genes impacting it is only 2:
	{Scolecophis-atrocinctus_KU289804, Tantilla-taeniata_KU289863, Ptyas-mucosa}
You may want to ignore posterior probabilities and other statistics related to the following branch branch because the effective number of genes impacting it is only 1:
	{Sibynophis-bivittatus_KU309608, Pseudoxenodon-sp_KU312221}
You may want to ignore posterior probabilities and other statistics related to the following branch branch because the effective number of genes impacting it is only 2:
	{Pantherophis-guttatus, Pituophis-catenifer}
You may want to ignore posterior probabilities and other statistics related to the following branch branch because the effective number of genes impacting it is only 1:
	{Oxyrhabdium-modestum_KU310866, Oxyrhabdium-cfmodestum_KU338101}
You may want to ignore posterior probabilities and other statistics related to the following branch branch because the effective number of genes impacting it is only 2:
	{Sibynophis-bivittatus_KU309608, Pseudoxenodon-sp_KU312221, Micrelaps-sp_TauM16738, Grayia-smythii_KU341872, Thermophis-baileyi, Calamaria-gervaisii_KU327406, Dipsas-indica_KU215336, Ahaetulla-prasina_KU323364, Chrysopelea-ornata, Boiga-irregularis_KU345021, Scolecophis-atrocinctus_KU289804, Tantilla-taeniata_KU289863, Ptyas-mucosa, Pantherophis-guttatus, Pituophis-catenifer, Pantherophis-obsoletus}
You may want to ignore posterior probabilities and other statistics related to the following branch branch because the effective number of genes impacting it is only 2:
	{Sibynophis-bivittatus_KU309608, Pseudoxenodon-sp_KU312221, Micrelaps-sp_TauM16738, Grayia-smythii_KU341872, Thermophis-baileyi, Calamaria-gervaisii_KU327406, Dipsas-indica_KU215336, Ahaetulla-prasina_KU323364, Chrysopelea-ornata, Boiga-irregularis_KU345021}
You may want to ignore posterior probabilities and other statistics related to the following branch branch because the effective number of genes impacting it is only 2:
	{Scolecophis-atrocinctus_KU289804, Tantilla-taeniata_KU289863, Ptyas-mucosa, Pantherophis-guttatus, Pituophis-catenifer, Pantherophis-obsoletus}
You may want to ignore posterior probabilities and other statistics related to the following branch branch because the effective number of genes impacting it is only 1:
	{Oxyrhabdium-modestum_KU310866, Oxyrhabdium-cfmodestum_KU338101, Oxyrhabdium-leporinum_KU346583, Myersophis-alpestris_KU308684}
You may want to ignore posterior probabilities and other statistics related to the following branch branch because the effective number of genes impacting it is only 1:
	{Oxyrhabdium-modestum_KU310866, Oxyrhabdium-cfmodestum_KU338101, Oxyrhabdium-leporinum_KU346583, Myersophis-alpestris_KU308684, Levitonius-mirus_KU337269}
You may want to ignore posterior probabilities and other statistics related to the following branch branch because the effective number of genes impacting it is only 2:
	{Cyclocorus-lineatus_KU335808, Hologerrhum-philippinum_KU330752}
You may want to ignore posterior probabilities and other statistics related to the following branch branch because the effective number of genes impacting it is only 2:
	{Oxyrhabdium-modestum_KU310866, Oxyrhabdium-cfmodestum_KU338101, Oxyrhabdium-leporinum_KU346583, Myersophis-alpestris_KU308684, Cyclocorus-lineatus_KU335808, Hologerrhum-philippinum_KU330752, Levitonius-mirus_KU337269}
You may want to ignore posterior probabilities and other statistics related to the following branch branch because the effective number of genes impacting it is only 2:
	{Sibynophis-bivittatus_KU309608, Pseudoxenodon-sp_KU312221, Micrelaps-sp_TauM16738, Grayia-smythii_KU341872, Thermophis-baileyi, Calamaria-gervaisii_KU327406, Dipsas-indica_KU215336, Ahaetulla-prasina_KU323364, Chrysopelea-ornata, Boiga-irregularis_KU345021, Scolecophis-atrocinctus_KU289804, Tantilla-taeniata_KU289863, Ptyas-mucosa, Pantherophis-guttatus, Pituophis-catenifer, Pantherophis-obsoletus, Thamnophis-sirtalis, Thamnophis-elegans}
You may want to ignore posterior probabilities and other statistics related to the following branch branch because the effective number of genes impacting it is only 2:
	{Hemibungarus-mcclungi_KU303027, Ophiophagus-hannah}
You may want to ignore posterior probabilities and other statistics related to the following branch branch because the effective number of genes impacting it is only 2:
	{Scolecophis-atrocinctus_KU289804, Tantilla-taeniata_KU289863}
You may want to ignore posterior probabilities and other statistics related to the following branch branch because the effective number of genes impacting it is only 2:
	{Oxyrhabdium-modestum_KU310866, Oxyrhabdium-cfmodestum_KU338101, Oxyrhabdium-leporinum_KU346583, Myersophis-alpestris_KU308684, Cyclocorus-lineatus_KU335808, Hologerrhum-philippinum_KU330752, Hemibungarus-mcclungi_KU303027, Ophiophagus-hannah, Micrurus-corallinus_KU289205, Sibynophis-bivittatus_KU309608, Pseudoxenodon-sp_KU312221, Micrelaps-sp_TauM16738, Grayia-smythii_KU341872, Thermophis-baileyi, Calamaria-gervaisii_KU327406, Dipsas-indica_KU215336, Ahaetulla-prasina_KU323364, Chrysopelea-ornata, Boiga-irregularis_KU345021, Scolecophis-atrocinctus_KU289804, Tantilla-taeniata_KU289863, Ptyas-mucosa, Pantherophis-guttatus, Pituophis-catenifer, Pantherophis-obsoletus, Thamnophis-sirtalis, Thamnophis-elegans, Levitonius-mirus_KU337269}
You may want to ignore posterior probabilities and other statistics related to the following branch branch because the effective number of genes impacting it is only 2:
	{Pseudaspis-cana_MCZA27068, Oxyrhabdium-modestum_KU310866, Oxyrhabdium-cfmodestum_KU338101, Oxyrhabdium-leporinum_KU346583, Myersophis-alpestris_KU308684, Cyclocorus-lineatus_KU335808, Hologerrhum-philippinum_KU330752, Hemibungarus-mcclungi_KU303027, Ophiophagus-hannah, Micrurus-corallinus_KU289205, Sibynophis-bivittatus_KU309608, Pseudoxenodon-sp_KU312221, Micrelaps-sp_TauM16738, Grayia-smythii_KU341872, Thermophis-baileyi, Calamaria-gervaisii_KU327406, Dipsas-indica_KU215336, Ahaetulla-prasina_KU323364, Chrysopelea-ornata, Boiga-irregularis_KU345021, Scolecophis-atrocinctus_KU289804, Tantilla-taeniata_KU289863, Ptyas-mucosa, Pantherophis-guttatus, Pituophis-catenifer, Pantherophis-obsoletus, Thamnophis-sirtalis, Thamnophis-elegans, Aparallactus-capensis_MCZA28808, Levitonius-mirus_KU337269}
You may want to ignore posterior probabilities and other statistics related to the following branch branch because the effective number of genes impacting it is only 2:
	{Hemibungarus-mcclungi_KU303027, Ophiophagus-hannah, Micrurus-corallinus_KU289205}
You may want to ignore posterior probabilities and other statistics related to the following branch branch because the effective number of genes impacting it is only 2:
	{Python-molurus, Boa-constrictor}
You may want to ignore posterior probabilities and other statistics related to the following branch branch because the effective number of genes impacting it is only 2:
	{Oxyrhabdium-modestum_KU310866, Oxyrhabdium-cfmodestum_KU338101, Oxyrhabdium-leporinum_KU346583, Myersophis-alpestris_KU308684, Cyclocorus-lineatus_KU335808, Hologerrhum-philippinum_KU330752, Hemibungarus-mcclungi_KU303027, Ophiophagus-hannah, Micrurus-corallinus_KU289205, Levitonius-mirus_KU337269}
You may want to ignore posterior probabilities and other statistics related to the following branch branch because the effective number of genes impacting it is only 2:
	{Pseudaspis-cana_MCZA27068, Oxyrhabdium-modestum_KU310866, Oxyrhabdium-cfmodestum_KU338101, Oxyrhabdium-leporinum_KU346583, Myersophis-alpestris_KU308684, Cyclocorus-lineatus_KU335808, Hologerrhum-philippinum_KU330752, Hemibungarus-mcclungi_KU303027, Ophiophagus-hannah, Micrurus-corallinus_KU289205, Sibynophis-bivittatus_KU309608, Pseudoxenodon-sp_KU312221, Micrelaps-sp_TauM16738, Grayia-smythii_KU341872, Thermophis-baileyi, Calamaria-gervaisii_KU327406, Dipsas-indica_KU215336, Ahaetulla-prasina_KU323364, Chrysopelea-ornata, Boiga-irregularis_KU345021, Scolecophis-atrocinctus_KU289804, Tantilla-taeniata_KU289863, Ptyas-mucosa, Pantherophis-guttatus, Pituophis-catenifer, Pantherophis-obsoletus, Thamnophis-sirtalis, Thamnophis-elegans, Aparallactus-capensis_MCZA28808, Buhoma-depressiceps_CFS1528, Levitonius-mirus_KU337269}
You may want to ignore posterior probabilities and other statistics related to the following branch branch because the effective number of genes impacting it is only 2:
	{Achalinus-spinalis_KU312258, Acrochordus-granulatus_KU302952, Python-molurus, Boa-constrictor, Aplopeltura-boa_KU315147}
You may want to ignore posterior probabilities and other statistics related to the following branch branch because the effective number of genes impacting it is only 2:
	{Crotalus-pyrrhus, Crotalus-adamanteus}
You may want to ignore posterior probabilities and other statistics related to the following branch branch because the effective number of genes impacting it is only 2:
	{Crotalus-viridis, Crotalus-tigris}
You may want to ignore posterior probabilities and other statistics related to the following branch branch because the effective number of genes impacting it is only 2:
	{Thamnophis-sirtalis, Thamnophis-elegans}
You may want to ignore posterior probabilities and other statistics related to the following branch branch because the effective number of genes impacting it is only 2:
	{Crotalus-pyrrhus, Crotalus-adamanteus, Crotalus-viridis, Crotalus-tigris, Crotalus-horridus}
You may want to ignore posterior probabilities and other statistics related to the following branch branch because the effective number of genes impacting it is only 2:
	{Acrochordus-granulatus_KU302952, Python-molurus, Boa-constrictor}
You may want to ignore posterior probabilities and other statistics related to the following branch branch because the effective number of genes impacting it is only 2:
	{Crotalus-pyrrhus, Crotalus-adamanteus, Crotalus-viridis, Crotalus-tigris, Crotalus-horridus, Bothrops-jararaca}
You may want to ignore posterior probabilities and other statistics related to the following branch branch because the effective number of genes impacting it is only 2:
	{Oxyrhabdium-modestum_KU310866, Oxyrhabdium-cfmodestum_KU338101, Oxyrhabdium-leporinum_KU346583, Myersophis-alpestris_KU308684, Cyclocorus-lineatus_KU335808, Hologerrhum-philippinum_KU330752, Hemibungarus-mcclungi_KU303027, Ophiophagus-hannah, Micrurus-corallinus_KU289205, Sibynophis-bivittatus_KU309608, Pseudoxenodon-sp_KU312221, Micrelaps-sp_TauM16738, Grayia-smythii_KU341872, Thermophis-baileyi, Calamaria-gervaisii_KU327406, Dipsas-indica_KU215336, Ahaetulla-prasina_KU323364, Chrysopelea-ornata, Boiga-irregularis_KU345021, Scolecophis-atrocinctus_KU289804, Tantilla-taeniata_KU289863, Ptyas-mucosa, Pantherophis-guttatus, Pituophis-catenifer, Pantherophis-obsoletus, Thamnophis-sirtalis, Thamnophis-elegans, Aparallactus-capensis_MCZA28808, Levitonius-mirus_KU337269}
You may want to ignore posterior probabilities and other statistics related to the following branch branch because the effective number of genes impacting it is only 2:
	{Protobothrops-mucrosquamatus, Protobothrops-flavoviridis}
You may want to ignore posterior probabilities and other statistics related to the following branch branch because the effective number of genes impacting it is only 2:
	{Achalinus-spinalis_KU312258, Acrochordus-granulatus_KU302952, Python-molurus, Boa-constrictor, Aplopeltura-boa_KU315147, Crotalus-pyrrhus, Crotalus-adamanteus, Crotalus-viridis, Crotalus-tigris, Crotalus-horridus, Bothrops-jararaca, Vipera-berus, Protobothrops-mucrosquamatus, Protobothrops-flavoviridis}
You may want to ignore posterior probabilities and other statistics related to the following branch branch because the effective number of genes impacting it is only 2:
	{Crotalus-pyrrhus, Crotalus-adamanteus, Crotalus-viridis, Crotalus-tigris, Crotalus-horridus, Bothrops-jararaca, Vipera-berus, Protobothrops-mucrosquamatus, Protobothrops-flavoviridis}
You may want to ignore posterior probabilities and other statistics related to the following branch branch because the effective number of genes impacting it is only 2:
	{Vipera-berus, Protobothrops-mucrosquamatus, Protobothrops-flavoviridis}
You may want to ignore posterior probabilities and other statistics related to the following branch branch because the effective number of genes impacting it is only 2:
	{Chamaelycus-fasciatus_KU348632, Lamprophis-lineatus_EBG706}
You may want to ignore posterior probabilities and other statistics related to the following branch branch because the effective number of genes impacting it is only 2:
	{Pseudaspis-cana_MCZA27068, Oxyrhabdium-modestum_KU310866, Oxyrhabdium-cfmodestum_KU338101, Oxyrhabdium-leporinum_KU346583, Myersophis-alpestris_KU308684, Cyclocorus-lineatus_KU335808, Hologerrhum-philippinum_KU330752, Hemibungarus-mcclungi_KU303027, Ophiophagus-hannah, Micrurus-corallinus_KU289205, Sibynophis-bivittatus_KU309608, Pseudoxenodon-sp_KU312221, Micrelaps-sp_TauM16738, Grayia-smythii_KU341872, Thermophis-baileyi, Calamaria-gervaisii_KU327406, Dipsas-indica_KU215336, Ahaetulla-prasina_KU323364, Chrysopelea-ornata, Boiga-irregularis_KU345021, Scolecophis-atrocinctus_KU289804, Tantilla-taeniata_KU289863, Ptyas-mucosa, Pantherophis-guttatus, Pituophis-catenifer, Pantherophis-obsoletus, Thamnophis-sirtalis, Thamnophis-elegans, Aparallactus-capensis_MCZA28808, Buhoma-depressiceps_CFS1528, Achalinus-spinalis_KU312258, Acrochordus-granulatus_KU302952, Python-molurus, Boa-constrictor, Aplopeltura-boa_KU315147, Crotalus-pyrrhus, Crotalus-adamanteus, Crotalus-viridis, Crotalus-tigris, Crotalus-horridus, Bothrops-jararaca, Vipera-berus, Protobothrops-mucrosquamatus, Protobothrops-flavoviridis, Cerberus-schneiderii_KU324534, Myanophis-thanlyinensis, Levitonius-mirus_KU337269}
You may want to ignore posterior probabilities and other statistics related to the following branch branch because the effective number of genes impacting it is only 2:
	{Achalinus-spinalis_KU312258, Acrochordus-granulatus_KU302952, Python-molurus, Boa-constrictor, Aplopeltura-boa_KU315147, Crotalus-pyrrhus, Crotalus-adamanteus, Crotalus-viridis, Crotalus-tigris, Crotalus-horridus, Bothrops-jararaca, Vipera-berus, Protobothrops-mucrosquamatus, Protobothrops-flavoviridis, Cerberus-schneiderii_KU324534, Myanophis-thanlyinensis}
You may want to ignore posterior probabilities and other statistics related to the following branch branch because the effective number of genes impacting it is only 2:
	{Cerberus-schneiderii_KU324534, Myanophis-thanlyinensis}
You may want to ignore posterior probabilities and other statistics related to the following branch branch because the effective number of genes impacting it is only 1:
	{Psammophis-sibilans_RAX2053, Rhamphiophis-oxyrhynchus_KU290451}
You may want to ignore posterior probabilities and other statistics related to the following branch branch because the effective number of genes impacting it is only 2:
	{Chamaelycus-fasciatus_KU348632, Lamprophis-lineatus_EBG706, Psammophis-sibilans_RAX2053, Rhamphiophis-oxyrhynchus_KU290451}
You may want to ignore posterior probabilities and other statistics related to the following branch branch because the effective number of genes impacting it is only 2:
	{Hydrophis-curtus, Hydrophis-hardwickii, Hydrophis-cyanocinctus, Hydrophis-melanocephalus}
You may want to ignore posterior probabilities and other statistics related to the following branch branch because the effective number of genes impacting it is only 2:
	{Pseudaspis-cana_MCZA27068, Oxyrhabdium-modestum_KU310866, Oxyrhabdium-cfmodestum_KU338101, Oxyrhabdium-leporinum_KU346583, Myersophis-alpestris_KU308684, Cyclocorus-lineatus_KU335808, Hologerrhum-philippinum_KU330752, Hemibungarus-mcclungi_KU303027, Ophiophagus-hannah, Micrurus-corallinus_KU289205, Sibynophis-bivittatus_KU309608, Pseudoxenodon-sp_KU312221, Micrelaps-sp_TauM16738, Grayia-smythii_KU341872, Thermophis-baileyi, Calamaria-gervaisii_KU327406, Dipsas-indica_KU215336, Ahaetulla-prasina_KU323364, Chrysopelea-ornata, Boiga-irregularis_KU345021, Scolecophis-atrocinctus_KU289804, Tantilla-taeniata_KU289863, Ptyas-mucosa, Pantherophis-guttatus, Pituophis-catenifer, Pantherophis-obsoletus, Thamnophis-sirtalis, Thamnophis-elegans, Aparallactus-capensis_MCZA28808, Buhoma-depressiceps_CFS1528, Achalinus-spinalis_KU312258, Acrochordus-granulatus_KU302952, Python-molurus, Boa-constrictor, Aplopeltura-boa_KU315147, Crotalus-pyrrhus, Crotalus-adamanteus, Crotalus-viridis, Crotalus-tigris, Crotalus-horridus, Bothrops-jararaca, Vipera-berus, Protobothrops-mucrosquamatus, Protobothrops-flavoviridis, Cerberus-schneiderii_KU324534, Myanophis-thanlyinensis, Chamaelycus-fasciatus_KU348632, Lamprophis-lineatus_EBG706, Psammophis-sibilans_RAX2053, Rhamphiophis-oxyrhynchus_KU290451, Levitonius-mirus_KU337269}
You may want to ignore posterior probabilities and other statistics related to the following branch branch because the effective number of genes impacting it is only 2:
	{Hydrophis-curtus, Hydrophis-hardwickii}
You may want to ignore posterior probabilities and other statistics related to the following branch branch because the effective number of genes impacting it is only 2:
	{Hydrophis-curtus, Hydrophis-hardwickii, Hydrophis-cyanocinctus, Hydrophis-melanocephalus, Emydocephalus-ijimae, Notechis-scutatus}
You may want to ignore posterior probabilities and other statistics related to the following branch branch because the effective number of genes impacting it is only 2:
	{Hydrophis-cyanocinctus, Hydrophis-melanocephalus}
You may want to ignore posterior probabilities and other statistics related to the following branch branch because the effective number of genes impacting it is only 2:
	{Hydrophis-curtus, Hydrophis-hardwickii, Hydrophis-cyanocinctus, Hydrophis-melanocephalus, Emydocephalus-ijimae, Notechis-scutatus, Pseudonaja-textilis}
You may want to ignore posterior probabilities and other statistics related to the following branch branch because the effective number of genes impacting it is only 2:
	{Laticauda-colubrina, Laticauda-laticaudata}
You may want to ignore posterior probabilities and other statistics related to the following branch branch because the effective number of genes impacting it is only 2:
	{Elapsoidea-sundevallii_MCZR190390, Hydrophis-curtus, Hydrophis-hardwickii, Hydrophis-cyanocinctus, Hydrophis-melanocephalus, Emydocephalus-ijimae, Notechis-scutatus, Pseudonaja-textilis, Laticauda-colubrina, Laticauda-laticaudata}
You may want to ignore posterior probabilities and other statistics related to the following branch branch because the effective number of genes impacting it is only 2:
	{Hydrophis-curtus, Hydrophis-hardwickii, Hydrophis-cyanocinctus, Hydrophis-melanocephalus, Emydocephalus-ijimae}
You may want to ignore posterior probabilities and other statistics related to the following branch branch because the effective number of genes impacting it is only 2:
	{Elapsoidea-sundevallii_MCZR190390, Hydrophis-curtus, Hydrophis-hardwickii, Hydrophis-cyanocinctus, Hydrophis-melanocephalus, Emydocephalus-ijimae, Notechis-scutatus, Pseudonaja-textilis, Laticauda-colubrina, Laticauda-laticaudata, Naja-naja}
You may want to ignore posterior probabilities and other statistics related to the following branch branch because the effective number of genes impacting it is only 2:
	{Pseudaspis-cana_MCZA27068, Oxyrhabdium-modestum_KU310866, Oxyrhabdium-cfmodestum_KU338101, Oxyrhabdium-leporinum_KU346583, Myersophis-alpestris_KU308684, Cyclocorus-lineatus_KU335808, Hologerrhum-philippinum_KU330752, Hemibungarus-mcclungi_KU303027, Ophiophagus-hannah, Micrurus-corallinus_KU289205, Sibynophis-bivittatus_KU309608, Pseudoxenodon-sp_KU312221, Micrelaps-sp_TauM16738, Grayia-smythii_KU341872, Thermophis-baileyi, Calamaria-gervaisii_KU327406, Dipsas-indica_KU215336, Ahaetulla-prasina_KU323364, Chrysopelea-ornata, Boiga-irregularis_KU345021, Scolecophis-atrocinctus_KU289804, Tantilla-taeniata_KU289863, Ptyas-mucosa, Pantherophis-guttatus, Pituophis-catenifer, Pantherophis-obsoletus, Thamnophis-sirtalis, Thamnophis-elegans, Aparallactus-capensis_MCZA28808, Buhoma-depressiceps_CFS1528, Achalinus-spinalis_KU312258, Acrochordus-granulatus_KU302952, Python-molurus, Boa-constrictor, Aplopeltura-boa_KU315147, Crotalus-pyrrhus, Crotalus-adamanteus, Crotalus-viridis, Crotalus-tigris, Crotalus-horridus, Bothrops-jararaca, Vipera-berus, Protobothrops-mucrosquamatus, Protobothrops-flavoviridis, Cerberus-schneiderii_KU324534, Myanophis-thanlyinensis, Chamaelycus-fasciatus_KU348632, Lamprophis-lineatus_EBG706, Psammophis-sibilans_RAX2053, Rhamphiophis-oxyrhynchus_KU290451, Elapsoidea-sundevallii_MCZR190390, Hydrophis-curtus, Hydrophis-hardwickii, Hydrophis-cyanocinctus, Hydrophis-melanocephalus, Emydocephalus-ijimae, Notechis-scutatus, Pseudonaja-textilis, Laticauda-colubrina, Laticauda-laticaudata, Naja-naja, Levitonius-mirus_KU337269}
You may want to ignore posterior probabilities and other statistics related to the following branch branch because the effective number of genes impacting it is only 2:
	{Hydrophis-curtus, Hydrophis-hardwickii, Hydrophis-cyanocinctus, Hydrophis-melanocephalus, Emydocephalus-ijimae, Notechis-scutatus, Pseudonaja-textilis, Laticauda-colubrina, Laticauda-laticaudata}
You may want to ignore posterior probabilities and other statistics related to the following branch branch because the effective number of genes impacting it is only 2:
	{Pseudaspis-cana_MCZA27068, Oxyrhabdium-modestum_KU310866, Oxyrhabdium-cfmodestum_KU338101, Oxyrhabdium-leporinum_KU346583, Myersophis-alpestris_KU308684, Cyclocorus-lineatus_KU335808, Hologerrhum-philippinum_KU330752, Hemibungarus-mcclungi_KU303027, Ophiophagus-hannah, Micrurus-corallinus_KU289205, Sibynophis-bivittatus_KU309608, Pseudoxenodon-sp_KU312221, Micrelaps-sp_TauM16738, Grayia-smythii_KU341872, Thermophis-baileyi, Calamaria-gervaisii_KU327406, Dipsas-indica_KU215336, Ahaetulla-prasina_KU323364, Chrysopelea-ornata, Boiga-irregularis_KU345021, Scolecophis-atrocinctus_KU289804, Tantilla-taeniata_KU289863, Ptyas-mucosa, Pantherophis-guttatus, Pituophis-catenifer, Pantherophis-obsoletus, Thamnophis-sirtalis, Thamnophis-elegans, Aparallactus-capensis_MCZA28808, Buhoma-depressiceps_CFS1528, Achalinus-spinalis_KU312258, Acrochordus-granulatus_KU302952, Python-molurus, Boa-constrictor, Aplopeltura-boa_KU315147, Crotalus-pyrrhus, Crotalus-adamanteus, Crotalus-viridis, Crotalus-tigris, Crotalus-horridus, Bothrops-jararaca, Vipera-berus, Protobothrops-mucrosquamatus, Protobothrops-flavoviridis, Cerberus-schneiderii_KU324534, Myanophis-thanlyinensis, Chamaelycus-fasciatus_KU348632, Lamprophis-lineatus_EBG706, Psammophis-sibilans_RAX2053, Rhamphiophis-oxyrhynchus_KU290451, Elapsoidea-sundevallii_MCZR190390, Hydrophis-curtus, Hydrophis-hardwickii, Hydrophis-cyanocinctus, Hydrophis-melanocephalus, Emydocephalus-ijimae, Notechis-scutatus, Pseudonaja-textilis, Laticauda-colubrina, Laticauda-laticaudata, Naja-naja, Psammodynastes-pulverulentus_KU328547, Psammodynastes-pulverulentus_KU329686, Levitonius-mirus_KU337269}
You may want to ignore posterior probabilities and other statistics related to the following branch branch because the effective number of genes impacting it is only 2:
	{Psammodynastes-pulverulentus_KU328547, Psammodynastes-pulverulentus_KU329686}
You may want to ignore posterior probabilities and other statistics related to the following branch branch because the effective number of genes impacting it is only 2:
	{Achalinus-spinalis_KU312258, Acrochordus-granulatus_KU302952, Python-molurus, Boa-constrictor}
You may want to ignore posterior probabilities and other statistics related to the following branch branch because the effective number of genes impacting it is only 2:
	{Crotalus-pyrrhus, Crotalus-adamanteus, Crotalus-viridis, Crotalus-tigris}
You may want to ignore posterior probabilities and other statistics related to the following branch branch because the effective number of genes impacting it is only 2:
	{Oxyrhabdium-modestum_KU310866, Oxyrhabdium-cfmodestum_KU338101, Oxyrhabdium-leporinum_KU346583}
(Pseudoxyrhopus-tritaeniatus_KU340969,(Prosymna-visseri_MCZR190223,(((((Buhoma-depressiceps_CFS1528,(Pseudaspis-cana_MCZA27068,(Aparallactus-capensis_MCZA28808,(((((Boiga-irregularis_KU345021,(((Thermophis-baileyi,(Micrelaps-sp_TauM16738,Grayia-smythii_KU341872)0.52:0.10536051565782616)0.46:0.004319661144516507,(Calamaria-gervaisii_KU327406,Dipsas-indica_KU215336)0.6:0.17887921260298176)0.56:0.13693855094613705,(Ahaetulla-prasina_KU323364,Chrysopelea-ornata)0.87:0.6931471805599453)0.49:0.05608946665104347)0.67:0.2824050153509373,(Sibynophis-bivittatus_KU309608,Pseudoxenodon-sp_KU312221)0.67:0.2876820724517809)0.56:0.13950155961102637,((Pantherophis-obsoletus,(Pantherophis-guttatus,Pituophis-catenifer)0.42:0.0)0.87:0.6931471805599453,(Ptyas-mucosa,(Scolecophis-atrocinctus_KU289804,Tantilla-taeniata_KU289863)0.87:0.6931471805599453)0.42:0.0)0.87:0.6931471805599453)0.55:0.11778303565638351,(Thamnophis-sirtalis,Thamnophis-elegans)0.87:0.6931471805599453)0.85:0.6405034470745234,(((Levitonius-mirus_KU337269,(Myersophis-alpestris_KU308684,(Oxyrhabdium-leporinum_KU346583,(Oxyrhabdium-modestum_KU310866,Oxyrhabdium-cfmodestum_KU338101)0.67:0.2876820724517809)0.87:0.6931471805599453)0.67:0.2876820724517809)0.67:0.2876820724517809,(Cyclocorus-lineatus_KU335808,Hologerrhum-philippinum_KU330752)0.87:0.6931471805599453)0.87:0.6931471805599453,(Micrurus-corallinus_KU289205,(Hemibungarus-mcclungi_KU303027,Ophiophagus-hannah)0.81:0.5389965007326871)0.8:0.5077439572285826)0.63:0.23152516094892184)0.59:0.16643534168162746)0.44:0.014388737452099443)0.53:0.09716374845364774)0.54:0.11332868530700299,(((Aplopeltura-boa_KU315147,(Achalinus-spinalis_KU312258,(Acrochordus-granulatus_KU302952,(Python-molurus,Boa-constrictor)0.87:0.6931471805599453)0.87:0.6931471805599453)0.87:0.6931471805599453)0.42:0.0,((Bothrops-jararaca,(Crotalus-horridus,((Crotalus-pyrrhus,Crotalus-adamanteus)0.42:0.0,(Crotalus-viridis,Crotalus-tigris)0.87:0.6931471805599453)0.87:0.6931471805599453)0.87:0.6931471805599453)0.87:0.6931471805599453,(Vipera-berus,(Protobothrops-mucrosquamatus,Protobothrops-flavoviridis)0.87:0.6931471805599453)0.42:0.0)0.87:0.6931471805599453)0.87:0.6931471805599453,(Cerberus-schneiderii_KU324534,Myanophis-thanlyinensis)0.87:0.6931471805599453)0.64:0.25378052077609975)0.8:0.5089117475837064,((Chamaelycus-fasciatus_KU348632,Lamprophis-lineatus_EBG706)0.87:0.6931471805599453,(Psammophis-sibilans_RAX2053,Rhamphiophis-oxyrhynchus_KU290451)0.67:0.2876820724517809)0.54:0.11861671640496078)0.44:0.010237409093220153,(Naja-naja,(Elapsoidea-sundevallii_MCZR190390,((Pseudonaja-textilis,(Notechis-scutatus,(Emydocephalus-ijimae,((Hydrophis-curtus,Hydrophis-hardwickii)0.87:0.6931471805599453,(Hydrophis-cyanocinctus,Hydrophis-melanocephalus)0.87:0.6931471805599453)0.87:0.6931471805599453)0.87:0.6931471805599453)0.87:0.6931471805599453)0.87:0.6931471805599453,(Laticauda-colubrina,Laticauda-laticaudata)0.87:0.6931471805599453)0.87:0.6931471805599453)0.43:0.009661910911736746)0.86:0.6704891566673613)0.66:0.27388875031944515,(Psammodynastes-pulverulentus_KU328547,Psammodynastes-pulverulentus_KU329686)0.87:0.6931471805599453)0.43:0.0));
ASTRAL finished in 2.053 secs
Shutting down threading
