

================== ASTRAL ===================== 

This is ASTRAL version 5.15.5
Warning: 
 Fail to load native library libAstral.dylib; use Java default computing method without AVX2, which is 4X slower. 
 Make sure you are using the correct Djava.library.path (to the `lib` directory under ASTRAL where libAstral.dylib can be found). 
 Trying running make.sh. For mode debugging, run: java -Djava.library.path=lib/ -jar native_library_tester.jar
Gene trees are treated as unrooted
Detected GPU devices: 
Device 1 of 2: Apple M1 cl_device_id[0xffffffff] Vendor: Intel
Device 2 of 2: Apple M1 cl_device_id[0x1027f00] Vendor: Apple
Will use Device : Apple M1
Will use Device : Apple M1
Starting 8 threads ...
There are 8 threads used to run.
2 trees read from /dev/fd/11
All output trees will be *arbitrarily* rooted at Sibynophis-bivittatus_KU309608

======== Running the main analysis
Number of taxa: 62 (62 species)
Taxa: [Sibynophis-bivittatus_KU309608, Tantilla-taeniata_KU289863, Ptyas-mucosa, Pantherophis-guttatus, Pantherophis-obsoletus, Pituophis-catenifer, Boiga-irregularis_KU345021, Chrysopelea-ornata, Ahaetulla-prasina_KU323364, Grayia-smythii_KU341872, Prosymna-visseri_MCZR190223, Cyclocorus-lineatus_KU335808, Hologerrhum-philippinum_KU330752, Elapsoidea-sundevallii_MCZR190390, Psammodynastes-pulverulentus_KU328547, Micrurus-corallinus_KU289205, Oxyrhabdium-cfmodestum_KU338101, Psammodynastes-pulverulentus_KU329686, Pseudaspis-cana_MCZA27068, Lamprophis-lineatus_EBG706, Hemibungarus-mcclungi_KU303027, Naja-naja, Hydrophis-curtus, Hydrophis-hardwickii, Hydrophis-cyanocinctus, Hydrophis-melanocephalus, Emydocephalus-ijimae, Notechis-scutatus, Pseudonaja-textilis, Psammophis-sibilans_RAX2053, Oxyrhabdium-leporinum_KU346583, Myersophis-alpestris_KU308684, Levitonius-mirus_KU337269, Crotalus-pyrrhus, Crotalus-tigris, Crotalus-viridis, Crotalus-adamanteus, Crotalus-horridus, Bothrops-jararaca, Protobothrops-mucrosquamatus, Protobothrops-flavoviridis, Vipera-berus, Cerberus-schneiderii_KU324534, Myanophis-thanlyinensis, Pseudoxenodon-sp_KU312221, Thermophis-baileyi, Thamnophis-sirtalis, Thamnophis-elegans, Calamaria-gervaisii_KU327406, Acrochordus-granulatus_KU302952, Scolecophis-atrocinctus_KU289804, Dipsas-indica_KU215336, Aparallactus-capensis_MCZA28808, Pseudoxyrhopus-tritaeniatus_KU340969, Micrelaps-sp_TauM16738, Ophiophagus-hannah, Laticauda-colubrina, Laticauda-laticaudata, Chamaelycus-fasciatus_KU348632, Oxyrhabdium-modestum_KU310866, Python-molurus, Boa-constrictor]
Taxon occupancy: {Protobothrops-flavoviridis=2, Hologerrhum-philippinum_KU330752=2, Thamnophis-sirtalis=2, Hydrophis-hardwickii=2, Psammophis-sibilans_RAX2053=2, Crotalus-pyrrhus=2, Elapsoidea-sundevallii_MCZR190390=2, Bothrops-jararaca=1, Notechis-scutatus=2, Levitonius-mirus_KU337269=2, Ophiophagus-hannah=1, Ptyas-mucosa=2, Calamaria-gervaisii_KU327406=2, Scolecophis-atrocinctus_KU289804=1, Boiga-irregularis_KU345021=2, Aparallactus-capensis_MCZA28808=1, Myanophis-thanlyinensis=2, Ahaetulla-prasina_KU323364=2, Python-molurus=1, Psammodynastes-pulverulentus_KU328547=2, Pseudaspis-cana_MCZA27068=2, Crotalus-tigris=2, Pantherophis-obsoletus=2, Protobothrops-mucrosquamatus=2, Vipera-berus=2, Chrysopelea-ornata=2, Thamnophis-elegans=1, Laticauda-laticaudata=1, Myersophis-alpestris_KU308684=2, Oxyrhabdium-leporinum_KU346583=2, Acrochordus-granulatus_KU302952=1, Cyclocorus-lineatus_KU335808=1, Oxyrhabdium-cfmodestum_KU338101=2, Tantilla-taeniata_KU289863=1, Grayia-smythii_KU341872=2, Crotalus-viridis=2, Crotalus-adamanteus=2, Pseudoxyrhopus-tritaeniatus_KU340969=1, Dipsas-indica_KU215336=1, Oxyrhabdium-modestum_KU310866=1, Emydocephalus-ijimae=2, Pantherophis-guttatus=2, Sibynophis-bivittatus_KU309608=2, Thermophis-baileyi=2, Pituophis-catenifer=2, Lamprophis-lineatus_EBG706=2, Hydrophis-curtus=2, Pseudoxenodon-sp_KU312221=2, Hemibungarus-mcclungi_KU303027=2, Pseudonaja-textilis=2, Chamaelycus-fasciatus_KU348632=1, Laticauda-colubrina=1, Crotalus-horridus=2, Micrurus-corallinus_KU289205=2, Boa-constrictor=1, Psammodynastes-pulverulentus_KU329686=2, Hydrophis-melanocephalus=2, Micrelaps-sp_TauM16738=1, Prosymna-visseri_MCZR190223=1, Naja-naja=2, Hydrophis-cyanocinctus=2, Cerberus-schneiderii_KU324534=1}
Using polytree-based weight calculation.
Number of gene trees: 2
2 trees have missing taxa
Calculating distance matrix (for completion of X) ....with 4 distance matrices for parallellism
Species tree distances calculated ...

Will attempt to complete bipartitions from X before adding using a distance matrix.
Building set of clusters (X) from gene trees 
------------------------------
Number of Clusters after addition from gene trees: 325
Number of Clusters after addition by distance: 325
Adding to X using resolutions of greedy consensus ...

Computing greedy consensus  
took 0 seconds
Limit for sigma of degrees:1600

polytomy size limit : > 3
 []
discarded polytomies: 
Threshold 0.0:
Threshold 0.01:
Threshold 0.02:
Threshold 0.05:
Threshold 0.1:
Threshold 0.2:
Threshold 0.3333333333333333:
Number of Clusters after addition by greedy: 325
partitions formed in 0.339 secs
Dynamic Programming starting after 0.339 secs
Polytree max score: 579166
Polytree building time: 0.008 seconds.
Fail to load native library libAstral.dylib; use Java default computing method.
Number of quartet trees in the gene trees: 579166
Computing hash values took 0 seconds
device length is: 2
TREE HEIGHT IS: 8
Size of largest cluster: 62
Size of largest cluster: 62
Finishing up:132 0 131
Total Number of elements: 131
Normalized score (portion of input quartet trees satisfied before correcting for multiple individuals): 0.9447274183912729
Final optimization score: 547154
Optimal tree inferred in 1.607 secs.
Weight calculation using polytrees cumulatively took 0.0 secs
(Sibynophis-bivittatus_KU309608,((((((((Micrelaps-sp_TauM16738,((Micrurus-corallinus_KU289205,(((Emydocephalus-ijimae,((Hydrophis-cyanocinctus,Hydrophis-melanocephalus),(Hydrophis-curtus,Hydrophis-hardwickii))),(Laticauda-colubrina,Laticauda-laticaudata)),(Notechis-scutatus,Pseudonaja-textilis))),((Elapsoidea-sundevallii_MCZR190390,Hemibungarus-mcclungi_KU303027),(Naja-naja,Ophiophagus-hannah)))),(Prosymna-visseri_MCZR190223,(Psammodynastes-pulverulentus_KU328547,Psammodynastes-pulverulentus_KU329686))),(Pseudoxyrhopus-tritaeniatus_KU340969,(Psammophis-sibilans_RAX2053,(Lamprophis-lineatus_EBG706,(Pseudaspis-cana_MCZA27068,Aparallactus-capensis_MCZA28808))))),((Myersophis-alpestris_KU308684,(Levitonius-mirus_KU337269,(Oxyrhabdium-leporinum_KU346583,(Oxyrhabdium-cfmodestum_KU338101,Oxyrhabdium-modestum_KU310866)))),(Cyclocorus-lineatus_KU335808,(Hologerrhum-philippinum_KU330752,Chamaelycus-fasciatus_KU348632)))),(((Vipera-berus,((Bothrops-jararaca,((Crotalus-viridis,(Crotalus-adamanteus,Crotalus-horridus)),(Crotalus-pyrrhus,Crotalus-tigris))),(Protobothrops-mucrosquamatus,Protobothrops-flavoviridis))),(Acrochordus-granulatus_KU302952,(Python-molurus,Boa-constrictor))),(Cerberus-schneiderii_KU324534,Myanophis-thanlyinensis))),(Thamnophis-sirtalis,Thamnophis-elegans)),((Calamaria-gervaisii_KU327406,(((Pituophis-catenifer,(Pantherophis-guttatus,Pantherophis-obsoletus)),(Tantilla-taeniata_KU289863,Ptyas-mucosa)),(Boiga-irregularis_KU345021,(Ahaetulla-prasina_KU323364,Scolecophis-atrocinctus_KU289804)))),(Chrysopelea-ornata,Grayia-smythii_KU341872))),(Pseudoxenodon-sp_KU312221,(Thermophis-baileyi,Dipsas-indica_KU215336))));
Final quartet score is: 643959
Final normalized quartet score is: 1.1118729345299965
You may want to ignore posterior probabilities and other statistics related to the following branch branch because the effective number of genes impacting it is only 1:
	{Laticauda-colubrina, Laticauda-laticaudata}
You may want to ignore posterior probabilities and other statistics related to the following branch branch because the effective number of genes impacting it is only 1:
	{Hydrophis-curtus, Hydrophis-hardwickii, Hydrophis-cyanocinctus, Hydrophis-melanocephalus, Emydocephalus-ijimae}
You may want to ignore posterior probabilities and other statistics related to the following branch branch because the effective number of genes impacting it is only 2:
	{Notechis-scutatus, Pseudonaja-textilis}
You may want to ignore posterior probabilities and other statistics related to the following branch branch because the effective number of genes impacting it is only 1:
	{Hydrophis-curtus, Hydrophis-hardwickii, Hydrophis-cyanocinctus, Hydrophis-melanocephalus, Emydocephalus-ijimae, Laticauda-colubrina, Laticauda-laticaudata}
You may want to ignore posterior probabilities and other statistics related to the following branch branch because the effective number of genes impacting it is only 2:
	{Hydrophis-cyanocinctus, Hydrophis-melanocephalus}
You may want to ignore posterior probabilities and other statistics related to the following branch branch because the effective number of genes impacting it is only 2:
	{Hydrophis-curtus, Hydrophis-hardwickii, Hydrophis-cyanocinctus, Hydrophis-melanocephalus}
You may want to ignore posterior probabilities and other statistics related to the following branch branch because the effective number of genes impacting it is only 2:
	{Hydrophis-curtus, Hydrophis-hardwickii}
You may want to ignore posterior probabilities and other statistics related to the following branch branch because the effective number of genes impacting it is only 1:
	{Naja-naja, Ophiophagus-hannah}
You may want to ignore posterior probabilities and other statistics related to the following branch branch because the effective number of genes impacting it is only 2:
	{Hydrophis-curtus, Hydrophis-hardwickii, Hydrophis-cyanocinctus, Hydrophis-melanocephalus, Emydocephalus-ijimae, Notechis-scutatus, Pseudonaja-textilis, Laticauda-colubrina, Laticauda-laticaudata}
You may want to ignore posterior probabilities and other statistics related to the following branch branch because the effective number of genes impacting it is only 1:
	{Elapsoidea-sundevallii_MCZR190390, Micrurus-corallinus_KU289205, Hemibungarus-mcclungi_KU303027, Naja-naja, Hydrophis-curtus, Hydrophis-hardwickii, Hydrophis-cyanocinctus, Hydrophis-melanocephalus, Emydocephalus-ijimae, Notechis-scutatus, Pseudonaja-textilis, Ophiophagus-hannah, Laticauda-colubrina, Laticauda-laticaudata}
You may want to ignore posterior probabilities and other statistics related to the following branch branch because the effective number of genes impacting it is only 1:
	{Psammodynastes-pulverulentus_KU328547, Psammodynastes-pulverulentus_KU329686}
You may want to ignore posterior probabilities and other statistics related to the following branch branch because the effective number of genes impacting it is only 2:
	{Elapsoidea-sundevallii_MCZR190390, Hemibungarus-mcclungi_KU303027}
You may want to ignore posterior probabilities and other statistics related to the following branch branch because the effective number of genes impacting it is only 2:
	{Elapsoidea-sundevallii_MCZR190390, Hemibungarus-mcclungi_KU303027, Naja-naja, Ophiophagus-hannah}
You may want to ignore posterior probabilities and other statistics related to the following branch branch because the effective number of genes impacting it is only 1:
	{Prosymna-visseri_MCZR190223, Psammodynastes-pulverulentus_KU328547, Psammodynastes-pulverulentus_KU329686}
You may want to ignore posterior probabilities and other statistics related to the following branch branch because the effective number of genes impacting it is only 1:
	{Elapsoidea-sundevallii_MCZR190390, Micrurus-corallinus_KU289205, Hemibungarus-mcclungi_KU303027, Naja-naja, Hydrophis-curtus, Hydrophis-hardwickii, Hydrophis-cyanocinctus, Hydrophis-melanocephalus, Emydocephalus-ijimae, Notechis-scutatus, Pseudonaja-textilis, Micrelaps-sp_TauM16738, Ophiophagus-hannah, Laticauda-colubrina, Laticauda-laticaudata}
You may want to ignore posterior probabilities and other statistics related to the following branch branch because the effective number of genes impacting it is only 2:
	{Micrurus-corallinus_KU289205, Hydrophis-curtus, Hydrophis-hardwickii, Hydrophis-cyanocinctus, Hydrophis-melanocephalus, Emydocephalus-ijimae, Notechis-scutatus, Pseudonaja-textilis, Laticauda-colubrina, Laticauda-laticaudata}
You may want to ignore posterior probabilities and other statistics related to the following branch branch because the effective number of genes impacting it is only 1:
	{Pseudaspis-cana_MCZA27068, Lamprophis-lineatus_EBG706, Psammophis-sibilans_RAX2053, Aparallactus-capensis_MCZA28808, Pseudoxyrhopus-tritaeniatus_KU340969}
You may want to ignore posterior probabilities and other statistics related to the following branch branch because the effective number of genes impacting it is only 1:
	{Pseudaspis-cana_MCZA27068, Aparallactus-capensis_MCZA28808}
You may want to ignore posterior probabilities and other statistics related to the following branch branch because the effective number of genes impacting it is only 2:
	{Prosymna-visseri_MCZR190223, Elapsoidea-sundevallii_MCZR190390, Psammodynastes-pulverulentus_KU328547, Micrurus-corallinus_KU289205, Psammodynastes-pulverulentus_KU329686, Hemibungarus-mcclungi_KU303027, Naja-naja, Hydrophis-curtus, Hydrophis-hardwickii, Hydrophis-cyanocinctus, Hydrophis-melanocephalus, Emydocephalus-ijimae, Notechis-scutatus, Pseudonaja-textilis, Micrelaps-sp_TauM16738, Ophiophagus-hannah, Laticauda-colubrina, Laticauda-laticaudata}
You may want to ignore posterior probabilities and other statistics related to the following branch branch because the effective number of genes impacting it is only 2:
	{Prosymna-visseri_MCZR190223, Elapsoidea-sundevallii_MCZR190390, Psammodynastes-pulverulentus_KU328547, Micrurus-corallinus_KU289205, Psammodynastes-pulverulentus_KU329686, Pseudaspis-cana_MCZA27068, Lamprophis-lineatus_EBG706, Hemibungarus-mcclungi_KU303027, Naja-naja, Hydrophis-curtus, Hydrophis-hardwickii, Hydrophis-cyanocinctus, Hydrophis-melanocephalus, Emydocephalus-ijimae, Notechis-scutatus, Pseudonaja-textilis, Psammophis-sibilans_RAX2053, Aparallactus-capensis_MCZA28808, Pseudoxyrhopus-tritaeniatus_KU340969, Micrelaps-sp_TauM16738, Ophiophagus-hannah, Laticauda-colubrina, Laticauda-laticaudata}
You may want to ignore posterior probabilities and other statistics related to the following branch branch because the effective number of genes impacting it is only 0:
	{Hologerrhum-philippinum_KU330752, Chamaelycus-fasciatus_KU348632}
You may want to ignore posterior probabilities and other statistics related to the following branch branch because the effective number of genes impacting it is only 1:
	{Oxyrhabdium-cfmodestum_KU338101, Oxyrhabdium-modestum_KU310866}
You may want to ignore posterior probabilities and other statistics related to the following branch branch because the effective number of genes impacting it is only 2:
	{Pseudaspis-cana_MCZA27068, Lamprophis-lineatus_EBG706, Aparallactus-capensis_MCZA28808}
You may want to ignore posterior probabilities and other statistics related to the following branch branch because the effective number of genes impacting it is only 1:
	{Pseudaspis-cana_MCZA27068, Lamprophis-lineatus_EBG706, Psammophis-sibilans_RAX2053, Aparallactus-capensis_MCZA28808}
You may want to ignore posterior probabilities and other statistics related to the following branch branch because the effective number of genes impacting it is only 2:
	{Oxyrhabdium-cfmodestum_KU338101, Oxyrhabdium-leporinum_KU346583, Myersophis-alpestris_KU308684, Levitonius-mirus_KU337269, Oxyrhabdium-modestum_KU310866}
You may want to ignore posterior probabilities and other statistics related to the following branch branch because the effective number of genes impacting it is only 2:
	{Prosymna-visseri_MCZR190223, Cyclocorus-lineatus_KU335808, Hologerrhum-philippinum_KU330752, Elapsoidea-sundevallii_MCZR190390, Psammodynastes-pulverulentus_KU328547, Micrurus-corallinus_KU289205, Oxyrhabdium-cfmodestum_KU338101, Psammodynastes-pulverulentus_KU329686, Pseudaspis-cana_MCZA27068, Lamprophis-lineatus_EBG706, Hemibungarus-mcclungi_KU303027, Naja-naja, Hydrophis-curtus, Hydrophis-hardwickii, Hydrophis-cyanocinctus, Hydrophis-melanocephalus, Emydocephalus-ijimae, Notechis-scutatus, Pseudonaja-textilis, Psammophis-sibilans_RAX2053, Oxyrhabdium-leporinum_KU346583, Myersophis-alpestris_KU308684, Levitonius-mirus_KU337269, Aparallactus-capensis_MCZA28808, Pseudoxyrhopus-tritaeniatus_KU340969, Micrelaps-sp_TauM16738, Ophiophagus-hannah, Laticauda-colubrina, Laticauda-laticaudata, Chamaelycus-fasciatus_KU348632, Oxyrhabdium-modestum_KU310866}
You may want to ignore posterior probabilities and other statistics related to the following branch branch because the effective number of genes impacting it is only 1:
	{Cyclocorus-lineatus_KU335808, Hologerrhum-philippinum_KU330752, Chamaelycus-fasciatus_KU348632}
You may want to ignore posterior probabilities and other statistics related to the following branch branch because the effective number of genes impacting it is only 1:
	{Crotalus-pyrrhus, Crotalus-tigris, Crotalus-viridis, Crotalus-adamanteus, Crotalus-horridus}
You may want to ignore posterior probabilities and other statistics related to the following branch branch because the effective number of genes impacting it is only 2:
	{Cyclocorus-lineatus_KU335808, Hologerrhum-philippinum_KU330752, Oxyrhabdium-cfmodestum_KU338101, Oxyrhabdium-leporinum_KU346583, Myersophis-alpestris_KU308684, Levitonius-mirus_KU337269, Chamaelycus-fasciatus_KU348632, Oxyrhabdium-modestum_KU310866}
You may want to ignore posterior probabilities and other statistics related to the following branch branch because the effective number of genes impacting it is only 2:
	{Crotalus-pyrrhus, Crotalus-tigris}
You may want to ignore posterior probabilities and other statistics related to the following branch branch because the effective number of genes impacting it is only 2:
	{Crotalus-viridis, Crotalus-adamanteus, Crotalus-horridus}
You may want to ignore posterior probabilities and other statistics related to the following branch branch because the effective number of genes impacting it is only 1:
	{Crotalus-pyrrhus, Crotalus-tigris, Crotalus-viridis, Crotalus-adamanteus, Crotalus-horridus, Bothrops-jararaca, Protobothrops-mucrosquamatus, Protobothrops-flavoviridis, Vipera-berus}
You may want to ignore posterior probabilities and other statistics related to the following branch branch because the effective number of genes impacting it is only 1:
	{Python-molurus, Boa-constrictor}
You may want to ignore posterior probabilities and other statistics related to the following branch branch because the effective number of genes impacting it is only 2:
	{Protobothrops-mucrosquamatus, Protobothrops-flavoviridis}
You may want to ignore posterior probabilities and other statistics related to the following branch branch because the effective number of genes impacting it is only 1:
	{Acrochordus-granulatus_KU302952, Python-molurus, Boa-constrictor}
You may want to ignore posterior probabilities and other statistics related to the following branch branch because the effective number of genes impacting it is only 1:
	{Cerberus-schneiderii_KU324534, Myanophis-thanlyinensis}
You may want to ignore posterior probabilities and other statistics related to the following branch branch because the effective number of genes impacting it is only 1:
	{Crotalus-pyrrhus, Crotalus-tigris, Crotalus-viridis, Crotalus-adamanteus, Crotalus-horridus, Bothrops-jararaca, Protobothrops-mucrosquamatus, Protobothrops-flavoviridis, Vipera-berus, Acrochordus-granulatus_KU302952, Python-molurus, Boa-constrictor}
You may want to ignore posterior probabilities and other statistics related to the following branch branch because the effective number of genes impacting it is only 2:
	{Crotalus-pyrrhus, Crotalus-tigris, Crotalus-viridis, Crotalus-adamanteus, Crotalus-horridus, Bothrops-jararaca, Protobothrops-mucrosquamatus, Protobothrops-flavoviridis, Vipera-berus, Cerberus-schneiderii_KU324534, Myanophis-thanlyinensis, Acrochordus-granulatus_KU302952, Python-molurus, Boa-constrictor}
You may want to ignore posterior probabilities and other statistics related to the following branch branch because the effective number of genes impacting it is only 1:
	{Thamnophis-sirtalis, Thamnophis-elegans}
You may want to ignore posterior probabilities and other statistics related to the following branch branch because the effective number of genes impacting it is only 2:
	{Oxyrhabdium-cfmodestum_KU338101, Oxyrhabdium-leporinum_KU346583, Levitonius-mirus_KU337269, Oxyrhabdium-modestum_KU310866}
You may want to ignore posterior probabilities and other statistics related to the following branch branch because the effective number of genes impacting it is only 2:
	{Prosymna-visseri_MCZR190223, Cyclocorus-lineatus_KU335808, Hologerrhum-philippinum_KU330752, Elapsoidea-sundevallii_MCZR190390, Psammodynastes-pulverulentus_KU328547, Micrurus-corallinus_KU289205, Oxyrhabdium-cfmodestum_KU338101, Psammodynastes-pulverulentus_KU329686, Pseudaspis-cana_MCZA27068, Lamprophis-lineatus_EBG706, Hemibungarus-mcclungi_KU303027, Naja-naja, Hydrophis-curtus, Hydrophis-hardwickii, Hydrophis-cyanocinctus, Hydrophis-melanocephalus, Emydocephalus-ijimae, Notechis-scutatus, Pseudonaja-textilis, Psammophis-sibilans_RAX2053, Oxyrhabdium-leporinum_KU346583, Myersophis-alpestris_KU308684, Levitonius-mirus_KU337269, Crotalus-pyrrhus, Crotalus-tigris, Crotalus-viridis, Crotalus-adamanteus, Crotalus-horridus, Bothrops-jararaca, Protobothrops-mucrosquamatus, Protobothrops-flavoviridis, Vipera-berus, Cerberus-schneiderii_KU324534, Myanophis-thanlyinensis, Thamnophis-sirtalis, Thamnophis-elegans, Acrochordus-granulatus_KU302952, Aparallactus-capensis_MCZA28808, Pseudoxyrhopus-tritaeniatus_KU340969, Micrelaps-sp_TauM16738, Ophiophagus-hannah, Laticauda-colubrina, Laticauda-laticaudata, Chamaelycus-fasciatus_KU348632, Oxyrhabdium-modestum_KU310866, Python-molurus, Boa-constrictor}
You may want to ignore posterior probabilities and other statistics related to the following branch branch because the effective number of genes impacting it is only 2:
	{Oxyrhabdium-cfmodestum_KU338101, Oxyrhabdium-leporinum_KU346583, Oxyrhabdium-modestum_KU310866}
You may want to ignore posterior probabilities and other statistics related to the following branch branch because the effective number of genes impacting it is only 2:
	{Pantherophis-guttatus, Pantherophis-obsoletus}
You may want to ignore posterior probabilities and other statistics related to the following branch branch because the effective number of genes impacting it is only 2:
	{Tantilla-taeniata_KU289863, Ptyas-mucosa, Pantherophis-guttatus, Pantherophis-obsoletus, Pituophis-catenifer}
You may want to ignore posterior probabilities and other statistics related to the following branch branch because the effective number of genes impacting it is only 1:
	{Ahaetulla-prasina_KU323364, Scolecophis-atrocinctus_KU289804}
You may want to ignore posterior probabilities and other statistics related to the following branch branch because the effective number of genes impacting it is only 1:
	{Tantilla-taeniata_KU289863, Ptyas-mucosa}
You may want to ignore posterior probabilities and other statistics related to the following branch branch because the effective number of genes impacting it is only 2:
	{Crotalus-adamanteus, Crotalus-horridus}
You may want to ignore posterior probabilities and other statistics related to the following branch branch because the effective number of genes impacting it is only 2:
	{Tantilla-taeniata_KU289863, Ptyas-mucosa, Pantherophis-guttatus, Pantherophis-obsoletus, Pituophis-catenifer, Boiga-irregularis_KU345021, Ahaetulla-prasina_KU323364, Calamaria-gervaisii_KU327406, Scolecophis-atrocinctus_KU289804}
You may want to ignore posterior probabilities and other statistics related to the following branch branch because the effective number of genes impacting it is only 2:
	{Chrysopelea-ornata, Grayia-smythii_KU341872}
You may want to ignore posterior probabilities and other statistics related to the following branch branch because the effective number of genes impacting it is only 2:
	{Prosymna-visseri_MCZR190223, Cyclocorus-lineatus_KU335808, Hologerrhum-philippinum_KU330752, Elapsoidea-sundevallii_MCZR190390, Psammodynastes-pulverulentus_KU328547, Micrurus-corallinus_KU289205, Oxyrhabdium-cfmodestum_KU338101, Psammodynastes-pulverulentus_KU329686, Pseudaspis-cana_MCZA27068, Lamprophis-lineatus_EBG706, Hemibungarus-mcclungi_KU303027, Naja-naja, Hydrophis-curtus, Hydrophis-hardwickii, Hydrophis-cyanocinctus, Hydrophis-melanocephalus, Emydocephalus-ijimae, Notechis-scutatus, Pseudonaja-textilis, Psammophis-sibilans_RAX2053, Oxyrhabdium-leporinum_KU346583, Myersophis-alpestris_KU308684, Levitonius-mirus_KU337269, Crotalus-pyrrhus, Crotalus-tigris, Crotalus-viridis, Crotalus-adamanteus, Crotalus-horridus, Bothrops-jararaca, Protobothrops-mucrosquamatus, Protobothrops-flavoviridis, Vipera-berus, Cerberus-schneiderii_KU324534, Myanophis-thanlyinensis, Acrochordus-granulatus_KU302952, Aparallactus-capensis_MCZA28808, Pseudoxyrhopus-tritaeniatus_KU340969, Micrelaps-sp_TauM16738, Ophiophagus-hannah, Laticauda-colubrina, Laticauda-laticaudata, Chamaelycus-fasciatus_KU348632, Oxyrhabdium-modestum_KU310866, Python-molurus, Boa-constrictor}
You may want to ignore posterior probabilities and other statistics related to the following branch branch because the effective number of genes impacting it is only 1:
	{Crotalus-pyrrhus, Crotalus-tigris, Crotalus-viridis, Crotalus-adamanteus, Crotalus-horridus, Bothrops-jararaca}
You may want to ignore posterior probabilities and other statistics related to the following branch branch because the effective number of genes impacting it is only 2:
	{Tantilla-taeniata_KU289863, Ptyas-mucosa, Pantherophis-guttatus, Pantherophis-obsoletus, Pituophis-catenifer, Boiga-irregularis_KU345021, Chrysopelea-ornata, Ahaetulla-prasina_KU323364, Grayia-smythii_KU341872, Calamaria-gervaisii_KU327406, Scolecophis-atrocinctus_KU289804}
You may want to ignore posterior probabilities and other statistics related to the following branch branch because the effective number of genes impacting it is only 2:
	{Tantilla-taeniata_KU289863, Ptyas-mucosa, Pantherophis-guttatus, Pantherophis-obsoletus, Pituophis-catenifer, Boiga-irregularis_KU345021, Ahaetulla-prasina_KU323364, Scolecophis-atrocinctus_KU289804}
You may want to ignore posterior probabilities and other statistics related to the following branch branch because the effective number of genes impacting it is only 2:
	{Crotalus-pyrrhus, Crotalus-tigris, Crotalus-viridis, Crotalus-adamanteus, Crotalus-horridus, Bothrops-jararaca, Protobothrops-mucrosquamatus, Protobothrops-flavoviridis}
You may want to ignore posterior probabilities and other statistics related to the following branch branch because the effective number of genes impacting it is only 2:
	{Tantilla-taeniata_KU289863, Ptyas-mucosa, Pantherophis-guttatus, Pantherophis-obsoletus, Pituophis-catenifer, Boiga-irregularis_KU345021, Chrysopelea-ornata, Ahaetulla-prasina_KU323364, Grayia-smythii_KU341872, Prosymna-visseri_MCZR190223, Cyclocorus-lineatus_KU335808, Hologerrhum-philippinum_KU330752, Elapsoidea-sundevallii_MCZR190390, Psammodynastes-pulverulentus_KU328547, Micrurus-corallinus_KU289205, Oxyrhabdium-cfmodestum_KU338101, Psammodynastes-pulverulentus_KU329686, Pseudaspis-cana_MCZA27068, Lamprophis-lineatus_EBG706, Hemibungarus-mcclungi_KU303027, Naja-naja, Hydrophis-curtus, Hydrophis-hardwickii, Hydrophis-cyanocinctus, Hydrophis-melanocephalus, Emydocephalus-ijimae, Notechis-scutatus, Pseudonaja-textilis, Psammophis-sibilans_RAX2053, Oxyrhabdium-leporinum_KU346583, Myersophis-alpestris_KU308684, Levitonius-mirus_KU337269, Crotalus-pyrrhus, Crotalus-tigris, Crotalus-viridis, Crotalus-adamanteus, Crotalus-horridus, Bothrops-jararaca, Protobothrops-mucrosquamatus, Protobothrops-flavoviridis, Vipera-berus, Cerberus-schneiderii_KU324534, Myanophis-thanlyinensis, Thamnophis-sirtalis, Thamnophis-elegans, Calamaria-gervaisii_KU327406, Acrochordus-granulatus_KU302952, Scolecophis-atrocinctus_KU289804, Aparallactus-capensis_MCZA28808, Pseudoxyrhopus-tritaeniatus_KU340969, Micrelaps-sp_TauM16738, Ophiophagus-hannah, Laticauda-colubrina, Laticauda-laticaudata, Chamaelycus-fasciatus_KU348632, Oxyrhabdium-modestum_KU310866, Python-molurus, Boa-constrictor}
You may want to ignore posterior probabilities and other statistics related to the following branch branch because the effective number of genes impacting it is only 2:
	{Pseudoxenodon-sp_KU312221, Thermophis-baileyi, Dipsas-indica_KU215336}
You may want to ignore posterior probabilities and other statistics related to the following branch branch because the effective number of genes impacting it is only 1:
	{Thermophis-baileyi, Dipsas-indica_KU215336}
You may want to ignore posterior probabilities and other statistics related to the following branch branch because the effective number of genes impacting it is only 2:
	{Boiga-irregularis_KU345021, Ahaetulla-prasina_KU323364, Scolecophis-atrocinctus_KU289804}
You may want to ignore posterior probabilities and other statistics related to the following branch branch because the effective number of genes impacting it is only 2:
	{Pantherophis-guttatus, Pantherophis-obsoletus, Pituophis-catenifer}
Warning: node has effective N ==0 and so no quartet resolutions: 
(Hologerrhum-philippinum_KU330752,Chamaelycus-fasciatus_KU348632);
(Sibynophis-bivittatus_KU309608,((((((((Micrelaps-sp_TauM16738,((Micrurus-corallinus_KU289205,(((Emydocephalus-ijimae,((Hydrophis-cyanocinctus,Hydrophis-melanocephalus)0.87:0.6931471805599453,(Hydrophis-curtus,Hydrophis-hardwickii)0.87:0.6931471805599453)0.87:0.6931471805599453)0.67:0.2876820724517809,(Laticauda-colubrina,Laticauda-laticaudata)0.67:0.2876820724517809)0.67:0.2876820724517809,(Notechis-scutatus,Pseudonaja-textilis)0.42:0.0)0.87:0.6931471805599453)0.46:0.013245226750020567,((Elapsoidea-sundevallii_MCZR190390,Hemibungarus-mcclungi_KU303027)0.42:0.0,(Naja-naja,Ophiophagus-hannah)0.67:0.2876820724517809)0.67:0.2876820724517809)0.67:0.2876820724517809)0.67:0.2876820724517809,(Prosymna-visseri_MCZR190223,(Psammodynastes-pulverulentus_KU328547,Psammodynastes-pulverulentus_KU329686)0.61:0.1844978362165501)0.53:0.07131467424810926)0.63:0.2318222005669854,(Pseudoxyrhopus-tritaeniatus_KU340969,(Psammophis-sibilans_RAX2053,(Lamprophis-lineatus_EBG706,(Pseudaspis-cana_MCZA27068,Aparallactus-capensis_MCZA28808)0.67:0.2876820724517809)0.87:0.6931471805599453)0.67:0.2876820724517809)0.67:0.2876820724517809)0.6:0.1823215567939546,((Myersophis-alpestris_KU308684,(Levitonius-mirus_KU337269,(Oxyrhabdium-leporinum_KU346583,(Oxyrhabdium-cfmodestum_KU338101,Oxyrhabdium-modestum_KU310866)0.67:0.2876820724517809)0.43:0.010929070532190206)0.42:0.0)0.75:0.41716114787135555,(Cyclocorus-lineatus_KU335808,(Hologerrhum-philippinum_KU330752,Chamaelycus-fasciatus_KU348632)0.33:0.0)0.67:0.2876820724517809)0.53:0.10863384100279529)0.87:0.6931471805599453,(((Vipera-berus,((Bothrops-jararaca,((Crotalus-viridis,(Crotalus-adamanteus,Crotalus-horridus)0.85:0.6561059088795962)0.42:0.0,(Crotalus-pyrrhus,Crotalus-tigris)0.74:0.4054651081081643)0.67:0.2876820724517809)0.67:0.2876820724517809,(Protobothrops-mucrosquamatus,Protobothrops-flavoviridis)0.87:0.6931471805599453)0.87:0.6931471805599453)0.67:0.2876820724517809,(Acrochordus-granulatus_KU302952,(Python-molurus,Boa-constrictor)0.67:0.2876820724517809)0.67:0.2876820724517809)0.67:0.2876820724517809,(Cerberus-schneiderii_KU324534,Myanophis-thanlyinensis)0.67:0.2876820724517809)0.85:0.6286086594223743)0.42:0.0,(Thamnophis-sirtalis,Thamnophis-elegans)0.67:0.2876820724517809)0.58:0.1823215567939546,((Calamaria-gervaisii_KU327406,(((Pituophis-catenifer,(Pantherophis-guttatus,Pantherophis-obsoletus)0.87:0.6931471805599453)0.87:0.6931471805599453,(Tantilla-taeniata_KU289863,Ptyas-mucosa)0.67:0.2876820724517809)0.87:0.6931471805599453,(Boiga-irregularis_KU345021,(Ahaetulla-prasina_KU323364,Scolecophis-atrocinctus_KU289804)0.67:0.2876820724517809)0.42:0.0)0.86:0.6810258200276005)0.42:0.0,(Chrysopelea-ornata,Grayia-smythii_KU341872)0.48:0.06453852113757118)0.85:0.6523251860396904)0.42:0.0,(Pseudoxenodon-sp_KU312221,(Thermophis-baileyi,Dipsas-indica_KU215336)0.67:0.2876820724517809)0.87:0.6931471805599453));
ASTRAL finished in 1.791 secs
Shutting down threading
