

================== ASTRAL ===================== 

This is ASTRAL version 5.15.5
Warning: 
 Fail to load native library libAstral.dylib; use Java default computing method without AVX2, which is 4X slower. 
 Make sure you are using the correct Djava.library.path (to the `lib` directory under ASTRAL where libAstral.dylib can be found). 
 Trying running make.sh. For mode debugging, run: java -Djava.library.path=lib/ -jar native_library_tester.jar
Gene trees are treated as unrooted
Detected GPU devices: 
Device 1 of 2: Apple M1 cl_device_id[0xffffffff] Vendor: Intel
Device 2 of 2: Apple M1 cl_device_id[0x1027f00] Vendor: Apple
Will use Device : Apple M1
Will use Device : Apple M1
Starting 8 threads ...
There are 8 threads used to run.
58 trees read from /dev/fd/11
All output trees will be *arbitrarily* rooted at Pseudoxyrhopus-tritaeniatus_KU340969

======== Running the main analysis
Number of taxa: 66 (66 species)
Taxa: [Pseudoxyrhopus-tritaeniatus_KU340969, Pseudaspis-cana_MCZA27068, Prosymna-visseri_MCZR190223, Chamaelycus-fasciatus_KU348632, Hemibungarus-mcclungi_KU303027, Ophiophagus-hannah, Naja-naja, Elapsoidea-sundevallii_MCZR190390, Hydrophis-curtus, Hydrophis-cyanocinctus, Hydrophis-melanocephalus, Hydrophis-hardwickii, Emydocephalus-ijimae, Notechis-scutatus, Pseudonaja-textilis, Laticauda-colubrina, Laticauda-laticaudata, Micrurus-corallinus_KU289205, Oxyrhabdium-modestum_KU310866, Oxyrhabdium-cfmodestum_KU338101, Oxyrhabdium-leporinum_KU346583, Levitonius-mirus_KU337269, Myersophis-alpestris_KU308684, Sibynophis-bivittatus_KU309608, Grayia-smythii_KU341872, Ahaetulla-prasina_KU323364, Chrysopelea-ornata, Scolecophis-atrocinctus_KU289804, Tantilla-taeniata_KU289863, Pantherophis-guttatus, Pantherophis-obsoletus, Pituophis-catenifer, Ptyas-mucosa, Boiga-irregularis_KU345021, Pseudoxenodon-sp_KU312221, Calamaria-gervaisii_KU327406, Dipsas-indica_KU215336, Thermophis-baileyi, Thamnophis-sirtalis, Thamnophis-elegans, Achalinus-spinalis_KU312258, Acrochordus-granulatus_KU302952, Python-molurus, Boa-constrictor, Aplopeltura-boa_KU315147, Crotalus-pyrrhus, Crotalus-viridis, Crotalus-tigris, Crotalus-adamanteus, Crotalus-horridus, Bothrops-jararaca, Protobothrops-mucrosquamatus, Protobothrops-flavoviridis, Vipera-berus, Cerberus-schneiderii_KU324534, Myanophis-thanlyinensis, Buhoma-depressiceps_CFS1528, Hologerrhum-philippinum_KU330752, Micrelaps-sp_TauM16738, Rhamphiophis-oxyrhynchus_KU290451, Psammodynastes-pulverulentus_KU328547, Psammodynastes-pulverulentus_KU329686, Cyclocorus-lineatus_KU335808, Lamprophis-lineatus_EBG706, Psammophis-sibilans_RAX2053, Aparallactus-capensis_MCZA28808]
Taxon occupancy: {Protobothrops-flavoviridis=55, Thamnophis-sirtalis=50, Hologerrhum-philippinum_KU330752=55, Hydrophis-hardwickii=54, Psammophis-sibilans_RAX2053=51, Crotalus-pyrrhus=53, Elapsoidea-sundevallii_MCZR190390=52, Bothrops-jararaca=54, Notechis-scutatus=55, Levitonius-mirus_KU337269=54, Buhoma-depressiceps_CFS1528=51, Ophiophagus-hannah=58, Scolecophis-atrocinctus_KU289804=51, Ptyas-mucosa=56, Calamaria-gervaisii_KU327406=52, Boiga-irregularis_KU345021=52, Aparallactus-capensis_MCZA28808=46, Myanophis-thanlyinensis=54, Ahaetulla-prasina_KU323364=55, Python-molurus=48, Pseudaspis-cana_MCZA27068=54, Psammodynastes-pulverulentus_KU328547=55, Crotalus-tigris=54, Rhamphiophis-oxyrhynchus_KU290451=52, Pantherophis-obsoletus=57, Protobothrops-mucrosquamatus=54, Vipera-berus=53, Chrysopelea-ornata=52, Thamnophis-elegans=53, Laticauda-laticaudata=56, Myersophis-alpestris_KU308684=53, Oxyrhabdium-leporinum_KU346583=49, Acrochordus-granulatus_KU302952=51, Cyclocorus-lineatus_KU335808=55, Oxyrhabdium-cfmodestum_KU338101=49, Grayia-smythii_KU341872=53, Tantilla-taeniata_KU289863=54, Crotalus-viridis=53, Crotalus-adamanteus=53, Pseudoxyrhopus-tritaeniatus_KU340969=53, Dipsas-indica_KU215336=55, Oxyrhabdium-modestum_KU310866=50, Emydocephalus-ijimae=55, Pantherophis-guttatus=55, Sibynophis-bivittatus_KU309608=56, Aplopeltura-boa_KU315147=52, Thermophis-baileyi=56, Pituophis-catenifer=53, Lamprophis-lineatus_EBG706=52, Hydrophis-curtus=53, Pseudoxenodon-sp_KU312221=55, Chamaelycus-fasciatus_KU348632=47, Hemibungarus-mcclungi_KU303027=54, Pseudonaja-textilis=58, Laticauda-colubrina=54, Crotalus-horridus=55, Micrurus-corallinus_KU289205=55, Boa-constrictor=51, Psammodynastes-pulverulentus_KU329686=54, Hydrophis-melanocephalus=55, Achalinus-spinalis_KU312258=53, Micrelaps-sp_TauM16738=50, Prosymna-visseri_MCZR190223=51, Naja-naja=58, Hydrophis-cyanocinctus=56, Cerberus-schneiderii_KU324534=54}
Using polytree-based weight calculation.
Number of gene trees: 58
41 trees have missing taxa
Calculating distance matrix (for completion of X) ....with 4 distance matrices for parallellism
Species tree distances calculated ...

Will attempt to complete bipartitions from X before adding using a distance matrix.
Building set of clusters (X) from gene trees 
------------------------------
Number of Clusters after addition from gene trees: 1971
Number of Clusters after addition by distance: 1971
Adding to X using resolutions of greedy consensus ...

Computing greedy consensus  
took 0 seconds
Limit for sigma of degrees:1700

polytomy size limit : > 11
 [3, 3, 3, 3, 3, 3, 4, 5, 6, 8, 11, 11]
discarded polytomies: 
Threshold 0.0:
Threshold 0.01:
Threshold 0.02:
polytomy of size 3; rounds with additions with at least 5 support: 0; clusters: 1971
Threshold 0.05:
polytomy of size 3; rounds with additions with at least 5 support: 0; clusters: 1971
Threshold 0.1:
polytomy of size 6; rounds with additions with at least 5 support: 0; clusters: 1971
Threshold 0.2:
polytomy of size 3; rounds with additions with at least 5 support: 0; clusters: 1971
polytomy of size 3; rounds with additions with at least 5 support: 0; clusters: 1971
polytomy of size 3; rounds with additions with at least 5 support: 0; clusters: 1971
polytomy of size 11; rounds with additions with at least 5 support: 0; clusters: 1971
Threshold 0.3333333333333333:
polytomy of size 5; rounds with additions with at least 5 support: 0; clusters: 1971
polytomy of size 4; rounds with additions with at least 5 support: 0; clusters: 1971
polytomy of size 8; rounds with additions with at least 5 support: 0; clusters: 1971
polytomy of size 3; rounds with additions with at least 5 support: 0; clusters: 1971
polytomy of size 11; rounds with additions with at least 5 support: 0; clusters: 1971
Number of Clusters after addition by greedy: 1971
partitions formed in 1.27 secs
Dynamic Programming starting after 1.27 secs
Polytree max score: 31988532
Polytree building time: 0.028 seconds.
Fail to load native library libAstral.dylib; use Java default computing method.
Number of quartet trees in the gene trees: 31988532
Computing hash values took 0 seconds
device length is: 2
TREE HEIGHT IS: 13
Size of largest cluster: 66
Size of largest cluster: 66
Finishing up:3155 0 3154
Total Number of elements: 3154
Normalized score (portion of input quartet trees satisfied before correcting for multiple individuals): 0.8587324982590636
Final optimization score: 27469592
Optimal tree inferred in 3.184 secs.
Weight calculation using polytrees cumulatively took 0.0 secs
(Pseudoxyrhopus-tritaeniatus_KU340969,(Pseudaspis-cana_MCZA27068,(((Prosymna-visseri_MCZR190223,(Micrelaps-sp_TauM16738,(((((((Vipera-berus,((Bothrops-jararaca,(Crotalus-horridus,(Crotalus-adamanteus,(Crotalus-pyrrhus,(Crotalus-viridis,Crotalus-tigris))))),(Protobothrops-mucrosquamatus,Protobothrops-flavoviridis))),(Aplopeltura-boa_KU315147,(Achalinus-spinalis_KU312258,(Acrochordus-granulatus_KU302952,(Python-molurus,Boa-constrictor))))),(Cerberus-schneiderii_KU324534,Myanophis-thanlyinensis)),((((Grayia-smythii_KU341872,((Boiga-irregularis_KU345021,((Ptyas-mucosa,(Scolecophis-atrocinctus_KU289804,Tantilla-taeniata_KU289863)),(Pituophis-catenifer,(Pantherophis-guttatus,Pantherophis-obsoletus)))),(Ahaetulla-prasina_KU323364,Chrysopelea-ornata))),(Sibynophis-bivittatus_KU309608,Calamaria-gervaisii_KU327406)),(Pseudoxenodon-sp_KU312221,(Dipsas-indica_KU215336,Thermophis-baileyi))),(Thamnophis-sirtalis,Thamnophis-elegans))),(((Oxyrhabdium-leporinum_KU346583,(Oxyrhabdium-modestum_KU310866,Oxyrhabdium-cfmodestum_KU338101)),(Levitonius-mirus_KU337269,Myersophis-alpestris_KU308684)),(Hologerrhum-philippinum_KU330752,Cyclocorus-lineatus_KU335808))),(Psammodynastes-pulverulentus_KU328547,Psammodynastes-pulverulentus_KU329686)),((Micrurus-corallinus_KU289205,(Elapsoidea-sundevallii_MCZR190390,((Pseudonaja-textilis,(Notechis-scutatus,(Emydocephalus-ijimae,((Hydrophis-curtus,Hydrophis-hardwickii),(Hydrophis-cyanocinctus,Hydrophis-melanocephalus))))),(Laticauda-colubrina,Laticauda-laticaudata)))),(Hemibungarus-mcclungi_KU303027,(Ophiophagus-hannah,Naja-naja)))))),(Chamaelycus-fasciatus_KU348632,Lamprophis-lineatus_EBG706)),(Aparallactus-capensis_MCZA28808,(Buhoma-depressiceps_CFS1528,(Rhamphiophis-oxyrhynchus_KU290451,Psammophis-sibilans_RAX2053))))));
Final quartet score is: 26041564
Final normalized quartet score is: 0.8140906247276367
(Pseudoxyrhopus-tritaeniatus_KU340969,(Pseudaspis-cana_MCZA27068,(((Prosymna-visseri_MCZR190223,(Micrelaps-sp_TauM16738,(((((((Vipera-berus,((Bothrops-jararaca,(Crotalus-horridus,(Crotalus-adamanteus,(Crotalus-pyrrhus,(Crotalus-viridis,Crotalus-tigris)1:0.38135059777269475)0.55:0.09858103701580957)1:0.6567795363890703)1:3.564826805443958)1:1.280933845462064,(Protobothrops-mucrosquamatus,Protobothrops-flavoviridis)1:1.5040773967762742)1:1.6739764335716716)1:2.6452492998631785,(Aplopeltura-boa_KU315147,(Achalinus-spinalis_KU312258,(Acrochordus-granulatus_KU302952,(Python-molurus,Boa-constrictor)1:1.586965056582042)1:0.820486602936547)1:2.514655125188773)1:0.6888255690350562)1:2.350224188894668,(Cerberus-schneiderii_KU324534,Myanophis-thanlyinensis)1:2.8526314299133184)0.79:0.17276002777663502,((((Grayia-smythii_KU341872,((Boiga-irregularis_KU345021,((Ptyas-mucosa,(Scolecophis-atrocinctus_KU289804,Tantilla-taeniata_KU289863)1:1.0060978394373965)0.72:0.11671206276165956,(Pituophis-catenifer,(Pantherophis-guttatus,Pantherophis-obsoletus)0.98:0.26898993943962846)1:2.893153400858043)0.51:0.06118464166337904)1:1.7796686089915332,(Ahaetulla-prasina_KU323364,Chrysopelea-ornata)1:1.4375282983454876)1:0.3662153715143481)0.63:0.08235404141863684,(Sibynophis-bivittatus_KU309608,Calamaria-gervaisii_KU327406)0.43:0.022431290962573625)1:0.6330655470094044,(Pseudoxenodon-sp_KU312221,(Dipsas-indica_KU215336,Thermophis-baileyi)0.76:0.12642016019549604)0.94:0.2047882005720595)0.42:0.024120563746730838,(Thamnophis-sirtalis,Thamnophis-elegans)1:2.8387285247443255)1:1.4101562223044832)1:1.4172545082757788,(((Oxyrhabdium-leporinum_KU346583,(Oxyrhabdium-modestum_KU310866,Oxyrhabdium-cfmodestum_KU338101)0.6:0.16049407043831962)1:3.049220958504979,(Levitonius-mirus_KU337269,Myersophis-alpestris_KU308684)0.98:0.27886788310341515)1:0.4075598062571015,(Hologerrhum-philippinum_KU330752,Cyclocorus-lineatus_KU335808)1:0.7952169230905561)1:1.5020404493050064)0.58:0.09368614941434834,(Psammodynastes-pulverulentus_KU328547,Psammodynastes-pulverulentus_KU329686)1:2.9384428410436936)0.63:0.078502914614731,((Micrurus-corallinus_KU289205,(Elapsoidea-sundevallii_MCZR190390,((Pseudonaja-textilis,(Notechis-scutatus,(Emydocephalus-ijimae,((Hydrophis-curtus,Hydrophis-hardwickii)1:0.36714166755539557,(Hydrophis-cyanocinctus,Hydrophis-melanocephalus)1:0.5326904933248192)1:2.906901059847372)1:1.4644572659203239)1:0.34459838485004357)1:1.8223964386899452,(Laticauda-colubrina,Laticauda-laticaudata)1:3.564826805443958)1:3.315987966379502)0.94:0.22518552794044833)0.55:0.0660021767931199,(Hemibungarus-mcclungi_KU303027,(Ophiophagus-hannah,Naja-naja)0.99:0.30007424828568774)0.89:0.19172096505268252)1:2.801437517851539)0.86:0.17344787658689553)0.71:0.11394755973168978)0.5:0.052040814490523724,(Chamaelycus-fasciatus_KU348632,Lamprophis-lineatus_EBG706)1:1.2702963469200725)0.28:0.0,(Aparallactus-capensis_MCZA28808,(Buhoma-depressiceps_CFS1528,(Rhamphiophis-oxyrhynchus_KU290451,Psammophis-sibilans_RAX2053)1:2.707556251968925)0.65:0.09674612783456839)0.68:0.11877619991525584)0.73:0.11609469928009153));
ASTRAL finished in 3.749 secs
Shutting down threading
