

================== ASTRAL ===================== 

This is ASTRAL version 5.15.5
Warning: 
 Fail to load native library libAstral.dylib; use Java default computing method without AVX2, which is 4X slower. 
 Make sure you are using the correct Djava.library.path (to the `lib` directory under ASTRAL where libAstral.dylib can be found). 
 Trying running make.sh. For mode debugging, run: java -Djava.library.path=lib/ -jar native_library_tester.jar
Gene trees are treated as unrooted
Detected GPU devices: 
Device 1 of 2: Apple M1 cl_device_id[0xffffffff] Vendor: Intel
Device 2 of 2: Apple M1 cl_device_id[0x1027f00] Vendor: Apple
Will use Device : Apple M1
Will use Device : Apple M1
Starting 8 threads ...
There are 8 threads used to run.
173 trees read from /dev/fd/11
All output trees will be *arbitrarily* rooted at Pseudoxyrhopus-tritaeniatus_KU340969

======== Running the main analysis
Number of taxa: 66 (66 species)
Taxa: [Pseudoxyrhopus-tritaeniatus_KU340969, Pseudaspis-cana_MCZA27068, Buhoma-depressiceps_CFS1528, Oxyrhabdium-modestum_KU310866, Oxyrhabdium-cfmodestum_KU338101, Oxyrhabdium-leporinum_KU346583, Levitonius-mirus_KU337269, Myersophis-alpestris_KU308684, Cyclocorus-lineatus_KU335808, Hologerrhum-philippinum_KU330752, Psammodynastes-pulverulentus_KU328547, Psammodynastes-pulverulentus_KU329686, Hemibungarus-mcclungi_KU303027, Ophiophagus-hannah, Naja-naja, Micrurus-corallinus_KU289205, Elapsoidea-sundevallii_MCZR190390, Hydrophis-curtus, Hydrophis-hardwickii, Hydrophis-cyanocinctus, Hydrophis-melanocephalus, Emydocephalus-ijimae, Notechis-scutatus, Pseudonaja-textilis, Laticauda-colubrina, Laticauda-laticaudata, Sibynophis-bivittatus_KU309608, Ahaetulla-prasina_KU323364, Chrysopelea-ornata, Scolecophis-atrocinctus_KU289804, Tantilla-taeniata_KU289863, Ptyas-mucosa, Boiga-irregularis_KU345021, Pantherophis-guttatus, Pantherophis-obsoletus, Pituophis-catenifer, Grayia-smythii_KU341872, Calamaria-gervaisii_KU327406, Dipsas-indica_KU215336, Thermophis-baileyi, Pseudoxenodon-sp_KU312221, Thamnophis-sirtalis, Thamnophis-elegans, Achalinus-spinalis_KU312258, Acrochordus-granulatus_KU302952, Python-molurus, Boa-constrictor, Aplopeltura-boa_KU315147, Crotalus-pyrrhus, Crotalus-tigris, Crotalus-viridis, Crotalus-adamanteus, Crotalus-horridus, Bothrops-jararaca, Protobothrops-mucrosquamatus, Protobothrops-flavoviridis, Vipera-berus, Cerberus-schneiderii_KU324534, Myanophis-thanlyinensis, Micrelaps-sp_TauM16738, Psammophis-sibilans_RAX2053, Rhamphiophis-oxyrhynchus_KU290451, Prosymna-visseri_MCZR190223, Lamprophis-lineatus_EBG706, Chamaelycus-fasciatus_KU348632, Aparallactus-capensis_MCZA28808]
Taxon occupancy: {Protobothrops-flavoviridis=152, Hologerrhum-philippinum_KU330752=150, Thamnophis-sirtalis=147, Hydrophis-hardwickii=141, Psammophis-sibilans_RAX2053=141, Crotalus-pyrrhus=151, Elapsoidea-sundevallii_MCZR190390=144, Bothrops-jararaca=145, Notechis-scutatus=159, Levitonius-mirus_KU337269=148, Buhoma-depressiceps_CFS1528=136, Ophiophagus-hannah=162, Scolecophis-atrocinctus_KU289804=146, Ptyas-mucosa=161, Calamaria-gervaisii_KU327406=141, Boiga-irregularis_KU345021=157, Aparallactus-capensis_MCZA28808=134, Myanophis-thanlyinensis=151, Ahaetulla-prasina_KU323364=138, Python-molurus=132, Pseudaspis-cana_MCZA27068=144, Psammodynastes-pulverulentus_KU328547=143, Crotalus-tigris=154, Rhamphiophis-oxyrhynchus_KU290451=142, Pantherophis-obsoletus=162, Protobothrops-mucrosquamatus=154, Vipera-berus=148, Chrysopelea-ornata=145, Thamnophis-elegans=153, Laticauda-laticaudata=153, Myersophis-alpestris_KU308684=147, Oxyrhabdium-leporinum_KU346583=144, Acrochordus-granulatus_KU302952=123, Cyclocorus-lineatus_KU335808=152, Oxyrhabdium-cfmodestum_KU338101=142, Tantilla-taeniata_KU289863=148, Grayia-smythii_KU341872=156, Crotalus-viridis=143, Crotalus-adamanteus=146, Pseudoxyrhopus-tritaeniatus_KU340969=139, Dipsas-indica_KU215336=148, Oxyrhabdium-modestum_KU310866=140, Emydocephalus-ijimae=150, Pantherophis-guttatus=162, Sibynophis-bivittatus_KU309608=154, Aplopeltura-boa_KU315147=141, Thermophis-baileyi=163, Pituophis-catenifer=151, Lamprophis-lineatus_EBG706=148, Hydrophis-curtus=154, Pseudoxenodon-sp_KU312221=155, Hemibungarus-mcclungi_KU303027=143, Pseudonaja-textilis=162, Chamaelycus-fasciatus_KU348632=142, Laticauda-colubrina=152, Crotalus-horridus=153, Micrurus-corallinus_KU289205=155, Boa-constrictor=118, Psammodynastes-pulverulentus_KU329686=142, Hydrophis-melanocephalus=147, Achalinus-spinalis_KU312258=112, Micrelaps-sp_TauM16738=151, Prosymna-visseri_MCZR190223=135, Naja-naja=173, Hydrophis-cyanocinctus=157, Cerberus-schneiderii_KU324534=141}
Using polytree-based weight calculation.
Number of gene trees: 173
148 trees have missing taxa
Calculating distance matrix (for completion of X) ....with 4 distance matrices for parallellism
Species tree distances calculated ...

Will attempt to complete bipartitions from X before adding using a distance matrix.
Building set of clusters (X) from gene trees 
------------------------------
Number of Clusters after addition from gene trees: 4523
Number of Clusters after addition by distance: 4523
Adding to X using resolutions of greedy consensus ...

Computing greedy consensus  
took 0 seconds
Limit for sigma of degrees:1700

polytomy size limit : > 11
 [3, 3, 3, 3, 3, 3, 4, 4, 4, 4, 4, 7, 11]
discarded polytomies: 
Threshold 0.0:
Threshold 0.01:
Threshold 0.02:
Threshold 0.05:
polytomy of size 3; rounds with additions with at least 5 support: 0; clusters: 4525
Threshold 0.1:
polytomy of size 4; rounds with additions with at least 5 support: 0; clusters: 4525
Threshold 0.2:
polytomy of size 3; rounds with additions with at least 5 support: 0; clusters: 4525
polytomy of size 3; rounds with additions with at least 5 support: 0; clusters: 4525
polytomy of size 3; rounds with additions with at least 5 support: 0; clusters: 4525
polytomy of size 3; rounds with additions with at least 5 support: 0; clusters: 4525
polytomy of size 7; rounds with additions with at least 5 support: 0; clusters: 4525
Threshold 0.3333333333333333:
polytomy of size 3; rounds with additions with at least 5 support: 0; clusters: 4525
polytomy of size 4; rounds with additions with at least 5 support: 0; clusters: 4525
polytomy of size 4; rounds with additions with at least 5 support: 0; clusters: 4525
polytomy of size 4; rounds with additions with at least 5 support: 0; clusters: 4525
polytomy of size 4; rounds with additions with at least 5 support: 0; clusters: 4525
polytomy of size 11; rounds with additions with at least 5 support: 0; clusters: 4525
Number of Clusters after addition by greedy: 4525
partitions formed in 1.653 secs
Dynamic Programming starting after 1.653 secs
Polytree max score: 77304116
Polytree building time: 0.048 seconds.
Fail to load native library libAstral.dylib; use Java default computing method.
Number of quartet trees in the gene trees: 77304116
Computing hash values took 0 seconds
device length is: 2
TREE HEIGHT IS: 14
Size of largest cluster: 66
Size of largest cluster: 66
Finishing up:9507 0 9506
Total Number of elements: 9506
Normalized score (portion of input quartet trees satisfied before correcting for multiple individuals): 0.846266478229956
Final optimization score: 65419882
Optimal tree inferred in 3.384 secs.
Weight calculation using polytrees cumulatively took 0.0 secs
(Pseudoxyrhopus-tritaeniatus_KU340969,(Buhoma-depressiceps_CFS1528,(((Micrelaps-sp_TauM16738,((((((Sibynophis-bivittatus_KU309608,(((Boiga-irregularis_KU345021,((Pantherophis-guttatus,(Pantherophis-obsoletus,Pituophis-catenifer)),(Ptyas-mucosa,(Scolecophis-atrocinctus_KU289804,Tantilla-taeniata_KU289863)))),(Ahaetulla-prasina_KU323364,Chrysopelea-ornata)),(Grayia-smythii_KU341872,Calamaria-gervaisii_KU327406))),(Pseudoxenodon-sp_KU312221,(Dipsas-indica_KU215336,Thermophis-baileyi))),(Thamnophis-sirtalis,Thamnophis-elegans)),(((Vipera-berus,((Bothrops-jararaca,(Crotalus-horridus,(Crotalus-pyrrhus,(Crotalus-viridis,(Crotalus-tigris,Crotalus-adamanteus))))),(Protobothrops-mucrosquamatus,Protobothrops-flavoviridis))),(Aplopeltura-boa_KU315147,(Achalinus-spinalis_KU312258,(Acrochordus-granulatus_KU302952,(Python-molurus,Boa-constrictor))))),(Cerberus-schneiderii_KU324534,Myanophis-thanlyinensis))),((((Levitonius-mirus_KU337269,Myersophis-alpestris_KU308684),(Oxyrhabdium-leporinum_KU346583,(Oxyrhabdium-modestum_KU310866,Oxyrhabdium-cfmodestum_KU338101))),(Cyclocorus-lineatus_KU335808,Hologerrhum-philippinum_KU330752)),(Psammodynastes-pulverulentus_KU328547,Psammodynastes-pulverulentus_KU329686))),(Micrurus-corallinus_KU289205,((Elapsoidea-sundevallii_MCZR190390,((Pseudonaja-textilis,(Notechis-scutatus,(Emydocephalus-ijimae,((Hydrophis-curtus,Hydrophis-hardwickii),(Hydrophis-cyanocinctus,Hydrophis-melanocephalus))))),(Laticauda-colubrina,Laticauda-laticaudata))),(Hemibungarus-mcclungi_KU303027,(Ophiophagus-hannah,Naja-naja)))))),(Psammophis-sibilans_RAX2053,Rhamphiophis-oxyrhynchus_KU290451)),(Pseudaspis-cana_MCZA27068,(Prosymna-visseri_MCZR190223,(Aparallactus-capensis_MCZA28808,(Lamprophis-lineatus_EBG706,Chamaelycus-fasciatus_KU348632)))))));
Final quartet score is: 63128790
Final normalized quartet score is: 0.816629091263394
(Pseudoxyrhopus-tritaeniatus_KU340969,(Buhoma-depressiceps_CFS1528,(((Micrelaps-sp_TauM16738,((((((Sibynophis-bivittatus_KU309608,(((Boiga-irregularis_KU345021,((Pantherophis-guttatus,(Pantherophis-obsoletus,Pituophis-catenifer)0.4:0.01802420873629765)1:2.1669056720895434,(Ptyas-mucosa,(Scolecophis-atrocinctus_KU289804,Tantilla-taeniata_KU289863)1:1.4765278953538914)0.39:0.03844222158878868)0.99:0.16542393930811214)1:1.6361275206207149,(Ahaetulla-prasina_KU323364,Chrysopelea-ornata)1:1.2776721282290198)1:0.47862335030384373,(Grayia-smythii_KU341872,Calamaria-gervaisii_KU327406)0.66:0.06314601912586751)0.95:0.13320807207119392)1:0.6573122635963066,(Pseudoxenodon-sp_KU312221,(Dipsas-indica_KU215336,Thermophis-baileyi)1:0.37158312284211337)0.99:0.17020447437115255)0.92:0.1106749393605474,(Thamnophis-sirtalis,Thamnophis-elegans)1:2.5149525143421547)1:1.0351368965095793,(((Vipera-berus,((Bothrops-jararaca,(Crotalus-horridus,(Crotalus-pyrrhus,(Crotalus-viridis,(Crotalus-tigris,Crotalus-adamanteus)0.58:0.04437790169345277)0.84:0.09628287969990536)1:0.5569680756874398)1:2.201058661343965)1:1.1742958082784598,(Protobothrops-mucrosquamatus,Protobothrops-flavoviridis)1:1.659713374892103)1:1.8513288527540053)1:1.999133923553477,(Aplopeltura-boa_KU315147,(Achalinus-spinalis_KU312258,(Acrochordus-granulatus_KU302952,(Python-molurus,Boa-constrictor)1:2.430294800943928)1:1.2053434729853874)1:3.3128441400744824)1:0.7598909175085616)1:1.9752149715862377,(Cerberus-schneiderii_KU324534,Myanophis-thanlyinensis)1:2.1955643261958397)1:0.26176686676326727)1:1.0383892618492487,((((Levitonius-mirus_KU337269,Myersophis-alpestris_KU308684)0.74:0.09762516875895953,(Oxyrhabdium-leporinum_KU346583,(Oxyrhabdium-modestum_KU310866,Oxyrhabdium-cfmodestum_KU338101)1:0.3806535257954469)1:2.351434908251732)1:0.559412856973328,(Cyclocorus-lineatus_KU335808,Hologerrhum-philippinum_KU330752)1:1.2692994725685938)1:1.5146088313178183,(Psammodynastes-pulverulentus_KU328547,Psammodynastes-pulverulentus_KU329686)1:2.4815680342967674)0.59:0.10020281242761084)1:0.20766103082827836,(Micrurus-corallinus_KU289205,((Elapsoidea-sundevallii_MCZR190390,((Pseudonaja-textilis,(Notechis-scutatus,(Emydocephalus-ijimae,((Hydrophis-curtus,Hydrophis-hardwickii)1:0.8197671842141501,(Hydrophis-cyanocinctus,Hydrophis-melanocephalus)1:1.0339583185300063)1:2.6253687114350073)1:2.2100691544974382)1:0.2405519663344214)1:1.7184463765648836,(Laticauda-colubrina,Laticauda-laticaudata)1:3.285257516756008)1:2.2887033696334136)0.91:0.11525129698282338,(Hemibungarus-mcclungi_KU303027,(Ophiophagus-hannah,Naja-naja)0.93:0.13023387515811774)1:0.44029600293892557)0.83:0.10125383490317028)1:2.1127730725036304)1:0.37997483476683563)1:0.2583507828724375,(Psammophis-sibilans_RAX2053,Rhamphiophis-oxyrhynchus_KU290451)1:1.8388581618654156)0.43:0.017682823417909267,(Pseudaspis-cana_MCZA27068,(Prosymna-visseri_MCZR190223,(Aparallactus-capensis_MCZA28808,(Lamprophis-lineatus_EBG706,Chamaelycus-fasciatus_KU348632)1:0.9649598244839912)0.5:0.03552911349569217)0.46:0.02559464418124654)0.4:0.011910624288750095)0.44:0.019695347562667134));
ASTRAL finished in 4.221 secs
Shutting down threading
