

================== ASTRAL ===================== 

This is ASTRAL version 5.15.5
Warning: 
 Fail to load native library libAstral.dylib; use Java default computing method without AVX2, which is 4X slower. 
 Make sure you are using the correct Djava.library.path (to the `lib` directory under ASTRAL where libAstral.dylib can be found). 
 Trying running make.sh. For mode debugging, run: java -Djava.library.path=lib/ -jar native_library_tester.jar
Gene trees are treated as unrooted
Detected GPU devices: 
Device 1 of 2: Apple M1 cl_device_id[0xffffffff] Vendor: Intel
Device 2 of 2: Apple M1 cl_device_id[0x1027f00] Vendor: Apple
Will use Device : Apple M1
Will use Device : Apple M1
Starting 8 threads ...
There are 8 threads used to run.
5 trees read from /dev/fd/11
All output trees will be *arbitrarily* rooted at Acrochordus-granulatus_KU302952

======== Running the main analysis
Number of taxa: 66 (66 species)
Taxa: [Acrochordus-granulatus_KU302952, Scolecophis-atrocinctus_KU289804, Tantilla-taeniata_KU289863, Pantherophis-guttatus, Pantherophis-obsoletus, Pituophis-catenifer, Boiga-irregularis_KU345021, Ptyas-mucosa, Chrysopelea-ornata, Ahaetulla-prasina_KU323364, Sibynophis-bivittatus_KU309608, Grayia-smythii_KU341872, Pseudoxenodon-sp_KU312221, Thamnophis-sirtalis, Thamnophis-elegans, Thermophis-baileyi, Dipsas-indica_KU215336, Calamaria-gervaisii_KU327406, Prosymna-visseri_MCZR190223, Pseudoxyrhopus-tritaeniatus_KU340969, Chamaelycus-fasciatus_KU348632, Lamprophis-lineatus_EBG706, Elapsoidea-sundevallii_MCZR190390, Hemibungarus-mcclungi_KU303027, Ophiophagus-hannah, Naja-naja, Hydrophis-curtus, Hydrophis-cyanocinctus, Hydrophis-hardwickii, Hydrophis-melanocephalus, Emydocephalus-ijimae, Notechis-scutatus, Pseudonaja-textilis, Laticauda-colubrina, Laticauda-laticaudata, Pseudaspis-cana_MCZA27068, Aparallactus-capensis_MCZA28808, Buhoma-depressiceps_CFS1528, Rhamphiophis-oxyrhynchus_KU290451, Psammophis-sibilans_RAX2053, Cyclocorus-lineatus_KU335808, Hologerrhum-philippinum_KU330752, Myersophis-alpestris_KU308684, Oxyrhabdium-cfmodestum_KU338101, Oxyrhabdium-leporinum_KU346583, Oxyrhabdium-modestum_KU310866, Levitonius-mirus_KU337269, Psammodynastes-pulverulentus_KU328547, Psammodynastes-pulverulentus_KU329686, Cerberus-schneiderii_KU324534, Myanophis-thanlyinensis, Aplopeltura-boa_KU315147, Crotalus-pyrrhus, Crotalus-horridus, Crotalus-adamanteus, Crotalus-tigris, Bothrops-jararaca, Protobothrops-mucrosquamatus, Protobothrops-flavoviridis, Vipera-berus, Python-molurus, Boa-constrictor, Achalinus-spinalis_KU312258, Crotalus-viridis, Micrurus-corallinus_KU289205, Micrelaps-sp_TauM16738]
Taxon occupancy: {Protobothrops-flavoviridis=5, Thamnophis-sirtalis=5, Hologerrhum-philippinum_KU330752=5, Hydrophis-hardwickii=5, Psammophis-sibilans_RAX2053=5, Crotalus-pyrrhus=5, Elapsoidea-sundevallii_MCZR190390=5, Bothrops-jararaca=5, Notechis-scutatus=5, Levitonius-mirus_KU337269=5, Buhoma-depressiceps_CFS1528=5, Ophiophagus-hannah=5, Scolecophis-atrocinctus_KU289804=5, Ptyas-mucosa=5, Calamaria-gervaisii_KU327406=4, Boiga-irregularis_KU345021=5, Aparallactus-capensis_MCZA28808=5, Myanophis-thanlyinensis=5, Ahaetulla-prasina_KU323364=4, Python-molurus=5, Pseudaspis-cana_MCZA27068=5, Psammodynastes-pulverulentus_KU328547=5, Rhamphiophis-oxyrhynchus_KU290451=5, Crotalus-tigris=5, Pantherophis-obsoletus=5, Protobothrops-mucrosquamatus=5, Vipera-berus=5, Chrysopelea-ornata=5, Thamnophis-elegans=5, Laticauda-laticaudata=4, Myersophis-alpestris_KU308684=5, Oxyrhabdium-leporinum_KU346583=5, Acrochordus-granulatus_KU302952=5, Cyclocorus-lineatus_KU335808=5, Oxyrhabdium-cfmodestum_KU338101=5, Tantilla-taeniata_KU289863=5, Grayia-smythii_KU341872=5, Crotalus-viridis=4, Crotalus-adamanteus=5, Pseudoxyrhopus-tritaeniatus_KU340969=5, Dipsas-indica_KU215336=5, Oxyrhabdium-modestum_KU310866=5, Emydocephalus-ijimae=5, Pantherophis-guttatus=5, Sibynophis-bivittatus_KU309608=5, Aplopeltura-boa_KU315147=5, Thermophis-baileyi=5, Pituophis-catenifer=4, Lamprophis-lineatus_EBG706=5, Hydrophis-curtus=5, Pseudoxenodon-sp_KU312221=5, Chamaelycus-fasciatus_KU348632=5, Hemibungarus-mcclungi_KU303027=5, Pseudonaja-textilis=5, Laticauda-colubrina=5, Crotalus-horridus=5, Boa-constrictor=4, Micrurus-corallinus_KU289205=4, Psammodynastes-pulverulentus_KU329686=5, Hydrophis-melanocephalus=4, Achalinus-spinalis_KU312258=4, Micrelaps-sp_TauM16738=4, Prosymna-visseri_MCZR190223=4, Naja-naja=5, Hydrophis-cyanocinctus=5, Cerberus-schneiderii_KU324534=5}
Using polytree-based weight calculation.
Number of gene trees: 5
4 trees have missing taxa
Calculating distance matrix (for completion of X) ....with 4 distance matrices for parallellism
Species tree distances calculated ...

Will attempt to complete bipartitions from X before adding using a distance matrix.
Building set of clusters (X) from gene trees 
------------------------------
Number of Clusters after addition from gene trees: 537
Number of Clusters after addition by distance: 537
Adding to X using resolutions of greedy consensus ...

Computing greedy consensus  
took 0 seconds
Limit for sigma of degrees:1700

polytomy size limit : > 10
 [3, 3, 3, 3, 3, 3, 3, 4, 4, 4, 4, 4, 4, 7, 10]
discarded polytomies: 
Threshold 0.0:
polytomy of size 4; rounds with additions with at least 5 support: 0; clusters: 567
polytomy of size 3; rounds with additions with at least 5 support: 0; clusters: 559
Threshold 0.01:
polytomy of size 4; rounds with additions with at least 5 support: 0; clusters: 559
polytomy of size 3; rounds with additions with at least 5 support: 0; clusters: 559
Threshold 0.02:
polytomy of size 4; rounds with additions with at least 5 support: 0; clusters: 559
polytomy of size 3; rounds with additions with at least 5 support: 0; clusters: 559
Threshold 0.05:
polytomy of size 4; rounds with additions with at least 5 support: 0; clusters: 559
polytomy of size 3; rounds with additions with at least 5 support: 0; clusters: 559
Threshold 0.1:
polytomy of size 4; rounds with additions with at least 5 support: 0; clusters: 589
polytomy of size 3; rounds with additions with at least 5 support: 0; clusters: 559
Threshold 0.2:
polytomy of size 4; rounds with additions with at least 5 support: 0; clusters: 567
polytomy of size 3; rounds with additions with at least 5 support: 0; clusters: 599
Threshold 0.3333333333333333:
polytomy of size 7; rounds with additions with at least 5 support: 0; clusters: 647
polytomy of size 10; rounds with additions with at least 5 support: 0; clusters: 651
polytomy of size 3; rounds with additions with at least 5 support: 0; clusters: 599
Number of Clusters after addition by greedy: 651
partitions formed in 0.717 secs
Dynamic Programming starting after 0.717 secs
Polytree max score: 3146935
Polytree building time: 0.007 seconds.
Fail to load native library libAstral.dylib; use Java default computing method.
Number of quartet trees in the gene trees: 3146935
Computing hash values took 0 seconds
device length is: 2
TREE HEIGHT IS: 9
Size of largest cluster: 66
Size of largest cluster: 66
Finishing up:518 0 517
Total Number of elements: 517
Normalized score (portion of input quartet trees satisfied before correcting for multiple individuals): 0.8411638626155291
Final optimization score: 2647088
Optimal tree inferred in 1.856 secs.
Weight calculation using polytrees cumulatively took 0.0 secs
(Acrochordus-granulatus_KU302952,((Achalinus-spinalis_KU312258,(Aplopeltura-boa_KU315147,((((((Pseudaspis-cana_MCZA27068,(((Buhoma-depressiceps_CFS1528,(Aparallactus-capensis_MCZA28808,((Pseudoxyrhopus-tritaeniatus_KU340969,Micrelaps-sp_TauM16738),(Chamaelycus-fasciatus_KU348632,Lamprophis-lineatus_EBG706)))),(Psammodynastes-pulverulentus_KU328547,Psammodynastes-pulverulentus_KU329686)),(Prosymna-visseri_MCZR190223,Rhamphiophis-oxyrhynchus_KU290451))),(Psammophis-sibilans_RAX2053,(((Oxyrhabdium-modestum_KU310866,(Oxyrhabdium-cfmodestum_KU338101,Oxyrhabdium-leporinum_KU346583)),(Myersophis-alpestris_KU308684,Levitonius-mirus_KU337269)),(Cyclocorus-lineatus_KU335808,Hologerrhum-philippinum_KU330752)))),((Micrurus-corallinus_KU289205,((Pseudonaja-textilis,(Notechis-scutatus,(Emydocephalus-ijimae,((Hydrophis-cyanocinctus,Hydrophis-melanocephalus),(Hydrophis-curtus,Hydrophis-hardwickii))))),(Laticauda-colubrina,Laticauda-laticaudata))),(Elapsoidea-sundevallii_MCZR190390,(Hemibungarus-mcclungi_KU303027,(Ophiophagus-hannah,Naja-naja))))),((Pseudoxenodon-sp_KU312221,((Sibynophis-bivittatus_KU309608,(Grayia-smythii_KU341872,((Ptyas-mucosa,((Boiga-irregularis_KU345021,(Pantherophis-guttatus,(Pantherophis-obsoletus,Pituophis-catenifer))),(Scolecophis-atrocinctus_KU289804,Tantilla-taeniata_KU289863))),(Chrysopelea-ornata,Ahaetulla-prasina_KU323364)))),(Thermophis-baileyi,(Thamnophis-sirtalis,Thamnophis-elegans)))),(Dipsas-indica_KU215336,Calamaria-gervaisii_KU327406))),(Cerberus-schneiderii_KU324534,Myanophis-thanlyinensis)),(Vipera-berus,((Bothrops-jararaca,(Crotalus-viridis,(Crotalus-horridus,(Crotalus-tigris,(Crotalus-pyrrhus,Crotalus-adamanteus))))),(Protobothrops-mucrosquamatus,Protobothrops-flavoviridis)))))),(Python-molurus,Boa-constrictor)));
Final quartet score is: 2744607
Final normalized quartet score is: 0.8721524276796311
You may want to ignore posterior probabilities and other statistics related to the following branch branch because the effective number of genes impacting it is only 5:
	{Chamaelycus-fasciatus_KU348632, Lamprophis-lineatus_EBG706}
You may want to ignore posterior probabilities and other statistics related to the following branch branch because the effective number of genes impacting it is only 5:
	{Pseudoxyrhopus-tritaeniatus_KU340969, Chamaelycus-fasciatus_KU348632, Lamprophis-lineatus_EBG706, Aparallactus-capensis_MCZA28808, Buhoma-depressiceps_CFS1528, Psammodynastes-pulverulentus_KU328547, Psammodynastes-pulverulentus_KU329686, Micrelaps-sp_TauM16738}
You may want to ignore posterior probabilities and other statistics related to the following branch branch because the effective number of genes impacting it is only 5:
	{Pseudoxyrhopus-tritaeniatus_KU340969, Chamaelycus-fasciatus_KU348632, Lamprophis-lineatus_EBG706, Aparallactus-capensis_MCZA28808, Buhoma-depressiceps_CFS1528, Micrelaps-sp_TauM16738}
You may want to ignore posterior probabilities and other statistics related to the following branch branch because the effective number of genes impacting it is only 5:
	{Pseudoxyrhopus-tritaeniatus_KU340969, Chamaelycus-fasciatus_KU348632, Lamprophis-lineatus_EBG706, Micrelaps-sp_TauM16738}
You may want to ignore posterior probabilities and other statistics related to the following branch branch because the effective number of genes impacting it is only 4:
	{Pseudoxyrhopus-tritaeniatus_KU340969, Micrelaps-sp_TauM16738}
You may want to ignore posterior probabilities and other statistics related to the following branch branch because the effective number of genes impacting it is only 4:
	{Prosymna-visseri_MCZR190223, Rhamphiophis-oxyrhynchus_KU290451}
You may want to ignore posterior probabilities and other statistics related to the following branch branch because the effective number of genes impacting it is only 5:
	{Prosymna-visseri_MCZR190223, Pseudoxyrhopus-tritaeniatus_KU340969, Chamaelycus-fasciatus_KU348632, Lamprophis-lineatus_EBG706, Aparallactus-capensis_MCZA28808, Buhoma-depressiceps_CFS1528, Rhamphiophis-oxyrhynchus_KU290451, Psammodynastes-pulverulentus_KU328547, Psammodynastes-pulverulentus_KU329686, Micrelaps-sp_TauM16738}
You may want to ignore posterior probabilities and other statistics related to the following branch branch because the effective number of genes impacting it is only 5:
	{Psammodynastes-pulverulentus_KU328547, Psammodynastes-pulverulentus_KU329686}
You may want to ignore posterior probabilities and other statistics related to the following branch branch because the effective number of genes impacting it is only 5:
	{Prosymna-visseri_MCZR190223, Pseudoxyrhopus-tritaeniatus_KU340969, Chamaelycus-fasciatus_KU348632, Lamprophis-lineatus_EBG706, Pseudaspis-cana_MCZA27068, Aparallactus-capensis_MCZA28808, Buhoma-depressiceps_CFS1528, Rhamphiophis-oxyrhynchus_KU290451, Psammodynastes-pulverulentus_KU328547, Psammodynastes-pulverulentus_KU329686, Micrelaps-sp_TauM16738}
You may want to ignore posterior probabilities and other statistics related to the following branch branch because the effective number of genes impacting it is only 5:
	{Oxyrhabdium-cfmodestum_KU338101, Oxyrhabdium-leporinum_KU346583}
You may want to ignore posterior probabilities and other statistics related to the following branch branch because the effective number of genes impacting it is only 5:
	{Cyclocorus-lineatus_KU335808, Hologerrhum-philippinum_KU330752}
You may want to ignore posterior probabilities and other statistics related to the following branch branch because the effective number of genes impacting it is only 5:
	{Psammophis-sibilans_RAX2053, Cyclocorus-lineatus_KU335808, Hologerrhum-philippinum_KU330752, Myersophis-alpestris_KU308684, Oxyrhabdium-cfmodestum_KU338101, Oxyrhabdium-leporinum_KU346583, Oxyrhabdium-modestum_KU310866, Levitonius-mirus_KU337269}
You may want to ignore posterior probabilities and other statistics related to the following branch branch because the effective number of genes impacting it is only 5:
	{Oxyrhabdium-cfmodestum_KU338101, Oxyrhabdium-leporinum_KU346583, Oxyrhabdium-modestum_KU310866}
You may want to ignore posterior probabilities and other statistics related to the following branch branch because the effective number of genes impacting it is only 5:
	{Myersophis-alpestris_KU308684, Oxyrhabdium-cfmodestum_KU338101, Oxyrhabdium-leporinum_KU346583, Oxyrhabdium-modestum_KU310866, Levitonius-mirus_KU337269}
You may want to ignore posterior probabilities and other statistics related to the following branch branch because the effective number of genes impacting it is only 5:
	{Prosymna-visseri_MCZR190223, Pseudoxyrhopus-tritaeniatus_KU340969, Chamaelycus-fasciatus_KU348632, Lamprophis-lineatus_EBG706, Pseudaspis-cana_MCZA27068, Aparallactus-capensis_MCZA28808, Buhoma-depressiceps_CFS1528, Rhamphiophis-oxyrhynchus_KU290451, Psammophis-sibilans_RAX2053, Cyclocorus-lineatus_KU335808, Hologerrhum-philippinum_KU330752, Myersophis-alpestris_KU308684, Oxyrhabdium-cfmodestum_KU338101, Oxyrhabdium-leporinum_KU346583, Oxyrhabdium-modestum_KU310866, Levitonius-mirus_KU337269, Psammodynastes-pulverulentus_KU328547, Psammodynastes-pulverulentus_KU329686, Micrelaps-sp_TauM16738}
You may want to ignore posterior probabilities and other statistics related to the following branch branch because the effective number of genes impacting it is only 4:
	{Hydrophis-cyanocinctus, Hydrophis-melanocephalus}
You may want to ignore posterior probabilities and other statistics related to the following branch branch because the effective number of genes impacting it is only 5:
	{Hydrophis-curtus, Hydrophis-hardwickii}
You may want to ignore posterior probabilities and other statistics related to the following branch branch because the effective number of genes impacting it is only 5:
	{Hydrophis-curtus, Hydrophis-cyanocinctus, Hydrophis-hardwickii, Hydrophis-melanocephalus, Emydocephalus-ijimae, Notechis-scutatus}
You may want to ignore posterior probabilities and other statistics related to the following branch branch because the effective number of genes impacting it is only 5:
	{Hydrophis-curtus, Hydrophis-cyanocinctus, Hydrophis-hardwickii, Hydrophis-melanocephalus}
You may want to ignore posterior probabilities and other statistics related to the following branch branch because the effective number of genes impacting it is only 5:
	{Hydrophis-curtus, Hydrophis-cyanocinctus, Hydrophis-hardwickii, Hydrophis-melanocephalus, Emydocephalus-ijimae, Notechis-scutatus, Pseudonaja-textilis}
You may want to ignore posterior probabilities and other statistics related to the following branch branch because the effective number of genes impacting it is only 4:
	{Hydrophis-curtus, Hydrophis-cyanocinctus, Hydrophis-hardwickii, Hydrophis-melanocephalus, Emydocephalus-ijimae, Notechis-scutatus, Pseudonaja-textilis, Laticauda-colubrina, Laticauda-laticaudata}
You may want to ignore posterior probabilities and other statistics related to the following branch branch because the effective number of genes impacting it is only 4:
	{Hydrophis-curtus, Hydrophis-cyanocinctus, Hydrophis-hardwickii, Hydrophis-melanocephalus, Emydocephalus-ijimae, Notechis-scutatus, Pseudonaja-textilis, Laticauda-colubrina, Laticauda-laticaudata, Micrurus-corallinus_KU289205}
You may want to ignore posterior probabilities and other statistics related to the following branch branch because the effective number of genes impacting it is only 5:
	{Ophiophagus-hannah, Naja-naja}
You may want to ignore posterior probabilities and other statistics related to the following branch branch because the effective number of genes impacting it is only 5:
	{Hemibungarus-mcclungi_KU303027, Ophiophagus-hannah, Naja-naja}
You may want to ignore posterior probabilities and other statistics related to the following branch branch because the effective number of genes impacting it is only 4:
	{Laticauda-colubrina, Laticauda-laticaudata}
You may want to ignore posterior probabilities and other statistics related to the following branch branch because the effective number of genes impacting it is only 5:
	{Pseudoxyrhopus-tritaeniatus_KU340969, Chamaelycus-fasciatus_KU348632, Lamprophis-lineatus_EBG706, Aparallactus-capensis_MCZA28808, Micrelaps-sp_TauM16738}
You may want to ignore posterior probabilities and other statistics related to the following branch branch because the effective number of genes impacting it is only 5:
	{Myersophis-alpestris_KU308684, Levitonius-mirus_KU337269}
You may want to ignore posterior probabilities and other statistics related to the following branch branch because the effective number of genes impacting it is only 4:
	{Pantherophis-obsoletus, Pituophis-catenifer}
You may want to ignore posterior probabilities and other statistics related to the following branch branch because the effective number of genes impacting it is only 5:
	{Hydrophis-curtus, Hydrophis-cyanocinctus, Hydrophis-hardwickii, Hydrophis-melanocephalus, Emydocephalus-ijimae}
You may want to ignore posterior probabilities and other statistics related to the following branch branch because the effective number of genes impacting it is only 5:
	{Prosymna-visseri_MCZR190223, Pseudoxyrhopus-tritaeniatus_KU340969, Chamaelycus-fasciatus_KU348632, Lamprophis-lineatus_EBG706, Elapsoidea-sundevallii_MCZR190390, Hemibungarus-mcclungi_KU303027, Ophiophagus-hannah, Naja-naja, Hydrophis-curtus, Hydrophis-cyanocinctus, Hydrophis-hardwickii, Hydrophis-melanocephalus, Emydocephalus-ijimae, Notechis-scutatus, Pseudonaja-textilis, Laticauda-colubrina, Laticauda-laticaudata, Pseudaspis-cana_MCZA27068, Aparallactus-capensis_MCZA28808, Buhoma-depressiceps_CFS1528, Rhamphiophis-oxyrhynchus_KU290451, Psammophis-sibilans_RAX2053, Cyclocorus-lineatus_KU335808, Hologerrhum-philippinum_KU330752, Myersophis-alpestris_KU308684, Oxyrhabdium-cfmodestum_KU338101, Oxyrhabdium-leporinum_KU346583, Oxyrhabdium-modestum_KU310866, Levitonius-mirus_KU337269, Psammodynastes-pulverulentus_KU328547, Psammodynastes-pulverulentus_KU329686, Micrurus-corallinus_KU289205, Micrelaps-sp_TauM16738}
You may want to ignore posterior probabilities and other statistics related to the following branch branch because the effective number of genes impacting it is only 5:
	{Pantherophis-guttatus, Pantherophis-obsoletus, Pituophis-catenifer}
You may want to ignore posterior probabilities and other statistics related to the following branch branch because the effective number of genes impacting it is only 5:
	{Cyclocorus-lineatus_KU335808, Hologerrhum-philippinum_KU330752, Myersophis-alpestris_KU308684, Oxyrhabdium-cfmodestum_KU338101, Oxyrhabdium-leporinum_KU346583, Oxyrhabdium-modestum_KU310866, Levitonius-mirus_KU337269}
You may want to ignore posterior probabilities and other statistics related to the following branch branch because the effective number of genes impacting it is only 5:
	{Scolecophis-atrocinctus_KU289804, Tantilla-taeniata_KU289863}
You may want to ignore posterior probabilities and other statistics related to the following branch branch because the effective number of genes impacting it is only 5:
	{Scolecophis-atrocinctus_KU289804, Tantilla-taeniata_KU289863, Pantherophis-guttatus, Pantherophis-obsoletus, Pituophis-catenifer, Boiga-irregularis_KU345021}
You may want to ignore posterior probabilities and other statistics related to the following branch branch because the effective number of genes impacting it is only 5:
	{Scolecophis-atrocinctus_KU289804, Tantilla-taeniata_KU289863, Pantherophis-guttatus, Pantherophis-obsoletus, Pituophis-catenifer, Boiga-irregularis_KU345021, Ptyas-mucosa}
You may want to ignore posterior probabilities and other statistics related to the following branch branch because the effective number of genes impacting it is only 4:
	{Chrysopelea-ornata, Ahaetulla-prasina_KU323364}
You may want to ignore posterior probabilities and other statistics related to the following branch branch because the effective number of genes impacting it is only 5:
	{Scolecophis-atrocinctus_KU289804, Tantilla-taeniata_KU289863, Pantherophis-guttatus, Pantherophis-obsoletus, Pituophis-catenifer, Boiga-irregularis_KU345021, Ptyas-mucosa, Chrysopelea-ornata, Ahaetulla-prasina_KU323364}
You may want to ignore posterior probabilities and other statistics related to the following branch branch because the effective number of genes impacting it is only 5:
	{Pantherophis-guttatus, Pantherophis-obsoletus, Pituophis-catenifer, Boiga-irregularis_KU345021}
You may want to ignore posterior probabilities and other statistics related to the following branch branch because the effective number of genes impacting it is only 5:
	{Elapsoidea-sundevallii_MCZR190390, Hemibungarus-mcclungi_KU303027, Ophiophagus-hannah, Naja-naja, Hydrophis-curtus, Hydrophis-cyanocinctus, Hydrophis-hardwickii, Hydrophis-melanocephalus, Emydocephalus-ijimae, Notechis-scutatus, Pseudonaja-textilis, Laticauda-colubrina, Laticauda-laticaudata, Micrurus-corallinus_KU289205}
You may want to ignore posterior probabilities and other statistics related to the following branch branch because the effective number of genes impacting it is only 5:
	{Scolecophis-atrocinctus_KU289804, Tantilla-taeniata_KU289863, Pantherophis-guttatus, Pantherophis-obsoletus, Pituophis-catenifer, Boiga-irregularis_KU345021, Ptyas-mucosa, Chrysopelea-ornata, Ahaetulla-prasina_KU323364, Grayia-smythii_KU341872}
You may want to ignore posterior probabilities and other statistics related to the following branch branch because the effective number of genes impacting it is only 5:
	{Thamnophis-sirtalis, Thamnophis-elegans}
You may want to ignore posterior probabilities and other statistics related to the following branch branch because the effective number of genes impacting it is only 5:
	{Scolecophis-atrocinctus_KU289804, Tantilla-taeniata_KU289863, Pantherophis-guttatus, Pantherophis-obsoletus, Pituophis-catenifer, Boiga-irregularis_KU345021, Ptyas-mucosa, Chrysopelea-ornata, Ahaetulla-prasina_KU323364, Sibynophis-bivittatus_KU309608, Grayia-smythii_KU341872}
You may want to ignore posterior probabilities and other statistics related to the following branch branch because the effective number of genes impacting it is only 5:
	{Scolecophis-atrocinctus_KU289804, Tantilla-taeniata_KU289863, Pantherophis-guttatus, Pantherophis-obsoletus, Pituophis-catenifer, Boiga-irregularis_KU345021, Ptyas-mucosa, Chrysopelea-ornata, Ahaetulla-prasina_KU323364, Sibynophis-bivittatus_KU309608, Grayia-smythii_KU341872, Pseudoxenodon-sp_KU312221, Thamnophis-sirtalis, Thamnophis-elegans, Thermophis-baileyi}
You may want to ignore posterior probabilities and other statistics related to the following branch branch because the effective number of genes impacting it is only 5:
	{Scolecophis-atrocinctus_KU289804, Tantilla-taeniata_KU289863, Pantherophis-guttatus, Pantherophis-obsoletus, Pituophis-catenifer, Boiga-irregularis_KU345021, Ptyas-mucosa, Chrysopelea-ornata, Ahaetulla-prasina_KU323364, Sibynophis-bivittatus_KU309608, Grayia-smythii_KU341872, Thamnophis-sirtalis, Thamnophis-elegans, Thermophis-baileyi}
You may want to ignore posterior probabilities and other statistics related to the following branch branch because the effective number of genes impacting it is only 5:
	{Thamnophis-sirtalis, Thamnophis-elegans, Thermophis-baileyi}
You may want to ignore posterior probabilities and other statistics related to the following branch branch because the effective number of genes impacting it is only 4:
	{Dipsas-indica_KU215336, Calamaria-gervaisii_KU327406}
You may want to ignore posterior probabilities and other statistics related to the following branch branch because the effective number of genes impacting it is only 5:
	{Scolecophis-atrocinctus_KU289804, Tantilla-taeniata_KU289863, Pantherophis-guttatus, Pantherophis-obsoletus, Pituophis-catenifer, Boiga-irregularis_KU345021, Ptyas-mucosa, Chrysopelea-ornata, Ahaetulla-prasina_KU323364, Sibynophis-bivittatus_KU309608, Grayia-smythii_KU341872, Pseudoxenodon-sp_KU312221, Thamnophis-sirtalis, Thamnophis-elegans, Thermophis-baileyi, Dipsas-indica_KU215336, Calamaria-gervaisii_KU327406, Prosymna-visseri_MCZR190223, Pseudoxyrhopus-tritaeniatus_KU340969, Chamaelycus-fasciatus_KU348632, Lamprophis-lineatus_EBG706, Elapsoidea-sundevallii_MCZR190390, Hemibungarus-mcclungi_KU303027, Ophiophagus-hannah, Naja-naja, Hydrophis-curtus, Hydrophis-cyanocinctus, Hydrophis-hardwickii, Hydrophis-melanocephalus, Emydocephalus-ijimae, Notechis-scutatus, Pseudonaja-textilis, Laticauda-colubrina, Laticauda-laticaudata, Pseudaspis-cana_MCZA27068, Aparallactus-capensis_MCZA28808, Buhoma-depressiceps_CFS1528, Rhamphiophis-oxyrhynchus_KU290451, Psammophis-sibilans_RAX2053, Cyclocorus-lineatus_KU335808, Hologerrhum-philippinum_KU330752, Myersophis-alpestris_KU308684, Oxyrhabdium-cfmodestum_KU338101, Oxyrhabdium-leporinum_KU346583, Oxyrhabdium-modestum_KU310866, Levitonius-mirus_KU337269, Psammodynastes-pulverulentus_KU328547, Psammodynastes-pulverulentus_KU329686, Micrurus-corallinus_KU289205, Micrelaps-sp_TauM16738}
You may want to ignore posterior probabilities and other statistics related to the following branch branch because the effective number of genes impacting it is only 5:
	{Cerberus-schneiderii_KU324534, Myanophis-thanlyinensis}
You may want to ignore posterior probabilities and other statistics related to the following branch branch because the effective number of genes impacting it is only 5:
	{Scolecophis-atrocinctus_KU289804, Tantilla-taeniata_KU289863, Pantherophis-guttatus, Pantherophis-obsoletus, Pituophis-catenifer, Boiga-irregularis_KU345021, Ptyas-mucosa, Chrysopelea-ornata, Ahaetulla-prasina_KU323364, Sibynophis-bivittatus_KU309608, Grayia-smythii_KU341872, Pseudoxenodon-sp_KU312221, Thamnophis-sirtalis, Thamnophis-elegans, Thermophis-baileyi, Dipsas-indica_KU215336, Calamaria-gervaisii_KU327406, Prosymna-visseri_MCZR190223, Pseudoxyrhopus-tritaeniatus_KU340969, Chamaelycus-fasciatus_KU348632, Lamprophis-lineatus_EBG706, Elapsoidea-sundevallii_MCZR190390, Hemibungarus-mcclungi_KU303027, Ophiophagus-hannah, Naja-naja, Hydrophis-curtus, Hydrophis-cyanocinctus, Hydrophis-hardwickii, Hydrophis-melanocephalus, Emydocephalus-ijimae, Notechis-scutatus, Pseudonaja-textilis, Laticauda-colubrina, Laticauda-laticaudata, Pseudaspis-cana_MCZA27068, Aparallactus-capensis_MCZA28808, Buhoma-depressiceps_CFS1528, Rhamphiophis-oxyrhynchus_KU290451, Psammophis-sibilans_RAX2053, Cyclocorus-lineatus_KU335808, Hologerrhum-philippinum_KU330752, Myersophis-alpestris_KU308684, Oxyrhabdium-cfmodestum_KU338101, Oxyrhabdium-leporinum_KU346583, Oxyrhabdium-modestum_KU310866, Levitonius-mirus_KU337269, Psammodynastes-pulverulentus_KU328547, Psammodynastes-pulverulentus_KU329686, Cerberus-schneiderii_KU324534, Myanophis-thanlyinensis, Micrurus-corallinus_KU289205, Micrelaps-sp_TauM16738}
You may want to ignore posterior probabilities and other statistics related to the following branch branch because the effective number of genes impacting it is only 5:
	{Scolecophis-atrocinctus_KU289804, Tantilla-taeniata_KU289863, Pantherophis-guttatus, Pantherophis-obsoletus, Pituophis-catenifer, Boiga-irregularis_KU345021, Ptyas-mucosa, Chrysopelea-ornata, Ahaetulla-prasina_KU323364, Sibynophis-bivittatus_KU309608, Grayia-smythii_KU341872, Pseudoxenodon-sp_KU312221, Thamnophis-sirtalis, Thamnophis-elegans, Thermophis-baileyi, Dipsas-indica_KU215336, Calamaria-gervaisii_KU327406}
You may want to ignore posterior probabilities and other statistics related to the following branch branch because the effective number of genes impacting it is only 4:
	{Crotalus-pyrrhus, Crotalus-horridus, Crotalus-adamanteus, Crotalus-tigris, Crotalus-viridis}
You may want to ignore posterior probabilities and other statistics related to the following branch branch because the effective number of genes impacting it is only 5:
	{Elapsoidea-sundevallii_MCZR190390, Hemibungarus-mcclungi_KU303027, Ophiophagus-hannah, Naja-naja}
You may want to ignore posterior probabilities and other statistics related to the following branch branch because the effective number of genes impacting it is only 5:
	{Crotalus-pyrrhus, Crotalus-horridus, Crotalus-adamanteus, Crotalus-tigris, Bothrops-jararaca, Crotalus-viridis}
You may want to ignore posterior probabilities and other statistics related to the following branch branch because the effective number of genes impacting it is only 5:
	{Crotalus-pyrrhus, Crotalus-horridus, Crotalus-adamanteus, Crotalus-tigris, Bothrops-jararaca, Protobothrops-mucrosquamatus, Protobothrops-flavoviridis, Vipera-berus, Crotalus-viridis}
You may want to ignore posterior probabilities and other statistics related to the following branch branch because the effective number of genes impacting it is only 5:
	{Crotalus-pyrrhus, Crotalus-horridus, Crotalus-adamanteus, Crotalus-tigris, Bothrops-jararaca, Protobothrops-mucrosquamatus, Protobothrops-flavoviridis, Crotalus-viridis}
You may want to ignore posterior probabilities and other statistics related to the following branch branch because the effective number of genes impacting it is only 5:
	{Scolecophis-atrocinctus_KU289804, Tantilla-taeniata_KU289863, Pantherophis-guttatus, Pantherophis-obsoletus, Pituophis-catenifer, Boiga-irregularis_KU345021, Ptyas-mucosa, Chrysopelea-ornata, Ahaetulla-prasina_KU323364, Sibynophis-bivittatus_KU309608, Grayia-smythii_KU341872, Pseudoxenodon-sp_KU312221, Thamnophis-sirtalis, Thamnophis-elegans, Thermophis-baileyi, Dipsas-indica_KU215336, Calamaria-gervaisii_KU327406, Prosymna-visseri_MCZR190223, Pseudoxyrhopus-tritaeniatus_KU340969, Chamaelycus-fasciatus_KU348632, Lamprophis-lineatus_EBG706, Elapsoidea-sundevallii_MCZR190390, Hemibungarus-mcclungi_KU303027, Ophiophagus-hannah, Naja-naja, Hydrophis-curtus, Hydrophis-cyanocinctus, Hydrophis-hardwickii, Hydrophis-melanocephalus, Emydocephalus-ijimae, Notechis-scutatus, Pseudonaja-textilis, Laticauda-colubrina, Laticauda-laticaudata, Pseudaspis-cana_MCZA27068, Aparallactus-capensis_MCZA28808, Buhoma-depressiceps_CFS1528, Rhamphiophis-oxyrhynchus_KU290451, Psammophis-sibilans_RAX2053, Cyclocorus-lineatus_KU335808, Hologerrhum-philippinum_KU330752, Myersophis-alpestris_KU308684, Oxyrhabdium-cfmodestum_KU338101, Oxyrhabdium-leporinum_KU346583, Oxyrhabdium-modestum_KU310866, Levitonius-mirus_KU337269, Psammodynastes-pulverulentus_KU328547, Psammodynastes-pulverulentus_KU329686, Cerberus-schneiderii_KU324534, Myanophis-thanlyinensis, Crotalus-pyrrhus, Crotalus-horridus, Crotalus-adamanteus, Crotalus-tigris, Bothrops-jararaca, Protobothrops-mucrosquamatus, Protobothrops-flavoviridis, Vipera-berus, Crotalus-viridis, Micrurus-corallinus_KU289205, Micrelaps-sp_TauM16738}
You may want to ignore posterior probabilities and other statistics related to the following branch branch because the effective number of genes impacting it is only 4:
	{Crotalus-pyrrhus, Crotalus-horridus, Crotalus-adamanteus, Crotalus-tigris}
You may want to ignore posterior probabilities and other statistics related to the following branch branch because the effective number of genes impacting it is only 4:
	{Python-molurus, Boa-constrictor}
You may want to ignore posterior probabilities and other statistics related to the following branch branch because the effective number of genes impacting it is only 4:
	{Scolecophis-atrocinctus_KU289804, Tantilla-taeniata_KU289863, Pantherophis-guttatus, Pantherophis-obsoletus, Pituophis-catenifer, Boiga-irregularis_KU345021, Ptyas-mucosa, Chrysopelea-ornata, Ahaetulla-prasina_KU323364, Sibynophis-bivittatus_KU309608, Grayia-smythii_KU341872, Pseudoxenodon-sp_KU312221, Thamnophis-sirtalis, Thamnophis-elegans, Thermophis-baileyi, Dipsas-indica_KU215336, Calamaria-gervaisii_KU327406, Prosymna-visseri_MCZR190223, Pseudoxyrhopus-tritaeniatus_KU340969, Chamaelycus-fasciatus_KU348632, Lamprophis-lineatus_EBG706, Elapsoidea-sundevallii_MCZR190390, Hemibungarus-mcclungi_KU303027, Ophiophagus-hannah, Naja-naja, Hydrophis-curtus, Hydrophis-cyanocinctus, Hydrophis-hardwickii, Hydrophis-melanocephalus, Emydocephalus-ijimae, Notechis-scutatus, Pseudonaja-textilis, Laticauda-colubrina, Laticauda-laticaudata, Pseudaspis-cana_MCZA27068, Aparallactus-capensis_MCZA28808, Buhoma-depressiceps_CFS1528, Rhamphiophis-oxyrhynchus_KU290451, Psammophis-sibilans_RAX2053, Cyclocorus-lineatus_KU335808, Hologerrhum-philippinum_KU330752, Myersophis-alpestris_KU308684, Oxyrhabdium-cfmodestum_KU338101, Oxyrhabdium-leporinum_KU346583, Oxyrhabdium-modestum_KU310866, Levitonius-mirus_KU337269, Psammodynastes-pulverulentus_KU328547, Psammodynastes-pulverulentus_KU329686, Cerberus-schneiderii_KU324534, Myanophis-thanlyinensis, Aplopeltura-boa_KU315147, Crotalus-pyrrhus, Crotalus-horridus, Crotalus-adamanteus, Crotalus-tigris, Bothrops-jararaca, Protobothrops-mucrosquamatus, Protobothrops-flavoviridis, Vipera-berus, Crotalus-viridis, Micrurus-corallinus_KU289205, Micrelaps-sp_TauM16738}
You may want to ignore posterior probabilities and other statistics related to the following branch branch because the effective number of genes impacting it is only 5:
	{Crotalus-pyrrhus, Crotalus-adamanteus}
You may want to ignore posterior probabilities and other statistics related to the following branch branch because the effective number of genes impacting it is only 5:
	{Crotalus-pyrrhus, Crotalus-adamanteus, Crotalus-tigris}
You may want to ignore posterior probabilities and other statistics related to the following branch branch because the effective number of genes impacting it is only 5:
	{Protobothrops-mucrosquamatus, Protobothrops-flavoviridis}
You may want to ignore posterior probabilities and other statistics related to the following branch branch because the effective number of genes impacting it is only 4:
	{Scolecophis-atrocinctus_KU289804, Tantilla-taeniata_KU289863, Pantherophis-guttatus, Pantherophis-obsoletus, Pituophis-catenifer, Boiga-irregularis_KU345021, Ptyas-mucosa, Chrysopelea-ornata, Ahaetulla-prasina_KU323364, Sibynophis-bivittatus_KU309608, Grayia-smythii_KU341872, Pseudoxenodon-sp_KU312221, Thamnophis-sirtalis, Thamnophis-elegans, Thermophis-baileyi, Dipsas-indica_KU215336, Calamaria-gervaisii_KU327406, Prosymna-visseri_MCZR190223, Pseudoxyrhopus-tritaeniatus_KU340969, Chamaelycus-fasciatus_KU348632, Lamprophis-lineatus_EBG706, Elapsoidea-sundevallii_MCZR190390, Hemibungarus-mcclungi_KU303027, Ophiophagus-hannah, Naja-naja, Hydrophis-curtus, Hydrophis-cyanocinctus, Hydrophis-hardwickii, Hydrophis-melanocephalus, Emydocephalus-ijimae, Notechis-scutatus, Pseudonaja-textilis, Laticauda-colubrina, Laticauda-laticaudata, Pseudaspis-cana_MCZA27068, Aparallactus-capensis_MCZA28808, Buhoma-depressiceps_CFS1528, Rhamphiophis-oxyrhynchus_KU290451, Psammophis-sibilans_RAX2053, Cyclocorus-lineatus_KU335808, Hologerrhum-philippinum_KU330752, Myersophis-alpestris_KU308684, Oxyrhabdium-cfmodestum_KU338101, Oxyrhabdium-leporinum_KU346583, Oxyrhabdium-modestum_KU310866, Levitonius-mirus_KU337269, Psammodynastes-pulverulentus_KU328547, Psammodynastes-pulverulentus_KU329686, Cerberus-schneiderii_KU324534, Myanophis-thanlyinensis, Aplopeltura-boa_KU315147, Crotalus-pyrrhus, Crotalus-horridus, Crotalus-adamanteus, Crotalus-tigris, Bothrops-jararaca, Protobothrops-mucrosquamatus, Protobothrops-flavoviridis, Vipera-berus, Achalinus-spinalis_KU312258, Crotalus-viridis, Micrurus-corallinus_KU289205, Micrelaps-sp_TauM16738}
(Acrochordus-granulatus_KU302952,((Achalinus-spinalis_KU312258,(Aplopeltura-boa_KU315147,((((((Pseudaspis-cana_MCZA27068,(((Buhoma-depressiceps_CFS1528,(Aparallactus-capensis_MCZA28808,((Pseudoxyrhopus-tritaeniatus_KU340969,Micrelaps-sp_TauM16738)0.53:0.1053605156578264,(Chamaelycus-fasciatus_KU348632,Lamprophis-lineatus_EBG706)0.93:0.6931471805599453)0.65:0.2547068756362301)0.64:0.20632957995113516)0.57:0.13613217432458005,(Psammodynastes-pulverulentus_KU328547,Psammodynastes-pulverulentus_KU329686)0.99:1.232143681292633)0.24:0.0,(Prosymna-visseri_MCZR190223,Rhamphiophis-oxyrhynchus_KU290451)0.57:0.14501798185577547)0.46:0.05968199165598612)0.41:0.0038997769514920793,(Psammophis-sibilans_RAX2053,(((Oxyrhabdium-modestum_KU310866,(Oxyrhabdium-cfmodestum_KU338101,Oxyrhabdium-leporinum_KU346583)0.93:0.6773988235918061)0.98:0.9808292530117262,(Myersophis-alpestris_KU308684,Levitonius-mirus_KU337269)0.72:0.2876820724517809)0.98:0.97519543529347,(Cyclocorus-lineatus_KU335808,Hologerrhum-philippinum_KU330752)0.7:0.29676272508752743)0.95:0.7453483279376757)0.68:0.24904427974636678)0.52:0.11098157965677874,((Micrurus-corallinus_KU289205,((Pseudonaja-textilis,(Notechis-scutatus,(Emydocephalus-ijimae,((Hydrophis-cyanocinctus,Hydrophis-melanocephalus)0.94:0.7985076962177715,(Hydrophis-curtus,Hydrophis-hardwickii)0.72:0.2876820724517809)0.72:0.2876820724517809)0.93:0.6931471805599453)0.72:0.2876820724517809)0.99:1.2039728043259357,(Laticauda-colubrina,Laticauda-laticaudata)0.98:1.2039728043259361)0.98:1.2039728043259361)0.66:0.2800191997062118,(Elapsoidea-sundevallii_MCZR190390,(Hemibungarus-mcclungi_KU303027,(Ophiophagus-hannah,Naja-naja)0.72:0.2876820724517809)0.94:0.6931471805599453)0.4:0.004819286435948772)0.99:1.3350010667323402)0.95:0.780111649934115,((Pseudoxenodon-sp_KU312221,((Sibynophis-bivittatus_KU309608,(Grayia-smythii_KU341872,((Ptyas-mucosa,((Boiga-irregularis_KU345021,(Pantherophis-guttatus,(Pantherophis-obsoletus,Pituophis-catenifer)0.53:0.1053605156578264)0.98:0.9862201016466027)0.52:0.13194534946888783,(Scolecophis-atrocinctus_KU289804,Tantilla-taeniata_KU289863)0.93:0.6973225519704258)0.68:0.25890978607712656)0.97:0.8556661100577202,(Chrysopelea-ornata,Ahaetulla-prasina_KU323364)0.84:0.5108256237659905)0.81:0.41218405835690936)0.56:0.2025981671856811)0.58:0.14568926196418983,(Thermophis-baileyi,(Thamnophis-sirtalis,Thamnophis-elegans)0.99:1.3862943611198908)0.4:0.010818161203163703)0.56:0.13140480387748196)0.62:0.18962840670170517,(Dipsas-indica_KU215336,Calamaria-gervaisii_KU327406)0.53:0.10140011444172924)0.92:0.6399643963414705)0.45:0.036776224360419815,(Cerberus-schneiderii_KU324534,Myanophis-thanlyinensis)0.99:1.3862943611198908)0.99:1.210798769396336,(Vipera-berus,((Bothrops-jararaca,(Crotalus-viridis,(Crotalus-horridus,(Crotalus-tigris,(Crotalus-pyrrhus,Crotalus-adamanteus)0.66:0.2820482547335251)0.56:0.13353139262452274)0.52:0.1053605156578264)0.98:1.2039728043259361)0.56:0.13353139262452274,(Protobothrops-mucrosquamatus,Protobothrops-flavoviridis)0.93:0.6931471805599453)0.99:1.3862943611198908)0.99:1.3862943611198908)0.4:0.0)0.98:1.2039728043259361)0.84:0.5108256237659905,(Python-molurus,Boa-constrictor)0.98:1.2039728043259361));
ASTRAL finished in 2.136 secs
Shutting down threading
