

================== ASTRAL ===================== 

This is ASTRAL version 5.15.5
Warning: 
 Fail to load native library libAstral.dylib; use Java default computing method without AVX2, which is 4X slower. 
 Make sure you are using the correct Djava.library.path (to the `lib` directory under ASTRAL where libAstral.dylib can be found). 
 Trying running make.sh. For mode debugging, run: java -Djava.library.path=lib/ -jar native_library_tester.jar
Gene trees are treated as unrooted
Detected GPU devices: 
Device 1 of 2: Apple M1 cl_device_id[0xffffffff] Vendor: Intel
Device 2 of 2: Apple M1 cl_device_id[0x1027f00] Vendor: Apple
Will use Device : Apple M1
Will use Device : Apple M1
Starting 8 threads ...
There are 8 threads used to run.
3 trees read from /dev/fd/11
All output trees will be *arbitrarily* rooted at Pseudoxyrhopus-tritaeniatus_KU340969

======== Running the main analysis
Number of taxa: 66 (66 species)
Taxa: [Pseudoxyrhopus-tritaeniatus_KU340969, Pseudaspis-cana_MCZA27068, Oxyrhabdium-modestum_KU310866, Oxyrhabdium-cfmodestum_KU338101, Oxyrhabdium-leporinum_KU346583, Cyclocorus-lineatus_KU335808, Hologerrhum-philippinum_KU330752, Myersophis-alpestris_KU308684, Levitonius-mirus_KU337269, Sibynophis-bivittatus_KU309608, Thamnophis-sirtalis, Thamnophis-elegans, Ahaetulla-prasina_KU323364, Chrysopelea-ornata, Scolecophis-atrocinctus_KU289804, Tantilla-taeniata_KU289863, Ptyas-mucosa, Boiga-irregularis_KU345021, Pantherophis-guttatus, Pituophis-catenifer, Pantherophis-obsoletus, Grayia-smythii_KU341872, Pseudoxenodon-sp_KU312221, Calamaria-gervaisii_KU327406, Thermophis-baileyi, Achalinus-spinalis_KU312258, Acrochordus-granulatus_KU302952, Python-molurus, Boa-constrictor, Aplopeltura-boa_KU315147, Crotalus-pyrrhus, Crotalus-viridis, Crotalus-tigris, Crotalus-horridus, Crotalus-adamanteus, Bothrops-jararaca, Protobothrops-mucrosquamatus, Protobothrops-flavoviridis, Vipera-berus, Cerberus-schneiderii_KU324534, Myanophis-thanlyinensis, Hemibungarus-mcclungi_KU303027, Naja-naja, Elapsoidea-sundevallii_MCZR190390, Ophiophagus-hannah, Hydrophis-curtus, Hydrophis-hardwickii, Hydrophis-cyanocinctus, Hydrophis-melanocephalus, Emydocephalus-ijimae, Pseudonaja-textilis, Notechis-scutatus, Laticauda-colubrina, Laticauda-laticaudata, Micrurus-corallinus_KU289205, Psammophis-sibilans_RAX2053, Rhamphiophis-oxyrhynchus_KU290451, Micrelaps-sp_TauM16738, Aparallactus-capensis_MCZA28808, Psammodynastes-pulverulentus_KU328547, Psammodynastes-pulverulentus_KU329686, Buhoma-depressiceps_CFS1528, Prosymna-visseri_MCZR190223, Chamaelycus-fasciatus_KU348632, Lamprophis-lineatus_EBG706, Dipsas-indica_KU215336]
Taxon occupancy: {Protobothrops-flavoviridis=3, Hologerrhum-philippinum_KU330752=3, Thamnophis-sirtalis=2, Hydrophis-hardwickii=3, Psammophis-sibilans_RAX2053=3, Crotalus-pyrrhus=3, Bothrops-jararaca=2, Elapsoidea-sundevallii_MCZR190390=3, Notechis-scutatus=3, Levitonius-mirus_KU337269=2, Buhoma-depressiceps_CFS1528=3, Ophiophagus-hannah=3, Scolecophis-atrocinctus_KU289804=3, Ptyas-mucosa=3, Calamaria-gervaisii_KU327406=3, Boiga-irregularis_KU345021=3, Aparallactus-capensis_MCZA28808=3, Myanophis-thanlyinensis=3, Ahaetulla-prasina_KU323364=3, Python-molurus=2, Pseudaspis-cana_MCZA27068=3, Psammodynastes-pulverulentus_KU328547=3, Crotalus-tigris=3, Rhamphiophis-oxyrhynchus_KU290451=3, Pantherophis-obsoletus=3, Protobothrops-mucrosquamatus=3, Vipera-berus=3, Chrysopelea-ornata=3, Thamnophis-elegans=2, Laticauda-laticaudata=3, Myersophis-alpestris_KU308684=3, Oxyrhabdium-leporinum_KU346583=3, Acrochordus-granulatus_KU302952=1, Cyclocorus-lineatus_KU335808=3, Oxyrhabdium-cfmodestum_KU338101=3, Tantilla-taeniata_KU289863=2, Grayia-smythii_KU341872=3, Crotalus-viridis=3, Crotalus-adamanteus=3, Pseudoxyrhopus-tritaeniatus_KU340969=3, Dipsas-indica_KU215336=2, Oxyrhabdium-modestum_KU310866=3, Emydocephalus-ijimae=3, Pantherophis-guttatus=3, Sibynophis-bivittatus_KU309608=3, Aplopeltura-boa_KU315147=3, Thermophis-baileyi=2, Pituophis-catenifer=3, Lamprophis-lineatus_EBG706=3, Hydrophis-curtus=3, Pseudoxenodon-sp_KU312221=3, Hemibungarus-mcclungi_KU303027=2, Pseudonaja-textilis=2, Chamaelycus-fasciatus_KU348632=3, Laticauda-colubrina=3, Crotalus-horridus=3, Boa-constrictor=2, Micrurus-corallinus_KU289205=3, Psammodynastes-pulverulentus_KU329686=3, Achalinus-spinalis_KU312258=2, Hydrophis-melanocephalus=3, Micrelaps-sp_TauM16738=3, Prosymna-visseri_MCZR190223=3, Naja-naja=3, Hydrophis-cyanocinctus=3, Cerberus-schneiderii_KU324534=3}
Using polytree-based weight calculation.
Number of gene trees: 3
3 trees have missing taxa
Calculating distance matrix (for completion of X) ....with 4 distance matrices for parallellism
Species tree distances calculated ...

Will attempt to complete bipartitions from X before adding using a distance matrix.
Building set of clusters (X) from gene trees 
------------------------------
Number of Clusters after addition from gene trees: 387
Number of Clusters after addition by distance: 387
Adding to X using resolutions of greedy consensus ...

Computing greedy consensus  
took 0 seconds
Limit for sigma of degrees:1700

polytomy size limit : > 5
 [3, 3, 3, 3, 3, 3, 3, 5, 5, 5, 5, 5, 5, 5]
discarded polytomies: 
Threshold 0.0:
polytomy of size 3; rounds with additions with at least 5 support: 0; clusters: 435
polytomy of size 5; rounds with additions with at least 5 support: 0; clusters: 435
Threshold 0.01:
polytomy of size 3; rounds with additions with at least 5 support: 0; clusters: 435
polytomy of size 5; rounds with additions with at least 5 support: 0; clusters: 435
Threshold 0.02:
polytomy of size 3; rounds with additions with at least 5 support: 0; clusters: 435
polytomy of size 5; rounds with additions with at least 5 support: 0; clusters: 435
Threshold 0.05:
polytomy of size 3; rounds with additions with at least 5 support: 0; clusters: 435
polytomy of size 5; rounds with additions with at least 5 support: 0; clusters: 435
Threshold 0.1:
polytomy of size 3; rounds with additions with at least 5 support: 0; clusters: 435
polytomy of size 5; rounds with additions with at least 5 support: 0; clusters: 435
Threshold 0.2:
polytomy of size 3; rounds with additions with at least 5 support: 0; clusters: 435
polytomy of size 5; rounds with additions with at least 5 support: 0; clusters: 435
Threshold 0.3333333333333333:
polytomy of size 3; rounds with additions with at least 5 support: 0; clusters: 435
polytomy of size 5; rounds with additions with at least 5 support: 0; clusters: 435
Number of Clusters after addition by greedy: 435
partitions formed in 0.581 secs
Dynamic Programming starting after 0.582 secs
Polytree max score: 1639995
Polytree building time: 0.006 seconds.
Fail to load native library libAstral.dylib; use Java default computing method.
Number of quartet trees in the gene trees: 1639995
Computing hash values took 0 seconds
device length is: 2
TREE HEIGHT IS: 11
Size of largest cluster: 66
Size of largest cluster: 66
Finishing up:277 0 276
Total Number of elements: 276
Normalized score (portion of input quartet trees satisfied before correcting for multiple individuals): 0.9371735889438687
Final optimization score: 1536960
Optimal tree inferred in 1.706 secs.
Weight calculation using polytrees cumulatively took 0.0 secs
(Pseudoxyrhopus-tritaeniatus_KU340969,(Buhoma-depressiceps_CFS1528,((Micrelaps-sp_TauM16738,(((((Sibynophis-bivittatus_KU309608,((((Boiga-irregularis_KU345021,(Ptyas-mucosa,(Scolecophis-atrocinctus_KU289804,Tantilla-taeniata_KU289863))),(Pituophis-catenifer,(Pantherophis-guttatus,Pantherophis-obsoletus))),(Ahaetulla-prasina_KU323364,Chrysopelea-ornata)),(Grayia-smythii_KU341872,(Pseudoxenodon-sp_KU312221,Calamaria-gervaisii_KU327406)))),(Thermophis-baileyi,(Dipsas-indica_KU215336,(Thamnophis-sirtalis,Thamnophis-elegans)))),(((Vipera-berus,((Bothrops-jararaca,(Crotalus-horridus,(Crotalus-adamanteus,(Crotalus-viridis,(Crotalus-pyrrhus,Crotalus-tigris))))),(Protobothrops-mucrosquamatus,Protobothrops-flavoviridis))),(Aplopeltura-boa_KU315147,(Achalinus-spinalis_KU312258,(Acrochordus-granulatus_KU302952,(Python-molurus,Boa-constrictor))))),(Cerberus-schneiderii_KU324534,Myanophis-thanlyinensis))),(Levitonius-mirus_KU337269,((Myersophis-alpestris_KU308684,(Oxyrhabdium-leporinum_KU346583,(Oxyrhabdium-modestum_KU310866,Oxyrhabdium-cfmodestum_KU338101))),(Cyclocorus-lineatus_KU335808,Hologerrhum-philippinum_KU330752)))),(((Micrurus-corallinus_KU289205,((Elapsoidea-sundevallii_MCZR190390,((Notechis-scutatus,(Pseudonaja-textilis,(Emydocephalus-ijimae,((Hydrophis-cyanocinctus,Hydrophis-melanocephalus),(Hydrophis-curtus,Hydrophis-hardwickii))))),(Laticauda-colubrina,Laticauda-laticaudata))),(Ophiophagus-hannah,(Hemibungarus-mcclungi_KU303027,Naja-naja)))),(Psammodynastes-pulverulentus_KU328547,Psammodynastes-pulverulentus_KU329686)),(Psammophis-sibilans_RAX2053,Rhamphiophis-oxyrhynchus_KU290451)))),(Aparallactus-capensis_MCZA28808,(Pseudaspis-cana_MCZA27068,(Prosymna-visseri_MCZR190223,(Chamaelycus-fasciatus_KU348632,Lamprophis-lineatus_EBG706)))))));
Final quartet score is: 1620399
Final normalized quartet score is: 0.9880511830828752
You may want to ignore posterior probabilities and other statistics related to the following branch branch because the effective number of genes impacting it is only 3:
	{Ahaetulla-prasina_KU323364, Chrysopelea-ornata}
You may want to ignore posterior probabilities and other statistics related to the following branch branch because the effective number of genes impacting it is only 3:
	{Scolecophis-atrocinctus_KU289804, Tantilla-taeniata_KU289863, Ptyas-mucosa, Boiga-irregularis_KU345021}
You may want to ignore posterior probabilities and other statistics related to the following branch branch because the effective number of genes impacting it is only 3:
	{Pantherophis-guttatus, Pituophis-catenifer, Pantherophis-obsoletus}
You may want to ignore posterior probabilities and other statistics related to the following branch branch because the effective number of genes impacting it is only 2:
	{Scolecophis-atrocinctus_KU289804, Tantilla-taeniata_KU289863}
You may want to ignore posterior probabilities and other statistics related to the following branch branch because the effective number of genes impacting it is only 3:
	{Scolecophis-atrocinctus_KU289804, Tantilla-taeniata_KU289863, Ptyas-mucosa}
You may want to ignore posterior probabilities and other statistics related to the following branch branch because the effective number of genes impacting it is only 3:
	{Scolecophis-atrocinctus_KU289804, Tantilla-taeniata_KU289863, Ptyas-mucosa, Boiga-irregularis_KU345021, Pantherophis-guttatus, Pituophis-catenifer, Pantherophis-obsoletus}
You may want to ignore posterior probabilities and other statistics related to the following branch branch because the effective number of genes impacting it is only 3:
	{Ahaetulla-prasina_KU323364, Chrysopelea-ornata, Scolecophis-atrocinctus_KU289804, Tantilla-taeniata_KU289863, Ptyas-mucosa, Boiga-irregularis_KU345021, Pantherophis-guttatus, Pituophis-catenifer, Pantherophis-obsoletus}
You may want to ignore posterior probabilities and other statistics related to the following branch branch because the effective number of genes impacting it is only 3:
	{Pantherophis-guttatus, Pantherophis-obsoletus}
You may want to ignore posterior probabilities and other statistics related to the following branch branch because the effective number of genes impacting it is only 3:
	{Pseudoxenodon-sp_KU312221, Calamaria-gervaisii_KU327406}
You may want to ignore posterior probabilities and other statistics related to the following branch branch because the effective number of genes impacting it is only 3:
	{Grayia-smythii_KU341872, Pseudoxenodon-sp_KU312221, Calamaria-gervaisii_KU327406}
You may want to ignore posterior probabilities and other statistics related to the following branch branch because the effective number of genes impacting it is only 1:
	{Thamnophis-sirtalis, Thamnophis-elegans, Dipsas-indica_KU215336}
You may want to ignore posterior probabilities and other statistics related to the following branch branch because the effective number of genes impacting it is only 3:
	{Crotalus-pyrrhus, Crotalus-tigris}
You may want to ignore posterior probabilities and other statistics related to the following branch branch because the effective number of genes impacting it is only 3:
	{Sibynophis-bivittatus_KU309608, Thamnophis-sirtalis, Thamnophis-elegans, Ahaetulla-prasina_KU323364, Chrysopelea-ornata, Scolecophis-atrocinctus_KU289804, Tantilla-taeniata_KU289863, Ptyas-mucosa, Boiga-irregularis_KU345021, Pantherophis-guttatus, Pituophis-catenifer, Pantherophis-obsoletus, Grayia-smythii_KU341872, Pseudoxenodon-sp_KU312221, Calamaria-gervaisii_KU327406, Thermophis-baileyi, Dipsas-indica_KU215336}
You may want to ignore posterior probabilities and other statistics related to the following branch branch because the effective number of genes impacting it is only 3:
	{Crotalus-pyrrhus, Crotalus-viridis, Crotalus-tigris}
You may want to ignore posterior probabilities and other statistics related to the following branch branch because the effective number of genes impacting it is only 1:
	{Thamnophis-sirtalis, Thamnophis-elegans}
You may want to ignore posterior probabilities and other statistics related to the following branch branch because the effective number of genes impacting it is only 2:
	{Crotalus-pyrrhus, Crotalus-viridis, Crotalus-tigris, Crotalus-horridus, Crotalus-adamanteus}
You may want to ignore posterior probabilities and other statistics related to the following branch branch because the effective number of genes impacting it is only 2:
	{Crotalus-pyrrhus, Crotalus-viridis, Crotalus-tigris, Crotalus-horridus, Crotalus-adamanteus, Bothrops-jararaca}
You may want to ignore posterior probabilities and other statistics related to the following branch branch because the effective number of genes impacting it is only 3:
	{Sibynophis-bivittatus_KU309608, Ahaetulla-prasina_KU323364, Chrysopelea-ornata, Scolecophis-atrocinctus_KU289804, Tantilla-taeniata_KU289863, Ptyas-mucosa, Boiga-irregularis_KU345021, Pantherophis-guttatus, Pituophis-catenifer, Pantherophis-obsoletus, Grayia-smythii_KU341872, Pseudoxenodon-sp_KU312221, Calamaria-gervaisii_KU327406}
You may want to ignore posterior probabilities and other statistics related to the following branch branch because the effective number of genes impacting it is only 3:
	{Protobothrops-mucrosquamatus, Protobothrops-flavoviridis}
You may want to ignore posterior probabilities and other statistics related to the following branch branch because the effective number of genes impacting it is only 1:
	{Python-molurus, Boa-constrictor}
You may want to ignore posterior probabilities and other statistics related to the following branch branch because the effective number of genes impacting it is only 3:
	{Crotalus-pyrrhus, Crotalus-viridis, Crotalus-tigris, Crotalus-horridus, Crotalus-adamanteus, Bothrops-jararaca, Protobothrops-mucrosquamatus, Protobothrops-flavoviridis, Vipera-berus}
You may want to ignore posterior probabilities and other statistics related to the following branch branch because the effective number of genes impacting it is only 1:
	{Acrochordus-granulatus_KU302952, Python-molurus, Boa-constrictor}
You may want to ignore posterior probabilities and other statistics related to the following branch branch because the effective number of genes impacting it is only 1:
	{Achalinus-spinalis_KU312258, Acrochordus-granulatus_KU302952, Python-molurus, Boa-constrictor}
You may want to ignore posterior probabilities and other statistics related to the following branch branch because the effective number of genes impacting it is only 2:
	{Thamnophis-sirtalis, Thamnophis-elegans, Thermophis-baileyi, Dipsas-indica_KU215336}
You may want to ignore posterior probabilities and other statistics related to the following branch branch because the effective number of genes impacting it is only 3:
	{Achalinus-spinalis_KU312258, Acrochordus-granulatus_KU302952, Python-molurus, Boa-constrictor, Aplopeltura-boa_KU315147}
You may want to ignore posterior probabilities and other statistics related to the following branch branch because the effective number of genes impacting it is only 3:
	{Achalinus-spinalis_KU312258, Acrochordus-granulatus_KU302952, Python-molurus, Boa-constrictor, Aplopeltura-boa_KU315147, Crotalus-pyrrhus, Crotalus-viridis, Crotalus-tigris, Crotalus-horridus, Crotalus-adamanteus, Bothrops-jararaca, Protobothrops-mucrosquamatus, Protobothrops-flavoviridis, Vipera-berus}
You may want to ignore posterior probabilities and other statistics related to the following branch branch because the effective number of genes impacting it is only 3:
	{Ahaetulla-prasina_KU323364, Chrysopelea-ornata, Scolecophis-atrocinctus_KU289804, Tantilla-taeniata_KU289863, Ptyas-mucosa, Boiga-irregularis_KU345021, Pantherophis-guttatus, Pituophis-catenifer, Pantherophis-obsoletus, Grayia-smythii_KU341872, Pseudoxenodon-sp_KU312221, Calamaria-gervaisii_KU327406}
You may want to ignore posterior probabilities and other statistics related to the following branch branch because the effective number of genes impacting it is only 3:
	{Cerberus-schneiderii_KU324534, Myanophis-thanlyinensis}
You may want to ignore posterior probabilities and other statistics related to the following branch branch because the effective number of genes impacting it is only 3:
	{Crotalus-pyrrhus, Crotalus-viridis, Crotalus-tigris, Crotalus-adamanteus}
You may want to ignore posterior probabilities and other statistics related to the following branch branch because the effective number of genes impacting it is only 3:
	{Crotalus-pyrrhus, Crotalus-viridis, Crotalus-tigris, Crotalus-horridus, Crotalus-adamanteus, Bothrops-jararaca, Protobothrops-mucrosquamatus, Protobothrops-flavoviridis}
You may want to ignore posterior probabilities and other statistics related to the following branch branch because the effective number of genes impacting it is only 3:
	{Oxyrhabdium-modestum_KU310866, Oxyrhabdium-cfmodestum_KU338101, Oxyrhabdium-leporinum_KU346583}
You may want to ignore posterior probabilities and other statistics related to the following branch branch because the effective number of genes impacting it is only 3:
	{Achalinus-spinalis_KU312258, Acrochordus-granulatus_KU302952, Python-molurus, Boa-constrictor, Aplopeltura-boa_KU315147, Crotalus-pyrrhus, Crotalus-viridis, Crotalus-tigris, Crotalus-horridus, Crotalus-adamanteus, Bothrops-jararaca, Protobothrops-mucrosquamatus, Protobothrops-flavoviridis, Vipera-berus, Cerberus-schneiderii_KU324534, Myanophis-thanlyinensis}
You may want to ignore posterior probabilities and other statistics related to the following branch branch because the effective number of genes impacting it is only 2:
	{Oxyrhabdium-modestum_KU310866, Oxyrhabdium-cfmodestum_KU338101, Oxyrhabdium-leporinum_KU346583, Cyclocorus-lineatus_KU335808, Hologerrhum-philippinum_KU330752, Myersophis-alpestris_KU308684}
You may want to ignore posterior probabilities and other statistics related to the following branch branch because the effective number of genes impacting it is only 3:
	{Oxyrhabdium-modestum_KU310866, Oxyrhabdium-cfmodestum_KU338101, Oxyrhabdium-leporinum_KU346583, Myersophis-alpestris_KU308684}
You may want to ignore posterior probabilities and other statistics related to the following branch branch because the effective number of genes impacting it is only 3:
	{Oxyrhabdium-modestum_KU310866, Oxyrhabdium-cfmodestum_KU338101}
You may want to ignore posterior probabilities and other statistics related to the following branch branch because the effective number of genes impacting it is only 3:
	{Sibynophis-bivittatus_KU309608, Thamnophis-sirtalis, Thamnophis-elegans, Ahaetulla-prasina_KU323364, Chrysopelea-ornata, Scolecophis-atrocinctus_KU289804, Tantilla-taeniata_KU289863, Ptyas-mucosa, Boiga-irregularis_KU345021, Pantherophis-guttatus, Pituophis-catenifer, Pantherophis-obsoletus, Grayia-smythii_KU341872, Pseudoxenodon-sp_KU312221, Calamaria-gervaisii_KU327406, Thermophis-baileyi, Achalinus-spinalis_KU312258, Acrochordus-granulatus_KU302952, Python-molurus, Boa-constrictor, Aplopeltura-boa_KU315147, Crotalus-pyrrhus, Crotalus-viridis, Crotalus-tigris, Crotalus-horridus, Crotalus-adamanteus, Bothrops-jararaca, Protobothrops-mucrosquamatus, Protobothrops-flavoviridis, Vipera-berus, Cerberus-schneiderii_KU324534, Myanophis-thanlyinensis, Dipsas-indica_KU215336}
You may want to ignore posterior probabilities and other statistics related to the following branch branch because the effective number of genes impacting it is only 2:
	{Oxyrhabdium-modestum_KU310866, Oxyrhabdium-cfmodestum_KU338101, Oxyrhabdium-leporinum_KU346583, Cyclocorus-lineatus_KU335808, Hologerrhum-philippinum_KU330752, Myersophis-alpestris_KU308684, Levitonius-mirus_KU337269}
You may want to ignore posterior probabilities and other statistics related to the following branch branch because the effective number of genes impacting it is only 2:
	{Hydrophis-curtus, Hydrophis-hardwickii, Hydrophis-cyanocinctus, Hydrophis-melanocephalus, Emydocephalus-ijimae, Pseudonaja-textilis}
You may want to ignore posterior probabilities and other statistics related to the following branch branch because the effective number of genes impacting it is only 2:
	{Hydrophis-curtus, Hydrophis-hardwickii, Hydrophis-cyanocinctus, Hydrophis-melanocephalus, Emydocephalus-ijimae}
You may want to ignore posterior probabilities and other statistics related to the following branch branch because the effective number of genes impacting it is only 3:
	{Cyclocorus-lineatus_KU335808, Hologerrhum-philippinum_KU330752}
You may want to ignore posterior probabilities and other statistics related to the following branch branch because the effective number of genes impacting it is only 3:
	{Laticauda-colubrina, Laticauda-laticaudata}
You may want to ignore posterior probabilities and other statistics related to the following branch branch because the effective number of genes impacting it is only 3:
	{Hydrophis-curtus, Hydrophis-hardwickii, Hydrophis-cyanocinctus, Hydrophis-melanocephalus}
You may want to ignore posterior probabilities and other statistics related to the following branch branch because the effective number of genes impacting it is only 3:
	{Hydrophis-curtus, Hydrophis-hardwickii, Hydrophis-cyanocinctus, Hydrophis-melanocephalus, Emydocephalus-ijimae, Pseudonaja-textilis, Notechis-scutatus, Laticauda-colubrina, Laticauda-laticaudata}
You may want to ignore posterior probabilities and other statistics related to the following branch branch because the effective number of genes impacting it is only 3:
	{Oxyrhabdium-modestum_KU310866, Oxyrhabdium-cfmodestum_KU338101, Oxyrhabdium-leporinum_KU346583, Cyclocorus-lineatus_KU335808, Hologerrhum-philippinum_KU330752, Myersophis-alpestris_KU308684, Levitonius-mirus_KU337269, Sibynophis-bivittatus_KU309608, Thamnophis-sirtalis, Thamnophis-elegans, Ahaetulla-prasina_KU323364, Chrysopelea-ornata, Scolecophis-atrocinctus_KU289804, Tantilla-taeniata_KU289863, Ptyas-mucosa, Boiga-irregularis_KU345021, Pantherophis-guttatus, Pituophis-catenifer, Pantherophis-obsoletus, Grayia-smythii_KU341872, Pseudoxenodon-sp_KU312221, Calamaria-gervaisii_KU327406, Thermophis-baileyi, Achalinus-spinalis_KU312258, Acrochordus-granulatus_KU302952, Python-molurus, Boa-constrictor, Aplopeltura-boa_KU315147, Crotalus-pyrrhus, Crotalus-viridis, Crotalus-tigris, Crotalus-horridus, Crotalus-adamanteus, Bothrops-jararaca, Protobothrops-mucrosquamatus, Protobothrops-flavoviridis, Vipera-berus, Cerberus-schneiderii_KU324534, Myanophis-thanlyinensis, Dipsas-indica_KU215336}
You may want to ignore posterior probabilities and other statistics related to the following branch branch because the effective number of genes impacting it is only 3:
	{Elapsoidea-sundevallii_MCZR190390, Hydrophis-curtus, Hydrophis-hardwickii, Hydrophis-cyanocinctus, Hydrophis-melanocephalus, Emydocephalus-ijimae, Pseudonaja-textilis, Notechis-scutatus, Laticauda-colubrina, Laticauda-laticaudata}
You may want to ignore posterior probabilities and other statistics related to the following branch branch because the effective number of genes impacting it is only 3:
	{Hydrophis-curtus, Hydrophis-hardwickii, Hydrophis-cyanocinctus, Hydrophis-melanocephalus, Emydocephalus-ijimae, Pseudonaja-textilis, Notechis-scutatus}
You may want to ignore posterior probabilities and other statistics related to the following branch branch because the effective number of genes impacting it is only 2:
	{Hemibungarus-mcclungi_KU303027, Naja-naja}
You may want to ignore posterior probabilities and other statistics related to the following branch branch because the effective number of genes impacting it is only 3:
	{Hydrophis-curtus, Hydrophis-hardwickii}
You may want to ignore posterior probabilities and other statistics related to the following branch branch because the effective number of genes impacting it is only 3:
	{Hemibungarus-mcclungi_KU303027, Naja-naja, Ophiophagus-hannah}
You may want to ignore posterior probabilities and other statistics related to the following branch branch because the effective number of genes impacting it is only 3:
	{Hemibungarus-mcclungi_KU303027, Naja-naja, Elapsoidea-sundevallii_MCZR190390, Ophiophagus-hannah, Hydrophis-curtus, Hydrophis-hardwickii, Hydrophis-cyanocinctus, Hydrophis-melanocephalus, Emydocephalus-ijimae, Pseudonaja-textilis, Notechis-scutatus, Laticauda-colubrina, Laticauda-laticaudata, Micrurus-corallinus_KU289205, Psammodynastes-pulverulentus_KU328547, Psammodynastes-pulverulentus_KU329686}
You may want to ignore posterior probabilities and other statistics related to the following branch branch because the effective number of genes impacting it is only 3:
	{Psammodynastes-pulverulentus_KU328547, Psammodynastes-pulverulentus_KU329686}
You may want to ignore posterior probabilities and other statistics related to the following branch branch because the effective number of genes impacting it is only 3:
	{Hemibungarus-mcclungi_KU303027, Naja-naja, Elapsoidea-sundevallii_MCZR190390, Ophiophagus-hannah, Hydrophis-curtus, Hydrophis-hardwickii, Hydrophis-cyanocinctus, Hydrophis-melanocephalus, Emydocephalus-ijimae, Pseudonaja-textilis, Notechis-scutatus, Laticauda-colubrina, Laticauda-laticaudata, Micrurus-corallinus_KU289205}
You may want to ignore posterior probabilities and other statistics related to the following branch branch because the effective number of genes impacting it is only 3:
	{Hydrophis-cyanocinctus, Hydrophis-melanocephalus}
You may want to ignore posterior probabilities and other statistics related to the following branch branch because the effective number of genes impacting it is only 3:
	{Psammophis-sibilans_RAX2053, Rhamphiophis-oxyrhynchus_KU290451}
You may want to ignore posterior probabilities and other statistics related to the following branch branch because the effective number of genes impacting it is only 3:
	{Hemibungarus-mcclungi_KU303027, Naja-naja, Elapsoidea-sundevallii_MCZR190390, Ophiophagus-hannah, Hydrophis-curtus, Hydrophis-hardwickii, Hydrophis-cyanocinctus, Hydrophis-melanocephalus, Emydocephalus-ijimae, Pseudonaja-textilis, Notechis-scutatus, Laticauda-colubrina, Laticauda-laticaudata}
You may want to ignore posterior probabilities and other statistics related to the following branch branch because the effective number of genes impacting it is only 3:
	{Prosymna-visseri_MCZR190223, Chamaelycus-fasciatus_KU348632, Lamprophis-lineatus_EBG706}
You may want to ignore posterior probabilities and other statistics related to the following branch branch because the effective number of genes impacting it is only 3:
	{Pseudaspis-cana_MCZA27068, Prosymna-visseri_MCZR190223, Chamaelycus-fasciatus_KU348632, Lamprophis-lineatus_EBG706}
You may want to ignore posterior probabilities and other statistics related to the following branch branch because the effective number of genes impacting it is only 3:
	{Pseudaspis-cana_MCZA27068, Aparallactus-capensis_MCZA28808, Prosymna-visseri_MCZR190223, Chamaelycus-fasciatus_KU348632, Lamprophis-lineatus_EBG706}
You may want to ignore posterior probabilities and other statistics related to the following branch branch because the effective number of genes impacting it is only 3:
	{Chamaelycus-fasciatus_KU348632, Lamprophis-lineatus_EBG706}
You may want to ignore posterior probabilities and other statistics related to the following branch branch because the effective number of genes impacting it is only 3:
	{Pseudaspis-cana_MCZA27068, Oxyrhabdium-modestum_KU310866, Oxyrhabdium-cfmodestum_KU338101, Oxyrhabdium-leporinum_KU346583, Cyclocorus-lineatus_KU335808, Hologerrhum-philippinum_KU330752, Myersophis-alpestris_KU308684, Levitonius-mirus_KU337269, Sibynophis-bivittatus_KU309608, Thamnophis-sirtalis, Thamnophis-elegans, Ahaetulla-prasina_KU323364, Chrysopelea-ornata, Scolecophis-atrocinctus_KU289804, Tantilla-taeniata_KU289863, Ptyas-mucosa, Boiga-irregularis_KU345021, Pantherophis-guttatus, Pituophis-catenifer, Pantherophis-obsoletus, Grayia-smythii_KU341872, Pseudoxenodon-sp_KU312221, Calamaria-gervaisii_KU327406, Thermophis-baileyi, Achalinus-spinalis_KU312258, Acrochordus-granulatus_KU302952, Python-molurus, Boa-constrictor, Aplopeltura-boa_KU315147, Crotalus-pyrrhus, Crotalus-viridis, Crotalus-tigris, Crotalus-horridus, Crotalus-adamanteus, Bothrops-jararaca, Protobothrops-mucrosquamatus, Protobothrops-flavoviridis, Vipera-berus, Cerberus-schneiderii_KU324534, Myanophis-thanlyinensis, Hemibungarus-mcclungi_KU303027, Naja-naja, Elapsoidea-sundevallii_MCZR190390, Ophiophagus-hannah, Hydrophis-curtus, Hydrophis-hardwickii, Hydrophis-cyanocinctus, Hydrophis-melanocephalus, Emydocephalus-ijimae, Pseudonaja-textilis, Notechis-scutatus, Laticauda-colubrina, Laticauda-laticaudata, Micrurus-corallinus_KU289205, Psammophis-sibilans_RAX2053, Rhamphiophis-oxyrhynchus_KU290451, Micrelaps-sp_TauM16738, Aparallactus-capensis_MCZA28808, Psammodynastes-pulverulentus_KU328547, Psammodynastes-pulverulentus_KU329686, Prosymna-visseri_MCZR190223, Chamaelycus-fasciatus_KU348632, Lamprophis-lineatus_EBG706, Dipsas-indica_KU215336}
You may want to ignore posterior probabilities and other statistics related to the following branch branch because the effective number of genes impacting it is only 3:
	{Oxyrhabdium-modestum_KU310866, Oxyrhabdium-cfmodestum_KU338101, Oxyrhabdium-leporinum_KU346583, Cyclocorus-lineatus_KU335808, Hologerrhum-philippinum_KU330752, Myersophis-alpestris_KU308684, Levitonius-mirus_KU337269, Sibynophis-bivittatus_KU309608, Thamnophis-sirtalis, Thamnophis-elegans, Ahaetulla-prasina_KU323364, Chrysopelea-ornata, Scolecophis-atrocinctus_KU289804, Tantilla-taeniata_KU289863, Ptyas-mucosa, Boiga-irregularis_KU345021, Pantherophis-guttatus, Pituophis-catenifer, Pantherophis-obsoletus, Grayia-smythii_KU341872, Pseudoxenodon-sp_KU312221, Calamaria-gervaisii_KU327406, Thermophis-baileyi, Achalinus-spinalis_KU312258, Acrochordus-granulatus_KU302952, Python-molurus, Boa-constrictor, Aplopeltura-boa_KU315147, Crotalus-pyrrhus, Crotalus-viridis, Crotalus-tigris, Crotalus-horridus, Crotalus-adamanteus, Bothrops-jararaca, Protobothrops-mucrosquamatus, Protobothrops-flavoviridis, Vipera-berus, Cerberus-schneiderii_KU324534, Myanophis-thanlyinensis, Hemibungarus-mcclungi_KU303027, Naja-naja, Elapsoidea-sundevallii_MCZR190390, Ophiophagus-hannah, Hydrophis-curtus, Hydrophis-hardwickii, Hydrophis-cyanocinctus, Hydrophis-melanocephalus, Emydocephalus-ijimae, Pseudonaja-textilis, Notechis-scutatus, Laticauda-colubrina, Laticauda-laticaudata, Micrurus-corallinus_KU289205, Psammophis-sibilans_RAX2053, Rhamphiophis-oxyrhynchus_KU290451, Micrelaps-sp_TauM16738, Psammodynastes-pulverulentus_KU328547, Psammodynastes-pulverulentus_KU329686, Dipsas-indica_KU215336}
You may want to ignore posterior probabilities and other statistics related to the following branch branch because the effective number of genes impacting it is only 3:
	{Hemibungarus-mcclungi_KU303027, Naja-naja, Elapsoidea-sundevallii_MCZR190390, Ophiophagus-hannah, Hydrophis-curtus, Hydrophis-hardwickii, Hydrophis-cyanocinctus, Hydrophis-melanocephalus, Emydocephalus-ijimae, Pseudonaja-textilis, Notechis-scutatus, Laticauda-colubrina, Laticauda-laticaudata, Micrurus-corallinus_KU289205, Psammophis-sibilans_RAX2053, Rhamphiophis-oxyrhynchus_KU290451, Psammodynastes-pulverulentus_KU328547, Psammodynastes-pulverulentus_KU329686}
You may want to ignore posterior probabilities and other statistics related to the following branch branch because the effective number of genes impacting it is only 3:
	{Oxyrhabdium-modestum_KU310866, Oxyrhabdium-cfmodestum_KU338101, Oxyrhabdium-leporinum_KU346583, Cyclocorus-lineatus_KU335808, Hologerrhum-philippinum_KU330752, Myersophis-alpestris_KU308684, Levitonius-mirus_KU337269, Sibynophis-bivittatus_KU309608, Thamnophis-sirtalis, Thamnophis-elegans, Ahaetulla-prasina_KU323364, Chrysopelea-ornata, Scolecophis-atrocinctus_KU289804, Tantilla-taeniata_KU289863, Ptyas-mucosa, Boiga-irregularis_KU345021, Pantherophis-guttatus, Pituophis-catenifer, Pantherophis-obsoletus, Grayia-smythii_KU341872, Pseudoxenodon-sp_KU312221, Calamaria-gervaisii_KU327406, Thermophis-baileyi, Achalinus-spinalis_KU312258, Acrochordus-granulatus_KU302952, Python-molurus, Boa-constrictor, Aplopeltura-boa_KU315147, Crotalus-pyrrhus, Crotalus-viridis, Crotalus-tigris, Crotalus-horridus, Crotalus-adamanteus, Bothrops-jararaca, Protobothrops-mucrosquamatus, Protobothrops-flavoviridis, Vipera-berus, Cerberus-schneiderii_KU324534, Myanophis-thanlyinensis, Hemibungarus-mcclungi_KU303027, Naja-naja, Elapsoidea-sundevallii_MCZR190390, Ophiophagus-hannah, Hydrophis-curtus, Hydrophis-hardwickii, Hydrophis-cyanocinctus, Hydrophis-melanocephalus, Emydocephalus-ijimae, Pseudonaja-textilis, Notechis-scutatus, Laticauda-colubrina, Laticauda-laticaudata, Micrurus-corallinus_KU289205, Psammophis-sibilans_RAX2053, Rhamphiophis-oxyrhynchus_KU290451, Psammodynastes-pulverulentus_KU328547, Psammodynastes-pulverulentus_KU329686, Dipsas-indica_KU215336}
(Pseudoxyrhopus-tritaeniatus_KU340969,(Buhoma-depressiceps_CFS1528,((Micrelaps-sp_TauM16738,(((((Sibynophis-bivittatus_KU309608,((((Boiga-irregularis_KU345021,(Ptyas-mucosa,(Scolecophis-atrocinctus_KU289804,Tantilla-taeniata_KU289863)0.87:0.6931471805599453)0.67:0.2876820724517809)0.36:0.0,(Pituophis-catenifer,(Pantherophis-guttatus,Pantherophis-obsoletus)0.67:0.2876820724517809)0.95:0.9808292530117262)0.95:0.9808292530117262,(Ahaetulla-prasina_KU323364,Chrysopelea-ornata)0.67:0.2876820724517809)0.75:0.3828070842155804,(Grayia-smythii_KU341872,(Pseudoxenodon-sp_KU312221,Calamaria-gervaisii_KU327406)0.72:0.3554963934192882)0.37:0.0)0.65:0.2405166040093508)0.33:0.0,(Thermophis-baileyi,(Dipsas-indica_KU215336,(Thamnophis-sirtalis,Thamnophis-elegans)0.67:0.2876820724517809)0.67:0.2876820724517809)0.43:0.0)0.95:0.9808292530117262,(((Vipera-berus,((Bothrops-jararaca,(Crotalus-horridus,(Crotalus-adamanteus,(Crotalus-viridis,(Crotalus-pyrrhus,Crotalus-tigris)0.66:0.27829233210194176)0.67:0.2876820724517809)0.51:0.13353139262452263)0.87:0.6931471805599453)0.87:0.6931471805599453,(Protobothrops-mucrosquamatus,Protobothrops-flavoviridis)0.95:0.9808292530117262)0.95:0.9808292530117262)0.95:0.9808292530117262,(Aplopeltura-boa_KU315147,(Achalinus-spinalis_KU312258,(Acrochordus-granulatus_KU302952,(Python-molurus,Boa-constrictor)0.67:0.2876820724517809)0.67:0.2876820724517809)0.67:0.2876820724517809)0.67:0.2876820724517809)0.85:0.5753641449035618,(Cerberus-schneiderii_KU324534,Myanophis-thanlyinensis)0.95:0.9808292530117262)0.33:0.0)0.94:0.9067212808580046,(Levitonius-mirus_KU337269,((Myersophis-alpestris_KU308684,(Oxyrhabdium-leporinum_KU346583,(Oxyrhabdium-modestum_KU310866,Oxyrhabdium-cfmodestum_KU338101)0.67:0.2876820724517809)0.95:0.9808292530117262)0.66:0.2789483924830264,(Cyclocorus-lineatus_KU335808,Hologerrhum-philippinum_KU330752)0.95:0.9610266257155465)0.42:0.0)0.87:0.6931471805599453)0.89:0.6729204350698064,(((Micrurus-corallinus_KU289205,((Elapsoidea-sundevallii_MCZR190390,((Notechis-scutatus,(Pseudonaja-textilis,(Emydocephalus-ijimae,((Hydrophis-cyanocinctus,Hydrophis-melanocephalus)0.67:0.2876820724517809,(Hydrophis-curtus,Hydrophis-hardwickii)0.95:0.9808292530117262)0.95:0.9808292530117262)0.87:0.6931471805599453)0.42:0.0)0.95:0.9808292530117262,(Laticauda-colubrina,Laticauda-laticaudata)0.95:0.9808292530117262)0.95:0.9808292530117262)0.89:0.6931471805599453,(Ophiophagus-hannah,(Hemibungarus-mcclungi_KU303027,Naja-naja)0.42:0.0)0.67:0.2876820724517809)0.33:0.0)0.95:0.9808292530117262,(Psammodynastes-pulverulentus_KU328547,Psammodynastes-pulverulentus_KU329686)0.95:0.9808292530117262)0.67:0.2876820724517809,(Psammophis-sibilans_RAX2053,Rhamphiophis-oxyrhynchus_KU290451)0.95:0.9808292530117262)0.65:0.27217788591581565)0.3:0.0)0.59:0.18012122809740821,(Aparallactus-capensis_MCZA28808,(Pseudaspis-cana_MCZA27068,(Prosymna-visseri_MCZR190223,(Chamaelycus-fasciatus_KU348632,Lamprophis-lineatus_EBG706)0.67:0.2876820724517809)0.67:0.26200572219407764)0.54:0.12665851333676054)0.42:0.0)0.53:0.1053605156578264));
ASTRAL finished in 1.919 secs
Shutting down threading
