

================== ASTRAL ===================== 

This is ASTRAL version 5.15.5
Warning: 
 Fail to load native library libAstral.dylib; use Java default computing method without AVX2, which is 4X slower. 
 Make sure you are using the correct Djava.library.path (to the `lib` directory under ASTRAL where libAstral.dylib can be found). 
 Trying running make.sh. For mode debugging, run: java -Djava.library.path=lib/ -jar native_library_tester.jar
Gene trees are treated as unrooted
Detected GPU devices: 
Device 1 of 2: Apple M1 cl_device_id[0xffffffff] Vendor: Intel
Device 2 of 2: Apple M1 cl_device_id[0x1027f00] Vendor: Apple
Will use Device : Apple M1
Will use Device : Apple M1
Starting 8 threads ...
There are 8 threads used to run.
138 trees read from /dev/fd/11
All output trees will be *arbitrarily* rooted at Pseudoxyrhopus-tritaeniatus_KU340969

======== Running the main analysis
Number of taxa: 66 (66 species)
Taxa: [Pseudoxyrhopus-tritaeniatus_KU340969, Pseudaspis-cana_MCZA27068, Aparallactus-capensis_MCZA28808, Prosymna-visseri_MCZR190223, Buhoma-depressiceps_CFS1528, Psammophis-sibilans_RAX2053, Rhamphiophis-oxyrhynchus_KU290451, Micrelaps-sp_TauM16738, Oxyrhabdium-modestum_KU310866, Oxyrhabdium-cfmodestum_KU338101, Oxyrhabdium-leporinum_KU346583, Levitonius-mirus_KU337269, Myersophis-alpestris_KU308684, Cyclocorus-lineatus_KU335808, Hologerrhum-philippinum_KU330752, Hemibungarus-mcclungi_KU303027, Ophiophagus-hannah, Naja-naja, Elapsoidea-sundevallii_MCZR190390, Hydrophis-curtus, Hydrophis-hardwickii, Hydrophis-cyanocinctus, Hydrophis-melanocephalus, Emydocephalus-ijimae, Notechis-scutatus, Pseudonaja-textilis, Laticauda-colubrina, Laticauda-laticaudata, Micrurus-corallinus_KU289205, Sibynophis-bivittatus_KU309608, Grayia-smythii_KU341872, Ahaetulla-prasina_KU323364, Chrysopelea-ornata, Scolecophis-atrocinctus_KU289804, Tantilla-taeniata_KU289863, Ptyas-mucosa, Pantherophis-guttatus, Pantherophis-obsoletus, Pituophis-catenifer, Boiga-irregularis_KU345021, Calamaria-gervaisii_KU327406, Pseudoxenodon-sp_KU312221, Dipsas-indica_KU215336, Thermophis-baileyi, Thamnophis-sirtalis, Thamnophis-elegans, Cerberus-schneiderii_KU324534, Myanophis-thanlyinensis, Achalinus-spinalis_KU312258, Acrochordus-granulatus_KU302952, Python-molurus, Boa-constrictor, Aplopeltura-boa_KU315147, Crotalus-pyrrhus, Crotalus-horridus, Crotalus-viridis, Crotalus-adamanteus, Crotalus-tigris, Protobothrops-mucrosquamatus, Protobothrops-flavoviridis, Vipera-berus, Psammodynastes-pulverulentus_KU328547, Psammodynastes-pulverulentus_KU329686, Chamaelycus-fasciatus_KU348632, Lamprophis-lineatus_EBG706, Bothrops-jararaca]
Taxon occupancy: {Protobothrops-flavoviridis=131, Hologerrhum-philippinum_KU330752=132, Thamnophis-sirtalis=123, Hydrophis-hardwickii=130, Psammophis-sibilans_RAX2053=122, Crotalus-pyrrhus=129, Elapsoidea-sundevallii_MCZR190390=129, Bothrops-jararaca=128, Notechis-scutatus=132, Levitonius-mirus_KU337269=126, Buhoma-depressiceps_CFS1528=120, Ophiophagus-hannah=131, Scolecophis-atrocinctus_KU289804=126, Ptyas-mucosa=132, Calamaria-gervaisii_KU327406=130, Boiga-irregularis_KU345021=129, Aparallactus-capensis_MCZA28808=126, Myanophis-thanlyinensis=128, Ahaetulla-prasina_KU323364=131, Python-molurus=124, Pseudaspis-cana_MCZA27068=126, Psammodynastes-pulverulentus_KU328547=124, Rhamphiophis-oxyrhynchus_KU290451=127, Crotalus-tigris=131, Pantherophis-obsoletus=134, Protobothrops-mucrosquamatus=130, Vipera-berus=127, Chrysopelea-ornata=125, Thamnophis-elegans=132, Laticauda-laticaudata=133, Myersophis-alpestris_KU308684=129, Oxyrhabdium-leporinum_KU346583=133, Acrochordus-granulatus_KU302952=121, Cyclocorus-lineatus_KU335808=127, Oxyrhabdium-cfmodestum_KU338101=126, Grayia-smythii_KU341872=129, Tantilla-taeniata_KU289863=124, Crotalus-viridis=128, Crotalus-adamanteus=132, Pseudoxyrhopus-tritaeniatus_KU340969=126, Dipsas-indica_KU215336=126, Oxyrhabdium-modestum_KU310866=127, Emydocephalus-ijimae=129, Pantherophis-guttatus=130, Sibynophis-bivittatus_KU309608=128, Aplopeltura-boa_KU315147=121, Thermophis-baileyi=134, Pituophis-catenifer=125, Lamprophis-lineatus_EBG706=127, Hydrophis-curtus=132, Pseudoxenodon-sp_KU312221=129, Hemibungarus-mcclungi_KU303027=127, Pseudonaja-textilis=131, Chamaelycus-fasciatus_KU348632=129, Laticauda-colubrina=128, Crotalus-horridus=130, Micrurus-corallinus_KU289205=130, Boa-constrictor=120, Psammodynastes-pulverulentus_KU329686=124, Hydrophis-melanocephalus=127, Achalinus-spinalis_KU312258=119, Micrelaps-sp_TauM16738=126, Prosymna-visseri_MCZR190223=125, Naja-naja=138, Hydrophis-cyanocinctus=134, Cerberus-schneiderii_KU324534=125}
Using polytree-based weight calculation.
Number of gene trees: 138
96 trees have missing taxa
Calculating distance matrix (for completion of X) ....with 4 distance matrices for parallellism
Species tree distances calculated ...

Will attempt to complete bipartitions from X before adding using a distance matrix.
Building set of clusters (X) from gene trees 
------------------------------
Number of Clusters after addition from gene trees: 3637
Number of Clusters after addition by distance: 3637
Adding to X using resolutions of greedy consensus ...

Computing greedy consensus  
took 0 seconds
Limit for sigma of degrees:1700

polytomy size limit : > 11
 [3, 3, 3, 3, 4, 4, 4, 4, 4, 4, 6, 10, 11]
discarded polytomies: 
Threshold 0.0:
Threshold 0.01:
Threshold 0.02:
polytomy of size 3; rounds with additions with at least 5 support: 1; clusters: 3643
Threshold 0.05:
polytomy of size 4; rounds with additions with at least 5 support: 2; clusters: 3643
Threshold 0.1:
polytomy of size 6; rounds with additions with at least 5 support: 0; clusters: 3643
Threshold 0.2:
polytomy of size 3; rounds with additions with at least 5 support: 0; clusters: 3643
polytomy of size 3; rounds with additions with at least 5 support: 0; clusters: 3643
polytomy of size 10; rounds with additions with at least 5 support: 0; clusters: 3645
Threshold 0.3333333333333333:
polytomy of size 4; rounds with additions with at least 5 support: 0; clusters: 3643
polytomy of size 4; rounds with additions with at least 5 support: 0; clusters: 3643
polytomy of size 4; rounds with additions with at least 5 support: 0; clusters: 3643
polytomy of size 4; rounds with additions with at least 5 support: 0; clusters: 3643
polytomy of size 4; rounds with additions with at least 5 support: 0; clusters: 3643
polytomy of size 3; rounds with additions with at least 5 support: 0; clusters: 3643
polytomy of size 11; rounds with additions with at least 5 support: 0; clusters: 3645
Number of Clusters after addition by greedy: 3645
partitions formed in 1.761 secs
Dynamic Programming starting after 1.761 secs
Polytree max score: 79461455
Polytree building time: 0.047 seconds.
Fail to load native library libAstral.dylib; use Java default computing method.
Number of quartet trees in the gene trees: 79461455
Computing hash values took 0 seconds
device length is: 2
TREE HEIGHT IS: 15
Size of largest cluster: 66
Size of largest cluster: 66
Finishing up:7715 0 7714
Total Number of elements: 7714
Normalized score (portion of input quartet trees satisfied before correcting for multiple individuals): 0.8501659452372222
Final optimization score: 67555423
Optimal tree inferred in 3.279 secs.
Weight calculation using polytrees cumulatively took 0.0 secs
(Pseudoxyrhopus-tritaeniatus_KU340969,((Micrelaps-sp_TauM16738,((((((Sibynophis-bivittatus_KU309608,(Calamaria-gervaisii_KU327406,(Grayia-smythii_KU341872,((Boiga-irregularis_KU345021,((Ptyas-mucosa,(Scolecophis-atrocinctus_KU289804,Tantilla-taeniata_KU289863)),(Pituophis-catenifer,(Pantherophis-guttatus,Pantherophis-obsoletus)))),(Ahaetulla-prasina_KU323364,Chrysopelea-ornata))))),((Dipsas-indica_KU215336,Thermophis-baileyi),(Pseudoxenodon-sp_KU312221,(Thamnophis-sirtalis,Thamnophis-elegans)))),(((Vipera-berus,((Bothrops-jararaca,(Crotalus-horridus,(Crotalus-pyrrhus,(Crotalus-adamanteus,(Crotalus-viridis,Crotalus-tigris))))),(Protobothrops-mucrosquamatus,Protobothrops-flavoviridis))),(Aplopeltura-boa_KU315147,(Achalinus-spinalis_KU312258,(Acrochordus-granulatus_KU302952,(Python-molurus,Boa-constrictor))))),(Cerberus-schneiderii_KU324534,Myanophis-thanlyinensis))),(((Levitonius-mirus_KU337269,Myersophis-alpestris_KU308684),(Oxyrhabdium-modestum_KU310866,(Oxyrhabdium-cfmodestum_KU338101,Oxyrhabdium-leporinum_KU346583))),(Cyclocorus-lineatus_KU335808,Hologerrhum-philippinum_KU330752))),(Psammodynastes-pulverulentus_KU328547,Psammodynastes-pulverulentus_KU329686)),(Micrurus-corallinus_KU289205,((Elapsoidea-sundevallii_MCZR190390,((Pseudonaja-textilis,(Notechis-scutatus,(Emydocephalus-ijimae,((Hydrophis-cyanocinctus,Hydrophis-melanocephalus),(Hydrophis-curtus,Hydrophis-hardwickii))))),(Laticauda-colubrina,Laticauda-laticaudata))),(Hemibungarus-mcclungi_KU303027,(Ophiophagus-hannah,Naja-naja)))))),(Buhoma-depressiceps_CFS1528,(((Pseudaspis-cana_MCZA27068,Prosymna-visseri_MCZR190223),(Aparallactus-capensis_MCZA28808,(Psammophis-sibilans_RAX2053,Rhamphiophis-oxyrhynchus_KU290451))),(Chamaelycus-fasciatus_KU348632,Lamprophis-lineatus_EBG706)))));
Final quartet score is: 65157889
Final normalized quartet score is: 0.8199936560436755
(Pseudoxyrhopus-tritaeniatus_KU340969,((Micrelaps-sp_TauM16738,((((((Sibynophis-bivittatus_KU309608,(Calamaria-gervaisii_KU327406,(Grayia-smythii_KU341872,((Boiga-irregularis_KU345021,((Ptyas-mucosa,(Scolecophis-atrocinctus_KU289804,Tantilla-taeniata_KU289863)1:1.1542920295714698)0.71:0.1124502294876318,(Pituophis-catenifer,(Pantherophis-guttatus,Pantherophis-obsoletus)1:0.25400621891262265)1:1.9748150289212878)0.98:0.16887764493435733)1:1.5194708139490858,(Ahaetulla-prasina_KU323364,Chrysopelea-ornata)1:1.2934653382078853)1:0.371879297246195)0.86:0.10507919256947482)0.46:0.025205399540526842)1:0.7015399209741676,((Dipsas-indica_KU215336,Thermophis-baileyi)1:0.39157912445499066,(Pseudoxenodon-sp_KU312221,(Thamnophis-sirtalis,Thamnophis-elegans)1:3.5365268438013326)0.58:0.05743500119901937)0.52:0.03451348762873417)1:1.1688074568489084,(((Vipera-berus,((Bothrops-jararaca,(Crotalus-horridus,(Crotalus-pyrrhus,(Crotalus-adamanteus,(Crotalus-viridis,Crotalus-tigris)0.99:0.20965012258868282)0.63:0.06994382880775782)1:1.2005189808485155)1:2.1934618241096984)1:1.072677530761905,(Protobothrops-mucrosquamatus,Protobothrops-flavoviridis)1:1.7451684723542413)1:1.6534151160985227)1:3.6145198104834533,(Aplopeltura-boa_KU315147,(Achalinus-spinalis_KU312258,(Acrochordus-granulatus_KU302952,(Python-molurus,Boa-constrictor)1:2.657925813919641)1:0.9633544766328511)1:3.127853458210361)1:0.790265340643982)1:2.1249479235949074,(Cerberus-schneiderii_KU324534,Myanophis-thanlyinensis)1:2.9548223708098673)0.97:0.15667336894705958)1:1.6275301563871267,(((Levitonius-mirus_KU337269,Myersophis-alpestris_KU308684)0.92:0.1263406257403657,(Oxyrhabdium-modestum_KU310866,(Oxyrhabdium-cfmodestum_KU338101,Oxyrhabdium-leporinum_KU346583)1:0.3125189955987201)1:3.7372012485297077)1:0.49614241377830104,(Cyclocorus-lineatus_KU335808,Hologerrhum-philippinum_KU330752)1:1.3470344797542857)1:1.6427893119879466)0.58:0.09631924012263726,(Psammodynastes-pulverulentus_KU328547,Psammodynastes-pulverulentus_KU329686)1:2.841256713517126)0.76:0.07891153952408222,(Micrurus-corallinus_KU289205,((Elapsoidea-sundevallii_MCZR190390,((Pseudonaja-textilis,(Notechis-scutatus,(Emydocephalus-ijimae,((Hydrophis-cyanocinctus,Hydrophis-melanocephalus)1:1.0288384721980868,(Hydrophis-curtus,Hydrophis-hardwickii)1:0.5625269981428811)1:3.7591659868421115)1:2.130428089770122)0.96:0.1455846152375876)1:1.8541307944297059,(Laticauda-colubrina,Laticauda-laticaudata)1:3.7455747977904834)1:3.754543467773242)1:0.3195959948345736,(Hemibungarus-mcclungi_KU303027,(Ophiophagus-hannah,Naja-naja)1:0.24489502920494277)1:0.41600954862155226)0.75:0.07732284919570258)1:2.1651890723716583)1:0.3044489989592013)0.95:0.1491724893458511,(Buhoma-depressiceps_CFS1528,(((Pseudaspis-cana_MCZA27068,Prosymna-visseri_MCZR190223)0.56:0.06149238425311022,(Aparallactus-capensis_MCZA28808,(Psammophis-sibilans_RAX2053,Rhamphiophis-oxyrhynchus_KU290451)1:1.9175872670104075)0.91:0.12588028884346353)0.57:0.04341240409687278,(Chamaelycus-fasciatus_KU348632,Lamprophis-lineatus_EBG706)1:1.0604117455036914)0.55:0.04193785349965279)0.58:0.05196361024927502));
ASTRAL finished in 4.053 secs
Shutting down threading
