

================== ASTRAL ===================== 

This is ASTRAL version 5.15.5
Warning: 
 Fail to load native library libAstral.dylib; use Java default computing method without AVX2, which is 4X slower. 
 Make sure you are using the correct Djava.library.path (to the `lib` directory under ASTRAL where libAstral.dylib can be found). 
 Trying running make.sh. For mode debugging, run: java -Djava.library.path=lib/ -jar native_library_tester.jar
Gene trees are treated as unrooted
Detected GPU devices: 
Device 1 of 2: Apple M1 cl_device_id[0xffffffff] Vendor: Intel
Device 2 of 2: Apple M1 cl_device_id[0x1027f00] Vendor: Apple
Will use Device : Apple M1
Will use Device : Apple M1
Starting 8 threads ...
There are 8 threads used to run.
10 trees read from /dev/fd/11
All output trees will be *arbitrarily* rooted at Pseudoxyrhopus-tritaeniatus_KU340969

======== Running the main analysis
Number of taxa: 66 (66 species)
Taxa: [Pseudoxyrhopus-tritaeniatus_KU340969, Pseudaspis-cana_MCZA27068, Aparallactus-capensis_MCZA28808, Chamaelycus-fasciatus_KU348632, Lamprophis-lineatus_EBG706, Psammophis-sibilans_RAX2053, Rhamphiophis-oxyrhynchus_KU290451, Buhoma-depressiceps_CFS1528, Prosymna-visseri_MCZR190223, Hemibungarus-mcclungi_KU303027, Naja-naja, Ophiophagus-hannah, Elapsoidea-sundevallii_MCZR190390, Hydrophis-curtus, Hydrophis-cyanocinctus, Hydrophis-hardwickii, Hydrophis-melanocephalus, Emydocephalus-ijimae, Notechis-scutatus, Pseudonaja-textilis, Laticauda-colubrina, Laticauda-laticaudata, Micrurus-corallinus_KU289205, Sibynophis-bivittatus_KU309608, Pseudoxenodon-sp_KU312221, Thamnophis-sirtalis, Thamnophis-elegans, Scolecophis-atrocinctus_KU289804, Tantilla-taeniata_KU289863, Ptyas-mucosa, Boiga-irregularis_KU345021, Pantherophis-guttatus, Pituophis-catenifer, Pantherophis-obsoletus, Thermophis-baileyi, Ahaetulla-prasina_KU323364, Chrysopelea-ornata, Grayia-smythii_KU341872, Calamaria-gervaisii_KU327406, Dipsas-indica_KU215336, Cerberus-schneiderii_KU324534, Myanophis-thanlyinensis, Achalinus-spinalis_KU312258, Acrochordus-granulatus_KU302952, Python-molurus, Boa-constrictor, Aplopeltura-boa_KU315147, Crotalus-pyrrhus, Crotalus-tigris, Crotalus-viridis, Crotalus-adamanteus, Crotalus-horridus, Bothrops-jararaca, Protobothrops-mucrosquamatus, Protobothrops-flavoviridis, Vipera-berus, Micrelaps-sp_TauM16738, Psammodynastes-pulverulentus_KU328547, Psammodynastes-pulverulentus_KU329686, Oxyrhabdium-modestum_KU310866, Oxyrhabdium-cfmodestum_KU338101, Oxyrhabdium-leporinum_KU346583, Levitonius-mirus_KU337269, Myersophis-alpestris_KU308684, Cyclocorus-lineatus_KU335808, Hologerrhum-philippinum_KU330752]
Taxon occupancy: {Protobothrops-flavoviridis=8, Thamnophis-sirtalis=7, Hologerrhum-philippinum_KU330752=10, Hydrophis-hardwickii=10, Psammophis-sibilans_RAX2053=10, Crotalus-pyrrhus=10, Elapsoidea-sundevallii_MCZR190390=10, Bothrops-jararaca=10, Notechis-scutatus=10, Levitonius-mirus_KU337269=8, Buhoma-depressiceps_CFS1528=10, Ophiophagus-hannah=10, Scolecophis-atrocinctus_KU289804=10, Ptyas-mucosa=10, Calamaria-gervaisii_KU327406=10, Boiga-irregularis_KU345021=9, Aparallactus-capensis_MCZA28808=8, Myanophis-thanlyinensis=9, Ahaetulla-prasina_KU323364=10, Python-molurus=10, Pseudaspis-cana_MCZA27068=8, Psammodynastes-pulverulentus_KU328547=9, Rhamphiophis-oxyrhynchus_KU290451=8, Crotalus-tigris=10, Pantherophis-obsoletus=10, Protobothrops-mucrosquamatus=10, Vipera-berus=10, Chrysopelea-ornata=10, Thamnophis-elegans=9, Laticauda-laticaudata=10, Myersophis-alpestris_KU308684=9, Oxyrhabdium-leporinum_KU346583=10, Acrochordus-granulatus_KU302952=7, Cyclocorus-lineatus_KU335808=10, Oxyrhabdium-cfmodestum_KU338101=9, Tantilla-taeniata_KU289863=10, Grayia-smythii_KU341872=9, Crotalus-viridis=10, Crotalus-adamanteus=10, Pseudoxyrhopus-tritaeniatus_KU340969=9, Dipsas-indica_KU215336=9, Oxyrhabdium-modestum_KU310866=10, Emydocephalus-ijimae=10, Pantherophis-guttatus=10, Sibynophis-bivittatus_KU309608=10, Aplopeltura-boa_KU315147=10, Thermophis-baileyi=10, Pituophis-catenifer=10, Lamprophis-lineatus_EBG706=9, Hydrophis-curtus=9, Pseudoxenodon-sp_KU312221=10, Chamaelycus-fasciatus_KU348632=8, Hemibungarus-mcclungi_KU303027=9, Pseudonaja-textilis=10, Laticauda-colubrina=10, Crotalus-horridus=10, Micrurus-corallinus_KU289205=10, Boa-constrictor=10, Psammodynastes-pulverulentus_KU329686=9, Hydrophis-melanocephalus=10, Achalinus-spinalis_KU312258=8, Micrelaps-sp_TauM16738=10, Prosymna-visseri_MCZR190223=9, Naja-naja=10, Hydrophis-cyanocinctus=10, Cerberus-schneiderii_KU324534=10}
Using polytree-based weight calculation.
Number of gene trees: 10
7 trees have missing taxa
Calculating distance matrix (for completion of X) ....with 4 distance matrices for parallellism
Species tree distances calculated ...

Will attempt to complete bipartitions from X before adding using a distance matrix.
Building set of clusters (X) from gene trees 
------------------------------
Number of Clusters after addition from gene trees: 683
Number of Clusters after addition by distance: 683
Adding to X using resolutions of greedy consensus ...

Computing greedy consensus  
took 0 seconds
Limit for sigma of degrees:1700

polytomy size limit : > 11
 [3, 3, 3, 3, 3, 3, 3, 4, 4, 4, 4, 4, 4, 4, 4, 4, 5, 11]
discarded polytomies: 
Threshold 0.0:
polytomy of size 4; rounds with additions with at least 5 support: 0; clusters: 711
polytomy of size 3; rounds with additions with at least 5 support: 0; clusters: 705
Threshold 0.01:
polytomy of size 4; rounds with additions with at least 5 support: 0; clusters: 705
polytomy of size 3; rounds with additions with at least 5 support: 0; clusters: 705
Threshold 0.02:
polytomy of size 4; rounds with additions with at least 5 support: 0; clusters: 707
polytomy of size 3; rounds with additions with at least 5 support: 0; clusters: 709
Threshold 0.05:
polytomy of size 4; rounds with additions with at least 5 support: 0; clusters: 705
polytomy of size 3; rounds with additions with at least 5 support: 0; clusters: 711
Threshold 0.1:
polytomy of size 4; rounds with additions with at least 5 support: 0; clusters: 711
polytomy of size 3; rounds with additions with at least 5 support: 0; clusters: 711
Threshold 0.2:
polytomy of size 3; rounds with additions with at least 5 support: 0; clusters: 711
polytomy of size 4; rounds with additions with at least 5 support: 0; clusters: 715
polytomy of size 4; rounds with additions with at least 5 support: 0; clusters: 717
Threshold 0.3333333333333333:
polytomy of size 4; rounds with additions with at least 5 support: 0; clusters: 717
polytomy of size 3; rounds with additions with at least 5 support: 0; clusters: 717
polytomy of size 4; rounds with additions with at least 5 support: 0; clusters: 717
polytomy of size 5; rounds with additions with at least 5 support: 0; clusters: 717
polytomy of size 11; rounds with additions with at least 5 support: 0; clusters: 717
Number of Clusters after addition by greedy: 717
partitions formed in 0.804 secs
Dynamic Programming starting after 0.805 secs
Polytree max score: 5896836
Polytree building time: 0.014 seconds.
Fail to load native library libAstral.dylib; use Java default computing method.
Number of quartet trees in the gene trees: 5896836
Computing hash values took 0 seconds
device length is: 2
TREE HEIGHT IS: 12
Size of largest cluster: 66
Size of largest cluster: 66
Finishing up:587 0 586
Total Number of elements: 586
Normalized score (portion of input quartet trees satisfied before correcting for multiple individuals): 0.8676820925662507
Final optimization score: 5116579
Optimal tree inferred in 2.063 secs.
Weight calculation using polytrees cumulatively took 0.0 secs
(Pseudoxyrhopus-tritaeniatus_KU340969,(Micrelaps-sp_TauM16738,(((Aparallactus-capensis_MCZA28808,((Pseudaspis-cana_MCZA27068,Buhoma-depressiceps_CFS1528),(Psammophis-sibilans_RAX2053,Rhamphiophis-oxyrhynchus_KU290451))),(Prosymna-visseri_MCZR190223,(Chamaelycus-fasciatus_KU348632,Lamprophis-lineatus_EBG706))),((((Pseudoxenodon-sp_KU312221,(((Sibynophis-bivittatus_KU309608,((Boiga-irregularis_KU345021,((Pituophis-catenifer,(Pantherophis-guttatus,Pantherophis-obsoletus)),(Ptyas-mucosa,(Scolecophis-atrocinctus_KU289804,Tantilla-taeniata_KU289863)))),(Ahaetulla-prasina_KU323364,Chrysopelea-ornata))),(Grayia-smythii_KU341872,Calamaria-gervaisii_KU327406)),((Thamnophis-sirtalis,Thamnophis-elegans),(Thermophis-baileyi,Dipsas-indica_KU215336)))),(((Vipera-berus,((Bothrops-jararaca,(Crotalus-horridus,(Crotalus-adamanteus,(Crotalus-viridis,(Crotalus-pyrrhus,Crotalus-tigris))))),(Protobothrops-mucrosquamatus,Protobothrops-flavoviridis))),(Aplopeltura-boa_KU315147,(Achalinus-spinalis_KU312258,(Acrochordus-granulatus_KU302952,(Python-molurus,Boa-constrictor))))),(Cerberus-schneiderii_KU324534,Myanophis-thanlyinensis))),(((Oxyrhabdium-modestum_KU310866,(Oxyrhabdium-cfmodestum_KU338101,Oxyrhabdium-leporinum_KU346583)),(Levitonius-mirus_KU337269,Myersophis-alpestris_KU308684)),(Cyclocorus-lineatus_KU335808,Hologerrhum-philippinum_KU330752))),((Micrurus-corallinus_KU289205,((Elapsoidea-sundevallii_MCZR190390,((Pseudonaja-textilis,(Notechis-scutatus,(Emydocephalus-ijimae,((Hydrophis-curtus,Hydrophis-hardwickii),(Hydrophis-cyanocinctus,Hydrophis-melanocephalus))))),(Laticauda-colubrina,Laticauda-laticaudata))),(Ophiophagus-hannah,(Hemibungarus-mcclungi_KU303027,Naja-naja)))),(Psammodynastes-pulverulentus_KU328547,Psammodynastes-pulverulentus_KU329686))))));
Final quartet score is: 7683659
Final normalized quartet score is: 1.3030138535309443
You may want to ignore posterior probabilities and other statistics related to the following branch branch because the effective number of genes impacting it is only 8:
	{Pseudaspis-cana_MCZA27068, Aparallactus-capensis_MCZA28808, Psammophis-sibilans_RAX2053, Rhamphiophis-oxyrhynchus_KU290451, Buhoma-depressiceps_CFS1528}
You may want to ignore posterior probabilities and other statistics related to the following branch branch because the effective number of genes impacting it is only 8:
	{Pseudaspis-cana_MCZA27068, Buhoma-depressiceps_CFS1528}
You may want to ignore posterior probabilities and other statistics related to the following branch branch because the effective number of genes impacting it is only 8:
	{Chamaelycus-fasciatus_KU348632, Lamprophis-lineatus_EBG706, Prosymna-visseri_MCZR190223}
You may want to ignore posterior probabilities and other statistics related to the following branch branch because the effective number of genes impacting it is only 8:
	{Pseudaspis-cana_MCZA27068, Psammophis-sibilans_RAX2053, Rhamphiophis-oxyrhynchus_KU290451, Buhoma-depressiceps_CFS1528}
You may want to ignore posterior probabilities and other statistics related to the following branch branch because the effective number of genes impacting it is only 7:
	{Chamaelycus-fasciatus_KU348632, Lamprophis-lineatus_EBG706}
You may want to ignore posterior probabilities and other statistics related to the following branch branch because the effective number of genes impacting it is only 8:
	{Psammophis-sibilans_RAX2053, Rhamphiophis-oxyrhynchus_KU290451}
You may want to ignore posterior probabilities and other statistics related to the following branch branch because the effective number of genes impacting it is only 10:
	{Pseudaspis-cana_MCZA27068, Aparallactus-capensis_MCZA28808, Chamaelycus-fasciatus_KU348632, Lamprophis-lineatus_EBG706, Psammophis-sibilans_RAX2053, Rhamphiophis-oxyrhynchus_KU290451, Buhoma-depressiceps_CFS1528, Prosymna-visseri_MCZR190223}
You may want to ignore posterior probabilities and other statistics related to the following branch branch because the effective number of genes impacting it is only 9:
	{Scolecophis-atrocinctus_KU289804, Tantilla-taeniata_KU289863, Ptyas-mucosa, Boiga-irregularis_KU345021, Pantherophis-guttatus, Pituophis-catenifer, Pantherophis-obsoletus}
You may want to ignore posterior probabilities and other statistics related to the following branch branch because the effective number of genes impacting it is only 10:
	{Scolecophis-atrocinctus_KU289804, Tantilla-taeniata_KU289863}
You may want to ignore posterior probabilities and other statistics related to the following branch branch because the effective number of genes impacting it is only 10:
	{Scolecophis-atrocinctus_KU289804, Tantilla-taeniata_KU289863, Ptyas-mucosa}
You may want to ignore posterior probabilities and other statistics related to the following branch branch because the effective number of genes impacting it is only 10:
	{Pantherophis-guttatus, Pituophis-catenifer, Pantherophis-obsoletus}
You may want to ignore posterior probabilities and other statistics related to the following branch branch because the effective number of genes impacting it is only 10:
	{Pantherophis-guttatus, Pantherophis-obsoletus}
You may want to ignore posterior probabilities and other statistics related to the following branch branch because the effective number of genes impacting it is only 10:
	{Ahaetulla-prasina_KU323364, Chrysopelea-ornata}
You may want to ignore posterior probabilities and other statistics related to the following branch branch because the effective number of genes impacting it is only 9:
	{Grayia-smythii_KU341872, Calamaria-gervaisii_KU327406}
You may want to ignore posterior probabilities and other statistics related to the following branch branch because the effective number of genes impacting it is only 9:
	{Scolecophis-atrocinctus_KU289804, Tantilla-taeniata_KU289863, Ptyas-mucosa, Pantherophis-guttatus, Pituophis-catenifer, Pantherophis-obsoletus}
You may want to ignore posterior probabilities and other statistics related to the following branch branch because the effective number of genes impacting it is only 10:
	{Sibynophis-bivittatus_KU309608, Scolecophis-atrocinctus_KU289804, Tantilla-taeniata_KU289863, Ptyas-mucosa, Boiga-irregularis_KU345021, Pantherophis-guttatus, Pituophis-catenifer, Pantherophis-obsoletus, Ahaetulla-prasina_KU323364, Chrysopelea-ornata}
You may want to ignore posterior probabilities and other statistics related to the following branch branch because the effective number of genes impacting it is only 10:
	{Scolecophis-atrocinctus_KU289804, Tantilla-taeniata_KU289863, Ptyas-mucosa, Boiga-irregularis_KU345021, Pantherophis-guttatus, Pituophis-catenifer, Pantherophis-obsoletus, Ahaetulla-prasina_KU323364, Chrysopelea-ornata}
You may want to ignore posterior probabilities and other statistics related to the following branch branch because the effective number of genes impacting it is only 9:
	{Thamnophis-sirtalis, Thamnophis-elegans, Thermophis-baileyi, Dipsas-indica_KU215336}
You may want to ignore posterior probabilities and other statistics related to the following branch branch because the effective number of genes impacting it is only 7:
	{Thamnophis-sirtalis, Thamnophis-elegans}
You may want to ignore posterior probabilities and other statistics related to the following branch branch because the effective number of genes impacting it is only 10:
	{Sibynophis-bivittatus_KU309608, Thamnophis-sirtalis, Thamnophis-elegans, Scolecophis-atrocinctus_KU289804, Tantilla-taeniata_KU289863, Ptyas-mucosa, Boiga-irregularis_KU345021, Pantherophis-guttatus, Pituophis-catenifer, Pantherophis-obsoletus, Thermophis-baileyi, Ahaetulla-prasina_KU323364, Chrysopelea-ornata, Grayia-smythii_KU341872, Calamaria-gervaisii_KU327406, Dipsas-indica_KU215336}
You may want to ignore posterior probabilities and other statistics related to the following branch branch because the effective number of genes impacting it is only 10:
	{Sibynophis-bivittatus_KU309608, Scolecophis-atrocinctus_KU289804, Tantilla-taeniata_KU289863, Ptyas-mucosa, Boiga-irregularis_KU345021, Pantherophis-guttatus, Pituophis-catenifer, Pantherophis-obsoletus, Ahaetulla-prasina_KU323364, Chrysopelea-ornata, Grayia-smythii_KU341872, Calamaria-gervaisii_KU327406}
You may want to ignore posterior probabilities and other statistics related to the following branch branch because the effective number of genes impacting it is only 10:
	{Crotalus-pyrrhus, Crotalus-tigris}
You may want to ignore posterior probabilities and other statistics related to the following branch branch because the effective number of genes impacting it is only 8:
	{Thermophis-baileyi, Dipsas-indica_KU215336}
You may want to ignore posterior probabilities and other statistics related to the following branch branch because the effective number of genes impacting it is only 10:
	{Crotalus-pyrrhus, Crotalus-tigris, Crotalus-viridis, Crotalus-adamanteus, Crotalus-horridus}
You may want to ignore posterior probabilities and other statistics related to the following branch branch because the effective number of genes impacting it is only 10:
	{Crotalus-pyrrhus, Crotalus-tigris, Crotalus-viridis, Crotalus-adamanteus, Crotalus-horridus, Bothrops-jararaca}
You may want to ignore posterior probabilities and other statistics related to the following branch branch because the effective number of genes impacting it is only 10:
	{Crotalus-pyrrhus, Crotalus-tigris, Crotalus-viridis, Crotalus-adamanteus, Crotalus-horridus, Bothrops-jararaca, Protobothrops-mucrosquamatus, Protobothrops-flavoviridis}
You may want to ignore posterior probabilities and other statistics related to the following branch branch because the effective number of genes impacting it is only 10:
	{Sibynophis-bivittatus_KU309608, Pseudoxenodon-sp_KU312221, Thamnophis-sirtalis, Thamnophis-elegans, Scolecophis-atrocinctus_KU289804, Tantilla-taeniata_KU289863, Ptyas-mucosa, Boiga-irregularis_KU345021, Pantherophis-guttatus, Pituophis-catenifer, Pantherophis-obsoletus, Thermophis-baileyi, Ahaetulla-prasina_KU323364, Chrysopelea-ornata, Grayia-smythii_KU341872, Calamaria-gervaisii_KU327406, Dipsas-indica_KU215336}
You may want to ignore posterior probabilities and other statistics related to the following branch branch because the effective number of genes impacting it is only 10:
	{Crotalus-pyrrhus, Crotalus-tigris, Crotalus-viridis, Crotalus-adamanteus}
You may want to ignore posterior probabilities and other statistics related to the following branch branch because the effective number of genes impacting it is only 10:
	{Crotalus-pyrrhus, Crotalus-tigris, Crotalus-viridis, Crotalus-adamanteus, Crotalus-horridus, Bothrops-jararaca, Protobothrops-mucrosquamatus, Protobothrops-flavoviridis, Vipera-berus}
You may want to ignore posterior probabilities and other statistics related to the following branch branch because the effective number of genes impacting it is only 8:
	{Protobothrops-mucrosquamatus, Protobothrops-flavoviridis}
You may want to ignore posterior probabilities and other statistics related to the following branch branch because the effective number of genes impacting it is only 10:
	{Crotalus-pyrrhus, Crotalus-tigris, Crotalus-viridis}
You may want to ignore posterior probabilities and other statistics related to the following branch branch because the effective number of genes impacting it is only 7:
	{Python-molurus, Boa-constrictor}
You may want to ignore posterior probabilities and other statistics related to the following branch branch because the effective number of genes impacting it is only 7:
	{Acrochordus-granulatus_KU302952, Python-molurus, Boa-constrictor}
You may want to ignore posterior probabilities and other statistics related to the following branch branch because the effective number of genes impacting it is only 10:
	{Cerberus-schneiderii_KU324534, Myanophis-thanlyinensis, Achalinus-spinalis_KU312258, Acrochordus-granulatus_KU302952, Python-molurus, Boa-constrictor, Aplopeltura-boa_KU315147, Crotalus-pyrrhus, Crotalus-tigris, Crotalus-viridis, Crotalus-adamanteus, Crotalus-horridus, Bothrops-jararaca, Protobothrops-mucrosquamatus, Protobothrops-flavoviridis, Vipera-berus}
You may want to ignore posterior probabilities and other statistics related to the following branch branch because the effective number of genes impacting it is only 8:
	{Achalinus-spinalis_KU312258, Acrochordus-granulatus_KU302952, Python-molurus, Boa-constrictor}
You may want to ignore posterior probabilities and other statistics related to the following branch branch because the effective number of genes impacting it is only 9:
	{Cerberus-schneiderii_KU324534, Myanophis-thanlyinensis}
You may want to ignore posterior probabilities and other statistics related to the following branch branch because the effective number of genes impacting it is only 9:
	{Oxyrhabdium-cfmodestum_KU338101, Oxyrhabdium-leporinum_KU346583}
You may want to ignore posterior probabilities and other statistics related to the following branch branch because the effective number of genes impacting it is only 10:
	{Achalinus-spinalis_KU312258, Acrochordus-granulatus_KU302952, Python-molurus, Boa-constrictor, Aplopeltura-boa_KU315147, Crotalus-pyrrhus, Crotalus-tigris, Crotalus-viridis, Crotalus-adamanteus, Crotalus-horridus, Bothrops-jararaca, Protobothrops-mucrosquamatus, Protobothrops-flavoviridis, Vipera-berus}
You may want to ignore posterior probabilities and other statistics related to the following branch branch because the effective number of genes impacting it is only 10:
	{Achalinus-spinalis_KU312258, Acrochordus-granulatus_KU302952, Python-molurus, Boa-constrictor, Aplopeltura-boa_KU315147}
You may want to ignore posterior probabilities and other statistics related to the following branch branch because the effective number of genes impacting it is only 10:
	{Sibynophis-bivittatus_KU309608, Pseudoxenodon-sp_KU312221, Thamnophis-sirtalis, Thamnophis-elegans, Scolecophis-atrocinctus_KU289804, Tantilla-taeniata_KU289863, Ptyas-mucosa, Boiga-irregularis_KU345021, Pantherophis-guttatus, Pituophis-catenifer, Pantherophis-obsoletus, Thermophis-baileyi, Ahaetulla-prasina_KU323364, Chrysopelea-ornata, Grayia-smythii_KU341872, Calamaria-gervaisii_KU327406, Dipsas-indica_KU215336, Cerberus-schneiderii_KU324534, Myanophis-thanlyinensis, Achalinus-spinalis_KU312258, Acrochordus-granulatus_KU302952, Python-molurus, Boa-constrictor, Aplopeltura-boa_KU315147, Crotalus-pyrrhus, Crotalus-tigris, Crotalus-viridis, Crotalus-adamanteus, Crotalus-horridus, Bothrops-jararaca, Protobothrops-mucrosquamatus, Protobothrops-flavoviridis, Vipera-berus}
You may want to ignore posterior probabilities and other statistics related to the following branch branch because the effective number of genes impacting it is only 7:
	{Levitonius-mirus_KU337269, Myersophis-alpestris_KU308684}
You may want to ignore posterior probabilities and other statistics related to the following branch branch because the effective number of genes impacting it is only 10:
	{Oxyrhabdium-modestum_KU310866, Oxyrhabdium-cfmodestum_KU338101, Oxyrhabdium-leporinum_KU346583}
You may want to ignore posterior probabilities and other statistics related to the following branch branch because the effective number of genes impacting it is only 10:
	{Sibynophis-bivittatus_KU309608, Pseudoxenodon-sp_KU312221, Thamnophis-sirtalis, Thamnophis-elegans, Scolecophis-atrocinctus_KU289804, Tantilla-taeniata_KU289863, Ptyas-mucosa, Boiga-irregularis_KU345021, Pantherophis-guttatus, Pituophis-catenifer, Pantherophis-obsoletus, Thermophis-baileyi, Ahaetulla-prasina_KU323364, Chrysopelea-ornata, Grayia-smythii_KU341872, Calamaria-gervaisii_KU327406, Dipsas-indica_KU215336, Cerberus-schneiderii_KU324534, Myanophis-thanlyinensis, Achalinus-spinalis_KU312258, Acrochordus-granulatus_KU302952, Python-molurus, Boa-constrictor, Aplopeltura-boa_KU315147, Crotalus-pyrrhus, Crotalus-tigris, Crotalus-viridis, Crotalus-adamanteus, Crotalus-horridus, Bothrops-jararaca, Protobothrops-mucrosquamatus, Protobothrops-flavoviridis, Vipera-berus, Oxyrhabdium-modestum_KU310866, Oxyrhabdium-cfmodestum_KU338101, Oxyrhabdium-leporinum_KU346583, Levitonius-mirus_KU337269, Myersophis-alpestris_KU308684, Cyclocorus-lineatus_KU335808, Hologerrhum-philippinum_KU330752}
You may want to ignore posterior probabilities and other statistics related to the following branch branch because the effective number of genes impacting it is only 10:
	{Oxyrhabdium-modestum_KU310866, Oxyrhabdium-cfmodestum_KU338101, Oxyrhabdium-leporinum_KU346583, Levitonius-mirus_KU337269, Myersophis-alpestris_KU308684}
You may want to ignore posterior probabilities and other statistics related to the following branch branch because the effective number of genes impacting it is only 10:
	{Oxyrhabdium-modestum_KU310866, Oxyrhabdium-cfmodestum_KU338101, Oxyrhabdium-leporinum_KU346583, Levitonius-mirus_KU337269, Myersophis-alpestris_KU308684, Cyclocorus-lineatus_KU335808, Hologerrhum-philippinum_KU330752}
You may want to ignore posterior probabilities and other statistics related to the following branch branch because the effective number of genes impacting it is only 10:
	{Cyclocorus-lineatus_KU335808, Hologerrhum-philippinum_KU330752}
You may want to ignore posterior probabilities and other statistics related to the following branch branch because the effective number of genes impacting it is only 10:
	{Hydrophis-curtus, Hydrophis-cyanocinctus, Hydrophis-hardwickii, Hydrophis-melanocephalus}
You may want to ignore posterior probabilities and other statistics related to the following branch branch because the effective number of genes impacting it is only 10:
	{Hydrophis-cyanocinctus, Hydrophis-melanocephalus}
You may want to ignore posterior probabilities and other statistics related to the following branch branch because the effective number of genes impacting it is only 10:
	{Hydrophis-curtus, Hydrophis-cyanocinctus, Hydrophis-hardwickii, Hydrophis-melanocephalus, Emydocephalus-ijimae, Notechis-scutatus}
You may want to ignore posterior probabilities and other statistics related to the following branch branch because the effective number of genes impacting it is only 9:
	{Hydrophis-curtus, Hydrophis-hardwickii}
You may want to ignore posterior probabilities and other statistics related to the following branch branch because the effective number of genes impacting it is only 10:
	{Hydrophis-curtus, Hydrophis-cyanocinctus, Hydrophis-hardwickii, Hydrophis-melanocephalus, Emydocephalus-ijimae, Notechis-scutatus, Pseudonaja-textilis}
You may want to ignore posterior probabilities and other statistics related to the following branch branch because the effective number of genes impacting it is only 10:
	{Hydrophis-curtus, Hydrophis-cyanocinctus, Hydrophis-hardwickii, Hydrophis-melanocephalus, Emydocephalus-ijimae}
You may want to ignore posterior probabilities and other statistics related to the following branch branch because the effective number of genes impacting it is only 10:
	{Laticauda-colubrina, Laticauda-laticaudata}
You may want to ignore posterior probabilities and other statistics related to the following branch branch because the effective number of genes impacting it is only 10:
	{Elapsoidea-sundevallii_MCZR190390, Hydrophis-curtus, Hydrophis-cyanocinctus, Hydrophis-hardwickii, Hydrophis-melanocephalus, Emydocephalus-ijimae, Notechis-scutatus, Pseudonaja-textilis, Laticauda-colubrina, Laticauda-laticaudata}
You may want to ignore posterior probabilities and other statistics related to the following branch branch because the effective number of genes impacting it is only 10:
	{Hemibungarus-mcclungi_KU303027, Naja-naja, Ophiophagus-hannah}
You may want to ignore posterior probabilities and other statistics related to the following branch branch because the effective number of genes impacting it is only 10:
	{Hydrophis-curtus, Hydrophis-cyanocinctus, Hydrophis-hardwickii, Hydrophis-melanocephalus, Emydocephalus-ijimae, Notechis-scutatus, Pseudonaja-textilis, Laticauda-colubrina, Laticauda-laticaudata}
You may want to ignore posterior probabilities and other statistics related to the following branch branch because the effective number of genes impacting it is only 9:
	{Hemibungarus-mcclungi_KU303027, Naja-naja, Ophiophagus-hannah, Elapsoidea-sundevallii_MCZR190390, Hydrophis-curtus, Hydrophis-cyanocinctus, Hydrophis-hardwickii, Hydrophis-melanocephalus, Emydocephalus-ijimae, Notechis-scutatus, Pseudonaja-textilis, Laticauda-colubrina, Laticauda-laticaudata, Micrurus-corallinus_KU289205}
You may want to ignore posterior probabilities and other statistics related to the following branch branch because the effective number of genes impacting it is only 9:
	{Hemibungarus-mcclungi_KU303027, Naja-naja}
You may want to ignore posterior probabilities and other statistics related to the following branch branch because the effective number of genes impacting it is only 9:
	{Pseudaspis-cana_MCZA27068, Aparallactus-capensis_MCZA28808, Chamaelycus-fasciatus_KU348632, Lamprophis-lineatus_EBG706, Psammophis-sibilans_RAX2053, Rhamphiophis-oxyrhynchus_KU290451, Buhoma-depressiceps_CFS1528, Prosymna-visseri_MCZR190223, Hemibungarus-mcclungi_KU303027, Naja-naja, Ophiophagus-hannah, Elapsoidea-sundevallii_MCZR190390, Hydrophis-curtus, Hydrophis-cyanocinctus, Hydrophis-hardwickii, Hydrophis-melanocephalus, Emydocephalus-ijimae, Notechis-scutatus, Pseudonaja-textilis, Laticauda-colubrina, Laticauda-laticaudata, Micrurus-corallinus_KU289205, Sibynophis-bivittatus_KU309608, Pseudoxenodon-sp_KU312221, Thamnophis-sirtalis, Thamnophis-elegans, Scolecophis-atrocinctus_KU289804, Tantilla-taeniata_KU289863, Ptyas-mucosa, Boiga-irregularis_KU345021, Pantherophis-guttatus, Pituophis-catenifer, Pantherophis-obsoletus, Thermophis-baileyi, Ahaetulla-prasina_KU323364, Chrysopelea-ornata, Grayia-smythii_KU341872, Calamaria-gervaisii_KU327406, Dipsas-indica_KU215336, Cerberus-schneiderii_KU324534, Myanophis-thanlyinensis, Achalinus-spinalis_KU312258, Acrochordus-granulatus_KU302952, Python-molurus, Boa-constrictor, Aplopeltura-boa_KU315147, Crotalus-pyrrhus, Crotalus-tigris, Crotalus-viridis, Crotalus-adamanteus, Crotalus-horridus, Bothrops-jararaca, Protobothrops-mucrosquamatus, Protobothrops-flavoviridis, Vipera-berus, Psammodynastes-pulverulentus_KU328547, Psammodynastes-pulverulentus_KU329686, Oxyrhabdium-modestum_KU310866, Oxyrhabdium-cfmodestum_KU338101, Oxyrhabdium-leporinum_KU346583, Levitonius-mirus_KU337269, Myersophis-alpestris_KU308684, Cyclocorus-lineatus_KU335808, Hologerrhum-philippinum_KU330752}
You may want to ignore posterior probabilities and other statistics related to the following branch branch because the effective number of genes impacting it is only 10:
	{Hemibungarus-mcclungi_KU303027, Naja-naja, Ophiophagus-hannah, Elapsoidea-sundevallii_MCZR190390, Hydrophis-curtus, Hydrophis-cyanocinctus, Hydrophis-hardwickii, Hydrophis-melanocephalus, Emydocephalus-ijimae, Notechis-scutatus, Pseudonaja-textilis, Laticauda-colubrina, Laticauda-laticaudata}
You may want to ignore posterior probabilities and other statistics related to the following branch branch because the effective number of genes impacting it is only 10:
	{Hemibungarus-mcclungi_KU303027, Naja-naja, Ophiophagus-hannah, Elapsoidea-sundevallii_MCZR190390, Hydrophis-curtus, Hydrophis-cyanocinctus, Hydrophis-hardwickii, Hydrophis-melanocephalus, Emydocephalus-ijimae, Notechis-scutatus, Pseudonaja-textilis, Laticauda-colubrina, Laticauda-laticaudata, Micrurus-corallinus_KU289205, Sibynophis-bivittatus_KU309608, Pseudoxenodon-sp_KU312221, Thamnophis-sirtalis, Thamnophis-elegans, Scolecophis-atrocinctus_KU289804, Tantilla-taeniata_KU289863, Ptyas-mucosa, Boiga-irregularis_KU345021, Pantherophis-guttatus, Pituophis-catenifer, Pantherophis-obsoletus, Thermophis-baileyi, Ahaetulla-prasina_KU323364, Chrysopelea-ornata, Grayia-smythii_KU341872, Calamaria-gervaisii_KU327406, Dipsas-indica_KU215336, Cerberus-schneiderii_KU324534, Myanophis-thanlyinensis, Achalinus-spinalis_KU312258, Acrochordus-granulatus_KU302952, Python-molurus, Boa-constrictor, Aplopeltura-boa_KU315147, Crotalus-pyrrhus, Crotalus-tigris, Crotalus-viridis, Crotalus-adamanteus, Crotalus-horridus, Bothrops-jararaca, Protobothrops-mucrosquamatus, Protobothrops-flavoviridis, Vipera-berus, Psammodynastes-pulverulentus_KU328547, Psammodynastes-pulverulentus_KU329686, Oxyrhabdium-modestum_KU310866, Oxyrhabdium-cfmodestum_KU338101, Oxyrhabdium-leporinum_KU346583, Levitonius-mirus_KU337269, Myersophis-alpestris_KU308684, Cyclocorus-lineatus_KU335808, Hologerrhum-philippinum_KU330752}
You may want to ignore posterior probabilities and other statistics related to the following branch branch because the effective number of genes impacting it is only 9:
	{Hemibungarus-mcclungi_KU303027, Naja-naja, Ophiophagus-hannah, Elapsoidea-sundevallii_MCZR190390, Hydrophis-curtus, Hydrophis-cyanocinctus, Hydrophis-hardwickii, Hydrophis-melanocephalus, Emydocephalus-ijimae, Notechis-scutatus, Pseudonaja-textilis, Laticauda-colubrina, Laticauda-laticaudata, Micrurus-corallinus_KU289205, Psammodynastes-pulverulentus_KU328547, Psammodynastes-pulverulentus_KU329686}
You may want to ignore posterior probabilities and other statistics related to the following branch branch because the effective number of genes impacting it is only 9:
	{Psammodynastes-pulverulentus_KU328547, Psammodynastes-pulverulentus_KU329686}
(Pseudoxyrhopus-tritaeniatus_KU340969,(Micrelaps-sp_TauM16738,(((Aparallactus-capensis_MCZA28808,((Pseudaspis-cana_MCZA27068,Buhoma-depressiceps_CFS1528)0.64:0.17500688381665652,(Psammophis-sibilans_RAX2053,Rhamphiophis-oxyrhynchus_KU290451)1:1.7404661748405046)0.84:0.3993443023605137)0.46:0.05159642327482078,(Prosymna-visseri_MCZR190223,(Chamaelycus-fasciatus_KU348632,Lamprophis-lineatus_EBG706)0.99:1.0047956828440574)0.69:0.25145415515111497)0.47:0.06710591664281698,((((Pseudoxenodon-sp_KU312221,(((Sibynophis-bivittatus_KU309608,((Boiga-irregularis_KU345021,((Pituophis-catenifer,(Pantherophis-guttatus,Pantherophis-obsoletus)0.88:0.3927168021481008)1:1.3049487216659381,(Ptyas-mucosa,(Scolecophis-atrocinctus_KU289804,Tantilla-taeniata_KU289863)0.97:0.620387826277517)0.91:0.4473918418440237)0.4:0.01914766941413408)1:1.1617232578144954,(Ahaetulla-prasina_KU323364,Chrysopelea-ornata)0.99:0.8980786408829518)0.81:0.34999766467224225)0.76:0.2835490981591756,(Grayia-smythii_KU341872,Calamaria-gervaisii_KU327406)0.34:0.0)0.96:0.5948979524290156,((Thamnophis-sirtalis,Thamnophis-elegans)1:1.6739764335716716,(Thermophis-baileyi,Dipsas-indica_KU215336)0.64:0.1757219897322191)0.46:0.06056676801085044)0.42:0.018195840145602077)0.99:0.8384797195027381,(((Vipera-berus,((Bothrops-jararaca,(Crotalus-horridus,(Crotalus-adamanteus,(Crotalus-viridis,(Crotalus-pyrrhus,Crotalus-tigris)0.99:0.8938178760220965)0.68:0.20067069546215124)1:1.299282984130261)1:1.9924301646902058)0.99:0.8649974374866046,(Protobothrops-mucrosquamatus,Protobothrops-flavoviridis)0.98:0.7817547270823972)1:1.3356506283011358)1:1.4046434997880868,(Aplopeltura-boa_KU315147,(Achalinus-spinalis_KU312258,(Acrochordus-granulatus_KU302952,(Python-molurus,Boa-constrictor)1:1.6739764335716716)1:1.6739764335716716)1:1.7917594692280545)0.97:0.6061358035703156)1:1.9924301646902058,(Cerberus-schneiderii_KU324534,Myanophis-thanlyinensis)1:1.8971199848858815)0.87:0.3733905464337741)1:1.3959394390077104,(((Oxyrhabdium-modestum_KU310866,(Oxyrhabdium-cfmodestum_KU338101,Oxyrhabdium-leporinum_KU346583)0.93:0.5108256237659905)1:1.9924301646902058,(Levitonius-mirus_KU337269,Myersophis-alpestris_KU308684)0.67:0.2876820724517809)1:1.299282984130261,(Cyclocorus-lineatus_KU335808,Hologerrhum-philippinum_KU330752)1:1.9924301646902058)1:1.2039728043259361)0.53:0.09870910599784234,((Micrurus-corallinus_KU289205,((Elapsoidea-sundevallii_MCZR190390,((Pseudonaja-textilis,(Notechis-scutatus,(Emydocephalus-ijimae,((Hydrophis-curtus,Hydrophis-hardwickii)0.87:0.39304258810960735,(Hydrophis-cyanocinctus,Hydrophis-melanocephalus)0.78:0.2844405785276099)1:1.4406371024359925)1:1.299282984130261)0.86:0.3829922522561057)1:0.9509762898620455,(Laticauda-colubrina,Laticauda-laticaudata)1:1.299282984130261)1:1.9924301646902058)0.5:0.09125003712361428,(Ophiophagus-hannah,(Hemibungarus-mcclungi_KU303027,Naja-naja)0.89:0.4296734364550687)0.97:0.6369240847156473)0.68:0.23249565688448998)1:1.7967720110515986,(Psammodynastes-pulverulentus_KU328547,Psammodynastes-pulverulentus_KU329686)1:1.8971199848858815)0.82:0.3280558825983736)0.88:0.3906711602111773)0.56:0.11977204883336333));
ASTRAL finished in 2.39 secs
Shutting down threading
