

================== ASTRAL ===================== 

This is ASTRAL version 5.15.5
Warning: 
 Fail to load native library libAstral.dylib; use Java default computing method without AVX2, which is 4X slower. 
 Make sure you are using the correct Djava.library.path (to the `lib` directory under ASTRAL where libAstral.dylib can be found). 
 Trying running make.sh. For mode debugging, run: java -Djava.library.path=lib/ -jar native_library_tester.jar
Gene trees are treated as unrooted
Detected GPU devices: 
Device 1 of 2: Apple M1 cl_device_id[0xffffffff] Vendor: Intel
Device 2 of 2: Apple M1 cl_device_id[0x1027f00] Vendor: Apple
Will use Device : Apple M1
Will use Device : Apple M1
Starting 8 threads ...
There are 8 threads used to run.
8 trees read from /dev/fd/11
All output trees will be *arbitrarily* rooted at Acrochordus-granulatus_KU302952

======== Running the main analysis
Number of taxa: 66 (66 species)
Taxa: [Acrochordus-granulatus_KU302952, Scolecophis-atrocinctus_KU289804, Tantilla-taeniata_KU289863, Ptyas-mucosa, Pantherophis-guttatus, Pituophis-catenifer, Pantherophis-obsoletus, Ahaetulla-prasina_KU323364, Elapsoidea-sundevallii_MCZR190390, Thermophis-baileyi, Lamprophis-lineatus_EBG706, Hologerrhum-philippinum_KU330752, Micrurus-corallinus_KU289205, Hydrophis-curtus, Hydrophis-cyanocinctus, Hydrophis-hardwickii, Emydocephalus-ijimae, Pseudonaja-textilis, Notechis-scutatus, Laticauda-colubrina, Laticauda-laticaudata, Naja-naja, Psammodynastes-pulverulentus_KU328547, Aparallactus-capensis_MCZA28808, Cyclocorus-lineatus_KU335808, Hemibungarus-mcclungi_KU303027, Bothrops-jararaca, Crotalus-pyrrhus, Crotalus-viridis, Crotalus-adamanteus, Crotalus-tigris, Crotalus-horridus, Protobothrops-mucrosquamatus, Protobothrops-flavoviridis, Aplopeltura-boa_KU315147, Python-molurus, Boa-constrictor, Achalinus-spinalis_KU312258, Boiga-irregularis_KU345021, Chrysopelea-ornata, Calamaria-gervaisii_KU327406, Grayia-smythii_KU341872, Pseudoxenodon-sp_KU312221, Sibynophis-bivittatus_KU309608, Thamnophis-sirtalis, Dipsas-indica_KU215336, Prosymna-visseri_MCZR190223, Ophiophagus-hannah, Hydrophis-melanocephalus, Pseudaspis-cana_MCZA27068, Rhamphiophis-oxyrhynchus_KU290451, Psammophis-sibilans_RAX2053, Pseudoxyrhopus-tritaeniatus_KU340969, Chamaelycus-fasciatus_KU348632, Micrelaps-sp_TauM16738, Buhoma-depressiceps_CFS1528, Psammodynastes-pulverulentus_KU329686, Myersophis-alpestris_KU308684, Levitonius-mirus_KU337269, Oxyrhabdium-cfmodestum_KU338101, Oxyrhabdium-leporinum_KU346583, Oxyrhabdium-modestum_KU310866, Cerberus-schneiderii_KU324534, Myanophis-thanlyinensis, Vipera-berus, Thamnophis-elegans]
Taxon occupancy: {Protobothrops-flavoviridis=8, Hologerrhum-philippinum_KU330752=7, Thamnophis-sirtalis=6, Hydrophis-hardwickii=7, Psammophis-sibilans_RAX2053=6, Crotalus-pyrrhus=8, Elapsoidea-sundevallii_MCZR190390=6, Bothrops-jararaca=8, Notechis-scutatus=7, Levitonius-mirus_KU337269=6, Buhoma-depressiceps_CFS1528=6, Ophiophagus-hannah=7, Scolecophis-atrocinctus_KU289804=8, Ptyas-mucosa=8, Calamaria-gervaisii_KU327406=6, Boiga-irregularis_KU345021=6, Aparallactus-capensis_MCZA28808=8, Myanophis-thanlyinensis=7, Ahaetulla-prasina_KU323364=7, Python-molurus=8, Psammodynastes-pulverulentus_KU328547=8, Pseudaspis-cana_MCZA27068=7, Crotalus-tigris=8, Rhamphiophis-oxyrhynchus_KU290451=7, Pantherophis-obsoletus=7, Protobothrops-mucrosquamatus=8, Vipera-berus=7, Chrysopelea-ornata=7, Thamnophis-elegans=6, Laticauda-laticaudata=8, Myersophis-alpestris_KU308684=6, Oxyrhabdium-leporinum_KU346583=7, Acrochordus-granulatus_KU302952=6, Cyclocorus-lineatus_KU335808=8, Oxyrhabdium-cfmodestum_KU338101=7, Tantilla-taeniata_KU289863=8, Grayia-smythii_KU341872=7, Crotalus-viridis=8, Crotalus-adamanteus=7, Pseudoxyrhopus-tritaeniatus_KU340969=7, Dipsas-indica_KU215336=6, Oxyrhabdium-modestum_KU310866=6, Emydocephalus-ijimae=8, Pantherophis-guttatus=8, Aplopeltura-boa_KU315147=8, Sibynophis-bivittatus_KU309608=7, Thermophis-baileyi=7, Pituophis-catenifer=7, Lamprophis-lineatus_EBG706=8, Hydrophis-curtus=8, Pseudoxenodon-sp_KU312221=6, Pseudonaja-textilis=8, Hemibungarus-mcclungi_KU303027=8, Chamaelycus-fasciatus_KU348632=7, Laticauda-colubrina=8, Crotalus-horridus=6, Micrurus-corallinus_KU289205=8, Boa-constrictor=8, Psammodynastes-pulverulentus_KU329686=6, Achalinus-spinalis_KU312258=6, Hydrophis-melanocephalus=6, Micrelaps-sp_TauM16738=7, Prosymna-visseri_MCZR190223=7, Naja-naja=8, Hydrophis-cyanocinctus=7, Cerberus-schneiderii_KU324534=4}
Using polytree-based weight calculation.
Number of gene trees: 8
7 trees have missing taxa
Calculating distance matrix (for completion of X) ....with 4 distance matrices for parallellism
Species tree distances calculated ...

Will attempt to complete bipartitions from X before adding using a distance matrix.
Building set of clusters (X) from gene trees 
------------------------------
Number of Clusters after addition from gene trees: 553
Number of Clusters after addition by distance: 553
Adding to X using resolutions of greedy consensus ...

Computing greedy consensus  
took 0 seconds
Limit for sigma of degrees:1700

polytomy size limit : > 10
 [3, 3, 3, 3, 3, 3, 3, 4, 6, 10]
discarded polytomies: 
Threshold 0.0:
polytomy of size 3; rounds with additions with at least 5 support: 0; clusters: 571
Threshold 0.01:
polytomy of size 3; rounds with additions with at least 5 support: 0; clusters: 571
Threshold 0.02:
polytomy of size 3; rounds with additions with at least 5 support: 0; clusters: 571
Threshold 0.05:
polytomy of size 3; rounds with additions with at least 5 support: 0; clusters: 571
Threshold 0.1:
polytomy of size 3; rounds with additions with at least 5 support: 0; clusters: 571
Threshold 0.2:
polytomy of size 3; rounds with additions with at least 5 support: 0; clusters: 569
polytomy of size 6; rounds with additions with at least 5 support: 0; clusters: 571
Threshold 0.3333333333333333:
polytomy of size 3; rounds with additions with at least 5 support: 0; clusters: 577
polytomy of size 4; rounds with additions with at least 5 support: 0; clusters: 577
polytomy of size 10; rounds with additions with at least 5 support: 0; clusters: 577
Number of Clusters after addition by greedy: 577
partitions formed in 0.664 secs
Dynamic Programming starting after 0.664 secs
Polytree max score: 3949772
Polytree building time: 0.01 seconds.
Fail to load native library libAstral.dylib; use Java default computing method.
Number of quartet trees in the gene trees: 3949772
Computing hash values took 0 seconds
device length is: 2
TREE HEIGHT IS: 12
Size of largest cluster: 66
Size of largest cluster: 66
Finishing up:431 0 430
Total Number of elements: 430
Normalized score (portion of input quartet trees satisfied before correcting for multiple individuals): 0.909878342344824
Final optimization score: 3593812
Optimal tree inferred in 1.806 secs.
Weight calculation using polytrees cumulatively took 0.0 secs
(Acrochordus-granulatus_KU302952,((Achalinus-spinalis_KU312258,(Aplopeltura-boa_KU315147,(((((((Elapsoidea-sundevallii_MCZR190390,(Micrurus-corallinus_KU289205,((Notechis-scutatus,(Pseudonaja-textilis,(Emydocephalus-ijimae,((Hydrophis-cyanocinctus,Hydrophis-melanocephalus),(Hydrophis-curtus,Hydrophis-hardwickii))))),(Laticauda-colubrina,Laticauda-laticaudata)))),(Hemibungarus-mcclungi_KU303027,(Naja-naja,Ophiophagus-hannah))),(Pseudoxyrhopus-tritaeniatus_KU340969,(Buhoma-depressiceps_CFS1528,(Prosymna-visseri_MCZR190223,((Micrelaps-sp_TauM16738,(Aparallactus-capensis_MCZA28808,(Pseudaspis-cana_MCZA27068,(Rhamphiophis-oxyrhynchus_KU290451,Psammophis-sibilans_RAX2053)))),(Lamprophis-lineatus_EBG706,Chamaelycus-fasciatus_KU348632)))))),(Psammodynastes-pulverulentus_KU328547,Psammodynastes-pulverulentus_KU329686)),(((Oxyrhabdium-leporinum_KU346583,(Oxyrhabdium-cfmodestum_KU338101,Oxyrhabdium-modestum_KU310866)),(Myersophis-alpestris_KU308684,Levitonius-mirus_KU337269)),(Hologerrhum-philippinum_KU330752,Cyclocorus-lineatus_KU335808))),((((Sibynophis-bivittatus_KU309608,(((Boiga-irregularis_KU345021,((Ptyas-mucosa,(Scolecophis-atrocinctus_KU289804,Tantilla-taeniata_KU289863)),(Pantherophis-obsoletus,(Pantherophis-guttatus,Pituophis-catenifer)))),(Ahaetulla-prasina_KU323364,Chrysopelea-ornata)),(Calamaria-gervaisii_KU327406,Grayia-smythii_KU341872))),(Thamnophis-sirtalis,Thamnophis-elegans)),(Pseudoxenodon-sp_KU312221,(Thermophis-baileyi,Dipsas-indica_KU215336))),(Cerberus-schneiderii_KU324534,Myanophis-thanlyinensis))),(Vipera-berus,((Bothrops-jararaca,(Crotalus-horridus,(Crotalus-adamanteus,(Crotalus-tigris,(Crotalus-pyrrhus,Crotalus-viridis))))),(Protobothrops-mucrosquamatus,Protobothrops-flavoviridis)))))),(Python-molurus,Boa-constrictor)));
Final quartet score is: 3680349
Final normalized quartet score is: 0.931787708252527
You may want to ignore posterior probabilities and other statistics related to the following branch branch because the effective number of genes impacting it is only 8:
	{Hydrophis-curtus, Hydrophis-cyanocinctus, Hydrophis-hardwickii, Emydocephalus-ijimae, Hydrophis-melanocephalus}
You may want to ignore posterior probabilities and other statistics related to the following branch branch because the effective number of genes impacting it is only 7:
	{Hydrophis-curtus, Hydrophis-cyanocinctus, Hydrophis-hardwickii, Emydocephalus-ijimae, Pseudonaja-textilis, Hydrophis-melanocephalus}
You may want to ignore posterior probabilities and other statistics related to the following branch branch because the effective number of genes impacting it is only 5:
	{Hydrophis-cyanocinctus, Hydrophis-melanocephalus}
You may want to ignore posterior probabilities and other statistics related to the following branch branch because the effective number of genes impacting it is only 7:
	{Hydrophis-curtus, Hydrophis-hardwickii}
You may want to ignore posterior probabilities and other statistics related to the following branch branch because the effective number of genes impacting it is only 8:
	{Hydrophis-curtus, Hydrophis-cyanocinctus, Hydrophis-hardwickii, Hydrophis-melanocephalus}
You may want to ignore posterior probabilities and other statistics related to the following branch branch because the effective number of genes impacting it is only 8:
	{Laticauda-colubrina, Laticauda-laticaudata}
You may want to ignore posterior probabilities and other statistics related to the following branch branch because the effective number of genes impacting it is only 7:
	{Hydrophis-curtus, Hydrophis-cyanocinctus, Hydrophis-hardwickii, Emydocephalus-ijimae, Pseudonaja-textilis, Notechis-scutatus, Hydrophis-melanocephalus}
You may want to ignore posterior probabilities and other statistics related to the following branch branch because the effective number of genes impacting it is only 6:
	{Elapsoidea-sundevallii_MCZR190390, Micrurus-corallinus_KU289205, Hydrophis-curtus, Hydrophis-cyanocinctus, Hydrophis-hardwickii, Emydocephalus-ijimae, Pseudonaja-textilis, Notechis-scutatus, Laticauda-colubrina, Laticauda-laticaudata, Hydrophis-melanocephalus}
You may want to ignore posterior probabilities and other statistics related to the following branch branch because the effective number of genes impacting it is only 6:
	{Rhamphiophis-oxyrhynchus_KU290451, Psammophis-sibilans_RAX2053}
You may want to ignore posterior probabilities and other statistics related to the following branch branch because the effective number of genes impacting it is only 8:
	{Elapsoidea-sundevallii_MCZR190390, Micrurus-corallinus_KU289205, Hydrophis-curtus, Hydrophis-cyanocinctus, Hydrophis-hardwickii, Emydocephalus-ijimae, Pseudonaja-textilis, Notechis-scutatus, Laticauda-colubrina, Laticauda-laticaudata, Naja-naja, Hemibungarus-mcclungi_KU303027, Ophiophagus-hannah, Hydrophis-melanocephalus}
You may want to ignore posterior probabilities and other statistics related to the following branch branch because the effective number of genes impacting it is only 7:
	{Naja-naja, Ophiophagus-hannah}
You may want to ignore posterior probabilities and other statistics related to the following branch branch because the effective number of genes impacting it is only 6:
	{Micrurus-corallinus_KU289205, Hydrophis-curtus, Hydrophis-cyanocinctus, Hydrophis-hardwickii, Emydocephalus-ijimae, Pseudonaja-textilis, Notechis-scutatus, Laticauda-colubrina, Laticauda-laticaudata, Hydrophis-melanocephalus}
You may want to ignore posterior probabilities and other statistics related to the following branch branch because the effective number of genes impacting it is only 8:
	{Hydrophis-curtus, Hydrophis-cyanocinctus, Hydrophis-hardwickii, Emydocephalus-ijimae, Pseudonaja-textilis, Notechis-scutatus, Laticauda-colubrina, Laticauda-laticaudata, Hydrophis-melanocephalus}
You may want to ignore posterior probabilities and other statistics related to the following branch branch because the effective number of genes impacting it is only 7:
	{Pseudaspis-cana_MCZA27068, Rhamphiophis-oxyrhynchus_KU290451, Psammophis-sibilans_RAX2053}
You may want to ignore posterior probabilities and other statistics related to the following branch branch because the effective number of genes impacting it is only 7:
	{Aparallactus-capensis_MCZA28808, Pseudaspis-cana_MCZA27068, Rhamphiophis-oxyrhynchus_KU290451, Psammophis-sibilans_RAX2053}
You may want to ignore posterior probabilities and other statistics related to the following branch branch because the effective number of genes impacting it is only 8:
	{Naja-naja, Hemibungarus-mcclungi_KU303027, Ophiophagus-hannah}
You may want to ignore posterior probabilities and other statistics related to the following branch branch because the effective number of genes impacting it is only 6:
	{Lamprophis-lineatus_EBG706, Aparallactus-capensis_MCZA28808, Prosymna-visseri_MCZR190223, Pseudaspis-cana_MCZA27068, Rhamphiophis-oxyrhynchus_KU290451, Psammophis-sibilans_RAX2053, Chamaelycus-fasciatus_KU348632, Micrelaps-sp_TauM16738}
You may want to ignore posterior probabilities and other statistics related to the following branch branch because the effective number of genes impacting it is only 7:
	{Lamprophis-lineatus_EBG706, Chamaelycus-fasciatus_KU348632}
You may want to ignore posterior probabilities and other statistics related to the following branch branch because the effective number of genes impacting it is only 6:
	{Lamprophis-lineatus_EBG706, Aparallactus-capensis_MCZA28808, Prosymna-visseri_MCZR190223, Pseudaspis-cana_MCZA27068, Rhamphiophis-oxyrhynchus_KU290451, Psammophis-sibilans_RAX2053, Chamaelycus-fasciatus_KU348632, Micrelaps-sp_TauM16738, Buhoma-depressiceps_CFS1528}
You may want to ignore posterior probabilities and other statistics related to the following branch branch because the effective number of genes impacting it is only 6:
	{Psammodynastes-pulverulentus_KU328547, Psammodynastes-pulverulentus_KU329686}
You may want to ignore posterior probabilities and other statistics related to the following branch branch because the effective number of genes impacting it is only 8:
	{Elapsoidea-sundevallii_MCZR190390, Lamprophis-lineatus_EBG706, Micrurus-corallinus_KU289205, Hydrophis-curtus, Hydrophis-cyanocinctus, Hydrophis-hardwickii, Emydocephalus-ijimae, Pseudonaja-textilis, Notechis-scutatus, Laticauda-colubrina, Laticauda-laticaudata, Naja-naja, Psammodynastes-pulverulentus_KU328547, Aparallactus-capensis_MCZA28808, Hemibungarus-mcclungi_KU303027, Prosymna-visseri_MCZR190223, Ophiophagus-hannah, Hydrophis-melanocephalus, Pseudaspis-cana_MCZA27068, Rhamphiophis-oxyrhynchus_KU290451, Psammophis-sibilans_RAX2053, Pseudoxyrhopus-tritaeniatus_KU340969, Chamaelycus-fasciatus_KU348632, Micrelaps-sp_TauM16738, Buhoma-depressiceps_CFS1528, Psammodynastes-pulverulentus_KU329686}
You may want to ignore posterior probabilities and other statistics related to the following branch branch because the effective number of genes impacting it is only 6:
	{Oxyrhabdium-cfmodestum_KU338101, Oxyrhabdium-modestum_KU310866}
You may want to ignore posterior probabilities and other statistics related to the following branch branch because the effective number of genes impacting it is only 7:
	{Lamprophis-lineatus_EBG706, Aparallactus-capensis_MCZA28808, Pseudaspis-cana_MCZA27068, Rhamphiophis-oxyrhynchus_KU290451, Psammophis-sibilans_RAX2053, Chamaelycus-fasciatus_KU348632, Micrelaps-sp_TauM16738}
You may want to ignore posterior probabilities and other statistics related to the following branch branch because the effective number of genes impacting it is only 7:
	{Lamprophis-lineatus_EBG706, Aparallactus-capensis_MCZA28808, Prosymna-visseri_MCZR190223, Pseudaspis-cana_MCZA27068, Rhamphiophis-oxyrhynchus_KU290451, Psammophis-sibilans_RAX2053, Pseudoxyrhopus-tritaeniatus_KU340969, Chamaelycus-fasciatus_KU348632, Micrelaps-sp_TauM16738, Buhoma-depressiceps_CFS1528}
You may want to ignore posterior probabilities and other statistics related to the following branch branch because the effective number of genes impacting it is only 7:
	{Oxyrhabdium-cfmodestum_KU338101, Oxyrhabdium-leporinum_KU346583, Oxyrhabdium-modestum_KU310866}
You may want to ignore posterior probabilities and other statistics related to the following branch branch because the effective number of genes impacting it is only 6:
	{Hologerrhum-philippinum_KU330752, Cyclocorus-lineatus_KU335808}
You may want to ignore posterior probabilities and other statistics related to the following branch branch because the effective number of genes impacting it is only 8:
	{Elapsoidea-sundevallii_MCZR190390, Lamprophis-lineatus_EBG706, Micrurus-corallinus_KU289205, Hydrophis-curtus, Hydrophis-cyanocinctus, Hydrophis-hardwickii, Emydocephalus-ijimae, Pseudonaja-textilis, Notechis-scutatus, Laticauda-colubrina, Laticauda-laticaudata, Naja-naja, Aparallactus-capensis_MCZA28808, Hemibungarus-mcclungi_KU303027, Prosymna-visseri_MCZR190223, Ophiophagus-hannah, Hydrophis-melanocephalus, Pseudaspis-cana_MCZA27068, Rhamphiophis-oxyrhynchus_KU290451, Psammophis-sibilans_RAX2053, Pseudoxyrhopus-tritaeniatus_KU340969, Chamaelycus-fasciatus_KU348632, Micrelaps-sp_TauM16738, Buhoma-depressiceps_CFS1528}
You may want to ignore posterior probabilities and other statistics related to the following branch branch because the effective number of genes impacting it is only 7:
	{Hologerrhum-philippinum_KU330752, Cyclocorus-lineatus_KU335808, Myersophis-alpestris_KU308684, Levitonius-mirus_KU337269, Oxyrhabdium-cfmodestum_KU338101, Oxyrhabdium-leporinum_KU346583, Oxyrhabdium-modestum_KU310866}
You may want to ignore posterior probabilities and other statistics related to the following branch branch because the effective number of genes impacting it is only 8:
	{Elapsoidea-sundevallii_MCZR190390, Lamprophis-lineatus_EBG706, Hologerrhum-philippinum_KU330752, Micrurus-corallinus_KU289205, Hydrophis-curtus, Hydrophis-cyanocinctus, Hydrophis-hardwickii, Emydocephalus-ijimae, Pseudonaja-textilis, Notechis-scutatus, Laticauda-colubrina, Laticauda-laticaudata, Naja-naja, Psammodynastes-pulverulentus_KU328547, Aparallactus-capensis_MCZA28808, Cyclocorus-lineatus_KU335808, Hemibungarus-mcclungi_KU303027, Prosymna-visseri_MCZR190223, Ophiophagus-hannah, Hydrophis-melanocephalus, Pseudaspis-cana_MCZA27068, Rhamphiophis-oxyrhynchus_KU290451, Psammophis-sibilans_RAX2053, Pseudoxyrhopus-tritaeniatus_KU340969, Chamaelycus-fasciatus_KU348632, Micrelaps-sp_TauM16738, Buhoma-depressiceps_CFS1528, Psammodynastes-pulverulentus_KU329686, Myersophis-alpestris_KU308684, Levitonius-mirus_KU337269, Oxyrhabdium-cfmodestum_KU338101, Oxyrhabdium-leporinum_KU346583, Oxyrhabdium-modestum_KU310866}
You may want to ignore posterior probabilities and other statistics related to the following branch branch because the effective number of genes impacting it is only 5:
	{Myersophis-alpestris_KU308684, Levitonius-mirus_KU337269}
You may want to ignore posterior probabilities and other statistics related to the following branch branch because the effective number of genes impacting it is only 8:
	{Scolecophis-atrocinctus_KU289804, Tantilla-taeniata_KU289863, Ptyas-mucosa}
You may want to ignore posterior probabilities and other statistics related to the following branch branch because the effective number of genes impacting it is only 8:
	{Scolecophis-atrocinctus_KU289804, Tantilla-taeniata_KU289863}
You may want to ignore posterior probabilities and other statistics related to the following branch branch because the effective number of genes impacting it is only 6:
	{Scolecophis-atrocinctus_KU289804, Tantilla-taeniata_KU289863, Ptyas-mucosa, Pantherophis-guttatus, Pituophis-catenifer, Pantherophis-obsoletus}
You may want to ignore posterior probabilities and other statistics related to the following branch branch because the effective number of genes impacting it is only 7:
	{Pantherophis-guttatus, Pituophis-catenifer, Pantherophis-obsoletus}
You may want to ignore posterior probabilities and other statistics related to the following branch branch because the effective number of genes impacting it is only 6:
	{Scolecophis-atrocinctus_KU289804, Tantilla-taeniata_KU289863, Ptyas-mucosa, Pantherophis-guttatus, Pituophis-catenifer, Pantherophis-obsoletus, Boiga-irregularis_KU345021}
You may want to ignore posterior probabilities and other statistics related to the following branch branch because the effective number of genes impacting it is only 7:
	{Scolecophis-atrocinctus_KU289804, Tantilla-taeniata_KU289863, Ptyas-mucosa, Pantherophis-guttatus, Pituophis-catenifer, Pantherophis-obsoletus, Ahaetulla-prasina_KU323364, Boiga-irregularis_KU345021, Chrysopelea-ornata}
You may want to ignore posterior probabilities and other statistics related to the following branch branch because the effective number of genes impacting it is only 7:
	{Scolecophis-atrocinctus_KU289804, Tantilla-taeniata_KU289863, Ptyas-mucosa, Pantherophis-guttatus, Pituophis-catenifer, Pantherophis-obsoletus, Ahaetulla-prasina_KU323364, Boiga-irregularis_KU345021, Chrysopelea-ornata, Calamaria-gervaisii_KU327406, Grayia-smythii_KU341872}
You may want to ignore posterior probabilities and other statistics related to the following branch branch because the effective number of genes impacting it is only 5:
	{Thamnophis-sirtalis, Thamnophis-elegans}
You may want to ignore posterior probabilities and other statistics related to the following branch branch because the effective number of genes impacting it is only 7:
	{Scolecophis-atrocinctus_KU289804, Tantilla-taeniata_KU289863, Ptyas-mucosa, Pantherophis-guttatus, Pituophis-catenifer, Pantherophis-obsoletus, Ahaetulla-prasina_KU323364, Boiga-irregularis_KU345021, Chrysopelea-ornata, Calamaria-gervaisii_KU327406, Grayia-smythii_KU341872, Sibynophis-bivittatus_KU309608}
You may want to ignore posterior probabilities and other statistics related to the following branch branch because the effective number of genes impacting it is only 5:
	{Thermophis-baileyi, Dipsas-indica_KU215336}
You may want to ignore posterior probabilities and other statistics related to the following branch branch because the effective number of genes impacting it is only 7:
	{Aparallactus-capensis_MCZA28808, Pseudaspis-cana_MCZA27068, Rhamphiophis-oxyrhynchus_KU290451, Psammophis-sibilans_RAX2053, Micrelaps-sp_TauM16738}
You may want to ignore posterior probabilities and other statistics related to the following branch branch because the effective number of genes impacting it is only 6:
	{Ahaetulla-prasina_KU323364, Chrysopelea-ornata}
You may want to ignore posterior probabilities and other statistics related to the following branch branch because the effective number of genes impacting it is only 7:
	{Scolecophis-atrocinctus_KU289804, Tantilla-taeniata_KU289863, Ptyas-mucosa, Pantherophis-guttatus, Pituophis-catenifer, Pantherophis-obsoletus, Ahaetulla-prasina_KU323364, Boiga-irregularis_KU345021, Chrysopelea-ornata, Calamaria-gervaisii_KU327406, Grayia-smythii_KU341872, Sibynophis-bivittatus_KU309608, Thamnophis-sirtalis, Thamnophis-elegans}
You may want to ignore posterior probabilities and other statistics related to the following branch branch because the effective number of genes impacting it is only 7:
	{Myersophis-alpestris_KU308684, Levitonius-mirus_KU337269, Oxyrhabdium-cfmodestum_KU338101, Oxyrhabdium-leporinum_KU346583, Oxyrhabdium-modestum_KU310866}
You may want to ignore posterior probabilities and other statistics related to the following branch branch because the effective number of genes impacting it is only 4:
	{Cerberus-schneiderii_KU324534, Myanophis-thanlyinensis}
You may want to ignore posterior probabilities and other statistics related to the following branch branch because the effective number of genes impacting it is only 8:
	{Scolecophis-atrocinctus_KU289804, Tantilla-taeniata_KU289863, Ptyas-mucosa, Pantherophis-guttatus, Pituophis-catenifer, Pantherophis-obsoletus, Ahaetulla-prasina_KU323364, Elapsoidea-sundevallii_MCZR190390, Thermophis-baileyi, Lamprophis-lineatus_EBG706, Hologerrhum-philippinum_KU330752, Micrurus-corallinus_KU289205, Hydrophis-curtus, Hydrophis-cyanocinctus, Hydrophis-hardwickii, Emydocephalus-ijimae, Pseudonaja-textilis, Notechis-scutatus, Laticauda-colubrina, Laticauda-laticaudata, Naja-naja, Psammodynastes-pulverulentus_KU328547, Aparallactus-capensis_MCZA28808, Cyclocorus-lineatus_KU335808, Hemibungarus-mcclungi_KU303027, Boiga-irregularis_KU345021, Chrysopelea-ornata, Calamaria-gervaisii_KU327406, Grayia-smythii_KU341872, Pseudoxenodon-sp_KU312221, Sibynophis-bivittatus_KU309608, Thamnophis-sirtalis, Dipsas-indica_KU215336, Prosymna-visseri_MCZR190223, Ophiophagus-hannah, Hydrophis-melanocephalus, Pseudaspis-cana_MCZA27068, Rhamphiophis-oxyrhynchus_KU290451, Psammophis-sibilans_RAX2053, Pseudoxyrhopus-tritaeniatus_KU340969, Chamaelycus-fasciatus_KU348632, Micrelaps-sp_TauM16738, Buhoma-depressiceps_CFS1528, Psammodynastes-pulverulentus_KU329686, Myersophis-alpestris_KU308684, Levitonius-mirus_KU337269, Oxyrhabdium-cfmodestum_KU338101, Oxyrhabdium-leporinum_KU346583, Oxyrhabdium-modestum_KU310866, Cerberus-schneiderii_KU324534, Myanophis-thanlyinensis, Thamnophis-elegans}
You may want to ignore posterior probabilities and other statistics related to the following branch branch because the effective number of genes impacting it is only 6:
	{Thermophis-baileyi, Pseudoxenodon-sp_KU312221, Dipsas-indica_KU215336}
You may want to ignore posterior probabilities and other statistics related to the following branch branch because the effective number of genes impacting it is only 6:
	{Calamaria-gervaisii_KU327406, Grayia-smythii_KU341872}
You may want to ignore posterior probabilities and other statistics related to the following branch branch because the effective number of genes impacting it is only 7:
	{Scolecophis-atrocinctus_KU289804, Tantilla-taeniata_KU289863, Ptyas-mucosa, Pantherophis-guttatus, Pituophis-catenifer, Pantherophis-obsoletus, Ahaetulla-prasina_KU323364, Thermophis-baileyi, Boiga-irregularis_KU345021, Chrysopelea-ornata, Calamaria-gervaisii_KU327406, Grayia-smythii_KU341872, Pseudoxenodon-sp_KU312221, Sibynophis-bivittatus_KU309608, Thamnophis-sirtalis, Dipsas-indica_KU215336, Thamnophis-elegans}
You may want to ignore posterior probabilities and other statistics related to the following branch branch because the effective number of genes impacting it is only 5:
	{Crotalus-pyrrhus, Crotalus-viridis, Crotalus-adamanteus, Crotalus-tigris}
You may want to ignore posterior probabilities and other statistics related to the following branch branch because the effective number of genes impacting it is only 6:
	{Crotalus-pyrrhus, Crotalus-viridis, Crotalus-adamanteus, Crotalus-tigris, Crotalus-horridus}
You may want to ignore posterior probabilities and other statistics related to the following branch branch because the effective number of genes impacting it is only 7:
	{Scolecophis-atrocinctus_KU289804, Tantilla-taeniata_KU289863, Ptyas-mucosa, Pantherophis-guttatus, Pituophis-catenifer, Pantherophis-obsoletus, Ahaetulla-prasina_KU323364, Thermophis-baileyi, Boiga-irregularis_KU345021, Chrysopelea-ornata, Calamaria-gervaisii_KU327406, Grayia-smythii_KU341872, Pseudoxenodon-sp_KU312221, Sibynophis-bivittatus_KU309608, Thamnophis-sirtalis, Dipsas-indica_KU215336, Cerberus-schneiderii_KU324534, Myanophis-thanlyinensis, Thamnophis-elegans}
You may want to ignore posterior probabilities and other statistics related to the following branch branch because the effective number of genes impacting it is only 8:
	{Crotalus-pyrrhus, Crotalus-viridis}
You may want to ignore posterior probabilities and other statistics related to the following branch branch because the effective number of genes impacting it is only 8:
	{Protobothrops-mucrosquamatus, Protobothrops-flavoviridis}
You may want to ignore posterior probabilities and other statistics related to the following branch branch because the effective number of genes impacting it is only 6:
	{Scolecophis-atrocinctus_KU289804, Tantilla-taeniata_KU289863, Ptyas-mucosa, Pantherophis-guttatus, Pituophis-catenifer, Pantherophis-obsoletus, Ahaetulla-prasina_KU323364, Elapsoidea-sundevallii_MCZR190390, Thermophis-baileyi, Lamprophis-lineatus_EBG706, Hologerrhum-philippinum_KU330752, Micrurus-corallinus_KU289205, Hydrophis-curtus, Hydrophis-cyanocinctus, Hydrophis-hardwickii, Emydocephalus-ijimae, Pseudonaja-textilis, Notechis-scutatus, Laticauda-colubrina, Laticauda-laticaudata, Naja-naja, Psammodynastes-pulverulentus_KU328547, Aparallactus-capensis_MCZA28808, Cyclocorus-lineatus_KU335808, Hemibungarus-mcclungi_KU303027, Bothrops-jararaca, Crotalus-pyrrhus, Crotalus-viridis, Crotalus-adamanteus, Crotalus-tigris, Crotalus-horridus, Protobothrops-mucrosquamatus, Protobothrops-flavoviridis, Aplopeltura-boa_KU315147, Boiga-irregularis_KU345021, Chrysopelea-ornata, Calamaria-gervaisii_KU327406, Grayia-smythii_KU341872, Pseudoxenodon-sp_KU312221, Sibynophis-bivittatus_KU309608, Thamnophis-sirtalis, Dipsas-indica_KU215336, Prosymna-visseri_MCZR190223, Ophiophagus-hannah, Hydrophis-melanocephalus, Pseudaspis-cana_MCZA27068, Rhamphiophis-oxyrhynchus_KU290451, Psammophis-sibilans_RAX2053, Pseudoxyrhopus-tritaeniatus_KU340969, Chamaelycus-fasciatus_KU348632, Micrelaps-sp_TauM16738, Buhoma-depressiceps_CFS1528, Psammodynastes-pulverulentus_KU329686, Myersophis-alpestris_KU308684, Levitonius-mirus_KU337269, Oxyrhabdium-cfmodestum_KU338101, Oxyrhabdium-leporinum_KU346583, Oxyrhabdium-modestum_KU310866, Cerberus-schneiderii_KU324534, Myanophis-thanlyinensis, Vipera-berus, Thamnophis-elegans}
You may want to ignore posterior probabilities and other statistics related to the following branch branch because the effective number of genes impacting it is only 6:
	{Pantherophis-guttatus, Pituophis-catenifer}
You may want to ignore posterior probabilities and other statistics related to the following branch branch because the effective number of genes impacting it is only 8:
	{Bothrops-jararaca, Crotalus-pyrrhus, Crotalus-viridis, Crotalus-adamanteus, Crotalus-tigris, Crotalus-horridus}
You may want to ignore posterior probabilities and other statistics related to the following branch branch because the effective number of genes impacting it is only 6:
	{Python-molurus, Boa-constrictor}
You may want to ignore posterior probabilities and other statistics related to the following branch branch because the effective number of genes impacting it is only 7:
	{Crotalus-pyrrhus, Crotalus-viridis, Crotalus-tigris}
You may want to ignore posterior probabilities and other statistics related to the following branch branch because the effective number of genes impacting it is only 7:
	{Bothrops-jararaca, Crotalus-pyrrhus, Crotalus-viridis, Crotalus-adamanteus, Crotalus-tigris, Crotalus-horridus, Protobothrops-mucrosquamatus, Protobothrops-flavoviridis, Vipera-berus}
You may want to ignore posterior probabilities and other statistics related to the following branch branch because the effective number of genes impacting it is only 6:
	{Scolecophis-atrocinctus_KU289804, Tantilla-taeniata_KU289863, Ptyas-mucosa, Pantherophis-guttatus, Pituophis-catenifer, Pantherophis-obsoletus, Ahaetulla-prasina_KU323364, Elapsoidea-sundevallii_MCZR190390, Thermophis-baileyi, Lamprophis-lineatus_EBG706, Hologerrhum-philippinum_KU330752, Micrurus-corallinus_KU289205, Hydrophis-curtus, Hydrophis-cyanocinctus, Hydrophis-hardwickii, Emydocephalus-ijimae, Pseudonaja-textilis, Notechis-scutatus, Laticauda-colubrina, Laticauda-laticaudata, Naja-naja, Psammodynastes-pulverulentus_KU328547, Aparallactus-capensis_MCZA28808, Cyclocorus-lineatus_KU335808, Hemibungarus-mcclungi_KU303027, Bothrops-jararaca, Crotalus-pyrrhus, Crotalus-viridis, Crotalus-adamanteus, Crotalus-tigris, Crotalus-horridus, Protobothrops-mucrosquamatus, Protobothrops-flavoviridis, Aplopeltura-boa_KU315147, Achalinus-spinalis_KU312258, Boiga-irregularis_KU345021, Chrysopelea-ornata, Calamaria-gervaisii_KU327406, Grayia-smythii_KU341872, Pseudoxenodon-sp_KU312221, Sibynophis-bivittatus_KU309608, Thamnophis-sirtalis, Dipsas-indica_KU215336, Prosymna-visseri_MCZR190223, Ophiophagus-hannah, Hydrophis-melanocephalus, Pseudaspis-cana_MCZA27068, Rhamphiophis-oxyrhynchus_KU290451, Psammophis-sibilans_RAX2053, Pseudoxyrhopus-tritaeniatus_KU340969, Chamaelycus-fasciatus_KU348632, Micrelaps-sp_TauM16738, Buhoma-depressiceps_CFS1528, Psammodynastes-pulverulentus_KU329686, Myersophis-alpestris_KU308684, Levitonius-mirus_KU337269, Oxyrhabdium-cfmodestum_KU338101, Oxyrhabdium-leporinum_KU346583, Oxyrhabdium-modestum_KU310866, Cerberus-schneiderii_KU324534, Myanophis-thanlyinensis, Vipera-berus, Thamnophis-elegans}
You may want to ignore posterior probabilities and other statistics related to the following branch branch because the effective number of genes impacting it is only 8:
	{Scolecophis-atrocinctus_KU289804, Tantilla-taeniata_KU289863, Ptyas-mucosa, Pantherophis-guttatus, Pituophis-catenifer, Pantherophis-obsoletus, Ahaetulla-prasina_KU323364, Elapsoidea-sundevallii_MCZR190390, Thermophis-baileyi, Lamprophis-lineatus_EBG706, Hologerrhum-philippinum_KU330752, Micrurus-corallinus_KU289205, Hydrophis-curtus, Hydrophis-cyanocinctus, Hydrophis-hardwickii, Emydocephalus-ijimae, Pseudonaja-textilis, Notechis-scutatus, Laticauda-colubrina, Laticauda-laticaudata, Naja-naja, Psammodynastes-pulverulentus_KU328547, Aparallactus-capensis_MCZA28808, Cyclocorus-lineatus_KU335808, Hemibungarus-mcclungi_KU303027, Bothrops-jararaca, Crotalus-pyrrhus, Crotalus-viridis, Crotalus-adamanteus, Crotalus-tigris, Crotalus-horridus, Protobothrops-mucrosquamatus, Protobothrops-flavoviridis, Boiga-irregularis_KU345021, Chrysopelea-ornata, Calamaria-gervaisii_KU327406, Grayia-smythii_KU341872, Pseudoxenodon-sp_KU312221, Sibynophis-bivittatus_KU309608, Thamnophis-sirtalis, Dipsas-indica_KU215336, Prosymna-visseri_MCZR190223, Ophiophagus-hannah, Hydrophis-melanocephalus, Pseudaspis-cana_MCZA27068, Rhamphiophis-oxyrhynchus_KU290451, Psammophis-sibilans_RAX2053, Pseudoxyrhopus-tritaeniatus_KU340969, Chamaelycus-fasciatus_KU348632, Micrelaps-sp_TauM16738, Buhoma-depressiceps_CFS1528, Psammodynastes-pulverulentus_KU329686, Myersophis-alpestris_KU308684, Levitonius-mirus_KU337269, Oxyrhabdium-cfmodestum_KU338101, Oxyrhabdium-leporinum_KU346583, Oxyrhabdium-modestum_KU310866, Cerberus-schneiderii_KU324534, Myanophis-thanlyinensis, Vipera-berus, Thamnophis-elegans}
You may want to ignore posterior probabilities and other statistics related to the following branch branch because the effective number of genes impacting it is only 7:
	{Bothrops-jararaca, Crotalus-pyrrhus, Crotalus-viridis, Crotalus-adamanteus, Crotalus-tigris, Crotalus-horridus, Protobothrops-mucrosquamatus, Protobothrops-flavoviridis}
(Acrochordus-granulatus_KU302952,((Achalinus-spinalis_KU312258,(Aplopeltura-boa_KU315147,(((((((Elapsoidea-sundevallii_MCZR190390,(Micrurus-corallinus_KU289205,((Notechis-scutatus,(Pseudonaja-textilis,(Emydocephalus-ijimae,((Hydrophis-cyanocinctus,Hydrophis-melanocephalus)0.99:1.3862943611198908,(Hydrophis-curtus,Hydrophis-hardwickii)0.67:0.2876820724517809)1:1.7917594692280545)1:1.7917594692280545)0.93:0.5621189181535411)0.99:0.9808292530117262,(Laticauda-colubrina,Laticauda-laticaudata)1:1.7917594692280545)1:1.7917594692280545)0.53:0.11428152006227503)0.88:0.506713212212898,(Hemibungarus-mcclungi_KU303027,(Naja-naja,Ophiophagus-hannah)0.49:0.06787742240308585)0.97:0.6893084042527796)1:1.3616017485295193,(Pseudoxyrhopus-tritaeniatus_KU340969,(Buhoma-depressiceps_CFS1528,(Prosymna-visseri_MCZR190223,((Micrelaps-sp_TauM16738,(Aparallactus-capensis_MCZA28808,(Pseudaspis-cana_MCZA27068,(Rhamphiophis-oxyrhynchus_KU290451,Psammophis-sibilans_RAX2053)1:1.5404450409471486)0.66:0.27874774371801514)0.84:0.4017167616710034)0.38:0.03759584071449124,(Lamprophis-lineatus_EBG706,Chamaelycus-fasciatus_KU348632)0.99:0.987518241162523)0.43:0.020347662164338445)0.53:0.13096285579008507)0.33:0.0)0.78:0.33006496158956566)0.75:0.304596270300012,(Psammodynastes-pulverulentus_KU328547,Psammodynastes-pulverulentus_KU329686)1:1.5404450409471486)0.42:0.020455753876166206,(((Oxyrhabdium-leporinum_KU346583,(Oxyrhabdium-cfmodestum_KU338101,Oxyrhabdium-modestum_KU310866)0.83:0.4418327522790392)1:1.6739764335716716,(Myersophis-alpestris_KU308684,Levitonius-mirus_KU337269)0.93:0.6931471805599453)1:1.6739764335716716,(Hologerrhum-philippinum_KU330752,Cyclocorus-lineatus_KU335808)0.97:0.8472978603872037)0.99:0.9808292530117262)0.99:0.9313710898030266,((((Sibynophis-bivittatus_KU309608,(((Boiga-irregularis_KU345021,((Ptyas-mucosa,(Scolecophis-atrocinctus_KU289804,Tantilla-taeniata_KU289863)1:1.7917594692280545)0.96:0.6875133628416895,(Pantherophis-obsoletus,(Pantherophis-guttatus,Pituophis-catenifer)0.58:0.15415067982725836)1:1.6739764335716716)0.43:0.014634407518437809)0.98:0.8627677821593355,(Ahaetulla-prasina_KU323364,Chrysopelea-ornata)0.99:1.0539737411329224)0.57:0.12863205551801737,(Calamaria-gervaisii_KU327406,Grayia-smythii_KU341872)0.67:0.22675757765476617)0.49:0.0653380375864758)0.61:0.16782968515281707,(Thamnophis-sirtalis,Thamnophis-elegans)0.99:1.3862943611198908)0.71:0.27360859031512247,(Pseudoxenodon-sp_KU312221,(Thermophis-baileyi,Dipsas-indica_KU215336)0.76:0.3381129260786728)0.38:0.07850265267065412)0.99:1.0200499661650073,(Cerberus-schneiderii_KU324534,Myanophis-thanlyinensis)0.98:1.2039728043259361)0.92:0.5753641449035618)1:1.6292405397302803,(Vipera-berus,((Bothrops-jararaca,(Crotalus-horridus,(Crotalus-adamanteus,(Crotalus-tigris,(Crotalus-pyrrhus,Crotalus-viridis)0.39:0.0020317268847240048)0.47:0.06453852113757118)0.99:1.3862943611198908)1:1.5404450409471486)1:1.69644928942373,(Protobothrops-mucrosquamatus,Protobothrops-flavoviridis)1:1.7917594692280545)1:1.6739764335716716)1:1.6739764335716716)0.86:0.40546510810816444)1:1.5404450409471486)0.97:0.8472978603872037,(Python-molurus,Boa-constrictor)1:1.5404450409471486));
ASTRAL finished in 2.084 secs
Shutting down threading
