

================== ASTRAL ===================== 

This is ASTRAL version 5.15.5
Warning: 
 Fail to load native library libAstral.dylib; use Java default computing method without AVX2, which is 4X slower. 
 Make sure you are using the correct Djava.library.path (to the `lib` directory under ASTRAL where libAstral.dylib can be found). 
 Trying running make.sh. For mode debugging, run: java -Djava.library.path=lib/ -jar native_library_tester.jar
Gene trees are treated as unrooted
Detected GPU devices: 
Device 1 of 2: Apple M1 cl_device_id[0xffffffff] Vendor: Intel
Device 2 of 2: Apple M1 cl_device_id[0x1027f00] Vendor: Apple
Will use Device : Apple M1
Will use Device : Apple M1
Starting 8 threads ...
There are 8 threads used to run.
119 trees read from /dev/fd/11
All output trees will be *arbitrarily* rooted at Pseudoxyrhopus-tritaeniatus_KU340969

======== Running the main analysis
Number of taxa: 66 (66 species)
Taxa: [Pseudoxyrhopus-tritaeniatus_KU340969, Pseudaspis-cana_MCZA27068, Micrelaps-sp_TauM16738, Buhoma-depressiceps_CFS1528, Oxyrhabdium-modestum_KU310866, Oxyrhabdium-cfmodestum_KU338101, Oxyrhabdium-leporinum_KU346583, Levitonius-mirus_KU337269, Myersophis-alpestris_KU308684, Cyclocorus-lineatus_KU335808, Hologerrhum-philippinum_KU330752, Psammodynastes-pulverulentus_KU328547, Psammodynastes-pulverulentus_KU329686, Hemibungarus-mcclungi_KU303027, Ophiophagus-hannah, Hydrophis-curtus, Hydrophis-hardwickii, Hydrophis-melanocephalus, Emydocephalus-ijimae, Notechis-scutatus, Pseudonaja-textilis, Laticauda-colubrina, Laticauda-laticaudata, Micrurus-corallinus_KU289205, Elapsoidea-sundevallii_MCZR190390, Naja-naja, Sibynophis-bivittatus_KU309608, Grayia-smythii_KU341872, Calamaria-gervaisii_KU327406, Ahaetulla-prasina_KU323364, Chrysopelea-ornata, Scolecophis-atrocinctus_KU289804, Tantilla-taeniata_KU289863, Boiga-irregularis_KU345021, Thamnophis-sirtalis, Thamnophis-elegans, Ptyas-mucosa, Pantherophis-guttatus, Pantherophis-obsoletus, Pituophis-catenifer, Pseudoxenodon-sp_KU312221, Dipsas-indica_KU215336, Thermophis-baileyi, Achalinus-spinalis_KU312258, Acrochordus-granulatus_KU302952, Python-molurus, Boa-constrictor, Aplopeltura-boa_KU315147, Crotalus-pyrrhus, Crotalus-viridis, Crotalus-tigris, Crotalus-adamanteus, Crotalus-horridus, Bothrops-jararaca, Protobothrops-mucrosquamatus, Protobothrops-flavoviridis, Vipera-berus, Cerberus-schneiderii_KU324534, Myanophis-thanlyinensis, Psammophis-sibilans_RAX2053, Rhamphiophis-oxyrhynchus_KU290451, Prosymna-visseri_MCZR190223, Aparallactus-capensis_MCZA28808, Chamaelycus-fasciatus_KU348632, Lamprophis-lineatus_EBG706, Hydrophis-cyanocinctus]
Taxon occupancy: {Protobothrops-flavoviridis=109, Hologerrhum-philippinum_KU330752=113, Thamnophis-sirtalis=107, Hydrophis-hardwickii=113, Psammophis-sibilans_RAX2053=102, Crotalus-pyrrhus=114, Elapsoidea-sundevallii_MCZR190390=116, Bothrops-jararaca=111, Notechis-scutatus=115, Levitonius-mirus_KU337269=109, Buhoma-depressiceps_CFS1528=105, Ophiophagus-hannah=114, Calamaria-gervaisii_KU327406=108, Scolecophis-atrocinctus_KU289804=110, Ptyas-mucosa=113, Boiga-irregularis_KU345021=110, Aparallactus-capensis_MCZA28808=106, Myanophis-thanlyinensis=107, Ahaetulla-prasina_KU323364=114, Python-molurus=107, Pseudaspis-cana_MCZA27068=109, Psammodynastes-pulverulentus_KU328547=110, Crotalus-tigris=111, Rhamphiophis-oxyrhynchus_KU290451=104, Pantherophis-obsoletus=114, Protobothrops-mucrosquamatus=110, Vipera-berus=112, Chrysopelea-ornata=108, Thamnophis-elegans=109, Laticauda-laticaudata=113, Myersophis-alpestris_KU308684=112, Oxyrhabdium-leporinum_KU346583=112, Acrochordus-granulatus_KU302952=108, Cyclocorus-lineatus_KU335808=111, Oxyrhabdium-cfmodestum_KU338101=111, Grayia-smythii_KU341872=109, Tantilla-taeniata_KU289863=112, Crotalus-viridis=113, Crotalus-adamanteus=110, Pseudoxyrhopus-tritaeniatus_KU340969=111, Dipsas-indica_KU215336=112, Oxyrhabdium-modestum_KU310866=109, Emydocephalus-ijimae=116, Pantherophis-guttatus=113, Sibynophis-bivittatus_KU309608=111, Aplopeltura-boa_KU315147=107, Thermophis-baileyi=114, Pituophis-catenifer=108, Lamprophis-lineatus_EBG706=113, Hydrophis-curtus=112, Pseudoxenodon-sp_KU312221=108, Hemibungarus-mcclungi_KU303027=113, Pseudonaja-textilis=114, Chamaelycus-fasciatus_KU348632=110, Laticauda-colubrina=112, Crotalus-horridus=112, Micrurus-corallinus_KU289205=115, Boa-constrictor=112, Psammodynastes-pulverulentus_KU329686=110, Hydrophis-melanocephalus=114, Achalinus-spinalis_KU312258=103, Micrelaps-sp_TauM16738=111, Prosymna-visseri_MCZR190223=108, Naja-naja=119, Hydrophis-cyanocinctus=114, Cerberus-schneiderii_KU324534=106}
Using polytree-based weight calculation.
Number of gene trees: 119
85 trees have missing taxa
Calculating distance matrix (for completion of X) ....with 4 distance matrices for parallellism
Species tree distances calculated ...

Will attempt to complete bipartitions from X before adding using a distance matrix.
Building set of clusters (X) from gene trees 
------------------------------
Number of Clusters after addition from gene trees: 2785
Number of Clusters after addition by distance: 2785
Adding to X using resolutions of greedy consensus ...

Computing greedy consensus  
took 0 seconds
Limit for sigma of degrees:1700

polytomy size limit : > 11
 [3, 3, 4, 4, 4, 4, 4, 5, 9, 11]
discarded polytomies: 
Threshold 0.0:
Threshold 0.01:
Threshold 0.02:
Threshold 0.05:
Threshold 0.1:
polytomy of size 4; rounds with additions with at least 5 support: 0; clusters: 2787
Threshold 0.2:
polytomy of size 3; rounds with additions with at least 5 support: 0; clusters: 2787
polytomy of size 4; rounds with additions with at least 5 support: 0; clusters: 2787
polytomy of size 9; rounds with additions with at least 5 support: 0; clusters: 2787
Threshold 0.3333333333333333:
polytomy of size 5; rounds with additions with at least 5 support: 0; clusters: 2787
polytomy of size 3; rounds with additions with at least 5 support: 0; clusters: 2787
polytomy of size 4; rounds with additions with at least 5 support: 0; clusters: 2787
polytomy of size 4; rounds with additions with at least 5 support: 0; clusters: 2787
polytomy of size 4; rounds with additions with at least 5 support: 0; clusters: 2787
polytomy of size 11; rounds with additions with at least 5 support: 0; clusters: 2787
Number of Clusters after addition by greedy: 2787
partitions formed in 1.387 secs
Dynamic Programming starting after 1.387 secs
Polytree max score: 68743997
Polytree building time: 0.037 seconds.
Fail to load native library libAstral.dylib; use Java default computing method.
Number of quartet trees in the gene trees: 68743997
Computing hash values took 0 seconds
device length is: 2
TREE HEIGHT IS: 13
Size of largest cluster: 66
Size of largest cluster: 66
Finishing up:6000 0 5999
Total Number of elements: 5999
Normalized score (portion of input quartet trees satisfied before correcting for multiple individuals): 0.8651501163076101
Final optimization score: 59473877
Optimal tree inferred in 2.737 secs.
Weight calculation using polytrees cumulatively took 0.0 secs
(Pseudoxyrhopus-tritaeniatus_KU340969,((Chamaelycus-fasciatus_KU348632,Lamprophis-lineatus_EBG706),(Pseudaspis-cana_MCZA27068,(Prosymna-visseri_MCZR190223,((Micrelaps-sp_TauM16738,((((((Vipera-berus,((Bothrops-jararaca,(Crotalus-horridus,(Crotalus-adamanteus,(Crotalus-pyrrhus,(Crotalus-viridis,Crotalus-tigris))))),(Protobothrops-mucrosquamatus,Protobothrops-flavoviridis))),(Aplopeltura-boa_KU315147,(Achalinus-spinalis_KU312258,(Acrochordus-granulatus_KU302952,(Python-molurus,Boa-constrictor))))),(Cerberus-schneiderii_KU324534,Myanophis-thanlyinensis)),((Sibynophis-bivittatus_KU309608,(((Boiga-irregularis_KU345021,((Pituophis-catenifer,(Pantherophis-guttatus,Pantherophis-obsoletus)),(Ptyas-mucosa,(Scolecophis-atrocinctus_KU289804,Tantilla-taeniata_KU289863)))),(Ahaetulla-prasina_KU323364,Chrysopelea-ornata)),(Grayia-smythii_KU341872,Calamaria-gervaisii_KU327406))),((Thamnophis-sirtalis,Thamnophis-elegans),(Pseudoxenodon-sp_KU312221,(Dipsas-indica_KU215336,Thermophis-baileyi))))),(((Levitonius-mirus_KU337269,Myersophis-alpestris_KU308684),(Oxyrhabdium-modestum_KU310866,(Oxyrhabdium-cfmodestum_KU338101,Oxyrhabdium-leporinum_KU346583))),(Cyclocorus-lineatus_KU335808,Hologerrhum-philippinum_KU330752))),((Micrurus-corallinus_KU289205,((Elapsoidea-sundevallii_MCZR190390,((Pseudonaja-textilis,(Notechis-scutatus,(Emydocephalus-ijimae,((Hydrophis-curtus,Hydrophis-hardwickii),(Hydrophis-melanocephalus,Hydrophis-cyanocinctus))))),(Laticauda-colubrina,Laticauda-laticaudata))),(Hemibungarus-mcclungi_KU303027,(Ophiophagus-hannah,Naja-naja)))),(Psammodynastes-pulverulentus_KU328547,Psammodynastes-pulverulentus_KU329686)))),(Buhoma-depressiceps_CFS1528,(Aparallactus-capensis_MCZA28808,(Psammophis-sibilans_RAX2053,Rhamphiophis-oxyrhynchus_KU290451))))))));
Final quartet score is: 80916563
Final normalized quartet score is: 1.1770709666474586
(Pseudoxyrhopus-tritaeniatus_KU340969,((Chamaelycus-fasciatus_KU348632,Lamprophis-lineatus_EBG706)1:1.3657881294828909,(Pseudaspis-cana_MCZA27068,(Prosymna-visseri_MCZR190223,((Micrelaps-sp_TauM16738,((((((Vipera-berus,((Bothrops-jararaca,(Crotalus-horridus,(Crotalus-adamanteus,(Crotalus-pyrrhus,(Crotalus-viridis,Crotalus-tigris)0.69:0.09669908760578756)0.87:0.16967265486890407)1:1.0342917575895858)1:2.4272698814782756)1:1.354828205046526,(Protobothrops-mucrosquamatus,Protobothrops-flavoviridis)1:2.0322332796548648)1:2.665198182913497)1:4.169756891533809,(Aplopeltura-boa_KU315147,(Achalinus-spinalis_KU312258,(Acrochordus-granulatus_KU302952,(Python-molurus,Boa-constrictor)1:1.9086845210935908)1:1.5093544538771178)1:2.954910279033736)1:0.9252594018569157)1:2.856294445269826,(Cerberus-schneiderii_KU324534,Myanophis-thanlyinensis)1:2.7829515092753287)1:0.2742263513351778,((Sibynophis-bivittatus_KU309608,(((Boiga-irregularis_KU345021,((Pituophis-catenifer,(Pantherophis-guttatus,Pantherophis-obsoletus)1:0.2595111954850847)1:3.4891930106997475,(Ptyas-mucosa,(Scolecophis-atrocinctus_KU289804,Tantilla-taeniata_KU289863)1:1.286509267482826)0.54:0.04026607132245221)1:0.264050532488523)1:2.0161926829547663,(Ahaetulla-prasina_KU323364,Chrysopelea-ornata)1:1.210014632891855)1:0.5147637023928744,(Grayia-smythii_KU341872,Calamaria-gervaisii_KU327406)0.55:0.05086646428728544)0.54:0.041548333058383846)1:0.9419009582833282,((Thamnophis-sirtalis,Thamnophis-elegans)1:3.189392545102138,(Pseudoxenodon-sp_KU312221,(Dipsas-indica_KU215336,Thermophis-baileyi)1:0.3534065472588627)0.61:0.058364907463806084)0.68:0.07342451396873824)1:1.2570075473717104)1:1.6819279807733512,(((Levitonius-mirus_KU337269,Myersophis-alpestris_KU308684)1:0.2596393547726417,(Oxyrhabdium-modestum_KU310866,(Oxyrhabdium-cfmodestum_KU338101,Oxyrhabdium-leporinum_KU346583)1:0.3395071403163671)1:3.5835189384561117)1:0.5365616990751123,(Cyclocorus-lineatus_KU335808,Hologerrhum-philippinum_KU330752)1:1.438830941129123)1:2.077767226445911)0.97:0.16653530738535088,((Micrurus-corallinus_KU289205,((Elapsoidea-sundevallii_MCZR190390,((Pseudonaja-textilis,(Notechis-scutatus,(Emydocephalus-ijimae,((Hydrophis-curtus,Hydrophis-hardwickii)1:0.7250283254467181,(Hydrophis-melanocephalus,Hydrophis-cyanocinctus)1:0.8080464097723592)1:3.2522944372919653)1:2.781322402208536)1:0.26948580146081663)1:1.7634268809674134,(Laticauda-colubrina,Laticauda-laticaudata)1:4.3040650932041675)1:3.2708626319572502)0.94:0.1439417724461146,(Hemibungarus-mcclungi_KU303027,(Ophiophagus-hannah,Naja-naja)1:0.30918219720645235)1:0.249219995449139)0.89:0.12963873008100885)1:3.147429547116786,(Psammodynastes-pulverulentus_KU328547,Psammodynastes-pulverulentus_KU329686)1:2.5073512746046243)0.38:0.009676209615915284)1:0.27660313316886226)0.97:0.17088618762379143,(Buhoma-depressiceps_CFS1528,(Aparallactus-capensis_MCZA28808,(Psammophis-sibilans_RAX2053,Rhamphiophis-oxyrhynchus_KU290451)1:2.9401666961317514)0.56:0.060738835082986636)0.7:0.0815743869776427)0.57:0.06592833583631755)0.75:0.09107753377062942)0.54:0.056220445269623304));
ASTRAL finished in 3.454 secs
Shutting down threading
