

================== ASTRAL ===================== 

This is ASTRAL version 5.15.5
Warning: 
 Fail to load native library libAstral.dylib; use Java default computing method without AVX2, which is 4X slower. 
 Make sure you are using the correct Djava.library.path (to the `lib` directory under ASTRAL where libAstral.dylib can be found). 
 Trying running make.sh. For mode debugging, run: java -Djava.library.path=lib/ -jar native_library_tester.jar
Gene trees are treated as unrooted
Detected GPU devices: 
Device 1 of 2: Apple M1 cl_device_id[0xffffffff] Vendor: Intel
Device 2 of 2: Apple M1 cl_device_id[0x1027f00] Vendor: Apple
Will use Device : Apple M1
Will use Device : Apple M1
Starting 8 threads ...
There are 8 threads used to run.
4 trees read from /dev/fd/11
All output trees will be *arbitrarily* rooted at Acrochordus-granulatus_KU302952

======== Running the main analysis
Number of taxa: 66 (66 species)
Taxa: [Acrochordus-granulatus_KU302952, Tantilla-taeniata_KU289863, Pantherophis-guttatus, Pantherophis-obsoletus, Pituophis-catenifer, Ptyas-mucosa, Boiga-irregularis_KU345021, Thamnophis-sirtalis, Thamnophis-elegans, Chrysopelea-ornata, Ahaetulla-prasina_KU323364, Pseudoxenodon-sp_KU312221, Thermophis-baileyi, Dipsas-indica_KU215336, Prosymna-visseri_MCZR190223, Pseudaspis-cana_MCZA27068, Pseudoxyrhopus-tritaeniatus_KU340969, Chamaelycus-fasciatus_KU348632, Lamprophis-lineatus_EBG706, Rhamphiophis-oxyrhynchus_KU290451, Psammophis-sibilans_RAX2053, Cyclocorus-lineatus_KU335808, Hologerrhum-philippinum_KU330752, Myersophis-alpestris_KU308684, Levitonius-mirus_KU337269, Oxyrhabdium-leporinum_KU346583, Oxyrhabdium-modestum_KU310866, Buhoma-depressiceps_CFS1528, Aparallactus-capensis_MCZA28808, Micrelaps-sp_TauM16738, Elapsoidea-sundevallii_MCZR190390, Hemibungarus-mcclungi_KU303027, Ophiophagus-hannah, Naja-naja, Hydrophis-curtus, Hydrophis-hardwickii, Hydrophis-cyanocinctus, Hydrophis-melanocephalus, Emydocephalus-ijimae, Notechis-scutatus, Pseudonaja-textilis, Laticauda-colubrina, Laticauda-laticaudata, Psammodynastes-pulverulentus_KU329686, Myanophis-thanlyinensis, Crotalus-pyrrhus, Crotalus-viridis, Crotalus-adamanteus, Crotalus-tigris, Crotalus-horridus, Bothrops-jararaca, Protobothrops-mucrosquamatus, Protobothrops-flavoviridis, Vipera-berus, Aplopeltura-boa_KU315147, Achalinus-spinalis_KU312258, Python-molurus, Boa-constrictor, Psammodynastes-pulverulentus_KU328547, Micrurus-corallinus_KU289205, Oxyrhabdium-cfmodestum_KU338101, Sibynophis-bivittatus_KU309608, Grayia-smythii_KU341872, Calamaria-gervaisii_KU327406, Scolecophis-atrocinctus_KU289804, Cerberus-schneiderii_KU324534]
Taxon occupancy: {Protobothrops-flavoviridis=4, Thamnophis-sirtalis=4, Hologerrhum-philippinum_KU330752=4, Hydrophis-hardwickii=4, Psammophis-sibilans_RAX2053=4, Crotalus-pyrrhus=4, Elapsoidea-sundevallii_MCZR190390=3, Bothrops-jararaca=4, Notechis-scutatus=4, Levitonius-mirus_KU337269=4, Buhoma-depressiceps_CFS1528=4, Ophiophagus-hannah=4, Ptyas-mucosa=4, Calamaria-gervaisii_KU327406=2, Scolecophis-atrocinctus_KU289804=2, Boiga-irregularis_KU345021=4, Aparallactus-capensis_MCZA28808=3, Myanophis-thanlyinensis=4, Ahaetulla-prasina_KU323364=3, Python-molurus=4, Pseudaspis-cana_MCZA27068=4, Psammodynastes-pulverulentus_KU328547=3, Rhamphiophis-oxyrhynchus_KU290451=4, Crotalus-tigris=4, Pantherophis-obsoletus=4, Protobothrops-mucrosquamatus=4, Vipera-berus=4, Chrysopelea-ornata=4, Thamnophis-elegans=4, Laticauda-laticaudata=4, Myersophis-alpestris_KU308684=4, Oxyrhabdium-leporinum_KU346583=3, Acrochordus-granulatus_KU302952=3, Cyclocorus-lineatus_KU335808=3, Oxyrhabdium-cfmodestum_KU338101=3, Tantilla-taeniata_KU289863=4, Grayia-smythii_KU341872=3, Crotalus-viridis=4, Crotalus-adamanteus=4, Pseudoxyrhopus-tritaeniatus_KU340969=4, Dipsas-indica_KU215336=4, Oxyrhabdium-modestum_KU310866=3, Emydocephalus-ijimae=4, Pantherophis-guttatus=4, Aplopeltura-boa_KU315147=4, Sibynophis-bivittatus_KU309608=3, Thermophis-baileyi=4, Pituophis-catenifer=4, Lamprophis-lineatus_EBG706=4, Hydrophis-curtus=4, Pseudoxenodon-sp_KU312221=3, Chamaelycus-fasciatus_KU348632=4, Hemibungarus-mcclungi_KU303027=4, Pseudonaja-textilis=4, Laticauda-colubrina=4, Crotalus-horridus=4, Boa-constrictor=3, Micrurus-corallinus_KU289205=3, Psammodynastes-pulverulentus_KU329686=4, Hydrophis-melanocephalus=3, Achalinus-spinalis_KU312258=2, Micrelaps-sp_TauM16738=3, Prosymna-visseri_MCZR190223=4, Naja-naja=4, Hydrophis-cyanocinctus=4, Cerberus-schneiderii_KU324534=3}
Using polytree-based weight calculation.
Number of gene trees: 4
4 trees have missing taxa
Calculating distance matrix (for completion of X) ....with 4 distance matrices for parallellism
Species tree distances calculated ...

Will attempt to complete bipartitions from X before adding using a distance matrix.
Building set of clusters (X) from gene trees 
------------------------------
Number of Clusters after addition from gene trees: 429
Number of Clusters after addition by distance: 429
Adding to X using resolutions of greedy consensus ...

Computing greedy consensus  
took 0 seconds
Limit for sigma of degrees:1700

polytomy size limit : > 10
 [3, 3, 3, 3, 3, 3, 3, 3, 5, 10]
discarded polytomies: 
Threshold 0.0:
polytomy of size 3; rounds with additions with at least 5 support: 0; clusters: 445
Threshold 0.01:
polytomy of size 3; rounds with additions with at least 5 support: 0; clusters: 445
Threshold 0.02:
polytomy of size 3; rounds with additions with at least 5 support: 0; clusters: 445
Threshold 0.05:
polytomy of size 3; rounds with additions with at least 5 support: 0; clusters: 445
Threshold 0.1:
polytomy of size 3; rounds with additions with at least 5 support: 0; clusters: 449
Threshold 0.2:
polytomy of size 3; rounds with additions with at least 5 support: 0; clusters: 435
Threshold 0.3333333333333333:
polytomy of size 3; rounds with additions with at least 5 support: 0; clusters: 443
polytomy of size 5; rounds with additions with at least 5 support: 0; clusters: 463
polytomy of size 3; rounds with additions with at least 5 support: 0; clusters: 463
polytomy of size 10; rounds with additions with at least 5 support: 0; clusters: 467
Number of Clusters after addition by greedy: 467
partitions formed in 0.629 secs
Dynamic Programming starting after 0.629 secs
Polytree max score: 2002050
Polytree building time: 0.006 seconds.
Fail to load native library libAstral.dylib; use Java default computing method.
Number of quartet trees in the gene trees: 2002050
Computing hash values took 0 seconds
device length is: 2
TREE HEIGHT IS: 10
Size of largest cluster: 66
Size of largest cluster: 66
Finishing up:299 0 298
Total Number of elements: 298
Normalized score (portion of input quartet trees satisfied before correcting for multiple individuals): 0.9085407457356209
Final optimization score: 1818944
Optimal tree inferred in 1.755 secs.
Weight calculation using polytrees cumulatively took 0.0 secs
(Acrochordus-granulatus_KU302952,((Achalinus-spinalis_KU312258,(Aplopeltura-boa_KU315147,(((((((Micrelaps-sp_TauM16738,(Pseudoxyrhopus-tritaeniatus_KU340969,(Aparallactus-capensis_MCZA28808,((Pseudaspis-cana_MCZA27068,((Rhamphiophis-oxyrhynchus_KU290451,Psammophis-sibilans_RAX2053),(Psammodynastes-pulverulentus_KU329686,Psammodynastes-pulverulentus_KU328547))),(Prosymna-visseri_MCZR190223,Buhoma-depressiceps_CFS1528))))),(Chamaelycus-fasciatus_KU348632,Lamprophis-lineatus_EBG706)),(Micrurus-corallinus_KU289205,(((((Emydocephalus-ijimae,((Hydrophis-cyanocinctus,Hydrophis-melanocephalus),(Hydrophis-curtus,Hydrophis-hardwickii))),(Notechis-scutatus,Pseudonaja-textilis)),(Laticauda-colubrina,Laticauda-laticaudata)),(Ophiophagus-hannah,Naja-naja)),(Elapsoidea-sundevallii_MCZR190390,Hemibungarus-mcclungi_KU303027)))),(((Oxyrhabdium-leporinum_KU346583,(Oxyrhabdium-modestum_KU310866,Oxyrhabdium-cfmodestum_KU338101)),(Myersophis-alpestris_KU308684,Levitonius-mirus_KU337269)),(Cyclocorus-lineatus_KU335808,Hologerrhum-philippinum_KU330752))),(((Pseudoxenodon-sp_KU312221,(((Tantilla-taeniata_KU289863,((Ptyas-mucosa,(Pituophis-catenifer,(Pantherophis-guttatus,Pantherophis-obsoletus))),(Boiga-irregularis_KU345021,Scolecophis-atrocinctus_KU289804))),(Chrysopelea-ornata,Ahaetulla-prasina_KU323364)),(Grayia-smythii_KU341872,Calamaria-gervaisii_KU327406))),(Sibynophis-bivittatus_KU309608,(Thamnophis-sirtalis,Thamnophis-elegans))),(Thermophis-baileyi,Dipsas-indica_KU215336))),(Myanophis-thanlyinensis,Cerberus-schneiderii_KU324534)),(Vipera-berus,((Bothrops-jararaca,(Crotalus-horridus,(Crotalus-pyrrhus,(Crotalus-viridis,(Crotalus-adamanteus,Crotalus-tigris))))),(Protobothrops-mucrosquamatus,Protobothrops-flavoviridis)))))),(Python-molurus,Boa-constrictor)));
Final quartet score is: 1893995
Final normalized quartet score is: 0.9460278214829799
You may want to ignore posterior probabilities and other statistics related to the following branch branch because the effective number of genes impacting it is only 3:
	{Prosymna-visseri_MCZR190223, Pseudaspis-cana_MCZA27068, Rhamphiophis-oxyrhynchus_KU290451, Psammophis-sibilans_RAX2053, Buhoma-depressiceps_CFS1528, Psammodynastes-pulverulentus_KU329686, Psammodynastes-pulverulentus_KU328547}
You may want to ignore posterior probabilities and other statistics related to the following branch branch because the effective number of genes impacting it is only 4:
	{Pseudaspis-cana_MCZA27068, Rhamphiophis-oxyrhynchus_KU290451, Psammophis-sibilans_RAX2053, Psammodynastes-pulverulentus_KU329686, Psammodynastes-pulverulentus_KU328547}
You may want to ignore posterior probabilities and other statistics related to the following branch branch because the effective number of genes impacting it is only 4:
	{Prosymna-visseri_MCZR190223, Buhoma-depressiceps_CFS1528}
You may want to ignore posterior probabilities and other statistics related to the following branch branch because the effective number of genes impacting it is only 3:
	{Psammodynastes-pulverulentus_KU329686, Psammodynastes-pulverulentus_KU328547}
You may want to ignore posterior probabilities and other statistics related to the following branch branch because the effective number of genes impacting it is only 3:
	{Prosymna-visseri_MCZR190223, Pseudaspis-cana_MCZA27068, Rhamphiophis-oxyrhynchus_KU290451, Psammophis-sibilans_RAX2053, Buhoma-depressiceps_CFS1528, Aparallactus-capensis_MCZA28808, Psammodynastes-pulverulentus_KU329686, Psammodynastes-pulverulentus_KU328547}
You may want to ignore posterior probabilities and other statistics related to the following branch branch because the effective number of genes impacting it is only 4:
	{Chamaelycus-fasciatus_KU348632, Lamprophis-lineatus_EBG706}
You may want to ignore posterior probabilities and other statistics related to the following branch branch because the effective number of genes impacting it is only 4:
	{Rhamphiophis-oxyrhynchus_KU290451, Psammophis-sibilans_RAX2053, Psammodynastes-pulverulentus_KU329686, Psammodynastes-pulverulentus_KU328547}
You may want to ignore posterior probabilities and other statistics related to the following branch branch because the effective number of genes impacting it is only 3:
	{Prosymna-visseri_MCZR190223, Pseudaspis-cana_MCZA27068, Pseudoxyrhopus-tritaeniatus_KU340969, Rhamphiophis-oxyrhynchus_KU290451, Psammophis-sibilans_RAX2053, Buhoma-depressiceps_CFS1528, Aparallactus-capensis_MCZA28808, Psammodynastes-pulverulentus_KU329686, Psammodynastes-pulverulentus_KU328547}
You may want to ignore posterior probabilities and other statistics related to the following branch branch because the effective number of genes impacting it is only 4:
	{Prosymna-visseri_MCZR190223, Pseudaspis-cana_MCZA27068, Pseudoxyrhopus-tritaeniatus_KU340969, Chamaelycus-fasciatus_KU348632, Lamprophis-lineatus_EBG706, Rhamphiophis-oxyrhynchus_KU290451, Psammophis-sibilans_RAX2053, Buhoma-depressiceps_CFS1528, Aparallactus-capensis_MCZA28808, Micrelaps-sp_TauM16738, Psammodynastes-pulverulentus_KU329686, Psammodynastes-pulverulentus_KU328547}
You may want to ignore posterior probabilities and other statistics related to the following branch branch because the effective number of genes impacting it is only 3:
	{Prosymna-visseri_MCZR190223, Pseudaspis-cana_MCZA27068, Pseudoxyrhopus-tritaeniatus_KU340969, Rhamphiophis-oxyrhynchus_KU290451, Psammophis-sibilans_RAX2053, Buhoma-depressiceps_CFS1528, Aparallactus-capensis_MCZA28808, Micrelaps-sp_TauM16738, Psammodynastes-pulverulentus_KU329686, Psammodynastes-pulverulentus_KU328547}
You may want to ignore posterior probabilities and other statistics related to the following branch branch because the effective number of genes impacting it is only 4:
	{Hydrophis-curtus, Hydrophis-hardwickii, Hydrophis-cyanocinctus, Hydrophis-melanocephalus, Emydocephalus-ijimae}
You may want to ignore posterior probabilities and other statistics related to the following branch branch because the effective number of genes impacting it is only 4:
	{Notechis-scutatus, Pseudonaja-textilis}
You may want to ignore posterior probabilities and other statistics related to the following branch branch because the effective number of genes impacting it is only 4:
	{Rhamphiophis-oxyrhynchus_KU290451, Psammophis-sibilans_RAX2053}
You may want to ignore posterior probabilities and other statistics related to the following branch branch because the effective number of genes impacting it is only 4:
	{Hydrophis-curtus, Hydrophis-hardwickii}
You may want to ignore posterior probabilities and other statistics related to the following branch branch because the effective number of genes impacting it is only 4:
	{Laticauda-colubrina, Laticauda-laticaudata}
You may want to ignore posterior probabilities and other statistics related to the following branch branch because the effective number of genes impacting it is only 4:
	{Hydrophis-curtus, Hydrophis-hardwickii, Hydrophis-cyanocinctus, Hydrophis-melanocephalus, Emydocephalus-ijimae, Notechis-scutatus, Pseudonaja-textilis}
You may want to ignore posterior probabilities and other statistics related to the following branch branch because the effective number of genes impacting it is only 4:
	{Hydrophis-curtus, Hydrophis-hardwickii, Hydrophis-cyanocinctus, Hydrophis-melanocephalus}
You may want to ignore posterior probabilities and other statistics related to the following branch branch because the effective number of genes impacting it is only 3:
	{Elapsoidea-sundevallii_MCZR190390, Hemibungarus-mcclungi_KU303027}
You may want to ignore posterior probabilities and other statistics related to the following branch branch because the effective number of genes impacting it is only 3:
	{Elapsoidea-sundevallii_MCZR190390, Hemibungarus-mcclungi_KU303027, Ophiophagus-hannah, Naja-naja, Hydrophis-curtus, Hydrophis-hardwickii, Hydrophis-cyanocinctus, Hydrophis-melanocephalus, Emydocephalus-ijimae, Notechis-scutatus, Pseudonaja-textilis, Laticauda-colubrina, Laticauda-laticaudata}
You may want to ignore posterior probabilities and other statistics related to the following branch branch because the effective number of genes impacting it is only 3:
	{Hydrophis-cyanocinctus, Hydrophis-melanocephalus}
You may want to ignore posterior probabilities and other statistics related to the following branch branch because the effective number of genes impacting it is only 4:
	{Hydrophis-curtus, Hydrophis-hardwickii, Hydrophis-cyanocinctus, Hydrophis-melanocephalus, Emydocephalus-ijimae, Notechis-scutatus, Pseudonaja-textilis, Laticauda-colubrina, Laticauda-laticaudata}
You may want to ignore posterior probabilities and other statistics related to the following branch branch because the effective number of genes impacting it is only 3:
	{Oxyrhabdium-leporinum_KU346583, Oxyrhabdium-modestum_KU310866, Oxyrhabdium-cfmodestum_KU338101}
You may want to ignore posterior probabilities and other statistics related to the following branch branch because the effective number of genes impacting it is only 4:
	{Ophiophagus-hannah, Naja-naja, Hydrophis-curtus, Hydrophis-hardwickii, Hydrophis-cyanocinctus, Hydrophis-melanocephalus, Emydocephalus-ijimae, Notechis-scutatus, Pseudonaja-textilis, Laticauda-colubrina, Laticauda-laticaudata}
You may want to ignore posterior probabilities and other statistics related to the following branch branch because the effective number of genes impacting it is only 4:
	{Ophiophagus-hannah, Naja-naja}
You may want to ignore posterior probabilities and other statistics related to the following branch branch because the effective number of genes impacting it is only 3:
	{Cyclocorus-lineatus_KU335808, Hologerrhum-philippinum_KU330752}
You may want to ignore posterior probabilities and other statistics related to the following branch branch because the effective number of genes impacting it is only 4:
	{Myersophis-alpestris_KU308684, Levitonius-mirus_KU337269, Oxyrhabdium-leporinum_KU346583, Oxyrhabdium-modestum_KU310866, Oxyrhabdium-cfmodestum_KU338101}
You may want to ignore posterior probabilities and other statistics related to the following branch branch because the effective number of genes impacting it is only 4:
	{Myersophis-alpestris_KU308684, Levitonius-mirus_KU337269}
You may want to ignore posterior probabilities and other statistics related to the following branch branch because the effective number of genes impacting it is only 4:
	{Pantherophis-guttatus, Pantherophis-obsoletus}
You may want to ignore posterior probabilities and other statistics related to the following branch branch because the effective number of genes impacting it is only 4:
	{Pantherophis-guttatus, Pantherophis-obsoletus, Pituophis-catenifer, Ptyas-mucosa}
You may want to ignore posterior probabilities and other statistics related to the following branch branch because the effective number of genes impacting it is only 2:
	{Boiga-irregularis_KU345021, Scolecophis-atrocinctus_KU289804}
You may want to ignore posterior probabilities and other statistics related to the following branch branch because the effective number of genes impacting it is only 4:
	{Pantherophis-guttatus, Pantherophis-obsoletus, Pituophis-catenifer}
You may want to ignore posterior probabilities and other statistics related to the following branch branch because the effective number of genes impacting it is only 4:
	{Prosymna-visseri_MCZR190223, Pseudaspis-cana_MCZA27068, Pseudoxyrhopus-tritaeniatus_KU340969, Chamaelycus-fasciatus_KU348632, Lamprophis-lineatus_EBG706, Rhamphiophis-oxyrhynchus_KU290451, Psammophis-sibilans_RAX2053, Cyclocorus-lineatus_KU335808, Hologerrhum-philippinum_KU330752, Myersophis-alpestris_KU308684, Levitonius-mirus_KU337269, Oxyrhabdium-leporinum_KU346583, Oxyrhabdium-modestum_KU310866, Buhoma-depressiceps_CFS1528, Aparallactus-capensis_MCZA28808, Micrelaps-sp_TauM16738, Elapsoidea-sundevallii_MCZR190390, Hemibungarus-mcclungi_KU303027, Ophiophagus-hannah, Naja-naja, Hydrophis-curtus, Hydrophis-hardwickii, Hydrophis-cyanocinctus, Hydrophis-melanocephalus, Emydocephalus-ijimae, Notechis-scutatus, Pseudonaja-textilis, Laticauda-colubrina, Laticauda-laticaudata, Psammodynastes-pulverulentus_KU329686, Psammodynastes-pulverulentus_KU328547, Micrurus-corallinus_KU289205, Oxyrhabdium-cfmodestum_KU338101}
You may want to ignore posterior probabilities and other statistics related to the following branch branch because the effective number of genes impacting it is only 4:
	{Pantherophis-guttatus, Pantherophis-obsoletus, Pituophis-catenifer, Ptyas-mucosa, Boiga-irregularis_KU345021, Scolecophis-atrocinctus_KU289804}
You may want to ignore posterior probabilities and other statistics related to the following branch branch because the effective number of genes impacting it is only 4:
	{Tantilla-taeniata_KU289863, Pantherophis-guttatus, Pantherophis-obsoletus, Pituophis-catenifer, Ptyas-mucosa, Boiga-irregularis_KU345021, Scolecophis-atrocinctus_KU289804}
You may want to ignore posterior probabilities and other statistics related to the following branch branch because the effective number of genes impacting it is only 3:
	{Chrysopelea-ornata, Ahaetulla-prasina_KU323364}
You may want to ignore posterior probabilities and other statistics related to the following branch branch because the effective number of genes impacting it is only 2:
	{Grayia-smythii_KU341872, Calamaria-gervaisii_KU327406}
You may want to ignore posterior probabilities and other statistics related to the following branch branch because the effective number of genes impacting it is only 2:
	{Tantilla-taeniata_KU289863, Pantherophis-guttatus, Pantherophis-obsoletus, Pituophis-catenifer, Ptyas-mucosa, Boiga-irregularis_KU345021, Chrysopelea-ornata, Ahaetulla-prasina_KU323364, Grayia-smythii_KU341872, Calamaria-gervaisii_KU327406, Scolecophis-atrocinctus_KU289804}
You may want to ignore posterior probabilities and other statistics related to the following branch branch because the effective number of genes impacting it is only 3:
	{Tantilla-taeniata_KU289863, Pantherophis-guttatus, Pantherophis-obsoletus, Pituophis-catenifer, Ptyas-mucosa, Boiga-irregularis_KU345021, Chrysopelea-ornata, Ahaetulla-prasina_KU323364, Scolecophis-atrocinctus_KU289804}
You may want to ignore posterior probabilities and other statistics related to the following branch branch because the effective number of genes impacting it is only 4:
	{Prosymna-visseri_MCZR190223, Pseudaspis-cana_MCZA27068, Pseudoxyrhopus-tritaeniatus_KU340969, Chamaelycus-fasciatus_KU348632, Lamprophis-lineatus_EBG706, Rhamphiophis-oxyrhynchus_KU290451, Psammophis-sibilans_RAX2053, Buhoma-depressiceps_CFS1528, Aparallactus-capensis_MCZA28808, Micrelaps-sp_TauM16738, Elapsoidea-sundevallii_MCZR190390, Hemibungarus-mcclungi_KU303027, Ophiophagus-hannah, Naja-naja, Hydrophis-curtus, Hydrophis-hardwickii, Hydrophis-cyanocinctus, Hydrophis-melanocephalus, Emydocephalus-ijimae, Notechis-scutatus, Pseudonaja-textilis, Laticauda-colubrina, Laticauda-laticaudata, Psammodynastes-pulverulentus_KU329686, Psammodynastes-pulverulentus_KU328547, Micrurus-corallinus_KU289205}
You may want to ignore posterior probabilities and other statistics related to the following branch branch because the effective number of genes impacting it is only 1:
	{Oxyrhabdium-modestum_KU310866, Oxyrhabdium-cfmodestum_KU338101}
You may want to ignore posterior probabilities and other statistics related to the following branch branch because the effective number of genes impacting it is only 3:
	{Elapsoidea-sundevallii_MCZR190390, Hemibungarus-mcclungi_KU303027, Ophiophagus-hannah, Naja-naja, Hydrophis-curtus, Hydrophis-hardwickii, Hydrophis-cyanocinctus, Hydrophis-melanocephalus, Emydocephalus-ijimae, Notechis-scutatus, Pseudonaja-textilis, Laticauda-colubrina, Laticauda-laticaudata, Micrurus-corallinus_KU289205}
You may want to ignore posterior probabilities and other statistics related to the following branch branch because the effective number of genes impacting it is only 3:
	{Tantilla-taeniata_KU289863, Pantherophis-guttatus, Pantherophis-obsoletus, Pituophis-catenifer, Ptyas-mucosa, Boiga-irregularis_KU345021, Chrysopelea-ornata, Ahaetulla-prasina_KU323364, Pseudoxenodon-sp_KU312221, Grayia-smythii_KU341872, Calamaria-gervaisii_KU327406, Scolecophis-atrocinctus_KU289804}
You may want to ignore posterior probabilities and other statistics related to the following branch branch because the effective number of genes impacting it is only 3:
	{Thamnophis-sirtalis, Thamnophis-elegans}
You may want to ignore posterior probabilities and other statistics related to the following branch branch because the effective number of genes impacting it is only 4:
	{Tantilla-taeniata_KU289863, Pantherophis-guttatus, Pantherophis-obsoletus, Pituophis-catenifer, Ptyas-mucosa, Boiga-irregularis_KU345021, Thamnophis-sirtalis, Thamnophis-elegans, Chrysopelea-ornata, Ahaetulla-prasina_KU323364, Pseudoxenodon-sp_KU312221, Thermophis-baileyi, Dipsas-indica_KU215336, Prosymna-visseri_MCZR190223, Pseudaspis-cana_MCZA27068, Pseudoxyrhopus-tritaeniatus_KU340969, Chamaelycus-fasciatus_KU348632, Lamprophis-lineatus_EBG706, Rhamphiophis-oxyrhynchus_KU290451, Psammophis-sibilans_RAX2053, Cyclocorus-lineatus_KU335808, Hologerrhum-philippinum_KU330752, Myersophis-alpestris_KU308684, Levitonius-mirus_KU337269, Oxyrhabdium-leporinum_KU346583, Oxyrhabdium-modestum_KU310866, Buhoma-depressiceps_CFS1528, Aparallactus-capensis_MCZA28808, Micrelaps-sp_TauM16738, Elapsoidea-sundevallii_MCZR190390, Hemibungarus-mcclungi_KU303027, Ophiophagus-hannah, Naja-naja, Hydrophis-curtus, Hydrophis-hardwickii, Hydrophis-cyanocinctus, Hydrophis-melanocephalus, Emydocephalus-ijimae, Notechis-scutatus, Pseudonaja-textilis, Laticauda-colubrina, Laticauda-laticaudata, Psammodynastes-pulverulentus_KU329686, Psammodynastes-pulverulentus_KU328547, Micrurus-corallinus_KU289205, Oxyrhabdium-cfmodestum_KU338101, Sibynophis-bivittatus_KU309608, Grayia-smythii_KU341872, Calamaria-gervaisii_KU327406, Scolecophis-atrocinctus_KU289804}
You may want to ignore posterior probabilities and other statistics related to the following branch branch because the effective number of genes impacting it is only 4:
	{Cyclocorus-lineatus_KU335808, Hologerrhum-philippinum_KU330752, Myersophis-alpestris_KU308684, Levitonius-mirus_KU337269, Oxyrhabdium-leporinum_KU346583, Oxyrhabdium-modestum_KU310866, Oxyrhabdium-cfmodestum_KU338101}
You may want to ignore posterior probabilities and other statistics related to the following branch branch because the effective number of genes impacting it is only 3:
	{Thamnophis-sirtalis, Thamnophis-elegans, Sibynophis-bivittatus_KU309608}
You may want to ignore posterior probabilities and other statistics related to the following branch branch because the effective number of genes impacting it is only 4:
	{Tantilla-taeniata_KU289863, Pantherophis-guttatus, Pantherophis-obsoletus, Pituophis-catenifer, Ptyas-mucosa, Boiga-irregularis_KU345021, Thamnophis-sirtalis, Thamnophis-elegans, Chrysopelea-ornata, Ahaetulla-prasina_KU323364, Pseudoxenodon-sp_KU312221, Sibynophis-bivittatus_KU309608, Grayia-smythii_KU341872, Calamaria-gervaisii_KU327406, Scolecophis-atrocinctus_KU289804}
You may want to ignore posterior probabilities and other statistics related to the following branch branch because the effective number of genes impacting it is only 4:
	{Tantilla-taeniata_KU289863, Pantherophis-guttatus, Pantherophis-obsoletus, Pituophis-catenifer, Ptyas-mucosa, Boiga-irregularis_KU345021, Thamnophis-sirtalis, Thamnophis-elegans, Chrysopelea-ornata, Ahaetulla-prasina_KU323364, Pseudoxenodon-sp_KU312221, Thermophis-baileyi, Dipsas-indica_KU215336, Prosymna-visseri_MCZR190223, Pseudaspis-cana_MCZA27068, Pseudoxyrhopus-tritaeniatus_KU340969, Chamaelycus-fasciatus_KU348632, Lamprophis-lineatus_EBG706, Rhamphiophis-oxyrhynchus_KU290451, Psammophis-sibilans_RAX2053, Cyclocorus-lineatus_KU335808, Hologerrhum-philippinum_KU330752, Myersophis-alpestris_KU308684, Levitonius-mirus_KU337269, Oxyrhabdium-leporinum_KU346583, Oxyrhabdium-modestum_KU310866, Buhoma-depressiceps_CFS1528, Aparallactus-capensis_MCZA28808, Micrelaps-sp_TauM16738, Elapsoidea-sundevallii_MCZR190390, Hemibungarus-mcclungi_KU303027, Ophiophagus-hannah, Naja-naja, Hydrophis-curtus, Hydrophis-hardwickii, Hydrophis-cyanocinctus, Hydrophis-melanocephalus, Emydocephalus-ijimae, Notechis-scutatus, Pseudonaja-textilis, Laticauda-colubrina, Laticauda-laticaudata, Psammodynastes-pulverulentus_KU329686, Myanophis-thanlyinensis, Psammodynastes-pulverulentus_KU328547, Micrurus-corallinus_KU289205, Oxyrhabdium-cfmodestum_KU338101, Sibynophis-bivittatus_KU309608, Grayia-smythii_KU341872, Calamaria-gervaisii_KU327406, Scolecophis-atrocinctus_KU289804, Cerberus-schneiderii_KU324534}
You may want to ignore posterior probabilities and other statistics related to the following branch branch because the effective number of genes impacting it is only 4:
	{Crotalus-adamanteus, Crotalus-tigris}
You may want to ignore posterior probabilities and other statistics related to the following branch branch because the effective number of genes impacting it is only 4:
	{Tantilla-taeniata_KU289863, Pantherophis-guttatus, Pantherophis-obsoletus, Pituophis-catenifer, Ptyas-mucosa, Boiga-irregularis_KU345021, Thamnophis-sirtalis, Thamnophis-elegans, Chrysopelea-ornata, Ahaetulla-prasina_KU323364, Pseudoxenodon-sp_KU312221, Thermophis-baileyi, Dipsas-indica_KU215336, Sibynophis-bivittatus_KU309608, Grayia-smythii_KU341872, Calamaria-gervaisii_KU327406, Scolecophis-atrocinctus_KU289804}
You may want to ignore posterior probabilities and other statistics related to the following branch branch because the effective number of genes impacting it is only 4:
	{Crotalus-pyrrhus, Crotalus-viridis, Crotalus-adamanteus, Crotalus-tigris}
You may want to ignore posterior probabilities and other statistics related to the following branch branch because the effective number of genes impacting it is only 3:
	{Myanophis-thanlyinensis, Cerberus-schneiderii_KU324534}
You may want to ignore posterior probabilities and other statistics related to the following branch branch because the effective number of genes impacting it is only 4:
	{Protobothrops-mucrosquamatus, Protobothrops-flavoviridis}
You may want to ignore posterior probabilities and other statistics related to the following branch branch because the effective number of genes impacting it is only 4:
	{Thermophis-baileyi, Dipsas-indica_KU215336}
You may want to ignore posterior probabilities and other statistics related to the following branch branch because the effective number of genes impacting it is only 4:
	{Crotalus-pyrrhus, Crotalus-viridis, Crotalus-adamanteus, Crotalus-tigris, Crotalus-horridus}
You may want to ignore posterior probabilities and other statistics related to the following branch branch because the effective number of genes impacting it is only 2:
	{Tantilla-taeniata_KU289863, Pantherophis-guttatus, Pantherophis-obsoletus, Pituophis-catenifer, Ptyas-mucosa, Boiga-irregularis_KU345021, Thamnophis-sirtalis, Thamnophis-elegans, Chrysopelea-ornata, Ahaetulla-prasina_KU323364, Pseudoxenodon-sp_KU312221, Thermophis-baileyi, Dipsas-indica_KU215336, Prosymna-visseri_MCZR190223, Pseudaspis-cana_MCZA27068, Pseudoxyrhopus-tritaeniatus_KU340969, Chamaelycus-fasciatus_KU348632, Lamprophis-lineatus_EBG706, Rhamphiophis-oxyrhynchus_KU290451, Psammophis-sibilans_RAX2053, Cyclocorus-lineatus_KU335808, Hologerrhum-philippinum_KU330752, Myersophis-alpestris_KU308684, Levitonius-mirus_KU337269, Oxyrhabdium-leporinum_KU346583, Oxyrhabdium-modestum_KU310866, Buhoma-depressiceps_CFS1528, Aparallactus-capensis_MCZA28808, Micrelaps-sp_TauM16738, Elapsoidea-sundevallii_MCZR190390, Hemibungarus-mcclungi_KU303027, Ophiophagus-hannah, Naja-naja, Hydrophis-curtus, Hydrophis-hardwickii, Hydrophis-cyanocinctus, Hydrophis-melanocephalus, Emydocephalus-ijimae, Notechis-scutatus, Pseudonaja-textilis, Laticauda-colubrina, Laticauda-laticaudata, Psammodynastes-pulverulentus_KU329686, Myanophis-thanlyinensis, Crotalus-pyrrhus, Crotalus-viridis, Crotalus-adamanteus, Crotalus-tigris, Crotalus-horridus, Bothrops-jararaca, Protobothrops-mucrosquamatus, Protobothrops-flavoviridis, Vipera-berus, Aplopeltura-boa_KU315147, Psammodynastes-pulverulentus_KU328547, Micrurus-corallinus_KU289205, Oxyrhabdium-cfmodestum_KU338101, Sibynophis-bivittatus_KU309608, Grayia-smythii_KU341872, Calamaria-gervaisii_KU327406, Scolecophis-atrocinctus_KU289804, Cerberus-schneiderii_KU324534}
You may want to ignore posterior probabilities and other statistics related to the following branch branch because the effective number of genes impacting it is only 2:
	{Python-molurus, Boa-constrictor}
You may want to ignore posterior probabilities and other statistics related to the following branch branch because the effective number of genes impacting it is only 2:
	{Tantilla-taeniata_KU289863, Pantherophis-guttatus, Pantherophis-obsoletus, Pituophis-catenifer, Ptyas-mucosa, Boiga-irregularis_KU345021, Thamnophis-sirtalis, Thamnophis-elegans, Chrysopelea-ornata, Ahaetulla-prasina_KU323364, Pseudoxenodon-sp_KU312221, Thermophis-baileyi, Dipsas-indica_KU215336, Prosymna-visseri_MCZR190223, Pseudaspis-cana_MCZA27068, Pseudoxyrhopus-tritaeniatus_KU340969, Chamaelycus-fasciatus_KU348632, Lamprophis-lineatus_EBG706, Rhamphiophis-oxyrhynchus_KU290451, Psammophis-sibilans_RAX2053, Cyclocorus-lineatus_KU335808, Hologerrhum-philippinum_KU330752, Myersophis-alpestris_KU308684, Levitonius-mirus_KU337269, Oxyrhabdium-leporinum_KU346583, Oxyrhabdium-modestum_KU310866, Buhoma-depressiceps_CFS1528, Aparallactus-capensis_MCZA28808, Micrelaps-sp_TauM16738, Elapsoidea-sundevallii_MCZR190390, Hemibungarus-mcclungi_KU303027, Ophiophagus-hannah, Naja-naja, Hydrophis-curtus, Hydrophis-hardwickii, Hydrophis-cyanocinctus, Hydrophis-melanocephalus, Emydocephalus-ijimae, Notechis-scutatus, Pseudonaja-textilis, Laticauda-colubrina, Laticauda-laticaudata, Psammodynastes-pulverulentus_KU329686, Myanophis-thanlyinensis, Crotalus-pyrrhus, Crotalus-viridis, Crotalus-adamanteus, Crotalus-tigris, Crotalus-horridus, Bothrops-jararaca, Protobothrops-mucrosquamatus, Protobothrops-flavoviridis, Vipera-berus, Aplopeltura-boa_KU315147, Achalinus-spinalis_KU312258, Psammodynastes-pulverulentus_KU328547, Micrurus-corallinus_KU289205, Oxyrhabdium-cfmodestum_KU338101, Sibynophis-bivittatus_KU309608, Grayia-smythii_KU341872, Calamaria-gervaisii_KU327406, Scolecophis-atrocinctus_KU289804, Cerberus-schneiderii_KU324534}
You may want to ignore posterior probabilities and other statistics related to the following branch branch because the effective number of genes impacting it is only 4:
	{Crotalus-viridis, Crotalus-adamanteus, Crotalus-tigris}
You may want to ignore posterior probabilities and other statistics related to the following branch branch because the effective number of genes impacting it is only 4:
	{Crotalus-pyrrhus, Crotalus-viridis, Crotalus-adamanteus, Crotalus-tigris, Crotalus-horridus, Bothrops-jararaca}
You may want to ignore posterior probabilities and other statistics related to the following branch branch because the effective number of genes impacting it is only 4:
	{Crotalus-pyrrhus, Crotalus-viridis, Crotalus-adamanteus, Crotalus-tigris, Crotalus-horridus, Bothrops-jararaca, Protobothrops-mucrosquamatus, Protobothrops-flavoviridis, Vipera-berus}
You may want to ignore posterior probabilities and other statistics related to the following branch branch because the effective number of genes impacting it is only 4:
	{Tantilla-taeniata_KU289863, Pantherophis-guttatus, Pantherophis-obsoletus, Pituophis-catenifer, Ptyas-mucosa, Boiga-irregularis_KU345021, Thamnophis-sirtalis, Thamnophis-elegans, Chrysopelea-ornata, Ahaetulla-prasina_KU323364, Pseudoxenodon-sp_KU312221, Thermophis-baileyi, Dipsas-indica_KU215336, Prosymna-visseri_MCZR190223, Pseudaspis-cana_MCZA27068, Pseudoxyrhopus-tritaeniatus_KU340969, Chamaelycus-fasciatus_KU348632, Lamprophis-lineatus_EBG706, Rhamphiophis-oxyrhynchus_KU290451, Psammophis-sibilans_RAX2053, Cyclocorus-lineatus_KU335808, Hologerrhum-philippinum_KU330752, Myersophis-alpestris_KU308684, Levitonius-mirus_KU337269, Oxyrhabdium-leporinum_KU346583, Oxyrhabdium-modestum_KU310866, Buhoma-depressiceps_CFS1528, Aparallactus-capensis_MCZA28808, Micrelaps-sp_TauM16738, Elapsoidea-sundevallii_MCZR190390, Hemibungarus-mcclungi_KU303027, Ophiophagus-hannah, Naja-naja, Hydrophis-curtus, Hydrophis-hardwickii, Hydrophis-cyanocinctus, Hydrophis-melanocephalus, Emydocephalus-ijimae, Notechis-scutatus, Pseudonaja-textilis, Laticauda-colubrina, Laticauda-laticaudata, Psammodynastes-pulverulentus_KU329686, Myanophis-thanlyinensis, Crotalus-pyrrhus, Crotalus-viridis, Crotalus-adamanteus, Crotalus-tigris, Crotalus-horridus, Bothrops-jararaca, Protobothrops-mucrosquamatus, Protobothrops-flavoviridis, Vipera-berus, Psammodynastes-pulverulentus_KU328547, Micrurus-corallinus_KU289205, Oxyrhabdium-cfmodestum_KU338101, Sibynophis-bivittatus_KU309608, Grayia-smythii_KU341872, Calamaria-gervaisii_KU327406, Scolecophis-atrocinctus_KU289804, Cerberus-schneiderii_KU324534}
You may want to ignore posterior probabilities and other statistics related to the following branch branch because the effective number of genes impacting it is only 4:
	{Crotalus-pyrrhus, Crotalus-viridis, Crotalus-adamanteus, Crotalus-tigris, Crotalus-horridus, Bothrops-jararaca, Protobothrops-mucrosquamatus, Protobothrops-flavoviridis}
(Acrochordus-granulatus_KU302952,((Achalinus-spinalis_KU312258,(Aplopeltura-boa_KU315147,(((((((Micrelaps-sp_TauM16738,(Pseudoxyrhopus-tritaeniatus_KU340969,(Aparallactus-capensis_MCZA28808,((Pseudaspis-cana_MCZA27068,((Rhamphiophis-oxyrhynchus_KU290451,Psammophis-sibilans_RAX2053)0.98:1.2039728043259361,(Psammodynastes-pulverulentus_KU329686,Psammodynastes-pulverulentus_KU328547)0.95:0.9808292530117262)0.33:0.0)0.55:0.14410048537648162,(Prosymna-visseri_MCZR190223,Buhoma-depressiceps_CFS1528)0.43:0.009734525116983807)0.59:0.17485246124137144)0.35:0.0)0.71:0.3308756816930556)0.61:0.21792912437523526,(Chamaelycus-fasciatus_KU348632,Lamprophis-lineatus_EBG706)0.98:1.2039728043259361)0.62:0.20854475189305707,(Micrurus-corallinus_KU289205,(((((Emydocephalus-ijimae,((Hydrophis-cyanocinctus,Hydrophis-melanocephalus)0.67:0.2876820724517809,(Hydrophis-curtus,Hydrophis-hardwickii)0.98:1.2039728043259361)0.94:0.7985076962177715)0.9:0.6443570163905135,(Notechis-scutatus,Pseudonaja-textilis)0.53:0.1053605156578264)0.93:0.7339691750802002,(Laticauda-colubrina,Laticauda-laticaudata)0.98:1.2039728043259361)0.95:0.8472978603872032,(Ophiophagus-hannah,Naja-naja)0.91:0.6854843078143764)0.43:0.0025249240700737155,(Elapsoidea-sundevallii_MCZR190390,Hemibungarus-mcclungi_KU303027)0.86:0.5937132835717585)0.42:0.0)0.95:0.9808292530117262)0.54:0.13613217432458005,(((Oxyrhabdium-leporinum_KU346583,(Oxyrhabdium-modestum_KU310866,Oxyrhabdium-cfmodestum_KU338101)0.67:0.2876820724517809)0.95:0.9808292530117262,(Myersophis-alpestris_KU308684,Levitonius-mirus_KU337269)0.44:0.1053605156578264)0.98:1.2039728043259361,(Cyclocorus-lineatus_KU335808,Hologerrhum-philippinum_KU330752)0.95:0.9808292530117262)0.98:1.2039728043259361)0.98:1.1631508098056813,(((Pseudoxenodon-sp_KU312221,(((Tantilla-taeniata_KU289863,((Ptyas-mucosa,(Pituophis-catenifer,(Pantherophis-guttatus,Pantherophis-obsoletus)0.84:0.5108256237659905)0.98:1.2039728043259361)0.98:1.1852806713137831,(Boiga-irregularis_KU345021,Scolecophis-atrocinctus_KU289804)0.42:0.0)0.32:0.0)0.98:1.2039728043259361,(Chrysopelea-ornata,Ahaetulla-prasina_KU323364)0.95:0.9808292530117262)0.67:0.2876820724517809,(Grayia-smythii_KU341872,Calamaria-gervaisii_KU327406)0.53:0.11778303565638351)0.86:0.6729444732424256)0.51:0.12733942237660165,(Sibynophis-bivittatus_KU309608,(Thamnophis-sirtalis,Thamnophis-elegans)0.95:0.9808292530117262)0.68:0.29739088657874185)0.77:0.3774520718804905,(Thermophis-baileyi,Dipsas-indica_KU215336)0.56:0.13613217432458005)0.98:1.1700712526502548)0.84:0.5108256237659905,(Myanophis-thanlyinensis,Cerberus-schneiderii_KU324534)0.95:0.9808292530117262)0.98:1.2039728043259361,(Vipera-berus,((Bothrops-jararaca,(Crotalus-horridus,(Crotalus-pyrrhus,(Crotalus-viridis,(Crotalus-adamanteus,Crotalus-tigris)0.53:0.09931820120186362)0.7:0.2876820724517809)0.75:0.35667494393873245)0.98:1.2039728043259361)0.98:1.2039728043259361,(Protobothrops-mucrosquamatus,Protobothrops-flavoviridis)0.98:1.2039728043259361)0.98:1.2039728043259361)0.98:1.2039728043259361)0.53:0.1053605156578264)0.87:0.6931471805599453)0.87:0.6931471805599453,(Python-molurus,Boa-constrictor)0.87:0.6931471805599453));
ASTRAL finished in 1.983 secs
Shutting down threading
