

================== ASTRAL ===================== 

This is ASTRAL version 5.15.5
Warning: 
 Fail to load native library libAstral.dylib; use Java default computing method without AVX2, which is 4X slower. 
 Make sure you are using the correct Djava.library.path (to the `lib` directory under ASTRAL where libAstral.dylib can be found). 
 Trying running make.sh. For mode debugging, run: java -Djava.library.path=lib/ -jar native_library_tester.jar
Gene trees are treated as unrooted
Detected GPU devices: 
Device 1 of 2: Apple M1 cl_device_id[0xffffffff] Vendor: Intel
Device 2 of 2: Apple M1 cl_device_id[0x1027f00] Vendor: Apple
Will use Device : Apple M1
Will use Device : Apple M1
Starting 8 threads ...
There are 8 threads used to run.
2 trees read from /dev/fd/11
All output trees will be *arbitrarily* rooted at Pseudoxyrhopus-tritaeniatus_KU340969

======== Running the main analysis
Number of taxa: 66 (66 species)
Taxa: [Pseudoxyrhopus-tritaeniatus_KU340969, Pseudaspis-cana_MCZA27068, Psammophis-sibilans_RAX2053, Rhamphiophis-oxyrhynchus_KU290451, Prosymna-visseri_MCZR190223, Aparallactus-capensis_MCZA28808, Oxyrhabdium-modestum_KU310866, Oxyrhabdium-cfmodestum_KU338101, Oxyrhabdium-leporinum_KU346583, Levitonius-mirus_KU337269, Myersophis-alpestris_KU308684, Cyclocorus-lineatus_KU335808, Hologerrhum-philippinum_KU330752, Sibynophis-bivittatus_KU309608, Ahaetulla-prasina_KU323364, Scolecophis-atrocinctus_KU289804, Tantilla-taeniata_KU289863, Ptyas-mucosa, Boiga-irregularis_KU345021, Pantherophis-guttatus, Pantherophis-obsoletus, Pituophis-catenifer, Pseudoxenodon-sp_KU312221, Grayia-smythii_KU341872, Thermophis-baileyi, Calamaria-gervaisii_KU327406, Dipsas-indica_KU215336, Thamnophis-sirtalis, Thamnophis-elegans, Achalinus-spinalis_KU312258, Acrochordus-granulatus_KU302952, Python-molurus, Boa-constrictor, Aplopeltura-boa_KU315147, Crotalus-pyrrhus, Crotalus-adamanteus, Crotalus-tigris, Crotalus-viridis, Crotalus-horridus, Bothrops-jararaca, Protobothrops-mucrosquamatus, Protobothrops-flavoviridis, Vipera-berus, Cerberus-schneiderii_KU324534, Myanophis-thanlyinensis, Psammodynastes-pulverulentus_KU328547, Psammodynastes-pulverulentus_KU329686, Hemibungarus-mcclungi_KU303027, Naja-naja, Ophiophagus-hannah, Elapsoidea-sundevallii_MCZR190390, Hydrophis-curtus, Hydrophis-hardwickii, Hydrophis-cyanocinctus, Emydocephalus-ijimae, Notechis-scutatus, Pseudonaja-textilis, Laticauda-colubrina, Laticauda-laticaudata, Micrurus-corallinus_KU289205, Micrelaps-sp_TauM16738, Buhoma-depressiceps_CFS1528, Chamaelycus-fasciatus_KU348632, Lamprophis-lineatus_EBG706, Hydrophis-melanocephalus, Chrysopelea-ornata]
Taxon occupancy: {Protobothrops-flavoviridis=2, Hologerrhum-philippinum_KU330752=2, Thamnophis-sirtalis=2, Hydrophis-hardwickii=2, Psammophis-sibilans_RAX2053=2, Crotalus-pyrrhus=2, Bothrops-jararaca=2, Elapsoidea-sundevallii_MCZR190390=2, Notechis-scutatus=2, Levitonius-mirus_KU337269=2, Buhoma-depressiceps_CFS1528=2, Ophiophagus-hannah=2, Scolecophis-atrocinctus_KU289804=2, Ptyas-mucosa=2, Calamaria-gervaisii_KU327406=2, Boiga-irregularis_KU345021=2, Aparallactus-capensis_MCZA28808=2, Myanophis-thanlyinensis=2, Ahaetulla-prasina_KU323364=2, Python-molurus=2, Pseudaspis-cana_MCZA27068=2, Psammodynastes-pulverulentus_KU328547=2, Rhamphiophis-oxyrhynchus_KU290451=2, Crotalus-tigris=2, Pantherophis-obsoletus=2, Protobothrops-mucrosquamatus=2, Vipera-berus=2, Chrysopelea-ornata=1, Thamnophis-elegans=2, Laticauda-laticaudata=2, Myersophis-alpestris_KU308684=2, Oxyrhabdium-leporinum_KU346583=2, Acrochordus-granulatus_KU302952=2, Cyclocorus-lineatus_KU335808=2, Oxyrhabdium-cfmodestum_KU338101=2, Tantilla-taeniata_KU289863=2, Grayia-smythii_KU341872=2, Crotalus-viridis=2, Crotalus-adamanteus=2, Pseudoxyrhopus-tritaeniatus_KU340969=2, Dipsas-indica_KU215336=2, Oxyrhabdium-modestum_KU310866=2, Emydocephalus-ijimae=2, Pantherophis-guttatus=2, Sibynophis-bivittatus_KU309608=2, Aplopeltura-boa_KU315147=2, Thermophis-baileyi=2, Pituophis-catenifer=1, Lamprophis-lineatus_EBG706=2, Hydrophis-curtus=2, Pseudoxenodon-sp_KU312221=2, Hemibungarus-mcclungi_KU303027=2, Pseudonaja-textilis=2, Chamaelycus-fasciatus_KU348632=2, Laticauda-colubrina=2, Crotalus-horridus=2, Boa-constrictor=2, Micrurus-corallinus_KU289205=2, Psammodynastes-pulverulentus_KU329686=2, Achalinus-spinalis_KU312258=1, Hydrophis-melanocephalus=1, Micrelaps-sp_TauM16738=2, Prosymna-visseri_MCZR190223=1, Naja-naja=2, Hydrophis-cyanocinctus=2, Cerberus-schneiderii_KU324534=2}
Using polytree-based weight calculation.
Number of gene trees: 2
2 trees have missing taxa
Calculating distance matrix (for completion of X) ....with 4 distance matrices for parallellism
Species tree distances calculated ...

Will attempt to complete bipartitions from X before adding using a distance matrix.
Building set of clusters (X) from gene trees 
------------------------------
Number of Clusters after addition from gene trees: 327
Number of Clusters after addition by distance: 327
Adding to X using resolutions of greedy consensus ...

Computing greedy consensus  
took 0 seconds
Limit for sigma of degrees:1700

polytomy size limit : > 4
 [4, 4, 4, 4, 4, 4, 4]
discarded polytomies: 
Threshold 0.0:
polytomy of size 4; rounds with additions with at least 5 support: 0; clusters: 347
Threshold 0.01:
polytomy of size 4; rounds with additions with at least 5 support: 0; clusters: 347
Threshold 0.02:
polytomy of size 4; rounds with additions with at least 5 support: 0; clusters: 347
Threshold 0.05:
polytomy of size 4; rounds with additions with at least 5 support: 0; clusters: 345
Threshold 0.1:
polytomy of size 4; rounds with additions with at least 5 support: 0; clusters: 347
Threshold 0.2:
polytomy of size 4; rounds with additions with at least 5 support: 0; clusters: 347
Threshold 0.3333333333333333:
polytomy of size 4; rounds with additions with at least 5 support: 0; clusters: 347
Number of Clusters after addition by greedy: 347
partitions formed in 0.496 secs
Dynamic Programming starting after 0.496 secs
Polytree max score: 1231041
Polytree building time: 0.005 seconds.
Fail to load native library libAstral.dylib; use Java default computing method.
Number of quartet trees in the gene trees: 1231041
Computing hash values took 0 seconds
device length is: 2
TREE HEIGHT IS: 9
Size of largest cluster: 66
Size of largest cluster: 66
Finishing up:161 0 160
Total Number of elements: 160
Normalized score (portion of input quartet trees satisfied before correcting for multiple individuals): 0.9397704869293549
Final optimization score: 1156896
Optimal tree inferred in 1.803 secs.
Weight calculation using polytrees cumulatively took 0.0 secs
(Pseudoxyrhopus-tritaeniatus_KU340969,((Buhoma-depressiceps_CFS1528,((Micrelaps-sp_TauM16738,(((((((Pseudoxenodon-sp_KU312221,(Sibynophis-bivittatus_KU309608,(Thermophis-baileyi,((Grayia-smythii_KU341872,((Boiga-irregularis_KU345021,(Ptyas-mucosa,(Scolecophis-atrocinctus_KU289804,Tantilla-taeniata_KU289863))),(Pantherophis-guttatus,(Pantherophis-obsoletus,Pituophis-catenifer)))),(Calamaria-gervaisii_KU327406,(Ahaetulla-prasina_KU323364,Chrysopelea-ornata)))))),(Dipsas-indica_KU215336,(Thamnophis-sirtalis,Thamnophis-elegans))),((Vipera-berus,((Bothrops-jararaca,(Crotalus-horridus,(Crotalus-viridis,(Crotalus-pyrrhus,(Crotalus-adamanteus,Crotalus-tigris))))),(Protobothrops-mucrosquamatus,Protobothrops-flavoviridis))),(Aplopeltura-boa_KU315147,(Achalinus-spinalis_KU312258,(Acrochordus-granulatus_KU302952,(Python-molurus,Boa-constrictor)))))),(Cerberus-schneiderii_KU324534,Myanophis-thanlyinensis)),((Myersophis-alpestris_KU308684,(Levitonius-mirus_KU337269,(Oxyrhabdium-leporinum_KU346583,(Oxyrhabdium-modestum_KU310866,Oxyrhabdium-cfmodestum_KU338101)))),(Cyclocorus-lineatus_KU335808,Hologerrhum-philippinum_KU330752))),(Psammodynastes-pulverulentus_KU328547,Psammodynastes-pulverulentus_KU329686)),(Micrurus-corallinus_KU289205,((Naja-naja,(Elapsoidea-sundevallii_MCZR190390,((Pseudonaja-textilis,(Notechis-scutatus,(Emydocephalus-ijimae,(Hydrophis-cyanocinctus,(Hydrophis-melanocephalus,(Hydrophis-curtus,Hydrophis-hardwickii)))))),(Laticauda-colubrina,Laticauda-laticaudata)))),(Hemibungarus-mcclungi_KU303027,Ophiophagus-hannah))))),(Aparallactus-capensis_MCZA28808,(Pseudaspis-cana_MCZA27068,(Prosymna-visseri_MCZR190223,(Psammophis-sibilans_RAX2053,Rhamphiophis-oxyrhynchus_KU290451)))))),(Chamaelycus-fasciatus_KU348632,Lamprophis-lineatus_EBG706)));
Final quartet score is: 1151790
Final normalized quartet score is: 0.9356227777953781
You may want to ignore posterior probabilities and other statistics related to the following branch branch because the effective number of genes impacting it is only 2:
	{Pantherophis-guttatus, Pantherophis-obsoletus, Pituophis-catenifer}
You may want to ignore posterior probabilities and other statistics related to the following branch branch because the effective number of genes impacting it is only 2:
	{Scolecophis-atrocinctus_KU289804, Tantilla-taeniata_KU289863, Ptyas-mucosa}
You may want to ignore posterior probabilities and other statistics related to the following branch branch because the effective number of genes impacting it is only 2:
	{Scolecophis-atrocinctus_KU289804, Tantilla-taeniata_KU289863, Ptyas-mucosa, Boiga-irregularis_KU345021, Pantherophis-guttatus, Pantherophis-obsoletus, Pituophis-catenifer}
You may want to ignore posterior probabilities and other statistics related to the following branch branch because the effective number of genes impacting it is only 1:
	{Ahaetulla-prasina_KU323364, Chrysopelea-ornata}
You may want to ignore posterior probabilities and other statistics related to the following branch branch because the effective number of genes impacting it is only 2:
	{Scolecophis-atrocinctus_KU289804, Tantilla-taeniata_KU289863, Ptyas-mucosa, Boiga-irregularis_KU345021}
You may want to ignore posterior probabilities and other statistics related to the following branch branch because the effective number of genes impacting it is only 1:
	{Pantherophis-obsoletus, Pituophis-catenifer}
You may want to ignore posterior probabilities and other statistics related to the following branch branch because the effective number of genes impacting it is only 2:
	{Scolecophis-atrocinctus_KU289804, Tantilla-taeniata_KU289863, Ptyas-mucosa, Boiga-irregularis_KU345021, Pantherophis-guttatus, Pantherophis-obsoletus, Pituophis-catenifer, Grayia-smythii_KU341872}
You may want to ignore posterior probabilities and other statistics related to the following branch branch because the effective number of genes impacting it is only 2:
	{Scolecophis-atrocinctus_KU289804, Tantilla-taeniata_KU289863}
You may want to ignore posterior probabilities and other statistics related to the following branch branch because the effective number of genes impacting it is only 2:
	{Ahaetulla-prasina_KU323364, Scolecophis-atrocinctus_KU289804, Tantilla-taeniata_KU289863, Ptyas-mucosa, Boiga-irregularis_KU345021, Pantherophis-guttatus, Pantherophis-obsoletus, Pituophis-catenifer, Grayia-smythii_KU341872, Calamaria-gervaisii_KU327406, Chrysopelea-ornata}
You may want to ignore posterior probabilities and other statistics related to the following branch branch because the effective number of genes impacting it is only 2:
	{Sibynophis-bivittatus_KU309608, Ahaetulla-prasina_KU323364, Scolecophis-atrocinctus_KU289804, Tantilla-taeniata_KU289863, Ptyas-mucosa, Boiga-irregularis_KU345021, Pantherophis-guttatus, Pantherophis-obsoletus, Pituophis-catenifer, Pseudoxenodon-sp_KU312221, Grayia-smythii_KU341872, Thermophis-baileyi, Calamaria-gervaisii_KU327406, Chrysopelea-ornata}
You may want to ignore posterior probabilities and other statistics related to the following branch branch because the effective number of genes impacting it is only 2:
	{Ahaetulla-prasina_KU323364, Scolecophis-atrocinctus_KU289804, Tantilla-taeniata_KU289863, Ptyas-mucosa, Boiga-irregularis_KU345021, Pantherophis-guttatus, Pantherophis-obsoletus, Pituophis-catenifer, Grayia-smythii_KU341872, Thermophis-baileyi, Calamaria-gervaisii_KU327406, Chrysopelea-ornata}
You may want to ignore posterior probabilities and other statistics related to the following branch branch because the effective number of genes impacting it is only 2:
	{Sibynophis-bivittatus_KU309608, Ahaetulla-prasina_KU323364, Scolecophis-atrocinctus_KU289804, Tantilla-taeniata_KU289863, Ptyas-mucosa, Boiga-irregularis_KU345021, Pantherophis-guttatus, Pantherophis-obsoletus, Pituophis-catenifer, Grayia-smythii_KU341872, Thermophis-baileyi, Calamaria-gervaisii_KU327406, Chrysopelea-ornata}
You may want to ignore posterior probabilities and other statistics related to the following branch branch because the effective number of genes impacting it is only 2:
	{Thamnophis-sirtalis, Thamnophis-elegans}
You may want to ignore posterior probabilities and other statistics related to the following branch branch because the effective number of genes impacting it is only 2:
	{Dipsas-indica_KU215336, Thamnophis-sirtalis, Thamnophis-elegans}
You may want to ignore posterior probabilities and other statistics related to the following branch branch because the effective number of genes impacting it is only 2:
	{Crotalus-pyrrhus, Crotalus-adamanteus, Crotalus-tigris}
You may want to ignore posterior probabilities and other statistics related to the following branch branch because the effective number of genes impacting it is only 2:
	{Sibynophis-bivittatus_KU309608, Ahaetulla-prasina_KU323364, Scolecophis-atrocinctus_KU289804, Tantilla-taeniata_KU289863, Ptyas-mucosa, Boiga-irregularis_KU345021, Pantherophis-guttatus, Pantherophis-obsoletus, Pituophis-catenifer, Pseudoxenodon-sp_KU312221, Grayia-smythii_KU341872, Thermophis-baileyi, Calamaria-gervaisii_KU327406, Dipsas-indica_KU215336, Thamnophis-sirtalis, Thamnophis-elegans, Chrysopelea-ornata}
You may want to ignore posterior probabilities and other statistics related to the following branch branch because the effective number of genes impacting it is only 2:
	{Crotalus-pyrrhus, Crotalus-adamanteus, Crotalus-tigris, Crotalus-viridis}
You may want to ignore posterior probabilities and other statistics related to the following branch branch because the effective number of genes impacting it is only 2:
	{Crotalus-pyrrhus, Crotalus-adamanteus, Crotalus-tigris, Crotalus-viridis, Crotalus-horridus, Bothrops-jararaca, Protobothrops-mucrosquamatus, Protobothrops-flavoviridis}
You may want to ignore posterior probabilities and other statistics related to the following branch branch because the effective number of genes impacting it is only 2:
	{Crotalus-adamanteus, Crotalus-tigris}
You may want to ignore posterior probabilities and other statistics related to the following branch branch because the effective number of genes impacting it is only 2:
	{Python-molurus, Boa-constrictor}
You may want to ignore posterior probabilities and other statistics related to the following branch branch because the effective number of genes impacting it is only 1:
	{Acrochordus-granulatus_KU302952, Python-molurus, Boa-constrictor}
You may want to ignore posterior probabilities and other statistics related to the following branch branch because the effective number of genes impacting it is only 2:
	{Crotalus-pyrrhus, Crotalus-adamanteus, Crotalus-tigris, Crotalus-viridis, Crotalus-horridus, Bothrops-jararaca}
You may want to ignore posterior probabilities and other statistics related to the following branch branch because the effective number of genes impacting it is only 2:
	{Achalinus-spinalis_KU312258, Acrochordus-granulatus_KU302952, Python-molurus, Boa-constrictor, Aplopeltura-boa_KU315147}
You may want to ignore posterior probabilities and other statistics related to the following branch branch because the effective number of genes impacting it is only 1:
	{Achalinus-spinalis_KU312258, Acrochordus-granulatus_KU302952, Python-molurus, Boa-constrictor}
You may want to ignore posterior probabilities and other statistics related to the following branch branch because the effective number of genes impacting it is only 2:
	{Achalinus-spinalis_KU312258, Acrochordus-granulatus_KU302952, Python-molurus, Boa-constrictor, Aplopeltura-boa_KU315147, Crotalus-pyrrhus, Crotalus-adamanteus, Crotalus-tigris, Crotalus-viridis, Crotalus-horridus, Bothrops-jararaca, Protobothrops-mucrosquamatus, Protobothrops-flavoviridis, Vipera-berus}
You may want to ignore posterior probabilities and other statistics related to the following branch branch because the effective number of genes impacting it is only 2:
	{Sibynophis-bivittatus_KU309608, Ahaetulla-prasina_KU323364, Scolecophis-atrocinctus_KU289804, Tantilla-taeniata_KU289863, Ptyas-mucosa, Boiga-irregularis_KU345021, Pantherophis-guttatus, Pantherophis-obsoletus, Pituophis-catenifer, Pseudoxenodon-sp_KU312221, Grayia-smythii_KU341872, Thermophis-baileyi, Calamaria-gervaisii_KU327406, Dipsas-indica_KU215336, Thamnophis-sirtalis, Thamnophis-elegans, Achalinus-spinalis_KU312258, Acrochordus-granulatus_KU302952, Python-molurus, Boa-constrictor, Aplopeltura-boa_KU315147, Crotalus-pyrrhus, Crotalus-adamanteus, Crotalus-tigris, Crotalus-viridis, Crotalus-horridus, Bothrops-jararaca, Protobothrops-mucrosquamatus, Protobothrops-flavoviridis, Vipera-berus, Chrysopelea-ornata}
You may want to ignore posterior probabilities and other statistics related to the following branch branch because the effective number of genes impacting it is only 2:
	{Sibynophis-bivittatus_KU309608, Ahaetulla-prasina_KU323364, Scolecophis-atrocinctus_KU289804, Tantilla-taeniata_KU289863, Ptyas-mucosa, Boiga-irregularis_KU345021, Pantherophis-guttatus, Pantherophis-obsoletus, Pituophis-catenifer, Pseudoxenodon-sp_KU312221, Grayia-smythii_KU341872, Thermophis-baileyi, Calamaria-gervaisii_KU327406, Dipsas-indica_KU215336, Thamnophis-sirtalis, Thamnophis-elegans, Achalinus-spinalis_KU312258, Acrochordus-granulatus_KU302952, Python-molurus, Boa-constrictor, Aplopeltura-boa_KU315147, Crotalus-pyrrhus, Crotalus-adamanteus, Crotalus-tigris, Crotalus-viridis, Crotalus-horridus, Bothrops-jararaca, Protobothrops-mucrosquamatus, Protobothrops-flavoviridis, Vipera-berus, Cerberus-schneiderii_KU324534, Myanophis-thanlyinensis, Chrysopelea-ornata}
You may want to ignore posterior probabilities and other statistics related to the following branch branch because the effective number of genes impacting it is only 2:
	{Crotalus-pyrrhus, Crotalus-adamanteus, Crotalus-tigris, Crotalus-viridis, Crotalus-horridus}
You may want to ignore posterior probabilities and other statistics related to the following branch branch because the effective number of genes impacting it is only 2:
	{Crotalus-pyrrhus, Crotalus-adamanteus, Crotalus-tigris, Crotalus-viridis, Crotalus-horridus, Bothrops-jararaca, Protobothrops-mucrosquamatus, Protobothrops-flavoviridis, Vipera-berus}
You may want to ignore posterior probabilities and other statistics related to the following branch branch because the effective number of genes impacting it is only 2:
	{Oxyrhabdium-modestum_KU310866, Oxyrhabdium-cfmodestum_KU338101}
You may want to ignore posterior probabilities and other statistics related to the following branch branch because the effective number of genes impacting it is only 2:
	{Oxyrhabdium-modestum_KU310866, Oxyrhabdium-cfmodestum_KU338101, Oxyrhabdium-leporinum_KU346583}
You may want to ignore posterior probabilities and other statistics related to the following branch branch because the effective number of genes impacting it is only 2:
	{Oxyrhabdium-modestum_KU310866, Oxyrhabdium-cfmodestum_KU338101, Oxyrhabdium-leporinum_KU346583, Levitonius-mirus_KU337269}
You may want to ignore posterior probabilities and other statistics related to the following branch branch because the effective number of genes impacting it is only 2:
	{Cerberus-schneiderii_KU324534, Myanophis-thanlyinensis}
You may want to ignore posterior probabilities and other statistics related to the following branch branch because the effective number of genes impacting it is only 2:
	{Cyclocorus-lineatus_KU335808, Hologerrhum-philippinum_KU330752}
You may want to ignore posterior probabilities and other statistics related to the following branch branch because the effective number of genes impacting it is only 2:
	{Oxyrhabdium-modestum_KU310866, Oxyrhabdium-cfmodestum_KU338101, Oxyrhabdium-leporinum_KU346583, Levitonius-mirus_KU337269, Myersophis-alpestris_KU308684, Cyclocorus-lineatus_KU335808, Hologerrhum-philippinum_KU330752}
You may want to ignore posterior probabilities and other statistics related to the following branch branch because the effective number of genes impacting it is only 2:
	{Oxyrhabdium-modestum_KU310866, Oxyrhabdium-cfmodestum_KU338101, Oxyrhabdium-leporinum_KU346583, Levitonius-mirus_KU337269, Myersophis-alpestris_KU308684, Cyclocorus-lineatus_KU335808, Hologerrhum-philippinum_KU330752, Sibynophis-bivittatus_KU309608, Ahaetulla-prasina_KU323364, Scolecophis-atrocinctus_KU289804, Tantilla-taeniata_KU289863, Ptyas-mucosa, Boiga-irregularis_KU345021, Pantherophis-guttatus, Pantherophis-obsoletus, Pituophis-catenifer, Pseudoxenodon-sp_KU312221, Grayia-smythii_KU341872, Thermophis-baileyi, Calamaria-gervaisii_KU327406, Dipsas-indica_KU215336, Thamnophis-sirtalis, Thamnophis-elegans, Achalinus-spinalis_KU312258, Acrochordus-granulatus_KU302952, Python-molurus, Boa-constrictor, Aplopeltura-boa_KU315147, Crotalus-pyrrhus, Crotalus-adamanteus, Crotalus-tigris, Crotalus-viridis, Crotalus-horridus, Bothrops-jararaca, Protobothrops-mucrosquamatus, Protobothrops-flavoviridis, Vipera-berus, Cerberus-schneiderii_KU324534, Myanophis-thanlyinensis, Chrysopelea-ornata}
You may want to ignore posterior probabilities and other statistics related to the following branch branch because the effective number of genes impacting it is only 1:
	{Hydrophis-curtus, Hydrophis-hardwickii}
You may want to ignore posterior probabilities and other statistics related to the following branch branch because the effective number of genes impacting it is only 2:
	{Oxyrhabdium-modestum_KU310866, Oxyrhabdium-cfmodestum_KU338101, Oxyrhabdium-leporinum_KU346583, Levitonius-mirus_KU337269, Myersophis-alpestris_KU308684, Cyclocorus-lineatus_KU335808, Hologerrhum-philippinum_KU330752, Sibynophis-bivittatus_KU309608, Ahaetulla-prasina_KU323364, Scolecophis-atrocinctus_KU289804, Tantilla-taeniata_KU289863, Ptyas-mucosa, Boiga-irregularis_KU345021, Pantherophis-guttatus, Pantherophis-obsoletus, Pituophis-catenifer, Pseudoxenodon-sp_KU312221, Grayia-smythii_KU341872, Thermophis-baileyi, Calamaria-gervaisii_KU327406, Dipsas-indica_KU215336, Thamnophis-sirtalis, Thamnophis-elegans, Achalinus-spinalis_KU312258, Acrochordus-granulatus_KU302952, Python-molurus, Boa-constrictor, Aplopeltura-boa_KU315147, Crotalus-pyrrhus, Crotalus-adamanteus, Crotalus-tigris, Crotalus-viridis, Crotalus-horridus, Bothrops-jararaca, Protobothrops-mucrosquamatus, Protobothrops-flavoviridis, Vipera-berus, Cerberus-schneiderii_KU324534, Myanophis-thanlyinensis, Psammodynastes-pulverulentus_KU328547, Psammodynastes-pulverulentus_KU329686, Chrysopelea-ornata}
You may want to ignore posterior probabilities and other statistics related to the following branch branch because the effective number of genes impacting it is only 1:
	{Hydrophis-curtus, Hydrophis-hardwickii, Hydrophis-melanocephalus}
You may want to ignore posterior probabilities and other statistics related to the following branch branch because the effective number of genes impacting it is only 2:
	{Oxyrhabdium-modestum_KU310866, Oxyrhabdium-cfmodestum_KU338101, Oxyrhabdium-leporinum_KU346583, Levitonius-mirus_KU337269, Myersophis-alpestris_KU308684}
You may want to ignore posterior probabilities and other statistics related to the following branch branch because the effective number of genes impacting it is only 2:
	{Protobothrops-mucrosquamatus, Protobothrops-flavoviridis}
You may want to ignore posterior probabilities and other statistics related to the following branch branch because the effective number of genes impacting it is only 2:
	{Hydrophis-curtus, Hydrophis-hardwickii, Hydrophis-cyanocinctus, Emydocephalus-ijimae, Hydrophis-melanocephalus}
You may want to ignore posterior probabilities and other statistics related to the following branch branch because the effective number of genes impacting it is only 2:
	{Hydrophis-curtus, Hydrophis-hardwickii, Hydrophis-cyanocinctus, Emydocephalus-ijimae, Notechis-scutatus, Hydrophis-melanocephalus}
You may want to ignore posterior probabilities and other statistics related to the following branch branch because the effective number of genes impacting it is only 2:
	{Laticauda-colubrina, Laticauda-laticaudata}
You may want to ignore posterior probabilities and other statistics related to the following branch branch because the effective number of genes impacting it is only 2:
	{Psammodynastes-pulverulentus_KU328547, Psammodynastes-pulverulentus_KU329686}
You may want to ignore posterior probabilities and other statistics related to the following branch branch because the effective number of genes impacting it is only 2:
	{Hydrophis-curtus, Hydrophis-hardwickii, Hydrophis-cyanocinctus, Emydocephalus-ijimae, Notechis-scutatus, Pseudonaja-textilis, Laticauda-colubrina, Laticauda-laticaudata, Hydrophis-melanocephalus}
You may want to ignore posterior probabilities and other statistics related to the following branch branch because the effective number of genes impacting it is only 2:
	{Elapsoidea-sundevallii_MCZR190390, Hydrophis-curtus, Hydrophis-hardwickii, Hydrophis-cyanocinctus, Emydocephalus-ijimae, Notechis-scutatus, Pseudonaja-textilis, Laticauda-colubrina, Laticauda-laticaudata, Hydrophis-melanocephalus}
You may want to ignore posterior probabilities and other statistics related to the following branch branch because the effective number of genes impacting it is only 2:
	{Naja-naja, Elapsoidea-sundevallii_MCZR190390, Hydrophis-curtus, Hydrophis-hardwickii, Hydrophis-cyanocinctus, Emydocephalus-ijimae, Notechis-scutatus, Pseudonaja-textilis, Laticauda-colubrina, Laticauda-laticaudata, Hydrophis-melanocephalus}
You may want to ignore posterior probabilities and other statistics related to the following branch branch because the effective number of genes impacting it is only 2:
	{Hemibungarus-mcclungi_KU303027, Naja-naja, Ophiophagus-hannah, Elapsoidea-sundevallii_MCZR190390, Hydrophis-curtus, Hydrophis-hardwickii, Hydrophis-cyanocinctus, Emydocephalus-ijimae, Notechis-scutatus, Pseudonaja-textilis, Laticauda-colubrina, Laticauda-laticaudata, Hydrophis-melanocephalus}
You may want to ignore posterior probabilities and other statistics related to the following branch branch because the effective number of genes impacting it is only 2:
	{Hemibungarus-mcclungi_KU303027, Naja-naja, Ophiophagus-hannah, Elapsoidea-sundevallii_MCZR190390, Hydrophis-curtus, Hydrophis-hardwickii, Hydrophis-cyanocinctus, Emydocephalus-ijimae, Notechis-scutatus, Pseudonaja-textilis, Laticauda-colubrina, Laticauda-laticaudata, Micrurus-corallinus_KU289205, Hydrophis-melanocephalus}
You may want to ignore posterior probabilities and other statistics related to the following branch branch because the effective number of genes impacting it is only 2:
	{Hemibungarus-mcclungi_KU303027, Ophiophagus-hannah}
You may want to ignore posterior probabilities and other statistics related to the following branch branch because the effective number of genes impacting it is only 2:
	{Hydrophis-curtus, Hydrophis-hardwickii, Hydrophis-cyanocinctus, Hydrophis-melanocephalus}
You may want to ignore posterior probabilities and other statistics related to the following branch branch because the effective number of genes impacting it is only 1:
	{Psammophis-sibilans_RAX2053, Rhamphiophis-oxyrhynchus_KU290451}
You may want to ignore posterior probabilities and other statistics related to the following branch branch because the effective number of genes impacting it is only 2:
	{Ahaetulla-prasina_KU323364, Calamaria-gervaisii_KU327406, Chrysopelea-ornata}
You may want to ignore posterior probabilities and other statistics related to the following branch branch because the effective number of genes impacting it is only 2:
	{Oxyrhabdium-modestum_KU310866, Oxyrhabdium-cfmodestum_KU338101, Oxyrhabdium-leporinum_KU346583, Levitonius-mirus_KU337269, Myersophis-alpestris_KU308684, Cyclocorus-lineatus_KU335808, Hologerrhum-philippinum_KU330752, Sibynophis-bivittatus_KU309608, Ahaetulla-prasina_KU323364, Scolecophis-atrocinctus_KU289804, Tantilla-taeniata_KU289863, Ptyas-mucosa, Boiga-irregularis_KU345021, Pantherophis-guttatus, Pantherophis-obsoletus, Pituophis-catenifer, Pseudoxenodon-sp_KU312221, Grayia-smythii_KU341872, Thermophis-baileyi, Calamaria-gervaisii_KU327406, Dipsas-indica_KU215336, Thamnophis-sirtalis, Thamnophis-elegans, Achalinus-spinalis_KU312258, Acrochordus-granulatus_KU302952, Python-molurus, Boa-constrictor, Aplopeltura-boa_KU315147, Crotalus-pyrrhus, Crotalus-adamanteus, Crotalus-tigris, Crotalus-viridis, Crotalus-horridus, Bothrops-jararaca, Protobothrops-mucrosquamatus, Protobothrops-flavoviridis, Vipera-berus, Cerberus-schneiderii_KU324534, Myanophis-thanlyinensis, Psammodynastes-pulverulentus_KU328547, Psammodynastes-pulverulentus_KU329686, Hemibungarus-mcclungi_KU303027, Naja-naja, Ophiophagus-hannah, Elapsoidea-sundevallii_MCZR190390, Hydrophis-curtus, Hydrophis-hardwickii, Hydrophis-cyanocinctus, Emydocephalus-ijimae, Notechis-scutatus, Pseudonaja-textilis, Laticauda-colubrina, Laticauda-laticaudata, Micrurus-corallinus_KU289205, Micrelaps-sp_TauM16738, Hydrophis-melanocephalus, Chrysopelea-ornata}
You may want to ignore posterior probabilities and other statistics related to the following branch branch because the effective number of genes impacting it is only 2:
	{Pseudaspis-cana_MCZA27068, Psammophis-sibilans_RAX2053, Rhamphiophis-oxyrhynchus_KU290451, Prosymna-visseri_MCZR190223}
You may want to ignore posterior probabilities and other statistics related to the following branch branch because the effective number of genes impacting it is only 2:
	{Hydrophis-curtus, Hydrophis-hardwickii, Hydrophis-cyanocinctus, Emydocephalus-ijimae, Notechis-scutatus, Pseudonaja-textilis, Hydrophis-melanocephalus}
You may want to ignore posterior probabilities and other statistics related to the following branch branch because the effective number of genes impacting it is only 2:
	{Pseudaspis-cana_MCZA27068, Psammophis-sibilans_RAX2053, Rhamphiophis-oxyrhynchus_KU290451, Prosymna-visseri_MCZR190223, Aparallactus-capensis_MCZA28808, Oxyrhabdium-modestum_KU310866, Oxyrhabdium-cfmodestum_KU338101, Oxyrhabdium-leporinum_KU346583, Levitonius-mirus_KU337269, Myersophis-alpestris_KU308684, Cyclocorus-lineatus_KU335808, Hologerrhum-philippinum_KU330752, Sibynophis-bivittatus_KU309608, Ahaetulla-prasina_KU323364, Scolecophis-atrocinctus_KU289804, Tantilla-taeniata_KU289863, Ptyas-mucosa, Boiga-irregularis_KU345021, Pantherophis-guttatus, Pantherophis-obsoletus, Pituophis-catenifer, Pseudoxenodon-sp_KU312221, Grayia-smythii_KU341872, Thermophis-baileyi, Calamaria-gervaisii_KU327406, Dipsas-indica_KU215336, Thamnophis-sirtalis, Thamnophis-elegans, Achalinus-spinalis_KU312258, Acrochordus-granulatus_KU302952, Python-molurus, Boa-constrictor, Aplopeltura-boa_KU315147, Crotalus-pyrrhus, Crotalus-adamanteus, Crotalus-tigris, Crotalus-viridis, Crotalus-horridus, Bothrops-jararaca, Protobothrops-mucrosquamatus, Protobothrops-flavoviridis, Vipera-berus, Cerberus-schneiderii_KU324534, Myanophis-thanlyinensis, Psammodynastes-pulverulentus_KU328547, Psammodynastes-pulverulentus_KU329686, Hemibungarus-mcclungi_KU303027, Naja-naja, Ophiophagus-hannah, Elapsoidea-sundevallii_MCZR190390, Hydrophis-curtus, Hydrophis-hardwickii, Hydrophis-cyanocinctus, Emydocephalus-ijimae, Notechis-scutatus, Pseudonaja-textilis, Laticauda-colubrina, Laticauda-laticaudata, Micrurus-corallinus_KU289205, Micrelaps-sp_TauM16738, Buhoma-depressiceps_CFS1528, Hydrophis-melanocephalus, Chrysopelea-ornata}
You may want to ignore posterior probabilities and other statistics related to the following branch branch because the effective number of genes impacting it is only 2:
	{Pseudaspis-cana_MCZA27068, Psammophis-sibilans_RAX2053, Rhamphiophis-oxyrhynchus_KU290451, Prosymna-visseri_MCZR190223, Aparallactus-capensis_MCZA28808}
You may want to ignore posterior probabilities and other statistics related to the following branch branch because the effective number of genes impacting it is only 1:
	{Psammophis-sibilans_RAX2053, Rhamphiophis-oxyrhynchus_KU290451, Prosymna-visseri_MCZR190223}
You may want to ignore posterior probabilities and other statistics related to the following branch branch because the effective number of genes impacting it is only 2:
	{Pseudaspis-cana_MCZA27068, Psammophis-sibilans_RAX2053, Rhamphiophis-oxyrhynchus_KU290451, Prosymna-visseri_MCZR190223, Aparallactus-capensis_MCZA28808, Oxyrhabdium-modestum_KU310866, Oxyrhabdium-cfmodestum_KU338101, Oxyrhabdium-leporinum_KU346583, Levitonius-mirus_KU337269, Myersophis-alpestris_KU308684, Cyclocorus-lineatus_KU335808, Hologerrhum-philippinum_KU330752, Sibynophis-bivittatus_KU309608, Ahaetulla-prasina_KU323364, Scolecophis-atrocinctus_KU289804, Tantilla-taeniata_KU289863, Ptyas-mucosa, Boiga-irregularis_KU345021, Pantherophis-guttatus, Pantherophis-obsoletus, Pituophis-catenifer, Pseudoxenodon-sp_KU312221, Grayia-smythii_KU341872, Thermophis-baileyi, Calamaria-gervaisii_KU327406, Dipsas-indica_KU215336, Thamnophis-sirtalis, Thamnophis-elegans, Achalinus-spinalis_KU312258, Acrochordus-granulatus_KU302952, Python-molurus, Boa-constrictor, Aplopeltura-boa_KU315147, Crotalus-pyrrhus, Crotalus-adamanteus, Crotalus-tigris, Crotalus-viridis, Crotalus-horridus, Bothrops-jararaca, Protobothrops-mucrosquamatus, Protobothrops-flavoviridis, Vipera-berus, Cerberus-schneiderii_KU324534, Myanophis-thanlyinensis, Psammodynastes-pulverulentus_KU328547, Psammodynastes-pulverulentus_KU329686, Hemibungarus-mcclungi_KU303027, Naja-naja, Ophiophagus-hannah, Elapsoidea-sundevallii_MCZR190390, Hydrophis-curtus, Hydrophis-hardwickii, Hydrophis-cyanocinctus, Emydocephalus-ijimae, Notechis-scutatus, Pseudonaja-textilis, Laticauda-colubrina, Laticauda-laticaudata, Micrurus-corallinus_KU289205, Micrelaps-sp_TauM16738, Hydrophis-melanocephalus, Chrysopelea-ornata}
You may want to ignore posterior probabilities and other statistics related to the following branch branch because the effective number of genes impacting it is only 2:
	{Oxyrhabdium-modestum_KU310866, Oxyrhabdium-cfmodestum_KU338101, Oxyrhabdium-leporinum_KU346583, Levitonius-mirus_KU337269, Myersophis-alpestris_KU308684, Cyclocorus-lineatus_KU335808, Hologerrhum-philippinum_KU330752, Sibynophis-bivittatus_KU309608, Ahaetulla-prasina_KU323364, Scolecophis-atrocinctus_KU289804, Tantilla-taeniata_KU289863, Ptyas-mucosa, Boiga-irregularis_KU345021, Pantherophis-guttatus, Pantherophis-obsoletus, Pituophis-catenifer, Pseudoxenodon-sp_KU312221, Grayia-smythii_KU341872, Thermophis-baileyi, Calamaria-gervaisii_KU327406, Dipsas-indica_KU215336, Thamnophis-sirtalis, Thamnophis-elegans, Achalinus-spinalis_KU312258, Acrochordus-granulatus_KU302952, Python-molurus, Boa-constrictor, Aplopeltura-boa_KU315147, Crotalus-pyrrhus, Crotalus-adamanteus, Crotalus-tigris, Crotalus-viridis, Crotalus-horridus, Bothrops-jararaca, Protobothrops-mucrosquamatus, Protobothrops-flavoviridis, Vipera-berus, Cerberus-schneiderii_KU324534, Myanophis-thanlyinensis, Psammodynastes-pulverulentus_KU328547, Psammodynastes-pulverulentus_KU329686, Hemibungarus-mcclungi_KU303027, Naja-naja, Ophiophagus-hannah, Elapsoidea-sundevallii_MCZR190390, Hydrophis-curtus, Hydrophis-hardwickii, Hydrophis-cyanocinctus, Emydocephalus-ijimae, Notechis-scutatus, Pseudonaja-textilis, Laticauda-colubrina, Laticauda-laticaudata, Micrurus-corallinus_KU289205, Hydrophis-melanocephalus, Chrysopelea-ornata}
You may want to ignore posterior probabilities and other statistics related to the following branch branch because the effective number of genes impacting it is only 2:
	{Chamaelycus-fasciatus_KU348632, Lamprophis-lineatus_EBG706}
(Pseudoxyrhopus-tritaeniatus_KU340969,((Buhoma-depressiceps_CFS1528,((Micrelaps-sp_TauM16738,(((((((Pseudoxenodon-sp_KU312221,(Sibynophis-bivittatus_KU309608,(Thermophis-baileyi,((Grayia-smythii_KU341872,((Boiga-irregularis_KU345021,(Ptyas-mucosa,(Scolecophis-atrocinctus_KU289804,Tantilla-taeniata_KU289863)0.42:0.0)0.86:0.6763400622435641)0.42:0.0,(Pantherophis-guttatus,(Pantherophis-obsoletus,Pituophis-catenifer)0.67:0.2876820724517809)0.87:0.6931471805599453)0.87:0.6931471805599453)0.65:0.2693329337835843,(Calamaria-gervaisii_KU327406,(Ahaetulla-prasina_KU323364,Chrysopelea-ornata)0.67:0.2876820724517809)0.42:0.00115807772062782)0.64:0.24686007793152595)0.48:0.05230595270193681)0.45:0.0)0.87:0.6931471805599453,(Dipsas-indica_KU215336,(Thamnophis-sirtalis,Thamnophis-elegans)0.87:0.6931471805599453)0.42:0.0)0.74:0.4054651081081643,((Vipera-berus,((Bothrops-jararaca,(Crotalus-horridus,(Crotalus-viridis,(Crotalus-pyrrhus,(Crotalus-adamanteus,Crotalus-tigris)0.42:0.0)0.46:0.0)0.74:0.4054651081081643)0.87:0.6931471805599453)0.87:0.6931471805599453,(Protobothrops-mucrosquamatus,Protobothrops-flavoviridis)0.87:0.6931471805599453)0.87:0.6931471805599453)0.87:0.6931471805599453,(Aplopeltura-boa_KU315147,(Achalinus-spinalis_KU312258,(Acrochordus-granulatus_KU302952,(Python-molurus,Boa-constrictor)0.87:0.6931471805599453)0.67:0.2876820724517809)0.67:0.2876820724517809)0.87:0.6931471805599453)0.87:0.6931471805599453)0.45:0.031748698314580416,(Cerberus-schneiderii_KU324534,Myanophis-thanlyinensis)0.87:0.6931471805599453)0.87:0.6931471805599453,((Myersophis-alpestris_KU308684,(Levitonius-mirus_KU337269,(Oxyrhabdium-leporinum_KU346583,(Oxyrhabdium-modestum_KU310866,Oxyrhabdium-cfmodestum_KU338101)0.87:0.6931471805599453)0.87:0.6931471805599453)0.42:0.0)0.87:0.6931471805599453,(Cyclocorus-lineatus_KU335808,Hologerrhum-philippinum_KU330752)0.87:0.6931471805599453)0.87:0.6931471805599453)0.72:0.3629054936893685,(Psammodynastes-pulverulentus_KU328547,Psammodynastes-pulverulentus_KU329686)0.87:0.6931471805599453)0.42:0.0,(Micrurus-corallinus_KU289205,((Naja-naja,(Elapsoidea-sundevallii_MCZR190390,((Pseudonaja-textilis,(Notechis-scutatus,(Emydocephalus-ijimae,(Hydrophis-cyanocinctus,(Hydrophis-melanocephalus,(Hydrophis-curtus,Hydrophis-hardwickii)0.67:0.2876820724517809)0.67:0.2876820724517809)0.87:0.6931471805599453)0.87:0.6931471805599453)0.42:0.0)0.87:0.6931471805599453,(Laticauda-colubrina,Laticauda-laticaudata)0.87:0.6931471805599453)0.87:0.6931471805599453)0.44:0.01869213301215252)0.42:0.0,(Hemibungarus-mcclungi_KU303027,Ophiophagus-hannah)0.83:0.5978370007556204)0.87:0.6931471805599453)0.87:0.6931471805599453)0.87:0.6931471805599453)0.51:0.06453852113757118,(Aparallactus-capensis_MCZA28808,(Pseudaspis-cana_MCZA27068,(Prosymna-visseri_MCZR190223,(Psammophis-sibilans_RAX2053,Rhamphiophis-oxyrhynchus_KU290451)0.67:0.2876820724517809)0.67:0.2876820724517809)0.44:0.017094433359300183)0.52:0.08618527202732411)0.56:0.13613217432458005)0.44:0.025752496102414854,(Chamaelycus-fasciatus_KU348632,Lamprophis-lineatus_EBG706)0.87:0.6931471805599453));
ASTRAL finished in 2.006 secs
Shutting down threading
