

================== ASTRAL ===================== 

This is ASTRAL version 5.15.5
Warning: 
 Fail to load native library libAstral.dylib; use Java default computing method without AVX2, which is 4X slower. 
 Make sure you are using the correct Djava.library.path (to the `lib` directory under ASTRAL where libAstral.dylib can be found). 
 Trying running make.sh. For mode debugging, run: java -Djava.library.path=lib/ -jar native_library_tester.jar
Gene trees are treated as unrooted
Detected GPU devices: 
Device 1 of 2: Apple M1 cl_device_id[0xffffffff] Vendor: Intel
Device 2 of 2: Apple M1 cl_device_id[0x1027f00] Vendor: Apple
Will use Device : Apple M1
Will use Device : Apple M1
Starting 8 threads ...
There are 8 threads used to run.
69 trees read from /dev/fd/11
All output trees will be *arbitrarily* rooted at Acrochordus-granulatus_KU302952

======== Running the main analysis
Number of taxa: 66 (66 species)
Taxa: [Acrochordus-granulatus_KU302952, Scolecophis-atrocinctus_KU289804, Tantilla-taeniata_KU289863, Pantherophis-guttatus, Ptyas-mucosa, Boiga-irregularis_KU345021, Chrysopelea-ornata, Ahaetulla-prasina_KU323364, Calamaria-gervaisii_KU327406, Sibynophis-bivittatus_KU309608, Thamnophis-sirtalis, Thamnophis-elegans, Thermophis-baileyi, Dipsas-indica_KU215336, Prosymna-visseri_MCZR190223, Aparallactus-capensis_MCZA28808, Pseudaspis-cana_MCZA27068, Buhoma-depressiceps_CFS1528, Chamaelycus-fasciatus_KU348632, Psammophis-sibilans_RAX2053, Pseudoxyrhopus-tritaeniatus_KU340969, Micrelaps-sp_TauM16738, Elapsoidea-sundevallii_MCZR190390, Hydrophis-curtus, Hydrophis-hardwickii, Hydrophis-cyanocinctus, Emydocephalus-ijimae, Notechis-scutatus, Pseudonaja-textilis, Laticauda-colubrina, Laticauda-laticaudata, Micrurus-corallinus_KU289205, Hemibungarus-mcclungi_KU303027, Ophiophagus-hannah, Naja-naja, Cyclocorus-lineatus_KU335808, Hologerrhum-philippinum_KU330752, Myersophis-alpestris_KU308684, Oxyrhabdium-cfmodestum_KU338101, Oxyrhabdium-modestum_KU310866, Oxyrhabdium-leporinum_KU346583, Levitonius-mirus_KU337269, Psammodynastes-pulverulentus_KU328547, Psammodynastes-pulverulentus_KU329686, Cerberus-schneiderii_KU324534, Myanophis-thanlyinensis, Crotalus-pyrrhus, Crotalus-viridis, Crotalus-tigris, Crotalus-adamanteus, Protobothrops-mucrosquamatus, Protobothrops-flavoviridis, Vipera-berus, Aplopeltura-boa_KU315147, Achalinus-spinalis_KU312258, Boa-constrictor, Pantherophis-obsoletus, Grayia-smythii_KU341872, Pseudoxenodon-sp_KU312221, Hydrophis-melanocephalus, Crotalus-horridus, Bothrops-jararaca, Lamprophis-lineatus_EBG706, Rhamphiophis-oxyrhynchus_KU290451, Pituophis-catenifer, Python-molurus]
Taxon occupancy: {Protobothrops-flavoviridis=58, Thamnophis-sirtalis=54, Hologerrhum-philippinum_KU330752=63, Hydrophis-hardwickii=60, Psammophis-sibilans_RAX2053=50, Crotalus-pyrrhus=56, Elapsoidea-sundevallii_MCZR190390=60, Bothrops-jararaca=56, Notechis-scutatus=61, Levitonius-mirus_KU337269=60, Buhoma-depressiceps_CFS1528=53, Ophiophagus-hannah=58, Scolecophis-atrocinctus_KU289804=59, Ptyas-mucosa=64, Calamaria-gervaisii_KU327406=53, Boiga-irregularis_KU345021=62, Aparallactus-capensis_MCZA28808=53, Myanophis-thanlyinensis=53, Ahaetulla-prasina_KU323364=58, Python-molurus=48, Pseudaspis-cana_MCZA27068=57, Psammodynastes-pulverulentus_KU328547=60, Crotalus-tigris=55, Rhamphiophis-oxyrhynchus_KU290451=54, Protobothrops-mucrosquamatus=59, Vipera-berus=55, Pantherophis-obsoletus=63, Chrysopelea-ornata=55, Thamnophis-elegans=60, Laticauda-laticaudata=62, Myersophis-alpestris_KU308684=55, Oxyrhabdium-leporinum_KU346583=56, Acrochordus-granulatus_KU302952=48, Cyclocorus-lineatus_KU335808=63, Oxyrhabdium-cfmodestum_KU338101=62, Tantilla-taeniata_KU289863=63, Grayia-smythii_KU341872=60, Crotalus-viridis=53, Crotalus-adamanteus=58, Pseudoxyrhopus-tritaeniatus_KU340969=63, Dipsas-indica_KU215336=60, Oxyrhabdium-modestum_KU310866=58, Emydocephalus-ijimae=62, Pantherophis-guttatus=65, Sibynophis-bivittatus_KU309608=59, Aplopeltura-boa_KU315147=53, Thermophis-baileyi=63, Pituophis-catenifer=49, Lamprophis-lineatus_EBG706=64, Hydrophis-curtus=60, Pseudoxenodon-sp_KU312221=58, Chamaelycus-fasciatus_KU348632=50, Pseudonaja-textilis=58, Hemibungarus-mcclungi_KU303027=56, Laticauda-colubrina=58, Crotalus-horridus=52, Micrurus-corallinus_KU289205=57, Boa-constrictor=53, Psammodynastes-pulverulentus_KU329686=49, Achalinus-spinalis_KU312258=48, Hydrophis-melanocephalus=57, Micrelaps-sp_TauM16738=56, Prosymna-visseri_MCZR190223=58, Naja-naja=69, Hydrophis-cyanocinctus=61, Cerberus-schneiderii_KU324534=57}
Using polytree-based weight calculation.
Number of gene trees: 69
65 trees have missing taxa
Calculating distance matrix (for completion of X) ....with 4 distance matrices for parallellism
Species tree distances calculated ...

Will attempt to complete bipartitions from X before adding using a distance matrix.
Building set of clusters (X) from gene trees 
------------------------------
Number of Clusters after addition from gene trees: 2191
Number of Clusters after addition by distance: 2191
Adding to X using resolutions of greedy consensus ...

Computing greedy consensus  
took 0 seconds
Limit for sigma of degrees:1700

polytomy size limit : > 10
 [3, 3, 3, 3, 3, 3, 3, 3, 4, 6, 8, 10]
discarded polytomies: 
Threshold 0.0:
Threshold 0.01:
Threshold 0.02:
Threshold 0.05:
Threshold 0.1:
polytomy of size 3; rounds with additions with at least 5 support: 0; clusters: 2193
polytomy of size 3; rounds with additions with at least 5 support: 0; clusters: 2193
Threshold 0.2:
polytomy of size 3; rounds with additions with at least 5 support: 0; clusters: 2191
polytomy of size 8; rounds with additions with at least 5 support: 0; clusters: 2193
polytomy of size 3; rounds with additions with at least 5 support: 0; clusters: 2193
polytomy of size 3; rounds with additions with at least 5 support: 0; clusters: 2193
Threshold 0.3333333333333333:
polytomy of size 4; rounds with additions with at least 5 support: 0; clusters: 2191
polytomy of size 3; rounds with additions with at least 5 support: 0; clusters: 2193
polytomy of size 3; rounds with additions with at least 5 support: 0; clusters: 2193
polytomy of size 10; rounds with additions with at least 5 support: 0; clusters: 2193
polytomy of size 3; rounds with additions with at least 5 support: 0; clusters: 2193
polytomy of size 6; rounds with additions with at least 5 support: 0; clusters: 2193
Number of Clusters after addition by greedy: 2193
partitions formed in 1.153 secs
Dynamic Programming starting after 1.153 secs
Polytree max score: 29557135
Polytree building time: 0.026 seconds.
Fail to load native library libAstral.dylib; use Java default computing method.
Number of quartet trees in the gene trees: 29557135
Computing hash values took 0 seconds
device length is: 2
TREE HEIGHT IS: 14
Size of largest cluster: 66
Size of largest cluster: 66
Finishing up:3670 0 3669
Total Number of elements: 3669
Normalized score (portion of input quartet trees satisfied before correcting for multiple individuals): 0.8476783693683437
Final optimization score: 25054944
Optimal tree inferred in 2.361 secs.
Weight calculation using polytrees cumulatively took 0.0 secs
(Acrochordus-granulatus_KU302952,((Achalinus-spinalis_KU312258,(Aplopeltura-boa_KU315147,(((((((Micrurus-corallinus_KU289205,((Elapsoidea-sundevallii_MCZR190390,((Pseudonaja-textilis,(Notechis-scutatus,(Emydocephalus-ijimae,((Hydrophis-curtus,Hydrophis-hardwickii),(Hydrophis-cyanocinctus,Hydrophis-melanocephalus))))),(Laticauda-colubrina,Laticauda-laticaudata))),(Hemibungarus-mcclungi_KU303027,(Ophiophagus-hannah,Naja-naja)))),(Psammodynastes-pulverulentus_KU328547,Psammodynastes-pulverulentus_KU329686)),(Micrelaps-sp_TauM16738,(((Pseudoxyrhopus-tritaeniatus_KU340969,(Prosymna-visseri_MCZR190223,(Pseudaspis-cana_MCZA27068,(Chamaelycus-fasciatus_KU348632,Lamprophis-lineatus_EBG706)))),(Psammophis-sibilans_RAX2053,Rhamphiophis-oxyrhynchus_KU290451)),(Aparallactus-capensis_MCZA28808,Buhoma-depressiceps_CFS1528)))),(((Oxyrhabdium-leporinum_KU346583,(Oxyrhabdium-cfmodestum_KU338101,Oxyrhabdium-modestum_KU310866)),(Myersophis-alpestris_KU308684,Levitonius-mirus_KU337269)),(Cyclocorus-lineatus_KU335808,Hologerrhum-philippinum_KU330752))),(((Sibynophis-bivittatus_KU309608,(Calamaria-gervaisii_KU327406,(Grayia-smythii_KU341872,((Boiga-irregularis_KU345021,((Ptyas-mucosa,(Pituophis-catenifer,(Pantherophis-guttatus,Pantherophis-obsoletus))),(Scolecophis-atrocinctus_KU289804,Tantilla-taeniata_KU289863))),(Chrysopelea-ornata,Ahaetulla-prasina_KU323364))))),(Pseudoxenodon-sp_KU312221,(Thamnophis-sirtalis,Thamnophis-elegans))),(Thermophis-baileyi,Dipsas-indica_KU215336))),(Cerberus-schneiderii_KU324534,Myanophis-thanlyinensis)),(Vipera-berus,((Bothrops-jararaca,(Crotalus-horridus,(Crotalus-pyrrhus,(Crotalus-tigris,(Crotalus-viridis,Crotalus-adamanteus))))),(Protobothrops-mucrosquamatus,Protobothrops-flavoviridis)))))),(Boa-constrictor,Python-molurus)));
Final quartet score is: 25659747
Final normalized quartet score is: 0.8681405352717712
(Acrochordus-granulatus_KU302952,((Achalinus-spinalis_KU312258,(Aplopeltura-boa_KU315147,(((((((Micrurus-corallinus_KU289205,((Elapsoidea-sundevallii_MCZR190390,((Pseudonaja-textilis,(Notechis-scutatus,(Emydocephalus-ijimae,((Hydrophis-curtus,Hydrophis-hardwickii)1:0.6684545679695739,(Hydrophis-cyanocinctus,Hydrophis-melanocephalus)1:0.5639354490799392)1:2.805378545062773)1:3.4510297554100284)0.84:0.1841338597881138)1:1.5653318427126548,(Laticauda-colubrina,Laticauda-laticaudata)1:3.6720723357975578)1:2.709349746444295)0.88:0.18853674158435732,(Hemibungarus-mcclungi_KU303027,(Ophiophagus-hannah,Naja-naja)0.81:0.1446463027624279)1:0.38497137470268566)0.42:0.032188963738843314)1:2.2644035047965954,(Psammodynastes-pulverulentus_KU328547,Psammodynastes-pulverulentus_KU329686)1:2.7846210376277147)0.39:0.03714904736976841,(Micrelaps-sp_TauM16738,(((Pseudoxyrhopus-tritaeniatus_KU340969,(Prosymna-visseri_MCZR190223,(Pseudaspis-cana_MCZA27068,(Chamaelycus-fasciatus_KU348632,Lamprophis-lineatus_EBG706)1:1.3014747096260861)0.83:0.15146115393665635)0.7:0.10312189325557491)0.38:0.07201730832186169,(Psammophis-sibilans_RAX2053,Rhamphiophis-oxyrhynchus_KU290451)1:1.9286427837113522)0.42:0.021157618093172487,(Aparallactus-capensis_MCZA28808,Buhoma-depressiceps_CFS1528)0.55:0.06388064613289998)0.89:0.18034387220599069)0.99:0.3201784917048881)0.99:0.27351662007241756,(((Oxyrhabdium-leporinum_KU346583,(Oxyrhabdium-cfmodestum_KU338101,Oxyrhabdium-modestum_KU310866)1:1.128465251817791)1:2.6865759604612167,(Myersophis-alpestris_KU308684,Levitonius-mirus_KU337269)0.43:0.03854020765585904)0.99:0.2996162721255309,(Cyclocorus-lineatus_KU335808,Hologerrhum-philippinum_KU330752)1:1.2038465874949618)1:1.6651065511675025)1:0.9645068295223707,(((Sibynophis-bivittatus_KU309608,(Calamaria-gervaisii_KU327406,(Grayia-smythii_KU341872,((Boiga-irregularis_KU345021,((Ptyas-mucosa,(Pituophis-catenifer,(Pantherophis-guttatus,Pantherophis-obsoletus)0.88:0.18591141929851232)1:2.510597357450801)0.33:0.0,(Scolecophis-atrocinctus_KU289804,Tantilla-taeniata_KU289863)1:1.3204917800335139)0.96:0.21900148163530672)1:1.8122788872368414,(Chrysopelea-ornata,Ahaetulla-prasina_KU323364)1:1.4775989328881807)1:0.4038385018423365)0.84:0.15862868987981663)0.58:0.07295502641565481)1:0.6464087351549356,(Pseudoxenodon-sp_KU312221,(Thamnophis-sirtalis,Thamnophis-elegans)1:3.4657359027997248)0.48:0.038055698364717575)0.56:0.05501361565350074,(Thermophis-baileyi,Dipsas-indica_KU215336)1:0.4057600391646893)1:0.8009126382356091)1:0.35212504379571724,(Cerberus-schneiderii_KU324534,Myanophis-thanlyinensis)1:2.455604166951992)1:1.7430570964264054,(Vipera-berus,((Bothrops-jararaca,(Crotalus-horridus,(Crotalus-pyrrhus,(Crotalus-tigris,(Crotalus-viridis,Crotalus-adamanteus)0.63:0.08148045364866774)0.79:0.14895976225553526)1:0.6359887667199969)1:3.5263605246161593)1:0.7968813367953489,(Protobothrops-mucrosquamatus,Protobothrops-flavoviridis)1:1.7113597553031175)1:2.0417012136969888)1:2.447166321805153)1:0.6954420100072324)1:2.6390573296152575)1:1.0348964742820022,(Boa-constrictor,Python-molurus)1:2.106840515867951));
ASTRAL finished in 2.862 secs
Shutting down threading
