

================== ASTRAL ===================== 

This is ASTRAL version 5.15.5
Warning: 
 Fail to load native library libAstral.dylib; use Java default computing method without AVX2, which is 4X slower. 
 Make sure you are using the correct Djava.library.path (to the `lib` directory under ASTRAL where libAstral.dylib can be found). 
 Trying running make.sh. For mode debugging, run: java -Djava.library.path=lib/ -jar native_library_tester.jar
Gene trees are treated as unrooted
Detected GPU devices: 
Device 1 of 2: Apple M1 cl_device_id[0xffffffff] Vendor: Intel
Device 2 of 2: Apple M1 cl_device_id[0x1027f00] Vendor: Apple
Will use Device : Apple M1
Will use Device : Apple M1
Starting 8 threads ...
There are 8 threads used to run.
9 trees read from /dev/fd/11
All output trees will be *arbitrarily* rooted at Scolecophis-atrocinctus_KU289804

======== Running the main analysis
Number of taxa: 66 (66 species)
Taxa: [Scolecophis-atrocinctus_KU289804, Tantilla-taeniata_KU289863, Pseudaspis-cana_MCZA27068, Rhamphiophis-oxyrhynchus_KU290451, Psammophis-sibilans_RAX2053, Elapsoidea-sundevallii_MCZR190390, Hemibungarus-mcclungi_KU303027, Naja-naja, Ophiophagus-hannah, Hydrophis-curtus, Hydrophis-hardwickii, Hydrophis-melanocephalus, Hydrophis-cyanocinctus, Emydocephalus-ijimae, Notechis-scutatus, Laticauda-colubrina, Laticauda-laticaudata, Micrurus-corallinus_KU289205, Pseudoxyrhopus-tritaeniatus_KU340969, Micrelaps-sp_TauM16738, Buhoma-depressiceps_CFS1528, Psammodynastes-pulverulentus_KU329686, Cyclocorus-lineatus_KU335808, Myersophis-alpestris_KU308684, Achalinus-spinalis_KU312258, Python-molurus, Boa-constrictor, Crotalus-pyrrhus, Crotalus-tigris, Crotalus-adamanteus, Bothrops-jararaca, Protobothrops-mucrosquamatus, Vipera-berus, Myanophis-thanlyinensis, Thermophis-baileyi, Dipsas-indica_KU215336, Thamnophis-elegans, Calamaria-gervaisii_KU327406, Pantherophis-guttatus, Pantherophis-obsoletus, Pituophis-catenifer, Ptyas-mucosa, Boiga-irregularis_KU345021, Oxyrhabdium-modestum_KU310866, Oxyrhabdium-cfmodestum_KU338101, Oxyrhabdium-leporinum_KU346583, Hologerrhum-philippinum_KU330752, Pseudonaja-textilis, Levitonius-mirus_KU337269, Thamnophis-sirtalis, Sibynophis-bivittatus_KU309608, Ahaetulla-prasina_KU323364, Chrysopelea-ornata, Grayia-smythii_KU341872, Pseudoxenodon-sp_KU312221, Acrochordus-granulatus_KU302952, Crotalus-horridus, Crotalus-viridis, Protobothrops-flavoviridis, Aplopeltura-boa_KU315147, Cerberus-schneiderii_KU324534, Psammodynastes-pulverulentus_KU328547, Chamaelycus-fasciatus_KU348632, Lamprophis-lineatus_EBG706, Aparallactus-capensis_MCZA28808, Prosymna-visseri_MCZR190223]
Taxon occupancy: {Protobothrops-flavoviridis=6, Hologerrhum-philippinum_KU330752=7, Thamnophis-sirtalis=5, Hydrophis-hardwickii=8, Psammophis-sibilans_RAX2053=9, Crotalus-pyrrhus=8, Elapsoidea-sundevallii_MCZR190390=9, Bothrops-jararaca=7, Notechis-scutatus=8, Levitonius-mirus_KU337269=8, Buhoma-depressiceps_CFS1528=6, Ophiophagus-hannah=8, Scolecophis-atrocinctus_KU289804=7, Calamaria-gervaisii_KU327406=8, Ptyas-mucosa=7, Boiga-irregularis_KU345021=6, Aparallactus-capensis_MCZA28808=6, Myanophis-thanlyinensis=7, Python-molurus=7, Ahaetulla-prasina_KU323364=8, Pseudaspis-cana_MCZA27068=9, Psammodynastes-pulverulentus_KU328547=7, Rhamphiophis-oxyrhynchus_KU290451=7, Crotalus-tigris=6, Protobothrops-mucrosquamatus=8, Vipera-berus=8, Pantherophis-obsoletus=7, Chrysopelea-ornata=6, Thamnophis-elegans=6, Laticauda-laticaudata=8, Myersophis-alpestris_KU308684=8, Oxyrhabdium-leporinum_KU346583=7, Acrochordus-granulatus_KU302952=5, Cyclocorus-lineatus_KU335808=8, Oxyrhabdium-cfmodestum_KU338101=7, Tantilla-taeniata_KU289863=8, Grayia-smythii_KU341872=7, Crotalus-viridis=5, Crotalus-adamanteus=8, Pseudoxyrhopus-tritaeniatus_KU340969=8, Dipsas-indica_KU215336=8, Oxyrhabdium-modestum_KU310866=6, Emydocephalus-ijimae=8, Pantherophis-guttatus=6, Sibynophis-bivittatus_KU309608=8, Aplopeltura-boa_KU315147=4, Thermophis-baileyi=8, Pituophis-catenifer=8, Lamprophis-lineatus_EBG706=7, Hydrophis-curtus=8, Pseudoxenodon-sp_KU312221=7, Hemibungarus-mcclungi_KU303027=8, Pseudonaja-textilis=6, Chamaelycus-fasciatus_KU348632=7, Laticauda-colubrina=7, Crotalus-horridus=6, Micrurus-corallinus_KU289205=8, Boa-constrictor=5, Psammodynastes-pulverulentus_KU329686=8, Hydrophis-melanocephalus=7, Achalinus-spinalis_KU312258=7, Micrelaps-sp_TauM16738=8, Prosymna-visseri_MCZR190223=7, Naja-naja=9, Hydrophis-cyanocinctus=8, Cerberus-schneiderii_KU324534=5}
Using polytree-based weight calculation.
Number of gene trees: 9
8 trees have missing taxa
Calculating distance matrix (for completion of X) ....with 4 distance matrices for parallellism
Species tree distances calculated ...

Will attempt to complete bipartitions from X before adding using a distance matrix.
Building set of clusters (X) from gene trees 
------------------------------
Number of Clusters after addition from gene trees: 567
Number of Clusters after addition by distance: 567
Adding to X using resolutions of greedy consensus ...

Computing greedy consensus  
took 0 seconds
Limit for sigma of degrees:1700

polytomy size limit : > 8
 [3, 4, 4, 8]
discarded polytomies: 
Threshold 0.0:
Threshold 0.01:
Threshold 0.02:
Threshold 0.05:
Threshold 0.1:
Threshold 0.2:
polytomy of size 4; rounds with additions with at least 5 support: 0; clusters: 583
Threshold 0.3333333333333333:
polytomy of size 3; rounds with additions with at least 5 support: 0; clusters: 579
polytomy of size 8; rounds with additions with at least 5 support: 0; clusters: 583
polytomy of size 4; rounds with additions with at least 5 support: 0; clusters: 583
Number of Clusters after addition by greedy: 583
partitions formed in 0.65 secs
Dynamic Programming starting after 0.65 secs
Polytree max score: 3462667
Polytree building time: 0.017 seconds.
Fail to load native library libAstral.dylib; use Java default computing method.
Number of quartet trees in the gene trees: 3462667
Computing hash values took 0 seconds
device length is: 2
TREE HEIGHT IS: 11
Size of largest cluster: 66
Size of largest cluster: 66
Finishing up:444 0 443
Total Number of elements: 443
Normalized score (portion of input quartet trees satisfied before correcting for multiple individuals): 0.8975829902211214
Final optimization score: 3108031
Optimal tree inferred in 1.787 secs.
Weight calculation using polytrees cumulatively took 0.0 secs
(Scolecophis-atrocinctus_KU289804,(Tantilla-taeniata_KU289863,((Boiga-irregularis_KU345021,((Grayia-smythii_KU341872,(Sibynophis-bivittatus_KU309608,(Calamaria-gervaisii_KU327406,(((((((((((Emydocephalus-ijimae,(Hydrophis-cyanocinctus,(Hydrophis-curtus,(Hydrophis-hardwickii,Hydrophis-melanocephalus)))),(Notechis-scutatus,Pseudonaja-textilis)),(Laticauda-colubrina,Laticauda-laticaudata)),((Ophiophagus-hannah,(Hemibungarus-mcclungi_KU303027,Naja-naja)),(Elapsoidea-sundevallii_MCZR190390,Micrurus-corallinus_KU289205))),(Psammodynastes-pulverulentus_KU329686,Psammodynastes-pulverulentus_KU328547)),(Micrelaps-sp_TauM16738,(((Pseudoxyrhopus-tritaeniatus_KU340969,(Prosymna-visseri_MCZR190223,(Chamaelycus-fasciatus_KU348632,Lamprophis-lineatus_EBG706))),(Buhoma-depressiceps_CFS1528,Aparallactus-capensis_MCZA28808)),(Pseudaspis-cana_MCZA27068,(Rhamphiophis-oxyrhynchus_KU290451,Psammophis-sibilans_RAX2053))))),(((Oxyrhabdium-leporinum_KU346583,(Oxyrhabdium-modestum_KU310866,Oxyrhabdium-cfmodestum_KU338101)),(Myersophis-alpestris_KU308684,Levitonius-mirus_KU337269)),(Cyclocorus-lineatus_KU335808,Hologerrhum-philippinum_KU330752))),(Myanophis-thanlyinensis,Cerberus-schneiderii_KU324534)),(Aplopeltura-boa_KU315147,((Vipera-berus,((Bothrops-jararaca,(Crotalus-horridus,(Crotalus-adamanteus,(Crotalus-viridis,(Crotalus-pyrrhus,Crotalus-tigris))))),(Protobothrops-mucrosquamatus,Protobothrops-flavoviridis))),(Achalinus-spinalis_KU312258,(Acrochordus-granulatus_KU302952,(Python-molurus,Boa-constrictor)))))),(Thamnophis-elegans,Thamnophis-sirtalis)),(Thermophis-baileyi,(Dipsas-indica_KU215336,Pseudoxenodon-sp_KU312221)))))),(Ahaetulla-prasina_KU323364,Chrysopelea-ornata))),(Ptyas-mucosa,(Pituophis-catenifer,(Pantherophis-guttatus,Pantherophis-obsoletus))))));
Final quartet score is: 3078291
Final normalized quartet score is: 0.8889942347906975
You may want to ignore posterior probabilities and other statistics related to the following branch branch because the effective number of genes impacting it is only 8:
	{Hydrophis-curtus, Hydrophis-hardwickii, Hydrophis-melanocephalus, Hydrophis-cyanocinctus, Emydocephalus-ijimae}
You may want to ignore posterior probabilities and other statistics related to the following branch branch because the effective number of genes impacting it is only 8:
	{Hydrophis-curtus, Hydrophis-hardwickii, Hydrophis-melanocephalus, Hydrophis-cyanocinctus}
You may want to ignore posterior probabilities and other statistics related to the following branch branch because the effective number of genes impacting it is only 8:
	{Hydrophis-curtus, Hydrophis-hardwickii, Hydrophis-melanocephalus}
You may want to ignore posterior probabilities and other statistics related to the following branch branch because the effective number of genes impacting it is only 6:
	{Notechis-scutatus, Pseudonaja-textilis}
You may want to ignore posterior probabilities and other statistics related to the following branch branch because the effective number of genes impacting it is only 7:
	{Laticauda-colubrina, Laticauda-laticaudata}
You may want to ignore posterior probabilities and other statistics related to the following branch branch because the effective number of genes impacting it is only 8:
	{Hydrophis-curtus, Hydrophis-hardwickii, Hydrophis-melanocephalus, Hydrophis-cyanocinctus, Emydocephalus-ijimae, Notechis-scutatus, Pseudonaja-textilis}
You may want to ignore posterior probabilities and other statistics related to the following branch branch because the effective number of genes impacting it is only 8:
	{Hydrophis-curtus, Hydrophis-hardwickii, Hydrophis-melanocephalus, Hydrophis-cyanocinctus, Emydocephalus-ijimae, Notechis-scutatus, Laticauda-colubrina, Laticauda-laticaudata, Pseudonaja-textilis}
You may want to ignore posterior probabilities and other statistics related to the following branch branch because the effective number of genes impacting it is only 7:
	{Hydrophis-hardwickii, Hydrophis-melanocephalus}
You may want to ignore posterior probabilities and other statistics related to the following branch branch because the effective number of genes impacting it is only 7:
	{Hemibungarus-mcclungi_KU303027, Naja-naja}
You may want to ignore posterior probabilities and other statistics related to the following branch branch because the effective number of genes impacting it is only 7:
	{Chamaelycus-fasciatus_KU348632, Lamprophis-lineatus_EBG706}
You may want to ignore posterior probabilities and other statistics related to the following branch branch because the effective number of genes impacting it is only 8:
	{Elapsoidea-sundevallii_MCZR190390, Micrurus-corallinus_KU289205}
You may want to ignore posterior probabilities and other statistics related to the following branch branch because the effective number of genes impacting it is only 8:
	{Hemibungarus-mcclungi_KU303027, Naja-naja, Ophiophagus-hannah}
You may want to ignore posterior probabilities and other statistics related to the following branch branch because the effective number of genes impacting it is only 7:
	{Elapsoidea-sundevallii_MCZR190390, Hemibungarus-mcclungi_KU303027, Naja-naja, Ophiophagus-hannah, Hydrophis-curtus, Hydrophis-hardwickii, Hydrophis-melanocephalus, Hydrophis-cyanocinctus, Emydocephalus-ijimae, Notechis-scutatus, Laticauda-colubrina, Laticauda-laticaudata, Micrurus-corallinus_KU289205, Pseudonaja-textilis}
You may want to ignore posterior probabilities and other statistics related to the following branch branch because the effective number of genes impacting it is only 7:
	{Chamaelycus-fasciatus_KU348632, Lamprophis-lineatus_EBG706, Prosymna-visseri_MCZR190223}
You may want to ignore posterior probabilities and other statistics related to the following branch branch because the effective number of genes impacting it is only 8:
	{Elapsoidea-sundevallii_MCZR190390, Hemibungarus-mcclungi_KU303027, Naja-naja, Ophiophagus-hannah, Hydrophis-curtus, Hydrophis-hardwickii, Hydrophis-melanocephalus, Hydrophis-cyanocinctus, Emydocephalus-ijimae, Notechis-scutatus, Laticauda-colubrina, Laticauda-laticaudata, Micrurus-corallinus_KU289205, Psammodynastes-pulverulentus_KU329686, Pseudonaja-textilis, Psammodynastes-pulverulentus_KU328547}
You may want to ignore posterior probabilities and other statistics related to the following branch branch because the effective number of genes impacting it is only 7:
	{Rhamphiophis-oxyrhynchus_KU290451, Psammophis-sibilans_RAX2053}
You may want to ignore posterior probabilities and other statistics related to the following branch branch because the effective number of genes impacting it is only 8:
	{Pseudaspis-cana_MCZA27068, Rhamphiophis-oxyrhynchus_KU290451, Psammophis-sibilans_RAX2053}
You may want to ignore posterior probabilities and other statistics related to the following branch branch because the effective number of genes impacting it is only 4:
	{Buhoma-depressiceps_CFS1528, Aparallactus-capensis_MCZA28808}
You may want to ignore posterior probabilities and other statistics related to the following branch branch because the effective number of genes impacting it is only 7:
	{Pseudoxyrhopus-tritaeniatus_KU340969, Chamaelycus-fasciatus_KU348632, Lamprophis-lineatus_EBG706, Prosymna-visseri_MCZR190223}
You may want to ignore posterior probabilities and other statistics related to the following branch branch because the effective number of genes impacting it is only 8:
	{Pseudaspis-cana_MCZA27068, Rhamphiophis-oxyrhynchus_KU290451, Psammophis-sibilans_RAX2053, Pseudoxyrhopus-tritaeniatus_KU340969, Buhoma-depressiceps_CFS1528, Chamaelycus-fasciatus_KU348632, Lamprophis-lineatus_EBG706, Aparallactus-capensis_MCZA28808, Prosymna-visseri_MCZR190223}
You may want to ignore posterior probabilities and other statistics related to the following branch branch because the effective number of genes impacting it is only 8:
	{Elapsoidea-sundevallii_MCZR190390, Hemibungarus-mcclungi_KU303027, Naja-naja, Ophiophagus-hannah, Micrurus-corallinus_KU289205}
You may want to ignore posterior probabilities and other statistics related to the following branch branch because the effective number of genes impacting it is only 7:
	{Psammodynastes-pulverulentus_KU329686, Psammodynastes-pulverulentus_KU328547}
You may want to ignore posterior probabilities and other statistics related to the following branch branch because the effective number of genes impacting it is only 6:
	{Oxyrhabdium-modestum_KU310866, Oxyrhabdium-cfmodestum_KU338101}
You may want to ignore posterior probabilities and other statistics related to the following branch branch because the effective number of genes impacting it is only 8:
	{Pseudaspis-cana_MCZA27068, Rhamphiophis-oxyrhynchus_KU290451, Psammophis-sibilans_RAX2053, Pseudoxyrhopus-tritaeniatus_KU340969, Micrelaps-sp_TauM16738, Buhoma-depressiceps_CFS1528, Chamaelycus-fasciatus_KU348632, Lamprophis-lineatus_EBG706, Aparallactus-capensis_MCZA28808, Prosymna-visseri_MCZR190223}
You may want to ignore posterior probabilities and other statistics related to the following branch branch because the effective number of genes impacting it is only 7:
	{Myersophis-alpestris_KU308684, Levitonius-mirus_KU337269}
You may want to ignore posterior probabilities and other statistics related to the following branch branch because the effective number of genes impacting it is only 7:
	{Cyclocorus-lineatus_KU335808, Hologerrhum-philippinum_KU330752}
You may want to ignore posterior probabilities and other statistics related to the following branch branch because the effective number of genes impacting it is only 7:
	{Myersophis-alpestris_KU308684, Oxyrhabdium-modestum_KU310866, Oxyrhabdium-cfmodestum_KU338101, Oxyrhabdium-leporinum_KU346583, Levitonius-mirus_KU337269}
You may want to ignore posterior probabilities and other statistics related to the following branch branch because the effective number of genes impacting it is only 7:
	{Oxyrhabdium-modestum_KU310866, Oxyrhabdium-cfmodestum_KU338101, Oxyrhabdium-leporinum_KU346583}
You may want to ignore posterior probabilities and other statistics related to the following branch branch because the effective number of genes impacting it is only 4:
	{Myanophis-thanlyinensis, Cerberus-schneiderii_KU324534}
You may want to ignore posterior probabilities and other statistics related to the following branch branch because the effective number of genes impacting it is only 7:
	{Pseudaspis-cana_MCZA27068, Rhamphiophis-oxyrhynchus_KU290451, Psammophis-sibilans_RAX2053, Elapsoidea-sundevallii_MCZR190390, Hemibungarus-mcclungi_KU303027, Naja-naja, Ophiophagus-hannah, Hydrophis-curtus, Hydrophis-hardwickii, Hydrophis-melanocephalus, Hydrophis-cyanocinctus, Emydocephalus-ijimae, Notechis-scutatus, Laticauda-colubrina, Laticauda-laticaudata, Micrurus-corallinus_KU289205, Pseudoxyrhopus-tritaeniatus_KU340969, Micrelaps-sp_TauM16738, Buhoma-depressiceps_CFS1528, Psammodynastes-pulverulentus_KU329686, Cyclocorus-lineatus_KU335808, Myersophis-alpestris_KU308684, Myanophis-thanlyinensis, Oxyrhabdium-modestum_KU310866, Oxyrhabdium-cfmodestum_KU338101, Oxyrhabdium-leporinum_KU346583, Hologerrhum-philippinum_KU330752, Pseudonaja-textilis, Levitonius-mirus_KU337269, Cerberus-schneiderii_KU324534, Psammodynastes-pulverulentus_KU328547, Chamaelycus-fasciatus_KU348632, Lamprophis-lineatus_EBG706, Aparallactus-capensis_MCZA28808, Prosymna-visseri_MCZR190223}
You may want to ignore posterior probabilities and other statistics related to the following branch branch because the effective number of genes impacting it is only 8:
	{Cyclocorus-lineatus_KU335808, Myersophis-alpestris_KU308684, Oxyrhabdium-modestum_KU310866, Oxyrhabdium-cfmodestum_KU338101, Oxyrhabdium-leporinum_KU346583, Hologerrhum-philippinum_KU330752, Levitonius-mirus_KU337269}
You may want to ignore posterior probabilities and other statistics related to the following branch branch because the effective number of genes impacting it is only 8:
	{Pseudaspis-cana_MCZA27068, Rhamphiophis-oxyrhynchus_KU290451, Psammophis-sibilans_RAX2053, Elapsoidea-sundevallii_MCZR190390, Hemibungarus-mcclungi_KU303027, Naja-naja, Ophiophagus-hannah, Hydrophis-curtus, Hydrophis-hardwickii, Hydrophis-melanocephalus, Hydrophis-cyanocinctus, Emydocephalus-ijimae, Notechis-scutatus, Laticauda-colubrina, Laticauda-laticaudata, Micrurus-corallinus_KU289205, Pseudoxyrhopus-tritaeniatus_KU340969, Micrelaps-sp_TauM16738, Buhoma-depressiceps_CFS1528, Psammodynastes-pulverulentus_KU329686, Cyclocorus-lineatus_KU335808, Myersophis-alpestris_KU308684, Oxyrhabdium-modestum_KU310866, Oxyrhabdium-cfmodestum_KU338101, Oxyrhabdium-leporinum_KU346583, Hologerrhum-philippinum_KU330752, Pseudonaja-textilis, Levitonius-mirus_KU337269, Psammodynastes-pulverulentus_KU328547, Chamaelycus-fasciatus_KU348632, Lamprophis-lineatus_EBG706, Aparallactus-capensis_MCZA28808, Prosymna-visseri_MCZR190223}
You may want to ignore posterior probabilities and other statistics related to the following branch branch because the effective number of genes impacting it is only 6:
	{Crotalus-pyrrhus, Crotalus-tigris, Crotalus-adamanteus, Crotalus-viridis}
You may want to ignore posterior probabilities and other statistics related to the following branch branch because the effective number of genes impacting it is only 6:
	{Crotalus-pyrrhus, Crotalus-tigris, Crotalus-adamanteus, Crotalus-horridus, Crotalus-viridis}
You may want to ignore posterior probabilities and other statistics related to the following branch branch because the effective number of genes impacting it is only 5:
	{Crotalus-pyrrhus, Crotalus-tigris, Crotalus-viridis}
You may want to ignore posterior probabilities and other statistics related to the following branch branch because the effective number of genes impacting it is only 4:
	{Crotalus-pyrrhus, Crotalus-tigris}
You may want to ignore posterior probabilities and other statistics related to the following branch branch because the effective number of genes impacting it is only 7:
	{Crotalus-pyrrhus, Crotalus-tigris, Crotalus-adamanteus, Bothrops-jararaca, Crotalus-horridus, Crotalus-viridis}
You may want to ignore posterior probabilities and other statistics related to the following branch branch because the effective number of genes impacting it is only 6:
	{Protobothrops-mucrosquamatus, Protobothrops-flavoviridis}
You may want to ignore posterior probabilities and other statistics related to the following branch branch because the effective number of genes impacting it is only 7:
	{Crotalus-pyrrhus, Crotalus-tigris, Crotalus-adamanteus, Bothrops-jararaca, Protobothrops-mucrosquamatus, Vipera-berus, Crotalus-horridus, Crotalus-viridis, Protobothrops-flavoviridis}
You may want to ignore posterior probabilities and other statistics related to the following branch branch because the effective number of genes impacting it is only 8:
	{Crotalus-pyrrhus, Crotalus-tigris, Crotalus-adamanteus, Bothrops-jararaca, Protobothrops-mucrosquamatus, Crotalus-horridus, Crotalus-viridis, Protobothrops-flavoviridis}
You may want to ignore posterior probabilities and other statistics related to the following branch branch because the effective number of genes impacting it is only 4:
	{Achalinus-spinalis_KU312258, Python-molurus, Boa-constrictor, Crotalus-pyrrhus, Crotalus-tigris, Crotalus-adamanteus, Bothrops-jararaca, Protobothrops-mucrosquamatus, Vipera-berus, Acrochordus-granulatus_KU302952, Crotalus-horridus, Crotalus-viridis, Protobothrops-flavoviridis, Aplopeltura-boa_KU315147}
You may want to ignore posterior probabilities and other statistics related to the following branch branch because the effective number of genes impacting it is only 4:
	{Achalinus-spinalis_KU312258, Python-molurus, Boa-constrictor, Crotalus-pyrrhus, Crotalus-tigris, Crotalus-adamanteus, Bothrops-jararaca, Protobothrops-mucrosquamatus, Vipera-berus, Acrochordus-granulatus_KU302952, Crotalus-horridus, Crotalus-viridis, Protobothrops-flavoviridis}
You may want to ignore posterior probabilities and other statistics related to the following branch branch because the effective number of genes impacting it is only 3:
	{Thamnophis-elegans, Thamnophis-sirtalis}
You may want to ignore posterior probabilities and other statistics related to the following branch branch because the effective number of genes impacting it is only 8:
	{Pseudaspis-cana_MCZA27068, Rhamphiophis-oxyrhynchus_KU290451, Psammophis-sibilans_RAX2053, Elapsoidea-sundevallii_MCZR190390, Hemibungarus-mcclungi_KU303027, Naja-naja, Ophiophagus-hannah, Hydrophis-curtus, Hydrophis-hardwickii, Hydrophis-melanocephalus, Hydrophis-cyanocinctus, Emydocephalus-ijimae, Notechis-scutatus, Laticauda-colubrina, Laticauda-laticaudata, Micrurus-corallinus_KU289205, Pseudoxyrhopus-tritaeniatus_KU340969, Micrelaps-sp_TauM16738, Buhoma-depressiceps_CFS1528, Psammodynastes-pulverulentus_KU329686, Cyclocorus-lineatus_KU335808, Myersophis-alpestris_KU308684, Achalinus-spinalis_KU312258, Python-molurus, Boa-constrictor, Crotalus-pyrrhus, Crotalus-tigris, Crotalus-adamanteus, Bothrops-jararaca, Protobothrops-mucrosquamatus, Vipera-berus, Myanophis-thanlyinensis, Oxyrhabdium-modestum_KU310866, Oxyrhabdium-cfmodestum_KU338101, Oxyrhabdium-leporinum_KU346583, Hologerrhum-philippinum_KU330752, Pseudonaja-textilis, Levitonius-mirus_KU337269, Acrochordus-granulatus_KU302952, Crotalus-horridus, Crotalus-viridis, Protobothrops-flavoviridis, Aplopeltura-boa_KU315147, Cerberus-schneiderii_KU324534, Psammodynastes-pulverulentus_KU328547, Chamaelycus-fasciatus_KU348632, Lamprophis-lineatus_EBG706, Aparallactus-capensis_MCZA28808, Prosymna-visseri_MCZR190223}
You may want to ignore posterior probabilities and other statistics related to the following branch branch because the effective number of genes impacting it is only 7:
	{Achalinus-spinalis_KU312258, Python-molurus, Boa-constrictor, Acrochordus-granulatus_KU302952}
You may want to ignore posterior probabilities and other statistics related to the following branch branch because the effective number of genes impacting it is only 3:
	{Python-molurus, Boa-constrictor}
You may want to ignore posterior probabilities and other statistics related to the following branch branch because the effective number of genes impacting it is only 8:
	{Pseudaspis-cana_MCZA27068, Rhamphiophis-oxyrhynchus_KU290451, Psammophis-sibilans_RAX2053, Elapsoidea-sundevallii_MCZR190390, Hemibungarus-mcclungi_KU303027, Naja-naja, Ophiophagus-hannah, Hydrophis-curtus, Hydrophis-hardwickii, Hydrophis-melanocephalus, Hydrophis-cyanocinctus, Emydocephalus-ijimae, Notechis-scutatus, Laticauda-colubrina, Laticauda-laticaudata, Micrurus-corallinus_KU289205, Pseudoxyrhopus-tritaeniatus_KU340969, Micrelaps-sp_TauM16738, Buhoma-depressiceps_CFS1528, Psammodynastes-pulverulentus_KU329686, Cyclocorus-lineatus_KU335808, Myersophis-alpestris_KU308684, Achalinus-spinalis_KU312258, Python-molurus, Boa-constrictor, Crotalus-pyrrhus, Crotalus-tigris, Crotalus-adamanteus, Bothrops-jararaca, Protobothrops-mucrosquamatus, Vipera-berus, Myanophis-thanlyinensis, Thamnophis-elegans, Oxyrhabdium-modestum_KU310866, Oxyrhabdium-cfmodestum_KU338101, Oxyrhabdium-leporinum_KU346583, Hologerrhum-philippinum_KU330752, Pseudonaja-textilis, Levitonius-mirus_KU337269, Thamnophis-sirtalis, Acrochordus-granulatus_KU302952, Crotalus-horridus, Crotalus-viridis, Protobothrops-flavoviridis, Aplopeltura-boa_KU315147, Cerberus-schneiderii_KU324534, Psammodynastes-pulverulentus_KU328547, Chamaelycus-fasciatus_KU348632, Lamprophis-lineatus_EBG706, Aparallactus-capensis_MCZA28808, Prosymna-visseri_MCZR190223}
You may want to ignore posterior probabilities and other statistics related to the following branch branch because the effective number of genes impacting it is only 8:
	{Pseudoxyrhopus-tritaeniatus_KU340969, Buhoma-depressiceps_CFS1528, Chamaelycus-fasciatus_KU348632, Lamprophis-lineatus_EBG706, Aparallactus-capensis_MCZA28808, Prosymna-visseri_MCZR190223}
You may want to ignore posterior probabilities and other statistics related to the following branch branch because the effective number of genes impacting it is only 9:
	{Pseudaspis-cana_MCZA27068, Rhamphiophis-oxyrhynchus_KU290451, Psammophis-sibilans_RAX2053, Elapsoidea-sundevallii_MCZR190390, Hemibungarus-mcclungi_KU303027, Naja-naja, Ophiophagus-hannah, Hydrophis-curtus, Hydrophis-hardwickii, Hydrophis-melanocephalus, Hydrophis-cyanocinctus, Emydocephalus-ijimae, Notechis-scutatus, Laticauda-colubrina, Laticauda-laticaudata, Micrurus-corallinus_KU289205, Pseudoxyrhopus-tritaeniatus_KU340969, Micrelaps-sp_TauM16738, Buhoma-depressiceps_CFS1528, Psammodynastes-pulverulentus_KU329686, Pseudonaja-textilis, Psammodynastes-pulverulentus_KU328547, Chamaelycus-fasciatus_KU348632, Lamprophis-lineatus_EBG706, Aparallactus-capensis_MCZA28808, Prosymna-visseri_MCZR190223}
You may want to ignore posterior probabilities and other statistics related to the following branch branch because the effective number of genes impacting it is only 7:
	{Thermophis-baileyi, Dipsas-indica_KU215336, Pseudoxenodon-sp_KU312221}
You may want to ignore posterior probabilities and other statistics related to the following branch branch because the effective number of genes impacting it is only 7:
	{Pseudaspis-cana_MCZA27068, Rhamphiophis-oxyrhynchus_KU290451, Psammophis-sibilans_RAX2053, Elapsoidea-sundevallii_MCZR190390, Hemibungarus-mcclungi_KU303027, Naja-naja, Ophiophagus-hannah, Hydrophis-curtus, Hydrophis-hardwickii, Hydrophis-melanocephalus, Hydrophis-cyanocinctus, Emydocephalus-ijimae, Notechis-scutatus, Laticauda-colubrina, Laticauda-laticaudata, Micrurus-corallinus_KU289205, Pseudoxyrhopus-tritaeniatus_KU340969, Micrelaps-sp_TauM16738, Buhoma-depressiceps_CFS1528, Psammodynastes-pulverulentus_KU329686, Cyclocorus-lineatus_KU335808, Myersophis-alpestris_KU308684, Achalinus-spinalis_KU312258, Python-molurus, Boa-constrictor, Crotalus-pyrrhus, Crotalus-tigris, Crotalus-adamanteus, Bothrops-jararaca, Protobothrops-mucrosquamatus, Vipera-berus, Myanophis-thanlyinensis, Thermophis-baileyi, Dipsas-indica_KU215336, Thamnophis-elegans, Calamaria-gervaisii_KU327406, Oxyrhabdium-modestum_KU310866, Oxyrhabdium-cfmodestum_KU338101, Oxyrhabdium-leporinum_KU346583, Hologerrhum-philippinum_KU330752, Pseudonaja-textilis, Levitonius-mirus_KU337269, Thamnophis-sirtalis, Pseudoxenodon-sp_KU312221, Acrochordus-granulatus_KU302952, Crotalus-horridus, Crotalus-viridis, Protobothrops-flavoviridis, Aplopeltura-boa_KU315147, Cerberus-schneiderii_KU324534, Psammodynastes-pulverulentus_KU328547, Chamaelycus-fasciatus_KU348632, Lamprophis-lineatus_EBG706, Aparallactus-capensis_MCZA28808, Prosymna-visseri_MCZR190223}
You may want to ignore posterior probabilities and other statistics related to the following branch branch because the effective number of genes impacting it is only 5:
	{Python-molurus, Boa-constrictor, Acrochordus-granulatus_KU302952}
You may want to ignore posterior probabilities and other statistics related to the following branch branch because the effective number of genes impacting it is only 6:
	{Dipsas-indica_KU215336, Pseudoxenodon-sp_KU312221}
You may want to ignore posterior probabilities and other statistics related to the following branch branch because the effective number of genes impacting it is only 8:
	{Pseudaspis-cana_MCZA27068, Rhamphiophis-oxyrhynchus_KU290451, Psammophis-sibilans_RAX2053, Elapsoidea-sundevallii_MCZR190390, Hemibungarus-mcclungi_KU303027, Naja-naja, Ophiophagus-hannah, Hydrophis-curtus, Hydrophis-hardwickii, Hydrophis-melanocephalus, Hydrophis-cyanocinctus, Emydocephalus-ijimae, Notechis-scutatus, Laticauda-colubrina, Laticauda-laticaudata, Micrurus-corallinus_KU289205, Pseudoxyrhopus-tritaeniatus_KU340969, Micrelaps-sp_TauM16738, Buhoma-depressiceps_CFS1528, Psammodynastes-pulverulentus_KU329686, Cyclocorus-lineatus_KU335808, Myersophis-alpestris_KU308684, Achalinus-spinalis_KU312258, Python-molurus, Boa-constrictor, Crotalus-pyrrhus, Crotalus-tigris, Crotalus-adamanteus, Bothrops-jararaca, Protobothrops-mucrosquamatus, Vipera-berus, Myanophis-thanlyinensis, Thermophis-baileyi, Dipsas-indica_KU215336, Thamnophis-elegans, Oxyrhabdium-modestum_KU310866, Oxyrhabdium-cfmodestum_KU338101, Oxyrhabdium-leporinum_KU346583, Hologerrhum-philippinum_KU330752, Pseudonaja-textilis, Levitonius-mirus_KU337269, Thamnophis-sirtalis, Pseudoxenodon-sp_KU312221, Acrochordus-granulatus_KU302952, Crotalus-horridus, Crotalus-viridis, Protobothrops-flavoviridis, Aplopeltura-boa_KU315147, Cerberus-schneiderii_KU324534, Psammodynastes-pulverulentus_KU328547, Chamaelycus-fasciatus_KU348632, Lamprophis-lineatus_EBG706, Aparallactus-capensis_MCZA28808, Prosymna-visseri_MCZR190223}
You may want to ignore posterior probabilities and other statistics related to the following branch branch because the effective number of genes impacting it is only 6:
	{Ahaetulla-prasina_KU323364, Chrysopelea-ornata}
You may want to ignore posterior probabilities and other statistics related to the following branch branch because the effective number of genes impacting it is only 7:
	{Pseudaspis-cana_MCZA27068, Rhamphiophis-oxyrhynchus_KU290451, Psammophis-sibilans_RAX2053, Elapsoidea-sundevallii_MCZR190390, Hemibungarus-mcclungi_KU303027, Naja-naja, Ophiophagus-hannah, Hydrophis-curtus, Hydrophis-hardwickii, Hydrophis-melanocephalus, Hydrophis-cyanocinctus, Emydocephalus-ijimae, Notechis-scutatus, Laticauda-colubrina, Laticauda-laticaudata, Micrurus-corallinus_KU289205, Pseudoxyrhopus-tritaeniatus_KU340969, Micrelaps-sp_TauM16738, Buhoma-depressiceps_CFS1528, Psammodynastes-pulverulentus_KU329686, Cyclocorus-lineatus_KU335808, Myersophis-alpestris_KU308684, Achalinus-spinalis_KU312258, Python-molurus, Boa-constrictor, Crotalus-pyrrhus, Crotalus-tigris, Crotalus-adamanteus, Bothrops-jararaca, Protobothrops-mucrosquamatus, Vipera-berus, Myanophis-thanlyinensis, Thermophis-baileyi, Dipsas-indica_KU215336, Thamnophis-elegans, Calamaria-gervaisii_KU327406, Oxyrhabdium-modestum_KU310866, Oxyrhabdium-cfmodestum_KU338101, Oxyrhabdium-leporinum_KU346583, Hologerrhum-philippinum_KU330752, Pseudonaja-textilis, Levitonius-mirus_KU337269, Thamnophis-sirtalis, Sibynophis-bivittatus_KU309608, Grayia-smythii_KU341872, Pseudoxenodon-sp_KU312221, Acrochordus-granulatus_KU302952, Crotalus-horridus, Crotalus-viridis, Protobothrops-flavoviridis, Aplopeltura-boa_KU315147, Cerberus-schneiderii_KU324534, Psammodynastes-pulverulentus_KU328547, Chamaelycus-fasciatus_KU348632, Lamprophis-lineatus_EBG706, Aparallactus-capensis_MCZA28808, Prosymna-visseri_MCZR190223}
You may want to ignore posterior probabilities and other statistics related to the following branch branch because the effective number of genes impacting it is only 6:
	{Pseudaspis-cana_MCZA27068, Rhamphiophis-oxyrhynchus_KU290451, Psammophis-sibilans_RAX2053, Elapsoidea-sundevallii_MCZR190390, Hemibungarus-mcclungi_KU303027, Naja-naja, Ophiophagus-hannah, Hydrophis-curtus, Hydrophis-hardwickii, Hydrophis-melanocephalus, Hydrophis-cyanocinctus, Emydocephalus-ijimae, Notechis-scutatus, Laticauda-colubrina, Laticauda-laticaudata, Micrurus-corallinus_KU289205, Pseudoxyrhopus-tritaeniatus_KU340969, Micrelaps-sp_TauM16738, Buhoma-depressiceps_CFS1528, Psammodynastes-pulverulentus_KU329686, Cyclocorus-lineatus_KU335808, Myersophis-alpestris_KU308684, Achalinus-spinalis_KU312258, Python-molurus, Boa-constrictor, Crotalus-pyrrhus, Crotalus-tigris, Crotalus-adamanteus, Bothrops-jararaca, Protobothrops-mucrosquamatus, Vipera-berus, Myanophis-thanlyinensis, Thermophis-baileyi, Dipsas-indica_KU215336, Thamnophis-elegans, Calamaria-gervaisii_KU327406, Boiga-irregularis_KU345021, Oxyrhabdium-modestum_KU310866, Oxyrhabdium-cfmodestum_KU338101, Oxyrhabdium-leporinum_KU346583, Hologerrhum-philippinum_KU330752, Pseudonaja-textilis, Levitonius-mirus_KU337269, Thamnophis-sirtalis, Sibynophis-bivittatus_KU309608, Ahaetulla-prasina_KU323364, Chrysopelea-ornata, Grayia-smythii_KU341872, Pseudoxenodon-sp_KU312221, Acrochordus-granulatus_KU302952, Crotalus-horridus, Crotalus-viridis, Protobothrops-flavoviridis, Aplopeltura-boa_KU315147, Cerberus-schneiderii_KU324534, Psammodynastes-pulverulentus_KU328547, Chamaelycus-fasciatus_KU348632, Lamprophis-lineatus_EBG706, Aparallactus-capensis_MCZA28808, Prosymna-visseri_MCZR190223}
You may want to ignore posterior probabilities and other statistics related to the following branch branch because the effective number of genes impacting it is only 5:
	{Pseudaspis-cana_MCZA27068, Rhamphiophis-oxyrhynchus_KU290451, Psammophis-sibilans_RAX2053, Elapsoidea-sundevallii_MCZR190390, Hemibungarus-mcclungi_KU303027, Naja-naja, Ophiophagus-hannah, Hydrophis-curtus, Hydrophis-hardwickii, Hydrophis-melanocephalus, Hydrophis-cyanocinctus, Emydocephalus-ijimae, Notechis-scutatus, Laticauda-colubrina, Laticauda-laticaudata, Micrurus-corallinus_KU289205, Pseudoxyrhopus-tritaeniatus_KU340969, Micrelaps-sp_TauM16738, Buhoma-depressiceps_CFS1528, Psammodynastes-pulverulentus_KU329686, Cyclocorus-lineatus_KU335808, Myersophis-alpestris_KU308684, Achalinus-spinalis_KU312258, Python-molurus, Boa-constrictor, Crotalus-pyrrhus, Crotalus-tigris, Crotalus-adamanteus, Bothrops-jararaca, Protobothrops-mucrosquamatus, Vipera-berus, Myanophis-thanlyinensis, Thermophis-baileyi, Dipsas-indica_KU215336, Thamnophis-elegans, Calamaria-gervaisii_KU327406, Oxyrhabdium-modestum_KU310866, Oxyrhabdium-cfmodestum_KU338101, Oxyrhabdium-leporinum_KU346583, Hologerrhum-philippinum_KU330752, Pseudonaja-textilis, Levitonius-mirus_KU337269, Thamnophis-sirtalis, Sibynophis-bivittatus_KU309608, Ahaetulla-prasina_KU323364, Chrysopelea-ornata, Grayia-smythii_KU341872, Pseudoxenodon-sp_KU312221, Acrochordus-granulatus_KU302952, Crotalus-horridus, Crotalus-viridis, Protobothrops-flavoviridis, Aplopeltura-boa_KU315147, Cerberus-schneiderii_KU324534, Psammodynastes-pulverulentus_KU328547, Chamaelycus-fasciatus_KU348632, Lamprophis-lineatus_EBG706, Aparallactus-capensis_MCZA28808, Prosymna-visseri_MCZR190223}
You may want to ignore posterior probabilities and other statistics related to the following branch branch because the effective number of genes impacting it is only 7:
	{Pseudaspis-cana_MCZA27068, Rhamphiophis-oxyrhynchus_KU290451, Psammophis-sibilans_RAX2053, Elapsoidea-sundevallii_MCZR190390, Hemibungarus-mcclungi_KU303027, Naja-naja, Ophiophagus-hannah, Hydrophis-curtus, Hydrophis-hardwickii, Hydrophis-melanocephalus, Hydrophis-cyanocinctus, Emydocephalus-ijimae, Notechis-scutatus, Laticauda-colubrina, Laticauda-laticaudata, Micrurus-corallinus_KU289205, Pseudoxyrhopus-tritaeniatus_KU340969, Micrelaps-sp_TauM16738, Buhoma-depressiceps_CFS1528, Psammodynastes-pulverulentus_KU329686, Cyclocorus-lineatus_KU335808, Myersophis-alpestris_KU308684, Achalinus-spinalis_KU312258, Python-molurus, Boa-constrictor, Crotalus-pyrrhus, Crotalus-tigris, Crotalus-adamanteus, Bothrops-jararaca, Protobothrops-mucrosquamatus, Vipera-berus, Myanophis-thanlyinensis, Thermophis-baileyi, Dipsas-indica_KU215336, Thamnophis-elegans, Calamaria-gervaisii_KU327406, Oxyrhabdium-modestum_KU310866, Oxyrhabdium-cfmodestum_KU338101, Oxyrhabdium-leporinum_KU346583, Hologerrhum-philippinum_KU330752, Pseudonaja-textilis, Levitonius-mirus_KU337269, Thamnophis-sirtalis, Sibynophis-bivittatus_KU309608, Pseudoxenodon-sp_KU312221, Acrochordus-granulatus_KU302952, Crotalus-horridus, Crotalus-viridis, Protobothrops-flavoviridis, Aplopeltura-boa_KU315147, Cerberus-schneiderii_KU324534, Psammodynastes-pulverulentus_KU328547, Chamaelycus-fasciatus_KU348632, Lamprophis-lineatus_EBG706, Aparallactus-capensis_MCZA28808, Prosymna-visseri_MCZR190223}
You may want to ignore posterior probabilities and other statistics related to the following branch branch because the effective number of genes impacting it is only 5:
	{Pantherophis-guttatus, Pantherophis-obsoletus}
You may want to ignore posterior probabilities and other statistics related to the following branch branch because the effective number of genes impacting it is only 7:
	{Pantherophis-guttatus, Pantherophis-obsoletus, Pituophis-catenifer, Ptyas-mucosa}
You may want to ignore posterior probabilities and other statistics related to the following branch branch because the effective number of genes impacting it is only 7:
	{Pantherophis-guttatus, Pantherophis-obsoletus, Pituophis-catenifer}
You may want to ignore posterior probabilities and other statistics related to the following branch branch because the effective number of genes impacting it is only 5:
	{Pseudaspis-cana_MCZA27068, Rhamphiophis-oxyrhynchus_KU290451, Psammophis-sibilans_RAX2053, Elapsoidea-sundevallii_MCZR190390, Hemibungarus-mcclungi_KU303027, Naja-naja, Ophiophagus-hannah, Hydrophis-curtus, Hydrophis-hardwickii, Hydrophis-melanocephalus, Hydrophis-cyanocinctus, Emydocephalus-ijimae, Notechis-scutatus, Laticauda-colubrina, Laticauda-laticaudata, Micrurus-corallinus_KU289205, Pseudoxyrhopus-tritaeniatus_KU340969, Micrelaps-sp_TauM16738, Buhoma-depressiceps_CFS1528, Psammodynastes-pulverulentus_KU329686, Cyclocorus-lineatus_KU335808, Myersophis-alpestris_KU308684, Achalinus-spinalis_KU312258, Python-molurus, Boa-constrictor, Crotalus-pyrrhus, Crotalus-tigris, Crotalus-adamanteus, Bothrops-jararaca, Protobothrops-mucrosquamatus, Vipera-berus, Myanophis-thanlyinensis, Thermophis-baileyi, Dipsas-indica_KU215336, Thamnophis-elegans, Calamaria-gervaisii_KU327406, Pantherophis-guttatus, Pantherophis-obsoletus, Pituophis-catenifer, Ptyas-mucosa, Boiga-irregularis_KU345021, Oxyrhabdium-modestum_KU310866, Oxyrhabdium-cfmodestum_KU338101, Oxyrhabdium-leporinum_KU346583, Hologerrhum-philippinum_KU330752, Pseudonaja-textilis, Levitonius-mirus_KU337269, Thamnophis-sirtalis, Sibynophis-bivittatus_KU309608, Ahaetulla-prasina_KU323364, Chrysopelea-ornata, Grayia-smythii_KU341872, Pseudoxenodon-sp_KU312221, Acrochordus-granulatus_KU302952, Crotalus-horridus, Crotalus-viridis, Protobothrops-flavoviridis, Aplopeltura-boa_KU315147, Cerberus-schneiderii_KU324534, Psammodynastes-pulverulentus_KU328547, Chamaelycus-fasciatus_KU348632, Lamprophis-lineatus_EBG706, Aparallactus-capensis_MCZA28808, Prosymna-visseri_MCZR190223}
(Scolecophis-atrocinctus_KU289804,(Tantilla-taeniata_KU289863,((Boiga-irregularis_KU345021,((Grayia-smythii_KU341872,(Sibynophis-bivittatus_KU309608,(Calamaria-gervaisii_KU327406,(((((((((((Emydocephalus-ijimae,(Hydrophis-cyanocinctus,(Hydrophis-curtus,(Hydrophis-hardwickii,Hydrophis-melanocephalus)0.65:0.27879312503453485)0.44:0.08701137698962969)1:1.7917594692280545)1:1.7917594692280545,(Notechis-scutatus,Pseudonaja-textilis)0.97:0.8472978603872037)1:1.7917594692280545,(Laticauda-colubrina,Laticauda-laticaudata)1:1.6739764335716716)1:1.7917594692280545,((Ophiophagus-hannah,(Hemibungarus-mcclungi_KU303027,Naja-naja)0.74:0.29067413772285816)0.47:0.055722028862860484,(Elapsoidea-sundevallii_MCZR190390,Micrurus-corallinus_KU289205)0.52:0.08632808348849726)0.93:0.5360852905252288)1:1.6570983957843193,(Psammodynastes-pulverulentus_KU329686,Psammodynastes-pulverulentus_KU328547)1:1.6739764335716716)0.3:0.0,(Micrelaps-sp_TauM16738,(((Pseudoxyrhopus-tritaeniatus_KU340969,(Prosymna-visseri_MCZR190223,(Chamaelycus-fasciatus_KU348632,Lamprophis-lineatus_EBG706)1:1.6739764335716716)0.73:0.2725222260079686)0.41:0.0016761347457519445,(Buhoma-depressiceps_CFS1528,Aparallactus-capensis_MCZA28808)0.75:0.3490721907085093)0.54:0.11656705950184831,(Pseudaspis-cana_MCZA27068,(Rhamphiophis-oxyrhynchus_KU290451,Psammophis-sibilans_RAX2053)0.99:1.0147308046874075)0.63:0.1721492503571891)0.36:0.0)0.35:0.0)0.67:0.1952942280979928,(((Oxyrhabdium-leporinum_KU346583,(Oxyrhabdium-modestum_KU310866,Oxyrhabdium-cfmodestum_KU338101)0.83:0.4418327522790392)1:1.6739764335716716,(Myersophis-alpestris_KU308684,Levitonius-mirus_KU337269)0.44:0.07111749223561357)0.93:0.5753641449035618,(Cyclocorus-lineatus_KU335808,Hologerrhum-philippinum_KU330752)0.99:0.9808292530117262)1:1.3535045382969)1:1.2527629684953687,(Myanophis-thanlyinensis,Cerberus-schneiderii_KU324534)0.98:1.2039728043259361)0.25:0.0,(Aplopeltura-boa_KU315147,((Vipera-berus,((Bothrops-jararaca,(Crotalus-horridus,(Crotalus-adamanteus,(Crotalus-viridis,(Crotalus-pyrrhus,Crotalus-tigris)0.84:0.5108256237659905)0.45:0.12870046535485696)0.64:0.19671029424605413)1:1.5404450409471486)1:1.6739764335716716,(Protobothrops-mucrosquamatus,Protobothrops-flavoviridis)0.97:0.8472978603872037)1:1.0986122886681098)1:1.6739764335716716,(Achalinus-spinalis_KU312258,(Acrochordus-granulatus_KU302952,(Python-molurus,Boa-constrictor)0.95:0.9808292530117262)0.93:0.6931471805599453)1:1.6739764335716716)0.44:0.1053605156578264)0.98:1.2039728043259361)1:1.6856849228365711,(Thamnophis-elegans,Thamnophis-sirtalis)0.95:0.9808292530117262)0.49:0.070553044840798,(Thermophis-baileyi,(Dipsas-indica_KU215336,Pseudoxenodon-sp_KU312221)0.58:0.15415067982725836)0.96:0.7151318743325025)0.98:0.8096069450428653)0.43:0.018814276589974147)0.71:0.2882912323109539)1:1.1512222389404072,(Ahaetulla-prasina_KU323364,Chrysopelea-ornata)0.97:0.8472978603872037)0.99:1.3862943611198908)0.37:0.0,(Ptyas-mucosa,(Pituophis-catenifer,(Pantherophis-guttatus,Pantherophis-obsoletus)0.4:0.0)1:1.6739764335716716)0.74:0.28330569785198195)0.99:1.3862943611198908));
ASTRAL finished in 2.027 secs
Shutting down threading
