

================== ASTRAL ===================== 

This is ASTRAL version 5.15.5
Warning: 
 Fail to load native library libAstral.dylib; use Java default computing method without AVX2, which is 4X slower. 
 Make sure you are using the correct Djava.library.path (to the `lib` directory under ASTRAL where libAstral.dylib can be found). 
 Trying running make.sh. For mode debugging, run: java -Djava.library.path=lib/ -jar native_library_tester.jar
Gene trees are treated as unrooted
Detected GPU devices: 
Device 1 of 2: Apple M1 cl_device_id[0xffffffff] Vendor: Intel
Device 2 of 2: Apple M1 cl_device_id[0x1027f00] Vendor: Apple
Will use Device : Apple M1
Will use Device : Apple M1
Starting 8 threads ...
There are 8 threads used to run.
72 trees read from /dev/fd/11
All output trees will be *arbitrarily* rooted at Acrochordus-granulatus_KU302952

======== Running the main analysis
Number of taxa: 66 (66 species)
Taxa: [Acrochordus-granulatus_KU302952, Scolecophis-atrocinctus_KU289804, Pantherophis-guttatus, Pantherophis-obsoletus, Pituophis-catenifer, Ptyas-mucosa, Pseudoxenodon-sp_KU312221, Thermophis-baileyi, Thamnophis-sirtalis, Thamnophis-elegans, Prosymna-visseri_MCZR190223, Chamaelycus-fasciatus_KU348632, Lamprophis-lineatus_EBG706, Buhoma-depressiceps_CFS1528, Rhamphiophis-oxyrhynchus_KU290451, Psammophis-sibilans_RAX2053, Aparallactus-capensis_MCZA28808, Pseudaspis-cana_MCZA27068, Pseudoxyrhopus-tritaeniatus_KU340969, Micrelaps-sp_TauM16738, Elapsoidea-sundevallii_MCZR190390, Hemibungarus-mcclungi_KU303027, Hydrophis-curtus, Hydrophis-hardwickii, Hydrophis-cyanocinctus, Emydocephalus-ijimae, Notechis-scutatus, Pseudonaja-textilis, Laticauda-colubrina, Ophiophagus-hannah, Naja-naja, Micrurus-corallinus_KU289205, Cyclocorus-lineatus_KU335808, Hologerrhum-philippinum_KU330752, Myersophis-alpestris_KU308684, Oxyrhabdium-cfmodestum_KU338101, Oxyrhabdium-modestum_KU310866, Oxyrhabdium-leporinum_KU346583, Cerberus-schneiderii_KU324534, Myanophis-thanlyinensis, Crotalus-pyrrhus, Crotalus-viridis, Crotalus-tigris, Crotalus-adamanteus, Crotalus-horridus, Bothrops-jararaca, Protobothrops-flavoviridis, Vipera-berus, Aplopeltura-boa_KU315147, Achalinus-spinalis_KU312258, Python-molurus, Boa-constrictor, Sibynophis-bivittatus_KU309608, Calamaria-gervaisii_KU327406, Ahaetulla-prasina_KU323364, Chrysopelea-ornata, Tantilla-taeniata_KU289863, Boiga-irregularis_KU345021, Grayia-smythii_KU341872, Dipsas-indica_KU215336, Protobothrops-mucrosquamatus, Hydrophis-melanocephalus, Laticauda-laticaudata, Psammodynastes-pulverulentus_KU328547, Psammodynastes-pulverulentus_KU329686, Levitonius-mirus_KU337269]
Taxon occupancy: {Protobothrops-flavoviridis=59, Thamnophis-sirtalis=58, Hologerrhum-philippinum_KU330752=67, Hydrophis-hardwickii=65, Psammophis-sibilans_RAX2053=59, Crotalus-pyrrhus=63, Elapsoidea-sundevallii_MCZR190390=65, Bothrops-jararaca=54, Notechis-scutatus=69, Levitonius-mirus_KU337269=60, Buhoma-depressiceps_CFS1528=61, Ophiophagus-hannah=66, Scolecophis-atrocinctus_KU289804=67, Ptyas-mucosa=66, Calamaria-gervaisii_KU327406=62, Boiga-irregularis_KU345021=63, Aparallactus-capensis_MCZA28808=60, Myanophis-thanlyinensis=64, Python-molurus=56, Ahaetulla-prasina_KU323364=60, Pseudaspis-cana_MCZA27068=64, Psammodynastes-pulverulentus_KU328547=65, Rhamphiophis-oxyrhynchus_KU290451=58, Crotalus-tigris=61, Pantherophis-obsoletus=65, Vipera-berus=60, Protobothrops-mucrosquamatus=62, Chrysopelea-ornata=60, Thamnophis-elegans=62, Laticauda-laticaudata=64, Myersophis-alpestris_KU308684=65, Oxyrhabdium-leporinum_KU346583=62, Acrochordus-granulatus_KU302952=56, Cyclocorus-lineatus_KU335808=64, Oxyrhabdium-cfmodestum_KU338101=64, Tantilla-taeniata_KU289863=57, Grayia-smythii_KU341872=58, Crotalus-viridis=60, Crotalus-adamanteus=59, Pseudoxyrhopus-tritaeniatus_KU340969=61, Dipsas-indica_KU215336=59, Oxyrhabdium-modestum_KU310866=64, Emydocephalus-ijimae=68, Pantherophis-guttatus=61, Aplopeltura-boa_KU315147=59, Sibynophis-bivittatus_KU309608=64, Thermophis-baileyi=63, Pituophis-catenifer=54, Lamprophis-lineatus_EBG706=62, Hydrophis-curtus=69, Pseudoxenodon-sp_KU312221=66, Chamaelycus-fasciatus_KU348632=57, Hemibungarus-mcclungi_KU303027=66, Pseudonaja-textilis=67, Laticauda-colubrina=66, Crotalus-horridus=59, Micrurus-corallinus_KU289205=66, Boa-constrictor=57, Psammodynastes-pulverulentus_KU329686=61, Achalinus-spinalis_KU312258=54, Hydrophis-melanocephalus=59, Micrelaps-sp_TauM16738=65, Prosymna-visseri_MCZR190223=60, Naja-naja=72, Hydrophis-cyanocinctus=65, Cerberus-schneiderii_KU324534=64}
Using polytree-based weight calculation.
Number of gene trees: 72
59 trees have missing taxa
Calculating distance matrix (for completion of X) ....with 4 distance matrices for parallellism
Species tree distances calculated ...

Will attempt to complete bipartitions from X before adding using a distance matrix.
Building set of clusters (X) from gene trees 
------------------------------
Number of Clusters after addition from gene trees: 2115
Number of Clusters after addition by distance: 2115
Adding to X using resolutions of greedy consensus ...

Computing greedy consensus  
took 0 seconds
Limit for sigma of degrees:1700

polytomy size limit : > 11
 [3, 3, 3, 4, 5, 6, 10, 11]
discarded polytomies: 
Threshold 0.0:
Threshold 0.01:
Threshold 0.02:
Threshold 0.05:
Threshold 0.1:
polytomy of size 5; rounds with additions with at least 5 support: 1; clusters: 2117
polytomy of size 3; rounds with additions with at least 5 support: 0; clusters: 2117
Threshold 0.2:
polytomy of size 3; rounds with additions with at least 5 support: 0; clusters: 2115
polytomy of size 10; rounds with additions with at least 5 support: 0; clusters: 2117
Threshold 0.3333333333333333:
polytomy of size 4; rounds with additions with at least 5 support: 0; clusters: 2117
polytomy of size 3; rounds with additions with at least 5 support: 0; clusters: 2117
polytomy of size 11; rounds with additions with at least 5 support: 0; clusters: 2117
polytomy of size 6; rounds with additions with at least 5 support: 0; clusters: 2117
Number of Clusters after addition by greedy: 2117
partitions formed in 1.191 secs
Dynamic Programming starting after 1.191 secs
Polytree max score: 33728757
Polytree building time: 0.03 seconds.
Fail to load native library libAstral.dylib; use Java default computing method.
Number of quartet trees in the gene trees: 33728757
Computing hash values took 0 seconds
device length is: 2
TREE HEIGHT IS: 15
Size of largest cluster: 66
Size of largest cluster: 66
Finishing up:3418 0 3417
Total Number of elements: 3417
Normalized score (portion of input quartet trees satisfied before correcting for multiple individuals): 0.8700848359161294
Final optimization score: 29346880
Optimal tree inferred in 2.415 secs.
Weight calculation using polytrees cumulatively took 0.0 secs
(Acrochordus-granulatus_KU302952,((Python-molurus,Boa-constrictor),(Achalinus-spinalis_KU312258,(Aplopeltura-boa_KU315147,((((((((Micrurus-corallinus_KU289205,(Elapsoidea-sundevallii_MCZR190390,((Pseudonaja-textilis,(Notechis-scutatus,(Emydocephalus-ijimae,((Hydrophis-cyanocinctus,Hydrophis-melanocephalus),(Hydrophis-curtus,Hydrophis-hardwickii))))),(Laticauda-colubrina,Laticauda-laticaudata)))),(Naja-naja,(Hemibungarus-mcclungi_KU303027,Ophiophagus-hannah))),(Micrelaps-sp_TauM16738,((Prosymna-visseri_MCZR190223,((Chamaelycus-fasciatus_KU348632,Lamprophis-lineatus_EBG706),(Buhoma-depressiceps_CFS1528,Pseudaspis-cana_MCZA27068))),(Pseudoxyrhopus-tritaeniatus_KU340969,(Aparallactus-capensis_MCZA28808,(Rhamphiophis-oxyrhynchus_KU290451,Psammophis-sibilans_RAX2053)))))),(Psammodynastes-pulverulentus_KU328547,Psammodynastes-pulverulentus_KU329686)),(((Myersophis-alpestris_KU308684,Levitonius-mirus_KU337269),(Oxyrhabdium-leporinum_KU346583,(Oxyrhabdium-cfmodestum_KU338101,Oxyrhabdium-modestum_KU310866))),(Cyclocorus-lineatus_KU335808,Hologerrhum-philippinum_KU330752))),((Sibynophis-bivittatus_KU309608,(Calamaria-gervaisii_KU327406,(Grayia-smythii_KU341872,((Boiga-irregularis_KU345021,((Pituophis-catenifer,(Pantherophis-guttatus,Pantherophis-obsoletus)),(Ptyas-mucosa,(Scolecophis-atrocinctus_KU289804,Tantilla-taeniata_KU289863)))),(Ahaetulla-prasina_KU323364,Chrysopelea-ornata))))),((Thamnophis-sirtalis,Thamnophis-elegans),(Pseudoxenodon-sp_KU312221,(Thermophis-baileyi,Dipsas-indica_KU215336))))),(Cerberus-schneiderii_KU324534,Myanophis-thanlyinensis)),(Vipera-berus,((Bothrops-jararaca,(Crotalus-horridus,(Crotalus-pyrrhus,(Crotalus-adamanteus,(Crotalus-viridis,Crotalus-tigris))))),(Protobothrops-flavoviridis,Protobothrops-mucrosquamatus))))))));
Final quartet score is: 37605893
Final normalized quartet score is: 1.114950456075212
(Acrochordus-granulatus_KU302952,((Python-molurus,Boa-constrictor)1:2.5728754227339565,(Achalinus-spinalis_KU312258,(Aplopeltura-boa_KU315147,((((((((Micrurus-corallinus_KU289205,(Elapsoidea-sundevallii_MCZR190390,((Pseudonaja-textilis,(Notechis-scutatus,(Emydocephalus-ijimae,((Hydrophis-cyanocinctus,Hydrophis-melanocephalus)1:1.073878267352914,(Hydrophis-curtus,Hydrophis-hardwickii)1:0.6778797084291569)1:2.882936779408647)1:2.7385741059475506)0.74:0.10511267287027981)1:1.8991914045485103,(Laticauda-colubrina,Laticauda-laticaudata)1:3.721669276936928)1:3.1769991259302404)0.66:0.10420660550882081)0.59:0.06574284344026715,(Naja-naja,(Hemibungarus-mcclungi_KU303027,Ophiophagus-hannah)0.5:0.04866562050830907)1:0.6450644517949365)1:2.623265845732455,(Micrelaps-sp_TauM16738,((Prosymna-visseri_MCZR190223,((Chamaelycus-fasciatus_KU348632,Lamprophis-lineatus_EBG706)1:1.10149440681312,(Buhoma-depressiceps_CFS1528,Pseudaspis-cana_MCZA27068)0.49:0.04839302284000722)0.39:0.020506364168316436)0.68:0.0926304424714244,(Pseudoxyrhopus-tritaeniatus_KU340969,(Aparallactus-capensis_MCZA28808,(Rhamphiophis-oxyrhynchus_KU290451,Psammophis-sibilans_RAX2053)1:2.0856384422985945)0.64:0.08391006886407687)0.32:0.0)0.94:0.203278145468726)0.98:0.23489158066080162)0.64:0.07433606699370295,(Psammodynastes-pulverulentus_KU328547,Psammodynastes-pulverulentus_KU329686)1:2.970141065446921)0.29:0.08168068424418463,(((Myersophis-alpestris_KU308684,Levitonius-mirus_KU337269)0.42:0.046024756175242494,(Oxyrhabdium-leporinum_KU346583,(Oxyrhabdium-cfmodestum_KU338101,Oxyrhabdium-modestum_KU310866)0.6:0.15847034097177473)1:3.6969698874192853)1:0.5504160794510817,(Cyclocorus-lineatus_KU335808,Hologerrhum-philippinum_KU330752)1:1.7679928078463016)1:1.5491587229195187)1:1.7256340113969149,((Sibynophis-bivittatus_KU309608,(Calamaria-gervaisii_KU327406,(Grayia-smythii_KU341872,((Boiga-irregularis_KU345021,((Pituophis-catenifer,(Pantherophis-guttatus,Pantherophis-obsoletus)1:0.4102843945441133)1:2.0640288647245777,(Ptyas-mucosa,(Scolecophis-atrocinctus_KU289804,Tantilla-taeniata_KU289863)1:1.6280246461727668)0.98:0.24153633455602455)0.99:0.2804899799569893)1:2.0307442329704024,(Ahaetulla-prasina_KU323364,Chrysopelea-ornata)1:1.623018897578478)1:0.6438525118149284)0.91:0.18968527852856065)0.92:0.18385960642956117)1:0.5760256295382666,((Thamnophis-sirtalis,Thamnophis-elegans)1:2.549208887689665,(Pseudoxenodon-sp_KU312221,(Thermophis-baileyi,Dipsas-indica_KU215336)1:0.6313693146460234)0.88:0.16350260246376971)0.58:0.08786426656479347)1:1.3890099754910714)1:0.33252161977521366,(Cerberus-schneiderii_KU324534,Myanophis-thanlyinensis)1:3.5793172516024105)1:2.136044790629731,(Vipera-berus,((Bothrops-jararaca,(Crotalus-horridus,(Crotalus-pyrrhus,(Crotalus-adamanteus,(Crotalus-viridis,Crotalus-tigris)0.5:0.14973990334647228)0.98:0.2540614167489367)1:0.5615590034880656)1:2.966744736680739)1:1.9713262033431649,(Protobothrops-flavoviridis,Protobothrops-mucrosquamatus)1:2.277341604061479)1:2.197670707167398)1:2.976684078583297)1:0.7317290173784097)1:3.486355190002461)1:1.6555290196343684));
ASTRAL finished in 2.975 secs
Shutting down threading
