

================== ASTRAL ===================== 

This is ASTRAL version 5.15.5
Warning: 
 Fail to load native library libAstral.dylib; use Java default computing method without AVX2, which is 4X slower. 
 Make sure you are using the correct Djava.library.path (to the `lib` directory under ASTRAL where libAstral.dylib can be found). 
 Trying running make.sh. For mode debugging, run: java -Djava.library.path=lib/ -jar native_library_tester.jar
Gene trees are treated as unrooted
Detected GPU devices: 
Device 1 of 2: Apple M1 cl_device_id[0xffffffff] Vendor: Intel
Device 2 of 2: Apple M1 cl_device_id[0x1027f00] Vendor: Apple
Will use Device : Apple M1
Will use Device : Apple M1
Starting 8 threads ...
There are 8 threads used to run.
2 trees read from /dev/fd/11
All output trees will be *arbitrarily* rooted at Scolecophis-atrocinctus_KU289804

======== Running the main analysis
Number of taxa: 65 (65 species)
Taxa: [Scolecophis-atrocinctus_KU289804, Sibynophis-bivittatus_KU309608, Prosymna-visseri_MCZR190223, Micrelaps-sp_TauM16738, Hemibungarus-mcclungi_KU303027, Micrurus-corallinus_KU289205, Ophiophagus-hannah, Naja-naja, Hydrophis-curtus, Hydrophis-cyanocinctus, Hydrophis-hardwickii, Emydocephalus-ijimae, Notechis-scutatus, Pseudonaja-textilis, Laticauda-colubrina, Laticauda-laticaudata, Aparallactus-capensis_MCZA28808, Psammodynastes-pulverulentus_KU329686, Hologerrhum-philippinum_KU330752, Oxyrhabdium-modestum_KU310866, Myersophis-alpestris_KU308684, Levitonius-mirus_KU337269, Cerberus-schneiderii_KU324534, Myanophis-thanlyinensis, Achalinus-spinalis_KU312258, Python-molurus, Boa-constrictor, Crotalus-pyrrhus, Crotalus-tigris, Crotalus-horridus, Crotalus-viridis, Crotalus-adamanteus, Bothrops-jararaca, Protobothrops-mucrosquamatus, Protobothrops-flavoviridis, Vipera-berus, Pseudoxenodon-sp_KU312221, Boiga-irregularis_KU345021, Ptyas-mucosa, Thermophis-baileyi, Thamnophis-sirtalis, Thamnophis-elegans, Chrysopelea-ornata, Grayia-smythii_KU341872, Calamaria-gervaisii_KU327406, Pseudoxyrhopus-tritaeniatus_KU340969, Pseudaspis-cana_MCZA27068, Oxyrhabdium-cfmodestum_KU338101, Oxyrhabdium-leporinum_KU346583, Cyclocorus-lineatus_KU335808, Psammodynastes-pulverulentus_KU328547, Hydrophis-melanocephalus, Elapsoidea-sundevallii_MCZR190390, Ahaetulla-prasina_KU323364, Tantilla-taeniata_KU289863, Pantherophis-guttatus, Pantherophis-obsoletus, Pituophis-catenifer, Dipsas-indica_KU215336, Aplopeltura-boa_KU315147, Psammophis-sibilans_RAX2053, Rhamphiophis-oxyrhynchus_KU290451, Buhoma-depressiceps_CFS1528, Chamaelycus-fasciatus_KU348632, Lamprophis-lineatus_EBG706]
Taxon occupancy: {Protobothrops-flavoviridis=2, Hologerrhum-philippinum_KU330752=2, Thamnophis-sirtalis=2, Hydrophis-hardwickii=2, Psammophis-sibilans_RAX2053=1, Crotalus-pyrrhus=2, Bothrops-jararaca=1, Elapsoidea-sundevallii_MCZR190390=1, Notechis-scutatus=2, Levitonius-mirus_KU337269=2, Buhoma-depressiceps_CFS1528=1, Ophiophagus-hannah=2, Scolecophis-atrocinctus_KU289804=2, Ptyas-mucosa=2, Calamaria-gervaisii_KU327406=2, Boiga-irregularis_KU345021=2, Aparallactus-capensis_MCZA28808=2, Myanophis-thanlyinensis=2, Python-molurus=2, Ahaetulla-prasina_KU323364=1, Pseudaspis-cana_MCZA27068=1, Psammodynastes-pulverulentus_KU328547=1, Crotalus-tigris=2, Rhamphiophis-oxyrhynchus_KU290451=1, Protobothrops-mucrosquamatus=2, Vipera-berus=2, Pantherophis-obsoletus=1, Chrysopelea-ornata=1, Thamnophis-elegans=2, Laticauda-laticaudata=2, Myersophis-alpestris_KU308684=2, Oxyrhabdium-leporinum_KU346583=1, Cyclocorus-lineatus_KU335808=1, Oxyrhabdium-cfmodestum_KU338101=1, Grayia-smythii_KU341872=2, Tantilla-taeniata_KU289863=1, Crotalus-viridis=2, Crotalus-adamanteus=2, Pseudoxyrhopus-tritaeniatus_KU340969=1, Dipsas-indica_KU215336=1, Oxyrhabdium-modestum_KU310866=2, Emydocephalus-ijimae=2, Pantherophis-guttatus=1, Sibynophis-bivittatus_KU309608=2, Aplopeltura-boa_KU315147=1, Thermophis-baileyi=2, Pituophis-catenifer=1, Lamprophis-lineatus_EBG706=1, Hydrophis-curtus=2, Pseudoxenodon-sp_KU312221=2, Hemibungarus-mcclungi_KU303027=2, Pseudonaja-textilis=2, Chamaelycus-fasciatus_KU348632=1, Laticauda-colubrina=2, Crotalus-horridus=2, Micrurus-corallinus_KU289205=2, Boa-constrictor=2, Psammodynastes-pulverulentus_KU329686=2, Achalinus-spinalis_KU312258=2, Hydrophis-melanocephalus=1, Micrelaps-sp_TauM16738=2, Prosymna-visseri_MCZR190223=2, Naja-naja=2, Hydrophis-cyanocinctus=2, Cerberus-schneiderii_KU324534=2}
Using polytree-based weight calculation.
Number of gene trees: 2
2 trees have missing taxa
Calculating distance matrix (for completion of X) ....with 4 distance matrices for parallellism
Species tree distances calculated ...

Will attempt to complete bipartitions from X before adding using a distance matrix.
Building set of clusters (X) from gene trees 
------------------------------
Number of Clusters after addition from gene trees: 325
Number of Clusters after addition by distance: 325
Adding to X using resolutions of greedy consensus ...

Computing greedy consensus  
took 0 seconds
Limit for sigma of degrees:1675

polytomy size limit : > 3
 [3, 3, 3, 3, 3, 3, 3]
discarded polytomies: 
Threshold 0.0:
polytomy of size 3; rounds with additions with at least 5 support: 0; clusters: 331
Threshold 0.01:
polytomy of size 3; rounds with additions with at least 5 support: 0; clusters: 331
Threshold 0.02:
polytomy of size 3; rounds with additions with at least 5 support: 0; clusters: 331
Threshold 0.05:
polytomy of size 3; rounds with additions with at least 5 support: 0; clusters: 331
Threshold 0.1:
polytomy of size 3; rounds with additions with at least 5 support: 0; clusters: 331
Threshold 0.2:
polytomy of size 3; rounds with additions with at least 5 support: 0; clusters: 331
Threshold 0.3333333333333333:
polytomy of size 3; rounds with additions with at least 5 support: 0; clusters: 331
Number of Clusters after addition by greedy: 331
partitions formed in 0.447 secs
Dynamic Programming starting after 0.447 secs
Polytree max score: 744660
Polytree building time: 0.006 seconds.
Fail to load native library libAstral.dylib; use Java default computing method.
Number of quartet trees in the gene trees: 744660
Computing hash values took 0 seconds
device length is: 2
TREE HEIGHT IS: 10
Size of largest cluster: 65
Size of largest cluster: 65
Finishing up:137 0 136
Total Number of elements: 136
Normalized score (portion of input quartet trees satisfied before correcting for multiple individuals): 0.9763341659280745
Final optimization score: 727037
Optimal tree inferred in 1.665 secs.
Weight calculation using polytrees cumulatively took 0.0 secs
(Scolecophis-atrocinctus_KU289804,(Tantilla-taeniata_KU289863,((Boiga-irregularis_KU345021,(Ahaetulla-prasina_KU323364,(Calamaria-gervaisii_KU327406,(Sibynophis-bivittatus_KU309608,(Grayia-smythii_KU341872,((((((Micrelaps-sp_TauM16738,((Aparallactus-capensis_MCZA28808,(Buhoma-depressiceps_CFS1528,(Pseudaspis-cana_MCZA27068,(Pseudoxyrhopus-tritaeniatus_KU340969,(Chamaelycus-fasciatus_KU348632,Lamprophis-lineatus_EBG706))))),(Prosymna-visseri_MCZR190223,(Psammophis-sibilans_RAX2053,Rhamphiophis-oxyrhynchus_KU290451)))),((((Oxyrhabdium-leporinum_KU346583,(Oxyrhabdium-modestum_KU310866,Oxyrhabdium-cfmodestum_KU338101)),(Myersophis-alpestris_KU308684,Levitonius-mirus_KU337269)),(Hologerrhum-philippinum_KU330752,Cyclocorus-lineatus_KU335808)),(Psammodynastes-pulverulentus_KU329686,Psammodynastes-pulverulentus_KU328547))),((Elapsoidea-sundevallii_MCZR190390,(Micrurus-corallinus_KU289205,((Notechis-scutatus,(Pseudonaja-textilis,(Hydrophis-melanocephalus,(Hydrophis-cyanocinctus,(Hydrophis-curtus,Hydrophis-hardwickii))))),(Emydocephalus-ijimae,(Laticauda-colubrina,Laticauda-laticaudata))))),(Ophiophagus-hannah,(Hemibungarus-mcclungi_KU303027,Naja-naja)))),(((Vipera-berus,((Bothrops-jararaca,(Crotalus-horridus,((Crotalus-pyrrhus,Crotalus-tigris),(Crotalus-viridis,Crotalus-adamanteus)))),(Protobothrops-mucrosquamatus,Protobothrops-flavoviridis))),(Aplopeltura-boa_KU315147,(Achalinus-spinalis_KU312258,(Python-molurus,Boa-constrictor)))),(Cerberus-schneiderii_KU324534,Myanophis-thanlyinensis))),(Thermophis-baileyi,Dipsas-indica_KU215336)),(Pseudoxenodon-sp_KU312221,(Chrysopelea-ornata,(Thamnophis-sirtalis,Thamnophis-elegans))))))))),(Ptyas-mucosa,(Pantherophis-guttatus,(Pantherophis-obsoletus,Pituophis-catenifer))))));
Final quartet score is: 850221
Final normalized quartet score is: 1.1417573120618807
You may want to ignore posterior probabilities and other statistics related to the following branch branch because the effective number of genes impacting it is only 1:
	{Pseudoxyrhopus-tritaeniatus_KU340969, Chamaelycus-fasciatus_KU348632, Lamprophis-lineatus_EBG706}
You may want to ignore posterior probabilities and other statistics related to the following branch branch because the effective number of genes impacting it is only 1:
	{Psammophis-sibilans_RAX2053, Rhamphiophis-oxyrhynchus_KU290451}
You may want to ignore posterior probabilities and other statistics related to the following branch branch because the effective number of genes impacting it is only 1:
	{Aparallactus-capensis_MCZA28808, Pseudoxyrhopus-tritaeniatus_KU340969, Pseudaspis-cana_MCZA27068, Buhoma-depressiceps_CFS1528, Chamaelycus-fasciatus_KU348632, Lamprophis-lineatus_EBG706}
You may want to ignore posterior probabilities and other statistics related to the following branch branch because the effective number of genes impacting it is only 1:
	{Prosymna-visseri_MCZR190223, Psammophis-sibilans_RAX2053, Rhamphiophis-oxyrhynchus_KU290451}
You may want to ignore posterior probabilities and other statistics related to the following branch branch because the effective number of genes impacting it is only 1:
	{Pseudoxyrhopus-tritaeniatus_KU340969, Pseudaspis-cana_MCZA27068, Chamaelycus-fasciatus_KU348632, Lamprophis-lineatus_EBG706}
You may want to ignore posterior probabilities and other statistics related to the following branch branch because the effective number of genes impacting it is only 1:
	{Pseudoxyrhopus-tritaeniatus_KU340969, Pseudaspis-cana_MCZA27068, Buhoma-depressiceps_CFS1528, Chamaelycus-fasciatus_KU348632, Lamprophis-lineatus_EBG706}
You may want to ignore posterior probabilities and other statistics related to the following branch branch because the effective number of genes impacting it is only 1:
	{Chamaelycus-fasciatus_KU348632, Lamprophis-lineatus_EBG706}
You may want to ignore posterior probabilities and other statistics related to the following branch branch because the effective number of genes impacting it is only 2:
	{Oxyrhabdium-modestum_KU310866, Myersophis-alpestris_KU308684, Levitonius-mirus_KU337269, Oxyrhabdium-cfmodestum_KU338101, Oxyrhabdium-leporinum_KU346583}
You may want to ignore posterior probabilities and other statistics related to the following branch branch because the effective number of genes impacting it is only 2:
	{Prosymna-visseri_MCZR190223, Aparallactus-capensis_MCZA28808, Pseudoxyrhopus-tritaeniatus_KU340969, Pseudaspis-cana_MCZA27068, Psammophis-sibilans_RAX2053, Rhamphiophis-oxyrhynchus_KU290451, Buhoma-depressiceps_CFS1528, Chamaelycus-fasciatus_KU348632, Lamprophis-lineatus_EBG706}
You may want to ignore posterior probabilities and other statistics related to the following branch branch because the effective number of genes impacting it is only 1:
	{Hologerrhum-philippinum_KU330752, Cyclocorus-lineatus_KU335808}
You may want to ignore posterior probabilities and other statistics related to the following branch branch because the effective number of genes impacting it is only 2:
	{Prosymna-visseri_MCZR190223, Micrelaps-sp_TauM16738, Aparallactus-capensis_MCZA28808, Pseudoxyrhopus-tritaeniatus_KU340969, Pseudaspis-cana_MCZA27068, Psammophis-sibilans_RAX2053, Rhamphiophis-oxyrhynchus_KU290451, Buhoma-depressiceps_CFS1528, Chamaelycus-fasciatus_KU348632, Lamprophis-lineatus_EBG706}
You may want to ignore posterior probabilities and other statistics related to the following branch branch because the effective number of genes impacting it is only 1:
	{Psammodynastes-pulverulentus_KU329686, Psammodynastes-pulverulentus_KU328547}
You may want to ignore posterior probabilities and other statistics related to the following branch branch because the effective number of genes impacting it is only 1:
	{Oxyrhabdium-modestum_KU310866, Oxyrhabdium-cfmodestum_KU338101}
You may want to ignore posterior probabilities and other statistics related to the following branch branch because the effective number of genes impacting it is only 1:
	{Oxyrhabdium-modestum_KU310866, Oxyrhabdium-cfmodestum_KU338101, Oxyrhabdium-leporinum_KU346583}
You may want to ignore posterior probabilities and other statistics related to the following branch branch because the effective number of genes impacting it is only 2:
	{Psammodynastes-pulverulentus_KU329686, Hologerrhum-philippinum_KU330752, Oxyrhabdium-modestum_KU310866, Myersophis-alpestris_KU308684, Levitonius-mirus_KU337269, Oxyrhabdium-cfmodestum_KU338101, Oxyrhabdium-leporinum_KU346583, Cyclocorus-lineatus_KU335808, Psammodynastes-pulverulentus_KU328547}
You may want to ignore posterior probabilities and other statistics related to the following branch branch because the effective number of genes impacting it is only 1:
	{Hydrophis-curtus, Hydrophis-cyanocinctus, Hydrophis-hardwickii}
You may want to ignore posterior probabilities and other statistics related to the following branch branch because the effective number of genes impacting it is only 2:
	{Hydrophis-curtus, Hydrophis-hardwickii}
You may want to ignore posterior probabilities and other statistics related to the following branch branch because the effective number of genes impacting it is only 2:
	{Hydrophis-curtus, Hydrophis-cyanocinctus, Hydrophis-hardwickii, Notechis-scutatus, Pseudonaja-textilis, Hydrophis-melanocephalus}
You may want to ignore posterior probabilities and other statistics related to the following branch branch because the effective number of genes impacting it is only 2:
	{Hologerrhum-philippinum_KU330752, Oxyrhabdium-modestum_KU310866, Myersophis-alpestris_KU308684, Levitonius-mirus_KU337269, Oxyrhabdium-cfmodestum_KU338101, Oxyrhabdium-leporinum_KU346583, Cyclocorus-lineatus_KU335808}
You may want to ignore posterior probabilities and other statistics related to the following branch branch because the effective number of genes impacting it is only 2:
	{Hydrophis-curtus, Hydrophis-cyanocinctus, Hydrophis-hardwickii, Pseudonaja-textilis, Hydrophis-melanocephalus}
You may want to ignore posterior probabilities and other statistics related to the following branch branch because the effective number of genes impacting it is only 2:
	{Emydocephalus-ijimae, Laticauda-colubrina, Laticauda-laticaudata}
You may want to ignore posterior probabilities and other statistics related to the following branch branch because the effective number of genes impacting it is only 1:
	{Hydrophis-curtus, Hydrophis-cyanocinctus, Hydrophis-hardwickii, Hydrophis-melanocephalus}
You may want to ignore posterior probabilities and other statistics related to the following branch branch because the effective number of genes impacting it is only 2:
	{Prosymna-visseri_MCZR190223, Micrelaps-sp_TauM16738, Aparallactus-capensis_MCZA28808, Psammodynastes-pulverulentus_KU329686, Hologerrhum-philippinum_KU330752, Oxyrhabdium-modestum_KU310866, Myersophis-alpestris_KU308684, Levitonius-mirus_KU337269, Pseudoxyrhopus-tritaeniatus_KU340969, Pseudaspis-cana_MCZA27068, Oxyrhabdium-cfmodestum_KU338101, Oxyrhabdium-leporinum_KU346583, Cyclocorus-lineatus_KU335808, Psammodynastes-pulverulentus_KU328547, Psammophis-sibilans_RAX2053, Rhamphiophis-oxyrhynchus_KU290451, Buhoma-depressiceps_CFS1528, Chamaelycus-fasciatus_KU348632, Lamprophis-lineatus_EBG706}
You may want to ignore posterior probabilities and other statistics related to the following branch branch because the effective number of genes impacting it is only 2:
	{Myersophis-alpestris_KU308684, Levitonius-mirus_KU337269}
You may want to ignore posterior probabilities and other statistics related to the following branch branch because the effective number of genes impacting it is only 2:
	{Laticauda-colubrina, Laticauda-laticaudata}
You may want to ignore posterior probabilities and other statistics related to the following branch branch because the effective number of genes impacting it is only 2:
	{Hemibungarus-mcclungi_KU303027, Micrurus-corallinus_KU289205, Ophiophagus-hannah, Naja-naja, Hydrophis-curtus, Hydrophis-cyanocinctus, Hydrophis-hardwickii, Emydocephalus-ijimae, Notechis-scutatus, Pseudonaja-textilis, Laticauda-colubrina, Laticauda-laticaudata, Hydrophis-melanocephalus, Elapsoidea-sundevallii_MCZR190390}
You may want to ignore posterior probabilities and other statistics related to the following branch branch because the effective number of genes impacting it is only 1:
	{Micrurus-corallinus_KU289205, Hydrophis-curtus, Hydrophis-cyanocinctus, Hydrophis-hardwickii, Emydocephalus-ijimae, Notechis-scutatus, Pseudonaja-textilis, Laticauda-colubrina, Laticauda-laticaudata, Hydrophis-melanocephalus, Elapsoidea-sundevallii_MCZR190390}
You may want to ignore posterior probabilities and other statistics related to the following branch branch because the effective number of genes impacting it is only 2:
	{Hydrophis-curtus, Hydrophis-cyanocinctus, Hydrophis-hardwickii, Emydocephalus-ijimae, Notechis-scutatus, Pseudonaja-textilis, Laticauda-colubrina, Laticauda-laticaudata, Hydrophis-melanocephalus}
You may want to ignore posterior probabilities and other statistics related to the following branch branch because the effective number of genes impacting it is only 2:
	{Prosymna-visseri_MCZR190223, Micrelaps-sp_TauM16738, Hemibungarus-mcclungi_KU303027, Micrurus-corallinus_KU289205, Ophiophagus-hannah, Naja-naja, Hydrophis-curtus, Hydrophis-cyanocinctus, Hydrophis-hardwickii, Emydocephalus-ijimae, Notechis-scutatus, Pseudonaja-textilis, Laticauda-colubrina, Laticauda-laticaudata, Aparallactus-capensis_MCZA28808, Psammodynastes-pulverulentus_KU329686, Hologerrhum-philippinum_KU330752, Oxyrhabdium-modestum_KU310866, Myersophis-alpestris_KU308684, Levitonius-mirus_KU337269, Pseudoxyrhopus-tritaeniatus_KU340969, Pseudaspis-cana_MCZA27068, Oxyrhabdium-cfmodestum_KU338101, Oxyrhabdium-leporinum_KU346583, Cyclocorus-lineatus_KU335808, Psammodynastes-pulverulentus_KU328547, Hydrophis-melanocephalus, Elapsoidea-sundevallii_MCZR190390, Psammophis-sibilans_RAX2053, Rhamphiophis-oxyrhynchus_KU290451, Buhoma-depressiceps_CFS1528, Chamaelycus-fasciatus_KU348632, Lamprophis-lineatus_EBG706}
You may want to ignore posterior probabilities and other statistics related to the following branch branch because the effective number of genes impacting it is only 1:
	{Crotalus-pyrrhus, Crotalus-tigris, Crotalus-horridus, Crotalus-viridis, Crotalus-adamanteus}
You may want to ignore posterior probabilities and other statistics related to the following branch branch because the effective number of genes impacting it is only 2:
	{Hemibungarus-mcclungi_KU303027, Naja-naja}
You may want to ignore posterior probabilities and other statistics related to the following branch branch because the effective number of genes impacting it is only 1:
	{Crotalus-pyrrhus, Crotalus-tigris, Crotalus-horridus, Crotalus-viridis, Crotalus-adamanteus, Bothrops-jararaca}
You may want to ignore posterior probabilities and other statistics related to the following branch branch because the effective number of genes impacting it is only 2:
	{Crotalus-viridis, Crotalus-adamanteus}
You may want to ignore posterior probabilities and other statistics related to the following branch branch because the effective number of genes impacting it is only 2:
	{Protobothrops-mucrosquamatus, Protobothrops-flavoviridis}
You may want to ignore posterior probabilities and other statistics related to the following branch branch because the effective number of genes impacting it is only 2:
	{Crotalus-pyrrhus, Crotalus-tigris}
You may want to ignore posterior probabilities and other statistics related to the following branch branch because the effective number of genes impacting it is only 2:
	{Crotalus-pyrrhus, Crotalus-tigris, Crotalus-viridis, Crotalus-adamanteus}
You may want to ignore posterior probabilities and other statistics related to the following branch branch because the effective number of genes impacting it is only 2:
	{Hemibungarus-mcclungi_KU303027, Ophiophagus-hannah, Naja-naja}
You may want to ignore posterior probabilities and other statistics related to the following branch branch because the effective number of genes impacting it is only 2:
	{Crotalus-pyrrhus, Crotalus-tigris, Crotalus-horridus, Crotalus-viridis, Crotalus-adamanteus, Bothrops-jararaca, Protobothrops-mucrosquamatus, Protobothrops-flavoviridis}
You may want to ignore posterior probabilities and other statistics related to the following branch branch because the effective number of genes impacting it is only 2:
	{Crotalus-pyrrhus, Crotalus-tigris, Crotalus-horridus, Crotalus-viridis, Crotalus-adamanteus, Bothrops-jararaca, Protobothrops-mucrosquamatus, Protobothrops-flavoviridis, Vipera-berus}
You may want to ignore posterior probabilities and other statistics related to the following branch branch because the effective number of genes impacting it is only 1:
	{Achalinus-spinalis_KU312258, Python-molurus, Boa-constrictor}
You may want to ignore posterior probabilities and other statistics related to the following branch branch because the effective number of genes impacting it is only 2:
	{Achalinus-spinalis_KU312258, Python-molurus, Boa-constrictor, Crotalus-pyrrhus, Crotalus-tigris, Crotalus-horridus, Crotalus-viridis, Crotalus-adamanteus, Bothrops-jararaca, Protobothrops-mucrosquamatus, Protobothrops-flavoviridis, Vipera-berus, Aplopeltura-boa_KU315147}
You may want to ignore posterior probabilities and other statistics related to the following branch branch because the effective number of genes impacting it is only 1:
	{Achalinus-spinalis_KU312258, Python-molurus, Boa-constrictor, Aplopeltura-boa_KU315147}
You may want to ignore posterior probabilities and other statistics related to the following branch branch because the effective number of genes impacting it is only 1:
	{Thermophis-baileyi, Dipsas-indica_KU215336}
You may want to ignore posterior probabilities and other statistics related to the following branch branch because the effective number of genes impacting it is only 2:
	{Prosymna-visseri_MCZR190223, Micrelaps-sp_TauM16738, Hemibungarus-mcclungi_KU303027, Micrurus-corallinus_KU289205, Ophiophagus-hannah, Naja-naja, Hydrophis-curtus, Hydrophis-cyanocinctus, Hydrophis-hardwickii, Emydocephalus-ijimae, Notechis-scutatus, Pseudonaja-textilis, Laticauda-colubrina, Laticauda-laticaudata, Aparallactus-capensis_MCZA28808, Psammodynastes-pulverulentus_KU329686, Hologerrhum-philippinum_KU330752, Oxyrhabdium-modestum_KU310866, Myersophis-alpestris_KU308684, Levitonius-mirus_KU337269, Cerberus-schneiderii_KU324534, Myanophis-thanlyinensis, Achalinus-spinalis_KU312258, Python-molurus, Boa-constrictor, Crotalus-pyrrhus, Crotalus-tigris, Crotalus-horridus, Crotalus-viridis, Crotalus-adamanteus, Bothrops-jararaca, Protobothrops-mucrosquamatus, Protobothrops-flavoviridis, Vipera-berus, Pseudoxyrhopus-tritaeniatus_KU340969, Pseudaspis-cana_MCZA27068, Oxyrhabdium-cfmodestum_KU338101, Oxyrhabdium-leporinum_KU346583, Cyclocorus-lineatus_KU335808, Psammodynastes-pulverulentus_KU328547, Hydrophis-melanocephalus, Elapsoidea-sundevallii_MCZR190390, Aplopeltura-boa_KU315147, Psammophis-sibilans_RAX2053, Rhamphiophis-oxyrhynchus_KU290451, Buhoma-depressiceps_CFS1528, Chamaelycus-fasciatus_KU348632, Lamprophis-lineatus_EBG706}
You may want to ignore posterior probabilities and other statistics related to the following branch branch because the effective number of genes impacting it is only 2:
	{Cerberus-schneiderii_KU324534, Myanophis-thanlyinensis, Achalinus-spinalis_KU312258, Python-molurus, Boa-constrictor, Crotalus-pyrrhus, Crotalus-tigris, Crotalus-horridus, Crotalus-viridis, Crotalus-adamanteus, Bothrops-jararaca, Protobothrops-mucrosquamatus, Protobothrops-flavoviridis, Vipera-berus, Aplopeltura-boa_KU315147}
You may want to ignore posterior probabilities and other statistics related to the following branch branch because the effective number of genes impacting it is only 2:
	{Prosymna-visseri_MCZR190223, Micrelaps-sp_TauM16738, Hemibungarus-mcclungi_KU303027, Micrurus-corallinus_KU289205, Ophiophagus-hannah, Naja-naja, Hydrophis-curtus, Hydrophis-cyanocinctus, Hydrophis-hardwickii, Emydocephalus-ijimae, Notechis-scutatus, Pseudonaja-textilis, Laticauda-colubrina, Laticauda-laticaudata, Aparallactus-capensis_MCZA28808, Psammodynastes-pulverulentus_KU329686, Hologerrhum-philippinum_KU330752, Oxyrhabdium-modestum_KU310866, Myersophis-alpestris_KU308684, Levitonius-mirus_KU337269, Cerberus-schneiderii_KU324534, Myanophis-thanlyinensis, Achalinus-spinalis_KU312258, Python-molurus, Boa-constrictor, Crotalus-pyrrhus, Crotalus-tigris, Crotalus-horridus, Crotalus-viridis, Crotalus-adamanteus, Bothrops-jararaca, Protobothrops-mucrosquamatus, Protobothrops-flavoviridis, Vipera-berus, Thermophis-baileyi, Pseudoxyrhopus-tritaeniatus_KU340969, Pseudaspis-cana_MCZA27068, Oxyrhabdium-cfmodestum_KU338101, Oxyrhabdium-leporinum_KU346583, Cyclocorus-lineatus_KU335808, Psammodynastes-pulverulentus_KU328547, Hydrophis-melanocephalus, Elapsoidea-sundevallii_MCZR190390, Dipsas-indica_KU215336, Aplopeltura-boa_KU315147, Psammophis-sibilans_RAX2053, Rhamphiophis-oxyrhynchus_KU290451, Buhoma-depressiceps_CFS1528, Chamaelycus-fasciatus_KU348632, Lamprophis-lineatus_EBG706}
You may want to ignore posterior probabilities and other statistics related to the following branch branch because the effective number of genes impacting it is only 1:
	{Thamnophis-sirtalis, Thamnophis-elegans, Chrysopelea-ornata}
You may want to ignore posterior probabilities and other statistics related to the following branch branch because the effective number of genes impacting it is only 2:
	{Python-molurus, Boa-constrictor}
You may want to ignore posterior probabilities and other statistics related to the following branch branch because the effective number of genes impacting it is only 2:
	{Cerberus-schneiderii_KU324534, Myanophis-thanlyinensis}
You may want to ignore posterior probabilities and other statistics related to the following branch branch because the effective number of genes impacting it is only 2:
	{Prosymna-visseri_MCZR190223, Micrelaps-sp_TauM16738, Hemibungarus-mcclungi_KU303027, Micrurus-corallinus_KU289205, Ophiophagus-hannah, Naja-naja, Hydrophis-curtus, Hydrophis-cyanocinctus, Hydrophis-hardwickii, Emydocephalus-ijimae, Notechis-scutatus, Pseudonaja-textilis, Laticauda-colubrina, Laticauda-laticaudata, Aparallactus-capensis_MCZA28808, Psammodynastes-pulverulentus_KU329686, Hologerrhum-philippinum_KU330752, Oxyrhabdium-modestum_KU310866, Myersophis-alpestris_KU308684, Levitonius-mirus_KU337269, Cerberus-schneiderii_KU324534, Myanophis-thanlyinensis, Achalinus-spinalis_KU312258, Python-molurus, Boa-constrictor, Crotalus-pyrrhus, Crotalus-tigris, Crotalus-horridus, Crotalus-viridis, Crotalus-adamanteus, Bothrops-jararaca, Protobothrops-mucrosquamatus, Protobothrops-flavoviridis, Vipera-berus, Pseudoxenodon-sp_KU312221, Thermophis-baileyi, Thamnophis-sirtalis, Thamnophis-elegans, Chrysopelea-ornata, Pseudoxyrhopus-tritaeniatus_KU340969, Pseudaspis-cana_MCZA27068, Oxyrhabdium-cfmodestum_KU338101, Oxyrhabdium-leporinum_KU346583, Cyclocorus-lineatus_KU335808, Psammodynastes-pulverulentus_KU328547, Hydrophis-melanocephalus, Elapsoidea-sundevallii_MCZR190390, Dipsas-indica_KU215336, Aplopeltura-boa_KU315147, Psammophis-sibilans_RAX2053, Rhamphiophis-oxyrhynchus_KU290451, Buhoma-depressiceps_CFS1528, Chamaelycus-fasciatus_KU348632, Lamprophis-lineatus_EBG706}
You may want to ignore posterior probabilities and other statistics related to the following branch branch because the effective number of genes impacting it is only 1:
	{Sibynophis-bivittatus_KU309608, Prosymna-visseri_MCZR190223, Micrelaps-sp_TauM16738, Hemibungarus-mcclungi_KU303027, Micrurus-corallinus_KU289205, Ophiophagus-hannah, Naja-naja, Hydrophis-curtus, Hydrophis-cyanocinctus, Hydrophis-hardwickii, Emydocephalus-ijimae, Notechis-scutatus, Pseudonaja-textilis, Laticauda-colubrina, Laticauda-laticaudata, Aparallactus-capensis_MCZA28808, Psammodynastes-pulverulentus_KU329686, Hologerrhum-philippinum_KU330752, Oxyrhabdium-modestum_KU310866, Myersophis-alpestris_KU308684, Levitonius-mirus_KU337269, Cerberus-schneiderii_KU324534, Myanophis-thanlyinensis, Achalinus-spinalis_KU312258, Python-molurus, Boa-constrictor, Crotalus-pyrrhus, Crotalus-tigris, Crotalus-horridus, Crotalus-viridis, Crotalus-adamanteus, Bothrops-jararaca, Protobothrops-mucrosquamatus, Protobothrops-flavoviridis, Vipera-berus, Pseudoxenodon-sp_KU312221, Thermophis-baileyi, Thamnophis-sirtalis, Thamnophis-elegans, Chrysopelea-ornata, Grayia-smythii_KU341872, Calamaria-gervaisii_KU327406, Pseudoxyrhopus-tritaeniatus_KU340969, Pseudaspis-cana_MCZA27068, Oxyrhabdium-cfmodestum_KU338101, Oxyrhabdium-leporinum_KU346583, Cyclocorus-lineatus_KU335808, Psammodynastes-pulverulentus_KU328547, Hydrophis-melanocephalus, Elapsoidea-sundevallii_MCZR190390, Dipsas-indica_KU215336, Aplopeltura-boa_KU315147, Psammophis-sibilans_RAX2053, Rhamphiophis-oxyrhynchus_KU290451, Buhoma-depressiceps_CFS1528, Chamaelycus-fasciatus_KU348632, Lamprophis-lineatus_EBG706}
You may want to ignore posterior probabilities and other statistics related to the following branch branch because the effective number of genes impacting it is only 2:
	{Prosymna-visseri_MCZR190223, Micrelaps-sp_TauM16738, Hemibungarus-mcclungi_KU303027, Micrurus-corallinus_KU289205, Ophiophagus-hannah, Naja-naja, Hydrophis-curtus, Hydrophis-cyanocinctus, Hydrophis-hardwickii, Emydocephalus-ijimae, Notechis-scutatus, Pseudonaja-textilis, Laticauda-colubrina, Laticauda-laticaudata, Aparallactus-capensis_MCZA28808, Psammodynastes-pulverulentus_KU329686, Hologerrhum-philippinum_KU330752, Oxyrhabdium-modestum_KU310866, Myersophis-alpestris_KU308684, Levitonius-mirus_KU337269, Cerberus-schneiderii_KU324534, Myanophis-thanlyinensis, Achalinus-spinalis_KU312258, Python-molurus, Boa-constrictor, Crotalus-pyrrhus, Crotalus-tigris, Crotalus-horridus, Crotalus-viridis, Crotalus-adamanteus, Bothrops-jararaca, Protobothrops-mucrosquamatus, Protobothrops-flavoviridis, Vipera-berus, Pseudoxenodon-sp_KU312221, Thermophis-baileyi, Thamnophis-sirtalis, Thamnophis-elegans, Chrysopelea-ornata, Grayia-smythii_KU341872, Pseudoxyrhopus-tritaeniatus_KU340969, Pseudaspis-cana_MCZA27068, Oxyrhabdium-cfmodestum_KU338101, Oxyrhabdium-leporinum_KU346583, Cyclocorus-lineatus_KU335808, Psammodynastes-pulverulentus_KU328547, Hydrophis-melanocephalus, Elapsoidea-sundevallii_MCZR190390, Dipsas-indica_KU215336, Aplopeltura-boa_KU315147, Psammophis-sibilans_RAX2053, Rhamphiophis-oxyrhynchus_KU290451, Buhoma-depressiceps_CFS1528, Chamaelycus-fasciatus_KU348632, Lamprophis-lineatus_EBG706}
You may want to ignore posterior probabilities and other statistics related to the following branch branch because the effective number of genes impacting it is only 2:
	{Pseudoxenodon-sp_KU312221, Thamnophis-sirtalis, Thamnophis-elegans, Chrysopelea-ornata}
You may want to ignore posterior probabilities and other statistics related to the following branch branch because the effective number of genes impacting it is only 2:
	{Sibynophis-bivittatus_KU309608, Prosymna-visseri_MCZR190223, Micrelaps-sp_TauM16738, Hemibungarus-mcclungi_KU303027, Micrurus-corallinus_KU289205, Ophiophagus-hannah, Naja-naja, Hydrophis-curtus, Hydrophis-cyanocinctus, Hydrophis-hardwickii, Emydocephalus-ijimae, Notechis-scutatus, Pseudonaja-textilis, Laticauda-colubrina, Laticauda-laticaudata, Aparallactus-capensis_MCZA28808, Psammodynastes-pulverulentus_KU329686, Hologerrhum-philippinum_KU330752, Oxyrhabdium-modestum_KU310866, Myersophis-alpestris_KU308684, Levitonius-mirus_KU337269, Cerberus-schneiderii_KU324534, Myanophis-thanlyinensis, Achalinus-spinalis_KU312258, Python-molurus, Boa-constrictor, Crotalus-pyrrhus, Crotalus-tigris, Crotalus-horridus, Crotalus-viridis, Crotalus-adamanteus, Bothrops-jararaca, Protobothrops-mucrosquamatus, Protobothrops-flavoviridis, Vipera-berus, Pseudoxenodon-sp_KU312221, Thermophis-baileyi, Thamnophis-sirtalis, Thamnophis-elegans, Chrysopelea-ornata, Grayia-smythii_KU341872, Pseudoxyrhopus-tritaeniatus_KU340969, Pseudaspis-cana_MCZA27068, Oxyrhabdium-cfmodestum_KU338101, Oxyrhabdium-leporinum_KU346583, Cyclocorus-lineatus_KU335808, Psammodynastes-pulverulentus_KU328547, Hydrophis-melanocephalus, Elapsoidea-sundevallii_MCZR190390, Dipsas-indica_KU215336, Aplopeltura-boa_KU315147, Psammophis-sibilans_RAX2053, Rhamphiophis-oxyrhynchus_KU290451, Buhoma-depressiceps_CFS1528, Chamaelycus-fasciatus_KU348632, Lamprophis-lineatus_EBG706}
You may want to ignore posterior probabilities and other statistics related to the following branch branch because the effective number of genes impacting it is only 1:
	{Sibynophis-bivittatus_KU309608, Prosymna-visseri_MCZR190223, Micrelaps-sp_TauM16738, Hemibungarus-mcclungi_KU303027, Micrurus-corallinus_KU289205, Ophiophagus-hannah, Naja-naja, Hydrophis-curtus, Hydrophis-cyanocinctus, Hydrophis-hardwickii, Emydocephalus-ijimae, Notechis-scutatus, Pseudonaja-textilis, Laticauda-colubrina, Laticauda-laticaudata, Aparallactus-capensis_MCZA28808, Psammodynastes-pulverulentus_KU329686, Hologerrhum-philippinum_KU330752, Oxyrhabdium-modestum_KU310866, Myersophis-alpestris_KU308684, Levitonius-mirus_KU337269, Cerberus-schneiderii_KU324534, Myanophis-thanlyinensis, Achalinus-spinalis_KU312258, Python-molurus, Boa-constrictor, Crotalus-pyrrhus, Crotalus-tigris, Crotalus-horridus, Crotalus-viridis, Crotalus-adamanteus, Bothrops-jararaca, Protobothrops-mucrosquamatus, Protobothrops-flavoviridis, Vipera-berus, Pseudoxenodon-sp_KU312221, Thermophis-baileyi, Thamnophis-sirtalis, Thamnophis-elegans, Chrysopelea-ornata, Grayia-smythii_KU341872, Calamaria-gervaisii_KU327406, Pseudoxyrhopus-tritaeniatus_KU340969, Pseudaspis-cana_MCZA27068, Oxyrhabdium-cfmodestum_KU338101, Oxyrhabdium-leporinum_KU346583, Cyclocorus-lineatus_KU335808, Psammodynastes-pulverulentus_KU328547, Hydrophis-melanocephalus, Elapsoidea-sundevallii_MCZR190390, Ahaetulla-prasina_KU323364, Dipsas-indica_KU215336, Aplopeltura-boa_KU315147, Psammophis-sibilans_RAX2053, Rhamphiophis-oxyrhynchus_KU290451, Buhoma-depressiceps_CFS1528, Chamaelycus-fasciatus_KU348632, Lamprophis-lineatus_EBG706}
You may want to ignore posterior probabilities and other statistics related to the following branch branch because the effective number of genes impacting it is only 1:
	{Pantherophis-guttatus, Pantherophis-obsoletus, Pituophis-catenifer}
You may want to ignore posterior probabilities and other statistics related to the following branch branch because the effective number of genes impacting it is only 1:
	{Ptyas-mucosa, Pantherophis-guttatus, Pantherophis-obsoletus, Pituophis-catenifer}
You may want to ignore posterior probabilities and other statistics related to the following branch branch because the effective number of genes impacting it is only 1:
	{Sibynophis-bivittatus_KU309608, Prosymna-visseri_MCZR190223, Micrelaps-sp_TauM16738, Hemibungarus-mcclungi_KU303027, Micrurus-corallinus_KU289205, Ophiophagus-hannah, Naja-naja, Hydrophis-curtus, Hydrophis-cyanocinctus, Hydrophis-hardwickii, Emydocephalus-ijimae, Notechis-scutatus, Pseudonaja-textilis, Laticauda-colubrina, Laticauda-laticaudata, Aparallactus-capensis_MCZA28808, Psammodynastes-pulverulentus_KU329686, Hologerrhum-philippinum_KU330752, Oxyrhabdium-modestum_KU310866, Myersophis-alpestris_KU308684, Levitonius-mirus_KU337269, Cerberus-schneiderii_KU324534, Myanophis-thanlyinensis, Achalinus-spinalis_KU312258, Python-molurus, Boa-constrictor, Crotalus-pyrrhus, Crotalus-tigris, Crotalus-horridus, Crotalus-viridis, Crotalus-adamanteus, Bothrops-jararaca, Protobothrops-mucrosquamatus, Protobothrops-flavoviridis, Vipera-berus, Pseudoxenodon-sp_KU312221, Boiga-irregularis_KU345021, Ptyas-mucosa, Thermophis-baileyi, Thamnophis-sirtalis, Thamnophis-elegans, Chrysopelea-ornata, Grayia-smythii_KU341872, Calamaria-gervaisii_KU327406, Pseudoxyrhopus-tritaeniatus_KU340969, Pseudaspis-cana_MCZA27068, Oxyrhabdium-cfmodestum_KU338101, Oxyrhabdium-leporinum_KU346583, Cyclocorus-lineatus_KU335808, Psammodynastes-pulverulentus_KU328547, Hydrophis-melanocephalus, Elapsoidea-sundevallii_MCZR190390, Ahaetulla-prasina_KU323364, Pantherophis-guttatus, Pantherophis-obsoletus, Pituophis-catenifer, Dipsas-indica_KU215336, Aplopeltura-boa_KU315147, Psammophis-sibilans_RAX2053, Rhamphiophis-oxyrhynchus_KU290451, Buhoma-depressiceps_CFS1528, Chamaelycus-fasciatus_KU348632, Lamprophis-lineatus_EBG706}
You may want to ignore posterior probabilities and other statistics related to the following branch branch because the effective number of genes impacting it is only 1:
	{Pantherophis-obsoletus, Pituophis-catenifer}
You may want to ignore posterior probabilities and other statistics related to the following branch branch because the effective number of genes impacting it is only 2:
	{Sibynophis-bivittatus_KU309608, Prosymna-visseri_MCZR190223, Micrelaps-sp_TauM16738, Hemibungarus-mcclungi_KU303027, Micrurus-corallinus_KU289205, Ophiophagus-hannah, Naja-naja, Hydrophis-curtus, Hydrophis-cyanocinctus, Hydrophis-hardwickii, Emydocephalus-ijimae, Notechis-scutatus, Pseudonaja-textilis, Laticauda-colubrina, Laticauda-laticaudata, Aparallactus-capensis_MCZA28808, Psammodynastes-pulverulentus_KU329686, Hologerrhum-philippinum_KU330752, Oxyrhabdium-modestum_KU310866, Myersophis-alpestris_KU308684, Levitonius-mirus_KU337269, Cerberus-schneiderii_KU324534, Myanophis-thanlyinensis, Achalinus-spinalis_KU312258, Python-molurus, Boa-constrictor, Crotalus-pyrrhus, Crotalus-tigris, Crotalus-horridus, Crotalus-viridis, Crotalus-adamanteus, Bothrops-jararaca, Protobothrops-mucrosquamatus, Protobothrops-flavoviridis, Vipera-berus, Pseudoxenodon-sp_KU312221, Boiga-irregularis_KU345021, Thermophis-baileyi, Thamnophis-sirtalis, Thamnophis-elegans, Chrysopelea-ornata, Grayia-smythii_KU341872, Calamaria-gervaisii_KU327406, Pseudoxyrhopus-tritaeniatus_KU340969, Pseudaspis-cana_MCZA27068, Oxyrhabdium-cfmodestum_KU338101, Oxyrhabdium-leporinum_KU346583, Cyclocorus-lineatus_KU335808, Psammodynastes-pulverulentus_KU328547, Hydrophis-melanocephalus, Elapsoidea-sundevallii_MCZR190390, Ahaetulla-prasina_KU323364, Dipsas-indica_KU215336, Aplopeltura-boa_KU315147, Psammophis-sibilans_RAX2053, Rhamphiophis-oxyrhynchus_KU290451, Buhoma-depressiceps_CFS1528, Chamaelycus-fasciatus_KU348632, Lamprophis-lineatus_EBG706}
You may want to ignore posterior probabilities and other statistics related to the following branch branch because the effective number of genes impacting it is only 1:
	{Micrurus-corallinus_KU289205, Hydrophis-curtus, Hydrophis-cyanocinctus, Hydrophis-hardwickii, Emydocephalus-ijimae, Notechis-scutatus, Pseudonaja-textilis, Laticauda-colubrina, Laticauda-laticaudata, Hydrophis-melanocephalus}
You may want to ignore posterior probabilities and other statistics related to the following branch branch because the effective number of genes impacting it is only 1:
	{Thamnophis-sirtalis, Thamnophis-elegans}
(Scolecophis-atrocinctus_KU289804,(Tantilla-taeniata_KU289863,((Boiga-irregularis_KU345021,(Ahaetulla-prasina_KU323364,(Calamaria-gervaisii_KU327406,(Sibynophis-bivittatus_KU309608,(Grayia-smythii_KU341872,((((((Micrelaps-sp_TauM16738,((Aparallactus-capensis_MCZA28808,(Buhoma-depressiceps_CFS1528,(Pseudaspis-cana_MCZA27068,(Pseudoxyrhopus-tritaeniatus_KU340969,(Chamaelycus-fasciatus_KU348632,Lamprophis-lineatus_EBG706)0.67:0.2876820724517809)0.67:0.2876820724517809)0.67:0.2876820724517809)0.67:0.2876820724517809)0.67:0.2876820724517809,(Prosymna-visseri_MCZR190223,(Psammophis-sibilans_RAX2053,Rhamphiophis-oxyrhynchus_KU290451)0.67:0.2876820724517809)0.67:0.2876820724517809)0.42:0.0)0.79:0.48635276724726495,((((Oxyrhabdium-leporinum_KU346583,(Oxyrhabdium-modestum_KU310866,Oxyrhabdium-cfmodestum_KU338101)0.67:0.2876820724517809)0.67:0.2876820724517809,(Myersophis-alpestris_KU308684,Levitonius-mirus_KU337269)0.87:0.6931471805599453)0.42:0.0,(Hologerrhum-philippinum_KU330752,Cyclocorus-lineatus_KU335808)0.67:0.2876820724517809)0.87:0.6931471805599453,(Psammodynastes-pulverulentus_KU329686,Psammodynastes-pulverulentus_KU328547)0.67:0.2876820724517809)0.53:0.11441035117774434)0.45:0.03390155167568146,((Elapsoidea-sundevallii_MCZR190390,(Micrurus-corallinus_KU289205,((Notechis-scutatus,(Pseudonaja-textilis,(Hydrophis-melanocephalus,(Hydrophis-cyanocinctus,(Hydrophis-curtus,Hydrophis-hardwickii)0.42:0.0)0.67:0.2876820724517809)0.67:0.2876820724517809)0.42:0.0)0.78:0.4700036292457356,(Emydocephalus-ijimae,(Laticauda-colubrina,Laticauda-laticaudata)0.87:0.6931471805599453)0.42:0.0)0.87:0.6931471805599453)0.67:0.2876820724517809)0.67:0.2876820724517809,(Ophiophagus-hannah,(Hemibungarus-mcclungi_KU303027,Naja-naja)0.42:0.0)0.83:0.587786664902119)0.87:0.6931471805599453)0.87:0.6931471805599453,(((Vipera-berus,((Bothrops-jararaca,(Crotalus-horridus,((Crotalus-pyrrhus,Crotalus-tigris)0.42:0.0,(Crotalus-viridis,Crotalus-adamanteus)0.67:0.2876820724517809)0.42:0.0)0.67:0.2876820724517809)0.67:0.2876820724517809,(Protobothrops-mucrosquamatus,Protobothrops-flavoviridis)0.87:0.6931471805599453)0.87:0.6931471805599453)0.87:0.6931471805599453,(Aplopeltura-boa_KU315147,(Achalinus-spinalis_KU312258,(Python-molurus,Boa-constrictor)0.87:0.6931471805599453)0.67:0.2876820724517809)0.67:0.2876820724517809)0.87:0.6931471805599453,(Cerberus-schneiderii_KU324534,Myanophis-thanlyinensis)0.87:0.6931471805599453)0.42:0.0)0.87:0.6931471805599453,(Thermophis-baileyi,Dipsas-indica_KU215336)0.67:0.2876820724517809)0.71:0.34484048629172964,(Pseudoxenodon-sp_KU312221,(Chrysopelea-ornata,(Thamnophis-sirtalis,Thamnophis-elegans)0.67:0.2876820724517809)0.67:0.2876820724517809)0.45:0.0)0.5:0.0779615414697118)0.59:0.1670540846631662)0.45:0.0)0.67:0.2876820724517809)0.67:0.2876820724517809)0.42:0.0,(Ptyas-mucosa,(Pantherophis-guttatus,(Pantherophis-obsoletus,Pituophis-catenifer)0.67:0.2876820724517809)0.67:0.2876820724517809)0.67:0.2876820724517809)0.67:0.2876820724517809));
ASTRAL finished in 1.846 secs
Shutting down threading
