

================== ASTRAL ===================== 

This is ASTRAL version 5.15.5
Warning: 
 Fail to load native library libAstral.dylib; use Java default computing method without AVX2, which is 4X slower. 
 Make sure you are using the correct Djava.library.path (to the `lib` directory under ASTRAL where libAstral.dylib can be found). 
 Trying running make.sh. For mode debugging, run: java -Djava.library.path=lib/ -jar native_library_tester.jar
Gene trees are treated as unrooted
Detected GPU devices: 
Device 1 of 2: Apple M1 cl_device_id[0xffffffff] Vendor: Intel
Device 2 of 2: Apple M1 cl_device_id[0x1027f00] Vendor: Apple
Will use Device : Apple M1
Will use Device : Apple M1
Starting 8 threads ...
There are 8 threads used to run.
14 trees read from /dev/fd/11
All output trees will be *arbitrarily* rooted at Pseudoxyrhopus-tritaeniatus_KU340969

======== Running the main analysis
Number of taxa: 66 (66 species)
Taxa: [Pseudoxyrhopus-tritaeniatus_KU340969, Pseudaspis-cana_MCZA27068, Chamaelycus-fasciatus_KU348632, Lamprophis-lineatus_EBG706, Oxyrhabdium-modestum_KU310866, Oxyrhabdium-cfmodestum_KU338101, Oxyrhabdium-leporinum_KU346583, Myersophis-alpestris_KU308684, Cyclocorus-lineatus_KU335808, Hologerrhum-philippinum_KU330752, Levitonius-mirus_KU337269, Hemibungarus-mcclungi_KU303027, Ophiophagus-hannah, Naja-naja, Elapsoidea-sundevallii_MCZR190390, Hydrophis-curtus, Hydrophis-cyanocinctus, Hydrophis-melanocephalus, Hydrophis-hardwickii, Emydocephalus-ijimae, Notechis-scutatus, Pseudonaja-textilis, Laticauda-colubrina, Laticauda-laticaudata, Micrurus-corallinus_KU289205, Psammodynastes-pulverulentus_KU328547, Cerberus-schneiderii_KU324534, Myanophis-thanlyinensis, Achalinus-spinalis_KU312258, Acrochordus-granulatus_KU302952, Python-molurus, Boa-constrictor, Aplopeltura-boa_KU315147, Vipera-berus, Protobothrops-mucrosquamatus, Crotalus-viridis, Crotalus-tigris, Crotalus-adamanteus, Crotalus-horridus, Bothrops-jararaca, Ahaetulla-prasina_KU323364, Chrysopelea-ornata, Scolecophis-atrocinctus_KU289804, Tantilla-taeniata_KU289863, Pantherophis-guttatus, Pituophis-catenifer, Ptyas-mucosa, Boiga-irregularis_KU345021, Grayia-smythii_KU341872, Calamaria-gervaisii_KU327406, Pseudoxenodon-sp_KU312221, Thamnophis-sirtalis, Dipsas-indica_KU215336, Thermophis-baileyi, Psammophis-sibilans_RAX2053, Rhamphiophis-oxyrhynchus_KU290451, Buhoma-depressiceps_CFS1528, Aparallactus-capensis_MCZA28808, Micrelaps-sp_TauM16738, Prosymna-visseri_MCZR190223, Pantherophis-obsoletus, Sibynophis-bivittatus_KU309608, Thamnophis-elegans, Psammodynastes-pulverulentus_KU329686, Crotalus-pyrrhus, Protobothrops-flavoviridis]
Taxon occupancy: {Protobothrops-flavoviridis=9, Hologerrhum-philippinum_KU330752=12, Thamnophis-sirtalis=8, Hydrophis-hardwickii=13, Psammophis-sibilans_RAX2053=11, Crotalus-pyrrhus=10, Elapsoidea-sundevallii_MCZR190390=14, Bothrops-jararaca=11, Notechis-scutatus=12, Levitonius-mirus_KU337269=12, Buhoma-depressiceps_CFS1528=10, Ophiophagus-hannah=12, Scolecophis-atrocinctus_KU289804=12, Ptyas-mucosa=14, Calamaria-gervaisii_KU327406=13, Boiga-irregularis_KU345021=11, Aparallactus-capensis_MCZA28808=12, Myanophis-thanlyinensis=11, Python-molurus=9, Ahaetulla-prasina_KU323364=12, Pseudaspis-cana_MCZA27068=11, Psammodynastes-pulverulentus_KU328547=12, Crotalus-tigris=12, Rhamphiophis-oxyrhynchus_KU290451=10, Vipera-berus=9, Protobothrops-mucrosquamatus=12, Pantherophis-obsoletus=11, Chrysopelea-ornata=12, Thamnophis-elegans=9, Laticauda-laticaudata=14, Myersophis-alpestris_KU308684=13, Oxyrhabdium-leporinum_KU346583=12, Acrochordus-granulatus_KU302952=9, Cyclocorus-lineatus_KU335808=11, Oxyrhabdium-cfmodestum_KU338101=10, Tantilla-taeniata_KU289863=11, Grayia-smythii_KU341872=13, Crotalus-viridis=9, Crotalus-adamanteus=11, Pseudoxyrhopus-tritaeniatus_KU340969=10, Dipsas-indica_KU215336=13, Oxyrhabdium-modestum_KU310866=11, Emydocephalus-ijimae=13, Pantherophis-guttatus=13, Aplopeltura-boa_KU315147=9, Sibynophis-bivittatus_KU309608=11, Thermophis-baileyi=13, Pituophis-catenifer=11, Lamprophis-lineatus_EBG706=12, Hydrophis-curtus=12, Pseudoxenodon-sp_KU312221=12, Chamaelycus-fasciatus_KU348632=13, Hemibungarus-mcclungi_KU303027=13, Pseudonaja-textilis=13, Laticauda-colubrina=14, Crotalus-horridus=12, Micrurus-corallinus_KU289205=12, Boa-constrictor=9, Psammodynastes-pulverulentus_KU329686=9, Hydrophis-melanocephalus=11, Achalinus-spinalis_KU312258=9, Micrelaps-sp_TauM16738=14, Prosymna-visseri_MCZR190223=13, Naja-naja=14, Hydrophis-cyanocinctus=12, Cerberus-schneiderii_KU324534=14}
Using polytree-based weight calculation.
Number of gene trees: 14
14 trees have missing taxa
Calculating distance matrix (for completion of X) ....with 4 distance matrices for parallellism
Species tree distances calculated ...

Will attempt to complete bipartitions from X before adding using a distance matrix.
Building set of clusters (X) from gene trees 
------------------------------
Number of Clusters after addition from gene trees: 701
Number of Clusters after addition by distance: 701
Adding to X using resolutions of greedy consensus ...

Computing greedy consensus  
took 0 seconds
Limit for sigma of degrees:1700

polytomy size limit : > 11
 [3, 3, 3, 3, 3, 4, 4, 11]
discarded polytomies: 
Threshold 0.0:
Threshold 0.01:
Threshold 0.02:
Threshold 0.05:
Threshold 0.1:
Threshold 0.2:
polytomy of size 3; rounds with additions with at least 5 support: 0; clusters: 707
polytomy of size 3; rounds with additions with at least 5 support: 1; clusters: 707
Threshold 0.3333333333333333:
polytomy of size 3; rounds with additions with at least 5 support: 0; clusters: 707
polytomy of size 4; rounds with additions with at least 5 support: 0; clusters: 707
polytomy of size 3; rounds with additions with at least 5 support: 0; clusters: 707
polytomy of size 3; rounds with additions with at least 5 support: 0; clusters: 707
polytomy of size 4; rounds with additions with at least 5 support: 1; clusters: 707
polytomy of size 11; rounds with additions with at least 5 support: 0; clusters: 709
Number of Clusters after addition by greedy: 709
partitions formed in 0.739 secs
Dynamic Programming starting after 0.74 secs
Polytree max score: 5454438
Polytree building time: 0.027 seconds.
Fail to load native library libAstral.dylib; use Java default computing method.
Number of quartet trees in the gene trees: 5454438
Computing hash values took 0 seconds
device length is: 2
TREE HEIGHT IS: 11
Size of largest cluster: 66
Size of largest cluster: 66
Finishing up:604 0 603
Total Number of elements: 603
Normalized score (portion of input quartet trees satisfied before correcting for multiple individuals): 0.8718401419174624
Final optimization score: 4755398
Optimal tree inferred in 1.922 secs.
Weight calculation using polytrees cumulatively took 0.0 secs
(Pseudoxyrhopus-tritaeniatus_KU340969,(((((((((Sibynophis-bivittatus_KU309608,(Calamaria-gervaisii_KU327406,(Grayia-smythii_KU341872,((Boiga-irregularis_KU345021,((Pantherophis-guttatus,(Pituophis-catenifer,Pantherophis-obsoletus)),(Ptyas-mucosa,(Scolecophis-atrocinctus_KU289804,Tantilla-taeniata_KU289863)))),(Ahaetulla-prasina_KU323364,Chrysopelea-ornata))))),(Pseudoxenodon-sp_KU312221,(Thamnophis-sirtalis,Thamnophis-elegans))),(Dipsas-indica_KU215336,Thermophis-baileyi)),(((Vipera-berus,((Bothrops-jararaca,(Crotalus-horridus,(Crotalus-adamanteus,(Crotalus-viridis,(Crotalus-tigris,Crotalus-pyrrhus))))),(Protobothrops-mucrosquamatus,Protobothrops-flavoviridis))),(Aplopeltura-boa_KU315147,(Achalinus-spinalis_KU312258,(Acrochordus-granulatus_KU302952,(Python-molurus,Boa-constrictor))))),(Cerberus-schneiderii_KU324534,Myanophis-thanlyinensis))),(Levitonius-mirus_KU337269,((Myersophis-alpestris_KU308684,(Oxyrhabdium-leporinum_KU346583,(Oxyrhabdium-modestum_KU310866,Oxyrhabdium-cfmodestum_KU338101))),(Cyclocorus-lineatus_KU335808,Hologerrhum-philippinum_KU330752)))),(Micrurus-corallinus_KU289205,((Elapsoidea-sundevallii_MCZR190390,((Notechis-scutatus,(Pseudonaja-textilis,(Emydocephalus-ijimae,((Hydrophis-cyanocinctus,Hydrophis-melanocephalus),(Hydrophis-curtus,Hydrophis-hardwickii))))),(Laticauda-colubrina,Laticauda-laticaudata))),(Naja-naja,(Hemibungarus-mcclungi_KU303027,Ophiophagus-hannah))))),(Micrelaps-sp_TauM16738,(Psammodynastes-pulverulentus_KU328547,Psammodynastes-pulverulentus_KU329686))),((Aparallactus-capensis_MCZA28808,(Buhoma-depressiceps_CFS1528,(Psammophis-sibilans_RAX2053,Rhamphiophis-oxyrhynchus_KU290451))),(Pseudaspis-cana_MCZA27068,Prosymna-visseri_MCZR190223))),(Chamaelycus-fasciatus_KU348632,Lamprophis-lineatus_EBG706)));
Final quartet score is: 4704858
Final normalized quartet score is: 0.8625742927135664
You may want to ignore posterior probabilities and other statistics related to the following branch branch because the effective number of genes impacting it is only 9:
	{Scolecophis-atrocinctus_KU289804, Tantilla-taeniata_KU289863}
You may want to ignore posterior probabilities and other statistics related to the following branch branch because the effective number of genes impacting it is only 9:
	{Pituophis-catenifer, Pantherophis-obsoletus}
You may want to ignore posterior probabilities and other statistics related to the following branch branch because the effective number of genes impacting it is only 11:
	{Scolecophis-atrocinctus_KU289804, Tantilla-taeniata_KU289863, Pantherophis-guttatus, Pituophis-catenifer, Ptyas-mucosa, Boiga-irregularis_KU345021, Pantherophis-obsoletus}
You may want to ignore posterior probabilities and other statistics related to the following branch branch because the effective number of genes impacting it is only 13:
	{Scolecophis-atrocinctus_KU289804, Tantilla-taeniata_KU289863, Ptyas-mucosa}
You may want to ignore posterior probabilities and other statistics related to the following branch branch because the effective number of genes impacting it is only 11:
	{Scolecophis-atrocinctus_KU289804, Tantilla-taeniata_KU289863, Pantherophis-guttatus, Pituophis-catenifer, Ptyas-mucosa, Pantherophis-obsoletus}
You may want to ignore posterior probabilities and other statistics related to the following branch branch because the effective number of genes impacting it is only 13:
	{Pantherophis-guttatus, Pituophis-catenifer, Pantherophis-obsoletus}
You may want to ignore posterior probabilities and other statistics related to the following branch branch because the effective number of genes impacting it is only 11:
	{Ahaetulla-prasina_KU323364, Chrysopelea-ornata}
You may want to ignore posterior probabilities and other statistics related to the following branch branch because the effective number of genes impacting it is only 5:
	{Thamnophis-sirtalis, Thamnophis-elegans}
You may want to ignore posterior probabilities and other statistics related to the following branch branch because the effective number of genes impacting it is only 11:
	{Ahaetulla-prasina_KU323364, Chrysopelea-ornata, Scolecophis-atrocinctus_KU289804, Tantilla-taeniata_KU289863, Pantherophis-guttatus, Pituophis-catenifer, Ptyas-mucosa, Boiga-irregularis_KU345021, Grayia-smythii_KU341872, Calamaria-gervaisii_KU327406, Pantherophis-obsoletus, Sibynophis-bivittatus_KU309608}
You may want to ignore posterior probabilities and other statistics related to the following branch branch because the effective number of genes impacting it is only 10:
	{Ahaetulla-prasina_KU323364, Chrysopelea-ornata, Scolecophis-atrocinctus_KU289804, Tantilla-taeniata_KU289863, Pantherophis-guttatus, Pituophis-catenifer, Ptyas-mucosa, Boiga-irregularis_KU345021, Grayia-smythii_KU341872, Calamaria-gervaisii_KU327406, Pantherophis-obsoletus}
You may want to ignore posterior probabilities and other statistics related to the following branch branch because the effective number of genes impacting it is only 12:
	{Dipsas-indica_KU215336, Thermophis-baileyi}
You may want to ignore posterior probabilities and other statistics related to the following branch branch because the effective number of genes impacting it is only 9:
	{Pseudoxenodon-sp_KU312221, Thamnophis-sirtalis, Thamnophis-elegans}
You may want to ignore posterior probabilities and other statistics related to the following branch branch because the effective number of genes impacting it is only 13:
	{Ahaetulla-prasina_KU323364, Chrysopelea-ornata, Scolecophis-atrocinctus_KU289804, Tantilla-taeniata_KU289863, Pantherophis-guttatus, Pituophis-catenifer, Ptyas-mucosa, Boiga-irregularis_KU345021, Pantherophis-obsoletus}
You may want to ignore posterior probabilities and other statistics related to the following branch branch because the effective number of genes impacting it is only 14:
	{Ahaetulla-prasina_KU323364, Chrysopelea-ornata, Scolecophis-atrocinctus_KU289804, Tantilla-taeniata_KU289863, Pantherophis-guttatus, Pituophis-catenifer, Ptyas-mucosa, Boiga-irregularis_KU345021, Grayia-smythii_KU341872, Calamaria-gervaisii_KU327406, Pseudoxenodon-sp_KU312221, Thamnophis-sirtalis, Dipsas-indica_KU215336, Thermophis-baileyi, Pantherophis-obsoletus, Sibynophis-bivittatus_KU309608, Thamnophis-elegans}
You may want to ignore posterior probabilities and other statistics related to the following branch branch because the effective number of genes impacting it is only 13:
	{Ahaetulla-prasina_KU323364, Chrysopelea-ornata, Scolecophis-atrocinctus_KU289804, Tantilla-taeniata_KU289863, Pantherophis-guttatus, Pituophis-catenifer, Ptyas-mucosa, Boiga-irregularis_KU345021, Grayia-smythii_KU341872, Pantherophis-obsoletus}
You may want to ignore posterior probabilities and other statistics related to the following branch branch because the effective number of genes impacting it is only 7:
	{Crotalus-tigris, Crotalus-pyrrhus}
You may want to ignore posterior probabilities and other statistics related to the following branch branch because the effective number of genes impacting it is only 9:
	{Crotalus-viridis, Crotalus-tigris, Crotalus-pyrrhus}
You may want to ignore posterior probabilities and other statistics related to the following branch branch because the effective number of genes impacting it is only 11:
	{Crotalus-viridis, Crotalus-tigris, Crotalus-adamanteus, Crotalus-horridus, Bothrops-jararaca, Crotalus-pyrrhus}
You may want to ignore posterior probabilities and other statistics related to the following branch branch because the effective number of genes impacting it is only 14:
	{Ahaetulla-prasina_KU323364, Chrysopelea-ornata, Scolecophis-atrocinctus_KU289804, Tantilla-taeniata_KU289863, Pantherophis-guttatus, Pituophis-catenifer, Ptyas-mucosa, Boiga-irregularis_KU345021, Grayia-smythii_KU341872, Calamaria-gervaisii_KU327406, Pseudoxenodon-sp_KU312221, Thamnophis-sirtalis, Pantherophis-obsoletus, Sibynophis-bivittatus_KU309608, Thamnophis-elegans}
You may want to ignore posterior probabilities and other statistics related to the following branch branch because the effective number of genes impacting it is only 11:
	{Crotalus-viridis, Crotalus-tigris, Crotalus-adamanteus, Crotalus-horridus, Crotalus-pyrrhus}
You may want to ignore posterior probabilities and other statistics related to the following branch branch because the effective number of genes impacting it is only 8:
	{Acrochordus-granulatus_KU302952, Python-molurus, Boa-constrictor}
You may want to ignore posterior probabilities and other statistics related to the following branch branch because the effective number of genes impacting it is only 7:
	{Python-molurus, Boa-constrictor}
You may want to ignore posterior probabilities and other statistics related to the following branch branch because the effective number of genes impacting it is only 12:
	{Achalinus-spinalis_KU312258, Acrochordus-granulatus_KU302952, Python-molurus, Boa-constrictor, Aplopeltura-boa_KU315147, Vipera-berus, Protobothrops-mucrosquamatus, Crotalus-viridis, Crotalus-tigris, Crotalus-adamanteus, Crotalus-horridus, Bothrops-jararaca, Crotalus-pyrrhus, Protobothrops-flavoviridis}
You may want to ignore posterior probabilities and other statistics related to the following branch branch because the effective number of genes impacting it is only 9:
	{Protobothrops-mucrosquamatus, Protobothrops-flavoviridis}
You may want to ignore posterior probabilities and other statistics related to the following branch branch because the effective number of genes impacting it is only 11:
	{Crotalus-viridis, Crotalus-tigris, Crotalus-adamanteus, Crotalus-pyrrhus}
You may want to ignore posterior probabilities and other statistics related to the following branch branch because the effective number of genes impacting it is only 8:
	{Achalinus-spinalis_KU312258, Acrochordus-granulatus_KU302952, Python-molurus, Boa-constrictor, Aplopeltura-boa_KU315147}
You may want to ignore posterior probabilities and other statistics related to the following branch branch because the effective number of genes impacting it is only 9:
	{Protobothrops-mucrosquamatus, Crotalus-viridis, Crotalus-tigris, Crotalus-adamanteus, Crotalus-horridus, Bothrops-jararaca, Crotalus-pyrrhus, Protobothrops-flavoviridis}
You may want to ignore posterior probabilities and other statistics related to the following branch branch because the effective number of genes impacting it is only 10:
	{Oxyrhabdium-modestum_KU310866, Oxyrhabdium-cfmodestum_KU338101}
You may want to ignore posterior probabilities and other statistics related to the following branch branch because the effective number of genes impacting it is only 11:
	{Oxyrhabdium-modestum_KU310866, Oxyrhabdium-cfmodestum_KU338101, Oxyrhabdium-leporinum_KU346583, Myersophis-alpestris_KU308684}
You may want to ignore posterior probabilities and other statistics related to the following branch branch because the effective number of genes impacting it is only 9:
	{Vipera-berus, Protobothrops-mucrosquamatus, Crotalus-viridis, Crotalus-tigris, Crotalus-adamanteus, Crotalus-horridus, Bothrops-jararaca, Crotalus-pyrrhus, Protobothrops-flavoviridis}
You may want to ignore posterior probabilities and other statistics related to the following branch branch because the effective number of genes impacting it is only 7:
	{Achalinus-spinalis_KU312258, Acrochordus-granulatus_KU302952, Python-molurus, Boa-constrictor}
You may want to ignore posterior probabilities and other statistics related to the following branch branch because the effective number of genes impacting it is only 14:
	{Cerberus-schneiderii_KU324534, Myanophis-thanlyinensis, Achalinus-spinalis_KU312258, Acrochordus-granulatus_KU302952, Python-molurus, Boa-constrictor, Aplopeltura-boa_KU315147, Vipera-berus, Protobothrops-mucrosquamatus, Crotalus-viridis, Crotalus-tigris, Crotalus-adamanteus, Crotalus-horridus, Bothrops-jararaca, Ahaetulla-prasina_KU323364, Chrysopelea-ornata, Scolecophis-atrocinctus_KU289804, Tantilla-taeniata_KU289863, Pantherophis-guttatus, Pituophis-catenifer, Ptyas-mucosa, Boiga-irregularis_KU345021, Grayia-smythii_KU341872, Calamaria-gervaisii_KU327406, Pseudoxenodon-sp_KU312221, Thamnophis-sirtalis, Dipsas-indica_KU215336, Thermophis-baileyi, Pantherophis-obsoletus, Sibynophis-bivittatus_KU309608, Thamnophis-elegans, Crotalus-pyrrhus, Protobothrops-flavoviridis}
You may want to ignore posterior probabilities and other statistics related to the following branch branch because the effective number of genes impacting it is only 13:
	{Cerberus-schneiderii_KU324534, Myanophis-thanlyinensis, Achalinus-spinalis_KU312258, Acrochordus-granulatus_KU302952, Python-molurus, Boa-constrictor, Aplopeltura-boa_KU315147, Vipera-berus, Protobothrops-mucrosquamatus, Crotalus-viridis, Crotalus-tigris, Crotalus-adamanteus, Crotalus-horridus, Bothrops-jararaca, Crotalus-pyrrhus, Protobothrops-flavoviridis}
You may want to ignore posterior probabilities and other statistics related to the following branch branch because the effective number of genes impacting it is only 10:
	{Cerberus-schneiderii_KU324534, Myanophis-thanlyinensis}
You may want to ignore posterior probabilities and other statistics related to the following branch branch because the effective number of genes impacting it is only 11:
	{Oxyrhabdium-modestum_KU310866, Oxyrhabdium-cfmodestum_KU338101, Oxyrhabdium-leporinum_KU346583, Myersophis-alpestris_KU308684, Cyclocorus-lineatus_KU335808, Hologerrhum-philippinum_KU330752}
You may want to ignore posterior probabilities and other statistics related to the following branch branch because the effective number of genes impacting it is only 10:
	{Oxyrhabdium-modestum_KU310866, Oxyrhabdium-cfmodestum_KU338101, Oxyrhabdium-leporinum_KU346583}
You may want to ignore posterior probabilities and other statistics related to the following branch branch because the effective number of genes impacting it is only 11:
	{Hydrophis-cyanocinctus, Hydrophis-melanocephalus}
You may want to ignore posterior probabilities and other statistics related to the following branch branch because the effective number of genes impacting it is only 10:
	{Cyclocorus-lineatus_KU335808, Hologerrhum-philippinum_KU330752}
You may want to ignore posterior probabilities and other statistics related to the following branch branch because the effective number of genes impacting it is only 12:
	{Oxyrhabdium-modestum_KU310866, Oxyrhabdium-cfmodestum_KU338101, Oxyrhabdium-leporinum_KU346583, Myersophis-alpestris_KU308684, Cyclocorus-lineatus_KU335808, Hologerrhum-philippinum_KU330752, Levitonius-mirus_KU337269}
You may want to ignore posterior probabilities and other statistics related to the following branch branch because the effective number of genes impacting it is only 13:
	{Hydrophis-curtus, Hydrophis-cyanocinctus, Hydrophis-melanocephalus, Hydrophis-hardwickii, Emydocephalus-ijimae}
You may want to ignore posterior probabilities and other statistics related to the following branch branch because the effective number of genes impacting it is only 12:
	{Hydrophis-curtus, Hydrophis-cyanocinctus, Hydrophis-melanocephalus, Hydrophis-hardwickii}
You may want to ignore posterior probabilities and other statistics related to the following branch branch because the effective number of genes impacting it is only 13:
	{Hydrophis-curtus, Hydrophis-cyanocinctus, Hydrophis-melanocephalus, Hydrophis-hardwickii, Emydocephalus-ijimae, Notechis-scutatus, Pseudonaja-textilis, Laticauda-colubrina, Laticauda-laticaudata}
You may want to ignore posterior probabilities and other statistics related to the following branch branch because the effective number of genes impacting it is only 14:
	{Oxyrhabdium-modestum_KU310866, Oxyrhabdium-cfmodestum_KU338101, Oxyrhabdium-leporinum_KU346583, Myersophis-alpestris_KU308684, Cyclocorus-lineatus_KU335808, Hologerrhum-philippinum_KU330752, Levitonius-mirus_KU337269, Cerberus-schneiderii_KU324534, Myanophis-thanlyinensis, Achalinus-spinalis_KU312258, Acrochordus-granulatus_KU302952, Python-molurus, Boa-constrictor, Aplopeltura-boa_KU315147, Vipera-berus, Protobothrops-mucrosquamatus, Crotalus-viridis, Crotalus-tigris, Crotalus-adamanteus, Crotalus-horridus, Bothrops-jararaca, Ahaetulla-prasina_KU323364, Chrysopelea-ornata, Scolecophis-atrocinctus_KU289804, Tantilla-taeniata_KU289863, Pantherophis-guttatus, Pituophis-catenifer, Ptyas-mucosa, Boiga-irregularis_KU345021, Grayia-smythii_KU341872, Calamaria-gervaisii_KU327406, Pseudoxenodon-sp_KU312221, Thamnophis-sirtalis, Dipsas-indica_KU215336, Thermophis-baileyi, Pantherophis-obsoletus, Sibynophis-bivittatus_KU309608, Thamnophis-elegans, Crotalus-pyrrhus, Protobothrops-flavoviridis}
You may want to ignore posterior probabilities and other statistics related to the following branch branch because the effective number of genes impacting it is only 12:
	{Hydrophis-curtus, Hydrophis-cyanocinctus, Hydrophis-melanocephalus, Hydrophis-hardwickii, Emydocephalus-ijimae, Notechis-scutatus, Pseudonaja-textilis}
You may want to ignore posterior probabilities and other statistics related to the following branch branch because the effective number of genes impacting it is only 14:
	{Elapsoidea-sundevallii_MCZR190390, Hydrophis-curtus, Hydrophis-cyanocinctus, Hydrophis-melanocephalus, Hydrophis-hardwickii, Emydocephalus-ijimae, Notechis-scutatus, Pseudonaja-textilis, Laticauda-colubrina, Laticauda-laticaudata}
You may want to ignore posterior probabilities and other statistics related to the following branch branch because the effective number of genes impacting it is only 12:
	{Hemibungarus-mcclungi_KU303027, Ophiophagus-hannah, Naja-naja, Elapsoidea-sundevallii_MCZR190390, Hydrophis-curtus, Hydrophis-cyanocinctus, Hydrophis-melanocephalus, Hydrophis-hardwickii, Emydocephalus-ijimae, Notechis-scutatus, Pseudonaja-textilis, Laticauda-colubrina, Laticauda-laticaudata}
You may want to ignore posterior probabilities and other statistics related to the following branch branch because the effective number of genes impacting it is only 14:
	{Hemibungarus-mcclungi_KU303027, Ophiophagus-hannah, Naja-naja}
You may want to ignore posterior probabilities and other statistics related to the following branch branch because the effective number of genes impacting it is only 7:
	{Psammodynastes-pulverulentus_KU328547, Psammodynastes-pulverulentus_KU329686}
You may want to ignore posterior probabilities and other statistics related to the following branch branch because the effective number of genes impacting it is only 14:
	{Oxyrhabdium-modestum_KU310866, Oxyrhabdium-cfmodestum_KU338101, Oxyrhabdium-leporinum_KU346583, Myersophis-alpestris_KU308684, Cyclocorus-lineatus_KU335808, Hologerrhum-philippinum_KU330752, Levitonius-mirus_KU337269, Hemibungarus-mcclungi_KU303027, Ophiophagus-hannah, Naja-naja, Elapsoidea-sundevallii_MCZR190390, Hydrophis-curtus, Hydrophis-cyanocinctus, Hydrophis-melanocephalus, Hydrophis-hardwickii, Emydocephalus-ijimae, Notechis-scutatus, Pseudonaja-textilis, Laticauda-colubrina, Laticauda-laticaudata, Micrurus-corallinus_KU289205, Cerberus-schneiderii_KU324534, Myanophis-thanlyinensis, Achalinus-spinalis_KU312258, Acrochordus-granulatus_KU302952, Python-molurus, Boa-constrictor, Aplopeltura-boa_KU315147, Vipera-berus, Protobothrops-mucrosquamatus, Crotalus-viridis, Crotalus-tigris, Crotalus-adamanteus, Crotalus-horridus, Bothrops-jararaca, Ahaetulla-prasina_KU323364, Chrysopelea-ornata, Scolecophis-atrocinctus_KU289804, Tantilla-taeniata_KU289863, Pantherophis-guttatus, Pituophis-catenifer, Ptyas-mucosa, Boiga-irregularis_KU345021, Grayia-smythii_KU341872, Calamaria-gervaisii_KU327406, Pseudoxenodon-sp_KU312221, Thamnophis-sirtalis, Dipsas-indica_KU215336, Thermophis-baileyi, Pantherophis-obsoletus, Sibynophis-bivittatus_KU309608, Thamnophis-elegans, Crotalus-pyrrhus, Protobothrops-flavoviridis}
You may want to ignore posterior probabilities and other statistics related to the following branch branch because the effective number of genes impacting it is only 13:
	{Oxyrhabdium-modestum_KU310866, Oxyrhabdium-cfmodestum_KU338101, Oxyrhabdium-leporinum_KU346583, Myersophis-alpestris_KU308684, Cyclocorus-lineatus_KU335808, Hologerrhum-philippinum_KU330752, Levitonius-mirus_KU337269, Hemibungarus-mcclungi_KU303027, Ophiophagus-hannah, Naja-naja, Elapsoidea-sundevallii_MCZR190390, Hydrophis-curtus, Hydrophis-cyanocinctus, Hydrophis-melanocephalus, Hydrophis-hardwickii, Emydocephalus-ijimae, Notechis-scutatus, Pseudonaja-textilis, Laticauda-colubrina, Laticauda-laticaudata, Micrurus-corallinus_KU289205, Psammodynastes-pulverulentus_KU328547, Cerberus-schneiderii_KU324534, Myanophis-thanlyinensis, Achalinus-spinalis_KU312258, Acrochordus-granulatus_KU302952, Python-molurus, Boa-constrictor, Aplopeltura-boa_KU315147, Vipera-berus, Protobothrops-mucrosquamatus, Crotalus-viridis, Crotalus-tigris, Crotalus-adamanteus, Crotalus-horridus, Bothrops-jararaca, Ahaetulla-prasina_KU323364, Chrysopelea-ornata, Scolecophis-atrocinctus_KU289804, Tantilla-taeniata_KU289863, Pantherophis-guttatus, Pituophis-catenifer, Ptyas-mucosa, Boiga-irregularis_KU345021, Grayia-smythii_KU341872, Calamaria-gervaisii_KU327406, Pseudoxenodon-sp_KU312221, Thamnophis-sirtalis, Dipsas-indica_KU215336, Thermophis-baileyi, Micrelaps-sp_TauM16738, Pantherophis-obsoletus, Sibynophis-bivittatus_KU309608, Thamnophis-elegans, Psammodynastes-pulverulentus_KU329686, Crotalus-pyrrhus, Protobothrops-flavoviridis}
You may want to ignore posterior probabilities and other statistics related to the following branch branch because the effective number of genes impacting it is only 9:
	{Psammophis-sibilans_RAX2053, Rhamphiophis-oxyrhynchus_KU290451}
You may want to ignore posterior probabilities and other statistics related to the following branch branch because the effective number of genes impacting it is only 10:
	{Psammophis-sibilans_RAX2053, Rhamphiophis-oxyrhynchus_KU290451, Buhoma-depressiceps_CFS1528}
You may want to ignore posterior probabilities and other statistics related to the following branch branch because the effective number of genes impacting it is only 12:
	{Hemibungarus-mcclungi_KU303027, Ophiophagus-hannah, Naja-naja, Elapsoidea-sundevallii_MCZR190390, Hydrophis-curtus, Hydrophis-cyanocinctus, Hydrophis-melanocephalus, Hydrophis-hardwickii, Emydocephalus-ijimae, Notechis-scutatus, Pseudonaja-textilis, Laticauda-colubrina, Laticauda-laticaudata, Micrurus-corallinus_KU289205}
You may want to ignore posterior probabilities and other statistics related to the following branch branch because the effective number of genes impacting it is only 14:
	{Psammodynastes-pulverulentus_KU328547, Micrelaps-sp_TauM16738, Psammodynastes-pulverulentus_KU329686}
You may want to ignore posterior probabilities and other statistics related to the following branch branch because the effective number of genes impacting it is only 12:
	{Hydrophis-curtus, Hydrophis-cyanocinctus, Hydrophis-melanocephalus, Hydrophis-hardwickii, Emydocephalus-ijimae, Pseudonaja-textilis}
You may want to ignore posterior probabilities and other statistics related to the following branch branch because the effective number of genes impacting it is only 13:
	{Laticauda-colubrina, Laticauda-laticaudata}
You may want to ignore posterior probabilities and other statistics related to the following branch branch because the effective number of genes impacting it is only 11:
	{Hydrophis-curtus, Hydrophis-hardwickii}
You may want to ignore posterior probabilities and other statistics related to the following branch branch because the effective number of genes impacting it is only 11:
	{Psammophis-sibilans_RAX2053, Rhamphiophis-oxyrhynchus_KU290451, Buhoma-depressiceps_CFS1528, Aparallactus-capensis_MCZA28808}
You may want to ignore posterior probabilities and other statistics related to the following branch branch because the effective number of genes impacting it is only 11:
	{Hemibungarus-mcclungi_KU303027, Ophiophagus-hannah}
You may want to ignore posterior probabilities and other statistics related to the following branch branch because the effective number of genes impacting it is only 12:
	{Pseudaspis-cana_MCZA27068, Psammophis-sibilans_RAX2053, Rhamphiophis-oxyrhynchus_KU290451, Buhoma-depressiceps_CFS1528, Aparallactus-capensis_MCZA28808, Prosymna-visseri_MCZR190223}
You may want to ignore posterior probabilities and other statistics related to the following branch branch because the effective number of genes impacting it is only 11:
	{Pseudaspis-cana_MCZA27068, Prosymna-visseri_MCZR190223}
You may want to ignore posterior probabilities and other statistics related to the following branch branch because the effective number of genes impacting it is only 9:
	{Chamaelycus-fasciatus_KU348632, Lamprophis-lineatus_EBG706}
You may want to ignore posterior probabilities and other statistics related to the following branch branch because the effective number of genes impacting it is only 10:
	{Pseudaspis-cana_MCZA27068, Oxyrhabdium-modestum_KU310866, Oxyrhabdium-cfmodestum_KU338101, Oxyrhabdium-leporinum_KU346583, Myersophis-alpestris_KU308684, Cyclocorus-lineatus_KU335808, Hologerrhum-philippinum_KU330752, Levitonius-mirus_KU337269, Hemibungarus-mcclungi_KU303027, Ophiophagus-hannah, Naja-naja, Elapsoidea-sundevallii_MCZR190390, Hydrophis-curtus, Hydrophis-cyanocinctus, Hydrophis-melanocephalus, Hydrophis-hardwickii, Emydocephalus-ijimae, Notechis-scutatus, Pseudonaja-textilis, Laticauda-colubrina, Laticauda-laticaudata, Micrurus-corallinus_KU289205, Psammodynastes-pulverulentus_KU328547, Cerberus-schneiderii_KU324534, Myanophis-thanlyinensis, Achalinus-spinalis_KU312258, Acrochordus-granulatus_KU302952, Python-molurus, Boa-constrictor, Aplopeltura-boa_KU315147, Vipera-berus, Protobothrops-mucrosquamatus, Crotalus-viridis, Crotalus-tigris, Crotalus-adamanteus, Crotalus-horridus, Bothrops-jararaca, Ahaetulla-prasina_KU323364, Chrysopelea-ornata, Scolecophis-atrocinctus_KU289804, Tantilla-taeniata_KU289863, Pantherophis-guttatus, Pituophis-catenifer, Ptyas-mucosa, Boiga-irregularis_KU345021, Grayia-smythii_KU341872, Calamaria-gervaisii_KU327406, Pseudoxenodon-sp_KU312221, Thamnophis-sirtalis, Dipsas-indica_KU215336, Thermophis-baileyi, Psammophis-sibilans_RAX2053, Rhamphiophis-oxyrhynchus_KU290451, Buhoma-depressiceps_CFS1528, Aparallactus-capensis_MCZA28808, Micrelaps-sp_TauM16738, Prosymna-visseri_MCZR190223, Pantherophis-obsoletus, Sibynophis-bivittatus_KU309608, Thamnophis-elegans, Psammodynastes-pulverulentus_KU329686, Crotalus-pyrrhus, Protobothrops-flavoviridis}
(Pseudoxyrhopus-tritaeniatus_KU340969,(((((((((Sibynophis-bivittatus_KU309608,(Calamaria-gervaisii_KU327406,(Grayia-smythii_KU341872,((Boiga-irregularis_KU345021,((Pantherophis-guttatus,(Pituophis-catenifer,Pantherophis-obsoletus)0.54:0.1053605156578264)1:2.0794415416798353,(Ptyas-mucosa,(Scolecophis-atrocinctus_KU289804,Tantilla-taeniata_KU289863)0.93:0.5108256237659905)0.44:0.03636764417087495)0.92:0.4416731226195096)1:1.3862943611198908,(Ahaetulla-prasina_KU323364,Chrysopelea-ornata)1:1.3862943611198908)1:0.824754145367711)0.91:0.4078681467038679)0.73:0.2450081470958673)0.81:0.28932729433544335,(Pseudoxenodon-sp_KU312221,(Thamnophis-sirtalis,Thamnophis-elegans)0.99:1.3862943611198908)0.57:0.1425166947622286)0.63:0.14119615707609035,(Dipsas-indica_KU215336,Thermophis-baileyi)0.99:0.6791995171476934)1:1.1713801580828072,(((Vipera-berus,((Bothrops-jararaca,(Crotalus-horridus,(Crotalus-adamanteus,(Crotalus-viridis,(Crotalus-tigris,Crotalus-pyrrhus)0.49:0.06787742240308585)0.85:0.39304258810960735)0.99:0.7801585575495753)1:2.0794415416798353)1:0.9869082990881087,(Protobothrops-mucrosquamatus,Protobothrops-flavoviridis)1:1.8971199848858815)1:1.2039728043259361)1:1.8971199848858815,(Aplopeltura-boa_KU315147,(Achalinus-spinalis_KU312258,(Acrochordus-granulatus_KU302952,(Python-molurus,Boa-constrictor)0.99:0.9889264632443459)1:1.0986122886681098)1:1.6739764335716716)0.6:0.1823215567939546)1:2.159484249353373,(Cerberus-schneiderii_KU324534,Myanophis-thanlyinensis)1:1.9924301646902058)0.45:0.04425462053511907)1:0.7614220305663078,(Levitonius-mirus_KU337269,((Myersophis-alpestris_KU308684,(Oxyrhabdium-leporinum_KU346583,(Oxyrhabdium-modestum_KU310866,Oxyrhabdium-cfmodestum_KU338101)1:1.9924301646902058)1:1.9924301646902058)0.76:0.28167019310497704,(Cyclocorus-lineatus_KU335808,Hologerrhum-philippinum_KU330752)1:1.0916436193520165)0.57:0.13353139262452274)0.96:0.5445561565436671)0.68:0.17382064304103365,(Micrurus-corallinus_KU289205,((Elapsoidea-sundevallii_MCZR190390,((Notechis-scutatus,(Pseudonaja-textilis,(Emydocephalus-ijimae,((Hydrophis-cyanocinctus,Hydrophis-melanocephalus)1:0.9808292530117262,(Hydrophis-curtus,Hydrophis-hardwickii)1:1.1631508098056806)1:2.159484249353373)1:2.2335922215070947)0.89:0.3677247801253174)1:2.005333569526115,(Laticauda-colubrina,Laticauda-laticaudata)1:2.2335922215070947)1:2.2335922215070947)0.49:0.10581543067022291,(Naja-naja,(Hemibungarus-mcclungi_KU303027,Ophiophagus-hannah)0.55:0.10809649547670123)0.86:0.3158910274861759)0.63:0.15201620729862575)1:2.159484249353373)0.41:0.01502160869073494,(Micrelaps-sp_TauM16738,(Psammodynastes-pulverulentus_KU328547,Psammodynastes-pulverulentus_KU329686)1:1.6739764335716716)0.25:0.0)0.9:0.3856089516382689,((Aparallactus-capensis_MCZA28808,(Buhoma-depressiceps_CFS1528,(Psammophis-sibilans_RAX2053,Rhamphiophis-oxyrhynchus_KU290451)1:1.8971199848858815)0.32:0.0)0.54:0.11076107027581919,(Pseudaspis-cana_MCZA27068,Prosymna-visseri_MCZR190223)0.95:0.49714400278653414)0.35:5.119323303703097E-4)0.66:0.18966958449093613,(Chamaelycus-fasciatus_KU348632,Lamprophis-lineatus_EBG706)0.99:0.8104838872644871));
ASTRAL finished in 2.232 secs
Shutting down threading
