

================== ASTRAL ===================== 

This is ASTRAL version 5.15.5
Warning: 
 Fail to load native library libAstral.dylib; use Java default computing method without AVX2, which is 4X slower. 
 Make sure you are using the correct Djava.library.path (to the `lib` directory under ASTRAL where libAstral.dylib can be found). 
 Trying running make.sh. For mode debugging, run: java -Djava.library.path=lib/ -jar native_library_tester.jar
Gene trees are treated as unrooted
Detected GPU devices: 
Device 1 of 2: Apple M1 cl_device_id[0xffffffff] Vendor: Intel
Device 2 of 2: Apple M1 cl_device_id[0x1027f00] Vendor: Apple
Will use Device : Apple M1
Will use Device : Apple M1
Starting 8 threads ...
There are 8 threads used to run.
5 trees read from /dev/fd/11
All output trees will be *arbitrarily* rooted at Pseudaspis-cana_MCZA27068

======== Running the main analysis
Number of taxa: 66 (66 species)
Taxa: [Pseudaspis-cana_MCZA27068, Chamaelycus-fasciatus_KU348632, Lamprophis-lineatus_EBG706, Oxyrhabdium-modestum_KU310866, Myersophis-alpestris_KU308684, Cyclocorus-lineatus_KU335808, Hologerrhum-philippinum_KU330752, Hemibungarus-mcclungi_KU303027, Ophiophagus-hannah, Naja-naja, Elapsoidea-sundevallii_MCZR190390, Hydrophis-curtus, Hydrophis-cyanocinctus, Hydrophis-melanocephalus, Hydrophis-hardwickii, Emydocephalus-ijimae, Notechis-scutatus, Pseudonaja-textilis, Laticauda-colubrina, Laticauda-laticaudata, Micrurus-corallinus_KU289205, Sibynophis-bivittatus_KU309608, Chrysopelea-ornata, Thamnophis-sirtalis, Thamnophis-elegans, Boiga-irregularis_KU345021, Pantherophis-guttatus, Pantherophis-obsoletus, Ptyas-mucosa, Pseudoxenodon-sp_KU312221, Thermophis-baileyi, Achalinus-spinalis_KU312258, Acrochordus-granulatus_KU302952, Python-molurus, Boa-constrictor, Crotalus-pyrrhus, Crotalus-viridis, Crotalus-adamanteus, Crotalus-horridus, Crotalus-tigris, Bothrops-jararaca, Protobothrops-mucrosquamatus, Protobothrops-flavoviridis, Vipera-berus, Cerberus-schneiderii_KU324534, Myanophis-thanlyinensis, Dipsas-indica_KU215336, Calamaria-gervaisii_KU327406, Psammodynastes-pulverulentus_KU328547, Aparallactus-capensis_MCZA28808, Micrelaps-sp_TauM16738, Buhoma-depressiceps_CFS1528, Grayia-smythii_KU341872, Prosymna-visseri_MCZR190223, Pseudoxyrhopus-tritaeniatus_KU340969, Levitonius-mirus_KU337269, Aplopeltura-boa_KU315147, Ahaetulla-prasina_KU323364, Scolecophis-atrocinctus_KU289804, Tantilla-taeniata_KU289863, Pituophis-catenifer, Psammodynastes-pulverulentus_KU329686, Oxyrhabdium-cfmodestum_KU338101, Oxyrhabdium-leporinum_KU346583, Psammophis-sibilans_RAX2053, Rhamphiophis-oxyrhynchus_KU290451]
Taxon occupancy: {Protobothrops-flavoviridis=3, Hologerrhum-philippinum_KU330752=5, Thamnophis-sirtalis=2, Hydrophis-hardwickii=5, Psammophis-sibilans_RAX2053=4, Crotalus-pyrrhus=3, Elapsoidea-sundevallii_MCZR190390=4, Bothrops-jararaca=3, Notechis-scutatus=5, Levitonius-mirus_KU337269=3, Buhoma-depressiceps_CFS1528=4, Ophiophagus-hannah=4, Ptyas-mucosa=5, Calamaria-gervaisii_KU327406=4, Scolecophis-atrocinctus_KU289804=3, Boiga-irregularis_KU345021=3, Aparallactus-capensis_MCZA28808=4, Myanophis-thanlyinensis=3, Python-molurus=3, Ahaetulla-prasina_KU323364=2, Pseudaspis-cana_MCZA27068=4, Psammodynastes-pulverulentus_KU328547=4, Crotalus-tigris=3, Rhamphiophis-oxyrhynchus_KU290451=3, Pantherophis-obsoletus=5, Protobothrops-mucrosquamatus=3, Vipera-berus=3, Chrysopelea-ornata=2, Thamnophis-elegans=2, Laticauda-laticaudata=5, Myersophis-alpestris_KU308684=4, Oxyrhabdium-leporinum_KU346583=4, Acrochordus-granulatus_KU302952=3, Cyclocorus-lineatus_KU335808=4, Oxyrhabdium-cfmodestum_KU338101=3, Grayia-smythii_KU341872=4, Tantilla-taeniata_KU289863=3, Crotalus-viridis=3, Crotalus-adamanteus=3, Pseudoxyrhopus-tritaeniatus_KU340969=4, Dipsas-indica_KU215336=4, Oxyrhabdium-modestum_KU310866=5, Emydocephalus-ijimae=5, Pantherophis-guttatus=4, Sibynophis-bivittatus_KU309608=3, Aplopeltura-boa_KU315147=3, Thermophis-baileyi=4, Pituophis-catenifer=2, Lamprophis-lineatus_EBG706=5, Hydrophis-curtus=5, Pseudoxenodon-sp_KU312221=4, Chamaelycus-fasciatus_KU348632=4, Hemibungarus-mcclungi_KU303027=5, Pseudonaja-textilis=5, Laticauda-colubrina=5, Crotalus-horridus=3, Micrurus-corallinus_KU289205=4, Boa-constrictor=3, Psammodynastes-pulverulentus_KU329686=2, Hydrophis-melanocephalus=4, Achalinus-spinalis_KU312258=2, Micrelaps-sp_TauM16738=3, Prosymna-visseri_MCZR190223=5, Naja-naja=5, Hydrophis-cyanocinctus=4, Cerberus-schneiderii_KU324534=5}
Using polytree-based weight calculation.
Number of gene trees: 5
4 trees have missing taxa
Calculating distance matrix (for completion of X) ....with 4 distance matrices for parallellism
Species tree distances calculated ...

Will attempt to complete bipartitions from X before adding using a distance matrix.
Building set of clusters (X) from gene trees 
------------------------------
Number of Clusters after addition from gene trees: 497
Number of Clusters after addition by distance: 497
Adding to X using resolutions of greedy consensus ...

Computing greedy consensus  
took 0 seconds
Limit for sigma of degrees:1700

polytomy size limit : > 13
 [3, 3, 3, 3, 3, 3, 4, 4, 4, 4, 4, 4, 13]
discarded polytomies: 
Threshold 0.0:
polytomy of size 3; rounds with additions with at least 5 support: 0; clusters: 523
polytomy of size 4; rounds with additions with at least 5 support: 0; clusters: 523
Threshold 0.01:
polytomy of size 3; rounds with additions with at least 5 support: 0; clusters: 523
polytomy of size 4; rounds with additions with at least 5 support: 0; clusters: 523
Threshold 0.02:
polytomy of size 3; rounds with additions with at least 5 support: 0; clusters: 523
polytomy of size 4; rounds with additions with at least 5 support: 0; clusters: 561
Threshold 0.05:
polytomy of size 3; rounds with additions with at least 5 support: 0; clusters: 523
polytomy of size 4; rounds with additions with at least 5 support: 0; clusters: 543
Threshold 0.1:
polytomy of size 3; rounds with additions with at least 5 support: 0; clusters: 543
polytomy of size 4; rounds with additions with at least 5 support: 0; clusters: 557
Threshold 0.2:
polytomy of size 3; rounds with additions with at least 5 support: 0; clusters: 543
polytomy of size 4; rounds with additions with at least 5 support: 0; clusters: 551
Threshold 0.3333333333333333:
polytomy of size 13; rounds with additions with at least 5 support: 0; clusters: 581
Number of Clusters after addition by greedy: 581
partitions formed in 0.758 secs
Dynamic Programming starting after 0.758 secs
Polytree max score: 1379626
Polytree building time: 0.006 seconds.
Fail to load native library libAstral.dylib; use Java default computing method.
Number of quartet trees in the gene trees: 1379626
Computing hash values took 0 seconds
device length is: 2
TREE HEIGHT IS: 9
Size of largest cluster: 66
Size of largest cluster: 66
Finishing up:451 0 450
Total Number of elements: 450
Normalized score (portion of input quartet trees satisfied before correcting for multiple individuals): 0.8772783348530688
Final optimization score: 1210316
Optimal tree inferred in 1.903 secs.
Weight calculation using polytrees cumulatively took 0.0 secs
(Pseudaspis-cana_MCZA27068,((((((((Aplopeltura-boa_KU315147,(Vipera-berus,((Bothrops-jararaca,((Crotalus-horridus,(Crotalus-viridis,Crotalus-adamanteus)),(Crotalus-pyrrhus,Crotalus-tigris))),(Protobothrops-mucrosquamatus,Protobothrops-flavoviridis)))),(Acrochordus-granulatus_KU302952,(Boa-constrictor,(Achalinus-spinalis_KU312258,Python-molurus)))),(Calamaria-gervaisii_KU327406,(Chrysopelea-ornata,Ahaetulla-prasina_KU323364))),((Micrurus-corallinus_KU289205,((((Emydocephalus-ijimae,((Hydrophis-cyanocinctus,Hydrophis-melanocephalus),(Hydrophis-curtus,Hydrophis-hardwickii))),(Notechis-scutatus,Pseudonaja-textilis)),(Laticauda-colubrina,Laticauda-laticaudata)),(Elapsoidea-sundevallii_MCZR190390,(Naja-naja,(Hemibungarus-mcclungi_KU303027,Ophiophagus-hannah))))),(Levitonius-mirus_KU337269,(Cyclocorus-lineatus_KU335808,Hologerrhum-philippinum_KU330752)))),((Sibynophis-bivittatus_KU309608,((Grayia-smythii_KU341872,((Ptyas-mucosa,(Pantherophis-guttatus,(Pantherophis-obsoletus,Pituophis-catenifer))),(Scolecophis-atrocinctus_KU289804,(Boiga-irregularis_KU345021,Tantilla-taeniata_KU289863)))),(Thermophis-baileyi,(Pseudoxenodon-sp_KU312221,Dipsas-indica_KU215336)))),(Cerberus-schneiderii_KU324534,Myanophis-thanlyinensis))),(Thamnophis-sirtalis,Thamnophis-elegans)),(Micrelaps-sp_TauM16738,(Psammodynastes-pulverulentus_KU328547,Psammodynastes-pulverulentus_KU329686))),((((Aparallactus-capensis_MCZA28808,(Buhoma-depressiceps_CFS1528,(Chamaelycus-fasciatus_KU348632,Lamprophis-lineatus_EBG706))),(Psammophis-sibilans_RAX2053,Rhamphiophis-oxyrhynchus_KU290451)),(Prosymna-visseri_MCZR190223,Pseudoxyrhopus-tritaeniatus_KU340969)),(Myersophis-alpestris_KU308684,(Oxyrhabdium-leporinum_KU346583,(Oxyrhabdium-modestum_KU310866,Oxyrhabdium-cfmodestum_KU338101))))));
Final quartet score is: 1513876
Final normalized quartet score is: 1.097308980839735
You may want to ignore posterior probabilities and other statistics related to the following branch branch because the effective number of genes impacting it is only 3:
	{Crotalus-pyrrhus, Crotalus-viridis, Crotalus-adamanteus, Crotalus-horridus, Crotalus-tigris, Bothrops-jararaca, Protobothrops-mucrosquamatus, Protobothrops-flavoviridis}
You may want to ignore posterior probabilities and other statistics related to the following branch branch because the effective number of genes impacting it is only 3:
	{Crotalus-viridis, Crotalus-adamanteus, Crotalus-horridus}
You may want to ignore posterior probabilities and other statistics related to the following branch branch because the effective number of genes impacting it is only 3:
	{Crotalus-pyrrhus, Crotalus-viridis, Crotalus-adamanteus, Crotalus-horridus, Crotalus-tigris, Bothrops-jararaca}
You may want to ignore posterior probabilities and other statistics related to the following branch branch because the effective number of genes impacting it is only 3:
	{Crotalus-viridis, Crotalus-adamanteus}
You may want to ignore posterior probabilities and other statistics related to the following branch branch because the effective number of genes impacting it is only 3:
	{Protobothrops-mucrosquamatus, Protobothrops-flavoviridis}
You may want to ignore posterior probabilities and other statistics related to the following branch branch because the effective number of genes impacting it is only 2:
	{Crotalus-pyrrhus, Crotalus-viridis, Crotalus-adamanteus, Crotalus-horridus, Crotalus-tigris, Bothrops-jararaca, Protobothrops-mucrosquamatus, Protobothrops-flavoviridis, Vipera-berus}
You may want to ignore posterior probabilities and other statistics related to the following branch branch because the effective number of genes impacting it is only 3:
	{Achalinus-spinalis_KU312258, Python-molurus, Boa-constrictor}
You may want to ignore posterior probabilities and other statistics related to the following branch branch because the effective number of genes impacting it is only 2:
	{Crotalus-pyrrhus, Crotalus-viridis, Crotalus-adamanteus, Crotalus-horridus, Crotalus-tigris, Bothrops-jararaca, Protobothrops-mucrosquamatus, Protobothrops-flavoviridis, Vipera-berus, Aplopeltura-boa_KU315147}
You may want to ignore posterior probabilities and other statistics related to the following branch branch because the effective number of genes impacting it is only 3:
	{Crotalus-pyrrhus, Crotalus-viridis, Crotalus-adamanteus, Crotalus-horridus, Crotalus-tigris}
You may want to ignore posterior probabilities and other statistics related to the following branch branch because the effective number of genes impacting it is only 3:
	{Crotalus-pyrrhus, Crotalus-tigris}
You may want to ignore posterior probabilities and other statistics related to the following branch branch because the effective number of genes impacting it is only 2:
	{Achalinus-spinalis_KU312258, Python-molurus}
You may want to ignore posterior probabilities and other statistics related to the following branch branch because the effective number of genes impacting it is only 1:
	{Chrysopelea-ornata, Ahaetulla-prasina_KU323364}
You may want to ignore posterior probabilities and other statistics related to the following branch branch because the effective number of genes impacting it is only 3:
	{Achalinus-spinalis_KU312258, Acrochordus-granulatus_KU302952, Python-molurus, Boa-constrictor}
You may want to ignore posterior probabilities and other statistics related to the following branch branch because the effective number of genes impacting it is only 2:
	{Chrysopelea-ornata, Calamaria-gervaisii_KU327406, Ahaetulla-prasina_KU323364}
You may want to ignore posterior probabilities and other statistics related to the following branch branch because the effective number of genes impacting it is only 3:
	{Achalinus-spinalis_KU312258, Acrochordus-granulatus_KU302952, Python-molurus, Boa-constrictor, Crotalus-pyrrhus, Crotalus-viridis, Crotalus-adamanteus, Crotalus-horridus, Crotalus-tigris, Bothrops-jararaca, Protobothrops-mucrosquamatus, Protobothrops-flavoviridis, Vipera-berus, Aplopeltura-boa_KU315147}
You may want to ignore posterior probabilities and other statistics related to the following branch branch because the effective number of genes impacting it is only 4:
	{Chrysopelea-ornata, Achalinus-spinalis_KU312258, Acrochordus-granulatus_KU302952, Python-molurus, Boa-constrictor, Crotalus-pyrrhus, Crotalus-viridis, Crotalus-adamanteus, Crotalus-horridus, Crotalus-tigris, Bothrops-jararaca, Protobothrops-mucrosquamatus, Protobothrops-flavoviridis, Vipera-berus, Calamaria-gervaisii_KU327406, Aplopeltura-boa_KU315147, Ahaetulla-prasina_KU323364}
You may want to ignore posterior probabilities and other statistics related to the following branch branch because the effective number of genes impacting it is only 3:
	{Hydrophis-cyanocinctus, Hydrophis-melanocephalus}
You may want to ignore posterior probabilities and other statistics related to the following branch branch because the effective number of genes impacting it is only 5:
	{Hydrophis-curtus, Hydrophis-cyanocinctus, Hydrophis-melanocephalus, Hydrophis-hardwickii}
You may want to ignore posterior probabilities and other statistics related to the following branch branch because the effective number of genes impacting it is only 5:
	{Notechis-scutatus, Pseudonaja-textilis}
You may want to ignore posterior probabilities and other statistics related to the following branch branch because the effective number of genes impacting it is only 5:
	{Laticauda-colubrina, Laticauda-laticaudata}
You may want to ignore posterior probabilities and other statistics related to the following branch branch because the effective number of genes impacting it is only 4:
	{Hemibungarus-mcclungi_KU303027, Ophiophagus-hannah}
You may want to ignore posterior probabilities and other statistics related to the following branch branch because the effective number of genes impacting it is only 5:
	{Hydrophis-curtus, Hydrophis-hardwickii}
You may want to ignore posterior probabilities and other statistics related to the following branch branch because the effective number of genes impacting it is only 4:
	{Hemibungarus-mcclungi_KU303027, Ophiophagus-hannah, Naja-naja}
You may want to ignore posterior probabilities and other statistics related to the following branch branch because the effective number of genes impacting it is only 4:
	{Hemibungarus-mcclungi_KU303027, Ophiophagus-hannah, Naja-naja, Elapsoidea-sundevallii_MCZR190390}
You may want to ignore posterior probabilities and other statistics related to the following branch branch because the effective number of genes impacting it is only 5:
	{Hydrophis-curtus, Hydrophis-cyanocinctus, Hydrophis-melanocephalus, Hydrophis-hardwickii, Emydocephalus-ijimae, Notechis-scutatus, Pseudonaja-textilis}
You may want to ignore posterior probabilities and other statistics related to the following branch branch because the effective number of genes impacting it is only 2:
	{Cyclocorus-lineatus_KU335808, Hologerrhum-philippinum_KU330752}
You may want to ignore posterior probabilities and other statistics related to the following branch branch because the effective number of genes impacting it is only 4:
	{Hemibungarus-mcclungi_KU303027, Ophiophagus-hannah, Naja-naja, Elapsoidea-sundevallii_MCZR190390, Hydrophis-curtus, Hydrophis-cyanocinctus, Hydrophis-melanocephalus, Hydrophis-hardwickii, Emydocephalus-ijimae, Notechis-scutatus, Pseudonaja-textilis, Laticauda-colubrina, Laticauda-laticaudata, Micrurus-corallinus_KU289205}
You may want to ignore posterior probabilities and other statistics related to the following branch branch because the effective number of genes impacting it is only 4:
	{Hemibungarus-mcclungi_KU303027, Ophiophagus-hannah, Naja-naja, Elapsoidea-sundevallii_MCZR190390, Hydrophis-curtus, Hydrophis-cyanocinctus, Hydrophis-melanocephalus, Hydrophis-hardwickii, Emydocephalus-ijimae, Notechis-scutatus, Pseudonaja-textilis, Laticauda-colubrina, Laticauda-laticaudata}
You may want to ignore posterior probabilities and other statistics related to the following branch branch because the effective number of genes impacting it is only 2:
	{Pantherophis-obsoletus, Pituophis-catenifer}
You may want to ignore posterior probabilities and other statistics related to the following branch branch because the effective number of genes impacting it is only 3:
	{Cyclocorus-lineatus_KU335808, Hologerrhum-philippinum_KU330752, Levitonius-mirus_KU337269}
You may want to ignore posterior probabilities and other statistics related to the following branch branch because the effective number of genes impacting it is only 5:
	{Hydrophis-curtus, Hydrophis-cyanocinctus, Hydrophis-melanocephalus, Hydrophis-hardwickii, Emydocephalus-ijimae, Notechis-scutatus, Pseudonaja-textilis, Laticauda-colubrina, Laticauda-laticaudata}
You may want to ignore posterior probabilities and other statistics related to the following branch branch because the effective number of genes impacting it is only 5:
	{Cyclocorus-lineatus_KU335808, Hologerrhum-philippinum_KU330752, Hemibungarus-mcclungi_KU303027, Ophiophagus-hannah, Naja-naja, Elapsoidea-sundevallii_MCZR190390, Hydrophis-curtus, Hydrophis-cyanocinctus, Hydrophis-melanocephalus, Hydrophis-hardwickii, Emydocephalus-ijimae, Notechis-scutatus, Pseudonaja-textilis, Laticauda-colubrina, Laticauda-laticaudata, Micrurus-corallinus_KU289205, Chrysopelea-ornata, Achalinus-spinalis_KU312258, Acrochordus-granulatus_KU302952, Python-molurus, Boa-constrictor, Crotalus-pyrrhus, Crotalus-viridis, Crotalus-adamanteus, Crotalus-horridus, Crotalus-tigris, Bothrops-jararaca, Protobothrops-mucrosquamatus, Protobothrops-flavoviridis, Vipera-berus, Calamaria-gervaisii_KU327406, Levitonius-mirus_KU337269, Aplopeltura-boa_KU315147, Ahaetulla-prasina_KU323364}
You may want to ignore posterior probabilities and other statistics related to the following branch branch because the effective number of genes impacting it is only 2:
	{Boiga-irregularis_KU345021, Tantilla-taeniata_KU289863}
You may want to ignore posterior probabilities and other statistics related to the following branch branch because the effective number of genes impacting it is only 5:
	{Cyclocorus-lineatus_KU335808, Hologerrhum-philippinum_KU330752, Hemibungarus-mcclungi_KU303027, Ophiophagus-hannah, Naja-naja, Elapsoidea-sundevallii_MCZR190390, Hydrophis-curtus, Hydrophis-cyanocinctus, Hydrophis-melanocephalus, Hydrophis-hardwickii, Emydocephalus-ijimae, Notechis-scutatus, Pseudonaja-textilis, Laticauda-colubrina, Laticauda-laticaudata, Micrurus-corallinus_KU289205, Levitonius-mirus_KU337269}
You may want to ignore posterior probabilities and other statistics related to the following branch branch because the effective number of genes impacting it is only 4:
	{Pantherophis-guttatus, Pantherophis-obsoletus, Pituophis-catenifer}
You may want to ignore posterior probabilities and other statistics related to the following branch branch because the effective number of genes impacting it is only 3:
	{Pseudoxenodon-sp_KU312221, Thermophis-baileyi, Dipsas-indica_KU215336}
You may want to ignore posterior probabilities and other statistics related to the following branch branch because the effective number of genes impacting it is only 3:
	{Boiga-irregularis_KU345021, Pantherophis-guttatus, Pantherophis-obsoletus, Ptyas-mucosa, Scolecophis-atrocinctus_KU289804, Tantilla-taeniata_KU289863, Pituophis-catenifer}
You may want to ignore posterior probabilities and other statistics related to the following branch branch because the effective number of genes impacting it is only 4:
	{Pantherophis-guttatus, Pantherophis-obsoletus, Ptyas-mucosa, Pituophis-catenifer}
You may want to ignore posterior probabilities and other statistics related to the following branch branch because the effective number of genes impacting it is only 3:
	{Boiga-irregularis_KU345021, Scolecophis-atrocinctus_KU289804, Tantilla-taeniata_KU289863}
You may want to ignore posterior probabilities and other statistics related to the following branch branch because the effective number of genes impacting it is only 5:
	{Hydrophis-curtus, Hydrophis-cyanocinctus, Hydrophis-melanocephalus, Hydrophis-hardwickii, Emydocephalus-ijimae}
You may want to ignore posterior probabilities and other statistics related to the following branch branch because the effective number of genes impacting it is only 2:
	{Cyclocorus-lineatus_KU335808, Hologerrhum-philippinum_KU330752, Hemibungarus-mcclungi_KU303027, Ophiophagus-hannah, Naja-naja, Elapsoidea-sundevallii_MCZR190390, Hydrophis-curtus, Hydrophis-cyanocinctus, Hydrophis-melanocephalus, Hydrophis-hardwickii, Emydocephalus-ijimae, Notechis-scutatus, Pseudonaja-textilis, Laticauda-colubrina, Laticauda-laticaudata, Micrurus-corallinus_KU289205, Sibynophis-bivittatus_KU309608, Chrysopelea-ornata, Boiga-irregularis_KU345021, Pantherophis-guttatus, Pantherophis-obsoletus, Ptyas-mucosa, Pseudoxenodon-sp_KU312221, Thermophis-baileyi, Achalinus-spinalis_KU312258, Acrochordus-granulatus_KU302952, Python-molurus, Boa-constrictor, Crotalus-pyrrhus, Crotalus-viridis, Crotalus-adamanteus, Crotalus-horridus, Crotalus-tigris, Bothrops-jararaca, Protobothrops-mucrosquamatus, Protobothrops-flavoviridis, Vipera-berus, Cerberus-schneiderii_KU324534, Myanophis-thanlyinensis, Dipsas-indica_KU215336, Calamaria-gervaisii_KU327406, Grayia-smythii_KU341872, Levitonius-mirus_KU337269, Aplopeltura-boa_KU315147, Ahaetulla-prasina_KU323364, Scolecophis-atrocinctus_KU289804, Tantilla-taeniata_KU289863, Pituophis-catenifer}
You may want to ignore posterior probabilities and other statistics related to the following branch branch because the effective number of genes impacting it is only 3:
	{Sibynophis-bivittatus_KU309608, Boiga-irregularis_KU345021, Pantherophis-guttatus, Pantherophis-obsoletus, Ptyas-mucosa, Pseudoxenodon-sp_KU312221, Thermophis-baileyi, Dipsas-indica_KU215336, Grayia-smythii_KU341872, Scolecophis-atrocinctus_KU289804, Tantilla-taeniata_KU289863, Pituophis-catenifer}
You may want to ignore posterior probabilities and other statistics related to the following branch branch because the effective number of genes impacting it is only 3:
	{Boiga-irregularis_KU345021, Pantherophis-guttatus, Pantherophis-obsoletus, Ptyas-mucosa, Pseudoxenodon-sp_KU312221, Thermophis-baileyi, Dipsas-indica_KU215336, Grayia-smythii_KU341872, Scolecophis-atrocinctus_KU289804, Tantilla-taeniata_KU289863, Pituophis-catenifer}
You may want to ignore posterior probabilities and other statistics related to the following branch branch because the effective number of genes impacting it is only 2:
	{Cyclocorus-lineatus_KU335808, Hologerrhum-philippinum_KU330752, Hemibungarus-mcclungi_KU303027, Ophiophagus-hannah, Naja-naja, Elapsoidea-sundevallii_MCZR190390, Hydrophis-curtus, Hydrophis-cyanocinctus, Hydrophis-melanocephalus, Hydrophis-hardwickii, Emydocephalus-ijimae, Notechis-scutatus, Pseudonaja-textilis, Laticauda-colubrina, Laticauda-laticaudata, Micrurus-corallinus_KU289205, Sibynophis-bivittatus_KU309608, Chrysopelea-ornata, Thamnophis-sirtalis, Thamnophis-elegans, Boiga-irregularis_KU345021, Pantherophis-guttatus, Pantherophis-obsoletus, Ptyas-mucosa, Pseudoxenodon-sp_KU312221, Thermophis-baileyi, Achalinus-spinalis_KU312258, Acrochordus-granulatus_KU302952, Python-molurus, Boa-constrictor, Crotalus-pyrrhus, Crotalus-viridis, Crotalus-adamanteus, Crotalus-horridus, Crotalus-tigris, Bothrops-jararaca, Protobothrops-mucrosquamatus, Protobothrops-flavoviridis, Vipera-berus, Cerberus-schneiderii_KU324534, Myanophis-thanlyinensis, Dipsas-indica_KU215336, Calamaria-gervaisii_KU327406, Grayia-smythii_KU341872, Levitonius-mirus_KU337269, Aplopeltura-boa_KU315147, Ahaetulla-prasina_KU323364, Scolecophis-atrocinctus_KU289804, Tantilla-taeniata_KU289863, Pituophis-catenifer}
You may want to ignore posterior probabilities and other statistics related to the following branch branch because the effective number of genes impacting it is only 2:
	{Thamnophis-sirtalis, Thamnophis-elegans}
You may want to ignore posterior probabilities and other statistics related to the following branch branch because the effective number of genes impacting it is only 1:
	{Psammodynastes-pulverulentus_KU328547, Psammodynastes-pulverulentus_KU329686}
You may want to ignore posterior probabilities and other statistics related to the following branch branch because the effective number of genes impacting it is only 3:
	{Cerberus-schneiderii_KU324534, Myanophis-thanlyinensis}
You may want to ignore posterior probabilities and other statistics related to the following branch branch because the effective number of genes impacting it is only 3:
	{Cyclocorus-lineatus_KU335808, Hologerrhum-philippinum_KU330752, Hemibungarus-mcclungi_KU303027, Ophiophagus-hannah, Naja-naja, Elapsoidea-sundevallii_MCZR190390, Hydrophis-curtus, Hydrophis-cyanocinctus, Hydrophis-melanocephalus, Hydrophis-hardwickii, Emydocephalus-ijimae, Notechis-scutatus, Pseudonaja-textilis, Laticauda-colubrina, Laticauda-laticaudata, Micrurus-corallinus_KU289205, Sibynophis-bivittatus_KU309608, Chrysopelea-ornata, Thamnophis-sirtalis, Thamnophis-elegans, Boiga-irregularis_KU345021, Pantherophis-guttatus, Pantherophis-obsoletus, Ptyas-mucosa, Pseudoxenodon-sp_KU312221, Thermophis-baileyi, Achalinus-spinalis_KU312258, Acrochordus-granulatus_KU302952, Python-molurus, Boa-constrictor, Crotalus-pyrrhus, Crotalus-viridis, Crotalus-adamanteus, Crotalus-horridus, Crotalus-tigris, Bothrops-jararaca, Protobothrops-mucrosquamatus, Protobothrops-flavoviridis, Vipera-berus, Cerberus-schneiderii_KU324534, Myanophis-thanlyinensis, Dipsas-indica_KU215336, Calamaria-gervaisii_KU327406, Psammodynastes-pulverulentus_KU328547, Micrelaps-sp_TauM16738, Grayia-smythii_KU341872, Levitonius-mirus_KU337269, Aplopeltura-boa_KU315147, Ahaetulla-prasina_KU323364, Scolecophis-atrocinctus_KU289804, Tantilla-taeniata_KU289863, Pituophis-catenifer, Psammodynastes-pulverulentus_KU329686}
You may want to ignore posterior probabilities and other statistics related to the following branch branch because the effective number of genes impacting it is only 3:
	{Psammodynastes-pulverulentus_KU328547, Micrelaps-sp_TauM16738, Psammodynastes-pulverulentus_KU329686}
You may want to ignore posterior probabilities and other statistics related to the following branch branch because the effective number of genes impacting it is only 4:
	{Boiga-irregularis_KU345021, Pantherophis-guttatus, Pantherophis-obsoletus, Ptyas-mucosa, Grayia-smythii_KU341872, Scolecophis-atrocinctus_KU289804, Tantilla-taeniata_KU289863, Pituophis-catenifer}
You may want to ignore posterior probabilities and other statistics related to the following branch branch because the effective number of genes impacting it is only 5:
	{Sibynophis-bivittatus_KU309608, Boiga-irregularis_KU345021, Pantherophis-guttatus, Pantherophis-obsoletus, Ptyas-mucosa, Pseudoxenodon-sp_KU312221, Thermophis-baileyi, Cerberus-schneiderii_KU324534, Myanophis-thanlyinensis, Dipsas-indica_KU215336, Grayia-smythii_KU341872, Scolecophis-atrocinctus_KU289804, Tantilla-taeniata_KU289863, Pituophis-catenifer}
You may want to ignore posterior probabilities and other statistics related to the following branch branch because the effective number of genes impacting it is only 3:
	{Psammophis-sibilans_RAX2053, Rhamphiophis-oxyrhynchus_KU290451}
You may want to ignore posterior probabilities and other statistics related to the following branch branch because the effective number of genes impacting it is only 3:
	{Chamaelycus-fasciatus_KU348632, Lamprophis-lineatus_EBG706, Buhoma-depressiceps_CFS1528}
You may want to ignore posterior probabilities and other statistics related to the following branch branch because the effective number of genes impacting it is only 3:
	{Chamaelycus-fasciatus_KU348632, Lamprophis-lineatus_EBG706, Aparallactus-capensis_MCZA28808, Buhoma-depressiceps_CFS1528}
You may want to ignore posterior probabilities and other statistics related to the following branch branch because the effective number of genes impacting it is only 4:
	{Prosymna-visseri_MCZR190223, Pseudoxyrhopus-tritaeniatus_KU340969}
You may want to ignore posterior probabilities and other statistics related to the following branch branch because the effective number of genes impacting it is only 3:
	{Oxyrhabdium-modestum_KU310866, Oxyrhabdium-cfmodestum_KU338101}
You may want to ignore posterior probabilities and other statistics related to the following branch branch because the effective number of genes impacting it is only 4:
	{Chamaelycus-fasciatus_KU348632, Lamprophis-lineatus_EBG706, Aparallactus-capensis_MCZA28808, Buhoma-depressiceps_CFS1528, Psammophis-sibilans_RAX2053, Rhamphiophis-oxyrhynchus_KU290451}
You may want to ignore posterior probabilities and other statistics related to the following branch branch because the effective number of genes impacting it is only 5:
	{Chamaelycus-fasciatus_KU348632, Lamprophis-lineatus_EBG706, Aparallactus-capensis_MCZA28808, Buhoma-depressiceps_CFS1528, Prosymna-visseri_MCZR190223, Pseudoxyrhopus-tritaeniatus_KU340969, Psammophis-sibilans_RAX2053, Rhamphiophis-oxyrhynchus_KU290451}
You may want to ignore posterior probabilities and other statistics related to the following branch branch because the effective number of genes impacting it is only 4:
	{Oxyrhabdium-modestum_KU310866, Myersophis-alpestris_KU308684, Oxyrhabdium-cfmodestum_KU338101, Oxyrhabdium-leporinum_KU346583}
You may want to ignore posterior probabilities and other statistics related to the following branch branch because the effective number of genes impacting it is only 4:
	{Chamaelycus-fasciatus_KU348632, Lamprophis-lineatus_EBG706, Oxyrhabdium-modestum_KU310866, Myersophis-alpestris_KU308684, Aparallactus-capensis_MCZA28808, Buhoma-depressiceps_CFS1528, Prosymna-visseri_MCZR190223, Pseudoxyrhopus-tritaeniatus_KU340969, Oxyrhabdium-cfmodestum_KU338101, Oxyrhabdium-leporinum_KU346583, Psammophis-sibilans_RAX2053, Rhamphiophis-oxyrhynchus_KU290451}
You may want to ignore posterior probabilities and other statistics related to the following branch branch because the effective number of genes impacting it is only 3:
	{Oxyrhabdium-modestum_KU310866, Oxyrhabdium-cfmodestum_KU338101, Oxyrhabdium-leporinum_KU346583}
You may want to ignore posterior probabilities and other statistics related to the following branch branch because the effective number of genes impacting it is only 4:
	{Chamaelycus-fasciatus_KU348632, Lamprophis-lineatus_EBG706}
You may want to ignore posterior probabilities and other statistics related to the following branch branch because the effective number of genes impacting it is only 3:
	{Pseudoxenodon-sp_KU312221, Dipsas-indica_KU215336}
(Pseudaspis-cana_MCZA27068,((((((((Aplopeltura-boa_KU315147,(Vipera-berus,((Bothrops-jararaca,((Crotalus-horridus,(Crotalus-viridis,Crotalus-adamanteus)0.65:0.2719337154836418)0.49:0.06453852113757118,(Crotalus-pyrrhus,Crotalus-tigris)0.67:0.2876820724517809)0.95:0.9808292530117262)0.95:0.9808292530117262,(Protobothrops-mucrosquamatus,Protobothrops-flavoviridis)0.95:0.9808292530117262)0.95:0.9808292530117262)0.87:0.6931471805599453)0.42:0.0,(Acrochordus-granulatus_KU302952,(Boa-constrictor,(Achalinus-spinalis_KU312258,Python-molurus)0.86:0.6737290947028438)0.67:0.2876820724517809)0.95:0.9808292530117262)0.95:0.9808292530117262,(Calamaria-gervaisii_KU327406,(Chrysopelea-ornata,Ahaetulla-prasina_KU323364)0.67:0.2876820724517809)0.43:0.0)0.89:0.6009552658254315,((Micrurus-corallinus_KU289205,((((Emydocephalus-ijimae,((Hydrophis-cyanocinctus,Hydrophis-melanocephalus)0.67:0.2876820724517809,(Hydrophis-curtus,Hydrophis-hardwickii)0.93:0.6931471805599453)0.99:1.3862943611198908)0.99:1.3862943611198908,(Notechis-scutatus,Pseudonaja-textilis)0.4:0.0)0.99:1.3862943611198908,(Laticauda-colubrina,Laticauda-laticaudata)0.99:1.3862943611198908)0.99:1.3862943611198908,(Elapsoidea-sundevallii_MCZR190390,(Naja-naja,(Hemibungarus-mcclungi_KU303027,Ophiophagus-hannah)0.96:0.889606670139718)0.58:0.2071432099677688)0.42:0.0)0.9:0.6443570163905135)0.98:1.2039728043259361,(Levitonius-mirus_KU337269,(Cyclocorus-lineatus_KU335808,Hologerrhum-philippinum_KU330752)0.87:0.6931471805599453)0.67:0.2876820724517809)0.7:0.2684479500032042)0.07:0.0,((Sibynophis-bivittatus_KU309608,((Grayia-smythii_KU341872,((Ptyas-mucosa,(Pantherophis-guttatus,(Pantherophis-obsoletus,Pituophis-catenifer)0.42:0.0)0.98:1.2039728043259361)0.98:1.2039728043259361,(Scolecophis-atrocinctus_KU289804,(Boiga-irregularis_KU345021,Tantilla-taeniata_KU289863)0.42:0.0)0.94:0.9267620317414507)0.69:0.31666960932503313)0.45:0.02466770348031605,(Thermophis-baileyi,(Pseudoxenodon-sp_KU312221,Dipsas-indica_KU215336)0.58:0.1670540846631662)0.55:0.1261331396462394)0.35:0.0)0.9:0.7108755772406249,(Cerberus-schneiderii_KU324534,Myanophis-thanlyinensis)0.95:0.9808292530117262)0.96:0.8179569411181734)0.49:0.06543824150260462,(Thamnophis-sirtalis,Thamnophis-elegans)0.87:0.6931471805599453)0.85:0.633924100668799,(Micrelaps-sp_TauM16738,(Psammodynastes-pulverulentus_KU328547,Psammodynastes-pulverulentus_KU329686)0.67:0.2876820724517809)0.39:0.0)0.71:0.3353365181572857,((((Aparallactus-capensis_MCZA28808,(Buhoma-depressiceps_CFS1528,(Chamaelycus-fasciatus_KU348632,Lamprophis-lineatus_EBG706)0.98:1.0963421401335702)0.65:0.2656681032340979)0.24:0.0,(Psammophis-sibilans_RAX2053,Rhamphiophis-oxyrhynchus_KU290451)0.95:0.9808292530117262)0.55:0.13888583817130992,(Prosymna-visseri_MCZR190223,Pseudoxyrhopus-tritaeniatus_KU340969)0.35:0.0)0.92:0.643596804664185,(Myersophis-alpestris_KU308684,(Oxyrhabdium-leporinum_KU346583,(Oxyrhabdium-modestum_KU310866,Oxyrhabdium-cfmodestum_KU338101)0.67:0.2876820724517809)0.95:0.9808292530117262)0.98:1.1741198411762548)0.26:0.0));
ASTRAL finished in 2.128 secs
Shutting down threading
