

================== ASTRAL ===================== 

This is ASTRAL version 5.15.5
Warning: 
 Fail to load native library libAstral.dylib; use Java default computing method without AVX2, which is 4X slower. 
 Make sure you are using the correct Djava.library.path (to the `lib` directory under ASTRAL where libAstral.dylib can be found). 
 Trying running make.sh. For mode debugging, run: java -Djava.library.path=lib/ -jar native_library_tester.jar
Gene trees are treated as unrooted
Detected GPU devices: 
Device 1 of 2: Apple M1 cl_device_id[0xffffffff] Vendor: Intel
Device 2 of 2: Apple M1 cl_device_id[0x1027f00] Vendor: Apple
Will use Device : Apple M1
Will use Device : Apple M1
Starting 8 threads ...
There are 8 threads used to run.
168 trees read from /dev/fd/11
All output trees will be *arbitrarily* rooted at Pseudoxyrhopus-tritaeniatus_KU340969

======== Running the main analysis
Number of taxa: 66 (66 species)
Taxa: [Pseudoxyrhopus-tritaeniatus_KU340969, Pseudaspis-cana_MCZA27068, Buhoma-depressiceps_CFS1528, Prosymna-visseri_MCZR190223, Chamaelycus-fasciatus_KU348632, Lamprophis-lineatus_EBG706, Oxyrhabdium-modestum_KU310866, Oxyrhabdium-leporinum_KU346583, Oxyrhabdium-cfmodestum_KU338101, Levitonius-mirus_KU337269, Myersophis-alpestris_KU308684, Cyclocorus-lineatus_KU335808, Hologerrhum-philippinum_KU330752, Hemibungarus-mcclungi_KU303027, Ophiophagus-hannah, Naja-naja, Micrurus-corallinus_KU289205, Hydrophis-curtus, Hydrophis-cyanocinctus, Hydrophis-melanocephalus, Hydrophis-hardwickii, Emydocephalus-ijimae, Notechis-scutatus, Pseudonaja-textilis, Laticauda-colubrina, Laticauda-laticaudata, Elapsoidea-sundevallii_MCZR190390, Micrelaps-sp_TauM16738, Psammodynastes-pulverulentus_KU328547, Psammodynastes-pulverulentus_KU329686, Sibynophis-bivittatus_KU309608, Thamnophis-sirtalis, Thamnophis-elegans, Ahaetulla-prasina_KU323364, Chrysopelea-ornata, Grayia-smythii_KU341872, Calamaria-gervaisii_KU327406, Scolecophis-atrocinctus_KU289804, Tantilla-taeniata_KU289863, Pantherophis-guttatus, Pantherophis-obsoletus, Pituophis-catenifer, Ptyas-mucosa, Boiga-irregularis_KU345021, Dipsas-indica_KU215336, Thermophis-baileyi, Pseudoxenodon-sp_KU312221, Achalinus-spinalis_KU312258, Acrochordus-granulatus_KU302952, Python-molurus, Boa-constrictor, Aplopeltura-boa_KU315147, Crotalus-pyrrhus, Crotalus-tigris, Crotalus-viridis, Crotalus-adamanteus, Crotalus-horridus, Bothrops-jararaca, Protobothrops-mucrosquamatus, Protobothrops-flavoviridis, Vipera-berus, Cerberus-schneiderii_KU324534, Myanophis-thanlyinensis, Psammophis-sibilans_RAX2053, Rhamphiophis-oxyrhynchus_KU290451, Aparallactus-capensis_MCZA28808]
Taxon occupancy: {Protobothrops-flavoviridis=163, Hologerrhum-philippinum_KU330752=163, Thamnophis-sirtalis=157, Hydrophis-hardwickii=161, Psammophis-sibilans_RAX2053=153, Crotalus-pyrrhus=164, Elapsoidea-sundevallii_MCZR190390=163, Bothrops-jararaca=158, Notechis-scutatus=161, Levitonius-mirus_KU337269=156, Buhoma-depressiceps_CFS1528=149, Ophiophagus-hannah=161, Calamaria-gervaisii_KU327406=157, Scolecophis-atrocinctus_KU289804=161, Ptyas-mucosa=165, Boiga-irregularis_KU345021=157, Aparallactus-capensis_MCZA28808=153, Myanophis-thanlyinensis=154, Ahaetulla-prasina_KU323364=158, Python-molurus=154, Pseudaspis-cana_MCZA27068=157, Psammodynastes-pulverulentus_KU328547=160, Crotalus-tigris=161, Rhamphiophis-oxyrhynchus_KU290451=152, Pantherophis-obsoletus=165, Protobothrops-mucrosquamatus=161, Vipera-berus=161, Chrysopelea-ornata=159, Thamnophis-elegans=156, Laticauda-laticaudata=158, Myersophis-alpestris_KU308684=158, Oxyrhabdium-leporinum_KU346583=158, Acrochordus-granulatus_KU302952=156, Cyclocorus-lineatus_KU335808=157, Oxyrhabdium-cfmodestum_KU338101=159, Grayia-smythii_KU341872=159, Tantilla-taeniata_KU289863=155, Crotalus-viridis=160, Crotalus-adamanteus=163, Pseudoxyrhopus-tritaeniatus_KU340969=157, Dipsas-indica_KU215336=160, Oxyrhabdium-modestum_KU310866=158, Emydocephalus-ijimae=160, Pantherophis-guttatus=163, Sibynophis-bivittatus_KU309608=161, Aplopeltura-boa_KU315147=153, Thermophis-baileyi=165, Pituophis-catenifer=153, Lamprophis-lineatus_EBG706=159, Hydrophis-curtus=160, Pseudoxenodon-sp_KU312221=162, Chamaelycus-fasciatus_KU348632=152, Hemibungarus-mcclungi_KU303027=159, Pseudonaja-textilis=163, Laticauda-colubrina=164, Crotalus-horridus=163, Micrurus-corallinus_KU289205=161, Boa-constrictor=149, Psammodynastes-pulverulentus_KU329686=157, Hydrophis-melanocephalus=162, Achalinus-spinalis_KU312258=143, Micrelaps-sp_TauM16738=155, Prosymna-visseri_MCZR190223=153, Naja-naja=168, Hydrophis-cyanocinctus=162, Cerberus-schneiderii_KU324534=155}
Using polytree-based weight calculation.
Number of gene trees: 168
125 trees have missing taxa
Calculating distance matrix (for completion of X) ....with 4 distance matrices for parallellism
Species tree distances calculated ...

Will attempt to complete bipartitions from X before adding using a distance matrix.
Building set of clusters (X) from gene trees 
------------------------------
Number of Clusters after addition from gene trees: 4061
Number of Clusters after addition by distance: 4061
Adding to X using resolutions of greedy consensus ...

Computing greedy consensus  
took 0 seconds
Limit for sigma of degrees:1700

polytomy size limit : > 11
 [3, 3, 3, 3, 3, 3, 3, 4, 4, 4, 4, 4, 4, 9, 11]
discarded polytomies: 
Threshold 0.0:
Threshold 0.01:
Threshold 0.02:
polytomy of size 3; rounds with additions with at least 5 support: 0; clusters: 4061
Threshold 0.05:
polytomy of size 3; rounds with additions with at least 5 support: 0; clusters: 4061
Threshold 0.1:
polytomy of size 3; rounds with additions with at least 5 support: 0; clusters: 4061
polytomy of size 4; rounds with additions with at least 5 support: 0; clusters: 4061
Threshold 0.2:
polytomy of size 3; rounds with additions with at least 5 support: 0; clusters: 4061
polytomy of size 4; rounds with additions with at least 5 support: 0; clusters: 4061
polytomy of size 9; rounds with additions with at least 5 support: 0; clusters: 4061
Threshold 0.3333333333333333:
polytomy of size 3; rounds with additions with at least 5 support: 0; clusters: 4061
polytomy of size 4; rounds with additions with at least 5 support: 0; clusters: 4061
polytomy of size 3; rounds with additions with at least 5 support: 0; clusters: 4061
polytomy of size 4; rounds with additions with at least 5 support: 0; clusters: 4061
polytomy of size 4; rounds with additions with at least 5 support: 0; clusters: 4061
polytomy of size 4; rounds with additions with at least 5 support: 0; clusters: 4061
polytomy of size 3; rounds with additions with at least 5 support: 0; clusters: 4061
polytomy of size 11; rounds with additions with at least 5 support: 0; clusters: 4061
Number of Clusters after addition by greedy: 4061
partitions formed in 1.774 secs
Dynamic Programming starting after 1.774 secs
Polytree max score: 99744290
Polytree building time: 0.078 seconds.
Fail to load native library libAstral.dylib; use Java default computing method.
Number of quartet trees in the gene trees: 99744290
Computing hash values took 0 seconds
device length is: 2
TREE HEIGHT IS: 13
Size of largest cluster: 66
Size of largest cluster: 66
Finishing up:9309 0 9308
Total Number of elements: 9308
Normalized score (portion of input quartet trees satisfied before correcting for multiple individuals): 0.8552042828717313
Final optimization score: 85301744
Optimal tree inferred in 3.288 secs.
Weight calculation using polytrees cumulatively took 0.0 secs
(Pseudoxyrhopus-tritaeniatus_KU340969,((Micrelaps-sp_TauM16738,(((((((Sibynophis-bivittatus_KU309608,(Calamaria-gervaisii_KU327406,(Grayia-smythii_KU341872,((Boiga-irregularis_KU345021,((Ptyas-mucosa,(Pituophis-catenifer,(Pantherophis-guttatus,Pantherophis-obsoletus))),(Scolecophis-atrocinctus_KU289804,Tantilla-taeniata_KU289863))),(Ahaetulla-prasina_KU323364,Chrysopelea-ornata))))),(Pseudoxenodon-sp_KU312221,(Dipsas-indica_KU215336,Thermophis-baileyi))),(Thamnophis-sirtalis,Thamnophis-elegans)),(((Vipera-berus,((Bothrops-jararaca,(Crotalus-horridus,((Crotalus-pyrrhus,Crotalus-tigris),(Crotalus-viridis,Crotalus-adamanteus)))),(Protobothrops-mucrosquamatus,Protobothrops-flavoviridis))),(Aplopeltura-boa_KU315147,(Achalinus-spinalis_KU312258,(Acrochordus-granulatus_KU302952,(Python-molurus,Boa-constrictor))))),(Cerberus-schneiderii_KU324534,Myanophis-thanlyinensis))),(((Levitonius-mirus_KU337269,Myersophis-alpestris_KU308684),(Oxyrhabdium-modestum_KU310866,(Oxyrhabdium-leporinum_KU346583,Oxyrhabdium-cfmodestum_KU338101))),(Cyclocorus-lineatus_KU335808,Hologerrhum-philippinum_KU330752))),(Psammodynastes-pulverulentus_KU328547,Psammodynastes-pulverulentus_KU329686)),(Micrurus-corallinus_KU289205,((Elapsoidea-sundevallii_MCZR190390,((Pseudonaja-textilis,(Notechis-scutatus,(Emydocephalus-ijimae,((Hydrophis-cyanocinctus,Hydrophis-melanocephalus),(Hydrophis-curtus,Hydrophis-hardwickii))))),(Laticauda-colubrina,Laticauda-laticaudata))),(Hemibungarus-mcclungi_KU303027,(Ophiophagus-hannah,Naja-naja)))))),((Pseudaspis-cana_MCZA27068,(Prosymna-visseri_MCZR190223,(Chamaelycus-fasciatus_KU348632,Lamprophis-lineatus_EBG706))),((Buhoma-depressiceps_CFS1528,Aparallactus-capensis_MCZA28808),(Psammophis-sibilans_RAX2053,Rhamphiophis-oxyrhynchus_KU290451)))));
Final quartet score is: 81247538
Final normalized quartet score is: 0.8145582869956767
(Pseudoxyrhopus-tritaeniatus_KU340969,((Micrelaps-sp_TauM16738,(((((((Sibynophis-bivittatus_KU309608,(Calamaria-gervaisii_KU327406,(Grayia-smythii_KU341872,((Boiga-irregularis_KU345021,((Ptyas-mucosa,(Pituophis-catenifer,(Pantherophis-guttatus,Pantherophis-obsoletus)1:0.2175526472740398)1:2.226093604234031)0.5:0.08291424081768253,(Scolecophis-atrocinctus_KU289804,Tantilla-taeniata_KU289863)1:1.0124378153526343)0.98:0.1578710688704818)1:2.0071442288349397,(Ahaetulla-prasina_KU323364,Chrysopelea-ornata)1:1.3364340745500354)1:0.8526785175067286)0.59:0.062484068339386176)0.82:0.08611104491254765)1:0.8165734795472797,(Pseudoxenodon-sp_KU312221,(Dipsas-indica_KU215336,Thermophis-baileyi)1:0.3510019256478991)0.93:0.11184822364376801)0.72:0.06289756305749192,(Thamnophis-sirtalis,Thamnophis-elegans)1:2.995541993247714)1:1.363059775925188,(((Vipera-berus,((Bothrops-jararaca,(Crotalus-horridus,((Crotalus-pyrrhus,Crotalus-tigris)0.97:0.14252602055227456,(Crotalus-viridis,Crotalus-adamanteus)0.78:0.08469606977650002)1:0.9619788869689972)1:3.1804032189097073)1:1.425996892010002,(Protobothrops-mucrosquamatus,Protobothrops-flavoviridis)1:1.658683327516723)1:2.460680430016457)1:3.404733370342898,(Aplopeltura-boa_KU315147,(Achalinus-spinalis_KU312258,(Acrochordus-granulatus_KU302952,(Python-molurus,Boa-constrictor)1:2.451762673906127)1:1.2329752220408492)1:2.8316109222764934)1:1.0023609276577772)1:2.0089949795172095,(Cerberus-schneiderii_KU324534,Myanophis-thanlyinensis)1:3.723672137610538)0.29:0.07456091375117876)1:1.6662307503968232,(((Levitonius-mirus_KU337269,Myersophis-alpestris_KU308684)0.92:0.11597755909709256,(Oxyrhabdium-modestum_KU310866,(Oxyrhabdium-leporinum_KU346583,Oxyrhabdium-cfmodestum_KU338101)1:0.31464022670769654)1:3.170419665638084)1:0.5055661388366579,(Cyclocorus-lineatus_KU335808,Hologerrhum-philippinum_KU330752)1:1.3489817110854696)1:1.7186351665075974)0.47:0.04070633684539042,(Psammodynastes-pulverulentus_KU328547,Psammodynastes-pulverulentus_KU329686)1:2.7947591118091757)0.8:0.0789492197500472,(Micrurus-corallinus_KU289205,((Elapsoidea-sundevallii_MCZR190390,((Pseudonaja-textilis,(Notechis-scutatus,(Emydocephalus-ijimae,((Hydrophis-cyanocinctus,Hydrophis-melanocephalus)1:0.6687601667207946,(Hydrophis-curtus,Hydrophis-hardwickii)1:0.6304727522432785)1:3.1155089235488895)1:2.4230670573916786)0.99:0.169384740279375)1:1.6607335961176166,(Laticauda-colubrina,Laticauda-laticaudata)1:4.2759101989761215)1:3.277617519723553)0.95:0.13106699208524897,(Hemibungarus-mcclungi_KU303027,(Ophiophagus-hannah,Naja-naja)0.87:0.09694571910888879)1:0.5210788060399585)0.97:0.13858522661236827)1:2.7742894448822906)1:0.2748881693012508)0.9:0.10914812691963767,((Pseudaspis-cana_MCZA27068,(Prosymna-visseri_MCZR190223,(Chamaelycus-fasciatus_KU348632,Lamprophis-lineatus_EBG706)1:1.1676561654085171)1:0.2022053364425847)0.44:0.017788638351192945,((Buhoma-depressiceps_CFS1528,Aparallactus-capensis_MCZA28808)0.79:0.08524525969289067,(Psammophis-sibilans_RAX2053,Rhamphiophis-oxyrhynchus_KU290451)1:3.4448120235822173)0.4:0.013767382518505435)0.69:0.060001891202257095));
ASTRAL finished in 4.122 secs
Shutting down threading
