

================== ASTRAL ===================== 

This is ASTRAL version 5.15.5
Warning: 
 Fail to load native library libAstral.dylib; use Java default computing method without AVX2, which is 4X slower. 
 Make sure you are using the correct Djava.library.path (to the `lib` directory under ASTRAL where libAstral.dylib can be found). 
 Trying running make.sh. For mode debugging, run: java -Djava.library.path=lib/ -jar native_library_tester.jar
Gene trees are treated as unrooted
Detected GPU devices: 
Device 1 of 2: Apple M1 cl_device_id[0xffffffff] Vendor: Intel
Device 2 of 2: Apple M1 cl_device_id[0x1027f00] Vendor: Apple
Will use Device : Apple M1
Will use Device : Apple M1
Starting 8 threads ...
There are 8 threads used to run.
5 trees read from /dev/fd/11
All output trees will be *arbitrarily* rooted at Acrochordus-granulatus_KU302952

======== Running the main analysis
Number of taxa: 66 (66 species)
Taxa: [Acrochordus-granulatus_KU302952, Scolecophis-atrocinctus_KU289804, Ptyas-mucosa, Pantherophis-guttatus, Pantherophis-obsoletus, Pituophis-catenifer, Boiga-irregularis_KU345021, Chrysopelea-ornata, Ahaetulla-prasina_KU323364, Sibynophis-bivittatus_KU309608, Pseudoxenodon-sp_KU312221, Dipsas-indica_KU215336, Thamnophis-sirtalis, Thamnophis-elegans, Grayia-smythii_KU341872, Thermophis-baileyi, Calamaria-gervaisii_KU327406, Prosymna-visseri_MCZR190223, Buhoma-depressiceps_CFS1528, Pseudaspis-cana_MCZA27068, Pseudoxyrhopus-tritaeniatus_KU340969, Rhamphiophis-oxyrhynchus_KU290451, Psammophis-sibilans_RAX2053, Micrelaps-sp_TauM16738, Cyclocorus-lineatus_KU335808, Hologerrhum-philippinum_KU330752, Myersophis-alpestris_KU308684, Oxyrhabdium-cfmodestum_KU338101, Oxyrhabdium-leporinum_KU346583, Oxyrhabdium-modestum_KU310866, Psammodynastes-pulverulentus_KU328547, Psammodynastes-pulverulentus_KU329686, Levitonius-mirus_KU337269, Lamprophis-lineatus_EBG706, Elapsoidea-sundevallii_MCZR190390, Hemibungarus-mcclungi_KU303027, Naja-naja, Hydrophis-curtus, Hydrophis-cyanocinctus, Hydrophis-melanocephalus, Hydrophis-hardwickii, Emydocephalus-ijimae, Notechis-scutatus, Laticauda-colubrina, Laticauda-laticaudata, Micrurus-corallinus_KU289205, Aparallactus-capensis_MCZA28808, Cerberus-schneiderii_KU324534, Crotalus-pyrrhus, Crotalus-adamanteus, Crotalus-tigris, Crotalus-horridus, Bothrops-jararaca, Protobothrops-mucrosquamatus, Protobothrops-flavoviridis, Aplopeltura-boa_KU315147, Achalinus-spinalis_KU312258, Boa-constrictor, Tantilla-taeniata_KU289863, Ophiophagus-hannah, Pseudonaja-textilis, Vipera-berus, Chamaelycus-fasciatus_KU348632, Python-molurus, Crotalus-viridis, Myanophis-thanlyinensis]
Taxon occupancy: {Protobothrops-flavoviridis=5, Thamnophis-sirtalis=5, Hologerrhum-philippinum_KU330752=4, Hydrophis-hardwickii=5, Psammophis-sibilans_RAX2053=4, Crotalus-pyrrhus=5, Elapsoidea-sundevallii_MCZR190390=5, Bothrops-jararaca=5, Notechis-scutatus=5, Levitonius-mirus_KU337269=5, Buhoma-depressiceps_CFS1528=4, Ophiophagus-hannah=4, Scolecophis-atrocinctus_KU289804=4, Ptyas-mucosa=5, Calamaria-gervaisii_KU327406=3, Boiga-irregularis_KU345021=3, Aparallactus-capensis_MCZA28808=4, Myanophis-thanlyinensis=1, Ahaetulla-prasina_KU323364=4, Python-molurus=2, Pseudaspis-cana_MCZA27068=5, Psammodynastes-pulverulentus_KU328547=5, Rhamphiophis-oxyrhynchus_KU290451=5, Crotalus-tigris=5, Pantherophis-obsoletus=5, Protobothrops-mucrosquamatus=4, Vipera-berus=4, Chrysopelea-ornata=4, Thamnophis-elegans=5, Laticauda-laticaudata=4, Myersophis-alpestris_KU308684=4, Oxyrhabdium-leporinum_KU346583=5, Acrochordus-granulatus_KU302952=5, Cyclocorus-lineatus_KU335808=4, Oxyrhabdium-cfmodestum_KU338101=5, Grayia-smythii_KU341872=4, Tantilla-taeniata_KU289863=3, Crotalus-viridis=2, Crotalus-adamanteus=5, Pseudoxyrhopus-tritaeniatus_KU340969=3, Dipsas-indica_KU215336=4, Oxyrhabdium-modestum_KU310866=4, Emydocephalus-ijimae=5, Pantherophis-guttatus=5, Sibynophis-bivittatus_KU309608=5, Aplopeltura-boa_KU315147=3, Thermophis-baileyi=4, Pituophis-catenifer=5, Lamprophis-lineatus_EBG706=4, Hydrophis-curtus=5, Pseudoxenodon-sp_KU312221=4, Hemibungarus-mcclungi_KU303027=5, Pseudonaja-textilis=4, Chamaelycus-fasciatus_KU348632=3, Laticauda-colubrina=5, Crotalus-horridus=4, Micrurus-corallinus_KU289205=5, Boa-constrictor=3, Psammodynastes-pulverulentus_KU329686=4, Hydrophis-melanocephalus=5, Achalinus-spinalis_KU312258=3, Micrelaps-sp_TauM16738=5, Prosymna-visseri_MCZR190223=4, Naja-naja=5, Hydrophis-cyanocinctus=5, Cerberus-schneiderii_KU324534=4}
Using polytree-based weight calculation.
Number of gene trees: 5
5 trees have missing taxa
Calculating distance matrix (for completion of X) ....with 4 distance matrices for parallellism
Species tree distances calculated ...

Will attempt to complete bipartitions from X before adding using a distance matrix.
Building set of clusters (X) from gene trees 
------------------------------
Number of Clusters after addition from gene trees: 451
Number of Clusters after addition by distance: 451
Adding to X using resolutions of greedy consensus ...

Computing greedy consensus  
took 0 seconds
Limit for sigma of degrees:1700

polytomy size limit : > 5
 [3, 4, 5]
discarded polytomies: 
Threshold 0.0:
Threshold 0.01:
Threshold 0.02:
Threshold 0.05:
Threshold 0.1:
Threshold 0.2:
Threshold 0.3333333333333333:
polytomy of size 3; rounds with additions with at least 5 support: 0; clusters: 475
polytomy of size 4; rounds with additions with at least 5 support: 0; clusters: 475
polytomy of size 5; rounds with additions with at least 5 support: 0; clusters: 475
Number of Clusters after addition by greedy: 475
partitions formed in 0.519 secs
Dynamic Programming starting after 0.519 secs
Polytree max score: 1940940
Polytree building time: 0.009 seconds.
Fail to load native library libAstral.dylib; use Java default computing method.
Number of quartet trees in the gene trees: 1940940
Computing hash values took 0 seconds
device length is: 2
TREE HEIGHT IS: 10
Size of largest cluster: 66
Size of largest cluster: 66
Finishing up:289 0 288
Total Number of elements: 288
Normalized score (portion of input quartet trees satisfied before correcting for multiple individuals): 0.906211938545241
Final optimization score: 1758903
Optimal tree inferred in 1.807 secs.
Weight calculation using polytrees cumulatively took 0.0 secs
(Acrochordus-granulatus_KU302952,((Achalinus-spinalis_KU312258,((Aplopeltura-boa_KU315147,((((((Aparallactus-capensis_MCZA28808,(Pseudaspis-cana_MCZA27068,(Micrurus-corallinus_KU289205,(Elapsoidea-sundevallii_MCZR190390,(((Pseudonaja-textilis,(Notechis-scutatus,(Emydocephalus-ijimae,((Hydrophis-curtus,Hydrophis-hardwickii),(Hydrophis-cyanocinctus,Hydrophis-melanocephalus))))),(Laticauda-colubrina,Laticauda-laticaudata)),(Hemibungarus-mcclungi_KU303027,(Naja-naja,Ophiophagus-hannah))))))),(((Prosymna-visseri_MCZR190223,(Lamprophis-lineatus_EBG706,Chamaelycus-fasciatus_KU348632)),(Rhamphiophis-oxyrhynchus_KU290451,Psammophis-sibilans_RAX2053)),(Buhoma-depressiceps_CFS1528,Micrelaps-sp_TauM16738))),(Pseudoxyrhopus-tritaeniatus_KU340969,(Psammodynastes-pulverulentus_KU328547,Psammodynastes-pulverulentus_KU329686))),(Levitonius-mirus_KU337269,((Myersophis-alpestris_KU308684,(Oxyrhabdium-modestum_KU310866,(Oxyrhabdium-cfmodestum_KU338101,Oxyrhabdium-leporinum_KU346583))),(Cyclocorus-lineatus_KU335808,Hologerrhum-philippinum_KU330752)))),(Cerberus-schneiderii_KU324534,Myanophis-thanlyinensis)),(((Grayia-smythii_KU341872,(((Boiga-irregularis_KU345021,(Ptyas-mucosa,(Scolecophis-atrocinctus_KU289804,Tantilla-taeniata_KU289863))),(Pantherophis-guttatus,(Pantherophis-obsoletus,Pituophis-catenifer))),(Chrysopelea-ornata,Ahaetulla-prasina_KU323364))),(Sibynophis-bivittatus_KU309608,Calamaria-gervaisii_KU327406)),((Thermophis-baileyi,(Thamnophis-sirtalis,Thamnophis-elegans)),(Pseudoxenodon-sp_KU312221,Dipsas-indica_KU215336))))),(Vipera-berus,((Bothrops-jararaca,(Crotalus-viridis,((Crotalus-pyrrhus,Crotalus-adamanteus),(Crotalus-tigris,Crotalus-horridus)))),(Protobothrops-mucrosquamatus,Protobothrops-flavoviridis))))),(Boa-constrictor,Python-molurus)));
Final quartet score is: 1683001
Final normalized quartet score is: 0.8671061444454748
You may want to ignore posterior probabilities and other statistics related to the following branch branch because the effective number of genes impacting it is only 4:
	{Hydrophis-curtus, Hydrophis-cyanocinctus, Hydrophis-melanocephalus, Hydrophis-hardwickii, Emydocephalus-ijimae, Notechis-scutatus, Pseudonaja-textilis}
You may want to ignore posterior probabilities and other statistics related to the following branch branch because the effective number of genes impacting it is only 5:
	{Hydrophis-curtus, Hydrophis-cyanocinctus, Hydrophis-melanocephalus, Hydrophis-hardwickii, Emydocephalus-ijimae}
You may want to ignore posterior probabilities and other statistics related to the following branch branch because the effective number of genes impacting it is only 5:
	{Hydrophis-curtus, Hydrophis-hardwickii}
You may want to ignore posterior probabilities and other statistics related to the following branch branch because the effective number of genes impacting it is only 4:
	{Hydrophis-curtus, Hydrophis-cyanocinctus, Hydrophis-melanocephalus, Hydrophis-hardwickii, Emydocephalus-ijimae, Notechis-scutatus}
You may want to ignore posterior probabilities and other statistics related to the following branch branch because the effective number of genes impacting it is only 4:
	{Laticauda-colubrina, Laticauda-laticaudata}
You may want to ignore posterior probabilities and other statistics related to the following branch branch because the effective number of genes impacting it is only 5:
	{Hydrophis-cyanocinctus, Hydrophis-melanocephalus}
You may want to ignore posterior probabilities and other statistics related to the following branch branch because the effective number of genes impacting it is only 5:
	{Hydrophis-curtus, Hydrophis-cyanocinctus, Hydrophis-melanocephalus, Hydrophis-hardwickii}
You may want to ignore posterior probabilities and other statistics related to the following branch branch because the effective number of genes impacting it is only 5:
	{Elapsoidea-sundevallii_MCZR190390, Hemibungarus-mcclungi_KU303027, Naja-naja, Hydrophis-curtus, Hydrophis-cyanocinctus, Hydrophis-melanocephalus, Hydrophis-hardwickii, Emydocephalus-ijimae, Notechis-scutatus, Laticauda-colubrina, Laticauda-laticaudata, Micrurus-corallinus_KU289205, Ophiophagus-hannah, Pseudonaja-textilis}
You may want to ignore posterior probabilities and other statistics related to the following branch branch because the effective number of genes impacting it is only 5:
	{Elapsoidea-sundevallii_MCZR190390, Hemibungarus-mcclungi_KU303027, Naja-naja, Hydrophis-curtus, Hydrophis-cyanocinctus, Hydrophis-melanocephalus, Hydrophis-hardwickii, Emydocephalus-ijimae, Notechis-scutatus, Laticauda-colubrina, Laticauda-laticaudata, Ophiophagus-hannah, Pseudonaja-textilis}
You may want to ignore posterior probabilities and other statistics related to the following branch branch because the effective number of genes impacting it is only 5:
	{Hydrophis-curtus, Hydrophis-cyanocinctus, Hydrophis-melanocephalus, Hydrophis-hardwickii, Emydocephalus-ijimae, Notechis-scutatus, Laticauda-colubrina, Laticauda-laticaudata, Pseudonaja-textilis}
You may want to ignore posterior probabilities and other statistics related to the following branch branch because the effective number of genes impacting it is only 4:
	{Naja-naja, Ophiophagus-hannah}
You may want to ignore posterior probabilities and other statistics related to the following branch branch because the effective number of genes impacting it is only 2:
	{Lamprophis-lineatus_EBG706, Chamaelycus-fasciatus_KU348632}
You may want to ignore posterior probabilities and other statistics related to the following branch branch because the effective number of genes impacting it is only 4:
	{Pseudaspis-cana_MCZA27068, Elapsoidea-sundevallii_MCZR190390, Hemibungarus-mcclungi_KU303027, Naja-naja, Hydrophis-curtus, Hydrophis-cyanocinctus, Hydrophis-melanocephalus, Hydrophis-hardwickii, Emydocephalus-ijimae, Notechis-scutatus, Laticauda-colubrina, Laticauda-laticaudata, Micrurus-corallinus_KU289205, Aparallactus-capensis_MCZA28808, Ophiophagus-hannah, Pseudonaja-textilis}
You may want to ignore posterior probabilities and other statistics related to the following branch branch because the effective number of genes impacting it is only 4:
	{Pseudaspis-cana_MCZA27068, Elapsoidea-sundevallii_MCZR190390, Hemibungarus-mcclungi_KU303027, Naja-naja, Hydrophis-curtus, Hydrophis-cyanocinctus, Hydrophis-melanocephalus, Hydrophis-hardwickii, Emydocephalus-ijimae, Notechis-scutatus, Laticauda-colubrina, Laticauda-laticaudata, Micrurus-corallinus_KU289205, Ophiophagus-hannah, Pseudonaja-textilis}
You may want to ignore posterior probabilities and other statistics related to the following branch branch because the effective number of genes impacting it is only 5:
	{Hemibungarus-mcclungi_KU303027, Naja-naja, Hydrophis-curtus, Hydrophis-cyanocinctus, Hydrophis-melanocephalus, Hydrophis-hardwickii, Emydocephalus-ijimae, Notechis-scutatus, Laticauda-colubrina, Laticauda-laticaudata, Ophiophagus-hannah, Pseudonaja-textilis}
You may want to ignore posterior probabilities and other statistics related to the following branch branch because the effective number of genes impacting it is only 5:
	{Prosymna-visseri_MCZR190223, Rhamphiophis-oxyrhynchus_KU290451, Psammophis-sibilans_RAX2053, Lamprophis-lineatus_EBG706, Chamaelycus-fasciatus_KU348632}
You may want to ignore posterior probabilities and other statistics related to the following branch branch because the effective number of genes impacting it is only 3:
	{Prosymna-visseri_MCZR190223, Lamprophis-lineatus_EBG706, Chamaelycus-fasciatus_KU348632}
You may want to ignore posterior probabilities and other statistics related to the following branch branch because the effective number of genes impacting it is only 4:
	{Buhoma-depressiceps_CFS1528, Micrelaps-sp_TauM16738}
You may want to ignore posterior probabilities and other statistics related to the following branch branch because the effective number of genes impacting it is only 2:
	{Psammodynastes-pulverulentus_KU328547, Psammodynastes-pulverulentus_KU329686}
You may want to ignore posterior probabilities and other statistics related to the following branch branch because the effective number of genes impacting it is only 4:
	{Rhamphiophis-oxyrhynchus_KU290451, Psammophis-sibilans_RAX2053}
You may want to ignore posterior probabilities and other statistics related to the following branch branch because the effective number of genes impacting it is only 5:
	{Prosymna-visseri_MCZR190223, Buhoma-depressiceps_CFS1528, Pseudaspis-cana_MCZA27068, Pseudoxyrhopus-tritaeniatus_KU340969, Rhamphiophis-oxyrhynchus_KU290451, Psammophis-sibilans_RAX2053, Micrelaps-sp_TauM16738, Psammodynastes-pulverulentus_KU328547, Psammodynastes-pulverulentus_KU329686, Lamprophis-lineatus_EBG706, Elapsoidea-sundevallii_MCZR190390, Hemibungarus-mcclungi_KU303027, Naja-naja, Hydrophis-curtus, Hydrophis-cyanocinctus, Hydrophis-melanocephalus, Hydrophis-hardwickii, Emydocephalus-ijimae, Notechis-scutatus, Laticauda-colubrina, Laticauda-laticaudata, Micrurus-corallinus_KU289205, Aparallactus-capensis_MCZA28808, Ophiophagus-hannah, Pseudonaja-textilis, Chamaelycus-fasciatus_KU348632}
You may want to ignore posterior probabilities and other statistics related to the following branch branch because the effective number of genes impacting it is only 3:
	{Pseudoxyrhopus-tritaeniatus_KU340969, Psammodynastes-pulverulentus_KU328547, Psammodynastes-pulverulentus_KU329686}
You may want to ignore posterior probabilities and other statistics related to the following branch branch because the effective number of genes impacting it is only 4:
	{Oxyrhabdium-cfmodestum_KU338101, Oxyrhabdium-leporinum_KU346583}
You may want to ignore posterior probabilities and other statistics related to the following branch branch because the effective number of genes impacting it is only 5:
	{Prosymna-visseri_MCZR190223, Buhoma-depressiceps_CFS1528, Rhamphiophis-oxyrhynchus_KU290451, Psammophis-sibilans_RAX2053, Micrelaps-sp_TauM16738, Lamprophis-lineatus_EBG706, Chamaelycus-fasciatus_KU348632}
You may want to ignore posterior probabilities and other statistics related to the following branch branch because the effective number of genes impacting it is only 4:
	{Myersophis-alpestris_KU308684, Oxyrhabdium-cfmodestum_KU338101, Oxyrhabdium-leporinum_KU346583, Oxyrhabdium-modestum_KU310866}
You may want to ignore posterior probabilities and other statistics related to the following branch branch because the effective number of genes impacting it is only 4:
	{Cyclocorus-lineatus_KU335808, Hologerrhum-philippinum_KU330752}
You may want to ignore posterior probabilities and other statistics related to the following branch branch because the effective number of genes impacting it is only 5:
	{Prosymna-visseri_MCZR190223, Buhoma-depressiceps_CFS1528, Pseudaspis-cana_MCZA27068, Rhamphiophis-oxyrhynchus_KU290451, Psammophis-sibilans_RAX2053, Micrelaps-sp_TauM16738, Lamprophis-lineatus_EBG706, Elapsoidea-sundevallii_MCZR190390, Hemibungarus-mcclungi_KU303027, Naja-naja, Hydrophis-curtus, Hydrophis-cyanocinctus, Hydrophis-melanocephalus, Hydrophis-hardwickii, Emydocephalus-ijimae, Notechis-scutatus, Laticauda-colubrina, Laticauda-laticaudata, Micrurus-corallinus_KU289205, Aparallactus-capensis_MCZA28808, Ophiophagus-hannah, Pseudonaja-textilis, Chamaelycus-fasciatus_KU348632}
You may want to ignore posterior probabilities and other statistics related to the following branch branch because the effective number of genes impacting it is only 4:
	{Oxyrhabdium-cfmodestum_KU338101, Oxyrhabdium-leporinum_KU346583, Oxyrhabdium-modestum_KU310866}
You may want to ignore posterior probabilities and other statistics related to the following branch branch because the effective number of genes impacting it is only 1:
	{Cerberus-schneiderii_KU324534, Myanophis-thanlyinensis}
You may want to ignore posterior probabilities and other statistics related to the following branch branch because the effective number of genes impacting it is only 3:
	{Scolecophis-atrocinctus_KU289804, Ptyas-mucosa, Tantilla-taeniata_KU289863}
You may want to ignore posterior probabilities and other statistics related to the following branch branch because the effective number of genes impacting it is only 4:
	{Prosymna-visseri_MCZR190223, Buhoma-depressiceps_CFS1528, Pseudaspis-cana_MCZA27068, Pseudoxyrhopus-tritaeniatus_KU340969, Rhamphiophis-oxyrhynchus_KU290451, Psammophis-sibilans_RAX2053, Micrelaps-sp_TauM16738, Cyclocorus-lineatus_KU335808, Hologerrhum-philippinum_KU330752, Myersophis-alpestris_KU308684, Oxyrhabdium-cfmodestum_KU338101, Oxyrhabdium-leporinum_KU346583, Oxyrhabdium-modestum_KU310866, Psammodynastes-pulverulentus_KU328547, Psammodynastes-pulverulentus_KU329686, Levitonius-mirus_KU337269, Lamprophis-lineatus_EBG706, Elapsoidea-sundevallii_MCZR190390, Hemibungarus-mcclungi_KU303027, Naja-naja, Hydrophis-curtus, Hydrophis-cyanocinctus, Hydrophis-melanocephalus, Hydrophis-hardwickii, Emydocephalus-ijimae, Notechis-scutatus, Laticauda-colubrina, Laticauda-laticaudata, Micrurus-corallinus_KU289205, Aparallactus-capensis_MCZA28808, Cerberus-schneiderii_KU324534, Ophiophagus-hannah, Pseudonaja-textilis, Chamaelycus-fasciatus_KU348632, Myanophis-thanlyinensis}
You may want to ignore posterior probabilities and other statistics related to the following branch branch because the effective number of genes impacting it is only 3:
	{Scolecophis-atrocinctus_KU289804, Ptyas-mucosa, Boiga-irregularis_KU345021, Tantilla-taeniata_KU289863}
You may want to ignore posterior probabilities and other statistics related to the following branch branch because the effective number of genes impacting it is only 4:
	{Prosymna-visseri_MCZR190223, Buhoma-depressiceps_CFS1528, Pseudaspis-cana_MCZA27068, Pseudoxyrhopus-tritaeniatus_KU340969, Rhamphiophis-oxyrhynchus_KU290451, Psammophis-sibilans_RAX2053, Micrelaps-sp_TauM16738, Cyclocorus-lineatus_KU335808, Hologerrhum-philippinum_KU330752, Myersophis-alpestris_KU308684, Oxyrhabdium-cfmodestum_KU338101, Oxyrhabdium-leporinum_KU346583, Oxyrhabdium-modestum_KU310866, Psammodynastes-pulverulentus_KU328547, Psammodynastes-pulverulentus_KU329686, Levitonius-mirus_KU337269, Lamprophis-lineatus_EBG706, Elapsoidea-sundevallii_MCZR190390, Hemibungarus-mcclungi_KU303027, Naja-naja, Hydrophis-curtus, Hydrophis-cyanocinctus, Hydrophis-melanocephalus, Hydrophis-hardwickii, Emydocephalus-ijimae, Notechis-scutatus, Laticauda-colubrina, Laticauda-laticaudata, Micrurus-corallinus_KU289205, Aparallactus-capensis_MCZA28808, Ophiophagus-hannah, Pseudonaja-textilis, Chamaelycus-fasciatus_KU348632}
You may want to ignore posterior probabilities and other statistics related to the following branch branch because the effective number of genes impacting it is only 5:
	{Pantherophis-obsoletus, Pituophis-catenifer}
You may want to ignore posterior probabilities and other statistics related to the following branch branch because the effective number of genes impacting it is only 3:
	{Scolecophis-atrocinctus_KU289804, Tantilla-taeniata_KU289863}
You may want to ignore posterior probabilities and other statistics related to the following branch branch because the effective number of genes impacting it is only 5:
	{Hemibungarus-mcclungi_KU303027, Naja-naja, Ophiophagus-hannah}
You may want to ignore posterior probabilities and other statistics related to the following branch branch because the effective number of genes impacting it is only 5:
	{Cyclocorus-lineatus_KU335808, Hologerrhum-philippinum_KU330752, Myersophis-alpestris_KU308684, Oxyrhabdium-cfmodestum_KU338101, Oxyrhabdium-leporinum_KU346583, Oxyrhabdium-modestum_KU310866, Levitonius-mirus_KU337269}
You may want to ignore posterior probabilities and other statistics related to the following branch branch because the effective number of genes impacting it is only 4:
	{Cyclocorus-lineatus_KU335808, Hologerrhum-philippinum_KU330752, Myersophis-alpestris_KU308684, Oxyrhabdium-cfmodestum_KU338101, Oxyrhabdium-leporinum_KU346583, Oxyrhabdium-modestum_KU310866}
You may want to ignore posterior probabilities and other statistics related to the following branch branch because the effective number of genes impacting it is only 3:
	{Chrysopelea-ornata, Ahaetulla-prasina_KU323364}
You may want to ignore posterior probabilities and other statistics related to the following branch branch because the effective number of genes impacting it is only 4:
	{Scolecophis-atrocinctus_KU289804, Ptyas-mucosa, Pantherophis-guttatus, Pantherophis-obsoletus, Pituophis-catenifer, Boiga-irregularis_KU345021, Chrysopelea-ornata, Ahaetulla-prasina_KU323364, Grayia-smythii_KU341872, Tantilla-taeniata_KU289863}
You may want to ignore posterior probabilities and other statistics related to the following branch branch because the effective number of genes impacting it is only 3:
	{Sibynophis-bivittatus_KU309608, Calamaria-gervaisii_KU327406}
You may want to ignore posterior probabilities and other statistics related to the following branch branch because the effective number of genes impacting it is only 4:
	{Scolecophis-atrocinctus_KU289804, Ptyas-mucosa, Pantherophis-guttatus, Pantherophis-obsoletus, Pituophis-catenifer, Boiga-irregularis_KU345021, Chrysopelea-ornata, Ahaetulla-prasina_KU323364, Tantilla-taeniata_KU289863}
You may want to ignore posterior probabilities and other statistics related to the following branch branch because the effective number of genes impacting it is only 4:
	{Thamnophis-sirtalis, Thamnophis-elegans, Thermophis-baileyi}
You may want to ignore posterior probabilities and other statistics related to the following branch branch because the effective number of genes impacting it is only 5:
	{Scolecophis-atrocinctus_KU289804, Ptyas-mucosa, Pantherophis-guttatus, Pantherophis-obsoletus, Pituophis-catenifer, Boiga-irregularis_KU345021, Chrysopelea-ornata, Ahaetulla-prasina_KU323364, Sibynophis-bivittatus_KU309608, Grayia-smythii_KU341872, Calamaria-gervaisii_KU327406, Tantilla-taeniata_KU289863}
You may want to ignore posterior probabilities and other statistics related to the following branch branch because the effective number of genes impacting it is only 5:
	{Scolecophis-atrocinctus_KU289804, Ptyas-mucosa, Pantherophis-guttatus, Pantherophis-obsoletus, Pituophis-catenifer, Boiga-irregularis_KU345021, Tantilla-taeniata_KU289863}
You may want to ignore posterior probabilities and other statistics related to the following branch branch because the effective number of genes impacting it is only 4:
	{Thamnophis-sirtalis, Thamnophis-elegans}
You may want to ignore posterior probabilities and other statistics related to the following branch branch because the effective number of genes impacting it is only 5:
	{Scolecophis-atrocinctus_KU289804, Ptyas-mucosa, Pantherophis-guttatus, Pantherophis-obsoletus, Pituophis-catenifer, Boiga-irregularis_KU345021, Chrysopelea-ornata, Ahaetulla-prasina_KU323364, Sibynophis-bivittatus_KU309608, Pseudoxenodon-sp_KU312221, Dipsas-indica_KU215336, Thamnophis-sirtalis, Thamnophis-elegans, Grayia-smythii_KU341872, Thermophis-baileyi, Calamaria-gervaisii_KU327406, Tantilla-taeniata_KU289863}
You may want to ignore posterior probabilities and other statistics related to the following branch branch because the effective number of genes impacting it is only 3:
	{Scolecophis-atrocinctus_KU289804, Ptyas-mucosa, Pantherophis-guttatus, Pantherophis-obsoletus, Pituophis-catenifer, Boiga-irregularis_KU345021, Chrysopelea-ornata, Ahaetulla-prasina_KU323364, Sibynophis-bivittatus_KU309608, Pseudoxenodon-sp_KU312221, Dipsas-indica_KU215336, Thamnophis-sirtalis, Thamnophis-elegans, Grayia-smythii_KU341872, Thermophis-baileyi, Calamaria-gervaisii_KU327406, Prosymna-visseri_MCZR190223, Buhoma-depressiceps_CFS1528, Pseudaspis-cana_MCZA27068, Pseudoxyrhopus-tritaeniatus_KU340969, Rhamphiophis-oxyrhynchus_KU290451, Psammophis-sibilans_RAX2053, Micrelaps-sp_TauM16738, Cyclocorus-lineatus_KU335808, Hologerrhum-philippinum_KU330752, Myersophis-alpestris_KU308684, Oxyrhabdium-cfmodestum_KU338101, Oxyrhabdium-leporinum_KU346583, Oxyrhabdium-modestum_KU310866, Psammodynastes-pulverulentus_KU328547, Psammodynastes-pulverulentus_KU329686, Levitonius-mirus_KU337269, Lamprophis-lineatus_EBG706, Elapsoidea-sundevallii_MCZR190390, Hemibungarus-mcclungi_KU303027, Naja-naja, Hydrophis-curtus, Hydrophis-cyanocinctus, Hydrophis-melanocephalus, Hydrophis-hardwickii, Emydocephalus-ijimae, Notechis-scutatus, Laticauda-colubrina, Laticauda-laticaudata, Micrurus-corallinus_KU289205, Aparallactus-capensis_MCZA28808, Cerberus-schneiderii_KU324534, Tantilla-taeniata_KU289863, Ophiophagus-hannah, Pseudonaja-textilis, Chamaelycus-fasciatus_KU348632, Myanophis-thanlyinensis}
You may want to ignore posterior probabilities and other statistics related to the following branch branch because the effective number of genes impacting it is only 3:
	{Pseudoxenodon-sp_KU312221, Dipsas-indica_KU215336}
You may want to ignore posterior probabilities and other statistics related to the following branch branch because the effective number of genes impacting it is only 2:
	{Crotalus-pyrrhus, Crotalus-adamanteus, Crotalus-tigris, Crotalus-horridus}
You may want to ignore posterior probabilities and other statistics related to the following branch branch because the effective number of genes impacting it is only 5:
	{Crotalus-pyrrhus, Crotalus-adamanteus}
You may want to ignore posterior probabilities and other statistics related to the following branch branch because the effective number of genes impacting it is only 4:
	{Crotalus-tigris, Crotalus-horridus}
You may want to ignore posterior probabilities and other statistics related to the following branch branch because the effective number of genes impacting it is only 3:
	{Scolecophis-atrocinctus_KU289804, Ptyas-mucosa, Pantherophis-guttatus, Pantherophis-obsoletus, Pituophis-catenifer, Boiga-irregularis_KU345021, Chrysopelea-ornata, Ahaetulla-prasina_KU323364, Sibynophis-bivittatus_KU309608, Pseudoxenodon-sp_KU312221, Dipsas-indica_KU215336, Thamnophis-sirtalis, Thamnophis-elegans, Grayia-smythii_KU341872, Thermophis-baileyi, Calamaria-gervaisii_KU327406, Prosymna-visseri_MCZR190223, Buhoma-depressiceps_CFS1528, Pseudaspis-cana_MCZA27068, Pseudoxyrhopus-tritaeniatus_KU340969, Rhamphiophis-oxyrhynchus_KU290451, Psammophis-sibilans_RAX2053, Micrelaps-sp_TauM16738, Cyclocorus-lineatus_KU335808, Hologerrhum-philippinum_KU330752, Myersophis-alpestris_KU308684, Oxyrhabdium-cfmodestum_KU338101, Oxyrhabdium-leporinum_KU346583, Oxyrhabdium-modestum_KU310866, Psammodynastes-pulverulentus_KU328547, Psammodynastes-pulverulentus_KU329686, Levitonius-mirus_KU337269, Lamprophis-lineatus_EBG706, Elapsoidea-sundevallii_MCZR190390, Hemibungarus-mcclungi_KU303027, Naja-naja, Hydrophis-curtus, Hydrophis-cyanocinctus, Hydrophis-melanocephalus, Hydrophis-hardwickii, Emydocephalus-ijimae, Notechis-scutatus, Laticauda-colubrina, Laticauda-laticaudata, Micrurus-corallinus_KU289205, Aparallactus-capensis_MCZA28808, Cerberus-schneiderii_KU324534, Aplopeltura-boa_KU315147, Tantilla-taeniata_KU289863, Ophiophagus-hannah, Pseudonaja-textilis, Chamaelycus-fasciatus_KU348632, Myanophis-thanlyinensis}
You may want to ignore posterior probabilities and other statistics related to the following branch branch because the effective number of genes impacting it is only 5:
	{Pseudoxenodon-sp_KU312221, Dipsas-indica_KU215336, Thamnophis-sirtalis, Thamnophis-elegans, Thermophis-baileyi}
You may want to ignore posterior probabilities and other statistics related to the following branch branch because the effective number of genes impacting it is only 4:
	{Protobothrops-mucrosquamatus, Protobothrops-flavoviridis}
You may want to ignore posterior probabilities and other statistics related to the following branch branch because the effective number of genes impacting it is only 5:
	{Crotalus-pyrrhus, Crotalus-adamanteus, Crotalus-tigris, Crotalus-horridus, Bothrops-jararaca, Crotalus-viridis}
You may want to ignore posterior probabilities and other statistics related to the following branch branch because the effective number of genes impacting it is only 2:
	{Crotalus-pyrrhus, Crotalus-adamanteus, Crotalus-tigris, Crotalus-horridus, Crotalus-viridis}
You may want to ignore posterior probabilities and other statistics related to the following branch branch because the effective number of genes impacting it is only 4:
	{Crotalus-pyrrhus, Crotalus-adamanteus, Crotalus-tigris, Crotalus-horridus, Bothrops-jararaca, Protobothrops-mucrosquamatus, Protobothrops-flavoviridis, Crotalus-viridis}
You may want to ignore posterior probabilities and other statistics related to the following branch branch because the effective number of genes impacting it is only 2:
	{Boa-constrictor, Python-molurus}
You may want to ignore posterior probabilities and other statistics related to the following branch branch because the effective number of genes impacting it is only 3:
	{Scolecophis-atrocinctus_KU289804, Ptyas-mucosa, Pantherophis-guttatus, Pantherophis-obsoletus, Pituophis-catenifer, Boiga-irregularis_KU345021, Chrysopelea-ornata, Ahaetulla-prasina_KU323364, Sibynophis-bivittatus_KU309608, Pseudoxenodon-sp_KU312221, Dipsas-indica_KU215336, Thamnophis-sirtalis, Thamnophis-elegans, Grayia-smythii_KU341872, Thermophis-baileyi, Calamaria-gervaisii_KU327406, Prosymna-visseri_MCZR190223, Buhoma-depressiceps_CFS1528, Pseudaspis-cana_MCZA27068, Pseudoxyrhopus-tritaeniatus_KU340969, Rhamphiophis-oxyrhynchus_KU290451, Psammophis-sibilans_RAX2053, Micrelaps-sp_TauM16738, Cyclocorus-lineatus_KU335808, Hologerrhum-philippinum_KU330752, Myersophis-alpestris_KU308684, Oxyrhabdium-cfmodestum_KU338101, Oxyrhabdium-leporinum_KU346583, Oxyrhabdium-modestum_KU310866, Psammodynastes-pulverulentus_KU328547, Psammodynastes-pulverulentus_KU329686, Levitonius-mirus_KU337269, Lamprophis-lineatus_EBG706, Elapsoidea-sundevallii_MCZR190390, Hemibungarus-mcclungi_KU303027, Naja-naja, Hydrophis-curtus, Hydrophis-cyanocinctus, Hydrophis-melanocephalus, Hydrophis-hardwickii, Emydocephalus-ijimae, Notechis-scutatus, Laticauda-colubrina, Laticauda-laticaudata, Micrurus-corallinus_KU289205, Aparallactus-capensis_MCZA28808, Cerberus-schneiderii_KU324534, Crotalus-pyrrhus, Crotalus-adamanteus, Crotalus-tigris, Crotalus-horridus, Bothrops-jararaca, Protobothrops-mucrosquamatus, Protobothrops-flavoviridis, Aplopeltura-boa_KU315147, Tantilla-taeniata_KU289863, Ophiophagus-hannah, Pseudonaja-textilis, Vipera-berus, Chamaelycus-fasciatus_KU348632, Crotalus-viridis, Myanophis-thanlyinensis}
You may want to ignore posterior probabilities and other statistics related to the following branch branch because the effective number of genes impacting it is only 2:
	{Scolecophis-atrocinctus_KU289804, Ptyas-mucosa, Pantherophis-guttatus, Pantherophis-obsoletus, Pituophis-catenifer, Boiga-irregularis_KU345021, Chrysopelea-ornata, Ahaetulla-prasina_KU323364, Sibynophis-bivittatus_KU309608, Pseudoxenodon-sp_KU312221, Dipsas-indica_KU215336, Thamnophis-sirtalis, Thamnophis-elegans, Grayia-smythii_KU341872, Thermophis-baileyi, Calamaria-gervaisii_KU327406, Prosymna-visseri_MCZR190223, Buhoma-depressiceps_CFS1528, Pseudaspis-cana_MCZA27068, Pseudoxyrhopus-tritaeniatus_KU340969, Rhamphiophis-oxyrhynchus_KU290451, Psammophis-sibilans_RAX2053, Micrelaps-sp_TauM16738, Cyclocorus-lineatus_KU335808, Hologerrhum-philippinum_KU330752, Myersophis-alpestris_KU308684, Oxyrhabdium-cfmodestum_KU338101, Oxyrhabdium-leporinum_KU346583, Oxyrhabdium-modestum_KU310866, Psammodynastes-pulverulentus_KU328547, Psammodynastes-pulverulentus_KU329686, Levitonius-mirus_KU337269, Lamprophis-lineatus_EBG706, Elapsoidea-sundevallii_MCZR190390, Hemibungarus-mcclungi_KU303027, Naja-naja, Hydrophis-curtus, Hydrophis-cyanocinctus, Hydrophis-melanocephalus, Hydrophis-hardwickii, Emydocephalus-ijimae, Notechis-scutatus, Laticauda-colubrina, Laticauda-laticaudata, Micrurus-corallinus_KU289205, Aparallactus-capensis_MCZA28808, Cerberus-schneiderii_KU324534, Crotalus-pyrrhus, Crotalus-adamanteus, Crotalus-tigris, Crotalus-horridus, Bothrops-jararaca, Protobothrops-mucrosquamatus, Protobothrops-flavoviridis, Aplopeltura-boa_KU315147, Achalinus-spinalis_KU312258, Tantilla-taeniata_KU289863, Ophiophagus-hannah, Pseudonaja-textilis, Vipera-berus, Chamaelycus-fasciatus_KU348632, Crotalus-viridis, Myanophis-thanlyinensis}
You may want to ignore posterior probabilities and other statistics related to the following branch branch because the effective number of genes impacting it is only 4:
	{Crotalus-pyrrhus, Crotalus-adamanteus, Crotalus-tigris, Crotalus-horridus, Bothrops-jararaca, Protobothrops-mucrosquamatus, Protobothrops-flavoviridis, Vipera-berus, Crotalus-viridis}
You may want to ignore posterior probabilities and other statistics related to the following branch branch because the effective number of genes impacting it is only 5:
	{Pantherophis-guttatus, Pantherophis-obsoletus, Pituophis-catenifer}
(Acrochordus-granulatus_KU302952,((Achalinus-spinalis_KU312258,((Aplopeltura-boa_KU315147,((((((Aparallactus-capensis_MCZA28808,(Pseudaspis-cana_MCZA27068,(Micrurus-corallinus_KU289205,(Elapsoidea-sundevallii_MCZR190390,(((Pseudonaja-textilis,(Notechis-scutatus,(Emydocephalus-ijimae,((Hydrophis-curtus,Hydrophis-hardwickii)0.93:0.6931471805599453,(Hydrophis-cyanocinctus,Hydrophis-melanocephalus)0.93:0.6931471805599453)0.99:1.3862943611198908)0.99:1.3862943611198908)0.53:0.1053605156578264)0.84:0.5108256237659905,(Laticauda-colubrina,Laticauda-laticaudata)0.98:1.2039728043259361)0.99:1.3862943611198908,(Hemibungarus-mcclungi_KU303027,(Naja-naja,Ophiophagus-hannah)0.44:0.1053605156578264)0.98:0.9808292530117262)0.72:0.2876820724517809)0.72:0.2876820724517809)0.99:1.3862943611198908)0.43:0.004555816535860579)0.49:0.07583808253505143,(((Prosymna-visseri_MCZR190223,(Lamprophis-lineatus_EBG706,Chamaelycus-fasciatus_KU348632)0.87:0.6931471805599453)0.76:0.39528978006651183,(Rhamphiophis-oxyrhynchus_KU290451,Psammophis-sibilans_RAX2053)0.98:1.2039728043259361)0.3:0.0,(Buhoma-depressiceps_CFS1528,Micrelaps-sp_TauM16738)0.59:0.16103450290478027)0.73:0.31560035783671114)0.3:0.0,(Pseudoxyrhopus-tritaeniatus_KU340969,(Psammodynastes-pulverulentus_KU328547,Psammodynastes-pulverulentus_KU329686)0.87:0.6931471805599453)0.57:0.14930357507476827)0.77:0.359762187568202,(Levitonius-mirus_KU337269,((Myersophis-alpestris_KU308684,(Oxyrhabdium-modestum_KU310866,(Oxyrhabdium-cfmodestum_KU338101,Oxyrhabdium-leporinum_KU346583)0.53:0.1053605156578264)0.98:1.2039728043259361)0.51:0.1053605156578264,(Cyclocorus-lineatus_KU335808,Hologerrhum-philippinum_KU330752)0.85:0.5108256237659905)0.94:0.784118958765672)0.89:0.5680712304329314)0.97:1.0279678891426853,(Cerberus-schneiderii_KU324534,Myanophis-thanlyinensis)0.67:0.2876820724517809)0.85:0.5108256237659905,(((Grayia-smythii_KU341872,(((Boiga-irregularis_KU345021,(Ptyas-mucosa,(Scolecophis-atrocinctus_KU289804,Tantilla-taeniata_KU289863)0.95:0.9808292530117262)0.64:0.25339299897314876)0.33:0.0,(Pantherophis-guttatus,(Pantherophis-obsoletus,Pituophis-catenifer)0.4:0.0)0.99:1.3862943611198908)0.99:1.3862943611198908,(Chrysopelea-ornata,Ahaetulla-prasina_KU323364)0.95:0.9808292530117262)0.98:1.2039728043259361)0.69:0.3065829787609811,(Sibynophis-bivittatus_KU309608,Calamaria-gervaisii_KU327406)0.67:0.2912344740561487)0.84:0.4480247225269604,((Thermophis-baileyi,(Thamnophis-sirtalis,Thamnophis-elegans)0.98:1.2039728043259361)0.32:0.0,(Pseudoxenodon-sp_KU312221,Dipsas-indica_KU215336)0.59:0.20618903820059792)0.93:0.6937606443036312)0.99:1.3237740041385568)0.95:0.9808292530117262)0.33:0.0,(Vipera-berus,((Bothrops-jararaca,(Crotalus-viridis,((Crotalus-pyrrhus,Crotalus-adamanteus)0.71:0.29108923077339505,(Crotalus-tigris,Crotalus-horridus)0.51:0.1053605156578264)0.56:0.13353139262452274)0.67:0.2876820724517809)0.99:1.3862943611198908,(Protobothrops-mucrosquamatus,Protobothrops-flavoviridis)0.98:1.2039728043259361)0.98:1.2039728043259361)0.98:1.2039728043259361)0.95:0.9808292530117262)0.87:0.6931471805599453,(Boa-constrictor,Python-molurus)0.87:0.6931471805599453));
ASTRAL finished in 2.044 secs
Shutting down threading
