

================== ASTRAL ===================== 

This is ASTRAL version 5.15.5
Warning: 
 Fail to load native library libAstral.dylib; use Java default computing method without AVX2, which is 4X slower. 
 Make sure you are using the correct Djava.library.path (to the `lib` directory under ASTRAL where libAstral.dylib can be found). 
 Trying running make.sh. For mode debugging, run: java -Djava.library.path=lib/ -jar native_library_tester.jar
Gene trees are treated as unrooted
Detected GPU devices: 
Device 1 of 2: Apple M1 cl_device_id[0xffffffff] Vendor: Intel
Device 2 of 2: Apple M1 cl_device_id[0x1027f00] Vendor: Apple
Will use Device : Apple M1
Will use Device : Apple M1
Starting 8 threads ...
There are 8 threads used to run.
2 trees read from /dev/fd/11
All output trees will be *arbitrarily* rooted at Scolecophis-atrocinctus_KU289804

======== Running the main analysis
Number of taxa: 64 (64 species)
Taxa: [Scolecophis-atrocinctus_KU289804, Sibynophis-bivittatus_KU309608, Grayia-smythii_KU341872, Thamnophis-elegans, Pseudoxenodon-sp_KU312221, Pseudaspis-cana_MCZA27068, Cyclocorus-lineatus_KU335808, Hologerrhum-philippinum_KU330752, Rhamphiophis-oxyrhynchus_KU290451, Psammophis-sibilans_RAX2053, Chamaelycus-fasciatus_KU348632, Lamprophis-lineatus_EBG706, Micrelaps-sp_TauM16738, Buhoma-depressiceps_CFS1528, Oxyrhabdium-cfmodestum_KU338101, Oxyrhabdium-leporinum_KU346583, Oxyrhabdium-modestum_KU310866, Myersophis-alpestris_KU308684, Psammodynastes-pulverulentus_KU328547, Psammodynastes-pulverulentus_KU329686, Levitonius-mirus_KU337269, Elapsoidea-sundevallii_MCZR190390, Hemibungarus-mcclungi_KU303027, Micrurus-corallinus_KU289205, Hydrophis-curtus, Hydrophis-hardwickii, Hydrophis-cyanocinctus, Hydrophis-melanocephalus, Emydocephalus-ijimae, Notechis-scutatus, Pseudonaja-textilis, Laticauda-colubrina, Laticauda-laticaudata, Naja-naja, Ophiophagus-hannah, Cerberus-schneiderii_KU324534, Myanophis-thanlyinensis, Achalinus-spinalis_KU312258, Crotalus-pyrrhus, Crotalus-adamanteus, Crotalus-horridus, Crotalus-tigris, Aplopeltura-boa_KU315147, Boa-constrictor, Dipsas-indica_KU215336, Calamaria-gervaisii_KU327406, Ahaetulla-prasina_KU323364, Pantherophis-guttatus, Pituophis-catenifer, Ptyas-mucosa, Boiga-irregularis_KU345021, Tantilla-taeniata_KU289863, Pseudoxyrhopus-tritaeniatus_KU340969, Aparallactus-capensis_MCZA28808, Prosymna-visseri_MCZR190223, Pantherophis-obsoletus, Thamnophis-sirtalis, Thermophis-baileyi, Python-molurus, Crotalus-viridis, Bothrops-jararaca, Protobothrops-mucrosquamatus, Protobothrops-flavoviridis, Vipera-berus]
Taxon occupancy: {Protobothrops-flavoviridis=1, Hologerrhum-philippinum_KU330752=2, Thamnophis-sirtalis=1, Hydrophis-hardwickii=2, Psammophis-sibilans_RAX2053=1, Crotalus-pyrrhus=2, Elapsoidea-sundevallii_MCZR190390=2, Bothrops-jararaca=1, Notechis-scutatus=2, Levitonius-mirus_KU337269=2, Buhoma-depressiceps_CFS1528=2, Ophiophagus-hannah=2, Scolecophis-atrocinctus_KU289804=2, Calamaria-gervaisii_KU327406=2, Ptyas-mucosa=2, Boiga-irregularis_KU345021=2, Aparallactus-capensis_MCZA28808=1, Myanophis-thanlyinensis=2, Ahaetulla-prasina_KU323364=2, Python-molurus=1, Pseudaspis-cana_MCZA27068=2, Psammodynastes-pulverulentus_KU328547=2, Rhamphiophis-oxyrhynchus_KU290451=2, Crotalus-tigris=2, Pantherophis-obsoletus=1, Protobothrops-mucrosquamatus=1, Vipera-berus=1, Thamnophis-elegans=2, Laticauda-laticaudata=2, Myersophis-alpestris_KU308684=2, Oxyrhabdium-leporinum_KU346583=2, Cyclocorus-lineatus_KU335808=2, Oxyrhabdium-cfmodestum_KU338101=2, Grayia-smythii_KU341872=2, Tantilla-taeniata_KU289863=2, Crotalus-viridis=1, Crotalus-adamanteus=2, Pseudoxyrhopus-tritaeniatus_KU340969=1, Dipsas-indica_KU215336=2, Oxyrhabdium-modestum_KU310866=2, Emydocephalus-ijimae=2, Pantherophis-guttatus=2, Sibynophis-bivittatus_KU309608=2, Aplopeltura-boa_KU315147=1, Thermophis-baileyi=1, Pituophis-catenifer=2, Lamprophis-lineatus_EBG706=2, Hydrophis-curtus=2, Pseudoxenodon-sp_KU312221=2, Chamaelycus-fasciatus_KU348632=2, Hemibungarus-mcclungi_KU303027=2, Pseudonaja-textilis=2, Laticauda-colubrina=2, Crotalus-horridus=2, Micrurus-corallinus_KU289205=2, Boa-constrictor=2, Psammodynastes-pulverulentus_KU329686=2, Hydrophis-melanocephalus=2, Achalinus-spinalis_KU312258=1, Micrelaps-sp_TauM16738=2, Prosymna-visseri_MCZR190223=1, Naja-naja=2, Hydrophis-cyanocinctus=2, Cerberus-schneiderii_KU324534=2}
Using polytree-based weight calculation.
Number of gene trees: 2
2 trees have missing taxa
Calculating distance matrix (for completion of X) ....with 4 distance matrices for parallellism
Species tree distances calculated ...

Will attempt to complete bipartitions from X before adding using a distance matrix.
Building set of clusters (X) from gene trees 
------------------------------
Number of Clusters after addition from gene trees: 343
Number of Clusters after addition by distance: 343
Adding to X using resolutions of greedy consensus ...

Computing greedy consensus  
took 0 seconds
Limit for sigma of degrees:1650

polytomy size limit : > 6
 [6, 6, 6, 6, 6, 6, 6]
discarded polytomies: 
Threshold 0.0:
polytomy of size 6; rounds with additions with at least 5 support: 0; clusters: 447
Threshold 0.01:
polytomy of size 6; rounds with additions with at least 5 support: 0; clusters: 445
Threshold 0.02:
polytomy of size 6; rounds with additions with at least 5 support: 0; clusters: 447
Threshold 0.05:
polytomy of size 6; rounds with additions with at least 5 support: 0; clusters: 445
Threshold 0.1:
polytomy of size 6; rounds with additions with at least 5 support: 0; clusters: 445
Threshold 0.2:
polytomy of size 6; rounds with additions with at least 5 support: 0; clusters: 445
Threshold 0.3333333333333333:
polytomy of size 6; rounds with additions with at least 5 support: 0; clusters: 445
Number of Clusters after addition by greedy: 447
partitions formed in 0.573 secs
Dynamic Programming starting after 0.573 secs
Polytree max score: 792580
Polytree building time: 0.007 seconds.
Fail to load native library libAstral.dylib; use Java default computing method.
Number of quartet trees in the gene trees: 792580
Computing hash values took 0 seconds
Shutting down threading
Exception in thread "main" java.lang.ArrayIndexOutOfBoundsException: 1
	at phylonet.coalescent.WQDataCollection.getAllArray(WQDataCollection.java:1633)
	at phylonet.coalescent.TurnTaskToScores.<init>(TurnTaskToScores.java:87)
	at phylonet.coalescent.WQInferenceConsumer.setupMisc(WQInferenceConsumer.java:936)
	at phylonet.coalescent.AbstractInference.setup(AbstractInference.java:235)
	at phylonet.coalescent.CommandLine.runOnOneInput(CommandLine.java:636)
	at phylonet.coalescent.CommandLine.runInference(CommandLine.java:627)
	at phylonet.coalescent.CommandLine.main(CommandLine.java:533)
