

================== ASTRAL ===================== 

This is ASTRAL version 5.15.5
Warning: 
 Fail to load native library libAstral.dylib; use Java default computing method without AVX2, which is 4X slower. 
 Make sure you are using the correct Djava.library.path (to the `lib` directory under ASTRAL where libAstral.dylib can be found). 
 Trying running make.sh. For mode debugging, run: java -Djava.library.path=lib/ -jar native_library_tester.jar
Gene trees are treated as unrooted
Detected GPU devices: 
Device 1 of 2: Apple M1 cl_device_id[0xffffffff] Vendor: Intel
Device 2 of 2: Apple M1 cl_device_id[0x1027f00] Vendor: Apple
Will use Device : Apple M1
Will use Device : Apple M1
Starting 8 threads ...
There are 8 threads used to run.
2 trees read from /dev/fd/11
All output trees will be *arbitrarily* rooted at Acrochordus-granulatus_KU302952

======== Running the main analysis
Number of taxa: 58 (58 species)
Taxa: [Acrochordus-granulatus_KU302952, Scolecophis-atrocinctus_KU289804, Tantilla-taeniata_KU289863, Pantherophis-guttatus, Pituophis-catenifer, Ptyas-mucosa, Boiga-irregularis_KU345021, Chrysopelea-ornata, Sibynophis-bivittatus_KU309608, Thermophis-baileyi, Calamaria-gervaisii_KU327406, Dipsas-indica_KU215336, Prosymna-visseri_MCZR190223, Pseudaspis-cana_MCZA27068, Pseudoxyrhopus-tritaeniatus_KU340969, Elapsoidea-sundevallii_MCZR190390, Naja-naja, Hemibungarus-mcclungi_KU303027, Ophiophagus-hannah, Micrurus-corallinus_KU289205, Hydrophis-cyanocinctus, Hydrophis-hardwickii, Hydrophis-melanocephalus, Emydocephalus-ijimae, Pseudonaja-textilis, Laticauda-colubrina, Micrelaps-sp_TauM16738, Psammodynastes-pulverulentus_KU328547, Psammodynastes-pulverulentus_KU329686, Cyclocorus-lineatus_KU335808, Hologerrhum-philippinum_KU330752, Oxyrhabdium-leporinum_KU346583, Oxyrhabdium-modestum_KU310866, Levitonius-mirus_KU337269, Thamnophis-elegans, Pseudoxenodon-sp_KU312221, Cerberus-schneiderii_KU324534, Myanophis-thanlyinensis, Aplopeltura-boa_KU315147, Crotalus-pyrrhus, Crotalus-adamanteus, Crotalus-tigris, Protobothrops-mucrosquamatus, Protobothrops-flavoviridis, Vipera-berus, Boa-constrictor, Grayia-smythii_KU341872, Laticauda-laticaudata, Achalinus-spinalis_KU312258, Bothrops-jararaca, Psammophis-sibilans_RAX2053, Lamprophis-lineatus_EBG706, Chamaelycus-fasciatus_KU348632, Aparallactus-capensis_MCZA28808, Buhoma-depressiceps_CFS1528, Rhamphiophis-oxyrhynchus_KU290451, Thamnophis-sirtalis, Ahaetulla-prasina_KU323364]
Taxon occupancy: {Protobothrops-flavoviridis=2, Hologerrhum-philippinum_KU330752=1, Thamnophis-sirtalis=1, Hydrophis-hardwickii=2, Psammophis-sibilans_RAX2053=1, Crotalus-pyrrhus=2, Elapsoidea-sundevallii_MCZR190390=2, Bothrops-jararaca=1, Levitonius-mirus_KU337269=1, Buhoma-depressiceps_CFS1528=1, Ophiophagus-hannah=2, Scolecophis-atrocinctus_KU289804=2, Ptyas-mucosa=2, Calamaria-gervaisii_KU327406=2, Boiga-irregularis_KU345021=2, Aparallactus-capensis_MCZA28808=1, Myanophis-thanlyinensis=2, Ahaetulla-prasina_KU323364=1, Pseudaspis-cana_MCZA27068=2, Psammodynastes-pulverulentus_KU328547=2, Crotalus-tigris=2, Rhamphiophis-oxyrhynchus_KU290451=1, Protobothrops-mucrosquamatus=2, Vipera-berus=2, Chrysopelea-ornata=2, Thamnophis-elegans=2, Laticauda-laticaudata=1, Oxyrhabdium-leporinum_KU346583=1, Acrochordus-granulatus_KU302952=1, Cyclocorus-lineatus_KU335808=2, Tantilla-taeniata_KU289863=2, Grayia-smythii_KU341872=1, Crotalus-adamanteus=2, Pseudoxyrhopus-tritaeniatus_KU340969=2, Dipsas-indica_KU215336=2, Oxyrhabdium-modestum_KU310866=1, Emydocephalus-ijimae=2, Pantherophis-guttatus=2, Sibynophis-bivittatus_KU309608=2, Aplopeltura-boa_KU315147=1, Thermophis-baileyi=2, Pituophis-catenifer=2, Lamprophis-lineatus_EBG706=1, Pseudoxenodon-sp_KU312221=2, Hemibungarus-mcclungi_KU303027=2, Pseudonaja-textilis=2, Chamaelycus-fasciatus_KU348632=1, Laticauda-colubrina=2, Micrurus-corallinus_KU289205=2, Boa-constrictor=1, Psammodynastes-pulverulentus_KU329686=1, Hydrophis-melanocephalus=2, Achalinus-spinalis_KU312258=1, Micrelaps-sp_TauM16738=2, Prosymna-visseri_MCZR190223=2, Naja-naja=2, Hydrophis-cyanocinctus=1, Cerberus-schneiderii_KU324534=2}
Using polytree-based weight calculation.
Number of gene trees: 2
2 trees have missing taxa
Calculating distance matrix (for completion of X) ....with 4 distance matrices for parallellism
Species tree distances calculated ...

Will attempt to complete bipartitions from X before adding using a distance matrix.
Building set of clusters (X) from gene trees 
------------------------------
Number of Clusters after addition from gene trees: 323
Number of Clusters after addition by distance: 323
Adding to X using resolutions of greedy consensus ...

Computing greedy consensus  
took 0 seconds
Limit for sigma of degrees:1500

polytomy size limit : > 7
 [7, 7, 7, 7, 7, 7, 7]
discarded polytomies: 
Threshold 0.0:
polytomy of size 7; rounds with additions with at least 5 support: 0; clusters: 517
Threshold 0.01:
polytomy of size 7; rounds with additions with at least 5 support: 0; clusters: 519
Threshold 0.02:
polytomy of size 7; rounds with additions with at least 5 support: 0; clusters: 517
Threshold 0.05:
polytomy of size 7; rounds with additions with at least 5 support: 0; clusters: 517
Threshold 0.1:
polytomy of size 7; rounds with additions with at least 5 support: 0; clusters: 517
Threshold 0.2:
polytomy of size 7; rounds with additions with at least 5 support: 0; clusters: 517
Threshold 0.3333333333333333:
polytomy of size 7; rounds with additions with at least 5 support: 0; clusters: 517
Number of Clusters after addition by greedy: 519
partitions formed in 0.508 secs
Dynamic Programming starting after 0.508 secs
Polytree max score: 375061
Polytree building time: 0.005 seconds.
Fail to load native library libAstral.dylib; use Java default computing method.
Number of quartet trees in the gene trees: 375061
Computing hash values took 0 seconds
device length is: 2
TREE HEIGHT IS: 7
Size of largest cluster: 58
Size of largest cluster: 58
Finishing up:829 0 828
Total Number of elements: 828
Normalized score (portion of input quartet trees satisfied before correcting for multiple individuals): 0.8198693012603283
Final optimization score: 307501
Optimal tree inferred in 1.77 secs.
Weight calculation using polytrees cumulatively took 0.0 secs
(Acrochordus-granulatus_KU302952,(Boa-constrictor,((((((Pseudonaja-textilis,(Emydocephalus-ijimae,(Hydrophis-melanocephalus,(Hydrophis-cyanocinctus,Hydrophis-hardwickii)))),(Laticauda-colubrina,Laticauda-laticaudata)),(Naja-naja,(Elapsoidea-sundevallii_MCZR190390,Micrurus-corallinus_KU289205))),((Pseudaspis-cana_MCZA27068,(Sibynophis-bivittatus_KU309608,Grayia-smythii_KU341872)),(Thermophis-baileyi,Dipsas-indica_KU215336))),((((Pseudoxenodon-sp_KU312221,(Chrysopelea-ornata,Ahaetulla-prasina_KU323364)),(Pantherophis-guttatus,Ptyas-mucosa)),(Pituophis-catenifer,(Tantilla-taeniata_KU289863,(Scolecophis-atrocinctus_KU289804,Boiga-irregularis_KU345021)))),((((Prosymna-visseri_MCZR190223,(Calamaria-gervaisii_KU327406,(Psammodynastes-pulverulentus_KU328547,Psammodynastes-pulverulentus_KU329686))),(Psammophis-sibilans_RAX2053,Lamprophis-lineatus_EBG706)),((Pseudoxyrhopus-tritaeniatus_KU340969,Chamaelycus-fasciatus_KU348632),(Aparallactus-capensis_MCZA28808,Buhoma-depressiceps_CFS1528))),((((Levitonius-mirus_KU337269,(Oxyrhabdium-leporinum_KU346583,Oxyrhabdium-modestum_KU310866)),(Cyclocorus-lineatus_KU335808,Hologerrhum-philippinum_KU330752)),(Cerberus-schneiderii_KU324534,Myanophis-thanlyinensis)),((Micrelaps-sp_TauM16738,(Rhamphiophis-oxyrhynchus_KU290451,(Hemibungarus-mcclungi_KU303027,Ophiophagus-hannah))),(Thamnophis-elegans,Thamnophis-sirtalis)))))),(Aplopeltura-boa_KU315147,(Achalinus-spinalis_KU312258,(Crotalus-adamanteus,(((Protobothrops-mucrosquamatus,Protobothrops-flavoviridis),(Crotalus-tigris,Bothrops-jararaca)),(Crotalus-pyrrhus,Vipera-berus))))))));
Final quartet score is: 416717
Final normalized quartet score is: 1.1110646001583742
You may want to ignore posterior probabilities and other statistics related to the following branch branch because the effective number of genes impacting it is only 2:
	{Elapsoidea-sundevallii_MCZR190390, Micrurus-corallinus_KU289205}
You may want to ignore posterior probabilities and other statistics related to the following branch branch because the effective number of genes impacting it is only 1:
	{Hydrophis-cyanocinctus, Hydrophis-hardwickii}
You may want to ignore posterior probabilities and other statistics related to the following branch branch because the effective number of genes impacting it is only 2:
	{Hydrophis-cyanocinctus, Hydrophis-hardwickii, Hydrophis-melanocephalus, Emydocephalus-ijimae, Pseudonaja-textilis}
You may want to ignore posterior probabilities and other statistics related to the following branch branch because the effective number of genes impacting it is only 2:
	{Hydrophis-cyanocinctus, Hydrophis-hardwickii, Hydrophis-melanocephalus}
You may want to ignore posterior probabilities and other statistics related to the following branch branch because the effective number of genes impacting it is only 1:
	{Laticauda-colubrina, Laticauda-laticaudata}
You may want to ignore posterior probabilities and other statistics related to the following branch branch because the effective number of genes impacting it is only 2:
	{Hydrophis-cyanocinctus, Hydrophis-hardwickii, Hydrophis-melanocephalus, Emydocephalus-ijimae}
You may want to ignore posterior probabilities and other statistics related to the following branch branch because the effective number of genes impacting it is only 2:
	{Hydrophis-cyanocinctus, Hydrophis-hardwickii, Hydrophis-melanocephalus, Emydocephalus-ijimae, Pseudonaja-textilis, Laticauda-colubrina, Laticauda-laticaudata}
You may want to ignore posterior probabilities and other statistics related to the following branch branch because the effective number of genes impacting it is only 1:
	{Sibynophis-bivittatus_KU309608, Grayia-smythii_KU341872}
You may want to ignore posterior probabilities and other statistics related to the following branch branch because the effective number of genes impacting it is only 2:
	{Sibynophis-bivittatus_KU309608, Thermophis-baileyi, Dipsas-indica_KU215336, Pseudaspis-cana_MCZA27068, Elapsoidea-sundevallii_MCZR190390, Naja-naja, Micrurus-corallinus_KU289205, Hydrophis-cyanocinctus, Hydrophis-hardwickii, Hydrophis-melanocephalus, Emydocephalus-ijimae, Pseudonaja-textilis, Laticauda-colubrina, Grayia-smythii_KU341872, Laticauda-laticaudata}
You may want to ignore posterior probabilities and other statistics related to the following branch branch because the effective number of genes impacting it is only 2:
	{Sibynophis-bivittatus_KU309608, Thermophis-baileyi, Dipsas-indica_KU215336, Pseudaspis-cana_MCZA27068, Grayia-smythii_KU341872}
You may want to ignore posterior probabilities and other statistics related to the following branch branch because the effective number of genes impacting it is only 1:
	{Chrysopelea-ornata, Ahaetulla-prasina_KU323364}
You may want to ignore posterior probabilities and other statistics related to the following branch branch because the effective number of genes impacting it is only 2:
	{Pantherophis-guttatus, Ptyas-mucosa}
You may want to ignore posterior probabilities and other statistics related to the following branch branch because the effective number of genes impacting it is only 2:
	{Pantherophis-guttatus, Ptyas-mucosa, Chrysopelea-ornata, Pseudoxenodon-sp_KU312221, Ahaetulla-prasina_KU323364}
You may want to ignore posterior probabilities and other statistics related to the following branch branch because the effective number of genes impacting it is only 2:
	{Scolecophis-atrocinctus_KU289804, Boiga-irregularis_KU345021}
You may want to ignore posterior probabilities and other statistics related to the following branch branch because the effective number of genes impacting it is only 2:
	{Scolecophis-atrocinctus_KU289804, Tantilla-taeniata_KU289863, Boiga-irregularis_KU345021}
You may want to ignore posterior probabilities and other statistics related to the following branch branch because the effective number of genes impacting it is only 2:
	{Scolecophis-atrocinctus_KU289804, Tantilla-taeniata_KU289863, Pituophis-catenifer, Boiga-irregularis_KU345021}
You may want to ignore posterior probabilities and other statistics related to the following branch branch because the effective number of genes impacting it is only 2:
	{Scolecophis-atrocinctus_KU289804, Tantilla-taeniata_KU289863, Pantherophis-guttatus, Pituophis-catenifer, Ptyas-mucosa, Boiga-irregularis_KU345021, Chrysopelea-ornata, Pseudoxenodon-sp_KU312221, Ahaetulla-prasina_KU323364}
You may want to ignore posterior probabilities and other statistics related to the following branch branch because the effective number of genes impacting it is only 1:
	{Psammodynastes-pulverulentus_KU328547, Psammodynastes-pulverulentus_KU329686}
You may want to ignore posterior probabilities and other statistics related to the following branch branch because the effective number of genes impacting it is only 1:
	{Calamaria-gervaisii_KU327406, Prosymna-visseri_MCZR190223, Psammodynastes-pulverulentus_KU328547, Psammodynastes-pulverulentus_KU329686}
You may want to ignore posterior probabilities and other statistics related to the following branch branch because the effective number of genes impacting it is only 2:
	{Calamaria-gervaisii_KU327406, Psammodynastes-pulverulentus_KU328547, Psammodynastes-pulverulentus_KU329686}
You may want to ignore posterior probabilities and other statistics related to the following branch branch because the effective number of genes impacting it is only 2:
	{Chrysopelea-ornata, Pseudoxenodon-sp_KU312221, Ahaetulla-prasina_KU323364}
You may want to ignore posterior probabilities and other statistics related to the following branch branch because the effective number of genes impacting it is only 1:
	{Psammophis-sibilans_RAX2053, Lamprophis-lineatus_EBG706}
You may want to ignore posterior probabilities and other statistics related to the following branch branch because the effective number of genes impacting it is only 1:
	{Calamaria-gervaisii_KU327406, Prosymna-visseri_MCZR190223, Psammodynastes-pulverulentus_KU328547, Psammodynastes-pulverulentus_KU329686, Psammophis-sibilans_RAX2053, Lamprophis-lineatus_EBG706}
You may want to ignore posterior probabilities and other statistics related to the following branch branch because the effective number of genes impacting it is only 1:
	{Pseudoxyrhopus-tritaeniatus_KU340969, Chamaelycus-fasciatus_KU348632}
You may want to ignore posterior probabilities and other statistics related to the following branch branch because the effective number of genes impacting it is only 1:
	{Aparallactus-capensis_MCZA28808, Buhoma-depressiceps_CFS1528}
You may want to ignore posterior probabilities and other statistics related to the following branch branch because the effective number of genes impacting it is only 1:
	{Pseudoxyrhopus-tritaeniatus_KU340969, Chamaelycus-fasciatus_KU348632, Aparallactus-capensis_MCZA28808, Buhoma-depressiceps_CFS1528}
You may want to ignore posterior probabilities and other statistics related to the following branch branch because the effective number of genes impacting it is only 1:
	{Oxyrhabdium-leporinum_KU346583, Oxyrhabdium-modestum_KU310866}
You may want to ignore posterior probabilities and other statistics related to the following branch branch because the effective number of genes impacting it is only 2:
	{Calamaria-gervaisii_KU327406, Prosymna-visseri_MCZR190223, Pseudoxyrhopus-tritaeniatus_KU340969, Psammodynastes-pulverulentus_KU328547, Psammodynastes-pulverulentus_KU329686, Psammophis-sibilans_RAX2053, Lamprophis-lineatus_EBG706, Chamaelycus-fasciatus_KU348632, Aparallactus-capensis_MCZA28808, Buhoma-depressiceps_CFS1528}
You may want to ignore posterior probabilities and other statistics related to the following branch branch because the effective number of genes impacting it is only 1:
	{Oxyrhabdium-leporinum_KU346583, Oxyrhabdium-modestum_KU310866, Levitonius-mirus_KU337269}
You may want to ignore posterior probabilities and other statistics related to the following branch branch because the effective number of genes impacting it is only 1:
	{Cyclocorus-lineatus_KU335808, Hologerrhum-philippinum_KU330752}
You may want to ignore posterior probabilities and other statistics related to the following branch branch because the effective number of genes impacting it is only 1:
	{Cyclocorus-lineatus_KU335808, Hologerrhum-philippinum_KU330752, Oxyrhabdium-leporinum_KU346583, Oxyrhabdium-modestum_KU310866, Levitonius-mirus_KU337269}
You may want to ignore posterior probabilities and other statistics related to the following branch branch because the effective number of genes impacting it is only 2:
	{Cerberus-schneiderii_KU324534, Myanophis-thanlyinensis}
You may want to ignore posterior probabilities and other statistics related to the following branch branch because the effective number of genes impacting it is only 2:
	{Cyclocorus-lineatus_KU335808, Hologerrhum-philippinum_KU330752, Oxyrhabdium-leporinum_KU346583, Oxyrhabdium-modestum_KU310866, Levitonius-mirus_KU337269, Cerberus-schneiderii_KU324534, Myanophis-thanlyinensis}
You may want to ignore posterior probabilities and other statistics related to the following branch branch because the effective number of genes impacting it is only 1:
	{Hemibungarus-mcclungi_KU303027, Ophiophagus-hannah}
You may want to ignore posterior probabilities and other statistics related to the following branch branch because the effective number of genes impacting it is only 1:
	{Hemibungarus-mcclungi_KU303027, Ophiophagus-hannah, Rhamphiophis-oxyrhynchus_KU290451}
You may want to ignore posterior probabilities and other statistics related to the following branch branch because the effective number of genes impacting it is only 1:
	{Thamnophis-elegans, Thamnophis-sirtalis}
You may want to ignore posterior probabilities and other statistics related to the following branch branch because the effective number of genes impacting it is only 2:
	{Hemibungarus-mcclungi_KU303027, Ophiophagus-hannah, Micrelaps-sp_TauM16738, Rhamphiophis-oxyrhynchus_KU290451}
You may want to ignore posterior probabilities and other statistics related to the following branch branch because the effective number of genes impacting it is only 2:
	{Hemibungarus-mcclungi_KU303027, Ophiophagus-hannah, Micrelaps-sp_TauM16738, Thamnophis-elegans, Rhamphiophis-oxyrhynchus_KU290451, Thamnophis-sirtalis}
You may want to ignore posterior probabilities and other statistics related to the following branch branch because the effective number of genes impacting it is only 2:
	{Hemibungarus-mcclungi_KU303027, Ophiophagus-hannah, Micrelaps-sp_TauM16738, Cyclocorus-lineatus_KU335808, Hologerrhum-philippinum_KU330752, Oxyrhabdium-leporinum_KU346583, Oxyrhabdium-modestum_KU310866, Levitonius-mirus_KU337269, Thamnophis-elegans, Cerberus-schneiderii_KU324534, Myanophis-thanlyinensis, Rhamphiophis-oxyrhynchus_KU290451, Thamnophis-sirtalis}
You may want to ignore posterior probabilities and other statistics related to the following branch branch because the effective number of genes impacting it is only 2:
	{Calamaria-gervaisii_KU327406, Prosymna-visseri_MCZR190223, Pseudoxyrhopus-tritaeniatus_KU340969, Hemibungarus-mcclungi_KU303027, Ophiophagus-hannah, Micrelaps-sp_TauM16738, Psammodynastes-pulverulentus_KU328547, Psammodynastes-pulverulentus_KU329686, Cyclocorus-lineatus_KU335808, Hologerrhum-philippinum_KU330752, Oxyrhabdium-leporinum_KU346583, Oxyrhabdium-modestum_KU310866, Levitonius-mirus_KU337269, Thamnophis-elegans, Cerberus-schneiderii_KU324534, Myanophis-thanlyinensis, Psammophis-sibilans_RAX2053, Lamprophis-lineatus_EBG706, Chamaelycus-fasciatus_KU348632, Aparallactus-capensis_MCZA28808, Buhoma-depressiceps_CFS1528, Rhamphiophis-oxyrhynchus_KU290451, Thamnophis-sirtalis}
You may want to ignore posterior probabilities and other statistics related to the following branch branch because the effective number of genes impacting it is only 1:
	{Scolecophis-atrocinctus_KU289804, Tantilla-taeniata_KU289863, Pantherophis-guttatus, Pituophis-catenifer, Ptyas-mucosa, Boiga-irregularis_KU345021, Chrysopelea-ornata, Sibynophis-bivittatus_KU309608, Thermophis-baileyi, Calamaria-gervaisii_KU327406, Dipsas-indica_KU215336, Prosymna-visseri_MCZR190223, Pseudaspis-cana_MCZA27068, Pseudoxyrhopus-tritaeniatus_KU340969, Elapsoidea-sundevallii_MCZR190390, Naja-naja, Hemibungarus-mcclungi_KU303027, Ophiophagus-hannah, Micrurus-corallinus_KU289205, Hydrophis-cyanocinctus, Hydrophis-hardwickii, Hydrophis-melanocephalus, Emydocephalus-ijimae, Pseudonaja-textilis, Laticauda-colubrina, Micrelaps-sp_TauM16738, Psammodynastes-pulverulentus_KU328547, Psammodynastes-pulverulentus_KU329686, Cyclocorus-lineatus_KU335808, Hologerrhum-philippinum_KU330752, Oxyrhabdium-leporinum_KU346583, Oxyrhabdium-modestum_KU310866, Levitonius-mirus_KU337269, Thamnophis-elegans, Pseudoxenodon-sp_KU312221, Cerberus-schneiderii_KU324534, Myanophis-thanlyinensis, Grayia-smythii_KU341872, Laticauda-laticaudata, Psammophis-sibilans_RAX2053, Lamprophis-lineatus_EBG706, Chamaelycus-fasciatus_KU348632, Aparallactus-capensis_MCZA28808, Buhoma-depressiceps_CFS1528, Rhamphiophis-oxyrhynchus_KU290451, Thamnophis-sirtalis, Ahaetulla-prasina_KU323364}
You may want to ignore posterior probabilities and other statistics related to the following branch branch because the effective number of genes impacting it is only 2:
	{Scolecophis-atrocinctus_KU289804, Tantilla-taeniata_KU289863, Pantherophis-guttatus, Pituophis-catenifer, Ptyas-mucosa, Boiga-irregularis_KU345021, Chrysopelea-ornata, Calamaria-gervaisii_KU327406, Prosymna-visseri_MCZR190223, Pseudoxyrhopus-tritaeniatus_KU340969, Hemibungarus-mcclungi_KU303027, Ophiophagus-hannah, Micrelaps-sp_TauM16738, Psammodynastes-pulverulentus_KU328547, Psammodynastes-pulverulentus_KU329686, Cyclocorus-lineatus_KU335808, Hologerrhum-philippinum_KU330752, Oxyrhabdium-leporinum_KU346583, Oxyrhabdium-modestum_KU310866, Levitonius-mirus_KU337269, Thamnophis-elegans, Pseudoxenodon-sp_KU312221, Cerberus-schneiderii_KU324534, Myanophis-thanlyinensis, Psammophis-sibilans_RAX2053, Lamprophis-lineatus_EBG706, Chamaelycus-fasciatus_KU348632, Aparallactus-capensis_MCZA28808, Buhoma-depressiceps_CFS1528, Rhamphiophis-oxyrhynchus_KU290451, Thamnophis-sirtalis, Ahaetulla-prasina_KU323364}
You may want to ignore posterior probabilities and other statistics related to the following branch branch because the effective number of genes impacting it is only 2:
	{Protobothrops-mucrosquamatus, Protobothrops-flavoviridis}
You may want to ignore posterior probabilities and other statistics related to the following branch branch because the effective number of genes impacting it is only 1:
	{Crotalus-tigris, Bothrops-jararaca}
You may want to ignore posterior probabilities and other statistics related to the following branch branch because the effective number of genes impacting it is only 2:
	{Crotalus-tigris, Protobothrops-mucrosquamatus, Protobothrops-flavoviridis, Bothrops-jararaca}
You may want to ignore posterior probabilities and other statistics related to the following branch branch because the effective number of genes impacting it is only 2:
	{Crotalus-pyrrhus, Vipera-berus}
You may want to ignore posterior probabilities and other statistics related to the following branch branch because the effective number of genes impacting it is only 2:
	{Crotalus-pyrrhus, Crotalus-tigris, Protobothrops-mucrosquamatus, Protobothrops-flavoviridis, Vipera-berus, Bothrops-jararaca}
You may want to ignore posterior probabilities and other statistics related to the following branch branch because the effective number of genes impacting it is only 0:
	{Crotalus-pyrrhus, Crotalus-adamanteus, Crotalus-tigris, Protobothrops-mucrosquamatus, Protobothrops-flavoviridis, Vipera-berus, Achalinus-spinalis_KU312258, Bothrops-jararaca}
You may want to ignore posterior probabilities and other statistics related to the following branch branch because the effective number of genes impacting it is only 1:
	{Crotalus-pyrrhus, Crotalus-adamanteus, Crotalus-tigris, Protobothrops-mucrosquamatus, Protobothrops-flavoviridis, Vipera-berus, Bothrops-jararaca}
You may want to ignore posterior probabilities and other statistics related to the following branch branch because the effective number of genes impacting it is only 2:
	{Elapsoidea-sundevallii_MCZR190390, Naja-naja, Micrurus-corallinus_KU289205}
You may want to ignore posterior probabilities and other statistics related to the following branch branch because the effective number of genes impacting it is only 1:
	{Aplopeltura-boa_KU315147, Crotalus-pyrrhus, Crotalus-adamanteus, Crotalus-tigris, Protobothrops-mucrosquamatus, Protobothrops-flavoviridis, Vipera-berus, Achalinus-spinalis_KU312258, Bothrops-jararaca}
You may want to ignore posterior probabilities and other statistics related to the following branch branch because the effective number of genes impacting it is only 1:
	{Scolecophis-atrocinctus_KU289804, Tantilla-taeniata_KU289863, Pantherophis-guttatus, Pituophis-catenifer, Ptyas-mucosa, Boiga-irregularis_KU345021, Chrysopelea-ornata, Sibynophis-bivittatus_KU309608, Thermophis-baileyi, Calamaria-gervaisii_KU327406, Dipsas-indica_KU215336, Prosymna-visseri_MCZR190223, Pseudaspis-cana_MCZA27068, Pseudoxyrhopus-tritaeniatus_KU340969, Elapsoidea-sundevallii_MCZR190390, Naja-naja, Hemibungarus-mcclungi_KU303027, Ophiophagus-hannah, Micrurus-corallinus_KU289205, Hydrophis-cyanocinctus, Hydrophis-hardwickii, Hydrophis-melanocephalus, Emydocephalus-ijimae, Pseudonaja-textilis, Laticauda-colubrina, Micrelaps-sp_TauM16738, Psammodynastes-pulverulentus_KU328547, Psammodynastes-pulverulentus_KU329686, Cyclocorus-lineatus_KU335808, Hologerrhum-philippinum_KU330752, Oxyrhabdium-leporinum_KU346583, Oxyrhabdium-modestum_KU310866, Levitonius-mirus_KU337269, Thamnophis-elegans, Pseudoxenodon-sp_KU312221, Cerberus-schneiderii_KU324534, Myanophis-thanlyinensis, Aplopeltura-boa_KU315147, Crotalus-pyrrhus, Crotalus-adamanteus, Crotalus-tigris, Protobothrops-mucrosquamatus, Protobothrops-flavoviridis, Vipera-berus, Grayia-smythii_KU341872, Laticauda-laticaudata, Achalinus-spinalis_KU312258, Bothrops-jararaca, Psammophis-sibilans_RAX2053, Lamprophis-lineatus_EBG706, Chamaelycus-fasciatus_KU348632, Aparallactus-capensis_MCZA28808, Buhoma-depressiceps_CFS1528, Rhamphiophis-oxyrhynchus_KU290451, Thamnophis-sirtalis, Ahaetulla-prasina_KU323364}
You may want to ignore posterior probabilities and other statistics related to the following branch branch because the effective number of genes impacting it is only 2:
	{Thermophis-baileyi, Dipsas-indica_KU215336}
You may want to ignore posterior probabilities and other statistics related to the following branch branch because the effective number of genes impacting it is only 2:
	{Sibynophis-bivittatus_KU309608, Pseudaspis-cana_MCZA27068, Grayia-smythii_KU341872}
You may want to ignore posterior probabilities and other statistics related to the following branch branch because the effective number of genes impacting it is only 2:
	{Elapsoidea-sundevallii_MCZR190390, Naja-naja, Micrurus-corallinus_KU289205, Hydrophis-cyanocinctus, Hydrophis-hardwickii, Hydrophis-melanocephalus, Emydocephalus-ijimae, Pseudonaja-textilis, Laticauda-colubrina, Laticauda-laticaudata}
Warning: node has effective N ==0 and so no quartet resolutions: 
(Achalinus-spinalis_KU312258,(Crotalus-adamanteus,(((Protobothrops-mucrosquamatus,Protobothrops-flavoviridis):0.6931471805599453,(Crotalus-tigris,Bothrops-jararaca):0.2876820724517809):0.2795848622191614,(Crotalus-pyrrhus,Vipera-berus):0.004073325387635898):0.0):0.2876820724517809);
(Acrochordus-granulatus_KU302952,(Boa-constrictor,((((((Pseudonaja-textilis,(Emydocephalus-ijimae,(Hydrophis-melanocephalus,(Hydrophis-cyanocinctus,Hydrophis-hardwickii)0.67:0.2876820724517809)0.43:0.010929070532190206)0.42:0.0)0.74:0.4054651081081643,(Laticauda-colubrina,Laticauda-laticaudata)0.67:0.2876820724517809)0.87:0.6931471805599453,(Naja-naja,(Elapsoidea-sundevallii_MCZR190390,Micrurus-corallinus_KU289205)0.42:0.0)0.67:0.2876820724517809)0.85:0.6535380424648997,((Pseudaspis-cana_MCZA27068,(Sibynophis-bivittatus_KU309608,Grayia-smythii_KU341872)0.67:0.2876820724517809)0.43:0.011976191046715537,(Thermophis-baileyi,Dipsas-indica_KU215336)0.86:0.6696166831497513)0.7:0.3395071403163669)0.56:0.12759665710470802,((((Pseudoxenodon-sp_KU312221,(Chrysopelea-ornata,Ahaetulla-prasina_KU323364)0.67:0.2876820724517809)0.46:0.048790164169432056,(Pantherophis-guttatus,Ptyas-mucosa)0.86:0.6696166831497513)0.42:0.0,(Pituophis-catenifer,(Tantilla-taeniata_KU289863,(Scolecophis-atrocinctus_KU289804,Boiga-irregularis_KU345021)0.42:0.0)0.68:0.30368241379822203)0.67:0.2876820724517809)0.82:0.55970457028555,((((Prosymna-visseri_MCZR190223,(Calamaria-gervaisii_KU327406,(Psammodynastes-pulverulentus_KU328547,Psammodynastes-pulverulentus_KU329686)0.67:0.2876820724517809)0.46:0.011976191046715537)0.67:0.2876820724517809,(Psammophis-sibilans_RAX2053,Lamprophis-lineatus_EBG706)0.67:0.2876820724517809)0.67:0.2876820724517809,((Pseudoxyrhopus-tritaeniatus_KU340969,Chamaelycus-fasciatus_KU348632)0.67:0.2876820724517809,(Aparallactus-capensis_MCZA28808,Buhoma-depressiceps_CFS1528)0.67:0.2876820724517809)0.67:0.2876820724517809)0.65:0.2509898056518584,((((Levitonius-mirus_KU337269,(Oxyrhabdium-leporinum_KU346583,Oxyrhabdium-modestum_KU310866)0.67:0.2876820724517809)0.67:0.2876820724517809,(Cyclocorus-lineatus_KU335808,Hologerrhum-philippinum_KU330752)0.67:0.2876820724517809)0.67:0.2876820724517809,(Cerberus-schneiderii_KU324534,Myanophis-thanlyinensis)0.87:0.6931471805599453)0.58:0.16251892949777494,((Micrelaps-sp_TauM16738,(Rhamphiophis-oxyrhynchus_KU290451,(Hemibungarus-mcclungi_KU303027,Ophiophagus-hannah)0.67:0.2876820724517809)0.67:0.2876820724517809)0.76:0.44183275227903934,(Thamnophis-elegans,Thamnophis-sirtalis)0.67:0.2876820724517809)0.53:0.08961215868968704)0.54:0.10588975621000496)0.63:0.22236905792322986)0.48:0.03330077064229094)0.67:0.2876820724517809,(Aplopeltura-boa_KU315147,(Achalinus-spinalis_KU312258,(Crotalus-adamanteus,(((Protobothrops-mucrosquamatus,Protobothrops-flavoviridis)0.87:0.6931471805599453,(Crotalus-tigris,Bothrops-jararaca)0.67:0.2876820724517809)0.66:0.2795848622191614,(Crotalus-pyrrhus,Vipera-berus)0.42:0.004073325387635898)0.45:0.0)0.67:0.2876820724517809)0.33:0.0)0.67:0.2876820724517809)0.67:0.2876820724517809));
ASTRAL finished in 1.942 secs
Shutting down threading
