

================== ASTRAL ===================== 

This is ASTRAL version 5.15.5
Warning: 
 Fail to load native library libAstral.dylib; use Java default computing method without AVX2, which is 4X slower. 
 Make sure you are using the correct Djava.library.path (to the `lib` directory under ASTRAL where libAstral.dylib can be found). 
 Trying running make.sh. For mode debugging, run: java -Djava.library.path=lib/ -jar native_library_tester.jar
Gene trees are treated as unrooted
Detected GPU devices: 
Device 1 of 2: Apple M1 cl_device_id[0xffffffff] Vendor: Intel
Device 2 of 2: Apple M1 cl_device_id[0x1027f00] Vendor: Apple
Will use Device : Apple M1
Will use Device : Apple M1
Starting 8 threads ...
There are 8 threads used to run.
96 trees read from /dev/fd/11
All output trees will be *arbitrarily* rooted at Scolecophis-atrocinctus_KU289804

======== Running the main analysis
Number of taxa: 66 (66 species)
Taxa: [Scolecophis-atrocinctus_KU289804, Sibynophis-bivittatus_KU309608, Grayia-smythii_KU341872, Levitonius-mirus_KU337269, Lamprophis-lineatus_EBG706, Aparallactus-capensis_MCZA28808, Rhamphiophis-oxyrhynchus_KU290451, Psammophis-sibilans_RAX2053, Pseudoxyrhopus-tritaeniatus_KU340969, Micrelaps-sp_TauM16738, Prosymna-visseri_MCZR190223, Dipsas-indica_KU215336, Cyclocorus-lineatus_KU335808, Hologerrhum-philippinum_KU330752, Myersophis-alpestris_KU308684, Oxyrhabdium-cfmodestum_KU338101, Elapsoidea-sundevallii_MCZR190390, Micrurus-corallinus_KU289205, Hydrophis-curtus, Hydrophis-cyanocinctus, Hydrophis-hardwickii, Hydrophis-melanocephalus, Emydocephalus-ijimae, Notechis-scutatus, Pseudonaja-textilis, Naja-naja, Hemibungarus-mcclungi_KU303027, Ophiophagus-hannah, Psammodynastes-pulverulentus_KU328547, Crotalus-pyrrhus, Crotalus-viridis, Crotalus-horridus, Crotalus-adamanteus, Protobothrops-mucrosquamatus, Protobothrops-flavoviridis, Vipera-berus, Achalinus-spinalis_KU312258, Cerberus-schneiderii_KU324534, Myanophis-thanlyinensis, Ahaetulla-prasina_KU323364, Chrysopelea-ornata, Pseudoxenodon-sp_KU312221, Pantherophis-guttatus, Boiga-irregularis_KU345021, Pituophis-catenifer, Tantilla-taeniata_KU289863, Acrochordus-granulatus_KU302952, Pantherophis-obsoletus, Ptyas-mucosa, Calamaria-gervaisii_KU327406, Thermophis-baileyi, Thamnophis-sirtalis, Thamnophis-elegans, Pseudaspis-cana_MCZA27068, Chamaelycus-fasciatus_KU348632, Oxyrhabdium-leporinum_KU346583, Oxyrhabdium-modestum_KU310866, Laticauda-colubrina, Laticauda-laticaudata, Crotalus-tigris, Bothrops-jararaca, Aplopeltura-boa_KU315147, Python-molurus, Boa-constrictor, Buhoma-depressiceps_CFS1528, Psammodynastes-pulverulentus_KU329686]
Taxon occupancy: {Protobothrops-flavoviridis=91, Hologerrhum-philippinum_KU330752=93, Thamnophis-sirtalis=89, Hydrophis-hardwickii=93, Psammophis-sibilans_RAX2053=90, Crotalus-pyrrhus=93, Elapsoidea-sundevallii_MCZR190390=89, Bothrops-jararaca=89, Notechis-scutatus=92, Levitonius-mirus_KU337269=90, Buhoma-depressiceps_CFS1528=78, Ophiophagus-hannah=96, Scolecophis-atrocinctus_KU289804=89, Ptyas-mucosa=93, Calamaria-gervaisii_KU327406=93, Boiga-irregularis_KU345021=91, Aparallactus-capensis_MCZA28808=83, Myanophis-thanlyinensis=85, Ahaetulla-prasina_KU323364=91, Python-molurus=90, Psammodynastes-pulverulentus_KU328547=86, Pseudaspis-cana_MCZA27068=89, Rhamphiophis-oxyrhynchus_KU290451=88, Crotalus-tigris=91, Protobothrops-mucrosquamatus=93, Vipera-berus=93, Pantherophis-obsoletus=93, Chrysopelea-ornata=87, Thamnophis-elegans=90, Laticauda-laticaudata=88, Myersophis-alpestris_KU308684=87, Oxyrhabdium-leporinum_KU346583=90, Acrochordus-granulatus_KU302952=82, Cyclocorus-lineatus_KU335808=92, Oxyrhabdium-cfmodestum_KU338101=88, Grayia-smythii_KU341872=92, Tantilla-taeniata_KU289863=94, Crotalus-viridis=93, Crotalus-adamanteus=93, Pseudoxyrhopus-tritaeniatus_KU340969=87, Dipsas-indica_KU215336=92, Oxyrhabdium-modestum_KU310866=89, Emydocephalus-ijimae=93, Pantherophis-guttatus=94, Sibynophis-bivittatus_KU309608=93, Aplopeltura-boa_KU315147=88, Thermophis-baileyi=93, Pituophis-catenifer=93, Lamprophis-lineatus_EBG706=93, Hydrophis-curtus=92, Pseudoxenodon-sp_KU312221=92, Pseudonaja-textilis=93, Hemibungarus-mcclungi_KU303027=88, Chamaelycus-fasciatus_KU348632=90, Laticauda-colubrina=93, Crotalus-horridus=94, Micrurus-corallinus_KU289205=92, Boa-constrictor=87, Psammodynastes-pulverulentus_KU329686=80, Hydrophis-melanocephalus=92, Achalinus-spinalis_KU312258=79, Micrelaps-sp_TauM16738=89, Prosymna-visseri_MCZR190223=89, Naja-naja=96, Hydrophis-cyanocinctus=92, Cerberus-schneiderii_KU324534=90}
Using polytree-based weight calculation.
Number of gene trees: 96
71 trees have missing taxa
Calculating distance matrix (for completion of X) ....with 4 distance matrices for parallellism
Species tree distances calculated ...

Will attempt to complete bipartitions from X before adding using a distance matrix.
Building set of clusters (X) from gene trees 
------------------------------
Number of Clusters after addition from gene trees: 3115
Number of Clusters after addition by distance: 3115
Adding to X using resolutions of greedy consensus ...

Computing greedy consensus  
took 0 seconds
Limit for sigma of degrees:1700

polytomy size limit : > 11
 [3, 3, 3, 3, 3, 3, 4, 4, 4, 4, 4, 5, 6, 10, 11]
discarded polytomies: 
Threshold 0.0:
Threshold 0.01:
Threshold 0.02:
Threshold 0.05:
polytomy of size 3; rounds with additions with at least 5 support: 0; clusters: 3119
Threshold 0.1:
polytomy of size 6; rounds with additions with at least 5 support: 0; clusters: 3119
Threshold 0.2:
polytomy of size 3; rounds with additions with at least 5 support: 0; clusters: 3119
polytomy of size 10; rounds with additions with at least 5 support: 0; clusters: 3121
polytomy of size 4; rounds with additions with at least 5 support: 0; clusters: 3119
polytomy of size 4; rounds with additions with at least 5 support: 0; clusters: 3119
Threshold 0.3333333333333333:
polytomy of size 4; rounds with additions with at least 5 support: 0; clusters: 3119
polytomy of size 3; rounds with additions with at least 5 support: 0; clusters: 3119
polytomy of size 4; rounds with additions with at least 5 support: 0; clusters: 3121
polytomy of size 3; rounds with additions with at least 5 support: 0; clusters: 3119
polytomy of size 11; rounds with additions with at least 5 support: 0; clusters: 3121
polytomy of size 3; rounds with additions with at least 5 support: 0; clusters: 3119
polytomy of size 5; rounds with additions with at least 5 support: 0; clusters: 3121
polytomy of size 4; rounds with additions with at least 5 support: 0; clusters: 3121
polytomy of size 3; rounds with additions with at least 5 support: 0; clusters: 3121
Number of Clusters after addition by greedy: 3121
partitions formed in 1.418 secs
Dynamic Programming starting after 1.418 secs
Polytree max score: 56935833
Polytree building time: 0.033 seconds.
Fail to load native library libAstral.dylib; use Java default computing method.
Number of quartet trees in the gene trees: 56935833
Computing hash values took 0 seconds
device length is: 2
TREE HEIGHT IS: 14
Size of largest cluster: 66
Size of largest cluster: 66
Finishing up:5171 0 5170
Total Number of elements: 5170
Normalized score (portion of input quartet trees satisfied before correcting for multiple individuals): 0.8339632090743276
Final optimization score: 47482390
Optimal tree inferred in 2.692 secs.
Weight calculation using polytrees cumulatively took 0.0 secs
(Scolecophis-atrocinctus_KU289804,(Tantilla-taeniata_KU289863,(Ptyas-mucosa,((Boiga-irregularis_KU345021,(((Sibynophis-bivittatus_KU309608,(((((Micrurus-corallinus_KU289205,((Elapsoidea-sundevallii_MCZR190390,((Pseudonaja-textilis,(Notechis-scutatus,(Emydocephalus-ijimae,((Hydrophis-curtus,Hydrophis-hardwickii),(Hydrophis-cyanocinctus,Hydrophis-melanocephalus))))),(Laticauda-colubrina,Laticauda-laticaudata))),(Naja-naja,(Hemibungarus-mcclungi_KU303027,Ophiophagus-hannah)))),(Psammodynastes-pulverulentus_KU328547,Psammodynastes-pulverulentus_KU329686)),((Micrelaps-sp_TauM16738,(((Pseudaspis-cana_MCZA27068,(Aparallactus-capensis_MCZA28808,(Rhamphiophis-oxyrhynchus_KU290451,Psammophis-sibilans_RAX2053))),(Pseudoxyrhopus-tritaeniatus_KU340969,Buhoma-depressiceps_CFS1528)),(Prosymna-visseri_MCZR190223,(Lamprophis-lineatus_EBG706,Chamaelycus-fasciatus_KU348632)))),((Myersophis-alpestris_KU308684,(Levitonius-mirus_KU337269,(Oxyrhabdium-modestum_KU310866,(Oxyrhabdium-cfmodestum_KU338101,Oxyrhabdium-leporinum_KU346583)))),(Cyclocorus-lineatus_KU335808,Hologerrhum-philippinum_KU330752)))),(((Vipera-berus,((Bothrops-jararaca,(Crotalus-horridus,(Crotalus-viridis,(Crotalus-adamanteus,(Crotalus-pyrrhus,Crotalus-tigris))))),(Protobothrops-mucrosquamatus,Protobothrops-flavoviridis))),(Aplopeltura-boa_KU315147,(Achalinus-spinalis_KU312258,(Acrochordus-granulatus_KU302952,(Python-molurus,Boa-constrictor))))),(Cerberus-schneiderii_KU324534,Myanophis-thanlyinensis))),((Thamnophis-sirtalis,Thamnophis-elegans),(Pseudoxenodon-sp_KU312221,(Dipsas-indica_KU215336,Thermophis-baileyi))))),(Grayia-smythii_KU341872,Calamaria-gervaisii_KU327406)),(Ahaetulla-prasina_KU323364,Chrysopelea-ornata))),(Pituophis-catenifer,(Pantherophis-guttatus,Pantherophis-obsoletus))))));
Final quartet score is: 50153698
Final normalized quartet score is: 0.8808810788805005
(Scolecophis-atrocinctus_KU289804,(Tantilla-taeniata_KU289863,(Ptyas-mucosa,((Boiga-irregularis_KU345021,(((Sibynophis-bivittatus_KU309608,(((((Micrurus-corallinus_KU289205,((Elapsoidea-sundevallii_MCZR190390,((Pseudonaja-textilis,(Notechis-scutatus,(Emydocephalus-ijimae,((Hydrophis-curtus,Hydrophis-hardwickii)1:0.8362480242006187,(Hydrophis-cyanocinctus,Hydrophis-melanocephalus)1:0.6554068525770984)1:2.7408400239252018)1:2.1237224243706465)1:0.37776277591291074)1:1.5716782499182573,(Laticauda-colubrina,Laticauda-laticaudata)1:2.6968769005040847)1:2.389220462564303)0.99:0.2196352392689415,(Naja-naja,(Hemibungarus-mcclungi_KU303027,Ophiophagus-hannah)0.82:0.14117352806255098)1:0.44468821941667763)0.75:0.09194340606962526)1:2.2291336141882234,(Psammodynastes-pulverulentus_KU328547,Psammodynastes-pulverulentus_KU329686)1:2.1798317350471943)0.83:0.11519402790074745,((Micrelaps-sp_TauM16738,(((Pseudaspis-cana_MCZA27068,(Aparallactus-capensis_MCZA28808,(Rhamphiophis-oxyrhynchus_KU290451,Psammophis-sibilans_RAX2053)1:2.120087468896528)0.49:0.03692546222044291)0.72:0.08816085500108138,(Pseudoxyrhopus-tritaeniatus_KU340969,Buhoma-depressiceps_CFS1528)0.49:0.039062171963912075)0.41:0.01458340448948453,(Prosymna-visseri_MCZR190223,(Lamprophis-lineatus_EBG706,Chamaelycus-fasciatus_KU348632)1:1.2255545350805026)0.42:0.016752831861015914)0.99:0.22413521512263362)0.95:0.16767431191685545,((Myersophis-alpestris_KU308684,(Levitonius-mirus_KU337269,(Oxyrhabdium-modestum_KU310866,(Oxyrhabdium-cfmodestum_KU338101,Oxyrhabdium-leporinum_KU346583)0.99:0.2876820724517809)1:2.9066370443149463)0.5:0.05123090069528023)1:0.49732411032166685,(Cyclocorus-lineatus_KU335808,Hologerrhum-philippinum_KU330752)1:0.8532285822392841)1:1.302015334959971)0.41:0.016089832464366755)1:1.4443075780699854,(((Vipera-berus,((Bothrops-jararaca,(Crotalus-horridus,(Crotalus-viridis,(Crotalus-adamanteus,(Crotalus-pyrrhus,Crotalus-tigris)0.66:0.07943991025833833)0.42:0.02297207071461958)1:0.7417176648829633)1:2.4815788596953254)1:1.316070279072901,(Protobothrops-mucrosquamatus,Protobothrops-flavoviridis)1:1.637195753997792)1:1.9783454248084682)1:3.2045960879766757,(Aplopeltura-boa_KU315147,(Achalinus-spinalis_KU312258,(Acrochordus-granulatus_KU302952,(Python-molurus,Boa-constrictor)1:2.1567968237325377)1:1.157819424808807)1:2.0917492277823966)1:0.7235080541667867)1:1.8181159958450999,(Cerberus-schneiderii_KU324534,Myanophis-thanlyinensis)1:2.4252454277911784)0.68:0.08441338981424366)1:1.1538474503436604,((Thamnophis-sirtalis,Thamnophis-elegans)1:3.8982082123191995,(Pseudoxenodon-sp_KU312221,(Dipsas-indica_KU215336,Thermophis-baileyi)0.93:0.1665818144851087)0.45:0.025926180091626474)0.9:0.14191140916443548)1:0.6685734801364638)0.83:0.11534469403467733,(Grayia-smythii_KU341872,Calamaria-gervaisii_KU327406)0.38:0.01145961542168826)1:0.5627211493201871,(Ahaetulla-prasina_KU323364,Chrysopelea-ornata)1:1.222149971733062)1:1.6214079857682675)1:0.31257780783278594,(Pituophis-catenifer,(Pantherophis-guttatus,Pantherophis-obsoletus)0.99:0.24612551689522735)1:2.4158508990606062)0.9:0.17986058983890651)1:1.0741407653824881));
ASTRAL finished in 3.307 secs
Shutting down threading
