

================== ASTRAL ===================== 

This is ASTRAL version 5.15.5
Warning: 
 Fail to load native library libAstral.dylib; use Java default computing method without AVX2, which is 4X slower. 
 Make sure you are using the correct Djava.library.path (to the `lib` directory under ASTRAL where libAstral.dylib can be found). 
 Trying running make.sh. For mode debugging, run: java -Djava.library.path=lib/ -jar native_library_tester.jar
Gene trees are treated as unrooted
Detected GPU devices: 
Device 1 of 2: Apple M1 cl_device_id[0xffffffff] Vendor: Intel
Device 2 of 2: Apple M1 cl_device_id[0x1027f00] Vendor: Apple
Will use Device : Apple M1
Will use Device : Apple M1
Starting 8 threads ...
There are 8 threads used to run.
41 trees read from /dev/fd/11
All output trees will be *arbitrarily* rooted at Acrochordus-granulatus_KU302952

======== Running the main analysis
Number of taxa: 66 (66 species)
Taxa: [Acrochordus-granulatus_KU302952, Scolecophis-atrocinctus_KU289804, Tantilla-taeniata_KU289863, Pantherophis-guttatus, Pantherophis-obsoletus, Pituophis-catenifer, Ptyas-mucosa, Boiga-irregularis_KU345021, Chrysopelea-ornata, Ahaetulla-prasina_KU323364, Grayia-smythii_KU341872, Sibynophis-bivittatus_KU309608, Pseudoxenodon-sp_KU312221, Thamnophis-sirtalis, Thamnophis-elegans, Thermophis-baileyi, Dipsas-indica_KU215336, Cerberus-schneiderii_KU324534, Myanophis-thanlyinensis, Prosymna-visseri_MCZR190223, Buhoma-depressiceps_CFS1528, Pseudoxyrhopus-tritaeniatus_KU340969, Rhamphiophis-oxyrhynchus_KU290451, Psammophis-sibilans_RAX2053, Aparallactus-capensis_MCZA28808, Lamprophis-lineatus_EBG706, Pseudaspis-cana_MCZA27068, Elapsoidea-sundevallii_MCZR190390, Micrurus-corallinus_KU289205, Naja-naja, Hemibungarus-mcclungi_KU303027, Ophiophagus-hannah, Hydrophis-curtus, Hydrophis-hardwickii, Hydrophis-cyanocinctus, Emydocephalus-ijimae, Notechis-scutatus, Pseudonaja-textilis, Laticauda-colubrina, Laticauda-laticaudata, Micrelaps-sp_TauM16738, Psammodynastes-pulverulentus_KU328547, Psammodynastes-pulverulentus_KU329686, Cyclocorus-lineatus_KU335808, Hologerrhum-philippinum_KU330752, Myersophis-alpestris_KU308684, Oxyrhabdium-cfmodestum_KU338101, Oxyrhabdium-modestum_KU310866, Oxyrhabdium-leporinum_KU346583, Levitonius-mirus_KU337269, Crotalus-pyrrhus, Crotalus-viridis, Crotalus-tigris, Crotalus-adamanteus, Crotalus-horridus, Bothrops-jararaca, Protobothrops-mucrosquamatus, Protobothrops-flavoviridis, Vipera-berus, Aplopeltura-boa_KU315147, Achalinus-spinalis_KU312258, Python-molurus, Boa-constrictor, Chamaelycus-fasciatus_KU348632, Hydrophis-melanocephalus, Calamaria-gervaisii_KU327406]
Taxon occupancy: {Protobothrops-flavoviridis=31, Thamnophis-sirtalis=29, Hologerrhum-philippinum_KU330752=33, Hydrophis-hardwickii=28, Psammophis-sibilans_RAX2053=30, Crotalus-pyrrhus=31, Elapsoidea-sundevallii_MCZR190390=32, Bothrops-jararaca=29, Notechis-scutatus=33, Levitonius-mirus_KU337269=31, Buhoma-depressiceps_CFS1528=27, Ophiophagus-hannah=36, Scolecophis-atrocinctus_KU289804=34, Ptyas-mucosa=38, Calamaria-gervaisii_KU327406=27, Boiga-irregularis_KU345021=35, Aparallactus-capensis_MCZA28808=29, Myanophis-thanlyinensis=30, Ahaetulla-prasina_KU323364=33, Python-molurus=28, Pseudaspis-cana_MCZA27068=37, Psammodynastes-pulverulentus_KU328547=35, Rhamphiophis-oxyrhynchus_KU290451=30, Crotalus-tigris=36, Pantherophis-obsoletus=36, Protobothrops-mucrosquamatus=35, Vipera-berus=34, Chrysopelea-ornata=33, Thamnophis-elegans=33, Laticauda-laticaudata=37, Myersophis-alpestris_KU308684=33, Oxyrhabdium-leporinum_KU346583=37, Acrochordus-granulatus_KU302952=25, Cyclocorus-lineatus_KU335808=34, Oxyrhabdium-cfmodestum_KU338101=36, Tantilla-taeniata_KU289863=35, Grayia-smythii_KU341872=35, Crotalus-viridis=31, Crotalus-adamanteus=36, Pseudoxyrhopus-tritaeniatus_KU340969=34, Dipsas-indica_KU215336=33, Oxyrhabdium-modestum_KU310866=33, Emydocephalus-ijimae=33, Pantherophis-guttatus=39, Sibynophis-bivittatus_KU309608=34, Aplopeltura-boa_KU315147=29, Thermophis-baileyi=35, Pituophis-catenifer=30, Lamprophis-lineatus_EBG706=36, Hydrophis-curtus=35, Pseudoxenodon-sp_KU312221=37, Hemibungarus-mcclungi_KU303027=36, Pseudonaja-textilis=33, Chamaelycus-fasciatus_KU348632=28, Laticauda-colubrina=37, Crotalus-horridus=35, Micrurus-corallinus_KU289205=32, Boa-constrictor=25, Psammodynastes-pulverulentus_KU329686=30, Achalinus-spinalis_KU312258=19, Hydrophis-melanocephalus=33, Micrelaps-sp_TauM16738=36, Prosymna-visseri_MCZR190223=37, Naja-naja=41, Hydrophis-cyanocinctus=36, Cerberus-schneiderii_KU324534=29}
Using polytree-based weight calculation.
Number of gene trees: 41
38 trees have missing taxa
Calculating distance matrix (for completion of X) ....with 4 distance matrices for parallellism
Species tree distances calculated ...

Will attempt to complete bipartitions from X before adding using a distance matrix.
Building set of clusters (X) from gene trees 
------------------------------
Number of Clusters after addition from gene trees: 1387
Number of Clusters after addition by distance: 1387
Adding to X using resolutions of greedy consensus ...

Computing greedy consensus  
took 0 seconds
Limit for sigma of degrees:1700

polytomy size limit : > 10
 [3, 3, 3, 3, 4, 4, 4, 4, 8, 10]
discarded polytomies: 
Threshold 0.0:
Threshold 0.01:
Threshold 0.02:
Threshold 0.05:
Threshold 0.1:
polytomy of size 4; rounds with additions with at least 5 support: 0; clusters: 1395
Threshold 0.2:
polytomy of size 3; rounds with additions with at least 5 support: 0; clusters: 1395
polytomy of size 8; rounds with additions with at least 5 support: 0; clusters: 1395
polytomy of size 4; rounds with additions with at least 5 support: 0; clusters: 1395
Threshold 0.3333333333333333:
polytomy of size 3; rounds with additions with at least 5 support: 0; clusters: 1395
polytomy of size 3; rounds with additions with at least 5 support: 0; clusters: 1395
polytomy of size 10; rounds with additions with at least 5 support: 0; clusters: 1395
polytomy of size 3; rounds with additions with at least 5 support: 0; clusters: 1395
polytomy of size 4; rounds with additions with at least 5 support: 0; clusters: 1395
polytomy of size 4; rounds with additions with at least 5 support: 0; clusters: 1395
Number of Clusters after addition by greedy: 1395
partitions formed in 1.019 secs
Dynamic Programming starting after 1.02 secs
Polytree max score: 14025689
Polytree building time: 0.025 seconds.
Fail to load native library libAstral.dylib; use Java default computing method.
Number of quartet trees in the gene trees: 14025689
Computing hash values took 0 seconds
device length is: 2
TREE HEIGHT IS: 13
Size of largest cluster: 66
Size of largest cluster: 66
Finishing up:1927 0 1926
Total Number of elements: 1926
Normalized score (portion of input quartet trees satisfied before correcting for multiple individuals): 0.8748804425935867
Final optimization score: 12270801
Optimal tree inferred in 2.204 secs.
Weight calculation using polytrees cumulatively took 0.0 secs
(Acrochordus-granulatus_KU302952,((Achalinus-spinalis_KU312258,(Aplopeltura-boa_KU315147,((((((((Elapsoidea-sundevallii_MCZR190390,((Pseudonaja-textilis,(Notechis-scutatus,(Emydocephalus-ijimae,((Hydrophis-cyanocinctus,Hydrophis-melanocephalus),(Hydrophis-curtus,Hydrophis-hardwickii))))),(Laticauda-colubrina,Laticauda-laticaudata))),(Micrurus-corallinus_KU289205,(Hemibungarus-mcclungi_KU303027,(Naja-naja,Ophiophagus-hannah)))),(Micrelaps-sp_TauM16738,(((Pseudoxyrhopus-tritaeniatus_KU340969,(Lamprophis-lineatus_EBG706,Chamaelycus-fasciatus_KU348632)),(Prosymna-visseri_MCZR190223,Pseudaspis-cana_MCZA27068)),(Buhoma-depressiceps_CFS1528,(Aparallactus-capensis_MCZA28808,(Rhamphiophis-oxyrhynchus_KU290451,Psammophis-sibilans_RAX2053)))))),(Psammodynastes-pulverulentus_KU328547,Psammodynastes-pulverulentus_KU329686)),((Levitonius-mirus_KU337269,(Myersophis-alpestris_KU308684,(Oxyrhabdium-leporinum_KU346583,(Oxyrhabdium-cfmodestum_KU338101,Oxyrhabdium-modestum_KU310866)))),(Cyclocorus-lineatus_KU335808,Hologerrhum-philippinum_KU330752))),(((Pseudoxenodon-sp_KU312221,(Sibynophis-bivittatus_KU309608,(Calamaria-gervaisii_KU327406,(Grayia-smythii_KU341872,((Boiga-irregularis_KU345021,(Ptyas-mucosa,((Pantherophis-guttatus,(Pantherophis-obsoletus,Pituophis-catenifer)),(Scolecophis-atrocinctus_KU289804,Tantilla-taeniata_KU289863)))),(Chrysopelea-ornata,Ahaetulla-prasina_KU323364)))))),(Thamnophis-sirtalis,Thamnophis-elegans)),(Thermophis-baileyi,Dipsas-indica_KU215336))),(Cerberus-schneiderii_KU324534,Myanophis-thanlyinensis)),(Vipera-berus,((Bothrops-jararaca,(Crotalus-horridus,(Crotalus-pyrrhus,(Crotalus-tigris,(Crotalus-viridis,Crotalus-adamanteus))))),(Protobothrops-mucrosquamatus,Protobothrops-flavoviridis)))))),(Python-molurus,Boa-constrictor)));
Final quartet score is: 12450057
Final normalized quartet score is: 0.8876609911997906
You may want to ignore posterior probabilities and other statistics related to the following branch branch because the effective number of genes impacting it is only 19:
	{Rhamphiophis-oxyrhynchus_KU290451, Psammophis-sibilans_RAX2053}
You may want to ignore posterior probabilities and other statistics related to the following branch branch because the effective number of genes impacting it is only 15:
	{Scolecophis-atrocinctus_KU289804, Tantilla-taeniata_KU289863, Pantherophis-guttatus, Pantherophis-obsoletus, Pituophis-catenifer, Ptyas-mucosa, Boiga-irregularis_KU345021, Chrysopelea-ornata, Ahaetulla-prasina_KU323364, Grayia-smythii_KU341872, Sibynophis-bivittatus_KU309608, Pseudoxenodon-sp_KU312221, Thamnophis-sirtalis, Thamnophis-elegans, Thermophis-baileyi, Dipsas-indica_KU215336, Cerberus-schneiderii_KU324534, Myanophis-thanlyinensis, Prosymna-visseri_MCZR190223, Buhoma-depressiceps_CFS1528, Pseudoxyrhopus-tritaeniatus_KU340969, Rhamphiophis-oxyrhynchus_KU290451, Psammophis-sibilans_RAX2053, Aparallactus-capensis_MCZA28808, Lamprophis-lineatus_EBG706, Pseudaspis-cana_MCZA27068, Elapsoidea-sundevallii_MCZR190390, Micrurus-corallinus_KU289205, Naja-naja, Hemibungarus-mcclungi_KU303027, Ophiophagus-hannah, Hydrophis-curtus, Hydrophis-hardwickii, Hydrophis-cyanocinctus, Emydocephalus-ijimae, Notechis-scutatus, Pseudonaja-textilis, Laticauda-colubrina, Laticauda-laticaudata, Micrelaps-sp_TauM16738, Psammodynastes-pulverulentus_KU328547, Psammodynastes-pulverulentus_KU329686, Cyclocorus-lineatus_KU335808, Hologerrhum-philippinum_KU330752, Myersophis-alpestris_KU308684, Oxyrhabdium-cfmodestum_KU338101, Oxyrhabdium-modestum_KU310866, Oxyrhabdium-leporinum_KU346583, Levitonius-mirus_KU337269, Crotalus-pyrrhus, Crotalus-viridis, Crotalus-tigris, Crotalus-adamanteus, Crotalus-horridus, Bothrops-jararaca, Protobothrops-mucrosquamatus, Protobothrops-flavoviridis, Vipera-berus, Aplopeltura-boa_KU315147, Achalinus-spinalis_KU312258, Chamaelycus-fasciatus_KU348632, Hydrophis-melanocephalus, Calamaria-gervaisii_KU327406}
You may want to ignore posterior probabilities and other statistics related to the following branch branch because the effective number of genes impacting it is only 18:
	{Scolecophis-atrocinctus_KU289804, Tantilla-taeniata_KU289863, Pantherophis-guttatus, Pantherophis-obsoletus, Pituophis-catenifer, Ptyas-mucosa, Boiga-irregularis_KU345021, Chrysopelea-ornata, Ahaetulla-prasina_KU323364, Grayia-smythii_KU341872, Sibynophis-bivittatus_KU309608, Pseudoxenodon-sp_KU312221, Thamnophis-sirtalis, Thamnophis-elegans, Thermophis-baileyi, Dipsas-indica_KU215336, Cerberus-schneiderii_KU324534, Myanophis-thanlyinensis, Prosymna-visseri_MCZR190223, Buhoma-depressiceps_CFS1528, Pseudoxyrhopus-tritaeniatus_KU340969, Rhamphiophis-oxyrhynchus_KU290451, Psammophis-sibilans_RAX2053, Aparallactus-capensis_MCZA28808, Lamprophis-lineatus_EBG706, Pseudaspis-cana_MCZA27068, Elapsoidea-sundevallii_MCZR190390, Micrurus-corallinus_KU289205, Naja-naja, Hemibungarus-mcclungi_KU303027, Ophiophagus-hannah, Hydrophis-curtus, Hydrophis-hardwickii, Hydrophis-cyanocinctus, Emydocephalus-ijimae, Notechis-scutatus, Pseudonaja-textilis, Laticauda-colubrina, Laticauda-laticaudata, Micrelaps-sp_TauM16738, Psammodynastes-pulverulentus_KU328547, Psammodynastes-pulverulentus_KU329686, Cyclocorus-lineatus_KU335808, Hologerrhum-philippinum_KU330752, Myersophis-alpestris_KU308684, Oxyrhabdium-cfmodestum_KU338101, Oxyrhabdium-modestum_KU310866, Oxyrhabdium-leporinum_KU346583, Levitonius-mirus_KU337269, Crotalus-pyrrhus, Crotalus-viridis, Crotalus-tigris, Crotalus-adamanteus, Crotalus-horridus, Bothrops-jararaca, Protobothrops-mucrosquamatus, Protobothrops-flavoviridis, Vipera-berus, Aplopeltura-boa_KU315147, Chamaelycus-fasciatus_KU348632, Hydrophis-melanocephalus, Calamaria-gervaisii_KU327406}
(Acrochordus-granulatus_KU302952,((Achalinus-spinalis_KU312258,(Aplopeltura-boa_KU315147,((((((((Elapsoidea-sundevallii_MCZR190390,((Pseudonaja-textilis,(Notechis-scutatus,(Emydocephalus-ijimae,((Hydrophis-cyanocinctus,Hydrophis-melanocephalus)1:1.0453677741492975,(Hydrophis-curtus,Hydrophis-hardwickii)1:0.7503055943998941)1:3.091042453358317)1:3.0285220963769826)0.59:0.09206544963943562)1:2.3978952727983716,(Laticauda-colubrina,Laticauda-laticaudata)1:3.205452804536062)1:2.190121218815261)1:0.45984803577411726,(Micrurus-corallinus_KU289205,(Hemibungarus-mcclungi_KU303027,(Naja-naja,Ophiophagus-hannah)0.61:0.10047082223603084)1:0.6673730675992401)0.3:0.0)1:2.7453682727361914,(Micrelaps-sp_TauM16738,(((Pseudoxyrhopus-tritaeniatus_KU340969,(Lamprophis-lineatus_EBG706,Chamaelycus-fasciatus_KU348632)1:1.0890333001114045)0.6:0.11908664223706865,(Prosymna-visseri_MCZR190223,Pseudaspis-cana_MCZA27068)0.71:0.13326639768118836)0.76:0.14716977674864357,(Buhoma-depressiceps_CFS1528,(Aparallactus-capensis_MCZA28808,(Rhamphiophis-oxyrhynchus_KU290451,Psammophis-sibilans_RAX2053)1:1.6880281870273217)0.51:0.06573271170087881)0.47:0.04660987050550338)0.65:0.10757316289789963)0.91:0.24300183623258562)0.65:0.11312898708923522,(Psammodynastes-pulverulentus_KU328547,Psammodynastes-pulverulentus_KU329686)1:2.9957322735539913)0.57:0.10228607001798425,((Levitonius-mirus_KU337269,(Myersophis-alpestris_KU308684,(Oxyrhabdium-leporinum_KU346583,(Oxyrhabdium-cfmodestum_KU338101,Oxyrhabdium-modestum_KU310866)1:1.8971199848858815)1:3.091042453358317)0.98:0.38548541897528626)0.99:0.46929695698786766,(Cyclocorus-lineatus_KU335808,Hologerrhum-philippinum_KU330752)1:1.8980629708584849)1:1.8004803586079257)1:1.3457530980100108,(((Pseudoxenodon-sp_KU312221,(Sibynophis-bivittatus_KU309608,(Calamaria-gervaisii_KU327406,(Grayia-smythii_KU341872,((Boiga-irregularis_KU345021,(Ptyas-mucosa,((Pantherophis-guttatus,(Pantherophis-obsoletus,Pituophis-catenifer)0.62:0.11778303565638351)1:2.7263993397704054,(Scolecophis-atrocinctus_KU289804,Tantilla-taeniata_KU289863)1:1.3135888554694677)0.34:0.023062179355395774)0.76:0.18439757386330868)1:2.4648265915009993,(Chrysopelea-ornata,Ahaetulla-prasina_KU323364)1:2.261266943663315)1:0.6090725314395131)0.51:0.06912399832219508)0.87:0.2571422962627007)1:0.44505228006536424)0.52:0.06314434964551222,(Thamnophis-sirtalis,Thamnophis-elegans)1:2.92673940206704)0.49:0.055262178359880385,(Thermophis-baileyi,Dipsas-indica_KU215336)0.99:0.4366432581850438)1:1.1090342997762912)0.96:0.2902495943301275,(Cerberus-schneiderii_KU324534,Myanophis-thanlyinensis)1:2.730029107820986)1:2.207274913189722,(Vipera-berus,((Bothrops-jararaca,(Crotalus-horridus,(Crotalus-pyrrhus,(Crotalus-tigris,(Crotalus-viridis,Crotalus-adamanteus)0.75:0.159324899957263)0.77:0.1671871313050508)1:0.7985076962177715)1:2.890371757896163)1:1.5040773967762742,(Protobothrops-mucrosquamatus,Protobothrops-flavoviridis)1:2.302585092994046)1:3.0285220963769826)1:2.961830721878311)0.85:0.21868920096482944)1:1.845826690498331)1:1.2685113254635072,(Python-molurus,Boa-constrictor)1:1.5338004982284803));
ASTRAL finished in 2.591 secs
Shutting down threading
