

================== ASTRAL ===================== 

This is ASTRAL version 5.15.5
Warning: 
 Fail to load native library libAstral.dylib; use Java default computing method without AVX2, which is 4X slower. 
 Make sure you are using the correct Djava.library.path (to the `lib` directory under ASTRAL where libAstral.dylib can be found). 
 Trying running make.sh. For mode debugging, run: java -Djava.library.path=lib/ -jar native_library_tester.jar
Gene trees are treated as unrooted
Detected GPU devices: 
Device 1 of 2: Apple M1 cl_device_id[0xffffffff] Vendor: Intel
Device 2 of 2: Apple M1 cl_device_id[0x1027f00] Vendor: Apple
Will use Device : Apple M1
Will use Device : Apple M1
Starting 8 threads ...
There are 8 threads used to run.
27 trees read from /dev/fd/11
All output trees will be *arbitrarily* rooted at Pseudoxyrhopus-tritaeniatus_KU340969

======== Running the main analysis
Number of taxa: 66 (66 species)
Taxa: [Pseudoxyrhopus-tritaeniatus_KU340969, Pseudaspis-cana_MCZA27068, Psammophis-sibilans_RAX2053, Rhamphiophis-oxyrhynchus_KU290451, Chamaelycus-fasciatus_KU348632, Prosymna-visseri_MCZR190223, Oxyrhabdium-modestum_KU310866, Oxyrhabdium-cfmodestum_KU338101, Oxyrhabdium-leporinum_KU346583, Myersophis-alpestris_KU308684, Cyclocorus-lineatus_KU335808, Hologerrhum-philippinum_KU330752, Hemibungarus-mcclungi_KU303027, Micrurus-corallinus_KU289205, Naja-naja, Ophiophagus-hannah, Hydrophis-curtus, Hydrophis-hardwickii, Hydrophis-cyanocinctus, Hydrophis-melanocephalus, Emydocephalus-ijimae, Pseudonaja-textilis, Notechis-scutatus, Laticauda-colubrina, Laticauda-laticaudata, Elapsoidea-sundevallii_MCZR190390, Psammodynastes-pulverulentus_KU328547, Psammodynastes-pulverulentus_KU329686, Aparallactus-capensis_MCZA28808, Buhoma-depressiceps_CFS1528, Levitonius-mirus_KU337269, Thamnophis-sirtalis, Thamnophis-elegans, Grayia-smythii_KU341872, Ahaetulla-prasina_KU323364, Chrysopelea-ornata, Scolecophis-atrocinctus_KU289804, Tantilla-taeniata_KU289863, Pantherophis-guttatus, Pantherophis-obsoletus, Pituophis-catenifer, Ptyas-mucosa, Boiga-irregularis_KU345021, Sibynophis-bivittatus_KU309608, Calamaria-gervaisii_KU327406, Pseudoxenodon-sp_KU312221, Dipsas-indica_KU215336, Thermophis-baileyi, Cerberus-schneiderii_KU324534, Myanophis-thanlyinensis, Achalinus-spinalis_KU312258, Acrochordus-granulatus_KU302952, Python-molurus, Boa-constrictor, Aplopeltura-boa_KU315147, Crotalus-pyrrhus, Crotalus-viridis, Crotalus-adamanteus, Crotalus-tigris, Crotalus-horridus, Bothrops-jararaca, Protobothrops-mucrosquamatus, Protobothrops-flavoviridis, Vipera-berus, Micrelaps-sp_TauM16738, Lamprophis-lineatus_EBG706]
Taxon occupancy: {Protobothrops-flavoviridis=23, Hologerrhum-philippinum_KU330752=23, Thamnophis-sirtalis=17, Hydrophis-hardwickii=25, Psammophis-sibilans_RAX2053=22, Crotalus-pyrrhus=24, Elapsoidea-sundevallii_MCZR190390=24, Bothrops-jararaca=23, Notechis-scutatus=27, Levitonius-mirus_KU337269=23, Buhoma-depressiceps_CFS1528=21, Ophiophagus-hannah=22, Scolecophis-atrocinctus_KU289804=26, Ptyas-mucosa=25, Calamaria-gervaisii_KU327406=19, Boiga-irregularis_KU345021=23, Aparallactus-capensis_MCZA28808=21, Myanophis-thanlyinensis=20, Ahaetulla-prasina_KU323364=23, Python-molurus=20, Pseudaspis-cana_MCZA27068=25, Psammodynastes-pulverulentus_KU328547=18, Rhamphiophis-oxyrhynchus_KU290451=18, Crotalus-tigris=23, Pantherophis-obsoletus=25, Protobothrops-mucrosquamatus=23, Vipera-berus=21, Chrysopelea-ornata=20, Thamnophis-elegans=22, Laticauda-laticaudata=27, Myersophis-alpestris_KU308684=24, Oxyrhabdium-leporinum_KU346583=23, Acrochordus-granulatus_KU302952=21, Cyclocorus-lineatus_KU335808=21, Oxyrhabdium-cfmodestum_KU338101=24, Grayia-smythii_KU341872=22, Tantilla-taeniata_KU289863=23, Crotalus-viridis=24, Crotalus-adamanteus=23, Pseudoxyrhopus-tritaeniatus_KU340969=19, Dipsas-indica_KU215336=24, Oxyrhabdium-modestum_KU310866=24, Emydocephalus-ijimae=26, Pantherophis-guttatus=26, Sibynophis-bivittatus_KU309608=22, Aplopeltura-boa_KU315147=17, Thermophis-baileyi=25, Pituophis-catenifer=20, Lamprophis-lineatus_EBG706=21, Hydrophis-curtus=25, Pseudoxenodon-sp_KU312221=24, Chamaelycus-fasciatus_KU348632=18, Hemibungarus-mcclungi_KU303027=25, Pseudonaja-textilis=26, Laticauda-colubrina=27, Crotalus-horridus=24, Micrurus-corallinus_KU289205=22, Boa-constrictor=23, Psammodynastes-pulverulentus_KU329686=19, Hydrophis-melanocephalus=23, Achalinus-spinalis_KU312258=15, Micrelaps-sp_TauM16738=22, Prosymna-visseri_MCZR190223=24, Naja-naja=27, Hydrophis-cyanocinctus=26, Cerberus-schneiderii_KU324534=24}
Using polytree-based weight calculation.
Number of gene trees: 27
24 trees have missing taxa
Calculating distance matrix (for completion of X) ....with 4 distance matrices for parallellism
Species tree distances calculated ...

Will attempt to complete bipartitions from X before adding using a distance matrix.
Building set of clusters (X) from gene trees 
------------------------------
Number of Clusters after addition from gene trees: 985
Number of Clusters after addition by distance: 985
Adding to X using resolutions of greedy consensus ...

Computing greedy consensus  
took 0 seconds
Limit for sigma of degrees:1700

polytomy size limit : > 8
 [3, 3, 3, 3, 4, 4, 5, 8]
discarded polytomies: 
Threshold 0.0:
Threshold 0.01:
Threshold 0.02:
Threshold 0.05:
Threshold 0.1:
Threshold 0.2:
polytomy of size 3; rounds with additions with at least 5 support: 0; clusters: 987
polytomy of size 5; rounds with additions with at least 5 support: 0; clusters: 987
Threshold 0.3333333333333333:
polytomy of size 4; rounds with additions with at least 5 support: 0; clusters: 987
polytomy of size 3; rounds with additions with at least 5 support: 0; clusters: 987
polytomy of size 4; rounds with additions with at least 5 support: 0; clusters: 987
polytomy of size 3; rounds with additions with at least 5 support: 0; clusters: 987
polytomy of size 3; rounds with additions with at least 5 support: 0; clusters: 987
polytomy of size 8; rounds with additions with at least 5 support: 0; clusters: 987
Number of Clusters after addition by greedy: 987
partitions formed in 0.845 secs
Dynamic Programming starting after 0.845 secs
Polytree max score: 11768481
Polytree building time: 0.026 seconds.
Fail to load native library libAstral.dylib; use Java default computing method.
Number of quartet trees in the gene trees: 11768481
Computing hash values took 0 seconds
device length is: 2
TREE HEIGHT IS: 15
Size of largest cluster: 66
Size of largest cluster: 66
Finishing up:1137 0 1136
Total Number of elements: 1136
Normalized score (portion of input quartet trees satisfied before correcting for multiple individuals): 0.897944348127851
Final optimization score: 10567441
Optimal tree inferred in 2.027 secs.
Weight calculation using polytrees cumulatively took 0.0 secs
(Pseudoxyrhopus-tritaeniatus_KU340969,(((Micrelaps-sp_TauM16738,(((((((Pseudoxenodon-sp_KU312221,(Sibynophis-bivittatus_KU309608,(Calamaria-gervaisii_KU327406,(Grayia-smythii_KU341872,((Boiga-irregularis_KU345021,((Ptyas-mucosa,(Scolecophis-atrocinctus_KU289804,Tantilla-taeniata_KU289863)),(Pituophis-catenifer,(Pantherophis-guttatus,Pantherophis-obsoletus)))),(Ahaetulla-prasina_KU323364,Chrysopelea-ornata)))))),(Dipsas-indica_KU215336,Thermophis-baileyi)),(Thamnophis-sirtalis,Thamnophis-elegans)),(((Vipera-berus,((Bothrops-jararaca,(Crotalus-horridus,(Crotalus-pyrrhus,(Crotalus-adamanteus,(Crotalus-viridis,Crotalus-tigris))))),(Protobothrops-mucrosquamatus,Protobothrops-flavoviridis))),(Aplopeltura-boa_KU315147,(Achalinus-spinalis_KU312258,(Acrochordus-granulatus_KU302952,(Python-molurus,Boa-constrictor))))),(Cerberus-schneiderii_KU324534,Myanophis-thanlyinensis))),(((Oxyrhabdium-leporinum_KU346583,(Oxyrhabdium-modestum_KU310866,Oxyrhabdium-cfmodestum_KU338101)),(Myersophis-alpestris_KU308684,Levitonius-mirus_KU337269)),(Cyclocorus-lineatus_KU335808,Hologerrhum-philippinum_KU330752))),((Micrurus-corallinus_KU289205,(Elapsoidea-sundevallii_MCZR190390,((Pseudonaja-textilis,(Notechis-scutatus,(Emydocephalus-ijimae,((Hydrophis-curtus,Hydrophis-hardwickii),(Hydrophis-cyanocinctus,Hydrophis-melanocephalus))))),(Laticauda-colubrina,Laticauda-laticaudata)))),(Hemibungarus-mcclungi_KU303027,(Naja-naja,Ophiophagus-hannah)))),(Psammodynastes-pulverulentus_KU328547,Psammodynastes-pulverulentus_KU329686))),((Psammophis-sibilans_RAX2053,Rhamphiophis-oxyrhynchus_KU290451),(Aparallactus-capensis_MCZA28808,Buhoma-depressiceps_CFS1528))),(Pseudaspis-cana_MCZA27068,(Prosymna-visseri_MCZR190223,(Chamaelycus-fasciatus_KU348632,Lamprophis-lineatus_EBG706)))));
Final quartet score is: 10255852
Final normalized quartet score is: 0.8714677790617158
You may want to ignore posterior probabilities and other statistics related to the following branch branch because the effective number of genes impacting it is only 19:
	{Pantherophis-guttatus, Pantherophis-obsoletus}
You may want to ignore posterior probabilities and other statistics related to the following branch branch because the effective number of genes impacting it is only 18:
	{Ahaetulla-prasina_KU323364, Chrysopelea-ornata}
You may want to ignore posterior probabilities and other statistics related to the following branch branch because the effective number of genes impacting it is only 19:
	{Grayia-smythii_KU341872, Ahaetulla-prasina_KU323364, Chrysopelea-ornata, Scolecophis-atrocinctus_KU289804, Tantilla-taeniata_KU289863, Pantherophis-guttatus, Pantherophis-obsoletus, Pituophis-catenifer, Ptyas-mucosa, Boiga-irregularis_KU345021}
You may want to ignore posterior probabilities and other statistics related to the following branch branch because the effective number of genes impacting it is only 15:
	{Thamnophis-sirtalis, Thamnophis-elegans}
You may want to ignore posterior probabilities and other statistics related to the following branch branch because the effective number of genes impacting it is only 13:
	{Achalinus-spinalis_KU312258, Acrochordus-granulatus_KU302952, Python-molurus, Boa-constrictor}
You may want to ignore posterior probabilities and other statistics related to the following branch branch because the effective number of genes impacting it is only 17:
	{Achalinus-spinalis_KU312258, Acrochordus-granulatus_KU302952, Python-molurus, Boa-constrictor, Aplopeltura-boa_KU315147}
You may want to ignore posterior probabilities and other statistics related to the following branch branch because the effective number of genes impacting it is only 18:
	{Cerberus-schneiderii_KU324534, Myanophis-thanlyinensis}
You may want to ignore posterior probabilities and other statistics related to the following branch branch because the effective number of genes impacting it is only 17:
	{Python-molurus, Boa-constrictor}
You may want to ignore posterior probabilities and other statistics related to the following branch branch because the effective number of genes impacting it is only 13:
	{Acrochordus-granulatus_KU302952, Python-molurus, Boa-constrictor}
You may want to ignore posterior probabilities and other statistics related to the following branch branch because the effective number of genes impacting it is only 19:
	{Oxyrhabdium-modestum_KU310866, Oxyrhabdium-cfmodestum_KU338101}
You may want to ignore posterior probabilities and other statistics related to the following branch branch because the effective number of genes impacting it is only 18:
	{Grayia-smythii_KU341872, Ahaetulla-prasina_KU323364, Chrysopelea-ornata, Scolecophis-atrocinctus_KU289804, Tantilla-taeniata_KU289863, Pantherophis-guttatus, Pantherophis-obsoletus, Pituophis-catenifer, Ptyas-mucosa, Boiga-irregularis_KU345021, Calamaria-gervaisii_KU327406}
You may want to ignore posterior probabilities and other statistics related to the following branch branch because the effective number of genes impacting it is only 17:
	{Psammodynastes-pulverulentus_KU328547, Psammodynastes-pulverulentus_KU329686}
You may want to ignore posterior probabilities and other statistics related to the following branch branch because the effective number of genes impacting it is only 17:
	{Oxyrhabdium-modestum_KU310866, Oxyrhabdium-cfmodestum_KU338101, Oxyrhabdium-leporinum_KU346583, Myersophis-alpestris_KU308684, Cyclocorus-lineatus_KU335808, Hologerrhum-philippinum_KU330752, Hemibungarus-mcclungi_KU303027, Micrurus-corallinus_KU289205, Naja-naja, Ophiophagus-hannah, Hydrophis-curtus, Hydrophis-hardwickii, Hydrophis-cyanocinctus, Hydrophis-melanocephalus, Emydocephalus-ijimae, Pseudonaja-textilis, Notechis-scutatus, Laticauda-colubrina, Laticauda-laticaudata, Elapsoidea-sundevallii_MCZR190390, Psammodynastes-pulverulentus_KU328547, Psammodynastes-pulverulentus_KU329686, Levitonius-mirus_KU337269, Thamnophis-sirtalis, Thamnophis-elegans, Grayia-smythii_KU341872, Ahaetulla-prasina_KU323364, Chrysopelea-ornata, Scolecophis-atrocinctus_KU289804, Tantilla-taeniata_KU289863, Pantherophis-guttatus, Pantherophis-obsoletus, Pituophis-catenifer, Ptyas-mucosa, Boiga-irregularis_KU345021, Sibynophis-bivittatus_KU309608, Calamaria-gervaisii_KU327406, Pseudoxenodon-sp_KU312221, Dipsas-indica_KU215336, Thermophis-baileyi, Cerberus-schneiderii_KU324534, Myanophis-thanlyinensis, Achalinus-spinalis_KU312258, Acrochordus-granulatus_KU302952, Python-molurus, Boa-constrictor, Aplopeltura-boa_KU315147, Crotalus-pyrrhus, Crotalus-viridis, Crotalus-adamanteus, Crotalus-tigris, Crotalus-horridus, Bothrops-jararaca, Protobothrops-mucrosquamatus, Protobothrops-flavoviridis, Vipera-berus}
You may want to ignore posterior probabilities and other statistics related to the following branch branch because the effective number of genes impacting it is only 19:
	{Psammophis-sibilans_RAX2053, Rhamphiophis-oxyrhynchus_KU290451, Oxyrhabdium-modestum_KU310866, Oxyrhabdium-cfmodestum_KU338101, Oxyrhabdium-leporinum_KU346583, Myersophis-alpestris_KU308684, Cyclocorus-lineatus_KU335808, Hologerrhum-philippinum_KU330752, Hemibungarus-mcclungi_KU303027, Micrurus-corallinus_KU289205, Naja-naja, Ophiophagus-hannah, Hydrophis-curtus, Hydrophis-hardwickii, Hydrophis-cyanocinctus, Hydrophis-melanocephalus, Emydocephalus-ijimae, Pseudonaja-textilis, Notechis-scutatus, Laticauda-colubrina, Laticauda-laticaudata, Elapsoidea-sundevallii_MCZR190390, Psammodynastes-pulverulentus_KU328547, Psammodynastes-pulverulentus_KU329686, Aparallactus-capensis_MCZA28808, Buhoma-depressiceps_CFS1528, Levitonius-mirus_KU337269, Thamnophis-sirtalis, Thamnophis-elegans, Grayia-smythii_KU341872, Ahaetulla-prasina_KU323364, Chrysopelea-ornata, Scolecophis-atrocinctus_KU289804, Tantilla-taeniata_KU289863, Pantherophis-guttatus, Pantherophis-obsoletus, Pituophis-catenifer, Ptyas-mucosa, Boiga-irregularis_KU345021, Sibynophis-bivittatus_KU309608, Calamaria-gervaisii_KU327406, Pseudoxenodon-sp_KU312221, Dipsas-indica_KU215336, Thermophis-baileyi, Cerberus-schneiderii_KU324534, Myanophis-thanlyinensis, Achalinus-spinalis_KU312258, Acrochordus-granulatus_KU302952, Python-molurus, Boa-constrictor, Aplopeltura-boa_KU315147, Crotalus-pyrrhus, Crotalus-viridis, Crotalus-adamanteus, Crotalus-tigris, Crotalus-horridus, Bothrops-jararaca, Protobothrops-mucrosquamatus, Protobothrops-flavoviridis, Vipera-berus, Micrelaps-sp_TauM16738}
You may want to ignore posterior probabilities and other statistics related to the following branch branch because the effective number of genes impacting it is only 16:
	{Chamaelycus-fasciatus_KU348632, Lamprophis-lineatus_EBG706}
You may want to ignore posterior probabilities and other statistics related to the following branch branch because the effective number of genes impacting it is only 16:
	{Psammophis-sibilans_RAX2053, Rhamphiophis-oxyrhynchus_KU290451}
You may want to ignore posterior probabilities and other statistics related to the following branch branch because the effective number of genes impacting it is only 17:
	{Pseudaspis-cana_MCZA27068, Chamaelycus-fasciatus_KU348632, Prosymna-visseri_MCZR190223, Lamprophis-lineatus_EBG706}
You may want to ignore posterior probabilities and other statistics related to the following branch branch because the effective number of genes impacting it is only 18:
	{Aparallactus-capensis_MCZA28808, Buhoma-depressiceps_CFS1528}
(Pseudoxyrhopus-tritaeniatus_KU340969,(((Micrelaps-sp_TauM16738,(((((((Pseudoxenodon-sp_KU312221,(Sibynophis-bivittatus_KU309608,(Calamaria-gervaisii_KU327406,(Grayia-smythii_KU341872,((Boiga-irregularis_KU345021,((Ptyas-mucosa,(Scolecophis-atrocinctus_KU289804,Tantilla-taeniata_KU289863)1:1.3594831036692336)0.77:0.17636799763145922,(Pituophis-catenifer,(Pantherophis-guttatus,Pantherophis-obsoletus)0.87:0.2876820724517809)1:2.3513752571634776)1:0.739667196194838)1:2.6326069948135173,(Ahaetulla-prasina_KU323364,Chrysopelea-ornata)1:1.4168310849799726)1:0.8566501231563693)0.87:0.2815567877580439)0.79:0.21951175403517592)0.79:0.27625154962938436)0.81:0.23812096405635008,(Dipsas-indica_KU215336,Thermophis-baileyi)0.94:0.3350448372129151)0.56:0.08411425823407749,(Thamnophis-sirtalis,Thamnophis-elegans)1:2.367123614131617)1:1.3918530209973776,(((Vipera-berus,((Bothrops-jararaca,(Crotalus-horridus,(Crotalus-pyrrhus,(Crotalus-adamanteus,(Crotalus-viridis,Crotalus-tigris)0.39:0.018625893174237133)0.73:0.1673098561259773)1:1.1394342831883646)1:2.772588722239782)1:2.0368819272610392,(Protobothrops-mucrosquamatus,Protobothrops-flavoviridis)1:2.0368819272610392)1:2.6390573296152575)1:1.9924301646902058,(Aplopeltura-boa_KU315147,(Achalinus-spinalis_KU312258,(Acrochordus-granulatus_KU302952,(Python-molurus,Boa-constrictor)1:2.484906649788)1:1.1349799328389845)1:1.9459101490553146)0.89:0.31585294941847714)1:2.285236454659433,(Cerberus-schneiderii_KU324534,Myanophis-thanlyinensis)1:2.538973871058275)0.81:0.20342035592585656)1:1.143949463830448,(((Oxyrhabdium-leporinum_KU346583,(Oxyrhabdium-modestum_KU310866,Oxyrhabdium-cfmodestum_KU338101)1:0.6443570163905135)1:2.772588722239782,(Myersophis-alpestris_KU308684,Levitonius-mirus_KU337269)0.44:0.052450917661441866)0.88:0.2890623349207394,(Cyclocorus-lineatus_KU335808,Hologerrhum-philippinum_KU330752)1:1.606977886593238)1:2.06261821255628)0.97:0.3703004522345495,((Micrurus-corallinus_KU289205,(Elapsoidea-sundevallii_MCZR190390,((Pseudonaja-textilis,(Notechis-scutatus,(Emydocephalus-ijimae,((Hydrophis-curtus,Hydrophis-hardwickii)1:0.7339691750802005,(Hydrophis-cyanocinctus,Hydrophis-melanocephalus)1:0.9808292530117262)1:2.8526314299133184)1:2.831125224692356)0.88:0.24972838512527143)1:2.561123781646749,(Laticauda-colubrina,Laticauda-laticaudata)1:2.92673940206704)1:2.7515543608424036)0.76:0.18788120511707998)0.55:0.10375150485212568,(Hemibungarus-mcclungi_KU303027,(Naja-naja,Ophiophagus-hannah)0.65:0.12694590376895742)0.9:0.2737546468488381)1:2.8509013256755353)0.36:0.0,(Psammodynastes-pulverulentus_KU328547,Psammodynastes-pulverulentus_KU329686)1:2.484906649788)0.91:0.3416506649719132)0.94:0.35804518008050756,((Psammophis-sibilans_RAX2053,Rhamphiophis-oxyrhynchus_KU290451)1:2.4277482359480516,(Aparallactus-capensis_MCZA28808,Buhoma-depressiceps_CFS1528)0.48:0.06603226402962947)0.53:0.0760793401150201)0.68:0.1537528491023727,(Pseudaspis-cana_MCZA27068,(Prosymna-visseri_MCZR190223,(Chamaelycus-fasciatus_KU348632,Lamprophis-lineatus_EBG706)1:1.3291359472799418)0.96:0.3822426810417391)0.62:0.1750991420006204));
ASTRAL finished in 2.404 secs
Shutting down threading
