

================== ASTRAL ===================== 

This is ASTRAL version 5.15.5
Warning: 
 Fail to load native library libAstral.dylib; use Java default computing method without AVX2, which is 4X slower. 
 Make sure you are using the correct Djava.library.path (to the `lib` directory under ASTRAL where libAstral.dylib can be found). 
 Trying running make.sh. For mode debugging, run: java -Djava.library.path=lib/ -jar native_library_tester.jar
Gene trees are treated as unrooted
Detected GPU devices: 
Device 1 of 2: Apple M1 cl_device_id[0xffffffff] Vendor: Intel
Device 2 of 2: Apple M1 cl_device_id[0x1027f00] Vendor: Apple
Will use Device : Apple M1
Will use Device : Apple M1
Starting 8 threads ...
There are 8 threads used to run.
12 trees read from /dev/fd/11
All output trees will be *arbitrarily* rooted at Pseudoxyrhopus-tritaeniatus_KU340969

======== Running the main analysis
Number of taxa: 66 (66 species)
Taxa: [Pseudoxyrhopus-tritaeniatus_KU340969, Pseudaspis-cana_MCZA27068, Buhoma-depressiceps_CFS1528, Chamaelycus-fasciatus_KU348632, Lamprophis-lineatus_EBG706, Micrelaps-sp_TauM16738, Prosymna-visseri_MCZR190223, Oxyrhabdium-modestum_KU310866, Oxyrhabdium-cfmodestum_KU338101, Oxyrhabdium-leporinum_KU346583, Cyclocorus-lineatus_KU335808, Hologerrhum-philippinum_KU330752, Levitonius-mirus_KU337269, Myersophis-alpestris_KU308684, Psammophis-sibilans_RAX2053, Rhamphiophis-oxyrhynchus_KU290451, Aparallactus-capensis_MCZA28808, Sibynophis-bivittatus_KU309608, Calamaria-gervaisii_KU327406, Pseudoxenodon-sp_KU312221, Thamnophis-sirtalis, Thermophis-baileyi, Ahaetulla-prasina_KU323364, Chrysopelea-ornata, Grayia-smythii_KU341872, Boiga-irregularis_KU345021, Pantherophis-guttatus, Pantherophis-obsoletus, Pituophis-catenifer, Tantilla-taeniata_KU289863, Ptyas-mucosa, Cerberus-schneiderii_KU324534, Myanophis-thanlyinensis, Achalinus-spinalis_KU312258, Acrochordus-granulatus_KU302952, Python-molurus, Boa-constrictor, Aplopeltura-boa_KU315147, Crotalus-pyrrhus, Crotalus-viridis, Crotalus-adamanteus, Crotalus-horridus, Crotalus-tigris, Bothrops-jararaca, Protobothrops-mucrosquamatus, Protobothrops-flavoviridis, Dipsas-indica_KU215336, Hemibungarus-mcclungi_KU303027, Naja-naja, Ophiophagus-hannah, Elapsoidea-sundevallii_MCZR190390, Hydrophis-curtus, Hydrophis-hardwickii, Hydrophis-cyanocinctus, Hydrophis-melanocephalus, Emydocephalus-ijimae, Notechis-scutatus, Pseudonaja-textilis, Laticauda-colubrina, Laticauda-laticaudata, Micrurus-corallinus_KU289205, Psammodynastes-pulverulentus_KU328547, Psammodynastes-pulverulentus_KU329686, Scolecophis-atrocinctus_KU289804, Thamnophis-elegans, Vipera-berus]
Taxon occupancy: {Protobothrops-flavoviridis=8, Hologerrhum-philippinum_KU330752=10, Thamnophis-sirtalis=9, Hydrophis-hardwickii=11, Psammophis-sibilans_RAX2053=10, Crotalus-pyrrhus=10, Bothrops-jararaca=8, Elapsoidea-sundevallii_MCZR190390=10, Notechis-scutatus=11, Levitonius-mirus_KU337269=11, Buhoma-depressiceps_CFS1528=9, Ophiophagus-hannah=11, Calamaria-gervaisii_KU327406=7, Ptyas-mucosa=12, Scolecophis-atrocinctus_KU289804=6, Boiga-irregularis_KU345021=9, Aparallactus-capensis_MCZA28808=9, Myanophis-thanlyinensis=11, Ahaetulla-prasina_KU323364=10, Python-molurus=4, Pseudaspis-cana_MCZA27068=9, Psammodynastes-pulverulentus_KU328547=10, Rhamphiophis-oxyrhynchus_KU290451=11, Crotalus-tigris=9, Pantherophis-obsoletus=10, Protobothrops-mucrosquamatus=9, Vipera-berus=7, Chrysopelea-ornata=9, Thamnophis-elegans=10, Laticauda-laticaudata=12, Myersophis-alpestris_KU308684=10, Oxyrhabdium-leporinum_KU346583=10, Acrochordus-granulatus_KU302952=9, Cyclocorus-lineatus_KU335808=10, Oxyrhabdium-cfmodestum_KU338101=8, Grayia-smythii_KU341872=10, Tantilla-taeniata_KU289863=10, Crotalus-viridis=7, Crotalus-adamanteus=9, Pseudoxyrhopus-tritaeniatus_KU340969=10, Dipsas-indica_KU215336=10, Oxyrhabdium-modestum_KU310866=8, Emydocephalus-ijimae=12, Pantherophis-guttatus=10, Sibynophis-bivittatus_KU309608=11, Aplopeltura-boa_KU315147=10, Thermophis-baileyi=10, Pituophis-catenifer=7, Lamprophis-lineatus_EBG706=11, Hydrophis-curtus=11, Pseudoxenodon-sp_KU312221=11, Chamaelycus-fasciatus_KU348632=10, Hemibungarus-mcclungi_KU303027=10, Pseudonaja-textilis=11, Laticauda-colubrina=12, Crotalus-horridus=9, Boa-constrictor=6, Micrurus-corallinus_KU289205=11, Psammodynastes-pulverulentus_KU329686=11, Achalinus-spinalis_KU312258=9, Hydrophis-melanocephalus=11, Micrelaps-sp_TauM16738=10, Prosymna-visseri_MCZR190223=10, Naja-naja=12, Hydrophis-cyanocinctus=11, Cerberus-schneiderii_KU324534=9}
Using polytree-based weight calculation.
Number of gene trees: 12
11 trees have missing taxa
Calculating distance matrix (for completion of X) ....with 4 distance matrices for parallellism
Species tree distances calculated ...

Will attempt to complete bipartitions from X before adding using a distance matrix.
Building set of clusters (X) from gene trees 
------------------------------
Number of Clusters after addition from gene trees: 721
Number of Clusters after addition by distance: 721
Adding to X using resolutions of greedy consensus ...

Computing greedy consensus  
took 0 seconds
Limit for sigma of degrees:1700

polytomy size limit : > 5
 [3, 3, 3, 3, 3, 3, 3, 4, 5, 5, 5]
discarded polytomies: 
Threshold 0.0:
Threshold 0.01:
Threshold 0.02:
Threshold 0.05:
Threshold 0.1:
polytomy of size 3; rounds with additions with at least 5 support: 0; clusters: 723
Threshold 0.2:
polytomy of size 3; rounds with additions with at least 5 support: 0; clusters: 727
polytomy of size 3; rounds with additions with at least 5 support: 0; clusters: 723
polytomy of size 3; rounds with additions with at least 5 support: 0; clusters: 725
polytomy of size 5; rounds with additions with at least 5 support: 0; clusters: 727
Threshold 0.3333333333333333:
polytomy of size 3; rounds with additions with at least 5 support: 0; clusters: 725
polytomy of size 3; rounds with additions with at least 5 support: 0; clusters: 727
polytomy of size 5; rounds with additions with at least 5 support: 0; clusters: 727
polytomy of size 3; rounds with additions with at least 5 support: 0; clusters: 727
polytomy of size 4; rounds with additions with at least 5 support: 0; clusters: 727
polytomy of size 5; rounds with additions with at least 5 support: 0; clusters: 731
Number of Clusters after addition by greedy: 731
partitions formed in 0.831 secs
Dynamic Programming starting after 0.831 secs
Polytree max score: 4412057
Polytree building time: 0.015 seconds.
Fail to load native library libAstral.dylib; use Java default computing method.
Number of quartet trees in the gene trees: 4412057
Computing hash values took 0 seconds
device length is: 2
TREE HEIGHT IS: 13
Size of largest cluster: 66
Size of largest cluster: 66
Finishing up:623 0 622
Total Number of elements: 622
Normalized score (portion of input quartet trees satisfied before correcting for multiple individuals): 0.8243091601037793
Final optimization score: 3636899
Optimal tree inferred in 1.985 secs.
Weight calculation using polytrees cumulatively took 0.0 secs
(Pseudoxyrhopus-tritaeniatus_KU340969,(((Micrelaps-sp_TauM16738,((((((((Grayia-smythii_KU341872,((Boiga-irregularis_KU345021,(Ptyas-mucosa,((Pituophis-catenifer,(Pantherophis-guttatus,Pantherophis-obsoletus)),(Tantilla-taeniata_KU289863,Scolecophis-atrocinctus_KU289804)))),(Ahaetulla-prasina_KU323364,Chrysopelea-ornata))),(Sibynophis-bivittatus_KU309608,Calamaria-gervaisii_KU327406)),(Pseudoxenodon-sp_KU312221,((Thermophis-baileyi,Dipsas-indica_KU215336),(Thamnophis-sirtalis,Thamnophis-elegans)))),(Cerberus-schneiderii_KU324534,Myanophis-thanlyinensis)),((Vipera-berus,((Bothrops-jararaca,(Crotalus-horridus,((Crotalus-adamanteus,Crotalus-tigris),(Crotalus-pyrrhus,Crotalus-viridis)))),(Protobothrops-mucrosquamatus,Protobothrops-flavoviridis))),(Aplopeltura-boa_KU315147,(Achalinus-spinalis_KU312258,(Acrochordus-granulatus_KU302952,(Python-molurus,Boa-constrictor)))))),(((Oxyrhabdium-leporinum_KU346583,(Oxyrhabdium-modestum_KU310866,Oxyrhabdium-cfmodestum_KU338101)),(Levitonius-mirus_KU337269,Myersophis-alpestris_KU308684)),(Cyclocorus-lineatus_KU335808,Hologerrhum-philippinum_KU330752))),((Micrurus-corallinus_KU289205,((Elapsoidea-sundevallii_MCZR190390,((Pseudonaja-textilis,(Notechis-scutatus,(Emydocephalus-ijimae,((Hydrophis-cyanocinctus,Hydrophis-melanocephalus),(Hydrophis-curtus,Hydrophis-hardwickii))))),(Laticauda-colubrina,Laticauda-laticaudata))),(Hemibungarus-mcclungi_KU303027,(Naja-naja,Ophiophagus-hannah)))),(Psammodynastes-pulverulentus_KU328547,Psammodynastes-pulverulentus_KU329686))),(Prosymna-visseri_MCZR190223,(Psammophis-sibilans_RAX2053,Rhamphiophis-oxyrhynchus_KU290451)))),(Aparallactus-capensis_MCZA28808,(Pseudaspis-cana_MCZA27068,Buhoma-depressiceps_CFS1528))),(Chamaelycus-fasciatus_KU348632,Lamprophis-lineatus_EBG706)));
Final quartet score is: 3828173
Final normalized quartet score is: 0.8676617278516574
You may want to ignore posterior probabilities and other statistics related to the following branch branch because the effective number of genes impacting it is only 7:
	{Pantherophis-guttatus, Pantherophis-obsoletus}
You may want to ignore posterior probabilities and other statistics related to the following branch branch because the effective number of genes impacting it is only 9:
	{Pantherophis-guttatus, Pantherophis-obsoletus, Pituophis-catenifer, Tantilla-taeniata_KU289863, Ptyas-mucosa, Scolecophis-atrocinctus_KU289804}
You may want to ignore posterior probabilities and other statistics related to the following branch branch because the effective number of genes impacting it is only 10:
	{Ahaetulla-prasina_KU323364, Chrysopelea-ornata, Boiga-irregularis_KU345021, Pantherophis-guttatus, Pantherophis-obsoletus, Pituophis-catenifer, Tantilla-taeniata_KU289863, Ptyas-mucosa, Scolecophis-atrocinctus_KU289804}
You may want to ignore posterior probabilities and other statistics related to the following branch branch because the effective number of genes impacting it is only 6:
	{Pantherophis-guttatus, Pantherophis-obsoletus, Pituophis-catenifer}
You may want to ignore posterior probabilities and other statistics related to the following branch branch because the effective number of genes impacting it is only 7:
	{Ahaetulla-prasina_KU323364, Chrysopelea-ornata}
You may want to ignore posterior probabilities and other statistics related to the following branch branch because the effective number of genes impacting it is only 5:
	{Tantilla-taeniata_KU289863, Scolecophis-atrocinctus_KU289804}
You may want to ignore posterior probabilities and other statistics related to the following branch branch because the effective number of genes impacting it is only 9:
	{Ahaetulla-prasina_KU323364, Chrysopelea-ornata, Grayia-smythii_KU341872, Boiga-irregularis_KU345021, Pantherophis-guttatus, Pantherophis-obsoletus, Pituophis-catenifer, Tantilla-taeniata_KU289863, Ptyas-mucosa, Scolecophis-atrocinctus_KU289804}
You may want to ignore posterior probabilities and other statistics related to the following branch branch because the effective number of genes impacting it is only 9:
	{Boiga-irregularis_KU345021, Pantherophis-guttatus, Pantherophis-obsoletus, Pituophis-catenifer, Tantilla-taeniata_KU289863, Ptyas-mucosa, Scolecophis-atrocinctus_KU289804}
You may want to ignore posterior probabilities and other statistics related to the following branch branch because the effective number of genes impacting it is only 8:
	{Thermophis-baileyi, Dipsas-indica_KU215336}
You may want to ignore posterior probabilities and other statistics related to the following branch branch because the effective number of genes impacting it is only 11:
	{Sibynophis-bivittatus_KU309608, Calamaria-gervaisii_KU327406, Ahaetulla-prasina_KU323364, Chrysopelea-ornata, Grayia-smythii_KU341872, Boiga-irregularis_KU345021, Pantherophis-guttatus, Pantherophis-obsoletus, Pituophis-catenifer, Tantilla-taeniata_KU289863, Ptyas-mucosa, Scolecophis-atrocinctus_KU289804}
You may want to ignore posterior probabilities and other statistics related to the following branch branch because the effective number of genes impacting it is only 7:
	{Thamnophis-sirtalis, Thamnophis-elegans}
You may want to ignore posterior probabilities and other statistics related to the following branch branch because the effective number of genes impacting it is only 8:
	{Pantherophis-guttatus, Pantherophis-obsoletus, Pituophis-catenifer, Tantilla-taeniata_KU289863, Scolecophis-atrocinctus_KU289804}
You may want to ignore posterior probabilities and other statistics related to the following branch branch because the effective number of genes impacting it is only 7:
	{Sibynophis-bivittatus_KU309608, Calamaria-gervaisii_KU327406}
You may want to ignore posterior probabilities and other statistics related to the following branch branch because the effective number of genes impacting it is only 9:
	{Thamnophis-sirtalis, Thermophis-baileyi, Dipsas-indica_KU215336, Thamnophis-elegans}
You may want to ignore posterior probabilities and other statistics related to the following branch branch because the effective number of genes impacting it is only 9:
	{Crotalus-adamanteus, Crotalus-tigris}
You may want to ignore posterior probabilities and other statistics related to the following branch branch because the effective number of genes impacting it is only 11:
	{Pseudoxenodon-sp_KU312221, Thamnophis-sirtalis, Thermophis-baileyi, Dipsas-indica_KU215336, Thamnophis-elegans}
You may want to ignore posterior probabilities and other statistics related to the following branch branch because the effective number of genes impacting it is only 9:
	{Crotalus-pyrrhus, Crotalus-viridis, Crotalus-adamanteus, Crotalus-tigris}
You may want to ignore posterior probabilities and other statistics related to the following branch branch because the effective number of genes impacting it is only 8:
	{Cerberus-schneiderii_KU324534, Myanophis-thanlyinensis}
You may want to ignore posterior probabilities and other statistics related to the following branch branch because the effective number of genes impacting it is only 7:
	{Crotalus-pyrrhus, Crotalus-viridis}
You may want to ignore posterior probabilities and other statistics related to the following branch branch because the effective number of genes impacting it is only 6:
	{Crotalus-pyrrhus, Crotalus-viridis, Crotalus-adamanteus, Crotalus-horridus, Crotalus-tigris, Bothrops-jararaca, Protobothrops-mucrosquamatus, Protobothrops-flavoviridis}
You may want to ignore posterior probabilities and other statistics related to the following branch branch because the effective number of genes impacting it is only 12:
	{Sibynophis-bivittatus_KU309608, Calamaria-gervaisii_KU327406, Pseudoxenodon-sp_KU312221, Thamnophis-sirtalis, Thermophis-baileyi, Ahaetulla-prasina_KU323364, Chrysopelea-ornata, Grayia-smythii_KU341872, Boiga-irregularis_KU345021, Pantherophis-guttatus, Pantherophis-obsoletus, Pituophis-catenifer, Tantilla-taeniata_KU289863, Ptyas-mucosa, Cerberus-schneiderii_KU324534, Myanophis-thanlyinensis, Dipsas-indica_KU215336, Scolecophis-atrocinctus_KU289804, Thamnophis-elegans}
You may want to ignore posterior probabilities and other statistics related to the following branch branch because the effective number of genes impacting it is only 7:
	{Crotalus-pyrrhus, Crotalus-viridis, Crotalus-adamanteus, Crotalus-horridus, Crotalus-tigris, Bothrops-jararaca}
You may want to ignore posterior probabilities and other statistics related to the following branch branch because the effective number of genes impacting it is only 12:
	{Sibynophis-bivittatus_KU309608, Calamaria-gervaisii_KU327406, Pseudoxenodon-sp_KU312221, Thamnophis-sirtalis, Thermophis-baileyi, Ahaetulla-prasina_KU323364, Chrysopelea-ornata, Grayia-smythii_KU341872, Boiga-irregularis_KU345021, Pantherophis-guttatus, Pantherophis-obsoletus, Pituophis-catenifer, Tantilla-taeniata_KU289863, Ptyas-mucosa, Dipsas-indica_KU215336, Scolecophis-atrocinctus_KU289804, Thamnophis-elegans}
You may want to ignore posterior probabilities and other statistics related to the following branch branch because the effective number of genes impacting it is only 4:
	{Python-molurus, Boa-constrictor}
You may want to ignore posterior probabilities and other statistics related to the following branch branch because the effective number of genes impacting it is only 8:
	{Crotalus-pyrrhus, Crotalus-viridis, Crotalus-adamanteus, Crotalus-horridus, Crotalus-tigris}
You may want to ignore posterior probabilities and other statistics related to the following branch branch because the effective number of genes impacting it is only 5:
	{Acrochordus-granulatus_KU302952, Python-molurus, Boa-constrictor}
You may want to ignore posterior probabilities and other statistics related to the following branch branch because the effective number of genes impacting it is only 8:
	{Protobothrops-mucrosquamatus, Protobothrops-flavoviridis}
You may want to ignore posterior probabilities and other statistics related to the following branch branch because the effective number of genes impacting it is only 8:
	{Oxyrhabdium-modestum_KU310866, Oxyrhabdium-cfmodestum_KU338101, Oxyrhabdium-leporinum_KU346583}
You may want to ignore posterior probabilities and other statistics related to the following branch branch because the effective number of genes impacting it is only 7:
	{Oxyrhabdium-modestum_KU310866, Oxyrhabdium-cfmodestum_KU338101}
You may want to ignore posterior probabilities and other statistics related to the following branch branch because the effective number of genes impacting it is only 11:
	{Achalinus-spinalis_KU312258, Acrochordus-granulatus_KU302952, Python-molurus, Boa-constrictor, Aplopeltura-boa_KU315147, Crotalus-pyrrhus, Crotalus-viridis, Crotalus-adamanteus, Crotalus-horridus, Crotalus-tigris, Bothrops-jararaca, Protobothrops-mucrosquamatus, Protobothrops-flavoviridis, Vipera-berus}
You may want to ignore posterior probabilities and other statistics related to the following branch branch because the effective number of genes impacting it is only 7:
	{Crotalus-pyrrhus, Crotalus-viridis, Crotalus-adamanteus, Crotalus-horridus, Crotalus-tigris, Bothrops-jararaca, Protobothrops-mucrosquamatus, Protobothrops-flavoviridis, Vipera-berus}
You may want to ignore posterior probabilities and other statistics related to the following branch branch because the effective number of genes impacting it is only 9:
	{Levitonius-mirus_KU337269, Myersophis-alpestris_KU308684}
You may want to ignore posterior probabilities and other statistics related to the following branch branch because the effective number of genes impacting it is only 9:
	{Cyclocorus-lineatus_KU335808, Hologerrhum-philippinum_KU330752}
You may want to ignore posterior probabilities and other statistics related to the following branch branch because the effective number of genes impacting it is only 8:
	{Achalinus-spinalis_KU312258, Acrochordus-granulatus_KU302952, Python-molurus, Boa-constrictor, Aplopeltura-boa_KU315147}
You may want to ignore posterior probabilities and other statistics related to the following branch branch because the effective number of genes impacting it is only 8:
	{Achalinus-spinalis_KU312258, Acrochordus-granulatus_KU302952, Python-molurus, Boa-constrictor}
You may want to ignore posterior probabilities and other statistics related to the following branch branch because the effective number of genes impacting it is only 11:
	{Oxyrhabdium-modestum_KU310866, Oxyrhabdium-cfmodestum_KU338101, Oxyrhabdium-leporinum_KU346583, Cyclocorus-lineatus_KU335808, Hologerrhum-philippinum_KU330752, Levitonius-mirus_KU337269, Myersophis-alpestris_KU308684}
You may want to ignore posterior probabilities and other statistics related to the following branch branch because the effective number of genes impacting it is only 10:
	{Hydrophis-cyanocinctus, Hydrophis-melanocephalus}
You may want to ignore posterior probabilities and other statistics related to the following branch branch because the effective number of genes impacting it is only 12:
	{Hydrophis-curtus, Hydrophis-hardwickii, Hydrophis-cyanocinctus, Hydrophis-melanocephalus}
You may want to ignore posterior probabilities and other statistics related to the following branch branch because the effective number of genes impacting it is only 12:
	{Sibynophis-bivittatus_KU309608, Calamaria-gervaisii_KU327406, Pseudoxenodon-sp_KU312221, Thamnophis-sirtalis, Thermophis-baileyi, Ahaetulla-prasina_KU323364, Chrysopelea-ornata, Grayia-smythii_KU341872, Boiga-irregularis_KU345021, Pantherophis-guttatus, Pantherophis-obsoletus, Pituophis-catenifer, Tantilla-taeniata_KU289863, Ptyas-mucosa, Cerberus-schneiderii_KU324534, Myanophis-thanlyinensis, Achalinus-spinalis_KU312258, Acrochordus-granulatus_KU302952, Python-molurus, Boa-constrictor, Aplopeltura-boa_KU315147, Crotalus-pyrrhus, Crotalus-viridis, Crotalus-adamanteus, Crotalus-horridus, Crotalus-tigris, Bothrops-jararaca, Protobothrops-mucrosquamatus, Protobothrops-flavoviridis, Dipsas-indica_KU215336, Scolecophis-atrocinctus_KU289804, Thamnophis-elegans, Vipera-berus}
You may want to ignore posterior probabilities and other statistics related to the following branch branch because the effective number of genes impacting it is only 10:
	{Hydrophis-curtus, Hydrophis-hardwickii}
You may want to ignore posterior probabilities and other statistics related to the following branch branch because the effective number of genes impacting it is only 11:
	{Oxyrhabdium-modestum_KU310866, Oxyrhabdium-cfmodestum_KU338101, Oxyrhabdium-leporinum_KU346583, Levitonius-mirus_KU337269, Myersophis-alpestris_KU308684}
You may want to ignore posterior probabilities and other statistics related to the following branch branch because the effective number of genes impacting it is only 11:
	{Hydrophis-curtus, Hydrophis-hardwickii, Hydrophis-cyanocinctus, Hydrophis-melanocephalus, Emydocephalus-ijimae}
You may want to ignore posterior probabilities and other statistics related to the following branch branch because the effective number of genes impacting it is only 11:
	{Hydrophis-curtus, Hydrophis-hardwickii, Hydrophis-cyanocinctus, Hydrophis-melanocephalus, Emydocephalus-ijimae, Notechis-scutatus, Pseudonaja-textilis}
You may want to ignore posterior probabilities and other statistics related to the following branch branch because the effective number of genes impacting it is only 10:
	{Hydrophis-curtus, Hydrophis-hardwickii, Hydrophis-cyanocinctus, Hydrophis-melanocephalus, Emydocephalus-ijimae, Notechis-scutatus}
You may want to ignore posterior probabilities and other statistics related to the following branch branch because the effective number of genes impacting it is only 11:
	{Oxyrhabdium-modestum_KU310866, Oxyrhabdium-cfmodestum_KU338101, Oxyrhabdium-leporinum_KU346583, Cyclocorus-lineatus_KU335808, Hologerrhum-philippinum_KU330752, Levitonius-mirus_KU337269, Myersophis-alpestris_KU308684, Sibynophis-bivittatus_KU309608, Calamaria-gervaisii_KU327406, Pseudoxenodon-sp_KU312221, Thamnophis-sirtalis, Thermophis-baileyi, Ahaetulla-prasina_KU323364, Chrysopelea-ornata, Grayia-smythii_KU341872, Boiga-irregularis_KU345021, Pantherophis-guttatus, Pantherophis-obsoletus, Pituophis-catenifer, Tantilla-taeniata_KU289863, Ptyas-mucosa, Cerberus-schneiderii_KU324534, Myanophis-thanlyinensis, Achalinus-spinalis_KU312258, Acrochordus-granulatus_KU302952, Python-molurus, Boa-constrictor, Aplopeltura-boa_KU315147, Crotalus-pyrrhus, Crotalus-viridis, Crotalus-adamanteus, Crotalus-horridus, Crotalus-tigris, Bothrops-jararaca, Protobothrops-mucrosquamatus, Protobothrops-flavoviridis, Dipsas-indica_KU215336, Scolecophis-atrocinctus_KU289804, Thamnophis-elegans, Vipera-berus}
You may want to ignore posterior probabilities and other statistics related to the following branch branch because the effective number of genes impacting it is only 10:
	{Elapsoidea-sundevallii_MCZR190390, Hydrophis-curtus, Hydrophis-hardwickii, Hydrophis-cyanocinctus, Hydrophis-melanocephalus, Emydocephalus-ijimae, Notechis-scutatus, Pseudonaja-textilis, Laticauda-colubrina, Laticauda-laticaudata}
You may want to ignore posterior probabilities and other statistics related to the following branch branch because the effective number of genes impacting it is only 10:
	{Naja-naja, Ophiophagus-hannah}
You may want to ignore posterior probabilities and other statistics related to the following branch branch because the effective number of genes impacting it is only 11:
	{Hemibungarus-mcclungi_KU303027, Naja-naja, Ophiophagus-hannah, Elapsoidea-sundevallii_MCZR190390, Hydrophis-curtus, Hydrophis-hardwickii, Hydrophis-cyanocinctus, Hydrophis-melanocephalus, Emydocephalus-ijimae, Notechis-scutatus, Pseudonaja-textilis, Laticauda-colubrina, Laticauda-laticaudata}
You may want to ignore posterior probabilities and other statistics related to the following branch branch because the effective number of genes impacting it is only 10:
	{Hydrophis-curtus, Hydrophis-hardwickii, Hydrophis-cyanocinctus, Hydrophis-melanocephalus, Emydocephalus-ijimae, Notechis-scutatus, Pseudonaja-textilis, Laticauda-colubrina, Laticauda-laticaudata}
You may want to ignore posterior probabilities and other statistics related to the following branch branch because the effective number of genes impacting it is only 10:
	{Hemibungarus-mcclungi_KU303027, Naja-naja, Ophiophagus-hannah, Elapsoidea-sundevallii_MCZR190390, Hydrophis-curtus, Hydrophis-hardwickii, Hydrophis-cyanocinctus, Hydrophis-melanocephalus, Emydocephalus-ijimae, Notechis-scutatus, Pseudonaja-textilis, Laticauda-colubrina, Laticauda-laticaudata, Micrurus-corallinus_KU289205}
You may want to ignore posterior probabilities and other statistics related to the following branch branch because the effective number of genes impacting it is only 10:
	{Hemibungarus-mcclungi_KU303027, Naja-naja, Ophiophagus-hannah}
You may want to ignore posterior probabilities and other statistics related to the following branch branch because the effective number of genes impacting it is only 10:
	{Hemibungarus-mcclungi_KU303027, Naja-naja, Ophiophagus-hannah, Elapsoidea-sundevallii_MCZR190390, Hydrophis-curtus, Hydrophis-hardwickii, Hydrophis-cyanocinctus, Hydrophis-melanocephalus, Emydocephalus-ijimae, Notechis-scutatus, Pseudonaja-textilis, Laticauda-colubrina, Laticauda-laticaudata, Micrurus-corallinus_KU289205, Psammodynastes-pulverulentus_KU328547, Psammodynastes-pulverulentus_KU329686}
You may want to ignore posterior probabilities and other statistics related to the following branch branch because the effective number of genes impacting it is only 11:
	{Oxyrhabdium-modestum_KU310866, Oxyrhabdium-cfmodestum_KU338101, Oxyrhabdium-leporinum_KU346583, Cyclocorus-lineatus_KU335808, Hologerrhum-philippinum_KU330752, Levitonius-mirus_KU337269, Myersophis-alpestris_KU308684, Sibynophis-bivittatus_KU309608, Calamaria-gervaisii_KU327406, Pseudoxenodon-sp_KU312221, Thamnophis-sirtalis, Thermophis-baileyi, Ahaetulla-prasina_KU323364, Chrysopelea-ornata, Grayia-smythii_KU341872, Boiga-irregularis_KU345021, Pantherophis-guttatus, Pantherophis-obsoletus, Pituophis-catenifer, Tantilla-taeniata_KU289863, Ptyas-mucosa, Cerberus-schneiderii_KU324534, Myanophis-thanlyinensis, Achalinus-spinalis_KU312258, Acrochordus-granulatus_KU302952, Python-molurus, Boa-constrictor, Aplopeltura-boa_KU315147, Crotalus-pyrrhus, Crotalus-viridis, Crotalus-adamanteus, Crotalus-horridus, Crotalus-tigris, Bothrops-jararaca, Protobothrops-mucrosquamatus, Protobothrops-flavoviridis, Dipsas-indica_KU215336, Hemibungarus-mcclungi_KU303027, Naja-naja, Ophiophagus-hannah, Elapsoidea-sundevallii_MCZR190390, Hydrophis-curtus, Hydrophis-hardwickii, Hydrophis-cyanocinctus, Hydrophis-melanocephalus, Emydocephalus-ijimae, Notechis-scutatus, Pseudonaja-textilis, Laticauda-colubrina, Laticauda-laticaudata, Micrurus-corallinus_KU289205, Psammodynastes-pulverulentus_KU328547, Psammodynastes-pulverulentus_KU329686, Scolecophis-atrocinctus_KU289804, Thamnophis-elegans, Vipera-berus}
You may want to ignore posterior probabilities and other statistics related to the following branch branch because the effective number of genes impacting it is only 12:
	{Laticauda-colubrina, Laticauda-laticaudata}
You may want to ignore posterior probabilities and other statistics related to the following branch branch because the effective number of genes impacting it is only 10:
	{Prosymna-visseri_MCZR190223, Psammophis-sibilans_RAX2053, Rhamphiophis-oxyrhynchus_KU290451}
You may want to ignore posterior probabilities and other statistics related to the following branch branch because the effective number of genes impacting it is only 10:
	{Psammophis-sibilans_RAX2053, Rhamphiophis-oxyrhynchus_KU290451}
You may want to ignore posterior probabilities and other statistics related to the following branch branch because the effective number of genes impacting it is only 9:
	{Micrelaps-sp_TauM16738, Prosymna-visseri_MCZR190223, Oxyrhabdium-modestum_KU310866, Oxyrhabdium-cfmodestum_KU338101, Oxyrhabdium-leporinum_KU346583, Cyclocorus-lineatus_KU335808, Hologerrhum-philippinum_KU330752, Levitonius-mirus_KU337269, Myersophis-alpestris_KU308684, Psammophis-sibilans_RAX2053, Rhamphiophis-oxyrhynchus_KU290451, Sibynophis-bivittatus_KU309608, Calamaria-gervaisii_KU327406, Pseudoxenodon-sp_KU312221, Thamnophis-sirtalis, Thermophis-baileyi, Ahaetulla-prasina_KU323364, Chrysopelea-ornata, Grayia-smythii_KU341872, Boiga-irregularis_KU345021, Pantherophis-guttatus, Pantherophis-obsoletus, Pituophis-catenifer, Tantilla-taeniata_KU289863, Ptyas-mucosa, Cerberus-schneiderii_KU324534, Myanophis-thanlyinensis, Achalinus-spinalis_KU312258, Acrochordus-granulatus_KU302952, Python-molurus, Boa-constrictor, Aplopeltura-boa_KU315147, Crotalus-pyrrhus, Crotalus-viridis, Crotalus-adamanteus, Crotalus-horridus, Crotalus-tigris, Bothrops-jararaca, Protobothrops-mucrosquamatus, Protobothrops-flavoviridis, Dipsas-indica_KU215336, Hemibungarus-mcclungi_KU303027, Naja-naja, Ophiophagus-hannah, Elapsoidea-sundevallii_MCZR190390, Hydrophis-curtus, Hydrophis-hardwickii, Hydrophis-cyanocinctus, Hydrophis-melanocephalus, Emydocephalus-ijimae, Notechis-scutatus, Pseudonaja-textilis, Laticauda-colubrina, Laticauda-laticaudata, Micrurus-corallinus_KU289205, Psammodynastes-pulverulentus_KU328547, Psammodynastes-pulverulentus_KU329686, Scolecophis-atrocinctus_KU289804, Thamnophis-elegans, Vipera-berus}
You may want to ignore posterior probabilities and other statistics related to the following branch branch because the effective number of genes impacting it is only 10:
	{Prosymna-visseri_MCZR190223, Oxyrhabdium-modestum_KU310866, Oxyrhabdium-cfmodestum_KU338101, Oxyrhabdium-leporinum_KU346583, Cyclocorus-lineatus_KU335808, Hologerrhum-philippinum_KU330752, Levitonius-mirus_KU337269, Myersophis-alpestris_KU308684, Psammophis-sibilans_RAX2053, Rhamphiophis-oxyrhynchus_KU290451, Sibynophis-bivittatus_KU309608, Calamaria-gervaisii_KU327406, Pseudoxenodon-sp_KU312221, Thamnophis-sirtalis, Thermophis-baileyi, Ahaetulla-prasina_KU323364, Chrysopelea-ornata, Grayia-smythii_KU341872, Boiga-irregularis_KU345021, Pantherophis-guttatus, Pantherophis-obsoletus, Pituophis-catenifer, Tantilla-taeniata_KU289863, Ptyas-mucosa, Cerberus-schneiderii_KU324534, Myanophis-thanlyinensis, Achalinus-spinalis_KU312258, Acrochordus-granulatus_KU302952, Python-molurus, Boa-constrictor, Aplopeltura-boa_KU315147, Crotalus-pyrrhus, Crotalus-viridis, Crotalus-adamanteus, Crotalus-horridus, Crotalus-tigris, Bothrops-jararaca, Protobothrops-mucrosquamatus, Protobothrops-flavoviridis, Dipsas-indica_KU215336, Hemibungarus-mcclungi_KU303027, Naja-naja, Ophiophagus-hannah, Elapsoidea-sundevallii_MCZR190390, Hydrophis-curtus, Hydrophis-hardwickii, Hydrophis-cyanocinctus, Hydrophis-melanocephalus, Emydocephalus-ijimae, Notechis-scutatus, Pseudonaja-textilis, Laticauda-colubrina, Laticauda-laticaudata, Micrurus-corallinus_KU289205, Psammodynastes-pulverulentus_KU328547, Psammodynastes-pulverulentus_KU329686, Scolecophis-atrocinctus_KU289804, Thamnophis-elegans, Vipera-berus}
You may want to ignore posterior probabilities and other statistics related to the following branch branch because the effective number of genes impacting it is only 10:
	{Psammodynastes-pulverulentus_KU328547, Psammodynastes-pulverulentus_KU329686}
You may want to ignore posterior probabilities and other statistics related to the following branch branch because the effective number of genes impacting it is only 9:
	{Pseudaspis-cana_MCZA27068, Buhoma-depressiceps_CFS1528, Micrelaps-sp_TauM16738, Prosymna-visseri_MCZR190223, Oxyrhabdium-modestum_KU310866, Oxyrhabdium-cfmodestum_KU338101, Oxyrhabdium-leporinum_KU346583, Cyclocorus-lineatus_KU335808, Hologerrhum-philippinum_KU330752, Levitonius-mirus_KU337269, Myersophis-alpestris_KU308684, Psammophis-sibilans_RAX2053, Rhamphiophis-oxyrhynchus_KU290451, Aparallactus-capensis_MCZA28808, Sibynophis-bivittatus_KU309608, Calamaria-gervaisii_KU327406, Pseudoxenodon-sp_KU312221, Thamnophis-sirtalis, Thermophis-baileyi, Ahaetulla-prasina_KU323364, Chrysopelea-ornata, Grayia-smythii_KU341872, Boiga-irregularis_KU345021, Pantherophis-guttatus, Pantherophis-obsoletus, Pituophis-catenifer, Tantilla-taeniata_KU289863, Ptyas-mucosa, Cerberus-schneiderii_KU324534, Myanophis-thanlyinensis, Achalinus-spinalis_KU312258, Acrochordus-granulatus_KU302952, Python-molurus, Boa-constrictor, Aplopeltura-boa_KU315147, Crotalus-pyrrhus, Crotalus-viridis, Crotalus-adamanteus, Crotalus-horridus, Crotalus-tigris, Bothrops-jararaca, Protobothrops-mucrosquamatus, Protobothrops-flavoviridis, Dipsas-indica_KU215336, Hemibungarus-mcclungi_KU303027, Naja-naja, Ophiophagus-hannah, Elapsoidea-sundevallii_MCZR190390, Hydrophis-curtus, Hydrophis-hardwickii, Hydrophis-cyanocinctus, Hydrophis-melanocephalus, Emydocephalus-ijimae, Notechis-scutatus, Pseudonaja-textilis, Laticauda-colubrina, Laticauda-laticaudata, Micrurus-corallinus_KU289205, Psammodynastes-pulverulentus_KU328547, Psammodynastes-pulverulentus_KU329686, Scolecophis-atrocinctus_KU289804, Thamnophis-elegans, Vipera-berus}
You may want to ignore posterior probabilities and other statistics related to the following branch branch because the effective number of genes impacting it is only 8:
	{Pseudaspis-cana_MCZA27068, Buhoma-depressiceps_CFS1528}
You may want to ignore posterior probabilities and other statistics related to the following branch branch because the effective number of genes impacting it is only 8:
	{Pseudaspis-cana_MCZA27068, Buhoma-depressiceps_CFS1528, Aparallactus-capensis_MCZA28808}
You may want to ignore posterior probabilities and other statistics related to the following branch branch because the effective number of genes impacting it is only 9:
	{Chamaelycus-fasciatus_KU348632, Lamprophis-lineatus_EBG706}
(Pseudoxyrhopus-tritaeniatus_KU340969,(((Micrelaps-sp_TauM16738,((((((((Grayia-smythii_KU341872,((Boiga-irregularis_KU345021,(Ptyas-mucosa,((Pituophis-catenifer,(Pantherophis-guttatus,Pantherophis-obsoletus)0.99:0.9808292530117262)1:1.5404450409471486,(Tantilla-taeniata_KU289863,Scolecophis-atrocinctus_KU289804)0.99:1.3862943611198908)0.22:0.0)0.98:0.7497175320483395)0.95:0.6029003027121669,(Ahaetulla-prasina_KU323364,Chrysopelea-ornata)1:1.6739764335716716)0.94:0.5089327171718309)0.97:0.6439836968206578,(Sibynophis-bivittatus_KU309608,Calamaria-gervaisii_KU327406)0.49:0.07078895126011256)0.96:0.5529401723028201,(Pseudoxenodon-sp_KU312221,((Thermophis-baileyi,Dipsas-indica_KU215336)0.99:1.0307311460338486,(Thamnophis-sirtalis,Thamnophis-elegans)1:1.6739764335716716)0.35:0.0)0.45:0.06092680355445915)0.99:0.7309575660410185,(Cerberus-schneiderii_KU324534,Myanophis-thanlyinensis)1:1.7917594692280545)0.42:0.020870448511468773,((Vipera-berus,((Bothrops-jararaca,(Crotalus-horridus,((Crotalus-adamanteus,Crotalus-tigris)0.64:0.1848837450365993,(Crotalus-pyrrhus,Crotalus-viridis)0.49:0.06453852113757118)0.7:0.2876820724517809)1:1.5040773967762742)0.98:0.8630462173553428,(Protobothrops-mucrosquamatus,Protobothrops-flavoviridis)1:1.7917594692280545)0.97:0.8472978603872037)1:1.6739764335716716,(Aplopeltura-boa_KU315147,(Achalinus-spinalis_KU312258,(Acrochordus-granulatus_KU302952,(Python-molurus,Boa-constrictor)0.98:1.2039728043259361)0.99:1.3862943611198908)1:1.7917594692280545)1:1.0986122886681098)1:1.9459101490553135)1:1.4584773173320829,(((Oxyrhabdium-leporinum_KU346583,(Oxyrhabdium-modestum_KU310866,Oxyrhabdium-cfmodestum_KU338101)1:1.6739764335716716)1:1.7917594692280545,(Levitonius-mirus_KU337269,Myersophis-alpestris_KU308684)0.54:0.1053605156578264)0.89:0.3826299990371469,(Cyclocorus-lineatus_KU335808,Hologerrhum-philippinum_KU330752)1:1.8971199848858815)1:0.9886374354595379)0.24:0.0,((Micrurus-corallinus_KU289205,((Elapsoidea-sundevallii_MCZR190390,((Pseudonaja-textilis,(Notechis-scutatus,(Emydocephalus-ijimae,((Hydrophis-cyanocinctus,Hydrophis-melanocephalus)0.97:0.6061358035703156,(Hydrophis-curtus,Hydrophis-hardwickii)0.99:0.8938178760220965)1:2.134791636763)1:2.054123733695546)0.88:0.3829922522561057)1:1.3752445249333056,(Laticauda-colubrina,Laticauda-laticaudata)1:2.159484249353373)1:1.9642592877235094)0.63:0.18996432484651965,(Hemibungarus-mcclungi_KU303027,(Naja-naja,Ophiophagus-hannah)0.86:0.3829922522561057)0.88:0.3829922522561057)0.62:0.159566553800291)1:1.2277292917816358,(Psammodynastes-pulverulentus_KU328547,Psammodynastes-pulverulentus_KU329686)1:1.9924301646902058)0.72:0.22307643609132485)0.73:0.22455192036208096,(Prosymna-visseri_MCZR190223,(Psammophis-sibilans_RAX2053,Rhamphiophis-oxyrhynchus_KU290451)1:1.9924301646902058)0.83:0.3314335303086778)0.42:0.01815970584322387)0.44:0.0319391065615842,(Aparallactus-capensis_MCZA28808,(Pseudaspis-cana_MCZA27068,Buhoma-depressiceps_CFS1528)0.4:0.0031460909274487266)0.62:0.19643941398657527)0.59:0.13337214427638755,(Chamaelycus-fasciatus_KU348632,Lamprophis-lineatus_EBG706)1:1.8971199848858815));
ASTRAL finished in 2.3 secs
Shutting down threading
