

================== ASTRAL ===================== 

This is ASTRAL version 5.15.5
Warning: 
 Fail to load native library libAstral.dylib; use Java default computing method without AVX2, which is 4X slower. 
 Make sure you are using the correct Djava.library.path (to the `lib` directory under ASTRAL where libAstral.dylib can be found). 
 Trying running make.sh. For mode debugging, run: java -Djava.library.path=lib/ -jar native_library_tester.jar
Gene trees are treated as unrooted
Detected GPU devices: 
Device 1 of 2: Apple M1 cl_device_id[0xffffffff] Vendor: Intel
Device 2 of 2: Apple M1 cl_device_id[0x1027f00] Vendor: Apple
Will use Device : Apple M1
Will use Device : Apple M1
Starting 8 threads ...
There are 8 threads used to run.
2 trees read from /dev/fd/11
All output trees will be *arbitrarily* rooted at Pseudoxyrhopus-tritaeniatus_KU340969

======== Running the main analysis
Number of taxa: 65 (65 species)
Taxa: [Pseudoxyrhopus-tritaeniatus_KU340969, Pseudaspis-cana_MCZA27068, Prosymna-visseri_MCZR190223, Lamprophis-lineatus_EBG706, Oxyrhabdium-modestum_KU310866, Oxyrhabdium-cfmodestum_KU338101, Oxyrhabdium-leporinum_KU346583, Levitonius-mirus_KU337269, Cyclocorus-lineatus_KU335808, Pseudoxenodon-sp_KU312221, Thermophis-baileyi, Sibynophis-bivittatus_KU309608, Ahaetulla-prasina_KU323364, Chrysopelea-ornata, Scolecophis-atrocinctus_KU289804, Boiga-irregularis_KU345021, Ptyas-mucosa, Pantherophis-guttatus, Pantherophis-obsoletus, Pituophis-catenifer, Hemibungarus-mcclungi_KU303027, Ophiophagus-hannah, Hydrophis-cyanocinctus, Hydrophis-melanocephalus, Hydrophis-hardwickii, Emydocephalus-ijimae, Notechis-scutatus, Pseudonaja-textilis, Laticauda-colubrina, Laticauda-laticaudata, Naja-naja, Achalinus-spinalis_KU312258, Acrochordus-granulatus_KU302952, Thamnophis-sirtalis, Thamnophis-elegans, Grayia-smythii_KU341872, Psammophis-sibilans_RAX2053, Rhamphiophis-oxyrhynchus_KU290451, Myersophis-alpestris_KU308684, Hologerrhum-philippinum_KU330752, Cerberus-schneiderii_KU324534, Myanophis-thanlyinensis, Python-molurus, Boa-constrictor, Aplopeltura-boa_KU315147, Crotalus-pyrrhus, Crotalus-adamanteus, Crotalus-tigris, Crotalus-horridus, Bothrops-jararaca, Protobothrops-mucrosquamatus, Protobothrops-flavoviridis, Vipera-berus, Micrelaps-sp_TauM16738, Psammodynastes-pulverulentus_KU328547, Psammodynastes-pulverulentus_KU329686, Aparallactus-capensis_MCZA28808, Chamaelycus-fasciatus_KU348632, Buhoma-depressiceps_CFS1528, Elapsoidea-sundevallii_MCZR190390, Micrurus-corallinus_KU289205, Crotalus-viridis, Dipsas-indica_KU215336, Calamaria-gervaisii_KU327406, Tantilla-taeniata_KU289863]
Taxon occupancy: {Protobothrops-flavoviridis=2, Thamnophis-sirtalis=2, Hologerrhum-philippinum_KU330752=2, Hydrophis-hardwickii=1, Psammophis-sibilans_RAX2053=2, Crotalus-pyrrhus=2, Bothrops-jararaca=2, Elapsoidea-sundevallii_MCZR190390=1, Notechis-scutatus=2, Levitonius-mirus_KU337269=2, Buhoma-depressiceps_CFS1528=1, Ophiophagus-hannah=2, Scolecophis-atrocinctus_KU289804=2, Ptyas-mucosa=2, Calamaria-gervaisii_KU327406=1, Boiga-irregularis_KU345021=2, Aparallactus-capensis_MCZA28808=2, Myanophis-thanlyinensis=2, Ahaetulla-prasina_KU323364=2, Python-molurus=2, Pseudaspis-cana_MCZA27068=2, Psammodynastes-pulverulentus_KU328547=2, Rhamphiophis-oxyrhynchus_KU290451=2, Crotalus-tigris=2, Pantherophis-obsoletus=2, Protobothrops-mucrosquamatus=2, Vipera-berus=2, Chrysopelea-ornata=2, Thamnophis-elegans=1, Laticauda-laticaudata=2, Myersophis-alpestris_KU308684=2, Oxyrhabdium-leporinum_KU346583=2, Acrochordus-granulatus_KU302952=2, Cyclocorus-lineatus_KU335808=2, Oxyrhabdium-cfmodestum_KU338101=2, Grayia-smythii_KU341872=2, Tantilla-taeniata_KU289863=1, Crotalus-viridis=1, Crotalus-adamanteus=2, Pseudoxyrhopus-tritaeniatus_KU340969=2, Dipsas-indica_KU215336=1, Oxyrhabdium-modestum_KU310866=2, Emydocephalus-ijimae=2, Pantherophis-guttatus=2, Sibynophis-bivittatus_KU309608=2, Aplopeltura-boa_KU315147=2, Thermophis-baileyi=2, Pituophis-catenifer=2, Lamprophis-lineatus_EBG706=2, Pseudoxenodon-sp_KU312221=2, Hemibungarus-mcclungi_KU303027=2, Pseudonaja-textilis=2, Chamaelycus-fasciatus_KU348632=1, Laticauda-colubrina=2, Crotalus-horridus=2, Boa-constrictor=2, Micrurus-corallinus_KU289205=1, Psammodynastes-pulverulentus_KU329686=2, Hydrophis-melanocephalus=1, Achalinus-spinalis_KU312258=1, Micrelaps-sp_TauM16738=2, Prosymna-visseri_MCZR190223=2, Naja-naja=2, Hydrophis-cyanocinctus=2, Cerberus-schneiderii_KU324534=2}
Using polytree-based weight calculation.
Number of gene trees: 2
2 trees have missing taxa
Calculating distance matrix (for completion of X) ....with 4 distance matrices for parallellism
Species tree distances calculated ...

Will attempt to complete bipartitions from X before adding using a distance matrix.
Building set of clusters (X) from gene trees 
------------------------------
Number of Clusters after addition from gene trees: 333
Number of Clusters after addition by distance: 333
Adding to X using resolutions of greedy consensus ...

Computing greedy consensus  
took 0 seconds
Limit for sigma of degrees:1675

polytomy size limit : > 3
 [3, 3, 3, 3, 3, 3, 3, 3, 3, 3, 3, 3, 3, 3]
discarded polytomies: 
Threshold 0.0:
polytomy of size 3; rounds with additions with at least 5 support: 0; clusters: 343
polytomy of size 3; rounds with additions with at least 5 support: 0; clusters: 343
Threshold 0.01:
polytomy of size 3; rounds with additions with at least 5 support: 0; clusters: 343
polytomy of size 3; rounds with additions with at least 5 support: 0; clusters: 343
Threshold 0.02:
polytomy of size 3; rounds with additions with at least 5 support: 0; clusters: 343
polytomy of size 3; rounds with additions with at least 5 support: 0; clusters: 343
Threshold 0.05:
polytomy of size 3; rounds with additions with at least 5 support: 0; clusters: 343
polytomy of size 3; rounds with additions with at least 5 support: 0; clusters: 343
Threshold 0.1:
polytomy of size 3; rounds with additions with at least 5 support: 0; clusters: 343
polytomy of size 3; rounds with additions with at least 5 support: 0; clusters: 343
Threshold 0.2:
polytomy of size 3; rounds with additions with at least 5 support: 0; clusters: 343
polytomy of size 3; rounds with additions with at least 5 support: 0; clusters: 343
Threshold 0.3333333333333333:
polytomy of size 3; rounds with additions with at least 5 support: 0; clusters: 343
polytomy of size 3; rounds with additions with at least 5 support: 0; clusters: 343
Number of Clusters after addition by greedy: 343
partitions formed in 0.561 secs
Dynamic Programming starting after 0.561 secs
Polytree max score: 916865
Polytree building time: 0.006 seconds.
Fail to load native library libAstral.dylib; use Java default computing method.
Number of quartet trees in the gene trees: 916865
Computing hash values took 0 seconds
device length is: 2
TREE HEIGHT IS: 13
Size of largest cluster: 65
Size of largest cluster: 65
Finishing up:149 0 148
Total Number of elements: 148
Normalized score (portion of input quartet trees satisfied before correcting for multiple individuals): 0.8278088922578569
Final optimization score: 758989
Optimal tree inferred in 1.787 secs.
Weight calculation using polytrees cumulatively took 0.0 secs
(Pseudoxyrhopus-tritaeniatus_KU340969,((Buhoma-depressiceps_CFS1528,(Lamprophis-lineatus_EBG706,Chamaelycus-fasciatus_KU348632)),(Prosymna-visseri_MCZR190223,(Aparallactus-capensis_MCZA28808,(Micrelaps-sp_TauM16738,(Pseudaspis-cana_MCZA27068,(((((((Pseudoxenodon-sp_KU312221,(Sibynophis-bivittatus_KU309608,(Calamaria-gervaisii_KU327406,(Grayia-smythii_KU341872,(((Pantherophis-guttatus,(Pantherophis-obsoletus,Pituophis-catenifer)),((Boiga-irregularis_KU345021,Ptyas-mucosa),(Scolecophis-atrocinctus_KU289804,Tantilla-taeniata_KU289863))),(Ahaetulla-prasina_KU323364,Chrysopelea-ornata)))))),((Thamnophis-sirtalis,Thamnophis-elegans),(Thermophis-baileyi,Dipsas-indica_KU215336))),(((Aplopeltura-boa_KU315147,(Vipera-berus,((Bothrops-jararaca,(Crotalus-horridus,((Crotalus-pyrrhus,Crotalus-viridis),(Crotalus-adamanteus,Crotalus-tigris)))),(Protobothrops-mucrosquamatus,Protobothrops-flavoviridis)))),(Python-molurus,Boa-constrictor)),(Achalinus-spinalis_KU312258,Acrochordus-granulatus_KU302952))),(Cerberus-schneiderii_KU324534,Myanophis-thanlyinensis)),(((Oxyrhabdium-leporinum_KU346583,(Oxyrhabdium-modestum_KU310866,Oxyrhabdium-cfmodestum_KU338101)),(Levitonius-mirus_KU337269,Myersophis-alpestris_KU308684)),(Cyclocorus-lineatus_KU335808,Hologerrhum-philippinum_KU330752))),(Psammodynastes-pulverulentus_KU328547,Psammodynastes-pulverulentus_KU329686)),(((((Pseudonaja-textilis,(Notechis-scutatus,(Emydocephalus-ijimae,(Hydrophis-hardwickii,(Hydrophis-cyanocinctus,Hydrophis-melanocephalus))))),(Laticauda-colubrina,Laticauda-laticaudata)),(Elapsoidea-sundevallii_MCZR190390,Micrurus-corallinus_KU289205)),(Ophiophagus-hannah,(Hemibungarus-mcclungi_KU303027,Naja-naja))),(Psammophis-sibilans_RAX2053,Rhamphiophis-oxyrhynchus_KU290451)))))))));
Final quartet score is: 926435
Final normalized quartet score is: 1.0104377416522607
You may want to ignore posterior probabilities and other statistics related to the following branch branch because the effective number of genes impacting it is only 1:
	{Lamprophis-lineatus_EBG706, Chamaelycus-fasciatus_KU348632, Buhoma-depressiceps_CFS1528}
You may want to ignore posterior probabilities and other statistics related to the following branch branch because the effective number of genes impacting it is only 2:
	{Boiga-irregularis_KU345021, Ptyas-mucosa}
You may want to ignore posterior probabilities and other statistics related to the following branch branch because the effective number of genes impacting it is only 2:
	{Pantherophis-obsoletus, Pituophis-catenifer}
You may want to ignore posterior probabilities and other statistics related to the following branch branch because the effective number of genes impacting it is only 1:
	{Scolecophis-atrocinctus_KU289804, Tantilla-taeniata_KU289863}
You may want to ignore posterior probabilities and other statistics related to the following branch branch because the effective number of genes impacting it is only 2:
	{Scolecophis-atrocinctus_KU289804, Boiga-irregularis_KU345021, Ptyas-mucosa, Tantilla-taeniata_KU289863}
You may want to ignore posterior probabilities and other statistics related to the following branch branch because the effective number of genes impacting it is only 1:
	{Lamprophis-lineatus_EBG706, Chamaelycus-fasciatus_KU348632}
You may want to ignore posterior probabilities and other statistics related to the following branch branch because the effective number of genes impacting it is only 2:
	{Pantherophis-guttatus, Pantherophis-obsoletus, Pituophis-catenifer}
You may want to ignore posterior probabilities and other statistics related to the following branch branch because the effective number of genes impacting it is only 1:
	{Ahaetulla-prasina_KU323364, Chrysopelea-ornata, Scolecophis-atrocinctus_KU289804, Boiga-irregularis_KU345021, Ptyas-mucosa, Pantherophis-guttatus, Pantherophis-obsoletus, Pituophis-catenifer, Grayia-smythii_KU341872, Calamaria-gervaisii_KU327406, Tantilla-taeniata_KU289863}
You may want to ignore posterior probabilities and other statistics related to the following branch branch because the effective number of genes impacting it is only 2:
	{Ahaetulla-prasina_KU323364, Chrysopelea-ornata}
You may want to ignore posterior probabilities and other statistics related to the following branch branch because the effective number of genes impacting it is only 1:
	{Ahaetulla-prasina_KU323364, Chrysopelea-ornata, Scolecophis-atrocinctus_KU289804, Boiga-irregularis_KU345021, Ptyas-mucosa, Pantherophis-guttatus, Pantherophis-obsoletus, Pituophis-catenifer, Grayia-smythii_KU341872, Tantilla-taeniata_KU289863}
You may want to ignore posterior probabilities and other statistics related to the following branch branch because the effective number of genes impacting it is only 1:
	{Thamnophis-sirtalis, Thamnophis-elegans}
You may want to ignore posterior probabilities and other statistics related to the following branch branch because the effective number of genes impacting it is only 1:
	{Thermophis-baileyi, Dipsas-indica_KU215336}
You may want to ignore posterior probabilities and other statistics related to the following branch branch because the effective number of genes impacting it is only 2:
	{Scolecophis-atrocinctus_KU289804, Boiga-irregularis_KU345021, Ptyas-mucosa, Pantherophis-guttatus, Pantherophis-obsoletus, Pituophis-catenifer, Tantilla-taeniata_KU289863}
You may want to ignore posterior probabilities and other statistics related to the following branch branch because the effective number of genes impacting it is only 2:
	{Sibynophis-bivittatus_KU309608, Ahaetulla-prasina_KU323364, Chrysopelea-ornata, Scolecophis-atrocinctus_KU289804, Boiga-irregularis_KU345021, Ptyas-mucosa, Pantherophis-guttatus, Pantherophis-obsoletus, Pituophis-catenifer, Grayia-smythii_KU341872, Calamaria-gervaisii_KU327406, Tantilla-taeniata_KU289863}
You may want to ignore posterior probabilities and other statistics related to the following branch branch because the effective number of genes impacting it is only 2:
	{Pseudoxenodon-sp_KU312221, Thermophis-baileyi, Sibynophis-bivittatus_KU309608, Ahaetulla-prasina_KU323364, Chrysopelea-ornata, Scolecophis-atrocinctus_KU289804, Boiga-irregularis_KU345021, Ptyas-mucosa, Pantherophis-guttatus, Pantherophis-obsoletus, Pituophis-catenifer, Thamnophis-sirtalis, Thamnophis-elegans, Grayia-smythii_KU341872, Dipsas-indica_KU215336, Calamaria-gervaisii_KU327406, Tantilla-taeniata_KU289863}
You may want to ignore posterior probabilities and other statistics related to the following branch branch because the effective number of genes impacting it is only 1:
	{Crotalus-pyrrhus, Crotalus-viridis}
You may want to ignore posterior probabilities and other statistics related to the following branch branch because the effective number of genes impacting it is only 2:
	{Crotalus-adamanteus, Crotalus-tigris}
You may want to ignore posterior probabilities and other statistics related to the following branch branch because the effective number of genes impacting it is only 2:
	{Thermophis-baileyi, Thamnophis-sirtalis, Thamnophis-elegans, Dipsas-indica_KU215336}
You may want to ignore posterior probabilities and other statistics related to the following branch branch because the effective number of genes impacting it is only 2:
	{Pseudoxenodon-sp_KU312221, Sibynophis-bivittatus_KU309608, Ahaetulla-prasina_KU323364, Chrysopelea-ornata, Scolecophis-atrocinctus_KU289804, Boiga-irregularis_KU345021, Ptyas-mucosa, Pantherophis-guttatus, Pantherophis-obsoletus, Pituophis-catenifer, Grayia-smythii_KU341872, Calamaria-gervaisii_KU327406, Tantilla-taeniata_KU289863}
You may want to ignore posterior probabilities and other statistics related to the following branch branch because the effective number of genes impacting it is only 2:
	{Crotalus-pyrrhus, Crotalus-adamanteus, Crotalus-tigris, Crotalus-horridus, Bothrops-jararaca, Crotalus-viridis}
You may want to ignore posterior probabilities and other statistics related to the following branch branch because the effective number of genes impacting it is only 2:
	{Ahaetulla-prasina_KU323364, Chrysopelea-ornata, Scolecophis-atrocinctus_KU289804, Boiga-irregularis_KU345021, Ptyas-mucosa, Pantherophis-guttatus, Pantherophis-obsoletus, Pituophis-catenifer, Tantilla-taeniata_KU289863}
You may want to ignore posterior probabilities and other statistics related to the following branch branch because the effective number of genes impacting it is only 2:
	{Protobothrops-mucrosquamatus, Protobothrops-flavoviridis}
You may want to ignore posterior probabilities and other statistics related to the following branch branch because the effective number of genes impacting it is only 2:
	{Python-molurus, Boa-constrictor}
You may want to ignore posterior probabilities and other statistics related to the following branch branch because the effective number of genes impacting it is only 2:
	{Crotalus-pyrrhus, Crotalus-adamanteus, Crotalus-tigris, Crotalus-horridus, Crotalus-viridis}
You may want to ignore posterior probabilities and other statistics related to the following branch branch because the effective number of genes impacting it is only 2:
	{Crotalus-pyrrhus, Crotalus-adamanteus, Crotalus-tigris, Crotalus-viridis}
You may want to ignore posterior probabilities and other statistics related to the following branch branch because the effective number of genes impacting it is only 2:
	{Python-molurus, Boa-constrictor, Aplopeltura-boa_KU315147, Crotalus-pyrrhus, Crotalus-adamanteus, Crotalus-tigris, Crotalus-horridus, Bothrops-jararaca, Protobothrops-mucrosquamatus, Protobothrops-flavoviridis, Vipera-berus, Crotalus-viridis}
You may want to ignore posterior probabilities and other statistics related to the following branch branch because the effective number of genes impacting it is only 2:
	{Crotalus-pyrrhus, Crotalus-adamanteus, Crotalus-tigris, Crotalus-horridus, Bothrops-jararaca, Protobothrops-mucrosquamatus, Protobothrops-flavoviridis, Vipera-berus, Crotalus-viridis}
You may want to ignore posterior probabilities and other statistics related to the following branch branch because the effective number of genes impacting it is only 2:
	{Crotalus-pyrrhus, Crotalus-adamanteus, Crotalus-tigris, Crotalus-horridus, Bothrops-jararaca, Protobothrops-mucrosquamatus, Protobothrops-flavoviridis, Crotalus-viridis}
You may want to ignore posterior probabilities and other statistics related to the following branch branch because the effective number of genes impacting it is only 2:
	{Achalinus-spinalis_KU312258, Acrochordus-granulatus_KU302952, Python-molurus, Boa-constrictor, Aplopeltura-boa_KU315147, Crotalus-pyrrhus, Crotalus-adamanteus, Crotalus-tigris, Crotalus-horridus, Bothrops-jararaca, Protobothrops-mucrosquamatus, Protobothrops-flavoviridis, Vipera-berus, Crotalus-viridis}
You may want to ignore posterior probabilities and other statistics related to the following branch branch because the effective number of genes impacting it is only 1:
	{Achalinus-spinalis_KU312258, Acrochordus-granulatus_KU302952}
You may want to ignore posterior probabilities and other statistics related to the following branch branch because the effective number of genes impacting it is only 2:
	{Aplopeltura-boa_KU315147, Crotalus-pyrrhus, Crotalus-adamanteus, Crotalus-tigris, Crotalus-horridus, Bothrops-jararaca, Protobothrops-mucrosquamatus, Protobothrops-flavoviridis, Vipera-berus, Crotalus-viridis}
You may want to ignore posterior probabilities and other statistics related to the following branch branch because the effective number of genes impacting it is only 2:
	{Cerberus-schneiderii_KU324534, Myanophis-thanlyinensis}
You may want to ignore posterior probabilities and other statistics related to the following branch branch because the effective number of genes impacting it is only 2:
	{Pseudoxenodon-sp_KU312221, Thermophis-baileyi, Sibynophis-bivittatus_KU309608, Ahaetulla-prasina_KU323364, Chrysopelea-ornata, Scolecophis-atrocinctus_KU289804, Boiga-irregularis_KU345021, Ptyas-mucosa, Pantherophis-guttatus, Pantherophis-obsoletus, Pituophis-catenifer, Achalinus-spinalis_KU312258, Acrochordus-granulatus_KU302952, Thamnophis-sirtalis, Thamnophis-elegans, Grayia-smythii_KU341872, Cerberus-schneiderii_KU324534, Myanophis-thanlyinensis, Python-molurus, Boa-constrictor, Aplopeltura-boa_KU315147, Crotalus-pyrrhus, Crotalus-adamanteus, Crotalus-tigris, Crotalus-horridus, Bothrops-jararaca, Protobothrops-mucrosquamatus, Protobothrops-flavoviridis, Vipera-berus, Crotalus-viridis, Dipsas-indica_KU215336, Calamaria-gervaisii_KU327406, Tantilla-taeniata_KU289863}
You may want to ignore posterior probabilities and other statistics related to the following branch branch because the effective number of genes impacting it is only 2:
	{Pseudoxenodon-sp_KU312221, Thermophis-baileyi, Sibynophis-bivittatus_KU309608, Ahaetulla-prasina_KU323364, Chrysopelea-ornata, Scolecophis-atrocinctus_KU289804, Boiga-irregularis_KU345021, Ptyas-mucosa, Pantherophis-guttatus, Pantherophis-obsoletus, Pituophis-catenifer, Achalinus-spinalis_KU312258, Acrochordus-granulatus_KU302952, Thamnophis-sirtalis, Thamnophis-elegans, Grayia-smythii_KU341872, Python-molurus, Boa-constrictor, Aplopeltura-boa_KU315147, Crotalus-pyrrhus, Crotalus-adamanteus, Crotalus-tigris, Crotalus-horridus, Bothrops-jararaca, Protobothrops-mucrosquamatus, Protobothrops-flavoviridis, Vipera-berus, Crotalus-viridis, Dipsas-indica_KU215336, Calamaria-gervaisii_KU327406, Tantilla-taeniata_KU289863}
You may want to ignore posterior probabilities and other statistics related to the following branch branch because the effective number of genes impacting it is only 2:
	{Oxyrhabdium-modestum_KU310866, Oxyrhabdium-cfmodestum_KU338101, Oxyrhabdium-leporinum_KU346583, Levitonius-mirus_KU337269, Cyclocorus-lineatus_KU335808, Myersophis-alpestris_KU308684, Hologerrhum-philippinum_KU330752}
You may want to ignore posterior probabilities and other statistics related to the following branch branch because the effective number of genes impacting it is only 2:
	{Oxyrhabdium-modestum_KU310866, Oxyrhabdium-cfmodestum_KU338101, Oxyrhabdium-leporinum_KU346583, Levitonius-mirus_KU337269, Myersophis-alpestris_KU308684}
You may want to ignore posterior probabilities and other statistics related to the following branch branch because the effective number of genes impacting it is only 2:
	{Oxyrhabdium-modestum_KU310866, Oxyrhabdium-cfmodestum_KU338101}
You may want to ignore posterior probabilities and other statistics related to the following branch branch because the effective number of genes impacting it is only 2:
	{Oxyrhabdium-modestum_KU310866, Oxyrhabdium-cfmodestum_KU338101, Oxyrhabdium-leporinum_KU346583, Levitonius-mirus_KU337269, Cyclocorus-lineatus_KU335808, Pseudoxenodon-sp_KU312221, Thermophis-baileyi, Sibynophis-bivittatus_KU309608, Ahaetulla-prasina_KU323364, Chrysopelea-ornata, Scolecophis-atrocinctus_KU289804, Boiga-irregularis_KU345021, Ptyas-mucosa, Pantherophis-guttatus, Pantherophis-obsoletus, Pituophis-catenifer, Achalinus-spinalis_KU312258, Acrochordus-granulatus_KU302952, Thamnophis-sirtalis, Thamnophis-elegans, Grayia-smythii_KU341872, Myersophis-alpestris_KU308684, Hologerrhum-philippinum_KU330752, Cerberus-schneiderii_KU324534, Myanophis-thanlyinensis, Python-molurus, Boa-constrictor, Aplopeltura-boa_KU315147, Crotalus-pyrrhus, Crotalus-adamanteus, Crotalus-tigris, Crotalus-horridus, Bothrops-jararaca, Protobothrops-mucrosquamatus, Protobothrops-flavoviridis, Vipera-berus, Crotalus-viridis, Dipsas-indica_KU215336, Calamaria-gervaisii_KU327406, Tantilla-taeniata_KU289863}
You may want to ignore posterior probabilities and other statistics related to the following branch branch because the effective number of genes impacting it is only 1:
	{Hydrophis-cyanocinctus, Hydrophis-melanocephalus}
You may want to ignore posterior probabilities and other statistics related to the following branch branch because the effective number of genes impacting it is only 2:
	{Oxyrhabdium-modestum_KU310866, Oxyrhabdium-cfmodestum_KU338101, Oxyrhabdium-leporinum_KU346583, Levitonius-mirus_KU337269, Cyclocorus-lineatus_KU335808, Pseudoxenodon-sp_KU312221, Thermophis-baileyi, Sibynophis-bivittatus_KU309608, Ahaetulla-prasina_KU323364, Chrysopelea-ornata, Scolecophis-atrocinctus_KU289804, Boiga-irregularis_KU345021, Ptyas-mucosa, Pantherophis-guttatus, Pantherophis-obsoletus, Pituophis-catenifer, Achalinus-spinalis_KU312258, Acrochordus-granulatus_KU302952, Thamnophis-sirtalis, Thamnophis-elegans, Grayia-smythii_KU341872, Myersophis-alpestris_KU308684, Hologerrhum-philippinum_KU330752, Cerberus-schneiderii_KU324534, Myanophis-thanlyinensis, Python-molurus, Boa-constrictor, Aplopeltura-boa_KU315147, Crotalus-pyrrhus, Crotalus-adamanteus, Crotalus-tigris, Crotalus-horridus, Bothrops-jararaca, Protobothrops-mucrosquamatus, Protobothrops-flavoviridis, Vipera-berus, Psammodynastes-pulverulentus_KU328547, Psammodynastes-pulverulentus_KU329686, Crotalus-viridis, Dipsas-indica_KU215336, Calamaria-gervaisii_KU327406, Tantilla-taeniata_KU289863}
You may want to ignore posterior probabilities and other statistics related to the following branch branch because the effective number of genes impacting it is only 2:
	{Oxyrhabdium-modestum_KU310866, Oxyrhabdium-cfmodestum_KU338101, Oxyrhabdium-leporinum_KU346583}
You may want to ignore posterior probabilities and other statistics related to the following branch branch because the effective number of genes impacting it is only 2:
	{Levitonius-mirus_KU337269, Myersophis-alpestris_KU308684}
You may want to ignore posterior probabilities and other statistics related to the following branch branch because the effective number of genes impacting it is only 2:
	{Hydrophis-cyanocinctus, Hydrophis-melanocephalus, Hydrophis-hardwickii, Emydocephalus-ijimae}
You may want to ignore posterior probabilities and other statistics related to the following branch branch because the effective number of genes impacting it is only 2:
	{Laticauda-colubrina, Laticauda-laticaudata}
You may want to ignore posterior probabilities and other statistics related to the following branch branch because the effective number of genes impacting it is only 1:
	{Elapsoidea-sundevallii_MCZR190390, Micrurus-corallinus_KU289205}
You may want to ignore posterior probabilities and other statistics related to the following branch branch because the effective number of genes impacting it is only 2:
	{Hydrophis-cyanocinctus, Hydrophis-melanocephalus, Hydrophis-hardwickii, Emydocephalus-ijimae, Notechis-scutatus}
You may want to ignore posterior probabilities and other statistics related to the following branch branch because the effective number of genes impacting it is only 1:
	{Hydrophis-cyanocinctus, Hydrophis-melanocephalus, Hydrophis-hardwickii, Emydocephalus-ijimae, Notechis-scutatus, Pseudonaja-textilis, Laticauda-colubrina, Laticauda-laticaudata}
You may want to ignore posterior probabilities and other statistics related to the following branch branch because the effective number of genes impacting it is only 2:
	{Psammodynastes-pulverulentus_KU328547, Psammodynastes-pulverulentus_KU329686}
You may want to ignore posterior probabilities and other statistics related to the following branch branch because the effective number of genes impacting it is only 2:
	{Hydrophis-cyanocinctus, Hydrophis-melanocephalus, Hydrophis-hardwickii, Emydocephalus-ijimae, Notechis-scutatus, Pseudonaja-textilis}
You may want to ignore posterior probabilities and other statistics related to the following branch branch because the effective number of genes impacting it is only 2:
	{Cyclocorus-lineatus_KU335808, Hologerrhum-philippinum_KU330752}
You may want to ignore posterior probabilities and other statistics related to the following branch branch because the effective number of genes impacting it is only 2:
	{Psammophis-sibilans_RAX2053, Rhamphiophis-oxyrhynchus_KU290451}
You may want to ignore posterior probabilities and other statistics related to the following branch branch because the effective number of genes impacting it is only 1:
	{Hydrophis-cyanocinctus, Hydrophis-melanocephalus, Hydrophis-hardwickii, Emydocephalus-ijimae, Notechis-scutatus, Pseudonaja-textilis, Laticauda-colubrina, Laticauda-laticaudata, Elapsoidea-sundevallii_MCZR190390, Micrurus-corallinus_KU289205}
You may want to ignore posterior probabilities and other statistics related to the following branch branch because the effective number of genes impacting it is only 2:
	{Hemibungarus-mcclungi_KU303027, Ophiophagus-hannah, Hydrophis-cyanocinctus, Hydrophis-melanocephalus, Hydrophis-hardwickii, Emydocephalus-ijimae, Notechis-scutatus, Pseudonaja-textilis, Laticauda-colubrina, Laticauda-laticaudata, Naja-naja, Psammophis-sibilans_RAX2053, Rhamphiophis-oxyrhynchus_KU290451, Elapsoidea-sundevallii_MCZR190390, Micrurus-corallinus_KU289205}
You may want to ignore posterior probabilities and other statistics related to the following branch branch because the effective number of genes impacting it is only 2:
	{Hemibungarus-mcclungi_KU303027, Ophiophagus-hannah, Naja-naja}
You may want to ignore posterior probabilities and other statistics related to the following branch branch because the effective number of genes impacting it is only 2:
	{Hemibungarus-mcclungi_KU303027, Naja-naja}
You may want to ignore posterior probabilities and other statistics related to the following branch branch because the effective number of genes impacting it is only 2:
	{Oxyrhabdium-modestum_KU310866, Oxyrhabdium-cfmodestum_KU338101, Oxyrhabdium-leporinum_KU346583, Levitonius-mirus_KU337269, Cyclocorus-lineatus_KU335808, Pseudoxenodon-sp_KU312221, Thermophis-baileyi, Sibynophis-bivittatus_KU309608, Ahaetulla-prasina_KU323364, Chrysopelea-ornata, Scolecophis-atrocinctus_KU289804, Boiga-irregularis_KU345021, Ptyas-mucosa, Pantherophis-guttatus, Pantherophis-obsoletus, Pituophis-catenifer, Hemibungarus-mcclungi_KU303027, Ophiophagus-hannah, Hydrophis-cyanocinctus, Hydrophis-melanocephalus, Hydrophis-hardwickii, Emydocephalus-ijimae, Notechis-scutatus, Pseudonaja-textilis, Laticauda-colubrina, Laticauda-laticaudata, Naja-naja, Achalinus-spinalis_KU312258, Acrochordus-granulatus_KU302952, Thamnophis-sirtalis, Thamnophis-elegans, Grayia-smythii_KU341872, Psammophis-sibilans_RAX2053, Rhamphiophis-oxyrhynchus_KU290451, Myersophis-alpestris_KU308684, Hologerrhum-philippinum_KU330752, Cerberus-schneiderii_KU324534, Myanophis-thanlyinensis, Python-molurus, Boa-constrictor, Aplopeltura-boa_KU315147, Crotalus-pyrrhus, Crotalus-adamanteus, Crotalus-tigris, Crotalus-horridus, Bothrops-jararaca, Protobothrops-mucrosquamatus, Protobothrops-flavoviridis, Vipera-berus, Psammodynastes-pulverulentus_KU328547, Psammodynastes-pulverulentus_KU329686, Elapsoidea-sundevallii_MCZR190390, Micrurus-corallinus_KU289205, Crotalus-viridis, Dipsas-indica_KU215336, Calamaria-gervaisii_KU327406, Tantilla-taeniata_KU289863}
You may want to ignore posterior probabilities and other statistics related to the following branch branch because the effective number of genes impacting it is only 2:
	{Hemibungarus-mcclungi_KU303027, Ophiophagus-hannah, Hydrophis-cyanocinctus, Hydrophis-melanocephalus, Hydrophis-hardwickii, Emydocephalus-ijimae, Notechis-scutatus, Pseudonaja-textilis, Laticauda-colubrina, Laticauda-laticaudata, Naja-naja, Elapsoidea-sundevallii_MCZR190390, Micrurus-corallinus_KU289205}
You may want to ignore posterior probabilities and other statistics related to the following branch branch because the effective number of genes impacting it is only 1:
	{Hydrophis-cyanocinctus, Hydrophis-melanocephalus, Hydrophis-hardwickii}
You may want to ignore posterior probabilities and other statistics related to the following branch branch because the effective number of genes impacting it is only 2:
	{Pseudaspis-cana_MCZA27068, Oxyrhabdium-modestum_KU310866, Oxyrhabdium-cfmodestum_KU338101, Oxyrhabdium-leporinum_KU346583, Levitonius-mirus_KU337269, Cyclocorus-lineatus_KU335808, Pseudoxenodon-sp_KU312221, Thermophis-baileyi, Sibynophis-bivittatus_KU309608, Ahaetulla-prasina_KU323364, Chrysopelea-ornata, Scolecophis-atrocinctus_KU289804, Boiga-irregularis_KU345021, Ptyas-mucosa, Pantherophis-guttatus, Pantherophis-obsoletus, Pituophis-catenifer, Hemibungarus-mcclungi_KU303027, Ophiophagus-hannah, Hydrophis-cyanocinctus, Hydrophis-melanocephalus, Hydrophis-hardwickii, Emydocephalus-ijimae, Notechis-scutatus, Pseudonaja-textilis, Laticauda-colubrina, Laticauda-laticaudata, Naja-naja, Achalinus-spinalis_KU312258, Acrochordus-granulatus_KU302952, Thamnophis-sirtalis, Thamnophis-elegans, Grayia-smythii_KU341872, Psammophis-sibilans_RAX2053, Rhamphiophis-oxyrhynchus_KU290451, Myersophis-alpestris_KU308684, Hologerrhum-philippinum_KU330752, Cerberus-schneiderii_KU324534, Myanophis-thanlyinensis, Python-molurus, Boa-constrictor, Aplopeltura-boa_KU315147, Crotalus-pyrrhus, Crotalus-adamanteus, Crotalus-tigris, Crotalus-horridus, Bothrops-jararaca, Protobothrops-mucrosquamatus, Protobothrops-flavoviridis, Vipera-berus, Micrelaps-sp_TauM16738, Psammodynastes-pulverulentus_KU328547, Psammodynastes-pulverulentus_KU329686, Aparallactus-capensis_MCZA28808, Elapsoidea-sundevallii_MCZR190390, Micrurus-corallinus_KU289205, Crotalus-viridis, Dipsas-indica_KU215336, Calamaria-gervaisii_KU327406, Tantilla-taeniata_KU289863}
You may want to ignore posterior probabilities and other statistics related to the following branch branch because the effective number of genes impacting it is only 2:
	{Pseudaspis-cana_MCZA27068, Prosymna-visseri_MCZR190223, Oxyrhabdium-modestum_KU310866, Oxyrhabdium-cfmodestum_KU338101, Oxyrhabdium-leporinum_KU346583, Levitonius-mirus_KU337269, Cyclocorus-lineatus_KU335808, Pseudoxenodon-sp_KU312221, Thermophis-baileyi, Sibynophis-bivittatus_KU309608, Ahaetulla-prasina_KU323364, Chrysopelea-ornata, Scolecophis-atrocinctus_KU289804, Boiga-irregularis_KU345021, Ptyas-mucosa, Pantherophis-guttatus, Pantherophis-obsoletus, Pituophis-catenifer, Hemibungarus-mcclungi_KU303027, Ophiophagus-hannah, Hydrophis-cyanocinctus, Hydrophis-melanocephalus, Hydrophis-hardwickii, Emydocephalus-ijimae, Notechis-scutatus, Pseudonaja-textilis, Laticauda-colubrina, Laticauda-laticaudata, Naja-naja, Achalinus-spinalis_KU312258, Acrochordus-granulatus_KU302952, Thamnophis-sirtalis, Thamnophis-elegans, Grayia-smythii_KU341872, Psammophis-sibilans_RAX2053, Rhamphiophis-oxyrhynchus_KU290451, Myersophis-alpestris_KU308684, Hologerrhum-philippinum_KU330752, Cerberus-schneiderii_KU324534, Myanophis-thanlyinensis, Python-molurus, Boa-constrictor, Aplopeltura-boa_KU315147, Crotalus-pyrrhus, Crotalus-adamanteus, Crotalus-tigris, Crotalus-horridus, Bothrops-jararaca, Protobothrops-mucrosquamatus, Protobothrops-flavoviridis, Vipera-berus, Micrelaps-sp_TauM16738, Psammodynastes-pulverulentus_KU328547, Psammodynastes-pulverulentus_KU329686, Aparallactus-capensis_MCZA28808, Elapsoidea-sundevallii_MCZR190390, Micrurus-corallinus_KU289205, Crotalus-viridis, Dipsas-indica_KU215336, Calamaria-gervaisii_KU327406, Tantilla-taeniata_KU289863}
You may want to ignore posterior probabilities and other statistics related to the following branch branch because the effective number of genes impacting it is only 2:
	{Pseudaspis-cana_MCZA27068, Oxyrhabdium-modestum_KU310866, Oxyrhabdium-cfmodestum_KU338101, Oxyrhabdium-leporinum_KU346583, Levitonius-mirus_KU337269, Cyclocorus-lineatus_KU335808, Pseudoxenodon-sp_KU312221, Thermophis-baileyi, Sibynophis-bivittatus_KU309608, Ahaetulla-prasina_KU323364, Chrysopelea-ornata, Scolecophis-atrocinctus_KU289804, Boiga-irregularis_KU345021, Ptyas-mucosa, Pantherophis-guttatus, Pantherophis-obsoletus, Pituophis-catenifer, Hemibungarus-mcclungi_KU303027, Ophiophagus-hannah, Hydrophis-cyanocinctus, Hydrophis-melanocephalus, Hydrophis-hardwickii, Emydocephalus-ijimae, Notechis-scutatus, Pseudonaja-textilis, Laticauda-colubrina, Laticauda-laticaudata, Naja-naja, Achalinus-spinalis_KU312258, Acrochordus-granulatus_KU302952, Thamnophis-sirtalis, Thamnophis-elegans, Grayia-smythii_KU341872, Psammophis-sibilans_RAX2053, Rhamphiophis-oxyrhynchus_KU290451, Myersophis-alpestris_KU308684, Hologerrhum-philippinum_KU330752, Cerberus-schneiderii_KU324534, Myanophis-thanlyinensis, Python-molurus, Boa-constrictor, Aplopeltura-boa_KU315147, Crotalus-pyrrhus, Crotalus-adamanteus, Crotalus-tigris, Crotalus-horridus, Bothrops-jararaca, Protobothrops-mucrosquamatus, Protobothrops-flavoviridis, Vipera-berus, Psammodynastes-pulverulentus_KU328547, Psammodynastes-pulverulentus_KU329686, Elapsoidea-sundevallii_MCZR190390, Micrurus-corallinus_KU289205, Crotalus-viridis, Dipsas-indica_KU215336, Calamaria-gervaisii_KU327406, Tantilla-taeniata_KU289863}
You may want to ignore posterior probabilities and other statistics related to the following branch branch because the effective number of genes impacting it is only 2:
	{Pseudaspis-cana_MCZA27068, Oxyrhabdium-modestum_KU310866, Oxyrhabdium-cfmodestum_KU338101, Oxyrhabdium-leporinum_KU346583, Levitonius-mirus_KU337269, Cyclocorus-lineatus_KU335808, Pseudoxenodon-sp_KU312221, Thermophis-baileyi, Sibynophis-bivittatus_KU309608, Ahaetulla-prasina_KU323364, Chrysopelea-ornata, Scolecophis-atrocinctus_KU289804, Boiga-irregularis_KU345021, Ptyas-mucosa, Pantherophis-guttatus, Pantherophis-obsoletus, Pituophis-catenifer, Hemibungarus-mcclungi_KU303027, Ophiophagus-hannah, Hydrophis-cyanocinctus, Hydrophis-melanocephalus, Hydrophis-hardwickii, Emydocephalus-ijimae, Notechis-scutatus, Pseudonaja-textilis, Laticauda-colubrina, Laticauda-laticaudata, Naja-naja, Achalinus-spinalis_KU312258, Acrochordus-granulatus_KU302952, Thamnophis-sirtalis, Thamnophis-elegans, Grayia-smythii_KU341872, Psammophis-sibilans_RAX2053, Rhamphiophis-oxyrhynchus_KU290451, Myersophis-alpestris_KU308684, Hologerrhum-philippinum_KU330752, Cerberus-schneiderii_KU324534, Myanophis-thanlyinensis, Python-molurus, Boa-constrictor, Aplopeltura-boa_KU315147, Crotalus-pyrrhus, Crotalus-adamanteus, Crotalus-tigris, Crotalus-horridus, Bothrops-jararaca, Protobothrops-mucrosquamatus, Protobothrops-flavoviridis, Vipera-berus, Micrelaps-sp_TauM16738, Psammodynastes-pulverulentus_KU328547, Psammodynastes-pulverulentus_KU329686, Elapsoidea-sundevallii_MCZR190390, Micrurus-corallinus_KU289205, Crotalus-viridis, Dipsas-indica_KU215336, Calamaria-gervaisii_KU327406, Tantilla-taeniata_KU289863}
(Pseudoxyrhopus-tritaeniatus_KU340969,((Buhoma-depressiceps_CFS1528,(Lamprophis-lineatus_EBG706,Chamaelycus-fasciatus_KU348632)0.67:0.2876820724517809)0.67:0.2876820724517809,(Prosymna-visseri_MCZR190223,(Aparallactus-capensis_MCZA28808,(Micrelaps-sp_TauM16738,(Pseudaspis-cana_MCZA27068,(((((((Pseudoxenodon-sp_KU312221,(Sibynophis-bivittatus_KU309608,(Calamaria-gervaisii_KU327406,(Grayia-smythii_KU341872,(((Pantherophis-guttatus,(Pantherophis-obsoletus,Pituophis-catenifer)0.87:0.6931471805599453)0.87:0.6931471805599453,((Boiga-irregularis_KU345021,Ptyas-mucosa)0.87:0.6931471805599453,(Scolecophis-atrocinctus_KU289804,Tantilla-taeniata_KU289863)0.67:0.2876820724517809)0.42:0.0)0.87:0.6931471805599453,(Ahaetulla-prasina_KU323364,Chrysopelea-ornata)0.87:0.6931471805599453)0.87:0.6931471805599453)0.67:0.2876820724517809)0.67:0.2876820724517809)0.84:0.6075458148825814)0.68:0.29338304669001136,((Thamnophis-sirtalis,Thamnophis-elegans)0.67:0.2876820724517809,(Thermophis-baileyi,Dipsas-indica_KU215336)0.67:0.2876820724517809)0.46:0.023530497410194046)0.67:0.2782986255859833,(((Aplopeltura-boa_KU315147,(Vipera-berus,((Bothrops-jararaca,(Crotalus-horridus,((Crotalus-pyrrhus,Crotalus-viridis)0.67:0.2876820724517809,(Crotalus-adamanteus,Crotalus-tigris)0.87:0.6931471805599453)0.87:0.6931471805599453)0.87:0.6931471805599453)0.87:0.6931471805599453,(Protobothrops-mucrosquamatus,Protobothrops-flavoviridis)0.87:0.6931471805599453)0.87:0.6931471805599453)0.87:0.6931471805599453)0.87:0.6931471805599453,(Python-molurus,Boa-constrictor)0.86:0.6729444732424256)0.4:0.0,(Achalinus-spinalis_KU312258,Acrochordus-granulatus_KU302952)0.67:0.2876820724517809)0.54:0.1106655678875193)0.45:0.028260587202694337,(Cerberus-schneiderii_KU324534,Myanophis-thanlyinensis)0.87:0.6931471805599453)0.67:0.286255359104994,(((Oxyrhabdium-leporinum_KU346583,(Oxyrhabdium-modestum_KU310866,Oxyrhabdium-cfmodestum_KU338101)0.87:0.6931471805599453)0.87:0.6931471805599453,(Levitonius-mirus_KU337269,Myersophis-alpestris_KU308684)0.42:0.0)0.67:0.2876820724517809,(Cyclocorus-lineatus_KU335808,Hologerrhum-philippinum_KU330752)0.44:0.0)0.69:0.31206001096664737)0.65:0.2552854119555197,(Psammodynastes-pulverulentus_KU328547,Psammodynastes-pulverulentus_KU329686)0.87:0.6931471805599453)0.53:0.09873484068568897,(((((Pseudonaja-textilis,(Notechis-scutatus,(Emydocephalus-ijimae,(Hydrophis-hardwickii,(Hydrophis-cyanocinctus,Hydrophis-melanocephalus)0.67:0.2876820724517809)0.67:0.2876820724517809)0.87:0.6931471805599453)0.87:0.6931471805599453)0.87:0.6931471805599453,(Laticauda-colubrina,Laticauda-laticaudata)0.87:0.6931471805599453)0.67:0.2876820724517809,(Elapsoidea-sundevallii_MCZR190390,Micrurus-corallinus_KU289205)0.67:0.2876820724517809)0.67:0.2876820724517809,(Ophiophagus-hannah,(Hemibungarus-mcclungi_KU303027,Naja-naja)0.42:0.0)0.67:0.2876820724517809)0.87:0.6931471805599453,(Psammophis-sibilans_RAX2053,Rhamphiophis-oxyrhynchus_KU290451)0.87:0.6931471805599453)0.56:0.12604072089536494)0.67:0.280957097544107)0.66:0.2746948769249698)0.6:0.19782574332991978)0.67:0.2876820724517809)0.42:0.0));
ASTRAL finished in 1.991 secs
Shutting down threading
