

================== ASTRAL ===================== 

This is ASTRAL version 5.15.5
Warning: 
 Fail to load native library libAstral.dylib; use Java default computing method without AVX2, which is 4X slower. 
 Make sure you are using the correct Djava.library.path (to the `lib` directory under ASTRAL where libAstral.dylib can be found). 
 Trying running make.sh. For mode debugging, run: java -Djava.library.path=lib/ -jar native_library_tester.jar
Gene trees are treated as unrooted
Detected GPU devices: 
Device 1 of 2: Apple M1 cl_device_id[0xffffffff] Vendor: Intel
Device 2 of 2: Apple M1 cl_device_id[0x1027f00] Vendor: Apple
Will use Device : Apple M1
Will use Device : Apple M1
Starting 8 threads ...
There are 8 threads used to run.
15 trees read from /dev/fd/11
All output trees will be *arbitrarily* rooted at Scolecophis-atrocinctus_KU289804

======== Running the main analysis
Number of taxa: 66 (66 species)
Taxa: [Scolecophis-atrocinctus_KU289804, Sibynophis-bivittatus_KU309608, Thamnophis-sirtalis, Thamnophis-elegans, Calamaria-gervaisii_KU327406, Pseudoxenodon-sp_KU312221, Pseudaspis-cana_MCZA27068, Aplopeltura-boa_KU315147, Pseudoxyrhopus-tritaeniatus_KU340969, Rhamphiophis-oxyrhynchus_KU290451, Psammophis-sibilans_RAX2053, Chamaelycus-fasciatus_KU348632, Buhoma-depressiceps_CFS1528, Cyclocorus-lineatus_KU335808, Hologerrhum-philippinum_KU330752, Myersophis-alpestris_KU308684, Oxyrhabdium-leporinum_KU346583, Levitonius-mirus_KU337269, Micrelaps-sp_TauM16738, Hemibungarus-mcclungi_KU303027, Naja-naja, Hydrophis-hardwickii, Micrurus-corallinus_KU289205, Psammodynastes-pulverulentus_KU328547, Psammodynastes-pulverulentus_KU329686, Achalinus-spinalis_KU312258, Python-molurus, Boa-constrictor, Crotalus-pyrrhus, Crotalus-adamanteus, Crotalus-horridus, Cerberus-schneiderii_KU324534, Thermophis-baileyi, Dipsas-indica_KU215336, Grayia-smythii_KU341872, Chrysopelea-ornata, Pantherophis-obsoletus, Boiga-irregularis_KU345021, Ptyas-mucosa, Tantilla-taeniata_KU289863, Acrochordus-granulatus_KU302952, Pantherophis-guttatus, Pituophis-catenifer, Ahaetulla-prasina_KU323364, Myanophis-thanlyinensis, Oxyrhabdium-cfmodestum_KU338101, Oxyrhabdium-modestum_KU310866, Elapsoidea-sundevallii_MCZR190390, Hydrophis-curtus, Hydrophis-cyanocinctus, Hydrophis-melanocephalus, Emydocephalus-ijimae, Notechis-scutatus, Pseudonaja-textilis, Laticauda-colubrina, Laticauda-laticaudata, Ophiophagus-hannah, Aparallactus-capensis_MCZA28808, Crotalus-tigris, Crotalus-viridis, Bothrops-jararaca, Protobothrops-mucrosquamatus, Protobothrops-flavoviridis, Vipera-berus, Prosymna-visseri_MCZR190223, Lamprophis-lineatus_EBG706]
Taxon occupancy: {Protobothrops-flavoviridis=13, Thamnophis-sirtalis=14, Hologerrhum-philippinum_KU330752=15, Hydrophis-hardwickii=15, Psammophis-sibilans_RAX2053=11, Crotalus-pyrrhus=14, Elapsoidea-sundevallii_MCZR190390=13, Bothrops-jararaca=14, Notechis-scutatus=12, Levitonius-mirus_KU337269=14, Buhoma-depressiceps_CFS1528=11, Ophiophagus-hannah=13, Scolecophis-atrocinctus_KU289804=15, Calamaria-gervaisii_KU327406=11, Ptyas-mucosa=14, Boiga-irregularis_KU345021=11, Aparallactus-capensis_MCZA28808=10, Myanophis-thanlyinensis=12, Python-molurus=14, Ahaetulla-prasina_KU323364=14, Pseudaspis-cana_MCZA27068=12, Psammodynastes-pulverulentus_KU328547=14, Rhamphiophis-oxyrhynchus_KU290451=15, Crotalus-tigris=12, Pantherophis-obsoletus=14, Protobothrops-mucrosquamatus=12, Vipera-berus=14, Chrysopelea-ornata=11, Thamnophis-elegans=13, Laticauda-laticaudata=13, Myersophis-alpestris_KU308684=15, Oxyrhabdium-leporinum_KU346583=14, Acrochordus-granulatus_KU302952=10, Cyclocorus-lineatus_KU335808=13, Oxyrhabdium-cfmodestum_KU338101=12, Grayia-smythii_KU341872=14, Tantilla-taeniata_KU289863=15, Crotalus-viridis=12, Crotalus-adamanteus=13, Pseudoxyrhopus-tritaeniatus_KU340969=11, Dipsas-indica_KU215336=14, Oxyrhabdium-modestum_KU310866=13, Emydocephalus-ijimae=14, Pantherophis-guttatus=13, Sibynophis-bivittatus_KU309608=13, Aplopeltura-boa_KU315147=12, Thermophis-baileyi=14, Pituophis-catenifer=12, Lamprophis-lineatus_EBG706=6, Hydrophis-curtus=14, Pseudoxenodon-sp_KU312221=15, Chamaelycus-fasciatus_KU348632=9, Hemibungarus-mcclungi_KU303027=14, Pseudonaja-textilis=14, Laticauda-colubrina=13, Crotalus-horridus=13, Micrurus-corallinus_KU289205=13, Boa-constrictor=15, Psammodynastes-pulverulentus_KU329686=14, Achalinus-spinalis_KU312258=11, Hydrophis-melanocephalus=14, Micrelaps-sp_TauM16738=13, Prosymna-visseri_MCZR190223=12, Naja-naja=15, Hydrophis-cyanocinctus=14, Cerberus-schneiderii_KU324534=15}
Using polytree-based weight calculation.
Number of gene trees: 15
14 trees have missing taxa
Calculating distance matrix (for completion of X) ....with 4 distance matrices for parallellism
Species tree distances calculated ...

Will attempt to complete bipartitions from X before adding using a distance matrix.
Building set of clusters (X) from gene trees 
------------------------------
Number of Clusters after addition from gene trees: 771
Number of Clusters after addition by distance: 771
Adding to X using resolutions of greedy consensus ...

Computing greedy consensus  
took 0 seconds
Limit for sigma of degrees:1700

polytomy size limit : > 10
 [3, 3, 4, 6, 10]
discarded polytomies: 
Threshold 0.0:
Threshold 0.01:
Threshold 0.02:
Threshold 0.05:
Threshold 0.1:
polytomy of size 4; rounds with additions with at least 5 support: 0; clusters: 781
Threshold 0.2:
polytomy of size 6; rounds with additions with at least 5 support: 0; clusters: 781
polytomy of size 3; rounds with additions with at least 5 support: 0; clusters: 781
Threshold 0.3333333333333333:
polytomy of size 10; rounds with additions with at least 5 support: 0; clusters: 781
polytomy of size 3; rounds with additions with at least 5 support: 0; clusters: 781
Number of Clusters after addition by greedy: 781
partitions formed in 0.697 secs
Dynamic Programming starting after 0.697 secs
Polytree max score: 6570374
Polytree building time: 0.017 seconds.
Fail to load native library libAstral.dylib; use Java default computing method.
Number of quartet trees in the gene trees: 6570374
Computing hash values took 0 seconds
device length is: 2
TREE HEIGHT IS: 13
Size of largest cluster: 66
Size of largest cluster: 66
Finishing up:705 0 704
Total Number of elements: 704
Normalized score (portion of input quartet trees satisfied before correcting for multiple individuals): 0.8968602091753072
Final optimization score: 5892707
Optimal tree inferred in 1.875 secs.
Weight calculation using polytrees cumulatively took 0.0 secs
(Scolecophis-atrocinctus_KU289804,(Tantilla-taeniata_KU289863,(Ptyas-mucosa,(((Calamaria-gervaisii_KU327406,(Grayia-smythii_KU341872,(Sibynophis-bivittatus_KU309608,(((((((Micrurus-corallinus_KU289205,(((Pseudonaja-textilis,(Notechis-scutatus,(Emydocephalus-ijimae,((Hydrophis-hardwickii,Hydrophis-curtus),(Hydrophis-cyanocinctus,Hydrophis-melanocephalus))))),(Laticauda-colubrina,Laticauda-laticaudata)),(Elapsoidea-sundevallii_MCZR190390,(Hemibungarus-mcclungi_KU303027,(Naja-naja,Ophiophagus-hannah))))),(Micrelaps-sp_TauM16738,((Buhoma-depressiceps_CFS1528,((Prosymna-visseri_MCZR190223,(Rhamphiophis-oxyrhynchus_KU290451,Psammophis-sibilans_RAX2053)),(Chamaelycus-fasciatus_KU348632,Lamprophis-lineatus_EBG706))),(Pseudaspis-cana_MCZA27068,(Pseudoxyrhopus-tritaeniatus_KU340969,Aparallactus-capensis_MCZA28808))))),(Psammodynastes-pulverulentus_KU328547,Psammodynastes-pulverulentus_KU329686)),(((Oxyrhabdium-modestum_KU310866,(Oxyrhabdium-leporinum_KU346583,Oxyrhabdium-cfmodestum_KU338101)),(Myersophis-alpestris_KU308684,Levitonius-mirus_KU337269)),(Cyclocorus-lineatus_KU335808,Hologerrhum-philippinum_KU330752))),(Cerberus-schneiderii_KU324534,Myanophis-thanlyinensis)),((Vipera-berus,((Bothrops-jararaca,(Crotalus-horridus,(Crotalus-adamanteus,(Crotalus-viridis,(Crotalus-pyrrhus,Crotalus-tigris))))),(Protobothrops-mucrosquamatus,Protobothrops-flavoviridis))),(Aplopeltura-boa_KU315147,(Achalinus-spinalis_KU312258,(Acrochordus-granulatus_KU302952,(Python-molurus,Boa-constrictor)))))),((Pseudoxenodon-sp_KU312221,(Thermophis-baileyi,Dipsas-indica_KU215336)),(Thamnophis-sirtalis,Thamnophis-elegans)))))),(Chrysopelea-ornata,Ahaetulla-prasina_KU323364)),(Boiga-irregularis_KU345021,(Pantherophis-guttatus,(Pantherophis-obsoletus,Pituophis-catenifer)))))));
Final quartet score is: 6229221
Final normalized quartet score is: 0.9480770805436647
You may want to ignore posterior probabilities and other statistics related to the following branch branch because the effective number of genes impacting it is only 13:
	{Hydrophis-hardwickii, Hydrophis-curtus, Hydrophis-cyanocinctus, Hydrophis-melanocephalus, Emydocephalus-ijimae, Notechis-scutatus, Pseudonaja-textilis}
You may want to ignore posterior probabilities and other statistics related to the following branch branch because the effective number of genes impacting it is only 14:
	{Hydrophis-hardwickii, Hydrophis-curtus}
You may want to ignore posterior probabilities and other statistics related to the following branch branch because the effective number of genes impacting it is only 12:
	{Hydrophis-hardwickii, Hydrophis-curtus, Hydrophis-cyanocinctus, Hydrophis-melanocephalus, Emydocephalus-ijimae}
You may want to ignore posterior probabilities and other statistics related to the following branch branch because the effective number of genes impacting it is only 12:
	{Hydrophis-hardwickii, Hydrophis-curtus, Hydrophis-cyanocinctus, Hydrophis-melanocephalus, Emydocephalus-ijimae, Notechis-scutatus}
You may want to ignore posterior probabilities and other statistics related to the following branch branch because the effective number of genes impacting it is only 14:
	{Hydrophis-cyanocinctus, Hydrophis-melanocephalus}
You may want to ignore posterior probabilities and other statistics related to the following branch branch because the effective number of genes impacting it is only 12:
	{Hemibungarus-mcclungi_KU303027, Naja-naja, Ophiophagus-hannah}
You may want to ignore posterior probabilities and other statistics related to the following branch branch because the effective number of genes impacting it is only 13:
	{Hydrophis-hardwickii, Hydrophis-curtus, Hydrophis-cyanocinctus, Hydrophis-melanocephalus, Emydocephalus-ijimae, Notechis-scutatus, Pseudonaja-textilis, Laticauda-colubrina, Laticauda-laticaudata}
You may want to ignore posterior probabilities and other statistics related to the following branch branch because the effective number of genes impacting it is only 8:
	{Rhamphiophis-oxyrhynchus_KU290451, Psammophis-sibilans_RAX2053}
You may want to ignore posterior probabilities and other statistics related to the following branch branch because the effective number of genes impacting it is only 12:
	{Naja-naja, Ophiophagus-hannah}
You may want to ignore posterior probabilities and other statistics related to the following branch branch because the effective number of genes impacting it is only 13:
	{Hemibungarus-mcclungi_KU303027, Naja-naja, Hydrophis-hardwickii, Elapsoidea-sundevallii_MCZR190390, Hydrophis-curtus, Hydrophis-cyanocinctus, Hydrophis-melanocephalus, Emydocephalus-ijimae, Notechis-scutatus, Pseudonaja-textilis, Laticauda-colubrina, Laticauda-laticaudata, Ophiophagus-hannah}
You may want to ignore posterior probabilities and other statistics related to the following branch branch because the effective number of genes impacting it is only 9:
	{Rhamphiophis-oxyrhynchus_KU290451, Psammophis-sibilans_RAX2053, Prosymna-visseri_MCZR190223}
You may want to ignore posterior probabilities and other statistics related to the following branch branch because the effective number of genes impacting it is only 9:
	{Rhamphiophis-oxyrhynchus_KU290451, Psammophis-sibilans_RAX2053, Chamaelycus-fasciatus_KU348632, Prosymna-visseri_MCZR190223, Lamprophis-lineatus_EBG706}
You may want to ignore posterior probabilities and other statistics related to the following branch branch because the effective number of genes impacting it is only 5:
	{Pseudoxyrhopus-tritaeniatus_KU340969, Aparallactus-capensis_MCZA28808}
You may want to ignore posterior probabilities and other statistics related to the following branch branch because the effective number of genes impacting it is only 13:
	{Hemibungarus-mcclungi_KU303027, Naja-naja, Elapsoidea-sundevallii_MCZR190390, Ophiophagus-hannah}
You may want to ignore posterior probabilities and other statistics related to the following branch branch because the effective number of genes impacting it is only 13:
	{Hemibungarus-mcclungi_KU303027, Naja-naja, Hydrophis-hardwickii, Micrurus-corallinus_KU289205, Elapsoidea-sundevallii_MCZR190390, Hydrophis-curtus, Hydrophis-cyanocinctus, Hydrophis-melanocephalus, Emydocephalus-ijimae, Notechis-scutatus, Pseudonaja-textilis, Laticauda-colubrina, Laticauda-laticaudata, Ophiophagus-hannah}
You may want to ignore posterior probabilities and other statistics related to the following branch branch because the effective number of genes impacting it is only 4:
	{Chamaelycus-fasciatus_KU348632, Lamprophis-lineatus_EBG706}
You may want to ignore posterior probabilities and other statistics related to the following branch branch because the effective number of genes impacting it is only 13:
	{Laticauda-colubrina, Laticauda-laticaudata}
You may want to ignore posterior probabilities and other statistics related to the following branch branch because the effective number of genes impacting it is only 13:
	{Pseudaspis-cana_MCZA27068, Pseudoxyrhopus-tritaeniatus_KU340969, Rhamphiophis-oxyrhynchus_KU290451, Psammophis-sibilans_RAX2053, Chamaelycus-fasciatus_KU348632, Buhoma-depressiceps_CFS1528, Micrelaps-sp_TauM16738, Aparallactus-capensis_MCZA28808, Prosymna-visseri_MCZR190223, Lamprophis-lineatus_EBG706}
You may want to ignore posterior probabilities and other statistics related to the following branch branch because the effective number of genes impacting it is only 14:
	{Hydrophis-hardwickii, Hydrophis-curtus, Hydrophis-cyanocinctus, Hydrophis-melanocephalus}
You may want to ignore posterior probabilities and other statistics related to the following branch branch because the effective number of genes impacting it is only 11:
	{Rhamphiophis-oxyrhynchus_KU290451, Psammophis-sibilans_RAX2053, Chamaelycus-fasciatus_KU348632, Buhoma-depressiceps_CFS1528, Prosymna-visseri_MCZR190223, Lamprophis-lineatus_EBG706}
You may want to ignore posterior probabilities and other statistics related to the following branch branch because the effective number of genes impacting it is only 14:
	{Pseudaspis-cana_MCZA27068, Pseudoxyrhopus-tritaeniatus_KU340969, Rhamphiophis-oxyrhynchus_KU290451, Psammophis-sibilans_RAX2053, Chamaelycus-fasciatus_KU348632, Buhoma-depressiceps_CFS1528, Micrelaps-sp_TauM16738, Hemibungarus-mcclungi_KU303027, Naja-naja, Hydrophis-hardwickii, Micrurus-corallinus_KU289205, Psammodynastes-pulverulentus_KU328547, Psammodynastes-pulverulentus_KU329686, Elapsoidea-sundevallii_MCZR190390, Hydrophis-curtus, Hydrophis-cyanocinctus, Hydrophis-melanocephalus, Emydocephalus-ijimae, Notechis-scutatus, Pseudonaja-textilis, Laticauda-colubrina, Laticauda-laticaudata, Ophiophagus-hannah, Aparallactus-capensis_MCZA28808, Prosymna-visseri_MCZR190223, Lamprophis-lineatus_EBG706}
You may want to ignore posterior probabilities and other statistics related to the following branch branch because the effective number of genes impacting it is only 13:
	{Pseudaspis-cana_MCZA27068, Pseudoxyrhopus-tritaeniatus_KU340969, Rhamphiophis-oxyrhynchus_KU290451, Psammophis-sibilans_RAX2053, Chamaelycus-fasciatus_KU348632, Buhoma-depressiceps_CFS1528, Aparallactus-capensis_MCZA28808, Prosymna-visseri_MCZR190223, Lamprophis-lineatus_EBG706}
You may want to ignore posterior probabilities and other statistics related to the following branch branch because the effective number of genes impacting it is only 11:
	{Oxyrhabdium-leporinum_KU346583, Oxyrhabdium-cfmodestum_KU338101}
You may want to ignore posterior probabilities and other statistics related to the following branch branch because the effective number of genes impacting it is only 14:
	{Psammodynastes-pulverulentus_KU328547, Psammodynastes-pulverulentus_KU329686}
You may want to ignore posterior probabilities and other statistics related to the following branch branch because the effective number of genes impacting it is only 13:
	{Oxyrhabdium-leporinum_KU346583, Oxyrhabdium-cfmodestum_KU338101, Oxyrhabdium-modestum_KU310866}
You may want to ignore posterior probabilities and other statistics related to the following branch branch because the effective number of genes impacting it is only 14:
	{Pseudaspis-cana_MCZA27068, Pseudoxyrhopus-tritaeniatus_KU340969, Rhamphiophis-oxyrhynchus_KU290451, Psammophis-sibilans_RAX2053, Chamaelycus-fasciatus_KU348632, Buhoma-depressiceps_CFS1528, Micrelaps-sp_TauM16738, Hemibungarus-mcclungi_KU303027, Naja-naja, Hydrophis-hardwickii, Micrurus-corallinus_KU289205, Elapsoidea-sundevallii_MCZR190390, Hydrophis-curtus, Hydrophis-cyanocinctus, Hydrophis-melanocephalus, Emydocephalus-ijimae, Notechis-scutatus, Pseudonaja-textilis, Laticauda-colubrina, Laticauda-laticaudata, Ophiophagus-hannah, Aparallactus-capensis_MCZA28808, Prosymna-visseri_MCZR190223, Lamprophis-lineatus_EBG706}
You may want to ignore posterior probabilities and other statistics related to the following branch branch because the effective number of genes impacting it is only 15:
	{Myersophis-alpestris_KU308684, Oxyrhabdium-leporinum_KU346583, Levitonius-mirus_KU337269, Oxyrhabdium-cfmodestum_KU338101, Oxyrhabdium-modestum_KU310866}
You may want to ignore posterior probabilities and other statistics related to the following branch branch because the effective number of genes impacting it is only 13:
	{Cyclocorus-lineatus_KU335808, Hologerrhum-philippinum_KU330752}
You may want to ignore posterior probabilities and other statistics related to the following branch branch because the effective number of genes impacting it is only 15:
	{Pseudaspis-cana_MCZA27068, Pseudoxyrhopus-tritaeniatus_KU340969, Rhamphiophis-oxyrhynchus_KU290451, Psammophis-sibilans_RAX2053, Chamaelycus-fasciatus_KU348632, Buhoma-depressiceps_CFS1528, Cyclocorus-lineatus_KU335808, Hologerrhum-philippinum_KU330752, Myersophis-alpestris_KU308684, Oxyrhabdium-leporinum_KU346583, Levitonius-mirus_KU337269, Micrelaps-sp_TauM16738, Hemibungarus-mcclungi_KU303027, Naja-naja, Hydrophis-hardwickii, Micrurus-corallinus_KU289205, Psammodynastes-pulverulentus_KU328547, Psammodynastes-pulverulentus_KU329686, Oxyrhabdium-cfmodestum_KU338101, Oxyrhabdium-modestum_KU310866, Elapsoidea-sundevallii_MCZR190390, Hydrophis-curtus, Hydrophis-cyanocinctus, Hydrophis-melanocephalus, Emydocephalus-ijimae, Notechis-scutatus, Pseudonaja-textilis, Laticauda-colubrina, Laticauda-laticaudata, Ophiophagus-hannah, Aparallactus-capensis_MCZA28808, Prosymna-visseri_MCZR190223, Lamprophis-lineatus_EBG706}
You may want to ignore posterior probabilities and other statistics related to the following branch branch because the effective number of genes impacting it is only 12:
	{Cerberus-schneiderii_KU324534, Myanophis-thanlyinensis}
You may want to ignore posterior probabilities and other statistics related to the following branch branch because the effective number of genes impacting it is only 15:
	{Pseudaspis-cana_MCZA27068, Pseudoxyrhopus-tritaeniatus_KU340969, Rhamphiophis-oxyrhynchus_KU290451, Psammophis-sibilans_RAX2053, Chamaelycus-fasciatus_KU348632, Buhoma-depressiceps_CFS1528, Cyclocorus-lineatus_KU335808, Hologerrhum-philippinum_KU330752, Myersophis-alpestris_KU308684, Oxyrhabdium-leporinum_KU346583, Levitonius-mirus_KU337269, Micrelaps-sp_TauM16738, Hemibungarus-mcclungi_KU303027, Naja-naja, Hydrophis-hardwickii, Micrurus-corallinus_KU289205, Psammodynastes-pulverulentus_KU328547, Psammodynastes-pulverulentus_KU329686, Cerberus-schneiderii_KU324534, Myanophis-thanlyinensis, Oxyrhabdium-cfmodestum_KU338101, Oxyrhabdium-modestum_KU310866, Elapsoidea-sundevallii_MCZR190390, Hydrophis-curtus, Hydrophis-cyanocinctus, Hydrophis-melanocephalus, Emydocephalus-ijimae, Notechis-scutatus, Pseudonaja-textilis, Laticauda-colubrina, Laticauda-laticaudata, Ophiophagus-hannah, Aparallactus-capensis_MCZA28808, Prosymna-visseri_MCZR190223, Lamprophis-lineatus_EBG706}
You may want to ignore posterior probabilities and other statistics related to the following branch branch because the effective number of genes impacting it is only 15:
	{Cyclocorus-lineatus_KU335808, Hologerrhum-philippinum_KU330752, Myersophis-alpestris_KU308684, Oxyrhabdium-leporinum_KU346583, Levitonius-mirus_KU337269, Oxyrhabdium-cfmodestum_KU338101, Oxyrhabdium-modestum_KU310866}
You may want to ignore posterior probabilities and other statistics related to the following branch branch because the effective number of genes impacting it is only 12:
	{Crotalus-pyrrhus, Crotalus-tigris, Crotalus-viridis}
You may want to ignore posterior probabilities and other statistics related to the following branch branch because the effective number of genes impacting it is only 12:
	{Crotalus-pyrrhus, Crotalus-tigris}
You may want to ignore posterior probabilities and other statistics related to the following branch branch because the effective number of genes impacting it is only 13:
	{Crotalus-pyrrhus, Crotalus-adamanteus, Crotalus-tigris, Crotalus-viridis}
You may want to ignore posterior probabilities and other statistics related to the following branch branch because the effective number of genes impacting it is only 12:
	{Crotalus-pyrrhus, Crotalus-adamanteus, Crotalus-horridus, Crotalus-tigris, Crotalus-viridis}
You may want to ignore posterior probabilities and other statistics related to the following branch branch because the effective number of genes impacting it is only 12:
	{Protobothrops-mucrosquamatus, Protobothrops-flavoviridis}
You may want to ignore posterior probabilities and other statistics related to the following branch branch because the effective number of genes impacting it is only 13:
	{Crotalus-pyrrhus, Crotalus-adamanteus, Crotalus-horridus, Crotalus-tigris, Crotalus-viridis, Bothrops-jararaca}
You may want to ignore posterior probabilities and other statistics related to the following branch branch because the effective number of genes impacting it is only 14:
	{Crotalus-pyrrhus, Crotalus-adamanteus, Crotalus-horridus, Crotalus-tigris, Crotalus-viridis, Bothrops-jararaca, Protobothrops-mucrosquamatus, Protobothrops-flavoviridis, Vipera-berus}
You may want to ignore posterior probabilities and other statistics related to the following branch branch because the effective number of genes impacting it is only 8:
	{Python-molurus, Boa-constrictor, Acrochordus-granulatus_KU302952}
You may want to ignore posterior probabilities and other statistics related to the following branch branch because the effective number of genes impacting it is only 9:
	{Achalinus-spinalis_KU312258, Python-molurus, Boa-constrictor, Acrochordus-granulatus_KU302952}
You may want to ignore posterior probabilities and other statistics related to the following branch branch because the effective number of genes impacting it is only 9:
	{Python-molurus, Boa-constrictor}
You may want to ignore posterior probabilities and other statistics related to the following branch branch because the effective number of genes impacting it is only 12:
	{Aplopeltura-boa_KU315147, Achalinus-spinalis_KU312258, Python-molurus, Boa-constrictor, Acrochordus-granulatus_KU302952}
You may want to ignore posterior probabilities and other statistics related to the following branch branch because the effective number of genes impacting it is only 15:
	{Pseudaspis-cana_MCZA27068, Aplopeltura-boa_KU315147, Pseudoxyrhopus-tritaeniatus_KU340969, Rhamphiophis-oxyrhynchus_KU290451, Psammophis-sibilans_RAX2053, Chamaelycus-fasciatus_KU348632, Buhoma-depressiceps_CFS1528, Cyclocorus-lineatus_KU335808, Hologerrhum-philippinum_KU330752, Myersophis-alpestris_KU308684, Oxyrhabdium-leporinum_KU346583, Levitonius-mirus_KU337269, Micrelaps-sp_TauM16738, Hemibungarus-mcclungi_KU303027, Naja-naja, Hydrophis-hardwickii, Micrurus-corallinus_KU289205, Psammodynastes-pulverulentus_KU328547, Psammodynastes-pulverulentus_KU329686, Achalinus-spinalis_KU312258, Python-molurus, Boa-constrictor, Crotalus-pyrrhus, Crotalus-adamanteus, Crotalus-horridus, Cerberus-schneiderii_KU324534, Acrochordus-granulatus_KU302952, Myanophis-thanlyinensis, Oxyrhabdium-cfmodestum_KU338101, Oxyrhabdium-modestum_KU310866, Elapsoidea-sundevallii_MCZR190390, Hydrophis-curtus, Hydrophis-cyanocinctus, Hydrophis-melanocephalus, Emydocephalus-ijimae, Notechis-scutatus, Pseudonaja-textilis, Laticauda-colubrina, Laticauda-laticaudata, Ophiophagus-hannah, Aparallactus-capensis_MCZA28808, Crotalus-tigris, Crotalus-viridis, Bothrops-jararaca, Protobothrops-mucrosquamatus, Protobothrops-flavoviridis, Vipera-berus, Prosymna-visseri_MCZR190223, Lamprophis-lineatus_EBG706}
You may want to ignore posterior probabilities and other statistics related to the following branch branch because the effective number of genes impacting it is only 15:
	{Aplopeltura-boa_KU315147, Achalinus-spinalis_KU312258, Python-molurus, Boa-constrictor, Crotalus-pyrrhus, Crotalus-adamanteus, Crotalus-horridus, Acrochordus-granulatus_KU302952, Crotalus-tigris, Crotalus-viridis, Bothrops-jararaca, Protobothrops-mucrosquamatus, Protobothrops-flavoviridis, Vipera-berus}
You may want to ignore posterior probabilities and other statistics related to the following branch branch because the effective number of genes impacting it is only 13:
	{Thermophis-baileyi, Dipsas-indica_KU215336}
You may want to ignore posterior probabilities and other statistics related to the following branch branch because the effective number of genes impacting it is only 13:
	{Thamnophis-sirtalis, Thamnophis-elegans, Pseudoxenodon-sp_KU312221, Pseudaspis-cana_MCZA27068, Aplopeltura-boa_KU315147, Pseudoxyrhopus-tritaeniatus_KU340969, Rhamphiophis-oxyrhynchus_KU290451, Psammophis-sibilans_RAX2053, Chamaelycus-fasciatus_KU348632, Buhoma-depressiceps_CFS1528, Cyclocorus-lineatus_KU335808, Hologerrhum-philippinum_KU330752, Myersophis-alpestris_KU308684, Oxyrhabdium-leporinum_KU346583, Levitonius-mirus_KU337269, Micrelaps-sp_TauM16738, Hemibungarus-mcclungi_KU303027, Naja-naja, Hydrophis-hardwickii, Micrurus-corallinus_KU289205, Psammodynastes-pulverulentus_KU328547, Psammodynastes-pulverulentus_KU329686, Achalinus-spinalis_KU312258, Python-molurus, Boa-constrictor, Crotalus-pyrrhus, Crotalus-adamanteus, Crotalus-horridus, Cerberus-schneiderii_KU324534, Thermophis-baileyi, Dipsas-indica_KU215336, Acrochordus-granulatus_KU302952, Myanophis-thanlyinensis, Oxyrhabdium-cfmodestum_KU338101, Oxyrhabdium-modestum_KU310866, Elapsoidea-sundevallii_MCZR190390, Hydrophis-curtus, Hydrophis-cyanocinctus, Hydrophis-melanocephalus, Emydocephalus-ijimae, Notechis-scutatus, Pseudonaja-textilis, Laticauda-colubrina, Laticauda-laticaudata, Ophiophagus-hannah, Aparallactus-capensis_MCZA28808, Crotalus-tigris, Crotalus-viridis, Bothrops-jararaca, Protobothrops-mucrosquamatus, Protobothrops-flavoviridis, Vipera-berus, Prosymna-visseri_MCZR190223, Lamprophis-lineatus_EBG706}
You may want to ignore posterior probabilities and other statistics related to the following branch branch because the effective number of genes impacting it is only 13:
	{Thamnophis-sirtalis, Thamnophis-elegans}
You may want to ignore posterior probabilities and other statistics related to the following branch branch because the effective number of genes impacting it is only 14:
	{Thamnophis-sirtalis, Thamnophis-elegans, Pseudoxenodon-sp_KU312221, Thermophis-baileyi, Dipsas-indica_KU215336}
You may want to ignore posterior probabilities and other statistics related to the following branch branch because the effective number of genes impacting it is only 12:
	{Sibynophis-bivittatus_KU309608, Thamnophis-sirtalis, Thamnophis-elegans, Pseudoxenodon-sp_KU312221, Pseudaspis-cana_MCZA27068, Aplopeltura-boa_KU315147, Pseudoxyrhopus-tritaeniatus_KU340969, Rhamphiophis-oxyrhynchus_KU290451, Psammophis-sibilans_RAX2053, Chamaelycus-fasciatus_KU348632, Buhoma-depressiceps_CFS1528, Cyclocorus-lineatus_KU335808, Hologerrhum-philippinum_KU330752, Myersophis-alpestris_KU308684, Oxyrhabdium-leporinum_KU346583, Levitonius-mirus_KU337269, Micrelaps-sp_TauM16738, Hemibungarus-mcclungi_KU303027, Naja-naja, Hydrophis-hardwickii, Micrurus-corallinus_KU289205, Psammodynastes-pulverulentus_KU328547, Psammodynastes-pulverulentus_KU329686, Achalinus-spinalis_KU312258, Python-molurus, Boa-constrictor, Crotalus-pyrrhus, Crotalus-adamanteus, Crotalus-horridus, Cerberus-schneiderii_KU324534, Thermophis-baileyi, Dipsas-indica_KU215336, Acrochordus-granulatus_KU302952, Myanophis-thanlyinensis, Oxyrhabdium-cfmodestum_KU338101, Oxyrhabdium-modestum_KU310866, Elapsoidea-sundevallii_MCZR190390, Hydrophis-curtus, Hydrophis-cyanocinctus, Hydrophis-melanocephalus, Emydocephalus-ijimae, Notechis-scutatus, Pseudonaja-textilis, Laticauda-colubrina, Laticauda-laticaudata, Ophiophagus-hannah, Aparallactus-capensis_MCZA28808, Crotalus-tigris, Crotalus-viridis, Bothrops-jararaca, Protobothrops-mucrosquamatus, Protobothrops-flavoviridis, Vipera-berus, Prosymna-visseri_MCZR190223, Lamprophis-lineatus_EBG706}
You may want to ignore posterior probabilities and other statistics related to the following branch branch because the effective number of genes impacting it is only 10:
	{Sibynophis-bivittatus_KU309608, Thamnophis-sirtalis, Thamnophis-elegans, Pseudoxenodon-sp_KU312221, Pseudaspis-cana_MCZA27068, Aplopeltura-boa_KU315147, Pseudoxyrhopus-tritaeniatus_KU340969, Rhamphiophis-oxyrhynchus_KU290451, Psammophis-sibilans_RAX2053, Chamaelycus-fasciatus_KU348632, Buhoma-depressiceps_CFS1528, Cyclocorus-lineatus_KU335808, Hologerrhum-philippinum_KU330752, Myersophis-alpestris_KU308684, Oxyrhabdium-leporinum_KU346583, Levitonius-mirus_KU337269, Micrelaps-sp_TauM16738, Hemibungarus-mcclungi_KU303027, Naja-naja, Hydrophis-hardwickii, Micrurus-corallinus_KU289205, Psammodynastes-pulverulentus_KU328547, Psammodynastes-pulverulentus_KU329686, Achalinus-spinalis_KU312258, Python-molurus, Boa-constrictor, Crotalus-pyrrhus, Crotalus-adamanteus, Crotalus-horridus, Cerberus-schneiderii_KU324534, Thermophis-baileyi, Dipsas-indica_KU215336, Grayia-smythii_KU341872, Acrochordus-granulatus_KU302952, Myanophis-thanlyinensis, Oxyrhabdium-cfmodestum_KU338101, Oxyrhabdium-modestum_KU310866, Elapsoidea-sundevallii_MCZR190390, Hydrophis-curtus, Hydrophis-cyanocinctus, Hydrophis-melanocephalus, Emydocephalus-ijimae, Notechis-scutatus, Pseudonaja-textilis, Laticauda-colubrina, Laticauda-laticaudata, Ophiophagus-hannah, Aparallactus-capensis_MCZA28808, Crotalus-tigris, Crotalus-viridis, Bothrops-jararaca, Protobothrops-mucrosquamatus, Protobothrops-flavoviridis, Vipera-berus, Prosymna-visseri_MCZR190223, Lamprophis-lineatus_EBG706}
You may want to ignore posterior probabilities and other statistics related to the following branch branch because the effective number of genes impacting it is only 11:
	{Sibynophis-bivittatus_KU309608, Thamnophis-sirtalis, Thamnophis-elegans, Calamaria-gervaisii_KU327406, Pseudoxenodon-sp_KU312221, Pseudaspis-cana_MCZA27068, Aplopeltura-boa_KU315147, Pseudoxyrhopus-tritaeniatus_KU340969, Rhamphiophis-oxyrhynchus_KU290451, Psammophis-sibilans_RAX2053, Chamaelycus-fasciatus_KU348632, Buhoma-depressiceps_CFS1528, Cyclocorus-lineatus_KU335808, Hologerrhum-philippinum_KU330752, Myersophis-alpestris_KU308684, Oxyrhabdium-leporinum_KU346583, Levitonius-mirus_KU337269, Micrelaps-sp_TauM16738, Hemibungarus-mcclungi_KU303027, Naja-naja, Hydrophis-hardwickii, Micrurus-corallinus_KU289205, Psammodynastes-pulverulentus_KU328547, Psammodynastes-pulverulentus_KU329686, Achalinus-spinalis_KU312258, Python-molurus, Boa-constrictor, Crotalus-pyrrhus, Crotalus-adamanteus, Crotalus-horridus, Cerberus-schneiderii_KU324534, Thermophis-baileyi, Dipsas-indica_KU215336, Grayia-smythii_KU341872, Acrochordus-granulatus_KU302952, Myanophis-thanlyinensis, Oxyrhabdium-cfmodestum_KU338101, Oxyrhabdium-modestum_KU310866, Elapsoidea-sundevallii_MCZR190390, Hydrophis-curtus, Hydrophis-cyanocinctus, Hydrophis-melanocephalus, Emydocephalus-ijimae, Notechis-scutatus, Pseudonaja-textilis, Laticauda-colubrina, Laticauda-laticaudata, Ophiophagus-hannah, Aparallactus-capensis_MCZA28808, Crotalus-tigris, Crotalus-viridis, Bothrops-jararaca, Protobothrops-mucrosquamatus, Protobothrops-flavoviridis, Vipera-berus, Prosymna-visseri_MCZR190223, Lamprophis-lineatus_EBG706}
You may want to ignore posterior probabilities and other statistics related to the following branch branch because the effective number of genes impacting it is only 10:
	{Chrysopelea-ornata, Ahaetulla-prasina_KU323364}
You may want to ignore posterior probabilities and other statistics related to the following branch branch because the effective number of genes impacting it is only 12:
	{Pantherophis-obsoletus, Pituophis-catenifer}
You may want to ignore posterior probabilities and other statistics related to the following branch branch because the effective number of genes impacting it is only 10:
	{Pantherophis-obsoletus, Pantherophis-guttatus, Pituophis-catenifer}
You may want to ignore posterior probabilities and other statistics related to the following branch branch because the effective number of genes impacting it is only 11:
	{Pantherophis-obsoletus, Boiga-irregularis_KU345021, Pantherophis-guttatus, Pituophis-catenifer}
You may want to ignore posterior probabilities and other statistics related to the following branch branch because the effective number of genes impacting it is only 14:
	{Sibynophis-bivittatus_KU309608, Thamnophis-sirtalis, Thamnophis-elegans, Calamaria-gervaisii_KU327406, Pseudoxenodon-sp_KU312221, Pseudaspis-cana_MCZA27068, Aplopeltura-boa_KU315147, Pseudoxyrhopus-tritaeniatus_KU340969, Rhamphiophis-oxyrhynchus_KU290451, Psammophis-sibilans_RAX2053, Chamaelycus-fasciatus_KU348632, Buhoma-depressiceps_CFS1528, Cyclocorus-lineatus_KU335808, Hologerrhum-philippinum_KU330752, Myersophis-alpestris_KU308684, Oxyrhabdium-leporinum_KU346583, Levitonius-mirus_KU337269, Micrelaps-sp_TauM16738, Hemibungarus-mcclungi_KU303027, Naja-naja, Hydrophis-hardwickii, Micrurus-corallinus_KU289205, Psammodynastes-pulverulentus_KU328547, Psammodynastes-pulverulentus_KU329686, Achalinus-spinalis_KU312258, Python-molurus, Boa-constrictor, Crotalus-pyrrhus, Crotalus-adamanteus, Crotalus-horridus, Cerberus-schneiderii_KU324534, Thermophis-baileyi, Dipsas-indica_KU215336, Grayia-smythii_KU341872, Chrysopelea-ornata, Pantherophis-obsoletus, Boiga-irregularis_KU345021, Acrochordus-granulatus_KU302952, Pantherophis-guttatus, Pituophis-catenifer, Ahaetulla-prasina_KU323364, Myanophis-thanlyinensis, Oxyrhabdium-cfmodestum_KU338101, Oxyrhabdium-modestum_KU310866, Elapsoidea-sundevallii_MCZR190390, Hydrophis-curtus, Hydrophis-cyanocinctus, Hydrophis-melanocephalus, Emydocephalus-ijimae, Notechis-scutatus, Pseudonaja-textilis, Laticauda-colubrina, Laticauda-laticaudata, Ophiophagus-hannah, Aparallactus-capensis_MCZA28808, Crotalus-tigris, Crotalus-viridis, Bothrops-jararaca, Protobothrops-mucrosquamatus, Protobothrops-flavoviridis, Vipera-berus, Prosymna-visseri_MCZR190223, Lamprophis-lineatus_EBG706}
You may want to ignore posterior probabilities and other statistics related to the following branch branch because the effective number of genes impacting it is only 12:
	{Pseudaspis-cana_MCZA27068, Pseudoxyrhopus-tritaeniatus_KU340969, Aparallactus-capensis_MCZA28808}
You may want to ignore posterior probabilities and other statistics related to the following branch branch because the effective number of genes impacting it is only 14:
	{Myersophis-alpestris_KU308684, Levitonius-mirus_KU337269}
You may want to ignore posterior probabilities and other statistics related to the following branch branch because the effective number of genes impacting it is only 14:
	{Pseudoxenodon-sp_KU312221, Thermophis-baileyi, Dipsas-indica_KU215336}
You may want to ignore posterior probabilities and other statistics related to the following branch branch because the effective number of genes impacting it is only 14:
	{Sibynophis-bivittatus_KU309608, Thamnophis-sirtalis, Thamnophis-elegans, Calamaria-gervaisii_KU327406, Pseudoxenodon-sp_KU312221, Pseudaspis-cana_MCZA27068, Aplopeltura-boa_KU315147, Pseudoxyrhopus-tritaeniatus_KU340969, Rhamphiophis-oxyrhynchus_KU290451, Psammophis-sibilans_RAX2053, Chamaelycus-fasciatus_KU348632, Buhoma-depressiceps_CFS1528, Cyclocorus-lineatus_KU335808, Hologerrhum-philippinum_KU330752, Myersophis-alpestris_KU308684, Oxyrhabdium-leporinum_KU346583, Levitonius-mirus_KU337269, Micrelaps-sp_TauM16738, Hemibungarus-mcclungi_KU303027, Naja-naja, Hydrophis-hardwickii, Micrurus-corallinus_KU289205, Psammodynastes-pulverulentus_KU328547, Psammodynastes-pulverulentus_KU329686, Achalinus-spinalis_KU312258, Python-molurus, Boa-constrictor, Crotalus-pyrrhus, Crotalus-adamanteus, Crotalus-horridus, Cerberus-schneiderii_KU324534, Thermophis-baileyi, Dipsas-indica_KU215336, Grayia-smythii_KU341872, Chrysopelea-ornata, Pantherophis-obsoletus, Boiga-irregularis_KU345021, Ptyas-mucosa, Acrochordus-granulatus_KU302952, Pantherophis-guttatus, Pituophis-catenifer, Ahaetulla-prasina_KU323364, Myanophis-thanlyinensis, Oxyrhabdium-cfmodestum_KU338101, Oxyrhabdium-modestum_KU310866, Elapsoidea-sundevallii_MCZR190390, Hydrophis-curtus, Hydrophis-cyanocinctus, Hydrophis-melanocephalus, Emydocephalus-ijimae, Notechis-scutatus, Pseudonaja-textilis, Laticauda-colubrina, Laticauda-laticaudata, Ophiophagus-hannah, Aparallactus-capensis_MCZA28808, Crotalus-tigris, Crotalus-viridis, Bothrops-jararaca, Protobothrops-mucrosquamatus, Protobothrops-flavoviridis, Vipera-berus, Prosymna-visseri_MCZR190223, Lamprophis-lineatus_EBG706}
You may want to ignore posterior probabilities and other statistics related to the following branch branch because the effective number of genes impacting it is only 14:
	{Sibynophis-bivittatus_KU309608, Thamnophis-sirtalis, Thamnophis-elegans, Calamaria-gervaisii_KU327406, Pseudoxenodon-sp_KU312221, Pseudaspis-cana_MCZA27068, Aplopeltura-boa_KU315147, Pseudoxyrhopus-tritaeniatus_KU340969, Rhamphiophis-oxyrhynchus_KU290451, Psammophis-sibilans_RAX2053, Chamaelycus-fasciatus_KU348632, Buhoma-depressiceps_CFS1528, Cyclocorus-lineatus_KU335808, Hologerrhum-philippinum_KU330752, Myersophis-alpestris_KU308684, Oxyrhabdium-leporinum_KU346583, Levitonius-mirus_KU337269, Micrelaps-sp_TauM16738, Hemibungarus-mcclungi_KU303027, Naja-naja, Hydrophis-hardwickii, Micrurus-corallinus_KU289205, Psammodynastes-pulverulentus_KU328547, Psammodynastes-pulverulentus_KU329686, Achalinus-spinalis_KU312258, Python-molurus, Boa-constrictor, Crotalus-pyrrhus, Crotalus-adamanteus, Crotalus-horridus, Cerberus-schneiderii_KU324534, Thermophis-baileyi, Dipsas-indica_KU215336, Grayia-smythii_KU341872, Chrysopelea-ornata, Acrochordus-granulatus_KU302952, Ahaetulla-prasina_KU323364, Myanophis-thanlyinensis, Oxyrhabdium-cfmodestum_KU338101, Oxyrhabdium-modestum_KU310866, Elapsoidea-sundevallii_MCZR190390, Hydrophis-curtus, Hydrophis-cyanocinctus, Hydrophis-melanocephalus, Emydocephalus-ijimae, Notechis-scutatus, Pseudonaja-textilis, Laticauda-colubrina, Laticauda-laticaudata, Ophiophagus-hannah, Aparallactus-capensis_MCZA28808, Crotalus-tigris, Crotalus-viridis, Bothrops-jararaca, Protobothrops-mucrosquamatus, Protobothrops-flavoviridis, Vipera-berus, Prosymna-visseri_MCZR190223, Lamprophis-lineatus_EBG706}
You may want to ignore posterior probabilities and other statistics related to the following branch branch because the effective number of genes impacting it is only 13:
	{Crotalus-pyrrhus, Crotalus-adamanteus, Crotalus-horridus, Crotalus-tigris, Crotalus-viridis, Bothrops-jararaca, Protobothrops-mucrosquamatus, Protobothrops-flavoviridis}
(Scolecophis-atrocinctus_KU289804,(Tantilla-taeniata_KU289863,(Ptyas-mucosa,(((Calamaria-gervaisii_KU327406,(Grayia-smythii_KU341872,(Sibynophis-bivittatus_KU309608,(((((((Micrurus-corallinus_KU289205,(((Pseudonaja-textilis,(Notechis-scutatus,(Emydocephalus-ijimae,((Hydrophis-hardwickii,Hydrophis-curtus)0.99:0.6931471805599453,(Hydrophis-cyanocinctus,Hydrophis-melanocephalus)1:1.8971199848858815)1:2.302585092994046)1:2.159484249353373)0.73:0.21627315726722413)1:1.7227665977411024,(Laticauda-colubrina,Laticauda-laticaudata)1:1.5404450409471486)1:2.2230101121765573,(Elapsoidea-sundevallii_MCZR190390,(Hemibungarus-mcclungi_KU303027,(Naja-naja,Ophiophagus-hannah)0.67:0.19346398986009097)0.77:0.2530331157384919)0.42:0.1173337365851993)0.91:0.3905233081510951)1:2.0592590774821873,(Micrelaps-sp_TauM16738,((Buhoma-depressiceps_CFS1528,((Prosymna-visseri_MCZR190223,(Rhamphiophis-oxyrhynchus_KU290451,Psammophis-sibilans_RAX2053)1:1.0986122886681098)0.58:0.20782652905416504,(Chamaelycus-fasciatus_KU348632,Lamprophis-lineatus_EBG706)0.52:0.11412496184699637)0.32:0.0)0.48:0.05731750204060798,(Pseudaspis-cana_MCZA27068,(Pseudoxyrhopus-tritaeniatus_KU340969,Aparallactus-capensis_MCZA28808)0.43:0.02409755157906064)0.59:0.12579576727448682)0.71:0.20303000881091504)0.77:0.2536366741217307)0.53:0.08368553042238193,(Psammodynastes-pulverulentus_KU328547,Psammodynastes-pulverulentus_KU329686)1:2.302585092994046)0.76:0.22470880223965287,(((Oxyrhabdium-modestum_KU310866,(Oxyrhabdium-leporinum_KU346583,Oxyrhabdium-cfmodestum_KU338101)0.38:0.0)1:2.2335922215070947,(Myersophis-alpestris_KU308684,Levitonius-mirus_KU337269)0.58:0.11138463026120739)1:0.9423629721839303,(Cyclocorus-lineatus_KU335808,Hologerrhum-philippinum_KU330752)1:2.0512706647131407)1:1.6067099932346656)1:1.916867044295415,(Cerberus-schneiderii_KU324534,Myanophis-thanlyinensis)1:2.159484249353373)0.46:0.04833071091071787,((Vipera-berus,((Bothrops-jararaca,(Crotalus-horridus,(Crotalus-adamanteus,(Crotalus-viridis,(Crotalus-pyrrhus,Crotalus-tigris)0.71:0.213987925610079)0.71:0.215209017519465)1:0.9343092373768331)1:2.159484249353373)1:1.5404450409471486,(Protobothrops-mucrosquamatus,Protobothrops-flavoviridis)1:1.0608719606852628)1:1.1349799328389845)1:2.302585092994046,(Aplopeltura-boa_KU315147,(Achalinus-spinalis_KU312258,(Acrochordus-granulatus_KU302952,(Python-molurus,Boa-constrictor)1:1.8971199848858815)1:1.7917594692280545)1:1.8971199848858815)0.99:0.7731898882334817)1:2.1439800628174073)1:1.6701306510394751,((Pseudoxenodon-sp_KU312221,(Thermophis-baileyi,Dipsas-indica_KU215336)0.7:0.21538985681468614)0.96:0.4651452356236101,(Thamnophis-sirtalis,Thamnophis-elegans)1:2.2335922215070947)0.5:0.06694127717851399)0.85:0.3162530294398171)0.78:0.25283007360752924)0.65:0.18107681085741256)0.91:0.4353246503134221,(Chrysopelea-ornata,Ahaetulla-prasina_KU323364)1:1.2442875591626124)1:1.8879033297809569,(Boiga-irregularis_KU345021,(Pantherophis-guttatus,(Pantherophis-obsoletus,Pituophis-catenifer)0.48:0.21357410029805904)1:1.9924301646902058)0.45:0.04255961441879601)0.82:0.34814004148889505)1:1.6094379124341005));
ASTRAL finished in 2.232 secs
Shutting down threading
