

================== ASTRAL ===================== 

This is ASTRAL version 5.15.5
Warning: 
 Fail to load native library libAstral.dylib; use Java default computing method without AVX2, which is 4X slower. 
 Make sure you are using the correct Djava.library.path (to the `lib` directory under ASTRAL where libAstral.dylib can be found). 
 Trying running make.sh. For mode debugging, run: java -Djava.library.path=lib/ -jar native_library_tester.jar
Gene trees are treated as unrooted
Detected GPU devices: 
Device 1 of 2: Apple M1 cl_device_id[0xffffffff] Vendor: Intel
Device 2 of 2: Apple M1 cl_device_id[0x1027f00] Vendor: Apple
Will use Device : Apple M1
Will use Device : Apple M1
Starting 8 threads ...
There are 8 threads used to run.
3 trees read from /dev/fd/11
All output trees will be *arbitrarily* rooted at Scolecophis-atrocinctus_KU289804

======== Running the main analysis
Number of taxa: 66 (66 species)
Taxa: [Scolecophis-atrocinctus_KU289804, Sibynophis-bivittatus_KU309608, Calamaria-gervaisii_KU327406, Thamnophis-sirtalis, Thamnophis-elegans, Prosymna-visseri_MCZR190223, Rhamphiophis-oxyrhynchus_KU290451, Psammophis-sibilans_RAX2053, Pseudaspis-cana_MCZA27068, Aparallactus-capensis_MCZA28808, Chamaelycus-fasciatus_KU348632, Lamprophis-lineatus_EBG706, Buhoma-depressiceps_CFS1528, Pseudoxyrhopus-tritaeniatus_KU340969, Elapsoidea-sundevallii_MCZR190390, Hemibungarus-mcclungi_KU303027, Micrurus-corallinus_KU289205, Hydrophis-curtus, Hydrophis-hardwickii, Hydrophis-melanocephalus, Hydrophis-cyanocinctus, Emydocephalus-ijimae, Notechis-scutatus, Pseudonaja-textilis, Laticauda-colubrina, Laticauda-laticaudata, Ophiophagus-hannah, Naja-naja, Micrelaps-sp_TauM16738, Psammodynastes-pulverulentus_KU328547, Psammodynastes-pulverulentus_KU329686, Cyclocorus-lineatus_KU335808, Hologerrhum-philippinum_KU330752, Myersophis-alpestris_KU308684, Oxyrhabdium-cfmodestum_KU338101, Oxyrhabdium-modestum_KU310866, Oxyrhabdium-leporinum_KU346583, Levitonius-mirus_KU337269, Cerberus-schneiderii_KU324534, Myanophis-thanlyinensis, Thermophis-baileyi, Dipsas-indica_KU215336, Aplopeltura-boa_KU315147, Python-molurus, Acrochordus-granulatus_KU302952, Achalinus-spinalis_KU312258, Crotalus-pyrrhus, Crotalus-horridus, Crotalus-viridis, Crotalus-adamanteus, Crotalus-tigris, Bothrops-jararaca, Protobothrops-mucrosquamatus, Protobothrops-flavoviridis, Vipera-berus, Grayia-smythii_KU341872, Pseudoxenodon-sp_KU312221, Chrysopelea-ornata, Ahaetulla-prasina_KU323364, Boiga-irregularis_KU345021, Pantherophis-guttatus, Pantherophis-obsoletus, Pituophis-catenifer, Ptyas-mucosa, Tantilla-taeniata_KU289863, Boa-constrictor]
Taxon occupancy: {Protobothrops-flavoviridis=3, Thamnophis-sirtalis=3, Hologerrhum-philippinum_KU330752=3, Hydrophis-hardwickii=3, Psammophis-sibilans_RAX2053=3, Crotalus-pyrrhus=3, Elapsoidea-sundevallii_MCZR190390=3, Bothrops-jararaca=3, Notechis-scutatus=2, Levitonius-mirus_KU337269=3, Buhoma-depressiceps_CFS1528=3, Ophiophagus-hannah=3, Scolecophis-atrocinctus_KU289804=3, Calamaria-gervaisii_KU327406=3, Ptyas-mucosa=3, Boiga-irregularis_KU345021=3, Aparallactus-capensis_MCZA28808=3, Myanophis-thanlyinensis=3, Python-molurus=3, Ahaetulla-prasina_KU323364=2, Pseudaspis-cana_MCZA27068=3, Psammodynastes-pulverulentus_KU328547=2, Rhamphiophis-oxyrhynchus_KU290451=3, Crotalus-tigris=3, Protobothrops-mucrosquamatus=3, Vipera-berus=3, Pantherophis-obsoletus=3, Chrysopelea-ornata=3, Thamnophis-elegans=3, Laticauda-laticaudata=3, Myersophis-alpestris_KU308684=2, Oxyrhabdium-leporinum_KU346583=3, Acrochordus-granulatus_KU302952=3, Cyclocorus-lineatus_KU335808=3, Oxyrhabdium-cfmodestum_KU338101=3, Grayia-smythii_KU341872=3, Tantilla-taeniata_KU289863=3, Crotalus-viridis=3, Crotalus-adamanteus=3, Pseudoxyrhopus-tritaeniatus_KU340969=2, Dipsas-indica_KU215336=2, Oxyrhabdium-modestum_KU310866=3, Emydocephalus-ijimae=3, Pantherophis-guttatus=3, Sibynophis-bivittatus_KU309608=3, Aplopeltura-boa_KU315147=3, Thermophis-baileyi=3, Pituophis-catenifer=3, Lamprophis-lineatus_EBG706=3, Hydrophis-curtus=3, Pseudoxenodon-sp_KU312221=3, Chamaelycus-fasciatus_KU348632=2, Hemibungarus-mcclungi_KU303027=3, Pseudonaja-textilis=3, Laticauda-colubrina=3, Crotalus-horridus=3, Micrurus-corallinus_KU289205=3, Boa-constrictor=1, Psammodynastes-pulverulentus_KU329686=3, Hydrophis-melanocephalus=2, Achalinus-spinalis_KU312258=3, Micrelaps-sp_TauM16738=3, Prosymna-visseri_MCZR190223=3, Naja-naja=3, Hydrophis-cyanocinctus=3, Cerberus-schneiderii_KU324534=3}
Using polytree-based weight calculation.
Number of gene trees: 3
3 trees have missing taxa
Calculating distance matrix (for completion of X) ....with 4 distance matrices for parallellism
Species tree distances calculated ...

Will attempt to complete bipartitions from X before adding using a distance matrix.
Building set of clusters (X) from gene trees 
------------------------------
Number of Clusters after addition from gene trees: 373
Number of Clusters after addition by distance: 373
Adding to X using resolutions of greedy consensus ...

Computing greedy consensus  
took 0 seconds
Limit for sigma of degrees:1700

polytomy size limit : > 3
 [3, 3, 3, 3, 3, 3, 3]
discarded polytomies: 
Threshold 0.0:
polytomy of size 3; rounds with additions with at least 5 support: 0; clusters: 377
Threshold 0.01:
polytomy of size 3; rounds with additions with at least 5 support: 0; clusters: 377
Threshold 0.02:
polytomy of size 3; rounds with additions with at least 5 support: 0; clusters: 377
Threshold 0.05:
polytomy of size 3; rounds with additions with at least 5 support: 0; clusters: 377
Threshold 0.1:
polytomy of size 3; rounds with additions with at least 5 support: 0; clusters: 377
Threshold 0.2:
polytomy of size 3; rounds with additions with at least 5 support: 0; clusters: 377
Threshold 0.3333333333333333:
polytomy of size 3; rounds with additions with at least 5 support: 0; clusters: 377
Number of Clusters after addition by greedy: 377
partitions formed in 0.549 secs
Dynamic Programming starting after 0.549 secs
Polytree max score: 1767542
Polytree building time: 0.005 seconds.
Fail to load native library libAstral.dylib; use Java default computing method.
Number of quartet trees in the gene trees: 1767542
Computing hash values took 0 seconds
device length is: 2
TREE HEIGHT IS: 13
Size of largest cluster: 66
Size of largest cluster: 66
Finishing up:181 0 180
Total Number of elements: 180
Normalized score (portion of input quartet trees satisfied before correcting for multiple individuals): 0.92394862470029
Final optimization score: 1633118
Optimal tree inferred in 1.663 secs.
Weight calculation using polytrees cumulatively took 0.0 secs
(Scolecophis-atrocinctus_KU289804,(Tantilla-taeniata_KU289863,((((Grayia-smythii_KU341872,(((((((((Micrurus-corallinus_KU289205,(Elapsoidea-sundevallii_MCZR190390,(((Emydocephalus-ijimae,(Hydrophis-cyanocinctus,(Hydrophis-curtus,(Hydrophis-hardwickii,Hydrophis-melanocephalus)))),(Notechis-scutatus,Pseudonaja-textilis)),(Laticauda-colubrina,Laticauda-laticaudata)))),(Hemibungarus-mcclungi_KU303027,(Ophiophagus-hannah,Naja-naja))),(Pseudoxyrhopus-tritaeniatus_KU340969,(Buhoma-depressiceps_CFS1528,(((Prosymna-visseri_MCZR190223,(Rhamphiophis-oxyrhynchus_KU290451,Psammophis-sibilans_RAX2053)),(Pseudaspis-cana_MCZA27068,Aparallactus-capensis_MCZA28808)),(Chamaelycus-fasciatus_KU348632,Lamprophis-lineatus_EBG706))))),(Micrelaps-sp_TauM16738,(Psammodynastes-pulverulentus_KU328547,Psammodynastes-pulverulentus_KU329686))),((Myersophis-alpestris_KU308684,(Oxyrhabdium-leporinum_KU346583,(Oxyrhabdium-cfmodestum_KU338101,Oxyrhabdium-modestum_KU310866))),(Cyclocorus-lineatus_KU335808,Hologerrhum-philippinum_KU330752))),(((Vipera-berus,((Bothrops-jararaca,(Crotalus-pyrrhus,(Crotalus-horridus,(Crotalus-tigris,(Crotalus-viridis,Crotalus-adamanteus))))),(Protobothrops-mucrosquamatus,Protobothrops-flavoviridis))),(Aplopeltura-boa_KU315147,(Achalinus-spinalis_KU312258,(Acrochordus-granulatus_KU302952,(Python-molurus,Boa-constrictor))))),(Cerberus-schneiderii_KU324534,Myanophis-thanlyinensis))),(Thermophis-baileyi,Dipsas-indica_KU215336)),(Pseudoxenodon-sp_KU312221,(Levitonius-mirus_KU337269,(Thamnophis-sirtalis,Thamnophis-elegans)))),(Sibynophis-bivittatus_KU309608,Calamaria-gervaisii_KU327406))),(Chrysopelea-ornata,Ahaetulla-prasina_KU323364)),(Boiga-irregularis_KU345021,Ptyas-mucosa)),(Pantherophis-guttatus,(Pantherophis-obsoletus,Pituophis-catenifer)))));
Final quartet score is: 1750502
Final normalized quartet score is: 0.990359493579219
You may want to ignore posterior probabilities and other statistics related to the following branch branch because the effective number of genes impacting it is only 3:
	{Laticauda-colubrina, Laticauda-laticaudata}
You may want to ignore posterior probabilities and other statistics related to the following branch branch because the effective number of genes impacting it is only 3:
	{Hydrophis-curtus, Hydrophis-hardwickii, Hydrophis-melanocephalus}
You may want to ignore posterior probabilities and other statistics related to the following branch branch because the effective number of genes impacting it is only 3:
	{Hydrophis-curtus, Hydrophis-hardwickii, Hydrophis-melanocephalus, Hydrophis-cyanocinctus, Emydocephalus-ijimae}
You may want to ignore posterior probabilities and other statistics related to the following branch branch because the effective number of genes impacting it is only 2:
	{Hydrophis-hardwickii, Hydrophis-melanocephalus}
You may want to ignore posterior probabilities and other statistics related to the following branch branch because the effective number of genes impacting it is only 3:
	{Hydrophis-curtus, Hydrophis-hardwickii, Hydrophis-melanocephalus, Hydrophis-cyanocinctus, Emydocephalus-ijimae, Notechis-scutatus, Pseudonaja-textilis}
You may want to ignore posterior probabilities and other statistics related to the following branch branch because the effective number of genes impacting it is only 3:
	{Hydrophis-curtus, Hydrophis-hardwickii, Hydrophis-melanocephalus, Hydrophis-cyanocinctus, Emydocephalus-ijimae, Notechis-scutatus, Pseudonaja-textilis, Laticauda-colubrina, Laticauda-laticaudata}
You may want to ignore posterior probabilities and other statistics related to the following branch branch because the effective number of genes impacting it is only 3:
	{Elapsoidea-sundevallii_MCZR190390, Hydrophis-curtus, Hydrophis-hardwickii, Hydrophis-melanocephalus, Hydrophis-cyanocinctus, Emydocephalus-ijimae, Notechis-scutatus, Pseudonaja-textilis, Laticauda-colubrina, Laticauda-laticaudata}
You may want to ignore posterior probabilities and other statistics related to the following branch branch because the effective number of genes impacting it is only 3:
	{Elapsoidea-sundevallii_MCZR190390, Micrurus-corallinus_KU289205, Hydrophis-curtus, Hydrophis-hardwickii, Hydrophis-melanocephalus, Hydrophis-cyanocinctus, Emydocephalus-ijimae, Notechis-scutatus, Pseudonaja-textilis, Laticauda-colubrina, Laticauda-laticaudata}
You may want to ignore posterior probabilities and other statistics related to the following branch branch because the effective number of genes impacting it is only 3:
	{Hemibungarus-mcclungi_KU303027, Ophiophagus-hannah, Naja-naja}
You may want to ignore posterior probabilities and other statistics related to the following branch branch because the effective number of genes impacting it is only 2:
	{Notechis-scutatus, Pseudonaja-textilis}
You may want to ignore posterior probabilities and other statistics related to the following branch branch because the effective number of genes impacting it is only 3:
	{Ophiophagus-hannah, Naja-naja}
You may want to ignore posterior probabilities and other statistics related to the following branch branch because the effective number of genes impacting it is only 3:
	{Hydrophis-curtus, Hydrophis-hardwickii, Hydrophis-melanocephalus, Hydrophis-cyanocinctus}
You may want to ignore posterior probabilities and other statistics related to the following branch branch because the effective number of genes impacting it is only 3:
	{Prosymna-visseri_MCZR190223, Rhamphiophis-oxyrhynchus_KU290451, Psammophis-sibilans_RAX2053, Pseudaspis-cana_MCZA27068, Aparallactus-capensis_MCZA28808}
You may want to ignore posterior probabilities and other statistics related to the following branch branch because the effective number of genes impacting it is only 3:
	{Pseudaspis-cana_MCZA27068, Aparallactus-capensis_MCZA28808}
You may want to ignore posterior probabilities and other statistics related to the following branch branch because the effective number of genes impacting it is only 2:
	{Chamaelycus-fasciatus_KU348632, Lamprophis-lineatus_EBG706}
You may want to ignore posterior probabilities and other statistics related to the following branch branch because the effective number of genes impacting it is only 3:
	{Elapsoidea-sundevallii_MCZR190390, Hemibungarus-mcclungi_KU303027, Micrurus-corallinus_KU289205, Hydrophis-curtus, Hydrophis-hardwickii, Hydrophis-melanocephalus, Hydrophis-cyanocinctus, Emydocephalus-ijimae, Notechis-scutatus, Pseudonaja-textilis, Laticauda-colubrina, Laticauda-laticaudata, Ophiophagus-hannah, Naja-naja}
You may want to ignore posterior probabilities and other statistics related to the following branch branch because the effective number of genes impacting it is only 2:
	{Prosymna-visseri_MCZR190223, Rhamphiophis-oxyrhynchus_KU290451, Psammophis-sibilans_RAX2053, Pseudaspis-cana_MCZA27068, Aparallactus-capensis_MCZA28808, Chamaelycus-fasciatus_KU348632, Lamprophis-lineatus_EBG706, Buhoma-depressiceps_CFS1528, Pseudoxyrhopus-tritaeniatus_KU340969}
You may want to ignore posterior probabilities and other statistics related to the following branch branch because the effective number of genes impacting it is only 2:
	{Psammodynastes-pulverulentus_KU328547, Psammodynastes-pulverulentus_KU329686}
You may want to ignore posterior probabilities and other statistics related to the following branch branch because the effective number of genes impacting it is only 3:
	{Prosymna-visseri_MCZR190223, Rhamphiophis-oxyrhynchus_KU290451, Psammophis-sibilans_RAX2053, Pseudaspis-cana_MCZA27068, Aparallactus-capensis_MCZA28808, Chamaelycus-fasciatus_KU348632, Lamprophis-lineatus_EBG706, Buhoma-depressiceps_CFS1528, Pseudoxyrhopus-tritaeniatus_KU340969, Elapsoidea-sundevallii_MCZR190390, Hemibungarus-mcclungi_KU303027, Micrurus-corallinus_KU289205, Hydrophis-curtus, Hydrophis-hardwickii, Hydrophis-melanocephalus, Hydrophis-cyanocinctus, Emydocephalus-ijimae, Notechis-scutatus, Pseudonaja-textilis, Laticauda-colubrina, Laticauda-laticaudata, Ophiophagus-hannah, Naja-naja}
You may want to ignore posterior probabilities and other statistics related to the following branch branch because the effective number of genes impacting it is only 3:
	{Prosymna-visseri_MCZR190223, Rhamphiophis-oxyrhynchus_KU290451, Psammophis-sibilans_RAX2053, Pseudaspis-cana_MCZA27068, Aparallactus-capensis_MCZA28808, Chamaelycus-fasciatus_KU348632, Lamprophis-lineatus_EBG706}
You may want to ignore posterior probabilities and other statistics related to the following branch branch because the effective number of genes impacting it is only 3:
	{Rhamphiophis-oxyrhynchus_KU290451, Psammophis-sibilans_RAX2053}
You may want to ignore posterior probabilities and other statistics related to the following branch branch because the effective number of genes impacting it is only 3:
	{Micrelaps-sp_TauM16738, Psammodynastes-pulverulentus_KU328547, Psammodynastes-pulverulentus_KU329686}
You may want to ignore posterior probabilities and other statistics related to the following branch branch because the effective number of genes impacting it is only 3:
	{Prosymna-visseri_MCZR190223, Rhamphiophis-oxyrhynchus_KU290451, Psammophis-sibilans_RAX2053}
You may want to ignore posterior probabilities and other statistics related to the following branch branch because the effective number of genes impacting it is only 3:
	{Prosymna-visseri_MCZR190223, Rhamphiophis-oxyrhynchus_KU290451, Psammophis-sibilans_RAX2053, Pseudaspis-cana_MCZA27068, Aparallactus-capensis_MCZA28808, Chamaelycus-fasciatus_KU348632, Lamprophis-lineatus_EBG706, Buhoma-depressiceps_CFS1528, Pseudoxyrhopus-tritaeniatus_KU340969, Elapsoidea-sundevallii_MCZR190390, Hemibungarus-mcclungi_KU303027, Micrurus-corallinus_KU289205, Hydrophis-curtus, Hydrophis-hardwickii, Hydrophis-melanocephalus, Hydrophis-cyanocinctus, Emydocephalus-ijimae, Notechis-scutatus, Pseudonaja-textilis, Laticauda-colubrina, Laticauda-laticaudata, Ophiophagus-hannah, Naja-naja, Micrelaps-sp_TauM16738, Psammodynastes-pulverulentus_KU328547, Psammodynastes-pulverulentus_KU329686}
You may want to ignore posterior probabilities and other statistics related to the following branch branch because the effective number of genes impacting it is only 2:
	{Oxyrhabdium-cfmodestum_KU338101, Oxyrhabdium-modestum_KU310866, Oxyrhabdium-leporinum_KU346583}
You may want to ignore posterior probabilities and other statistics related to the following branch branch because the effective number of genes impacting it is only 2:
	{Myersophis-alpestris_KU308684, Oxyrhabdium-cfmodestum_KU338101, Oxyrhabdium-modestum_KU310866, Oxyrhabdium-leporinum_KU346583}
You may want to ignore posterior probabilities and other statistics related to the following branch branch because the effective number of genes impacting it is only 3:
	{Oxyrhabdium-cfmodestum_KU338101, Oxyrhabdium-modestum_KU310866}
You may want to ignore posterior probabilities and other statistics related to the following branch branch because the effective number of genes impacting it is only 3:
	{Cyclocorus-lineatus_KU335808, Hologerrhum-philippinum_KU330752, Myersophis-alpestris_KU308684, Oxyrhabdium-cfmodestum_KU338101, Oxyrhabdium-modestum_KU310866, Oxyrhabdium-leporinum_KU346583}
You may want to ignore posterior probabilities and other statistics related to the following branch branch because the effective number of genes impacting it is only 2:
	{Prosymna-visseri_MCZR190223, Rhamphiophis-oxyrhynchus_KU290451, Psammophis-sibilans_RAX2053, Pseudaspis-cana_MCZA27068, Aparallactus-capensis_MCZA28808, Chamaelycus-fasciatus_KU348632, Lamprophis-lineatus_EBG706, Buhoma-depressiceps_CFS1528}
You may want to ignore posterior probabilities and other statistics related to the following branch branch because the effective number of genes impacting it is only 3:
	{Cyclocorus-lineatus_KU335808, Hologerrhum-philippinum_KU330752}
You may want to ignore posterior probabilities and other statistics related to the following branch branch because the effective number of genes impacting it is only 3:
	{Prosymna-visseri_MCZR190223, Rhamphiophis-oxyrhynchus_KU290451, Psammophis-sibilans_RAX2053, Pseudaspis-cana_MCZA27068, Aparallactus-capensis_MCZA28808, Chamaelycus-fasciatus_KU348632, Lamprophis-lineatus_EBG706, Buhoma-depressiceps_CFS1528, Pseudoxyrhopus-tritaeniatus_KU340969, Elapsoidea-sundevallii_MCZR190390, Hemibungarus-mcclungi_KU303027, Micrurus-corallinus_KU289205, Hydrophis-curtus, Hydrophis-hardwickii, Hydrophis-melanocephalus, Hydrophis-cyanocinctus, Emydocephalus-ijimae, Notechis-scutatus, Pseudonaja-textilis, Laticauda-colubrina, Laticauda-laticaudata, Ophiophagus-hannah, Naja-naja, Micrelaps-sp_TauM16738, Psammodynastes-pulverulentus_KU328547, Psammodynastes-pulverulentus_KU329686, Cyclocorus-lineatus_KU335808, Hologerrhum-philippinum_KU330752, Myersophis-alpestris_KU308684, Oxyrhabdium-cfmodestum_KU338101, Oxyrhabdium-modestum_KU310866, Oxyrhabdium-leporinum_KU346583}
You may want to ignore posterior probabilities and other statistics related to the following branch branch because the effective number of genes impacting it is only 3:
	{Crotalus-viridis, Crotalus-adamanteus}
You may want to ignore posterior probabilities and other statistics related to the following branch branch because the effective number of genes impacting it is only 3:
	{Crotalus-horridus, Crotalus-viridis, Crotalus-adamanteus, Crotalus-tigris}
You may want to ignore posterior probabilities and other statistics related to the following branch branch because the effective number of genes impacting it is only 1:
	{Python-molurus, Boa-constrictor}
You may want to ignore posterior probabilities and other statistics related to the following branch branch because the effective number of genes impacting it is only 3:
	{Crotalus-viridis, Crotalus-adamanteus, Crotalus-tigris}
You may want to ignore posterior probabilities and other statistics related to the following branch branch because the effective number of genes impacting it is only 3:
	{Crotalus-pyrrhus, Crotalus-horridus, Crotalus-viridis, Crotalus-adamanteus, Crotalus-tigris, Bothrops-jararaca, Protobothrops-mucrosquamatus, Protobothrops-flavoviridis, Vipera-berus}
You may want to ignore posterior probabilities and other statistics related to the following branch branch because the effective number of genes impacting it is only 3:
	{Aplopeltura-boa_KU315147, Python-molurus, Acrochordus-granulatus_KU302952, Achalinus-spinalis_KU312258, Boa-constrictor}
You may want to ignore posterior probabilities and other statistics related to the following branch branch because the effective number of genes impacting it is only 3:
	{Crotalus-pyrrhus, Crotalus-horridus, Crotalus-viridis, Crotalus-adamanteus, Crotalus-tigris}
You may want to ignore posterior probabilities and other statistics related to the following branch branch because the effective number of genes impacting it is only 3:
	{Crotalus-pyrrhus, Crotalus-horridus, Crotalus-viridis, Crotalus-adamanteus, Crotalus-tigris, Bothrops-jararaca}
You may want to ignore posterior probabilities and other statistics related to the following branch branch because the effective number of genes impacting it is only 3:
	{Python-molurus, Acrochordus-granulatus_KU302952, Achalinus-spinalis_KU312258, Boa-constrictor}
You may want to ignore posterior probabilities and other statistics related to the following branch branch because the effective number of genes impacting it is only 3:
	{Crotalus-pyrrhus, Crotalus-horridus, Crotalus-viridis, Crotalus-adamanteus, Crotalus-tigris, Bothrops-jararaca, Protobothrops-mucrosquamatus, Protobothrops-flavoviridis}
You may want to ignore posterior probabilities and other statistics related to the following branch branch because the effective number of genes impacting it is only 3:
	{Python-molurus, Acrochordus-granulatus_KU302952, Boa-constrictor}
You may want to ignore posterior probabilities and other statistics related to the following branch branch because the effective number of genes impacting it is only 3:
	{Cerberus-schneiderii_KU324534, Myanophis-thanlyinensis, Aplopeltura-boa_KU315147, Python-molurus, Acrochordus-granulatus_KU302952, Achalinus-spinalis_KU312258, Crotalus-pyrrhus, Crotalus-horridus, Crotalus-viridis, Crotalus-adamanteus, Crotalus-tigris, Bothrops-jararaca, Protobothrops-mucrosquamatus, Protobothrops-flavoviridis, Vipera-berus, Boa-constrictor}
You may want to ignore posterior probabilities and other statistics related to the following branch branch because the effective number of genes impacting it is only 3:
	{Cerberus-schneiderii_KU324534, Myanophis-thanlyinensis}
You may want to ignore posterior probabilities and other statistics related to the following branch branch because the effective number of genes impacting it is only 3:
	{Prosymna-visseri_MCZR190223, Rhamphiophis-oxyrhynchus_KU290451, Psammophis-sibilans_RAX2053, Pseudaspis-cana_MCZA27068, Aparallactus-capensis_MCZA28808, Chamaelycus-fasciatus_KU348632, Lamprophis-lineatus_EBG706, Buhoma-depressiceps_CFS1528, Pseudoxyrhopus-tritaeniatus_KU340969, Elapsoidea-sundevallii_MCZR190390, Hemibungarus-mcclungi_KU303027, Micrurus-corallinus_KU289205, Hydrophis-curtus, Hydrophis-hardwickii, Hydrophis-melanocephalus, Hydrophis-cyanocinctus, Emydocephalus-ijimae, Notechis-scutatus, Pseudonaja-textilis, Laticauda-colubrina, Laticauda-laticaudata, Ophiophagus-hannah, Naja-naja, Micrelaps-sp_TauM16738, Psammodynastes-pulverulentus_KU328547, Psammodynastes-pulverulentus_KU329686, Cyclocorus-lineatus_KU335808, Hologerrhum-philippinum_KU330752, Myersophis-alpestris_KU308684, Oxyrhabdium-cfmodestum_KU338101, Oxyrhabdium-modestum_KU310866, Oxyrhabdium-leporinum_KU346583, Cerberus-schneiderii_KU324534, Myanophis-thanlyinensis, Thermophis-baileyi, Dipsas-indica_KU215336, Aplopeltura-boa_KU315147, Python-molurus, Acrochordus-granulatus_KU302952, Achalinus-spinalis_KU312258, Crotalus-pyrrhus, Crotalus-horridus, Crotalus-viridis, Crotalus-adamanteus, Crotalus-tigris, Bothrops-jararaca, Protobothrops-mucrosquamatus, Protobothrops-flavoviridis, Vipera-berus, Boa-constrictor}
You may want to ignore posterior probabilities and other statistics related to the following branch branch because the effective number of genes impacting it is only 3:
	{Thamnophis-sirtalis, Thamnophis-elegans, Levitonius-mirus_KU337269}
You may want to ignore posterior probabilities and other statistics related to the following branch branch because the effective number of genes impacting it is only 3:
	{Thamnophis-sirtalis, Thamnophis-elegans, Levitonius-mirus_KU337269, Pseudoxenodon-sp_KU312221}
You may want to ignore posterior probabilities and other statistics related to the following branch branch because the effective number of genes impacting it is only 3:
	{Thamnophis-sirtalis, Thamnophis-elegans}
You may want to ignore posterior probabilities and other statistics related to the following branch branch because the effective number of genes impacting it is only 3:
	{Protobothrops-mucrosquamatus, Protobothrops-flavoviridis}
You may want to ignore posterior probabilities and other statistics related to the following branch branch because the effective number of genes impacting it is only 3:
	{Aplopeltura-boa_KU315147, Python-molurus, Acrochordus-granulatus_KU302952, Achalinus-spinalis_KU312258, Crotalus-pyrrhus, Crotalus-horridus, Crotalus-viridis, Crotalus-adamanteus, Crotalus-tigris, Bothrops-jararaca, Protobothrops-mucrosquamatus, Protobothrops-flavoviridis, Vipera-berus, Boa-constrictor}
You may want to ignore posterior probabilities and other statistics related to the following branch branch because the effective number of genes impacting it is only 3:
	{Thamnophis-sirtalis, Thamnophis-elegans, Prosymna-visseri_MCZR190223, Rhamphiophis-oxyrhynchus_KU290451, Psammophis-sibilans_RAX2053, Pseudaspis-cana_MCZA27068, Aparallactus-capensis_MCZA28808, Chamaelycus-fasciatus_KU348632, Lamprophis-lineatus_EBG706, Buhoma-depressiceps_CFS1528, Pseudoxyrhopus-tritaeniatus_KU340969, Elapsoidea-sundevallii_MCZR190390, Hemibungarus-mcclungi_KU303027, Micrurus-corallinus_KU289205, Hydrophis-curtus, Hydrophis-hardwickii, Hydrophis-melanocephalus, Hydrophis-cyanocinctus, Emydocephalus-ijimae, Notechis-scutatus, Pseudonaja-textilis, Laticauda-colubrina, Laticauda-laticaudata, Ophiophagus-hannah, Naja-naja, Micrelaps-sp_TauM16738, Psammodynastes-pulverulentus_KU328547, Psammodynastes-pulverulentus_KU329686, Cyclocorus-lineatus_KU335808, Hologerrhum-philippinum_KU330752, Myersophis-alpestris_KU308684, Oxyrhabdium-cfmodestum_KU338101, Oxyrhabdium-modestum_KU310866, Oxyrhabdium-leporinum_KU346583, Levitonius-mirus_KU337269, Cerberus-schneiderii_KU324534, Myanophis-thanlyinensis, Thermophis-baileyi, Dipsas-indica_KU215336, Aplopeltura-boa_KU315147, Python-molurus, Acrochordus-granulatus_KU302952, Achalinus-spinalis_KU312258, Crotalus-pyrrhus, Crotalus-horridus, Crotalus-viridis, Crotalus-adamanteus, Crotalus-tigris, Bothrops-jararaca, Protobothrops-mucrosquamatus, Protobothrops-flavoviridis, Vipera-berus, Pseudoxenodon-sp_KU312221, Boa-constrictor}
You may want to ignore posterior probabilities and other statistics related to the following branch branch because the effective number of genes impacting it is only 3:
	{Prosymna-visseri_MCZR190223, Rhamphiophis-oxyrhynchus_KU290451, Psammophis-sibilans_RAX2053, Pseudaspis-cana_MCZA27068, Aparallactus-capensis_MCZA28808, Chamaelycus-fasciatus_KU348632, Lamprophis-lineatus_EBG706, Buhoma-depressiceps_CFS1528, Pseudoxyrhopus-tritaeniatus_KU340969, Elapsoidea-sundevallii_MCZR190390, Hemibungarus-mcclungi_KU303027, Micrurus-corallinus_KU289205, Hydrophis-curtus, Hydrophis-hardwickii, Hydrophis-melanocephalus, Hydrophis-cyanocinctus, Emydocephalus-ijimae, Notechis-scutatus, Pseudonaja-textilis, Laticauda-colubrina, Laticauda-laticaudata, Ophiophagus-hannah, Naja-naja, Micrelaps-sp_TauM16738, Psammodynastes-pulverulentus_KU328547, Psammodynastes-pulverulentus_KU329686, Cyclocorus-lineatus_KU335808, Hologerrhum-philippinum_KU330752, Myersophis-alpestris_KU308684, Oxyrhabdium-cfmodestum_KU338101, Oxyrhabdium-modestum_KU310866, Oxyrhabdium-leporinum_KU346583, Cerberus-schneiderii_KU324534, Myanophis-thanlyinensis, Aplopeltura-boa_KU315147, Python-molurus, Acrochordus-granulatus_KU302952, Achalinus-spinalis_KU312258, Crotalus-pyrrhus, Crotalus-horridus, Crotalus-viridis, Crotalus-adamanteus, Crotalus-tigris, Bothrops-jararaca, Protobothrops-mucrosquamatus, Protobothrops-flavoviridis, Vipera-berus, Boa-constrictor}
You may want to ignore posterior probabilities and other statistics related to the following branch branch because the effective number of genes impacting it is only 2:
	{Thermophis-baileyi, Dipsas-indica_KU215336}
You may want to ignore posterior probabilities and other statistics related to the following branch branch because the effective number of genes impacting it is only 3:
	{Sibynophis-bivittatus_KU309608, Calamaria-gervaisii_KU327406}
You may want to ignore posterior probabilities and other statistics related to the following branch branch because the effective number of genes impacting it is only 2:
	{Chrysopelea-ornata, Ahaetulla-prasina_KU323364}
You may want to ignore posterior probabilities and other statistics related to the following branch branch because the effective number of genes impacting it is only 3:
	{Sibynophis-bivittatus_KU309608, Calamaria-gervaisii_KU327406, Thamnophis-sirtalis, Thamnophis-elegans, Prosymna-visseri_MCZR190223, Rhamphiophis-oxyrhynchus_KU290451, Psammophis-sibilans_RAX2053, Pseudaspis-cana_MCZA27068, Aparallactus-capensis_MCZA28808, Chamaelycus-fasciatus_KU348632, Lamprophis-lineatus_EBG706, Buhoma-depressiceps_CFS1528, Pseudoxyrhopus-tritaeniatus_KU340969, Elapsoidea-sundevallii_MCZR190390, Hemibungarus-mcclungi_KU303027, Micrurus-corallinus_KU289205, Hydrophis-curtus, Hydrophis-hardwickii, Hydrophis-melanocephalus, Hydrophis-cyanocinctus, Emydocephalus-ijimae, Notechis-scutatus, Pseudonaja-textilis, Laticauda-colubrina, Laticauda-laticaudata, Ophiophagus-hannah, Naja-naja, Micrelaps-sp_TauM16738, Psammodynastes-pulverulentus_KU328547, Psammodynastes-pulverulentus_KU329686, Cyclocorus-lineatus_KU335808, Hologerrhum-philippinum_KU330752, Myersophis-alpestris_KU308684, Oxyrhabdium-cfmodestum_KU338101, Oxyrhabdium-modestum_KU310866, Oxyrhabdium-leporinum_KU346583, Levitonius-mirus_KU337269, Cerberus-schneiderii_KU324534, Myanophis-thanlyinensis, Thermophis-baileyi, Dipsas-indica_KU215336, Aplopeltura-boa_KU315147, Python-molurus, Acrochordus-granulatus_KU302952, Achalinus-spinalis_KU312258, Crotalus-pyrrhus, Crotalus-horridus, Crotalus-viridis, Crotalus-adamanteus, Crotalus-tigris, Bothrops-jararaca, Protobothrops-mucrosquamatus, Protobothrops-flavoviridis, Vipera-berus, Grayia-smythii_KU341872, Pseudoxenodon-sp_KU312221, Boa-constrictor}
You may want to ignore posterior probabilities and other statistics related to the following branch branch because the effective number of genes impacting it is only 3:
	{Sibynophis-bivittatus_KU309608, Calamaria-gervaisii_KU327406, Thamnophis-sirtalis, Thamnophis-elegans, Prosymna-visseri_MCZR190223, Rhamphiophis-oxyrhynchus_KU290451, Psammophis-sibilans_RAX2053, Pseudaspis-cana_MCZA27068, Aparallactus-capensis_MCZA28808, Chamaelycus-fasciatus_KU348632, Lamprophis-lineatus_EBG706, Buhoma-depressiceps_CFS1528, Pseudoxyrhopus-tritaeniatus_KU340969, Elapsoidea-sundevallii_MCZR190390, Hemibungarus-mcclungi_KU303027, Micrurus-corallinus_KU289205, Hydrophis-curtus, Hydrophis-hardwickii, Hydrophis-melanocephalus, Hydrophis-cyanocinctus, Emydocephalus-ijimae, Notechis-scutatus, Pseudonaja-textilis, Laticauda-colubrina, Laticauda-laticaudata, Ophiophagus-hannah, Naja-naja, Micrelaps-sp_TauM16738, Psammodynastes-pulverulentus_KU328547, Psammodynastes-pulverulentus_KU329686, Cyclocorus-lineatus_KU335808, Hologerrhum-philippinum_KU330752, Myersophis-alpestris_KU308684, Oxyrhabdium-cfmodestum_KU338101, Oxyrhabdium-modestum_KU310866, Oxyrhabdium-leporinum_KU346583, Levitonius-mirus_KU337269, Cerberus-schneiderii_KU324534, Myanophis-thanlyinensis, Thermophis-baileyi, Dipsas-indica_KU215336, Aplopeltura-boa_KU315147, Python-molurus, Acrochordus-granulatus_KU302952, Achalinus-spinalis_KU312258, Crotalus-pyrrhus, Crotalus-horridus, Crotalus-viridis, Crotalus-adamanteus, Crotalus-tigris, Bothrops-jararaca, Protobothrops-mucrosquamatus, Protobothrops-flavoviridis, Vipera-berus, Pseudoxenodon-sp_KU312221, Boa-constrictor}
You may want to ignore posterior probabilities and other statistics related to the following branch branch because the effective number of genes impacting it is only 3:
	{Pantherophis-obsoletus, Pituophis-catenifer}
You may want to ignore posterior probabilities and other statistics related to the following branch branch because the effective number of genes impacting it is only 3:
	{Sibynophis-bivittatus_KU309608, Calamaria-gervaisii_KU327406, Thamnophis-sirtalis, Thamnophis-elegans, Prosymna-visseri_MCZR190223, Rhamphiophis-oxyrhynchus_KU290451, Psammophis-sibilans_RAX2053, Pseudaspis-cana_MCZA27068, Aparallactus-capensis_MCZA28808, Chamaelycus-fasciatus_KU348632, Lamprophis-lineatus_EBG706, Buhoma-depressiceps_CFS1528, Pseudoxyrhopus-tritaeniatus_KU340969, Elapsoidea-sundevallii_MCZR190390, Hemibungarus-mcclungi_KU303027, Micrurus-corallinus_KU289205, Hydrophis-curtus, Hydrophis-hardwickii, Hydrophis-melanocephalus, Hydrophis-cyanocinctus, Emydocephalus-ijimae, Notechis-scutatus, Pseudonaja-textilis, Laticauda-colubrina, Laticauda-laticaudata, Ophiophagus-hannah, Naja-naja, Micrelaps-sp_TauM16738, Psammodynastes-pulverulentus_KU328547, Psammodynastes-pulverulentus_KU329686, Cyclocorus-lineatus_KU335808, Hologerrhum-philippinum_KU330752, Myersophis-alpestris_KU308684, Oxyrhabdium-cfmodestum_KU338101, Oxyrhabdium-modestum_KU310866, Oxyrhabdium-leporinum_KU346583, Levitonius-mirus_KU337269, Cerberus-schneiderii_KU324534, Myanophis-thanlyinensis, Thermophis-baileyi, Dipsas-indica_KU215336, Aplopeltura-boa_KU315147, Python-molurus, Acrochordus-granulatus_KU302952, Achalinus-spinalis_KU312258, Crotalus-pyrrhus, Crotalus-horridus, Crotalus-viridis, Crotalus-adamanteus, Crotalus-tigris, Bothrops-jararaca, Protobothrops-mucrosquamatus, Protobothrops-flavoviridis, Vipera-berus, Grayia-smythii_KU341872, Pseudoxenodon-sp_KU312221, Chrysopelea-ornata, Ahaetulla-prasina_KU323364, Boa-constrictor}
You may want to ignore posterior probabilities and other statistics related to the following branch branch because the effective number of genes impacting it is only 3:
	{Sibynophis-bivittatus_KU309608, Calamaria-gervaisii_KU327406, Thamnophis-sirtalis, Thamnophis-elegans, Prosymna-visseri_MCZR190223, Rhamphiophis-oxyrhynchus_KU290451, Psammophis-sibilans_RAX2053, Pseudaspis-cana_MCZA27068, Aparallactus-capensis_MCZA28808, Chamaelycus-fasciatus_KU348632, Lamprophis-lineatus_EBG706, Buhoma-depressiceps_CFS1528, Pseudoxyrhopus-tritaeniatus_KU340969, Elapsoidea-sundevallii_MCZR190390, Hemibungarus-mcclungi_KU303027, Micrurus-corallinus_KU289205, Hydrophis-curtus, Hydrophis-hardwickii, Hydrophis-melanocephalus, Hydrophis-cyanocinctus, Emydocephalus-ijimae, Notechis-scutatus, Pseudonaja-textilis, Laticauda-colubrina, Laticauda-laticaudata, Ophiophagus-hannah, Naja-naja, Micrelaps-sp_TauM16738, Psammodynastes-pulverulentus_KU328547, Psammodynastes-pulverulentus_KU329686, Cyclocorus-lineatus_KU335808, Hologerrhum-philippinum_KU330752, Myersophis-alpestris_KU308684, Oxyrhabdium-cfmodestum_KU338101, Oxyrhabdium-modestum_KU310866, Oxyrhabdium-leporinum_KU346583, Levitonius-mirus_KU337269, Cerberus-schneiderii_KU324534, Myanophis-thanlyinensis, Thermophis-baileyi, Dipsas-indica_KU215336, Aplopeltura-boa_KU315147, Python-molurus, Acrochordus-granulatus_KU302952, Achalinus-spinalis_KU312258, Crotalus-pyrrhus, Crotalus-horridus, Crotalus-viridis, Crotalus-adamanteus, Crotalus-tigris, Bothrops-jararaca, Protobothrops-mucrosquamatus, Protobothrops-flavoviridis, Vipera-berus, Grayia-smythii_KU341872, Pseudoxenodon-sp_KU312221, Chrysopelea-ornata, Ahaetulla-prasina_KU323364, Boiga-irregularis_KU345021, Ptyas-mucosa, Boa-constrictor}
You may want to ignore posterior probabilities and other statistics related to the following branch branch because the effective number of genes impacting it is only 3:
	{Boiga-irregularis_KU345021, Ptyas-mucosa}
You may want to ignore posterior probabilities and other statistics related to the following branch branch because the effective number of genes impacting it is only 3:
	{Pantherophis-guttatus, Pantherophis-obsoletus, Pituophis-catenifer}
You may want to ignore posterior probabilities and other statistics related to the following branch branch because the effective number of genes impacting it is only 3:
	{Sibynophis-bivittatus_KU309608, Calamaria-gervaisii_KU327406, Thamnophis-sirtalis, Thamnophis-elegans, Prosymna-visseri_MCZR190223, Rhamphiophis-oxyrhynchus_KU290451, Psammophis-sibilans_RAX2053, Pseudaspis-cana_MCZA27068, Aparallactus-capensis_MCZA28808, Chamaelycus-fasciatus_KU348632, Lamprophis-lineatus_EBG706, Buhoma-depressiceps_CFS1528, Pseudoxyrhopus-tritaeniatus_KU340969, Elapsoidea-sundevallii_MCZR190390, Hemibungarus-mcclungi_KU303027, Micrurus-corallinus_KU289205, Hydrophis-curtus, Hydrophis-hardwickii, Hydrophis-melanocephalus, Hydrophis-cyanocinctus, Emydocephalus-ijimae, Notechis-scutatus, Pseudonaja-textilis, Laticauda-colubrina, Laticauda-laticaudata, Ophiophagus-hannah, Naja-naja, Micrelaps-sp_TauM16738, Psammodynastes-pulverulentus_KU328547, Psammodynastes-pulverulentus_KU329686, Cyclocorus-lineatus_KU335808, Hologerrhum-philippinum_KU330752, Myersophis-alpestris_KU308684, Oxyrhabdium-cfmodestum_KU338101, Oxyrhabdium-modestum_KU310866, Oxyrhabdium-leporinum_KU346583, Levitonius-mirus_KU337269, Cerberus-schneiderii_KU324534, Myanophis-thanlyinensis, Thermophis-baileyi, Dipsas-indica_KU215336, Aplopeltura-boa_KU315147, Python-molurus, Acrochordus-granulatus_KU302952, Achalinus-spinalis_KU312258, Crotalus-pyrrhus, Crotalus-horridus, Crotalus-viridis, Crotalus-adamanteus, Crotalus-tigris, Bothrops-jararaca, Protobothrops-mucrosquamatus, Protobothrops-flavoviridis, Vipera-berus, Grayia-smythii_KU341872, Pseudoxenodon-sp_KU312221, Chrysopelea-ornata, Ahaetulla-prasina_KU323364, Boiga-irregularis_KU345021, Pantherophis-guttatus, Pantherophis-obsoletus, Pituophis-catenifer, Ptyas-mucosa, Boa-constrictor}
(Scolecophis-atrocinctus_KU289804,(Tantilla-taeniata_KU289863,((((Grayia-smythii_KU341872,(((((((((Micrurus-corallinus_KU289205,(Elapsoidea-sundevallii_MCZR190390,(((Emydocephalus-ijimae,(Hydrophis-cyanocinctus,(Hydrophis-curtus,(Hydrophis-hardwickii,Hydrophis-melanocephalus)0.42:0.0)0.49:0.06453852113757118)0.95:0.9808292530117262)0.95:0.9808292530117262,(Notechis-scutatus,Pseudonaja-textilis)0.87:0.6931471805599453)0.95:0.9808292530117262,(Laticauda-colubrina,Laticauda-laticaudata)0.95:0.9808292530117262)0.95:0.9808292530117262)0.36:0.0)0.51:0.13353139262452263,(Hemibungarus-mcclungi_KU303027,(Ophiophagus-hannah,Naja-naja)0.33:0.0)0.65:0.26298945986140954)0.95:0.9808292530117262,(Pseudoxyrhopus-tritaeniatus_KU340969,(Buhoma-depressiceps_CFS1528,(((Prosymna-visseri_MCZR190223,(Rhamphiophis-oxyrhynchus_KU290451,Psammophis-sibilans_RAX2053)0.95:0.9808292530117262)0.51:0.10960680653927747,(Pseudaspis-cana_MCZA27068,Aparallactus-capensis_MCZA28808)0.47:0.06340921554041969)0.53:0.10511688062190323,(Chamaelycus-fasciatus_KU348632,Lamprophis-lineatus_EBG706)0.87:0.6931471805599453)0.75:0.4010107577587842)0.42:0.0)0.67:0.2876820724517809)0.7:0.32906728861463536,(Micrelaps-sp_TauM16738,(Psammodynastes-pulverulentus_KU328547,Psammodynastes-pulverulentus_KU329686)0.87:0.6931471805599453)0.42:0.0)0.51:0.12996632646002643,((Myersophis-alpestris_KU308684,(Oxyrhabdium-leporinum_KU346583,(Oxyrhabdium-cfmodestum_KU338101,Oxyrhabdium-modestum_KU310866)0.95:0.9808292530117262)0.87:0.6931471805599453)0.87:0.6931471805599453,(Cyclocorus-lineatus_KU335808,Hologerrhum-philippinum_KU330752)0.95:0.9808292530117262)0.95:0.9509762898620451)0.94:0.8846012209171723,(((Vipera-berus,((Bothrops-jararaca,(Crotalus-pyrrhus,(Crotalus-horridus,(Crotalus-tigris,(Crotalus-viridis,Crotalus-adamanteus)0.67:0.2876820724517809)0.67:0.2876820724517809)0.43:0.0)0.95:0.9808292530117262)0.95:0.9808292530117262,(Protobothrops-mucrosquamatus,Protobothrops-flavoviridis)0.95:0.9808292530117262)0.95:0.9808292530117262)0.95:0.9808292530117262,(Aplopeltura-boa_KU315147,(Achalinus-spinalis_KU312258,(Acrochordus-granulatus_KU302952,(Python-molurus,Boa-constrictor)0.67:0.2876820724517809)0.95:0.9808292530117262)0.95:0.9808292530117262)0.67:0.2876820724517809)0.95:0.9808292530117262,(Cerberus-schneiderii_KU324534,Myanophis-thanlyinensis)0.95:0.9808292530117262)0.69:0.31585294941847714)0.71:0.33459899223953266,(Thermophis-baileyi,Dipsas-indica_KU215336)0.87:0.6931471805599453)0.85:0.5638033225024858,(Pseudoxenodon-sp_KU312221,(Levitonius-mirus_KU337269,(Thamnophis-sirtalis,Thamnophis-elegans)0.95:0.9808292530117262)0.73:0.3643152984726969)0.35:0.0)0.64:0.2257214450926038,(Sibynophis-bivittatus_KU309608,Calamaria-gervaisii_KU327406)0.67:0.2876820724517809)0.68:0.30673026742247533)0.95:0.9808292530117262,(Chrysopelea-ornata,Ahaetulla-prasina_KU323364)0.87:0.6931471805599453)0.95:0.9808292530117262,(Boiga-irregularis_KU345021,Ptyas-mucosa)0.46:0.025317807984289783)0.49:0.06453852113757118,(Pantherophis-guttatus,(Pantherophis-obsoletus,Pituophis-catenifer)0.33:0.0)0.95:0.9808292530117262)0.68:0.30637420546393357));
ASTRAL finished in 1.897 secs
Shutting down threading
