

================== ASTRAL ===================== 

This is ASTRAL version 5.15.5
Warning: 
 Fail to load native library libAstral.dylib; use Java default computing method without AVX2, which is 4X slower. 
 Make sure you are using the correct Djava.library.path (to the `lib` directory under ASTRAL where libAstral.dylib can be found). 
 Trying running make.sh. For mode debugging, run: java -Djava.library.path=lib/ -jar native_library_tester.jar
Gene trees are treated as unrooted
Detected GPU devices: 
Device 1 of 2: Apple M1 cl_device_id[0xffffffff] Vendor: Intel
Device 2 of 2: Apple M1 cl_device_id[0x1027f00] Vendor: Apple
Will use Device : Apple M1
Will use Device : Apple M1
Starting 8 threads ...
There are 8 threads used to run.
2 trees read from /dev/fd/11
All output trees will be *arbitrarily* rooted at Scolecophis-atrocinctus_KU289804

======== Running the main analysis
Number of taxa: 63 (63 species)
Taxa: [Scolecophis-atrocinctus_KU289804, Sibynophis-bivittatus_KU309608, Prosymna-visseri_MCZR190223, Elapsoidea-sundevallii_MCZR190390, Hemibungarus-mcclungi_KU303027, Naja-naja, Ophiophagus-hannah, Hydrophis-curtus, Hydrophis-cyanocinctus, Hydrophis-melanocephalus, Emydocephalus-ijimae, Notechis-scutatus, Pseudonaja-textilis, Laticauda-colubrina, Laticauda-laticaudata, Pseudoxyrhopus-tritaeniatus_KU340969, Psammodynastes-pulverulentus_KU328547, Pseudaspis-cana_MCZA27068, Lamprophis-lineatus_EBG706, Rhamphiophis-oxyrhynchus_KU290451, Cyclocorus-lineatus_KU335808, Hologerrhum-philippinum_KU330752, Myersophis-alpestris_KU308684, Levitonius-mirus_KU337269, Oxyrhabdium-cfmodestum_KU338101, Oxyrhabdium-leporinum_KU346583, Achalinus-spinalis_KU312258, Python-molurus, Vipera-berus, Protobothrops-mucrosquamatus, Protobothrops-flavoviridis, Crotalus-viridis, Crotalus-tigris, Crotalus-adamanteus, Crotalus-horridus, Crotalus-pyrrhus, Bothrops-jararaca, Myanophis-thanlyinensis, Thermophis-baileyi, Thamnophis-sirtalis, Thamnophis-elegans, Chrysopelea-ornata, Ahaetulla-prasina_KU323364, Calamaria-gervaisii_KU327406, Pantherophis-guttatus, Pantherophis-obsoletus, Pituophis-catenifer, Ptyas-mucosa, Tantilla-taeniata_KU289863, Buhoma-depressiceps_CFS1528, Boiga-irregularis_KU345021, Micrelaps-sp_TauM16738, Aparallactus-capensis_MCZA28808, Psammophis-sibilans_RAX2053, Chamaelycus-fasciatus_KU348632, Psammodynastes-pulverulentus_KU329686, Hydrophis-hardwickii, Micrurus-corallinus_KU289205, Cerberus-schneiderii_KU324534, Pseudoxenodon-sp_KU312221, Grayia-smythii_KU341872, Oxyrhabdium-modestum_KU310866, Dipsas-indica_KU215336]
Taxon occupancy: {Protobothrops-flavoviridis=1, Hologerrhum-philippinum_KU330752=2, Thamnophis-sirtalis=2, Hydrophis-hardwickii=1, Psammophis-sibilans_RAX2053=1, Crotalus-pyrrhus=1, Elapsoidea-sundevallii_MCZR190390=2, Bothrops-jararaca=1, Notechis-scutatus=2, Levitonius-mirus_KU337269=2, Buhoma-depressiceps_CFS1528=2, Ophiophagus-hannah=2, Scolecophis-atrocinctus_KU289804=2, Calamaria-gervaisii_KU327406=1, Ptyas-mucosa=2, Boiga-irregularis_KU345021=2, Aparallactus-capensis_MCZA28808=1, Myanophis-thanlyinensis=2, Python-molurus=1, Ahaetulla-prasina_KU323364=2, Psammodynastes-pulverulentus_KU328547=2, Pseudaspis-cana_MCZA27068=1, Rhamphiophis-oxyrhynchus_KU290451=1, Crotalus-tigris=1, Vipera-berus=1, Protobothrops-mucrosquamatus=1, Pantherophis-obsoletus=2, Chrysopelea-ornata=2, Thamnophis-elegans=2, Laticauda-laticaudata=2, Myersophis-alpestris_KU308684=2, Oxyrhabdium-leporinum_KU346583=2, Cyclocorus-lineatus_KU335808=2, Oxyrhabdium-cfmodestum_KU338101=2, Tantilla-taeniata_KU289863=2, Grayia-smythii_KU341872=1, Crotalus-viridis=1, Crotalus-adamanteus=1, Pseudoxyrhopus-tritaeniatus_KU340969=2, Dipsas-indica_KU215336=1, Oxyrhabdium-modestum_KU310866=1, Emydocephalus-ijimae=2, Pantherophis-guttatus=2, Sibynophis-bivittatus_KU309608=2, Thermophis-baileyi=2, Pituophis-catenifer=2, Lamprophis-lineatus_EBG706=2, Hydrophis-curtus=2, Pseudoxenodon-sp_KU312221=1, Hemibungarus-mcclungi_KU303027=1, Pseudonaja-textilis=2, Chamaelycus-fasciatus_KU348632=1, Laticauda-colubrina=2, Crotalus-horridus=1, Micrurus-corallinus_KU289205=1, Psammodynastes-pulverulentus_KU329686=1, Hydrophis-melanocephalus=2, Achalinus-spinalis_KU312258=1, Micrelaps-sp_TauM16738=1, Prosymna-visseri_MCZR190223=2, Naja-naja=2, Hydrophis-cyanocinctus=2, Cerberus-schneiderii_KU324534=1}
Using polytree-based weight calculation.
Number of gene trees: 2
2 trees have missing taxa
Calculating distance matrix (for completion of X) ....with 4 distance matrices for parallellism
Species tree distances calculated ...

Will attempt to complete bipartitions from X before adding using a distance matrix.
Building set of clusters (X) from gene trees 
------------------------------
Number of Clusters after addition from gene trees: 331
Number of Clusters after addition by distance: 331
Adding to X using resolutions of greedy consensus ...

Computing greedy consensus  
took 0 seconds
Limit for sigma of degrees:1625

polytomy size limit : > 3
 []
discarded polytomies: 
Threshold 0.0:
Threshold 0.01:
Threshold 0.02:
Threshold 0.05:
Threshold 0.1:
Threshold 0.2:
Threshold 0.3333333333333333:
Number of Clusters after addition by greedy: 331
partitions formed in 0.364 secs
Dynamic Programming starting after 0.364 secs
Polytree max score: 444480
Polytree building time: 0.006 seconds.
Fail to load native library libAstral.dylib; use Java default computing method.
Number of quartet trees in the gene trees: 444480
Computing hash values took 0 seconds
device length is: 2
TREE HEIGHT IS: 12
Size of largest cluster: 63
Size of largest cluster: 63
Finishing up:137 0 136
Total Number of elements: 136
Normalized score (portion of input quartet trees satisfied before correcting for multiple individuals): 0.9099284557235421
Final optimization score: 404445
Optimal tree inferred in 1.641 secs.
Weight calculation using polytrees cumulatively took 0.0 secs
(Scolecophis-atrocinctus_KU289804,(Tantilla-taeniata_KU289863,(Dipsas-indica_KU215336,(Grayia-smythii_KU341872,(((Calamaria-gervaisii_KU327406,((Sibynophis-bivittatus_KU309608,(((((((Micrurus-corallinus_KU289205,(((Pseudonaja-textilis,(Notechis-scutatus,(Emydocephalus-ijimae,((Hydrophis-curtus,Hydrophis-hardwickii),(Hydrophis-cyanocinctus,Hydrophis-melanocephalus))))),(Laticauda-colubrina,Laticauda-laticaudata)),(Ophiophagus-hannah,(Elapsoidea-sundevallii_MCZR190390,(Hemibungarus-mcclungi_KU303027,Naja-naja))))),(((Rhamphiophis-oxyrhynchus_KU290451,(Pseudaspis-cana_MCZA27068,(Lamprophis-lineatus_EBG706,Chamaelycus-fasciatus_KU348632))),(Psammodynastes-pulverulentus_KU328547,Psammodynastes-pulverulentus_KU329686)),(Psammophis-sibilans_RAX2053,(Prosymna-visseri_MCZR190223,(Aparallactus-capensis_MCZA28808,(Pseudoxyrhopus-tritaeniatus_KU340969,Micrelaps-sp_TauM16738)))))),(Cyclocorus-lineatus_KU335808,(Hologerrhum-philippinum_KU330752,((Oxyrhabdium-leporinum_KU346583,(Oxyrhabdium-cfmodestum_KU338101,Oxyrhabdium-modestum_KU310866)),(Myersophis-alpestris_KU308684,Levitonius-mirus_KU337269))))),((Vipera-berus,((Bothrops-jararaca,((Crotalus-adamanteus,(Crotalus-horridus,Crotalus-pyrrhus)),(Crotalus-viridis,Crotalus-tigris))),(Protobothrops-mucrosquamatus,Protobothrops-flavoviridis))),(Achalinus-spinalis_KU312258,Python-molurus))),(Myanophis-thanlyinensis,Cerberus-schneiderii_KU324534)),(Thermophis-baileyi,Pseudoxenodon-sp_KU312221)),(Thamnophis-sirtalis,Thamnophis-elegans))),(Chrysopelea-ornata,Ahaetulla-prasina_KU323364))),(Ptyas-mucosa,(Pituophis-catenifer,(Pantherophis-guttatus,Pantherophis-obsoletus)))),(Buhoma-depressiceps_CFS1528,Boiga-irregularis_KU345021))))));
Final quartet score is: 419400
Final normalized quartet score is: 0.9435745140388769
You may want to ignore posterior probabilities and other statistics related to the following branch branch because the effective number of genes impacting it is only 2:
	{Hydrophis-curtus, Hydrophis-cyanocinctus, Hydrophis-melanocephalus, Emydocephalus-ijimae, Hydrophis-hardwickii}
You may want to ignore posterior probabilities and other statistics related to the following branch branch because the effective number of genes impacting it is only 2:
	{Laticauda-colubrina, Laticauda-laticaudata}
You may want to ignore posterior probabilities and other statistics related to the following branch branch because the effective number of genes impacting it is only 2:
	{Hydrophis-curtus, Hydrophis-cyanocinctus, Hydrophis-melanocephalus, Emydocephalus-ijimae, Notechis-scutatus, Hydrophis-hardwickii}
You may want to ignore posterior probabilities and other statistics related to the following branch branch because the effective number of genes impacting it is only 1:
	{Hydrophis-curtus, Hydrophis-hardwickii}
You may want to ignore posterior probabilities and other statistics related to the following branch branch because the effective number of genes impacting it is only 1:
	{Hemibungarus-mcclungi_KU303027, Naja-naja}
You may want to ignore posterior probabilities and other statistics related to the following branch branch because the effective number of genes impacting it is only 2:
	{Hydrophis-curtus, Hydrophis-cyanocinctus, Hydrophis-melanocephalus, Hydrophis-hardwickii}
You may want to ignore posterior probabilities and other statistics related to the following branch branch because the effective number of genes impacting it is only 2:
	{Hydrophis-cyanocinctus, Hydrophis-melanocephalus}
You may want to ignore posterior probabilities and other statistics related to the following branch branch because the effective number of genes impacting it is only 0:
	{Lamprophis-lineatus_EBG706, Chamaelycus-fasciatus_KU348632}
You may want to ignore posterior probabilities and other statistics related to the following branch branch because the effective number of genes impacting it is only 2:
	{Hydrophis-curtus, Hydrophis-cyanocinctus, Hydrophis-melanocephalus, Emydocephalus-ijimae, Notechis-scutatus, Pseudonaja-textilis, Laticauda-colubrina, Laticauda-laticaudata, Hydrophis-hardwickii}
You may want to ignore posterior probabilities and other statistics related to the following branch branch because the effective number of genes impacting it is only 1:
	{Elapsoidea-sundevallii_MCZR190390, Hemibungarus-mcclungi_KU303027, Naja-naja, Ophiophagus-hannah, Hydrophis-curtus, Hydrophis-cyanocinctus, Hydrophis-melanocephalus, Emydocephalus-ijimae, Notechis-scutatus, Pseudonaja-textilis, Laticauda-colubrina, Laticauda-laticaudata, Hydrophis-hardwickii}
You may want to ignore posterior probabilities and other statistics related to the following branch branch because the effective number of genes impacting it is only 1:
	{Psammodynastes-pulverulentus_KU328547, Psammodynastes-pulverulentus_KU329686}
You may want to ignore posterior probabilities and other statistics related to the following branch branch because the effective number of genes impacting it is only 1:
	{Pseudaspis-cana_MCZA27068, Lamprophis-lineatus_EBG706, Rhamphiophis-oxyrhynchus_KU290451, Chamaelycus-fasciatus_KU348632}
You may want to ignore posterior probabilities and other statistics related to the following branch branch because the effective number of genes impacting it is only 1:
	{Elapsoidea-sundevallii_MCZR190390, Hemibungarus-mcclungi_KU303027, Naja-naja, Ophiophagus-hannah, Hydrophis-curtus, Hydrophis-cyanocinctus, Hydrophis-melanocephalus, Emydocephalus-ijimae, Notechis-scutatus, Pseudonaja-textilis, Laticauda-colubrina, Laticauda-laticaudata, Hydrophis-hardwickii, Micrurus-corallinus_KU289205}
You may want to ignore posterior probabilities and other statistics related to the following branch branch because the effective number of genes impacting it is only 1:
	{Pseudaspis-cana_MCZA27068, Lamprophis-lineatus_EBG706, Chamaelycus-fasciatus_KU348632}
You may want to ignore posterior probabilities and other statistics related to the following branch branch because the effective number of genes impacting it is only 1:
	{Pseudoxyrhopus-tritaeniatus_KU340969, Micrelaps-sp_TauM16738}
You may want to ignore posterior probabilities and other statistics related to the following branch branch because the effective number of genes impacting it is only 2:
	{Elapsoidea-sundevallii_MCZR190390, Hemibungarus-mcclungi_KU303027, Naja-naja}
You may want to ignore posterior probabilities and other statistics related to the following branch branch because the effective number of genes impacting it is only 2:
	{Psammodynastes-pulverulentus_KU328547, Pseudaspis-cana_MCZA27068, Lamprophis-lineatus_EBG706, Rhamphiophis-oxyrhynchus_KU290451, Chamaelycus-fasciatus_KU348632, Psammodynastes-pulverulentus_KU329686}
You may want to ignore posterior probabilities and other statistics related to the following branch branch because the effective number of genes impacting it is only 1:
	{Prosymna-visseri_MCZR190223, Pseudoxyrhopus-tritaeniatus_KU340969, Micrelaps-sp_TauM16738, Aparallactus-capensis_MCZA28808, Psammophis-sibilans_RAX2053}
You may want to ignore posterior probabilities and other statistics related to the following branch branch because the effective number of genes impacting it is only 2:
	{Elapsoidea-sundevallii_MCZR190390, Hemibungarus-mcclungi_KU303027, Naja-naja, Ophiophagus-hannah}
You may want to ignore posterior probabilities and other statistics related to the following branch branch because the effective number of genes impacting it is only 1:
	{Pseudoxyrhopus-tritaeniatus_KU340969, Micrelaps-sp_TauM16738, Aparallactus-capensis_MCZA28808}
You may want to ignore posterior probabilities and other statistics related to the following branch branch because the effective number of genes impacting it is only 1:
	{Oxyrhabdium-cfmodestum_KU338101, Oxyrhabdium-modestum_KU310866}
You may want to ignore posterior probabilities and other statistics related to the following branch branch because the effective number of genes impacting it is only 1:
	{Prosymna-visseri_MCZR190223, Pseudoxyrhopus-tritaeniatus_KU340969, Micrelaps-sp_TauM16738, Aparallactus-capensis_MCZA28808}
You may want to ignore posterior probabilities and other statistics related to the following branch branch because the effective number of genes impacting it is only 2:
	{Prosymna-visseri_MCZR190223, Elapsoidea-sundevallii_MCZR190390, Hemibungarus-mcclungi_KU303027, Naja-naja, Ophiophagus-hannah, Hydrophis-curtus, Hydrophis-cyanocinctus, Hydrophis-melanocephalus, Emydocephalus-ijimae, Notechis-scutatus, Pseudonaja-textilis, Laticauda-colubrina, Laticauda-laticaudata, Pseudoxyrhopus-tritaeniatus_KU340969, Psammodynastes-pulverulentus_KU328547, Pseudaspis-cana_MCZA27068, Lamprophis-lineatus_EBG706, Rhamphiophis-oxyrhynchus_KU290451, Micrelaps-sp_TauM16738, Aparallactus-capensis_MCZA28808, Psammophis-sibilans_RAX2053, Chamaelycus-fasciatus_KU348632, Psammodynastes-pulverulentus_KU329686, Hydrophis-hardwickii, Micrurus-corallinus_KU289205}
You may want to ignore posterior probabilities and other statistics related to the following branch branch because the effective number of genes impacting it is only 2:
	{Hydrophis-curtus, Hydrophis-cyanocinctus, Hydrophis-melanocephalus, Emydocephalus-ijimae, Notechis-scutatus, Pseudonaja-textilis, Hydrophis-hardwickii}
You may want to ignore posterior probabilities and other statistics related to the following branch branch because the effective number of genes impacting it is only 2:
	{Myersophis-alpestris_KU308684, Levitonius-mirus_KU337269, Oxyrhabdium-cfmodestum_KU338101, Oxyrhabdium-leporinum_KU346583, Oxyrhabdium-modestum_KU310866}
You may want to ignore posterior probabilities and other statistics related to the following branch branch because the effective number of genes impacting it is only 1:
	{Crotalus-horridus, Crotalus-pyrrhus}
You may want to ignore posterior probabilities and other statistics related to the following branch branch because the effective number of genes impacting it is only 2:
	{Cyclocorus-lineatus_KU335808, Hologerrhum-philippinum_KU330752, Myersophis-alpestris_KU308684, Levitonius-mirus_KU337269, Oxyrhabdium-cfmodestum_KU338101, Oxyrhabdium-leporinum_KU346583, Oxyrhabdium-modestum_KU310866}
You may want to ignore posterior probabilities and other statistics related to the following branch branch because the effective number of genes impacting it is only 2:
	{Prosymna-visseri_MCZR190223, Pseudoxyrhopus-tritaeniatus_KU340969, Psammodynastes-pulverulentus_KU328547, Pseudaspis-cana_MCZA27068, Lamprophis-lineatus_EBG706, Rhamphiophis-oxyrhynchus_KU290451, Micrelaps-sp_TauM16738, Aparallactus-capensis_MCZA28808, Psammophis-sibilans_RAX2053, Chamaelycus-fasciatus_KU348632, Psammodynastes-pulverulentus_KU329686}
You may want to ignore posterior probabilities and other statistics related to the following branch branch because the effective number of genes impacting it is only 1:
	{Crotalus-viridis, Crotalus-tigris}
You may want to ignore posterior probabilities and other statistics related to the following branch branch because the effective number of genes impacting it is only 1:
	{Prosymna-visseri_MCZR190223, Elapsoidea-sundevallii_MCZR190390, Hemibungarus-mcclungi_KU303027, Naja-naja, Ophiophagus-hannah, Hydrophis-curtus, Hydrophis-cyanocinctus, Hydrophis-melanocephalus, Emydocephalus-ijimae, Notechis-scutatus, Pseudonaja-textilis, Laticauda-colubrina, Laticauda-laticaudata, Pseudoxyrhopus-tritaeniatus_KU340969, Psammodynastes-pulverulentus_KU328547, Pseudaspis-cana_MCZA27068, Lamprophis-lineatus_EBG706, Rhamphiophis-oxyrhynchus_KU290451, Cyclocorus-lineatus_KU335808, Hologerrhum-philippinum_KU330752, Myersophis-alpestris_KU308684, Levitonius-mirus_KU337269, Oxyrhabdium-cfmodestum_KU338101, Oxyrhabdium-leporinum_KU346583, Micrelaps-sp_TauM16738, Aparallactus-capensis_MCZA28808, Psammophis-sibilans_RAX2053, Chamaelycus-fasciatus_KU348632, Psammodynastes-pulverulentus_KU329686, Hydrophis-hardwickii, Micrurus-corallinus_KU289205, Oxyrhabdium-modestum_KU310866}
You may want to ignore posterior probabilities and other statistics related to the following branch branch because the effective number of genes impacting it is only 2:
	{Oxyrhabdium-cfmodestum_KU338101, Oxyrhabdium-leporinum_KU346583, Oxyrhabdium-modestum_KU310866}
You may want to ignore posterior probabilities and other statistics related to the following branch branch because the effective number of genes impacting it is only 2:
	{Hologerrhum-philippinum_KU330752, Myersophis-alpestris_KU308684, Levitonius-mirus_KU337269, Oxyrhabdium-cfmodestum_KU338101, Oxyrhabdium-leporinum_KU346583, Oxyrhabdium-modestum_KU310866}
You may want to ignore posterior probabilities and other statistics related to the following branch branch because the effective number of genes impacting it is only 1:
	{Crotalus-viridis, Crotalus-tigris, Crotalus-adamanteus, Crotalus-horridus, Crotalus-pyrrhus, Bothrops-jararaca}
You may want to ignore posterior probabilities and other statistics related to the following branch branch because the effective number of genes impacting it is only 2:
	{Myersophis-alpestris_KU308684, Levitonius-mirus_KU337269}
You may want to ignore posterior probabilities and other statistics related to the following branch branch because the effective number of genes impacting it is only 1:
	{Protobothrops-mucrosquamatus, Protobothrops-flavoviridis}
You may want to ignore posterior probabilities and other statistics related to the following branch branch because the effective number of genes impacting it is only 1:
	{Crotalus-viridis, Crotalus-tigris, Crotalus-adamanteus, Crotalus-horridus, Crotalus-pyrrhus}
You may want to ignore posterior probabilities and other statistics related to the following branch branch because the effective number of genes impacting it is only 1:
	{Protobothrops-mucrosquamatus, Protobothrops-flavoviridis, Crotalus-viridis, Crotalus-tigris, Crotalus-adamanteus, Crotalus-horridus, Crotalus-pyrrhus, Bothrops-jararaca}
You may want to ignore posterior probabilities and other statistics related to the following branch branch because the effective number of genes impacting it is only 1:
	{Vipera-berus, Protobothrops-mucrosquamatus, Protobothrops-flavoviridis, Crotalus-viridis, Crotalus-tigris, Crotalus-adamanteus, Crotalus-horridus, Crotalus-pyrrhus, Bothrops-jararaca}
You may want to ignore posterior probabilities and other statistics related to the following branch branch because the effective number of genes impacting it is only 1:
	{Achalinus-spinalis_KU312258, Python-molurus, Vipera-berus, Protobothrops-mucrosquamatus, Protobothrops-flavoviridis, Crotalus-viridis, Crotalus-tigris, Crotalus-adamanteus, Crotalus-horridus, Crotalus-pyrrhus, Bothrops-jararaca}
You may want to ignore posterior probabilities and other statistics related to the following branch branch because the effective number of genes impacting it is only 1:
	{Myanophis-thanlyinensis, Cerberus-schneiderii_KU324534}
You may want to ignore posterior probabilities and other statistics related to the following branch branch because the effective number of genes impacting it is only 1:
	{Achalinus-spinalis_KU312258, Python-molurus}
You may want to ignore posterior probabilities and other statistics related to the following branch branch because the effective number of genes impacting it is only 1:
	{Prosymna-visseri_MCZR190223, Elapsoidea-sundevallii_MCZR190390, Hemibungarus-mcclungi_KU303027, Naja-naja, Ophiophagus-hannah, Hydrophis-curtus, Hydrophis-cyanocinctus, Hydrophis-melanocephalus, Emydocephalus-ijimae, Notechis-scutatus, Pseudonaja-textilis, Laticauda-colubrina, Laticauda-laticaudata, Pseudoxyrhopus-tritaeniatus_KU340969, Psammodynastes-pulverulentus_KU328547, Pseudaspis-cana_MCZA27068, Lamprophis-lineatus_EBG706, Rhamphiophis-oxyrhynchus_KU290451, Cyclocorus-lineatus_KU335808, Hologerrhum-philippinum_KU330752, Myersophis-alpestris_KU308684, Levitonius-mirus_KU337269, Oxyrhabdium-cfmodestum_KU338101, Oxyrhabdium-leporinum_KU346583, Achalinus-spinalis_KU312258, Python-molurus, Vipera-berus, Protobothrops-mucrosquamatus, Protobothrops-flavoviridis, Crotalus-viridis, Crotalus-tigris, Crotalus-adamanteus, Crotalus-horridus, Crotalus-pyrrhus, Bothrops-jararaca, Micrelaps-sp_TauM16738, Aparallactus-capensis_MCZA28808, Psammophis-sibilans_RAX2053, Chamaelycus-fasciatus_KU348632, Psammodynastes-pulverulentus_KU329686, Hydrophis-hardwickii, Micrurus-corallinus_KU289205, Oxyrhabdium-modestum_KU310866}
You may want to ignore posterior probabilities and other statistics related to the following branch branch because the effective number of genes impacting it is only 1:
	{Thermophis-baileyi, Pseudoxenodon-sp_KU312221}
You may want to ignore posterior probabilities and other statistics related to the following branch branch because the effective number of genes impacting it is only 1:
	{Crotalus-adamanteus, Crotalus-horridus, Crotalus-pyrrhus}
You may want to ignore posterior probabilities and other statistics related to the following branch branch because the effective number of genes impacting it is only 2:
	{Prosymna-visseri_MCZR190223, Elapsoidea-sundevallii_MCZR190390, Hemibungarus-mcclungi_KU303027, Naja-naja, Ophiophagus-hannah, Hydrophis-curtus, Hydrophis-cyanocinctus, Hydrophis-melanocephalus, Emydocephalus-ijimae, Notechis-scutatus, Pseudonaja-textilis, Laticauda-colubrina, Laticauda-laticaudata, Pseudoxyrhopus-tritaeniatus_KU340969, Psammodynastes-pulverulentus_KU328547, Pseudaspis-cana_MCZA27068, Lamprophis-lineatus_EBG706, Rhamphiophis-oxyrhynchus_KU290451, Cyclocorus-lineatus_KU335808, Hologerrhum-philippinum_KU330752, Myersophis-alpestris_KU308684, Levitonius-mirus_KU337269, Oxyrhabdium-cfmodestum_KU338101, Oxyrhabdium-leporinum_KU346583, Achalinus-spinalis_KU312258, Python-molurus, Vipera-berus, Protobothrops-mucrosquamatus, Protobothrops-flavoviridis, Crotalus-viridis, Crotalus-tigris, Crotalus-adamanteus, Crotalus-horridus, Crotalus-pyrrhus, Bothrops-jararaca, Myanophis-thanlyinensis, Micrelaps-sp_TauM16738, Aparallactus-capensis_MCZA28808, Psammophis-sibilans_RAX2053, Chamaelycus-fasciatus_KU348632, Psammodynastes-pulverulentus_KU329686, Hydrophis-hardwickii, Micrurus-corallinus_KU289205, Cerberus-schneiderii_KU324534, Oxyrhabdium-modestum_KU310866}
You may want to ignore posterior probabilities and other statistics related to the following branch branch because the effective number of genes impacting it is only 2:
	{Prosymna-visseri_MCZR190223, Elapsoidea-sundevallii_MCZR190390, Hemibungarus-mcclungi_KU303027, Naja-naja, Ophiophagus-hannah, Hydrophis-curtus, Hydrophis-cyanocinctus, Hydrophis-melanocephalus, Emydocephalus-ijimae, Notechis-scutatus, Pseudonaja-textilis, Laticauda-colubrina, Laticauda-laticaudata, Pseudoxyrhopus-tritaeniatus_KU340969, Psammodynastes-pulverulentus_KU328547, Pseudaspis-cana_MCZA27068, Lamprophis-lineatus_EBG706, Rhamphiophis-oxyrhynchus_KU290451, Cyclocorus-lineatus_KU335808, Hologerrhum-philippinum_KU330752, Myersophis-alpestris_KU308684, Levitonius-mirus_KU337269, Oxyrhabdium-cfmodestum_KU338101, Oxyrhabdium-leporinum_KU346583, Achalinus-spinalis_KU312258, Python-molurus, Vipera-berus, Protobothrops-mucrosquamatus, Protobothrops-flavoviridis, Crotalus-viridis, Crotalus-tigris, Crotalus-adamanteus, Crotalus-horridus, Crotalus-pyrrhus, Bothrops-jararaca, Myanophis-thanlyinensis, Thermophis-baileyi, Micrelaps-sp_TauM16738, Aparallactus-capensis_MCZA28808, Psammophis-sibilans_RAX2053, Chamaelycus-fasciatus_KU348632, Psammodynastes-pulverulentus_KU329686, Hydrophis-hardwickii, Micrurus-corallinus_KU289205, Cerberus-schneiderii_KU324534, Pseudoxenodon-sp_KU312221, Oxyrhabdium-modestum_KU310866}
You may want to ignore posterior probabilities and other statistics related to the following branch branch because the effective number of genes impacting it is only 1:
	{Sibynophis-bivittatus_KU309608, Prosymna-visseri_MCZR190223, Elapsoidea-sundevallii_MCZR190390, Hemibungarus-mcclungi_KU303027, Naja-naja, Ophiophagus-hannah, Hydrophis-curtus, Hydrophis-cyanocinctus, Hydrophis-melanocephalus, Emydocephalus-ijimae, Notechis-scutatus, Pseudonaja-textilis, Laticauda-colubrina, Laticauda-laticaudata, Pseudoxyrhopus-tritaeniatus_KU340969, Psammodynastes-pulverulentus_KU328547, Pseudaspis-cana_MCZA27068, Lamprophis-lineatus_EBG706, Rhamphiophis-oxyrhynchus_KU290451, Cyclocorus-lineatus_KU335808, Hologerrhum-philippinum_KU330752, Myersophis-alpestris_KU308684, Levitonius-mirus_KU337269, Oxyrhabdium-cfmodestum_KU338101, Oxyrhabdium-leporinum_KU346583, Achalinus-spinalis_KU312258, Python-molurus, Vipera-berus, Protobothrops-mucrosquamatus, Protobothrops-flavoviridis, Crotalus-viridis, Crotalus-tigris, Crotalus-adamanteus, Crotalus-horridus, Crotalus-pyrrhus, Bothrops-jararaca, Myanophis-thanlyinensis, Thermophis-baileyi, Thamnophis-sirtalis, Thamnophis-elegans, Chrysopelea-ornata, Ahaetulla-prasina_KU323364, Calamaria-gervaisii_KU327406, Micrelaps-sp_TauM16738, Aparallactus-capensis_MCZA28808, Psammophis-sibilans_RAX2053, Chamaelycus-fasciatus_KU348632, Psammodynastes-pulverulentus_KU329686, Hydrophis-hardwickii, Micrurus-corallinus_KU289205, Cerberus-schneiderii_KU324534, Pseudoxenodon-sp_KU312221, Oxyrhabdium-modestum_KU310866}
You may want to ignore posterior probabilities and other statistics related to the following branch branch because the effective number of genes impacting it is only 1:
	{Sibynophis-bivittatus_KU309608, Prosymna-visseri_MCZR190223, Elapsoidea-sundevallii_MCZR190390, Hemibungarus-mcclungi_KU303027, Naja-naja, Ophiophagus-hannah, Hydrophis-curtus, Hydrophis-cyanocinctus, Hydrophis-melanocephalus, Emydocephalus-ijimae, Notechis-scutatus, Pseudonaja-textilis, Laticauda-colubrina, Laticauda-laticaudata, Pseudoxyrhopus-tritaeniatus_KU340969, Psammodynastes-pulverulentus_KU328547, Pseudaspis-cana_MCZA27068, Lamprophis-lineatus_EBG706, Rhamphiophis-oxyrhynchus_KU290451, Cyclocorus-lineatus_KU335808, Hologerrhum-philippinum_KU330752, Myersophis-alpestris_KU308684, Levitonius-mirus_KU337269, Oxyrhabdium-cfmodestum_KU338101, Oxyrhabdium-leporinum_KU346583, Achalinus-spinalis_KU312258, Python-molurus, Vipera-berus, Protobothrops-mucrosquamatus, Protobothrops-flavoviridis, Crotalus-viridis, Crotalus-tigris, Crotalus-adamanteus, Crotalus-horridus, Crotalus-pyrrhus, Bothrops-jararaca, Myanophis-thanlyinensis, Thermophis-baileyi, Thamnophis-sirtalis, Thamnophis-elegans, Chrysopelea-ornata, Ahaetulla-prasina_KU323364, Micrelaps-sp_TauM16738, Aparallactus-capensis_MCZA28808, Psammophis-sibilans_RAX2053, Chamaelycus-fasciatus_KU348632, Psammodynastes-pulverulentus_KU329686, Hydrophis-hardwickii, Micrurus-corallinus_KU289205, Cerberus-schneiderii_KU324534, Pseudoxenodon-sp_KU312221, Oxyrhabdium-modestum_KU310866}
You may want to ignore posterior probabilities and other statistics related to the following branch branch because the effective number of genes impacting it is only 2:
	{Thamnophis-sirtalis, Thamnophis-elegans}
You may want to ignore posterior probabilities and other statistics related to the following branch branch because the effective number of genes impacting it is only 2:
	{Prosymna-visseri_MCZR190223, Elapsoidea-sundevallii_MCZR190390, Hemibungarus-mcclungi_KU303027, Naja-naja, Ophiophagus-hannah, Hydrophis-curtus, Hydrophis-cyanocinctus, Hydrophis-melanocephalus, Emydocephalus-ijimae, Notechis-scutatus, Pseudonaja-textilis, Laticauda-colubrina, Laticauda-laticaudata, Pseudoxyrhopus-tritaeniatus_KU340969, Psammodynastes-pulverulentus_KU328547, Pseudaspis-cana_MCZA27068, Lamprophis-lineatus_EBG706, Rhamphiophis-oxyrhynchus_KU290451, Cyclocorus-lineatus_KU335808, Hologerrhum-philippinum_KU330752, Myersophis-alpestris_KU308684, Levitonius-mirus_KU337269, Oxyrhabdium-cfmodestum_KU338101, Oxyrhabdium-leporinum_KU346583, Achalinus-spinalis_KU312258, Python-molurus, Vipera-berus, Protobothrops-mucrosquamatus, Protobothrops-flavoviridis, Crotalus-viridis, Crotalus-tigris, Crotalus-adamanteus, Crotalus-horridus, Crotalus-pyrrhus, Bothrops-jararaca, Myanophis-thanlyinensis, Thermophis-baileyi, Thamnophis-sirtalis, Thamnophis-elegans, Micrelaps-sp_TauM16738, Aparallactus-capensis_MCZA28808, Psammophis-sibilans_RAX2053, Chamaelycus-fasciatus_KU348632, Psammodynastes-pulverulentus_KU329686, Hydrophis-hardwickii, Micrurus-corallinus_KU289205, Cerberus-schneiderii_KU324534, Pseudoxenodon-sp_KU312221, Oxyrhabdium-modestum_KU310866}
You may want to ignore posterior probabilities and other statistics related to the following branch branch because the effective number of genes impacting it is only 2:
	{Sibynophis-bivittatus_KU309608, Prosymna-visseri_MCZR190223, Elapsoidea-sundevallii_MCZR190390, Hemibungarus-mcclungi_KU303027, Naja-naja, Ophiophagus-hannah, Hydrophis-curtus, Hydrophis-cyanocinctus, Hydrophis-melanocephalus, Emydocephalus-ijimae, Notechis-scutatus, Pseudonaja-textilis, Laticauda-colubrina, Laticauda-laticaudata, Pseudoxyrhopus-tritaeniatus_KU340969, Psammodynastes-pulverulentus_KU328547, Pseudaspis-cana_MCZA27068, Lamprophis-lineatus_EBG706, Rhamphiophis-oxyrhynchus_KU290451, Cyclocorus-lineatus_KU335808, Hologerrhum-philippinum_KU330752, Myersophis-alpestris_KU308684, Levitonius-mirus_KU337269, Oxyrhabdium-cfmodestum_KU338101, Oxyrhabdium-leporinum_KU346583, Achalinus-spinalis_KU312258, Python-molurus, Vipera-berus, Protobothrops-mucrosquamatus, Protobothrops-flavoviridis, Crotalus-viridis, Crotalus-tigris, Crotalus-adamanteus, Crotalus-horridus, Crotalus-pyrrhus, Bothrops-jararaca, Myanophis-thanlyinensis, Thermophis-baileyi, Thamnophis-sirtalis, Thamnophis-elegans, Micrelaps-sp_TauM16738, Aparallactus-capensis_MCZA28808, Psammophis-sibilans_RAX2053, Chamaelycus-fasciatus_KU348632, Psammodynastes-pulverulentus_KU329686, Hydrophis-hardwickii, Micrurus-corallinus_KU289205, Cerberus-schneiderii_KU324534, Pseudoxenodon-sp_KU312221, Oxyrhabdium-modestum_KU310866}
You may want to ignore posterior probabilities and other statistics related to the following branch branch because the effective number of genes impacting it is only 2:
	{Chrysopelea-ornata, Ahaetulla-prasina_KU323364}
You may want to ignore posterior probabilities and other statistics related to the following branch branch because the effective number of genes impacting it is only 1:
	{Sibynophis-bivittatus_KU309608, Prosymna-visseri_MCZR190223, Elapsoidea-sundevallii_MCZR190390, Hemibungarus-mcclungi_KU303027, Naja-naja, Ophiophagus-hannah, Hydrophis-curtus, Hydrophis-cyanocinctus, Hydrophis-melanocephalus, Emydocephalus-ijimae, Notechis-scutatus, Pseudonaja-textilis, Laticauda-colubrina, Laticauda-laticaudata, Pseudoxyrhopus-tritaeniatus_KU340969, Psammodynastes-pulverulentus_KU328547, Pseudaspis-cana_MCZA27068, Lamprophis-lineatus_EBG706, Rhamphiophis-oxyrhynchus_KU290451, Cyclocorus-lineatus_KU335808, Hologerrhum-philippinum_KU330752, Myersophis-alpestris_KU308684, Levitonius-mirus_KU337269, Oxyrhabdium-cfmodestum_KU338101, Oxyrhabdium-leporinum_KU346583, Achalinus-spinalis_KU312258, Python-molurus, Vipera-berus, Protobothrops-mucrosquamatus, Protobothrops-flavoviridis, Crotalus-viridis, Crotalus-tigris, Crotalus-adamanteus, Crotalus-horridus, Crotalus-pyrrhus, Bothrops-jararaca, Myanophis-thanlyinensis, Thermophis-baileyi, Thamnophis-sirtalis, Thamnophis-elegans, Chrysopelea-ornata, Ahaetulla-prasina_KU323364, Calamaria-gervaisii_KU327406, Pantherophis-guttatus, Pantherophis-obsoletus, Pituophis-catenifer, Ptyas-mucosa, Buhoma-depressiceps_CFS1528, Boiga-irregularis_KU345021, Micrelaps-sp_TauM16738, Aparallactus-capensis_MCZA28808, Psammophis-sibilans_RAX2053, Chamaelycus-fasciatus_KU348632, Psammodynastes-pulverulentus_KU329686, Hydrophis-hardwickii, Micrurus-corallinus_KU289205, Cerberus-schneiderii_KU324534, Pseudoxenodon-sp_KU312221, Oxyrhabdium-modestum_KU310866}
You may want to ignore posterior probabilities and other statistics related to the following branch branch because the effective number of genes impacting it is only 2:
	{Buhoma-depressiceps_CFS1528, Boiga-irregularis_KU345021}
You may want to ignore posterior probabilities and other statistics related to the following branch branch because the effective number of genes impacting it is only 1:
	{Sibynophis-bivittatus_KU309608, Prosymna-visseri_MCZR190223, Elapsoidea-sundevallii_MCZR190390, Hemibungarus-mcclungi_KU303027, Naja-naja, Ophiophagus-hannah, Hydrophis-curtus, Hydrophis-cyanocinctus, Hydrophis-melanocephalus, Emydocephalus-ijimae, Notechis-scutatus, Pseudonaja-textilis, Laticauda-colubrina, Laticauda-laticaudata, Pseudoxyrhopus-tritaeniatus_KU340969, Psammodynastes-pulverulentus_KU328547, Pseudaspis-cana_MCZA27068, Lamprophis-lineatus_EBG706, Rhamphiophis-oxyrhynchus_KU290451, Cyclocorus-lineatus_KU335808, Hologerrhum-philippinum_KU330752, Myersophis-alpestris_KU308684, Levitonius-mirus_KU337269, Oxyrhabdium-cfmodestum_KU338101, Oxyrhabdium-leporinum_KU346583, Achalinus-spinalis_KU312258, Python-molurus, Vipera-berus, Protobothrops-mucrosquamatus, Protobothrops-flavoviridis, Crotalus-viridis, Crotalus-tigris, Crotalus-adamanteus, Crotalus-horridus, Crotalus-pyrrhus, Bothrops-jararaca, Myanophis-thanlyinensis, Thermophis-baileyi, Thamnophis-sirtalis, Thamnophis-elegans, Chrysopelea-ornata, Ahaetulla-prasina_KU323364, Calamaria-gervaisii_KU327406, Pantherophis-guttatus, Pantherophis-obsoletus, Pituophis-catenifer, Ptyas-mucosa, Buhoma-depressiceps_CFS1528, Boiga-irregularis_KU345021, Micrelaps-sp_TauM16738, Aparallactus-capensis_MCZA28808, Psammophis-sibilans_RAX2053, Chamaelycus-fasciatus_KU348632, Psammodynastes-pulverulentus_KU329686, Hydrophis-hardwickii, Micrurus-corallinus_KU289205, Cerberus-schneiderii_KU324534, Pseudoxenodon-sp_KU312221, Grayia-smythii_KU341872, Oxyrhabdium-modestum_KU310866, Dipsas-indica_KU215336}
You may want to ignore posterior probabilities and other statistics related to the following branch branch because the effective number of genes impacting it is only 2:
	{Pantherophis-guttatus, Pantherophis-obsoletus}
You may want to ignore posterior probabilities and other statistics related to the following branch branch because the effective number of genes impacting it is only 1:
	{Sibynophis-bivittatus_KU309608, Prosymna-visseri_MCZR190223, Elapsoidea-sundevallii_MCZR190390, Hemibungarus-mcclungi_KU303027, Naja-naja, Ophiophagus-hannah, Hydrophis-curtus, Hydrophis-cyanocinctus, Hydrophis-melanocephalus, Emydocephalus-ijimae, Notechis-scutatus, Pseudonaja-textilis, Laticauda-colubrina, Laticauda-laticaudata, Pseudoxyrhopus-tritaeniatus_KU340969, Psammodynastes-pulverulentus_KU328547, Pseudaspis-cana_MCZA27068, Lamprophis-lineatus_EBG706, Rhamphiophis-oxyrhynchus_KU290451, Cyclocorus-lineatus_KU335808, Hologerrhum-philippinum_KU330752, Myersophis-alpestris_KU308684, Levitonius-mirus_KU337269, Oxyrhabdium-cfmodestum_KU338101, Oxyrhabdium-leporinum_KU346583, Achalinus-spinalis_KU312258, Python-molurus, Vipera-berus, Protobothrops-mucrosquamatus, Protobothrops-flavoviridis, Crotalus-viridis, Crotalus-tigris, Crotalus-adamanteus, Crotalus-horridus, Crotalus-pyrrhus, Bothrops-jararaca, Myanophis-thanlyinensis, Thermophis-baileyi, Thamnophis-sirtalis, Thamnophis-elegans, Chrysopelea-ornata, Ahaetulla-prasina_KU323364, Calamaria-gervaisii_KU327406, Pantherophis-guttatus, Pantherophis-obsoletus, Pituophis-catenifer, Ptyas-mucosa, Buhoma-depressiceps_CFS1528, Boiga-irregularis_KU345021, Micrelaps-sp_TauM16738, Aparallactus-capensis_MCZA28808, Psammophis-sibilans_RAX2053, Chamaelycus-fasciatus_KU348632, Psammodynastes-pulverulentus_KU329686, Hydrophis-hardwickii, Micrurus-corallinus_KU289205, Cerberus-schneiderii_KU324534, Pseudoxenodon-sp_KU312221, Grayia-smythii_KU341872, Oxyrhabdium-modestum_KU310866}
You may want to ignore posterior probabilities and other statistics related to the following branch branch because the effective number of genes impacting it is only 2:
	{Sibynophis-bivittatus_KU309608, Prosymna-visseri_MCZR190223, Elapsoidea-sundevallii_MCZR190390, Hemibungarus-mcclungi_KU303027, Naja-naja, Ophiophagus-hannah, Hydrophis-curtus, Hydrophis-cyanocinctus, Hydrophis-melanocephalus, Emydocephalus-ijimae, Notechis-scutatus, Pseudonaja-textilis, Laticauda-colubrina, Laticauda-laticaudata, Pseudoxyrhopus-tritaeniatus_KU340969, Psammodynastes-pulverulentus_KU328547, Pseudaspis-cana_MCZA27068, Lamprophis-lineatus_EBG706, Rhamphiophis-oxyrhynchus_KU290451, Cyclocorus-lineatus_KU335808, Hologerrhum-philippinum_KU330752, Myersophis-alpestris_KU308684, Levitonius-mirus_KU337269, Oxyrhabdium-cfmodestum_KU338101, Oxyrhabdium-leporinum_KU346583, Achalinus-spinalis_KU312258, Python-molurus, Vipera-berus, Protobothrops-mucrosquamatus, Protobothrops-flavoviridis, Crotalus-viridis, Crotalus-tigris, Crotalus-adamanteus, Crotalus-horridus, Crotalus-pyrrhus, Bothrops-jararaca, Myanophis-thanlyinensis, Thermophis-baileyi, Thamnophis-sirtalis, Thamnophis-elegans, Chrysopelea-ornata, Ahaetulla-prasina_KU323364, Calamaria-gervaisii_KU327406, Pantherophis-guttatus, Pantherophis-obsoletus, Pituophis-catenifer, Ptyas-mucosa, Micrelaps-sp_TauM16738, Aparallactus-capensis_MCZA28808, Psammophis-sibilans_RAX2053, Chamaelycus-fasciatus_KU348632, Psammodynastes-pulverulentus_KU329686, Hydrophis-hardwickii, Micrurus-corallinus_KU289205, Cerberus-schneiderii_KU324534, Pseudoxenodon-sp_KU312221, Oxyrhabdium-modestum_KU310866}
You may want to ignore posterior probabilities and other statistics related to the following branch branch because the effective number of genes impacting it is only 2:
	{Pantherophis-guttatus, Pantherophis-obsoletus, Pituophis-catenifer}
You may want to ignore posterior probabilities and other statistics related to the following branch branch because the effective number of genes impacting it is only 2:
	{Pantherophis-guttatus, Pantherophis-obsoletus, Pituophis-catenifer, Ptyas-mucosa}
Warning: node has effective N ==0 and so no quartet resolutions: 
(Lamprophis-lineatus_EBG706,Chamaelycus-fasciatus_KU348632);
(Scolecophis-atrocinctus_KU289804,(Tantilla-taeniata_KU289863,(Dipsas-indica_KU215336,(Grayia-smythii_KU341872,(((Calamaria-gervaisii_KU327406,((Sibynophis-bivittatus_KU309608,(((((((Micrurus-corallinus_KU289205,(((Pseudonaja-textilis,(Notechis-scutatus,(Emydocephalus-ijimae,((Hydrophis-curtus,Hydrophis-hardwickii)0.67:0.2876820724517809,(Hydrophis-cyanocinctus,Hydrophis-melanocephalus)0.87:0.6931471805599453)0.87:0.6931471805599453)0.87:0.6931471805599453)0.42:0.0)0.87:0.6931471805599453,(Laticauda-colubrina,Laticauda-laticaudata)0.87:0.6931471805599453)0.87:0.6931471805599453,(Ophiophagus-hannah,(Elapsoidea-sundevallii_MCZR190390,(Hemibungarus-mcclungi_KU303027,Naja-naja)0.67:0.2876820724517809)0.42:0.0)0.87:0.6931471805599453)0.67:0.2876820724517809)0.67:0.2876820724517809,(((Rhamphiophis-oxyrhynchus_KU290451,(Pseudaspis-cana_MCZA27068,(Lamprophis-lineatus_EBG706,Chamaelycus-fasciatus_KU348632)0.33:0.0)0.67:0.2876820724517809)0.67:0.2876820724517809,(Psammodynastes-pulverulentus_KU328547,Psammodynastes-pulverulentus_KU329686)0.67:0.2876820724517809)0.48:0.06899287148695143,(Psammophis-sibilans_RAX2053,(Prosymna-visseri_MCZR190223,(Aparallactus-capensis_MCZA28808,(Pseudoxyrhopus-tritaeniatus_KU340969,Micrelaps-sp_TauM16738)0.67:0.2876820724517809)0.67:0.2876820724517809)0.67:0.2876820724517809)0.67:0.2876820724517809)0.48:0.06453852113757118)0.87:0.6931471805599453,(Cyclocorus-lineatus_KU335808,(Hologerrhum-philippinum_KU330752,((Oxyrhabdium-leporinum_KU346583,(Oxyrhabdium-cfmodestum_KU338101,Oxyrhabdium-modestum_KU310866)0.67:0.2876820724517809)0.87:0.6931471805599453,(Myersophis-alpestris_KU308684,Levitonius-mirus_KU337269)0.87:0.6931471805599453)0.87:0.6931471805599453)0.42:0.0)0.87:0.6931471805599453)0.67:0.2876820724517809,((Vipera-berus,((Bothrops-jararaca,((Crotalus-adamanteus,(Crotalus-horridus,Crotalus-pyrrhus)0.67:0.2876820724517809)0.67:0.2876820724517809,(Crotalus-viridis,Crotalus-tigris)0.67:0.2876820724517809)0.67:0.2876820724517809)0.67:0.2876820724517809,(Protobothrops-mucrosquamatus,Protobothrops-flavoviridis)0.67:0.2876820724517809)0.67:0.2876820724517809)0.67:0.2876820724517809,(Achalinus-spinalis_KU312258,Python-molurus)0.67:0.2876820724517809)0.67:0.2876820724517809)0.67:0.2876820724517809,(Myanophis-thanlyinensis,Cerberus-schneiderii_KU324534)0.67:0.2876820724517809)0.72:0.36161322557931486,(Thermophis-baileyi,Pseudoxenodon-sp_KU312221)0.31:0.0)0.45:0.008722796740353762,(Thamnophis-sirtalis,Thamnophis-elegans)0.87:0.6931471805599453)0.77:0.45198512374305744)0.68:0.3011050927839216,(Chrysopelea-ornata,Ahaetulla-prasina_KU323364)0.87:0.6931471805599453)0.67:0.2876820724517809)0.67:0.2876820724517809,(Ptyas-mucosa,(Pituophis-catenifer,(Pantherophis-guttatus,Pantherophis-obsoletus)0.87:0.6931471805599453)0.87:0.6931471805599453)0.87:0.6931471805599453)0.46:0.013245226750020567,(Buhoma-depressiceps_CFS1528,Boiga-irregularis_KU345021)0.53:0.1000834585569824)0.57:0.13353139262452274)0.67:0.2876820724517809)0.67:0.2876820724517809));
ASTRAL finished in 1.825 secs
Shutting down threading
