

================== ASTRAL ===================== 

This is ASTRAL version 5.15.5
Warning: 
 Fail to load native library libAstral.dylib; use Java default computing method without AVX2, which is 4X slower. 
 Make sure you are using the correct Djava.library.path (to the `lib` directory under ASTRAL where libAstral.dylib can be found). 
 Trying running make.sh. For mode debugging, run: java -Djava.library.path=lib/ -jar native_library_tester.jar
Gene trees are treated as unrooted
Detected GPU devices: 
Device 1 of 2: Apple M1 cl_device_id[0xffffffff] Vendor: Intel
Device 2 of 2: Apple M1 cl_device_id[0x1027f00] Vendor: Apple
Will use Device : Apple M1
Will use Device : Apple M1
Starting 8 threads ...
There are 8 threads used to run.
43 trees read from /dev/fd/11
All output trees will be *arbitrarily* rooted at Pseudoxyrhopus-tritaeniatus_KU340969

======== Running the main analysis
Number of taxa: 66 (66 species)
Taxa: [Pseudoxyrhopus-tritaeniatus_KU340969, Chamaelycus-fasciatus_KU348632, Cerberus-schneiderii_KU324534, Myanophis-thanlyinensis, Chrysopelea-ornata, Ahaetulla-prasina_KU323364, Calamaria-gervaisii_KU327406, Dipsas-indica_KU215336, Aplopeltura-boa_KU315147, Grayia-smythii_KU341872, Pseudoxenodon-sp_KU312221, Scolecophis-atrocinctus_KU289804, Tantilla-taeniata_KU289863, Pantherophis-guttatus, Pantherophis-obsoletus, Pituophis-catenifer, Ptyas-mucosa, Boiga-irregularis_KU345021, Sibynophis-bivittatus_KU309608, Achalinus-spinalis_KU312258, Acrochordus-granulatus_KU302952, Python-molurus, Boa-constrictor, Crotalus-pyrrhus, Crotalus-tigris, Crotalus-adamanteus, Crotalus-viridis, Crotalus-horridus, Protobothrops-mucrosquamatus, Protobothrops-flavoviridis, Bothrops-jararaca, Vipera-berus, Thamnophis-sirtalis, Thamnophis-elegans, Thermophis-baileyi, Oxyrhabdium-modestum_KU310866, Oxyrhabdium-cfmodestum_KU338101, Oxyrhabdium-leporinum_KU346583, Myersophis-alpestris_KU308684, Cyclocorus-lineatus_KU335808, Hemibungarus-mcclungi_KU303027, Hydrophis-curtus, Hydrophis-melanocephalus, Hydrophis-hardwickii, Hydrophis-cyanocinctus, Emydocephalus-ijimae, Pseudonaja-textilis, Notechis-scutatus, Laticauda-colubrina, Laticauda-laticaudata, Elapsoidea-sundevallii_MCZR190390, Ophiophagus-hannah, Micrurus-corallinus_KU289205, Naja-naja, Buhoma-depressiceps_CFS1528, Micrelaps-sp_TauM16738, Psammodynastes-pulverulentus_KU328547, Psammodynastes-pulverulentus_KU329686, Prosymna-visseri_MCZR190223, Rhamphiophis-oxyrhynchus_KU290451, Aparallactus-capensis_MCZA28808, Pseudaspis-cana_MCZA27068, Lamprophis-lineatus_EBG706, Psammophis-sibilans_RAX2053, Hologerrhum-philippinum_KU330752, Levitonius-mirus_KU337269]
Taxon occupancy: {Protobothrops-flavoviridis=34, Thamnophis-sirtalis=35, Hologerrhum-philippinum_KU330752=34, Hydrophis-hardwickii=36, Psammophis-sibilans_RAX2053=31, Crotalus-pyrrhus=38, Bothrops-jararaca=38, Elapsoidea-sundevallii_MCZR190390=36, Notechis-scutatus=36, Levitonius-mirus_KU337269=33, Buhoma-depressiceps_CFS1528=34, Ophiophagus-hannah=37, Calamaria-gervaisii_KU327406=31, Scolecophis-atrocinctus_KU289804=34, Ptyas-mucosa=36, Boiga-irregularis_KU345021=35, Aparallactus-capensis_MCZA28808=29, Myanophis-thanlyinensis=36, Ahaetulla-prasina_KU323364=33, Python-molurus=30, Psammodynastes-pulverulentus_KU328547=37, Pseudaspis-cana_MCZA27068=33, Crotalus-tigris=37, Rhamphiophis-oxyrhynchus_KU290451=34, Pantherophis-obsoletus=37, Protobothrops-mucrosquamatus=38, Vipera-berus=33, Chrysopelea-ornata=31, Thamnophis-elegans=37, Laticauda-laticaudata=40, Myersophis-alpestris_KU308684=33, Oxyrhabdium-leporinum_KU346583=36, Acrochordus-granulatus_KU302952=29, Cyclocorus-lineatus_KU335808=35, Oxyrhabdium-cfmodestum_KU338101=36, Grayia-smythii_KU341872=36, Tantilla-taeniata_KU289863=34, Crotalus-viridis=32, Crotalus-adamanteus=37, Pseudoxyrhopus-tritaeniatus_KU340969=34, Dipsas-indica_KU215336=32, Oxyrhabdium-modestum_KU310866=36, Emydocephalus-ijimae=36, Pantherophis-guttatus=33, Aplopeltura-boa_KU315147=29, Sibynophis-bivittatus_KU309608=34, Thermophis-baileyi=38, Pituophis-catenifer=27, Lamprophis-lineatus_EBG706=31, Hydrophis-curtus=39, Pseudoxenodon-sp_KU312221=37, Chamaelycus-fasciatus_KU348632=31, Hemibungarus-mcclungi_KU303027=37, Pseudonaja-textilis=38, Laticauda-colubrina=36, Crotalus-horridus=34, Boa-constrictor=31, Micrurus-corallinus_KU289205=35, Psammodynastes-pulverulentus_KU329686=32, Achalinus-spinalis_KU312258=28, Hydrophis-melanocephalus=36, Micrelaps-sp_TauM16738=33, Prosymna-visseri_MCZR190223=36, Naja-naja=43, Hydrophis-cyanocinctus=40, Cerberus-schneiderii_KU324534=32}
Using polytree-based weight calculation.
Number of gene trees: 43
42 trees have missing taxa
Calculating distance matrix (for completion of X) ....with 4 distance matrices for parallellism
Species tree distances calculated ...

Will attempt to complete bipartitions from X before adding using a distance matrix.
Building set of clusters (X) from gene trees 
------------------------------
Number of Clusters after addition from gene trees: 1459
Number of Clusters after addition by distance: 1459
Adding to X using resolutions of greedy consensus ...

Computing greedy consensus  
took 0 seconds
Limit for sigma of degrees:1700

polytomy size limit : > 10
 [3, 3, 3, 3, 4, 5, 7, 7, 10]
discarded polytomies: 
Threshold 0.0:
Threshold 0.01:
Threshold 0.02:
Threshold 0.05:
polytomy of size 3; rounds with additions with at least 5 support: 1; clusters: 1469
Threshold 0.1:
polytomy of size 5; rounds with additions with at least 5 support: 1; clusters: 1471
Threshold 0.2:
polytomy of size 3; rounds with additions with at least 5 support: 0; clusters: 1469
polytomy of size 4; rounds with additions with at least 5 support: 0; clusters: 1469
polytomy of size 7; rounds with additions with at least 5 support: 0; clusters: 1475
Threshold 0.3333333333333333:
polytomy of size 3; rounds with additions with at least 5 support: 0; clusters: 1469
polytomy of size 3; rounds with additions with at least 5 support: 0; clusters: 1471
polytomy of size 7; rounds with additions with at least 5 support: 0; clusters: 1475
polytomy of size 10; rounds with additions with at least 5 support: 0; clusters: 1475
Number of Clusters after addition by greedy: 1475
partitions formed in 1.137 secs
Dynamic Programming starting after 1.137 secs
Polytree max score: 16232252
Polytree building time: 0.024 seconds.
Fail to load native library libAstral.dylib; use Java default computing method.
Number of quartet trees in the gene trees: 16232252
Computing hash values took 0 seconds
device length is: 2
TREE HEIGHT IS: 13
Size of largest cluster: 66
Size of largest cluster: 66
Finishing up:1990 0 1989
Total Number of elements: 1989
Normalized score (portion of input quartet trees satisfied before correcting for multiple individuals): 0.8554994710530616
Final optimization score: 13886683
Optimal tree inferred in 2.329 secs.
Weight calculation using polytrees cumulatively took 0.0 secs
(Pseudoxyrhopus-tritaeniatus_KU340969,((Aparallactus-capensis_MCZA28808,((Micrelaps-sp_TauM16738,(((((((Vipera-berus,((Bothrops-jararaca,(Crotalus-horridus,((Crotalus-pyrrhus,Crotalus-tigris),(Crotalus-adamanteus,Crotalus-viridis)))),(Protobothrops-mucrosquamatus,Protobothrops-flavoviridis))),(Aplopeltura-boa_KU315147,(Achalinus-spinalis_KU312258,(Acrochordus-granulatus_KU302952,(Python-molurus,Boa-constrictor))))),(Cerberus-schneiderii_KU324534,Myanophis-thanlyinensis)),(((Pseudoxenodon-sp_KU312221,(Sibynophis-bivittatus_KU309608,(Calamaria-gervaisii_KU327406,(Grayia-smythii_KU341872,((Boiga-irregularis_KU345021,((Ptyas-mucosa,(Pantherophis-guttatus,(Pantherophis-obsoletus,Pituophis-catenifer))),(Scolecophis-atrocinctus_KU289804,Tantilla-taeniata_KU289863))),(Chrysopelea-ornata,Ahaetulla-prasina_KU323364)))))),(Dipsas-indica_KU215336,Thermophis-baileyi)),(Thamnophis-sirtalis,Thamnophis-elegans))),(((Oxyrhabdium-leporinum_KU346583,(Oxyrhabdium-modestum_KU310866,Oxyrhabdium-cfmodestum_KU338101)),(Myersophis-alpestris_KU308684,Levitonius-mirus_KU337269)),(Cyclocorus-lineatus_KU335808,Hologerrhum-philippinum_KU330752))),((Elapsoidea-sundevallii_MCZR190390,(Micrurus-corallinus_KU289205,((Pseudonaja-textilis,(Notechis-scutatus,(Emydocephalus-ijimae,((Hydrophis-melanocephalus,Hydrophis-cyanocinctus),(Hydrophis-curtus,Hydrophis-hardwickii))))),(Laticauda-colubrina,Laticauda-laticaudata)))),(Hemibungarus-mcclungi_KU303027,(Ophiophagus-hannah,Naja-naja)))),(Psammodynastes-pulverulentus_KU328547,Psammodynastes-pulverulentus_KU329686))),((Prosymna-visseri_MCZR190223,(Chamaelycus-fasciatus_KU348632,Lamprophis-lineatus_EBG706)),(Rhamphiophis-oxyrhynchus_KU290451,Psammophis-sibilans_RAX2053)))),(Buhoma-depressiceps_CFS1528,Pseudaspis-cana_MCZA27068)));
Final quartet score is: 13571075
Final normalized quartet score is: 0.8360562046473896
You may want to ignore posterior probabilities and other statistics related to the following branch branch because the effective number of genes impacting it is only 19:
	{Python-molurus, Boa-constrictor}
(Pseudoxyrhopus-tritaeniatus_KU340969,((Aparallactus-capensis_MCZA28808,((Micrelaps-sp_TauM16738,(((((((Vipera-berus,((Bothrops-jararaca,(Crotalus-horridus,((Crotalus-pyrrhus,Crotalus-tigris)0.95:0.2877992553744572,(Crotalus-adamanteus,Crotalus-viridis)0.74:0.1466034741918755)1:0.8696036179015019)1:2.5612796285725734)1:1.1790794691335262,(Protobothrops-mucrosquamatus,Protobothrops-flavoviridis)1:2.0512706647131393)1:1.985509721845633)1:3.0695362481373523,(Aplopeltura-boa_KU315147,(Achalinus-spinalis_KU312258,(Acrochordus-granulatus_KU302952,(Python-molurus,Boa-constrictor)1:2.5542242493180702)1:1.6314168191528755)1:2.4849066497880017)1:0.9204661032846357)1:2.2882873437685625,(Cerberus-schneiderii_KU324534,Myanophis-thanlyinensis)1:2.92673940206704)0.97:0.3041028402472588,(((Pseudoxenodon-sp_KU312221,(Sibynophis-bivittatus_KU309608,(Calamaria-gervaisii_KU327406,(Grayia-smythii_KU341872,((Boiga-irregularis_KU345021,((Ptyas-mucosa,(Pantherophis-guttatus,(Pantherophis-obsoletus,Pituophis-catenifer)0.6:0.16507975035944844)1:2.691547512236657)0.73:0.1770875104864827,(Scolecophis-atrocinctus_KU289804,Tantilla-taeniata_KU289863)1:1.1777733286732228)0.87:0.2271186632574078)1:1.7881596478643604,(Chrysopelea-ornata,Ahaetulla-prasina_KU323364)1:1.174713985275503)1:0.6291019990305522)0.74:0.15492279537600354)0.74:0.16558998465829802)0.67:0.12346056816837059)0.47:0.04132025360000141,(Dipsas-indica_KU215336,Thermophis-baileyi)1:0.6093826945423826)0.54:0.06968879432174671,(Thamnophis-sirtalis,Thamnophis-elegans)1:2.7950615780918397)1:0.6112297131566621)1:1.2523114822584431,(((Oxyrhabdium-leporinum_KU346583,(Oxyrhabdium-modestum_KU310866,Oxyrhabdium-cfmodestum_KU338101)1:0.9808292530117262)1:2.744417845273086,(Myersophis-alpestris_KU308684,Levitonius-mirus_KU337269)0.32:0.01735125770143877)1:0.5217489827703188,(Cyclocorus-lineatus_KU335808,Hologerrhum-philippinum_KU330752)1:1.7429693050586228)1:1.7209793536205085)0.92:0.21950334285701875,((Elapsoidea-sundevallii_MCZR190390,(Micrurus-corallinus_KU289205,((Pseudonaja-textilis,(Notechis-scutatus,(Emydocephalus-ijimae,((Hydrophis-melanocephalus,Hydrophis-cyanocinctus)1:0.9518245562685455,(Hydrophis-curtus,Hydrophis-hardwickii)1:0.6131044728864088)1:3.1274100975291894)1:3.0285220963769826)1:0.5260930958967792)1:1.9793580831228539,(Laticauda-colubrina,Laticauda-laticaudata)1:2.512305623976115)1:2.4567357728213035)0.57:0.08183219447372511)0.73:0.13812747637361586,(Hemibungarus-mcclungi_KU303027,(Ophiophagus-hannah,Naja-naja)0.61:0.09383202132471427)1:0.6061358035703156)1:2.7102863690938963)0.32:0.0,(Psammodynastes-pulverulentus_KU328547,Psammodynastes-pulverulentus_KU329686)1:3.0285220963769826)0.94:0.27409002902849827)0.44:0.035690927355410816,((Prosymna-visseri_MCZR190223,(Chamaelycus-fasciatus_KU348632,Lamprophis-lineatus_EBG706)1:1.7540191412452077)0.55:0.0778536755013849,(Rhamphiophis-oxyrhynchus_KU290451,Psammophis-sibilans_RAX2053)1:2.92673940206704)0.76:0.14910403991148624)0.56:0.08659369889279832)0.74:0.1682709124283692,(Buhoma-depressiceps_CFS1528,Pseudaspis-cana_MCZA27068)0.44:0.040111967141721765));
ASTRAL finished in 2.72 secs
Shutting down threading
