

================== ASTRAL ===================== 

This is ASTRAL version 5.15.5
Warning: 
 Fail to load native library libAstral.dylib; use Java default computing method without AVX2, which is 4X slower. 
 Make sure you are using the correct Djava.library.path (to the `lib` directory under ASTRAL where libAstral.dylib can be found). 
 Trying running make.sh. For mode debugging, run: java -Djava.library.path=lib/ -jar native_library_tester.jar
Gene trees are treated as unrooted
Detected GPU devices: 
Device 1 of 2: Apple M1 cl_device_id[0xffffffff] Vendor: Intel
Device 2 of 2: Apple M1 cl_device_id[0x1027f00] Vendor: Apple
Will use Device : Apple M1
Will use Device : Apple M1
Starting 8 threads ...
There are 8 threads used to run.
35 trees read from /dev/fd/11
All output trees will be *arbitrarily* rooted at Acrochordus-granulatus_KU302952

======== Running the main analysis
Number of taxa: 66 (66 species)
Taxa: [Acrochordus-granulatus_KU302952, Sibynophis-bivittatus_KU309608, Levitonius-mirus_KU337269, Thamnophis-sirtalis, Thamnophis-elegans, Ahaetulla-prasina_KU323364, Tantilla-taeniata_KU289863, Boiga-irregularis_KU345021, Calamaria-gervaisii_KU327406, Grayia-smythii_KU341872, Micrelaps-sp_TauM16738, Cerberus-schneiderii_KU324534, Elapsoidea-sundevallii_MCZR190390, Hemibungarus-mcclungi_KU303027, Micrurus-corallinus_KU289205, Naja-naja, Hologerrhum-philippinum_KU330752, Oxyrhabdium-cfmodestum_KU338101, Oxyrhabdium-modestum_KU310866, Oxyrhabdium-leporinum_KU346583, Psammodynastes-pulverulentus_KU328547, Psammodynastes-pulverulentus_KU329686, Pseudoxyrhopus-tritaeniatus_KU340969, Rhamphiophis-oxyrhynchus_KU290451, Psammophis-sibilans_RAX2053, Buhoma-depressiceps_CFS1528, Prosymna-visseri_MCZR190223, Aparallactus-capensis_MCZA28808, Dipsas-indica_KU215336, Chamaelycus-fasciatus_KU348632, Lamprophis-lineatus_EBG706, Pseudoxenodon-sp_KU312221, Aplopeltura-boa_KU315147, Scolecophis-atrocinctus_KU289804, Chrysopelea-ornata, Pituophis-catenifer, Ptyas-mucosa, Myanophis-thanlyinensis, Thermophis-baileyi, Cyclocorus-lineatus_KU335808, Myersophis-alpestris_KU308684, Pseudaspis-cana_MCZA27068, Ophiophagus-hannah, Hydrophis-curtus, Hydrophis-hardwickii, Hydrophis-melanocephalus, Emydocephalus-ijimae, Notechis-scutatus, Pseudonaja-textilis, Laticauda-colubrina, Laticauda-laticaudata, Crotalus-pyrrhus, Crotalus-adamanteus, Crotalus-tigris, Crotalus-horridus, Bothrops-jararaca, Protobothrops-mucrosquamatus, Protobothrops-flavoviridis, Vipera-berus, Achalinus-spinalis_KU312258, Python-molurus, Boa-constrictor, Pantherophis-guttatus, Pantherophis-obsoletus, Hydrophis-cyanocinctus, Crotalus-viridis]
Taxon occupancy: {Protobothrops-flavoviridis=28, Thamnophis-sirtalis=29, Hologerrhum-philippinum_KU330752=30, Hydrophis-hardwickii=34, Psammophis-sibilans_RAX2053=32, Crotalus-pyrrhus=29, Elapsoidea-sundevallii_MCZR190390=34, Bothrops-jararaca=27, Notechis-scutatus=33, Levitonius-mirus_KU337269=31, Buhoma-depressiceps_CFS1528=31, Ophiophagus-hannah=32, Calamaria-gervaisii_KU327406=31, Scolecophis-atrocinctus_KU289804=30, Ptyas-mucosa=31, Boiga-irregularis_KU345021=31, Aparallactus-capensis_MCZA28808=31, Myanophis-thanlyinensis=29, Ahaetulla-prasina_KU323364=32, Python-molurus=27, Psammodynastes-pulverulentus_KU328547=30, Pseudaspis-cana_MCZA27068=30, Rhamphiophis-oxyrhynchus_KU290451=31, Crotalus-tigris=27, Protobothrops-mucrosquamatus=28, Vipera-berus=26, Pantherophis-obsoletus=33, Chrysopelea-ornata=29, Thamnophis-elegans=34, Laticauda-laticaudata=33, Myersophis-alpestris_KU308684=31, Oxyrhabdium-leporinum_KU346583=34, Acrochordus-granulatus_KU302952=30, Cyclocorus-lineatus_KU335808=32, Oxyrhabdium-cfmodestum_KU338101=32, Tantilla-taeniata_KU289863=35, Grayia-smythii_KU341872=32, Crotalus-viridis=26, Crotalus-adamanteus=25, Pseudoxyrhopus-tritaeniatus_KU340969=32, Dipsas-indica_KU215336=32, Oxyrhabdium-modestum_KU310866=34, Emydocephalus-ijimae=34, Pantherophis-guttatus=29, Sibynophis-bivittatus_KU309608=33, Aplopeltura-boa_KU315147=26, Thermophis-baileyi=34, Pituophis-catenifer=27, Lamprophis-lineatus_EBG706=33, Hydrophis-curtus=34, Pseudoxenodon-sp_KU312221=30, Hemibungarus-mcclungi_KU303027=33, Chamaelycus-fasciatus_KU348632=30, Pseudonaja-textilis=33, Laticauda-colubrina=33, Crotalus-horridus=27, Micrurus-corallinus_KU289205=30, Boa-constrictor=26, Psammodynastes-pulverulentus_KU329686=28, Hydrophis-melanocephalus=34, Achalinus-spinalis_KU312258=30, Micrelaps-sp_TauM16738=33, Prosymna-visseri_MCZR190223=33, Naja-naja=35, Hydrophis-cyanocinctus=32, Cerberus-schneiderii_KU324534=32}
Using polytree-based weight calculation.
Number of gene trees: 35
28 trees have missing taxa
Calculating distance matrix (for completion of X) ....with 4 distance matrices for parallellism
Species tree distances calculated ...

Will attempt to complete bipartitions from X before adding using a distance matrix.
Building set of clusters (X) from gene trees 
------------------------------
Number of Clusters after addition from gene trees: 1405
Number of Clusters after addition by distance: 1405
Adding to X using resolutions of greedy consensus ...

Computing greedy consensus  
took 0 seconds
Limit for sigma of degrees:1700

polytomy size limit : > 11
 [3, 3, 3, 3, 4, 4, 7, 8, 11]
discarded polytomies: 
Threshold 0.0:
Threshold 0.01:
Threshold 0.02:
Threshold 0.05:
Threshold 0.1:
polytomy of size 3; rounds with additions with at least 5 support: 0; clusters: 1407
Threshold 0.2:
polytomy of size 3; rounds with additions with at least 5 support: 0; clusters: 1407
polytomy of size 4; rounds with additions with at least 5 support: 0; clusters: 1407
polytomy of size 8; rounds with additions with at least 5 support: 0; clusters: 1407
Threshold 0.3333333333333333:
polytomy of size 3; rounds with additions with at least 5 support: 0; clusters: 1407
polytomy of size 7; rounds with additions with at least 5 support: 0; clusters: 1407
polytomy of size 3; rounds with additions with at least 5 support: 0; clusters: 1407
polytomy of size 4; rounds with additions with at least 5 support: 0; clusters: 1407
polytomy of size 11; rounds with additions with at least 5 support: 0; clusters: 1407
Number of Clusters after addition by greedy: 1407
partitions formed in 0.966 secs
Dynamic Programming starting after 0.967 secs
Polytree max score: 17376759
Polytree building time: 0.024 seconds.
Fail to load native library libAstral.dylib; use Java default computing method.
Number of quartet trees in the gene trees: 17376759
Computing hash values took 0 seconds
device length is: 2
TREE HEIGHT IS: 13
Size of largest cluster: 66
Size of largest cluster: 66
Finishing up:1692 0 1691
Total Number of elements: 1691
Normalized score (portion of input quartet trees satisfied before correcting for multiple individuals): 0.8680042693807286
Final optimization score: 15083101
Optimal tree inferred in 2.119 secs.
Weight calculation using polytrees cumulatively took 0.0 secs
(Acrochordus-granulatus_KU302952,((Achalinus-spinalis_KU312258,(Aplopeltura-boa_KU315147,(((((((Elapsoidea-sundevallii_MCZR190390,(Micrurus-corallinus_KU289205,((Pseudonaja-textilis,(Notechis-scutatus,(Emydocephalus-ijimae,((Hydrophis-melanocephalus,Hydrophis-cyanocinctus),(Hydrophis-curtus,Hydrophis-hardwickii))))),(Laticauda-colubrina,Laticauda-laticaudata)))),(Hemibungarus-mcclungi_KU303027,(Naja-naja,Ophiophagus-hannah))),(Prosymna-visseri_MCZR190223,(((Buhoma-depressiceps_CFS1528,(Pseudoxyrhopus-tritaeniatus_KU340969,(Chamaelycus-fasciatus_KU348632,Lamprophis-lineatus_EBG706))),(Aparallactus-capensis_MCZA28808,(Rhamphiophis-oxyrhynchus_KU290451,Psammophis-sibilans_RAX2053))),(Micrelaps-sp_TauM16738,Pseudaspis-cana_MCZA27068)))),((((Oxyrhabdium-leporinum_KU346583,(Oxyrhabdium-cfmodestum_KU338101,Oxyrhabdium-modestum_KU310866)),(Levitonius-mirus_KU337269,Myersophis-alpestris_KU308684)),(Hologerrhum-philippinum_KU330752,Cyclocorus-lineatus_KU335808)),(Psammodynastes-pulverulentus_KU328547,Psammodynastes-pulverulentus_KU329686))),(((Sibynophis-bivittatus_KU309608,(Grayia-smythii_KU341872,(Calamaria-gervaisii_KU327406,((Ptyas-mucosa,((Boiga-irregularis_KU345021,(Tantilla-taeniata_KU289863,Scolecophis-atrocinctus_KU289804)),(Pantherophis-guttatus,(Pituophis-catenifer,Pantherophis-obsoletus)))),(Ahaetulla-prasina_KU323364,Chrysopelea-ornata))))),(Pseudoxenodon-sp_KU312221,(Dipsas-indica_KU215336,Thermophis-baileyi))),(Thamnophis-sirtalis,Thamnophis-elegans))),(Cerberus-schneiderii_KU324534,Myanophis-thanlyinensis)),(Vipera-berus,((Bothrops-jararaca,(Crotalus-horridus,(Crotalus-viridis,(Crotalus-adamanteus,(Crotalus-pyrrhus,Crotalus-tigris))))),(Protobothrops-mucrosquamatus,Protobothrops-flavoviridis)))))),(Python-molurus,Boa-constrictor)));
Final quartet score is: 15397952
Final normalized quartet score is: 0.8861233559146444
(Acrochordus-granulatus_KU302952,((Achalinus-spinalis_KU312258,(Aplopeltura-boa_KU315147,(((((((Elapsoidea-sundevallii_MCZR190390,(Micrurus-corallinus_KU289205,((Pseudonaja-textilis,(Notechis-scutatus,(Emydocephalus-ijimae,((Hydrophis-melanocephalus,Hydrophis-cyanocinctus)1:0.7884573603642703,(Hydrophis-curtus,Hydrophis-hardwickii)0.98:0.34756805087626746)1:2.2335922215070947)1:2.2046046846338423)0.81:0.17869178874337585)1:1.0625072840259937,(Laticauda-colubrina,Laticauda-laticaudata)1:3.091042453358317)1:2.862200880929469)0.88:0.24644251239077056)0.81:0.17737056788516029,(Hemibungarus-mcclungi_KU303027,(Naja-naja,Ophiophagus-hannah)0.83:0.20628674684168674)1:0.752469266928226)1:2.6790618622677838,(Prosymna-visseri_MCZR190223,(((Buhoma-depressiceps_CFS1528,(Pseudoxyrhopus-tritaeniatus_KU340969,(Chamaelycus-fasciatus_KU348632,Lamprophis-lineatus_EBG706)1:1.7981903595583457)0.35:0.03950410319140234)0.57:0.08818842160404337,(Aparallactus-capensis_MCZA28808,(Rhamphiophis-oxyrhynchus_KU290451,Psammophis-sibilans_RAX2053)1:1.291814204485291)0.78:0.1693292378063875)0.6:0.08746110775384716,(Micrelaps-sp_TauM16738,Pseudaspis-cana_MCZA27068)0.49:0.06122556039438916)0.41:0.05916860585431763)0.96:0.30894545881073743)0.69:0.12090163834762516,((((Oxyrhabdium-leporinum_KU346583,(Oxyrhabdium-cfmodestum_KU338101,Oxyrhabdium-modestum_KU310866)0.92:0.29165822083142035)1:2.4317155284319334,(Levitonius-mirus_KU337269,Myersophis-alpestris_KU308684)0.75:0.16203186119819898)0.83:0.1852920347390697,(Hologerrhum-philippinum_KU330752,Cyclocorus-lineatus_KU335808)1:1.5755363607584187)1:1.28821538014207,(Psammodynastes-pulverulentus_KU328547,Psammodynastes-pulverulentus_KU329686)1:2.796018974048167)0.86:0.21224292183153715)1:1.2801513881407163,(((Sibynophis-bivittatus_KU309608,(Grayia-smythii_KU341872,(Calamaria-gervaisii_KU327406,((Ptyas-mucosa,((Boiga-irregularis_KU345021,(Tantilla-taeniata_KU289863,Scolecophis-atrocinctus_KU289804)1:1.5570344453730973)0.47:0.10974028958069577,(Pantherophis-guttatus,(Pituophis-catenifer,Pantherophis-obsoletus)0.81:0.20763936477824438)1:1.8971199848858815)0.74:0.1491938021107128)1:1.7165360479904679,(Ahaetulla-prasina_KU323364,Chrysopelea-ornata)1:1.288305966368497)0.99:0.41943564305349745)0.84:0.2033478667949987)0.96:0.33308554412131985)1:0.5383516860869986,(Pseudoxenodon-sp_KU312221,(Dipsas-indica_KU215336,Thermophis-baileyi)0.78:0.17435259604713835)0.43:0.030898276876889234)0.6:0.09895735519640322,(Thamnophis-sirtalis,Thamnophis-elegans)1:2.961830721878311)1:0.9369224617888839)0.84:0.19029263065661195,(Cerberus-schneiderii_KU324534,Myanophis-thanlyinensis)1:2.3548535215398014)1:2.853927744477722,(Vipera-berus,((Bothrops-jararaca,(Crotalus-horridus,(Crotalus-viridis,(Crotalus-adamanteus,(Crotalus-pyrrhus,Crotalus-tigris)0.94:0.32709483681581275)0.58:0.0984400728132524)1:0.9162907318741549)1:2.8526314299133184)1:1.8281271133989303,(Protobothrops-mucrosquamatus,Protobothrops-flavoviridis)1:2.92673940206704)1:2.1972245773362196)1:2.8526314299133184)1:1.1589927996570168)1:1.7147984280919266)1:2.1202635362000914,(Python-molurus,Boa-constrictor)1:2.0794415416798353));
ASTRAL finished in 2.525 secs
Shutting down threading
