IQ-TREE multicore version 2.1.3 COVID-edition for Mac OS X 64-bit built Oct  4 2021
Developed by Bui Quang Minh, James Barbetti, Nguyen Lam Tung,
Olga Chernomor, Heiko Schmidt, Dominik Schrempf, Michael Woodhams.

Host:    Jeffreys-MacBook-Air.local (SSE4.2, 8 GB RAM)
Command: iqtree2 -t /Users/jeff/Documents/trees_along_chromosomes_informative/C1L1-2_informative.treefile -s /var/folders/h9/6vmlp5152tvg_fp3d2t2zz_00000gn/T//aln.fa --scf 100 --prefix /Users/jeff/Documents/GitHub/SnakeCap/concord_informative/C1L1-2_informative.scf
Seed:    659159 (Using SPRNG - Scalable Parallel Random Number Generator)
Time:    Thu Feb 17 00:24:00 2022
Kernel:  SSE2 - 1 threads (8 CPU cores detected)

HINT: Use -nt option to specify number of threads because your CPU has 8 cores!
HINT: -nt AUTO will automatically determine the best number of threads to use.

Reading alignment file /var/folders/h9/6vmlp5152tvg_fp3d2t2zz_00000gn/T//aln.fa ... Fasta format detected
Alignment most likely contains DNA/RNA sequences
Alignment has 63 sequences with 1988 columns, 1979 distinct patterns
1988 parsimony-informative, 0 singleton sites, 0 constant sites
                                       Gap/Ambiguity  Composition  p-value
   1  Acrochordus-granulatus_KU302952         63.08%    failed      0.05%
   2  Scolecophis-atrocinctus_KU289804        19.27%    passed     10.13%
   3  Sibynophis-bivittatus_KU309608          26.31%    passed     78.40%
   4  Tantilla-taeniata_KU289863              55.38%    failed      0.00%
   5  Prosymna-visseri_MCZR190223             15.24%    passed     45.25%
   6  Pseudoxenodon-sp_KU312221               22.94%    passed     99.71%
   7  Pseudaspis-cana_MCZA27068               51.06%    passed     82.82%
   8  Pseudoxyrhopus-tritaeniatus_KU340969    18.86%    passed     57.74%
   9  Rhamphiophis-oxyrhynchus_KU290451       54.12%    passed     13.05%
  10  Psammophis-sibilans_RAX2053             17.20%    passed     31.42%
  11  Aparallactus-capensis_MCZA28808         26.91%    passed     78.16%
  12  Achalinus-spinalis_KU312258             65.09%    failed      0.02%
  13  Chamaelycus-fasciatus_KU348632          13.68%    passed     94.51%
  14  Lamprophis-lineatus_EBG706              20.32%    passed     15.83%
  15  Micrelaps-sp_TauM16738                  59.81%    passed     68.33%
  16  Buhoma-depressiceps_CFS1528             56.04%    failed      4.89%
  17  Cyclocorus-lineatus_KU335808            22.48%    passed     93.32%
  18  Hologerrhum-philippinum_KU330752        21.78%    passed     55.47%
  19  Myersophis-alpestris_KU308684           36.57%    passed     16.51%
  20  Oxyrhabdium-cfmodestum_KU338101         19.16%    passed     63.36%
  21  Oxyrhabdium-leporinum_KU346583          52.57%    passed      7.53%
  22  Oxyrhabdium-modestum_KU310866           52.87%    passed      8.18%
  23  Aplopeltura-boa_KU315147                60.11%    failed      1.17%
  24  Levitonius-mirus_KU337269               55.38%    passed     15.26%
  25  Elapsoidea-sundevallii_MCZR190390       30.73%    passed     27.84%
  26  Hemibungarus-mcclungi_KU303027          30.84%    passed     21.40%
  27  Micrurus-corallinus_KU289205            27.77%    failed      0.00%
  28  Psammodynastes-pulverulentus_KU328547   53.37%    passed      6.91%
  29  Psammodynastes-pulverulentus_KU329686   19.57%    passed     15.62%
  30  Python-molurus                          57.85%    failed      0.19%
  31  Ophiophagus-hannah                      16.65%    passed     71.64%
  32  Crotalus-pyrrhus                        14.13%    passed     95.62%
  33  Vipera-berus                            58.35%    failed      0.16%
  34  Cerberus-schneiderii_KU324534           28.67%    passed      5.19%
  35  Thamnophis-sirtalis                     12.02%    failed      1.31%
  36  Pantherophis-guttatus                   10.51%    passed      5.37%
  37  Protobothrops-mucrosquamatus            57.75%    failed      0.10%
  38  Hydrophis-curtus                        10.61%    passed     98.85%
  39  Hydrophis-cyanocinctus                  10.76%    passed     97.65%
  40  Crotalus-viridis                         8.60%    passed     96.84%
  41  Chrysopelea-ornata                      23.29%    failed      2.96%
  42  Crotalus-adamanteus                      7.80%    passed     86.52%
  43  Crotalus-horridus                       23.29%    passed     62.05%
  44  Ahaetulla-prasina_KU323364              19.01%    passed     44.57%
  45  Emydocephalus-ijimae                    12.27%    passed     86.90%
  46  Crotalus-tigris                          8.30%    passed     83.42%
  47  Hydrophis-hardwickii                    68.76%    passed     62.91%
  48  Laticauda-colubrina                     17.76%    passed     87.96%
  49  Laticauda-laticaudata                   21.68%    passed     96.87%
  50  Myanophis-thanlyinensis                 12.07%    failed      3.81%
  51  Naja-naja                               10.46%    passed     74.21%
  52  Protobothrops-flavoviridis              28.02%    passed     30.65%
  53  Notechis-scutatus                       17.05%    passed     16.49%
  54  Boiga-irregularis_KU345021              15.74%    passed     19.10%
  55  Pantherophis-obsoletus                  11.17%    failed      0.59%
  56  Pituophis-catenifer                     51.36%    failed      0.01%
  57  Pseudonaja-textilis                     16.45%    failed      1.47%
  58  Ptyas-mucosa                            10.01%    failed      3.00%
  59  Thamnophis-elegans                      10.92%    passed     12.24%
  60  Thermophis-baileyi                       9.05%    passed     65.65%
  61  Calamaria-gervaisii_KU327406            28.12%    passed     12.48%
  62  Dipsas-indica_KU215336                  42.10%    failed      0.03%
  63  Grayia-smythii_KU341872                 14.89%    passed      8.01%
WARNING: 17 sequences contain more than 50% gaps/ambiguity
****  TOTAL                                   29.11%  17 sequences failed composition chi2 test (p-value<5%; df=3)
Reading tree /Users/jeff/Documents/trees_along_chromosomes_informative/C1L1-2_informative.treefile ...
un-rooted tree with 63 taxa and 123 branches
Computing site concordance factor...
0.064 sec
Tree with concordance factors written to /Users/jeff/Documents/GitHub/SnakeCap/concord_informative/C1L1-2_informative.scf.cf.tree
Annotated tree (best viewed in FigTree) written to /Users/jeff/Documents/GitHub/SnakeCap/concord_informative/C1L1-2_informative.scf.cf.tree.nex
Tree with branch IDs written to /Users/jeff/Documents/GitHub/SnakeCap/concord_informative/C1L1-2_informative.scf.cf.branch
Concordance factors per branch printed to /Users/jeff/Documents/GitHub/SnakeCap/concord_informative/C1L1-2_informative.scf.cf.stat
Date and Time: Thu Feb 17 00:24:00 2022
