IQ-TREE multicore version 2.1.3 COVID-edition for Mac OS X 64-bit built Oct  4 2021
Developed by Bui Quang Minh, James Barbetti, Nguyen Lam Tung,
Olga Chernomor, Heiko Schmidt, Dominik Schrempf, Michael Woodhams.

Host:    Jeffreys-MacBook-Air.local (SSE4.2, 8 GB RAM)
Command: iqtree2 -t /Users/jeff/Documents/trees_along_chromosomes_informative/C1L1_informative.treefile -s /var/folders/h9/6vmlp5152tvg_fp3d2t2zz_00000gn/T//aln.fa --scf 100 --prefix /Users/jeff/Documents/GitHub/SnakeCap/concord_informative/C1L1_informative.scf
Seed:    266274 (Using SPRNG - Scalable Parallel Random Number Generator)
Time:    Thu Feb 17 00:12:47 2022
Kernel:  SSE2 - 1 threads (8 CPU cores detected)

HINT: Use -nt option to specify number of threads because your CPU has 8 cores!
HINT: -nt AUTO will automatically determine the best number of threads to use.

Reading alignment file /var/folders/h9/6vmlp5152tvg_fp3d2t2zz_00000gn/T//aln.fa ... Fasta format detected
Alignment most likely contains DNA/RNA sequences
Alignment has 60 sequences with 1079 columns, 1074 distinct patterns
1079 parsimony-informative, 0 singleton sites, 0 constant sites
                                       Gap/Ambiguity  Composition  p-value
   1  Acrochordus-granulatus_KU302952         31.97%    passed      5.13%
   2  Scolecophis-atrocinctus_KU289804        15.01%    passed     67.62%
   3  Sibynophis-bivittatus_KU309608          19.28%    passed     62.59%
   4  Tantilla-taeniata_KU289863              17.79%    failed      1.82%
   5  Prosymna-visseri_MCZR190223              9.36%    passed     71.93%
   6  Pseudoxenodon-sp_KU312221               19.46%    passed     83.20%
   7  Pseudaspis-cana_MCZA27068                9.82%    failed      1.81%
   8  Pseudoxyrhopus-tritaeniatus_KU340969    16.59%    passed     93.22%
   9  Rhamphiophis-oxyrhynchus_KU290451       15.48%    passed     74.20%
  10  Psammophis-sibilans_RAX2053             17.52%    passed     80.85%
  11  Aparallactus-capensis_MCZA28808         18.72%    passed     62.23%
  12  Achalinus-spinalis_KU312258             35.68%    passed      6.86%
  13  Chamaelycus-fasciatus_KU348632          13.07%    passed     68.65%
  14  Lamprophis-lineatus_EBG706              15.57%    passed     47.09%
  15  Micrelaps-sp_TauM16738                  25.95%    passed     77.50%
  16  Buhoma-depressiceps_CFS1528             19.00%    passed     69.11%
  17  Cyclocorus-lineatus_KU335808            17.52%    passed     77.71%
  18  Hologerrhum-philippinum_KU330752        14.74%    passed     72.47%
  19  Myersophis-alpestris_KU308684           43.93%    passed      8.20%
  20  Oxyrhabdium-cfmodestum_KU338101         12.60%    passed     88.66%
  21  Oxyrhabdium-leporinum_KU346583          12.60%    passed     88.79%
  22  Oxyrhabdium-modestum_KU310866           13.16%    passed     72.61%
  23  Aplopeltura-boa_KU315147                26.51%    failed      4.86%
  24  Levitonius-mirus_KU337269               17.79%    passed     75.66%
  25  Elapsoidea-sundevallii_MCZR190390       12.70%    passed     70.00%
  26  Hemibungarus-mcclungi_KU303027          31.05%    passed     41.75%
  27  Micrurus-corallinus_KU289205            40.13%    passed     14.26%
  28  Psammodynastes-pulverulentus_KU328547   14.09%    passed     97.14%
  29  Psammodynastes-pulverulentus_KU329686   18.81%    passed     71.46%
  30  Ophiophagus-hannah                      24.19%    passed     98.84%
  31  Crotalus-pyrrhus                        13.16%    passed     90.39%
  32  Cerberus-schneiderii_KU324534           39.20%    passed     42.44%
  33  Thamnophis-sirtalis                     10.57%    passed     18.94%
  34  Pantherophis-guttatus                   10.57%    passed     20.50%
  35  Hydrophis-curtus                         9.73%    passed     86.35%
  36  Hydrophis-cyanocinctus                  10.01%    passed     89.98%
  37  Crotalus-viridis                         8.34%    passed     82.97%
  38  Chrysopelea-ornata                      34.20%    passed     57.11%
  39  Crotalus-adamanteus                      7.78%    passed     67.01%
  40  Crotalus-horridus                        8.06%    passed     58.27%
  41  Ahaetulla-prasina_KU323364              16.31%    passed     98.60%
  42  Emydocephalus-ijimae                     7.78%    passed     76.20%
  43  Crotalus-tigris                          8.43%    passed     63.52%
  44  Hydrophis-hardwickii                    42.45%    passed      7.01%
  45  Laticauda-colubrina                     22.52%    passed     87.93%
  46  Laticauda-laticaudata                   28.27%    passed     89.62%
  47  Myanophis-thanlyinensis                  7.51%    passed     48.08%
  48  Naja-naja                               11.31%    passed     58.88%
  49  Protobothrops-flavoviridis               8.80%    passed     40.79%
  50  Notechis-scutatus                       21.22%    passed     93.67%
  51  Boiga-irregularis_KU345021               9.64%    passed     79.48%
  52  Pantherophis-obsoletus                  11.68%    failed      3.40%
  53  Pituophis-catenifer                     10.38%    passed     14.62%
  54  Pseudonaja-textilis                     20.11%    passed     75.89%
  55  Ptyas-mucosa                             9.92%    passed     39.22%
  56  Thamnophis-elegans                      11.40%    passed     21.88%
  57  Thermophis-baileyi                       9.18%    passed     85.01%
  58  Calamaria-gervaisii_KU327406            27.62%    passed     59.95%
  59  Dipsas-indica_KU215336                  53.10%    failed      0.90%
  60  Grayia-smythii_KU341872                 11.12%    passed     69.98%
WARNING: 1 sequences contain more than 50% gaps/ambiguity
****  TOTAL                                   18.34%  5 sequences failed composition chi2 test (p-value<5%; df=3)
Reading tree /Users/jeff/Documents/trees_along_chromosomes_informative/C1L1_informative.treefile ...
un-rooted tree with 60 taxa and 117 branches
Computing site concordance factor...
0.050 sec
Tree with concordance factors written to /Users/jeff/Documents/GitHub/SnakeCap/concord_informative/C1L1_informative.scf.cf.tree
Annotated tree (best viewed in FigTree) written to /Users/jeff/Documents/GitHub/SnakeCap/concord_informative/C1L1_informative.scf.cf.tree.nex
Tree with branch IDs written to /Users/jeff/Documents/GitHub/SnakeCap/concord_informative/C1L1_informative.scf.cf.branch
Concordance factors per branch printed to /Users/jeff/Documents/GitHub/SnakeCap/concord_informative/C1L1_informative.scf.cf.stat
Date and Time: Thu Feb 17 00:12:47 2022
