IQ-TREE multicore version 2.1.3 COVID-edition for Mac OS X 64-bit built Oct  4 2021
Developed by Bui Quang Minh, James Barbetti, Nguyen Lam Tung,
Olga Chernomor, Heiko Schmidt, Dominik Schrempf, Michael Woodhams.

Host:    Jeffreys-MacBook-Air.local (SSE4.2, 8 GB RAM)
Command: iqtree2 -t /Users/jeff/Documents/trees_along_chromosomes_informative_mdt0/informative_mdt0_sites1-7000.treefile -s /var/folders/h9/6vmlp5152tvg_fp3d2t2zz_00000gn/T//aln.fa --scf 100 --prefix /Users/jeff/Documents/GitHub/SnakeCap/concord_informative_mdt0/informative_mdt0_sites1-7000.scf
Seed:    234410 (Using SPRNG - Scalable Parallel Random Number Generator)
Time:    Thu Feb 17 02:51:46 2022
Kernel:  SSE2 - 1 threads (8 CPU cores detected)

HINT: Use -nt option to specify number of threads because your CPU has 8 cores!
HINT: -nt AUTO will automatically determine the best number of threads to use.

Reading alignment file /var/folders/h9/6vmlp5152tvg_fp3d2t2zz_00000gn/T//aln.fa ... Fasta format detected
Alignment most likely contains DNA/RNA sequences
Alignment has 66 sequences with 7000 columns, 5966 distinct patterns
7000 parsimony-informative, 0 singleton sites, 0 constant sites
                                       Gap/Ambiguity  Composition  p-value
   1  Acrochordus-granulatus_KU302952          0.00%    failed      1.78%
   2  Scolecophis-atrocinctus_KU289804         0.00%    passed     70.52%
   3  Sibynophis-bivittatus_KU309608           0.00%    passed     42.33%
   4  Tantilla-taeniata_KU289863               0.00%    passed     97.25%
   5  Prosymna-visseri_MCZR190223              0.00%    passed     66.26%
   6  Pseudoxenodon-sp_KU312221                0.00%    passed     46.45%
   7  Pseudaspis-cana_MCZA27068                0.00%    passed     93.19%
   8  Pseudoxyrhopus-tritaeniatus_KU340969     0.00%    passed     98.17%
   9  Rhamphiophis-oxyrhynchus_KU290451        0.00%    passed     72.05%
  10  Psammophis-sibilans_RAX2053              0.00%    passed      6.79%
  11  Aparallactus-capensis_MCZA28808          0.00%    passed     71.89%
  12  Achalinus-spinalis_KU312258              0.00%    failed      0.00%
  13  Chamaelycus-fasciatus_KU348632           0.00%    passed     11.09%
  14  Lamprophis-lineatus_EBG706               0.00%    passed     53.80%
  15  Micrelaps-sp_TauM16738                   0.00%    passed     97.39%
  16  Buhoma-depressiceps_CFS1528              0.00%    passed     66.16%
  17  Cyclocorus-lineatus_KU335808             0.00%    passed     35.61%
  18  Hologerrhum-philippinum_KU330752         0.00%    passed     12.93%
  19  Myersophis-alpestris_KU308684            0.00%    passed     60.32%
  20  Oxyrhabdium-cfmodestum_KU338101          0.00%    passed     51.97%
  21  Oxyrhabdium-leporinum_KU346583           0.00%    passed     86.92%
  22  Oxyrhabdium-modestum_KU310866            0.00%    passed     50.01%
  23  Aplopeltura-boa_KU315147                 0.00%    passed     75.58%
  24  Levitonius-mirus_KU337269                0.00%    passed     80.07%
  25  Elapsoidea-sundevallii_MCZR190390        0.00%    passed     97.92%
  26  Hemibungarus-mcclungi_KU303027           0.00%    passed     70.10%
  27  Micrurus-corallinus_KU289205             0.00%    passed    100.00%
  28  Psammodynastes-pulverulentus_KU328547    0.00%    passed      5.34%
  29  Psammodynastes-pulverulentus_KU329686    0.00%    passed     13.64%
  30  Python-molurus                           0.00%    passed     71.55%
  31  Ophiophagus-hannah                       0.00%    passed     88.67%
  32  Crotalus-pyrrhus                         0.00%    passed     50.50%
  33  Vipera-berus                             0.00%    passed     99.28%
  34  Cerberus-schneiderii_KU324534            0.00%    passed     89.06%
  35  Thamnophis-sirtalis                      0.00%    passed     26.92%
  36  Pantherophis-guttatus                    0.00%    passed     99.54%
  37  Protobothrops-mucrosquamatus             0.00%    passed     97.96%
  38  Hydrophis-curtus                         0.00%    failed      3.91%
  39  Hydrophis-cyanocinctus                   0.00%    failed      2.47%
  40  Crotalus-viridis                         0.00%    passed     30.71%
  41  Bothrops-jararaca                        0.00%    passed     64.38%
  42  Chrysopelea-ornata                       0.00%    passed     67.06%
  43  Crotalus-adamanteus                      0.00%    passed     29.60%
  44  Crotalus-horridus                        0.00%    passed     48.24%
  45  Ahaetulla-prasina_KU323364               0.00%    passed     77.22%
  46  Emydocephalus-ijimae                     0.00%    passed     10.44%
  47  Crotalus-tigris                          0.00%    passed     28.79%
  48  Hydrophis-hardwickii                     0.00%    failed      4.66%
  49  Hydrophis-melanocephalus                 0.00%    failed      1.51%
  50  Laticauda-colubrina                      0.00%    failed      1.95%
  51  Laticauda-laticaudata                    0.00%    passed     12.05%
  52  Myanophis-thanlyinensis                  0.00%    passed     90.30%
  53  Naja-naja                                0.00%    passed     99.80%
  54  Protobothrops-flavoviridis               0.00%    passed     99.62%
  55  Notechis-scutatus                        0.00%    passed     99.59%
  56  Boiga-irregularis_KU345021               0.00%    passed     56.77%
  57  Pantherophis-obsoletus                   0.00%    passed     99.87%
  58  Pituophis-catenifer                      0.00%    passed     98.51%
  59  Pseudonaja-textilis                      0.00%    passed     89.80%
  60  Ptyas-mucosa                             0.00%    passed     82.76%
  61  Thamnophis-elegans                       0.00%    passed     34.94%
  62  Thermophis-baileyi                       0.00%    passed     57.98%
  63  Boa-constrictor                          0.00%    failed      1.74%
  64  Calamaria-gervaisii_KU327406             0.00%    passed      7.70%
  65  Dipsas-indica_KU215336                   0.00%    passed     94.44%
  66  Grayia-smythii_KU341872                  0.00%    passed     93.82%
****  TOTAL                                    0.00%  8 sequences failed composition chi2 test (p-value<5%; df=3)
Reading tree /Users/jeff/Documents/trees_along_chromosomes_informative_mdt0/informative_mdt0_sites1-7000.treefile ...
un-rooted tree with 66 taxa and 129 branches
Computing site concordance factor...
0.288 sec
Tree with concordance factors written to /Users/jeff/Documents/GitHub/SnakeCap/concord_informative_mdt0/informative_mdt0_sites1-7000.scf.cf.tree
Annotated tree (best viewed in FigTree) written to /Users/jeff/Documents/GitHub/SnakeCap/concord_informative_mdt0/informative_mdt0_sites1-7000.scf.cf.tree.nex
Tree with branch IDs written to /Users/jeff/Documents/GitHub/SnakeCap/concord_informative_mdt0/informative_mdt0_sites1-7000.scf.cf.branch
Concordance factors per branch printed to /Users/jeff/Documents/GitHub/SnakeCap/concord_informative_mdt0/informative_mdt0_sites1-7000.scf.cf.stat
Date and Time: Thu Feb 17 02:51:46 2022
