IQ-TREE multicore version 2.1.3 COVID-edition for Mac OS X 64-bit built Oct  4 2021
Developed by Bui Quang Minh, James Barbetti, Nguyen Lam Tung,
Olga Chernomor, Heiko Schmidt, Dominik Schrempf, Michael Woodhams.

Host:    Jeffreys-MacBook-Air.local (SSE4.2, 8 GB RAM)
Command: iqtree2 -t /Users/jeff/Documents/trees_along_chromosomes_informative_mdt0/informative_mdt0_sites1-8500.treefile -s /var/folders/h9/6vmlp5152tvg_fp3d2t2zz_00000gn/T//aln.fa --scf 100 --prefix /Users/jeff/Documents/GitHub/SnakeCap/concord_informative_mdt0/informative_mdt0_sites1-8500.scf
Seed:    530862 (Using SPRNG - Scalable Parallel Random Number Generator)
Time:    Thu Feb 17 02:59:15 2022
Kernel:  SSE2 - 1 threads (8 CPU cores detected)

HINT: Use -nt option to specify number of threads because your CPU has 8 cores!
HINT: -nt AUTO will automatically determine the best number of threads to use.

Reading alignment file /var/folders/h9/6vmlp5152tvg_fp3d2t2zz_00000gn/T//aln.fa ... Fasta format detected
Alignment most likely contains DNA/RNA sequences
Alignment has 66 sequences with 8500 columns, 7184 distinct patterns
8500 parsimony-informative, 0 singleton sites, 0 constant sites
                                       Gap/Ambiguity  Composition  p-value
   1  Acrochordus-granulatus_KU302952          0.00%    failed      4.51%
   2  Scolecophis-atrocinctus_KU289804         0.00%    passed     42.00%
   3  Sibynophis-bivittatus_KU309608           0.00%    passed     49.56%
   4  Tantilla-taeniata_KU289863               0.00%    passed     94.50%
   5  Prosymna-visseri_MCZR190223              0.00%    passed     74.50%
   6  Pseudoxenodon-sp_KU312221                0.00%    passed     36.44%
   7  Pseudaspis-cana_MCZA27068                0.00%    passed     93.99%
   8  Pseudoxyrhopus-tritaeniatus_KU340969     0.00%    passed     94.07%
   9  Rhamphiophis-oxyrhynchus_KU290451        0.00%    passed     36.30%
  10  Psammophis-sibilans_RAX2053              0.00%    failed      0.53%
  11  Aparallactus-capensis_MCZA28808          0.00%    passed     78.49%
  12  Achalinus-spinalis_KU312258              0.00%    failed      0.00%
  13  Chamaelycus-fasciatus_KU348632           0.00%    failed      2.31%
  14  Lamprophis-lineatus_EBG706               0.00%    passed     35.31%
  15  Micrelaps-sp_TauM16738                   0.00%    passed     94.78%
  16  Buhoma-depressiceps_CFS1528              0.00%    passed     67.73%
  17  Cyclocorus-lineatus_KU335808             0.00%    passed     25.00%
  18  Hologerrhum-philippinum_KU330752         0.00%    passed      7.46%
  19  Myersophis-alpestris_KU308684            0.00%    passed     61.47%
  20  Oxyrhabdium-cfmodestum_KU338101          0.00%    passed     71.23%
  21  Oxyrhabdium-leporinum_KU346583           0.00%    passed     97.31%
  22  Oxyrhabdium-modestum_KU310866            0.00%    passed     60.27%
  23  Aplopeltura-boa_KU315147                 0.00%    passed     58.01%
  24  Levitonius-mirus_KU337269                0.00%    passed     86.99%
  25  Elapsoidea-sundevallii_MCZR190390        0.00%    passed     95.02%
  26  Hemibungarus-mcclungi_KU303027           0.00%    passed     60.52%
  27  Micrurus-corallinus_KU289205             0.00%    passed     99.39%
  28  Psammodynastes-pulverulentus_KU328547    0.00%    passed      5.28%
  29  Psammodynastes-pulverulentus_KU329686    0.00%    passed     10.15%
  30  Python-molurus                           0.00%    passed     86.24%
  31  Ophiophagus-hannah                       0.00%    passed     86.56%
  32  Crotalus-pyrrhus                         0.00%    passed     31.99%
  33  Vipera-berus                             0.00%    passed     89.76%
  34  Cerberus-schneiderii_KU324534            0.00%    passed     78.02%
  35  Thamnophis-sirtalis                      0.00%    passed     40.06%
  36  Pantherophis-guttatus                    0.00%    passed     98.16%
  37  Protobothrops-mucrosquamatus             0.00%    passed     92.39%
  38  Hydrophis-curtus                         0.00%    failed      1.72%
  39  Hydrophis-cyanocinctus                   0.00%    failed      1.09%
  40  Crotalus-viridis                         0.00%    passed     17.75%
  41  Bothrops-jararaca                        0.00%    passed     51.79%
  42  Chrysopelea-ornata                       0.00%    passed     76.69%
  43  Crotalus-adamanteus                      0.00%    passed     15.81%
  44  Crotalus-horridus                        0.00%    passed     31.16%
  45  Ahaetulla-prasina_KU323364               0.00%    passed     73.07%
  46  Emydocephalus-ijimae                     0.00%    passed      8.18%
  47  Crotalus-tigris                          0.00%    passed     17.34%
  48  Hydrophis-hardwickii                     0.00%    failed      1.79%
  49  Hydrophis-melanocephalus                 0.00%    failed      0.71%
  50  Laticauda-colubrina                      0.00%    failed      2.50%
  51  Laticauda-laticaudata                    0.00%    passed     12.52%
  52  Myanophis-thanlyinensis                  0.00%    passed     93.75%
  53  Naja-naja                                0.00%    passed     99.97%
  54  Protobothrops-flavoviridis               0.00%    passed     97.92%
  55  Notechis-scutatus                        0.00%    passed     99.27%
  56  Boiga-irregularis_KU345021               0.00%    passed     37.90%
  57  Pantherophis-obsoletus                   0.00%    passed     99.16%
  58  Pituophis-catenifer                      0.00%    passed     99.94%
  59  Pseudonaja-textilis                      0.00%    passed     85.54%
  60  Ptyas-mucosa                             0.00%    passed     76.20%
  61  Thamnophis-elegans                       0.00%    passed     45.97%
  62  Thermophis-baileyi                       0.00%    passed     37.65%
  63  Boa-constrictor                          0.00%    failed      1.71%
  64  Calamaria-gervaisii_KU327406             0.00%    passed      6.15%
  65  Dipsas-indica_KU215336                   0.00%    passed     87.17%
  66  Grayia-smythii_KU341872                  0.00%    passed     86.90%
****  TOTAL                                    0.00%  10 sequences failed composition chi2 test (p-value<5%; df=3)
Reading tree /Users/jeff/Documents/trees_along_chromosomes_informative_mdt0/informative_mdt0_sites1-8500.treefile ...
un-rooted tree with 66 taxa and 129 branches
Computing site concordance factor...
0.382 sec
Tree with concordance factors written to /Users/jeff/Documents/GitHub/SnakeCap/concord_informative_mdt0/informative_mdt0_sites1-8500.scf.cf.tree
Annotated tree (best viewed in FigTree) written to /Users/jeff/Documents/GitHub/SnakeCap/concord_informative_mdt0/informative_mdt0_sites1-8500.scf.cf.tree.nex
Tree with branch IDs written to /Users/jeff/Documents/GitHub/SnakeCap/concord_informative_mdt0/informative_mdt0_sites1-8500.scf.cf.branch
Concordance factors per branch printed to /Users/jeff/Documents/GitHub/SnakeCap/concord_informative_mdt0/informative_mdt0_sites1-8500.scf.cf.stat
Date and Time: Thu Feb 17 02:59:15 2022
