IQ-TREE multicore version 2.1.3 COVID-edition for Mac OS X 64-bit built Oct  4 2021
Developed by Bui Quang Minh, James Barbetti, Nguyen Lam Tung,
Olga Chernomor, Heiko Schmidt, Dominik Schrempf, Michael Woodhams.

Host:    Jeffreys-MacBook-Air.local (SSE4.2, 8 GB RAM)
Command: iqtree2 -t /Users/jeff/Documents/trees_along_chromosomes_informative_mdt0/informative_mdt0_sites1-1500.treefile -s /var/folders/h9/6vmlp5152tvg_fp3d2t2zz_00000gn/T//aln.fa --scf 100 --prefix /Users/jeff/Documents/GitHub/SnakeCap/concord_informative_mdt0/informative_mdt0_sites1-1500.scf
Seed:    543783 (Using SPRNG - Scalable Parallel Random Number Generator)
Time:    Thu Feb 17 02:29:14 2022
Kernel:  SSE2 - 1 threads (8 CPU cores detected)

HINT: Use -nt option to specify number of threads because your CPU has 8 cores!
HINT: -nt AUTO will automatically determine the best number of threads to use.

Reading alignment file /var/folders/h9/6vmlp5152tvg_fp3d2t2zz_00000gn/T//aln.fa ... Fasta format detected
Alignment most likely contains DNA/RNA sequences
Alignment has 66 sequences with 1500 columns, 1401 distinct patterns
1500 parsimony-informative, 0 singleton sites, 0 constant sites
                                       Gap/Ambiguity  Composition  p-value
   1  Acrochordus-granulatus_KU302952          0.00%    passed     52.26%
   2  Scolecophis-atrocinctus_KU289804         0.00%    passed     87.24%
   3  Sibynophis-bivittatus_KU309608           0.00%    passed     45.64%
   4  Tantilla-taeniata_KU289863               0.00%    passed     75.25%
   5  Prosymna-visseri_MCZR190223              0.00%    passed     33.74%
   6  Pseudoxenodon-sp_KU312221                0.00%    passed     52.92%
   7  Pseudaspis-cana_MCZA27068                0.00%    passed     80.41%
   8  Pseudoxyrhopus-tritaeniatus_KU340969     0.00%    passed     99.02%
   9  Rhamphiophis-oxyrhynchus_KU290451        0.00%    passed     40.02%
  10  Psammophis-sibilans_RAX2053              0.00%    passed     21.88%
  11  Aparallactus-capensis_MCZA28808          0.00%    passed     96.72%
  12  Achalinus-spinalis_KU312258              0.00%    failed      4.44%
  13  Chamaelycus-fasciatus_KU348632           0.00%    passed     86.86%
  14  Lamprophis-lineatus_EBG706               0.00%    passed     64.41%
  15  Micrelaps-sp_TauM16738                   0.00%    passed     96.00%
  16  Buhoma-depressiceps_CFS1528              0.00%    passed     78.80%
  17  Cyclocorus-lineatus_KU335808             0.00%    passed     95.81%
  18  Hologerrhum-philippinum_KU330752         0.00%    passed     70.56%
  19  Myersophis-alpestris_KU308684            0.00%    passed     94.97%
  20  Oxyrhabdium-cfmodestum_KU338101          0.00%    passed     99.91%
  21  Oxyrhabdium-leporinum_KU346583           0.00%    passed     94.73%
  22  Oxyrhabdium-modestum_KU310866            0.00%    passed     92.04%
  23  Aplopeltura-boa_KU315147                 0.00%    passed     88.60%
  24  Levitonius-mirus_KU337269                0.00%    passed     92.19%
  25  Elapsoidea-sundevallii_MCZR190390        0.00%    passed     99.32%
  26  Hemibungarus-mcclungi_KU303027           0.00%    passed     94.43%
  27  Micrurus-corallinus_KU289205             0.00%    passed     99.97%
  28  Psammodynastes-pulverulentus_KU328547    0.00%    passed     54.51%
  29  Psammodynastes-pulverulentus_KU329686    0.00%    passed     73.17%
  30  Python-molurus                           0.00%    passed     71.32%
  31  Ophiophagus-hannah                       0.00%    passed     99.09%
  32  Crotalus-pyrrhus                         0.00%    passed     94.71%
  33  Vipera-berus                             0.00%    passed     98.15%
  34  Cerberus-schneiderii_KU324534            0.00%    passed     97.79%
  35  Thamnophis-sirtalis                      0.00%    passed     62.82%
  36  Pantherophis-guttatus                    0.00%    passed     69.30%
  37  Protobothrops-mucrosquamatus             0.00%    passed     98.19%
  38  Hydrophis-curtus                         0.00%    passed     84.82%
  39  Hydrophis-cyanocinctus                   0.00%    passed     66.06%
  40  Crotalus-viridis                         0.00%    passed     83.28%
  41  Bothrops-jararaca                        0.00%    passed     94.57%
  42  Chrysopelea-ornata                       0.00%    passed     90.21%
  43  Crotalus-adamanteus                      0.00%    passed     92.57%
  44  Crotalus-horridus                        0.00%    passed     96.15%
  45  Ahaetulla-prasina_KU323364               0.00%    passed     98.37%
  46  Emydocephalus-ijimae                     0.00%    passed     68.15%
  47  Crotalus-tigris                          0.00%    passed     93.58%
  48  Hydrophis-hardwickii                     0.00%    passed     80.10%
  49  Hydrophis-melanocephalus                 0.00%    passed     62.60%
  50  Laticauda-colubrina                      0.00%    passed     17.33%
  51  Laticauda-laticaudata                    0.00%    passed     47.04%
  52  Myanophis-thanlyinensis                  0.00%    passed     98.14%
  53  Naja-naja                                0.00%    passed     83.54%
  54  Protobothrops-flavoviridis               0.00%    passed     99.79%
  55  Notechis-scutatus                        0.00%    passed     93.26%
  56  Boiga-irregularis_KU345021               0.00%    passed     99.42%
  57  Pantherophis-obsoletus                   0.00%    passed     56.89%
  58  Pituophis-catenifer                      0.00%    passed     62.58%
  59  Pseudonaja-textilis                      0.00%    passed     93.49%
  60  Ptyas-mucosa                             0.00%    passed     97.26%
  61  Thamnophis-elegans                       0.00%    passed     64.62%
  62  Thermophis-baileyi                       0.00%    passed     86.22%
  63  Boa-constrictor                          0.00%    passed     48.31%
  64  Calamaria-gervaisii_KU327406             0.00%    passed     56.12%
  65  Dipsas-indica_KU215336                   0.00%    passed     98.03%
  66  Grayia-smythii_KU341872                  0.00%    passed     98.90%
****  TOTAL                                    0.00%  1 sequences failed composition chi2 test (p-value<5%; df=3)
Reading tree /Users/jeff/Documents/trees_along_chromosomes_informative_mdt0/informative_mdt0_sites1-1500.treefile ...
un-rooted tree with 66 taxa and 129 branches
Computing site concordance factor...
0.069 sec
Tree with concordance factors written to /Users/jeff/Documents/GitHub/SnakeCap/concord_informative_mdt0/informative_mdt0_sites1-1500.scf.cf.tree
Annotated tree (best viewed in FigTree) written to /Users/jeff/Documents/GitHub/SnakeCap/concord_informative_mdt0/informative_mdt0_sites1-1500.scf.cf.tree.nex
Tree with branch IDs written to /Users/jeff/Documents/GitHub/SnakeCap/concord_informative_mdt0/informative_mdt0_sites1-1500.scf.cf.branch
Concordance factors per branch printed to /Users/jeff/Documents/GitHub/SnakeCap/concord_informative_mdt0/informative_mdt0_sites1-1500.scf.cf.stat
Date and Time: Thu Feb 17 02:29:14 2022
