IQ-TREE multicore version 2.1.3 COVID-edition for Mac OS X 64-bit built Oct  4 2021
Developed by Bui Quang Minh, James Barbetti, Nguyen Lam Tung,
Olga Chernomor, Heiko Schmidt, Dominik Schrempf, Michael Woodhams.

Host:    Jeffreys-MacBook-Air.local (SSE4.2, 8 GB RAM)
Command: iqtree2 -t /Users/jeff/Documents/trees_along_chromosomes_informative_mdt0/informative_mdt0_sites1-6000.treefile -s /var/folders/h9/6vmlp5152tvg_fp3d2t2zz_00000gn/T//aln.fa --scf 100 --prefix /Users/jeff/Documents/GitHub/SnakeCap/concord_informative_mdt0/informative_mdt0_sites1-6000.scf
Seed:    543212 (Using SPRNG - Scalable Parallel Random Number Generator)
Time:    Thu Feb 17 02:47:38 2022
Kernel:  SSE2 - 1 threads (8 CPU cores detected)

HINT: Use -nt option to specify number of threads because your CPU has 8 cores!
HINT: -nt AUTO will automatically determine the best number of threads to use.

Reading alignment file /var/folders/h9/6vmlp5152tvg_fp3d2t2zz_00000gn/T//aln.fa ... Fasta format detected
Alignment most likely contains DNA/RNA sequences
Alignment has 66 sequences with 6000 columns, 5131 distinct patterns
6000 parsimony-informative, 0 singleton sites, 0 constant sites
                                       Gap/Ambiguity  Composition  p-value
   1  Acrochordus-granulatus_KU302952          0.00%    passed     12.64%
   2  Scolecophis-atrocinctus_KU289804         0.00%    passed     68.89%
   3  Sibynophis-bivittatus_KU309608           0.00%    passed     41.36%
   4  Tantilla-taeniata_KU289863               0.00%    passed     98.76%
   5  Prosymna-visseri_MCZR190223              0.00%    passed     55.60%
   6  Pseudoxenodon-sp_KU312221                0.00%    passed     53.54%
   7  Pseudaspis-cana_MCZA27068                0.00%    passed     95.46%
   8  Pseudoxyrhopus-tritaeniatus_KU340969     0.00%    passed     92.80%
   9  Rhamphiophis-oxyrhynchus_KU290451        0.00%    passed     83.20%
  10  Psammophis-sibilans_RAX2053              0.00%    passed     23.78%
  11  Aparallactus-capensis_MCZA28808          0.00%    passed     71.06%
  12  Achalinus-spinalis_KU312258              0.00%    failed      0.01%
  13  Chamaelycus-fasciatus_KU348632           0.00%    passed     16.10%
  14  Lamprophis-lineatus_EBG706               0.00%    passed     45.27%
  15  Micrelaps-sp_TauM16738                   0.00%    passed     95.63%
  16  Buhoma-depressiceps_CFS1528              0.00%    passed     77.91%
  17  Cyclocorus-lineatus_KU335808             0.00%    passed     41.65%
  18  Hologerrhum-philippinum_KU330752         0.00%    passed     23.31%
  19  Myersophis-alpestris_KU308684            0.00%    passed     76.80%
  20  Oxyrhabdium-cfmodestum_KU338101          0.00%    passed     62.56%
  21  Oxyrhabdium-leporinum_KU346583           0.00%    passed     92.74%
  22  Oxyrhabdium-modestum_KU310866            0.00%    passed     57.79%
  23  Aplopeltura-boa_KU315147                 0.00%    passed     67.35%
  24  Levitonius-mirus_KU337269                0.00%    passed     87.41%
  25  Elapsoidea-sundevallii_MCZR190390        0.00%    passed     99.53%
  26  Hemibungarus-mcclungi_KU303027           0.00%    passed     76.54%
  27  Micrurus-corallinus_KU289205             0.00%    passed     96.23%
  28  Psammodynastes-pulverulentus_KU328547    0.00%    passed     16.41%
  29  Psammodynastes-pulverulentus_KU329686    0.00%    passed     25.95%
  30  Python-molurus                           0.00%    passed     91.47%
  31  Ophiophagus-hannah                       0.00%    passed     89.31%
  32  Crotalus-pyrrhus                         0.00%    passed     59.74%
  33  Vipera-berus                             0.00%    passed     97.93%
  34  Cerberus-schneiderii_KU324534            0.00%    passed     86.22%
  35  Thamnophis-sirtalis                      0.00%    passed     17.46%
  36  Pantherophis-guttatus                    0.00%    passed     99.83%
  37  Protobothrops-mucrosquamatus             0.00%    passed     94.81%
  38  Hydrophis-curtus                         0.00%    passed     10.53%
  39  Hydrophis-cyanocinctus                   0.00%    passed      6.06%
  40  Crotalus-viridis                         0.00%    passed     35.18%
  41  Bothrops-jararaca                        0.00%    passed     73.08%
  42  Chrysopelea-ornata                       0.00%    passed     61.09%
  43  Crotalus-adamanteus                      0.00%    passed     40.82%
  44  Crotalus-horridus                        0.00%    passed     59.35%
  45  Ahaetulla-prasina_KU323364               0.00%    passed     70.44%
  46  Emydocephalus-ijimae                     0.00%    passed     19.64%
  47  Crotalus-tigris                          0.00%    passed     37.71%
  48  Hydrophis-hardwickii                     0.00%    passed     11.63%
  49  Hydrophis-melanocephalus                 0.00%    failed      3.25%
  50  Laticauda-colubrina                      0.00%    passed      8.45%
  51  Laticauda-laticaudata                    0.00%    passed     24.28%
  52  Myanophis-thanlyinensis                  0.00%    passed     94.07%
  53  Naja-naja                                0.00%    passed     97.22%
  54  Protobothrops-flavoviridis               0.00%    passed     99.72%
  55  Notechis-scutatus                        0.00%    passed     99.15%
  56  Boiga-irregularis_KU345021               0.00%    passed     65.08%
  57  Pantherophis-obsoletus                   0.00%    passed     99.56%
  58  Pituophis-catenifer                      0.00%    passed     99.63%
  59  Pseudonaja-textilis                      0.00%    passed     91.40%
  60  Ptyas-mucosa                             0.00%    passed     89.62%
  61  Thamnophis-elegans                       0.00%    passed     25.77%
  62  Thermophis-baileyi                       0.00%    passed     60.98%
  63  Boa-constrictor                          0.00%    passed      7.57%
  64  Calamaria-gervaisii_KU327406             0.00%    passed      9.48%
  65  Dipsas-indica_KU215336                   0.00%    passed     94.29%
  66  Grayia-smythii_KU341872                  0.00%    passed     86.48%
****  TOTAL                                    0.00%  2 sequences failed composition chi2 test (p-value<5%; df=3)
Reading tree /Users/jeff/Documents/trees_along_chromosomes_informative_mdt0/informative_mdt0_sites1-6000.treefile ...
un-rooted tree with 66 taxa and 129 branches
Computing site concordance factor...
0.250 sec
Tree with concordance factors written to /Users/jeff/Documents/GitHub/SnakeCap/concord_informative_mdt0/informative_mdt0_sites1-6000.scf.cf.tree
Annotated tree (best viewed in FigTree) written to /Users/jeff/Documents/GitHub/SnakeCap/concord_informative_mdt0/informative_mdt0_sites1-6000.scf.cf.tree.nex
Tree with branch IDs written to /Users/jeff/Documents/GitHub/SnakeCap/concord_informative_mdt0/informative_mdt0_sites1-6000.scf.cf.branch
Concordance factors per branch printed to /Users/jeff/Documents/GitHub/SnakeCap/concord_informative_mdt0/informative_mdt0_sites1-6000.scf.cf.stat
Date and Time: Thu Feb 17 02:47:38 2022
