IQ-TREE multicore version 2.1.3 COVID-edition for Mac OS X 64-bit built Oct  4 2021
Developed by Bui Quang Minh, James Barbetti, Nguyen Lam Tung,
Olga Chernomor, Heiko Schmidt, Dominik Schrempf, Michael Woodhams.

Host:    Jeffreys-MacBook-Air.local (SSE4.2, 8 GB RAM)
Command: iqtree2 -t /Users/jeff/Documents/trees_along_chromosomes_informative_mdt0/informative_mdt0_sites1-2000.treefile -s /var/folders/h9/6vmlp5152tvg_fp3d2t2zz_00000gn/T//aln.fa --scf 100 --prefix /Users/jeff/Documents/GitHub/SnakeCap/concord_informative_mdt0/informative_mdt0_sites1-2000.scf
Seed:    384461 (Using SPRNG - Scalable Parallel Random Number Generator)
Time:    Thu Feb 17 02:35:37 2022
Kernel:  SSE2 - 1 threads (8 CPU cores detected)

HINT: Use -nt option to specify number of threads because your CPU has 8 cores!
HINT: -nt AUTO will automatically determine the best number of threads to use.

Reading alignment file /var/folders/h9/6vmlp5152tvg_fp3d2t2zz_00000gn/T//aln.fa ... Fasta format detected
Alignment most likely contains DNA/RNA sequences
Alignment has 66 sequences with 2000 columns, 1836 distinct patterns
2000 parsimony-informative, 0 singleton sites, 0 constant sites
                                       Gap/Ambiguity  Composition  p-value
   1  Acrochordus-granulatus_KU302952          0.00%    passed     50.32%
   2  Scolecophis-atrocinctus_KU289804         0.00%    passed     92.95%
   3  Sibynophis-bivittatus_KU309608           0.00%    passed     57.08%
   4  Tantilla-taeniata_KU289863               0.00%    passed     82.55%
   5  Prosymna-visseri_MCZR190223              0.00%    passed     55.22%
   6  Pseudoxenodon-sp_KU312221                0.00%    passed     60.34%
   7  Pseudaspis-cana_MCZA27068                0.00%    passed     84.46%
   8  Pseudoxyrhopus-tritaeniatus_KU340969     0.00%    passed     99.04%
   9  Rhamphiophis-oxyrhynchus_KU290451        0.00%    passed     72.12%
  10  Psammophis-sibilans_RAX2053              0.00%    passed     54.88%
  11  Aparallactus-capensis_MCZA28808          0.00%    passed     93.29%
  12  Achalinus-spinalis_KU312258              0.00%    failed      3.03%
  13  Chamaelycus-fasciatus_KU348632           0.00%    passed     23.56%
  14  Lamprophis-lineatus_EBG706               0.00%    passed     34.84%
  15  Micrelaps-sp_TauM16738                   0.00%    passed     93.04%
  16  Buhoma-depressiceps_CFS1528              0.00%    passed     87.71%
  17  Cyclocorus-lineatus_KU335808             0.00%    passed     97.58%
  18  Hologerrhum-philippinum_KU330752         0.00%    passed     77.58%
  19  Myersophis-alpestris_KU308684            0.00%    passed     92.01%
  20  Oxyrhabdium-cfmodestum_KU338101          0.00%    passed     98.73%
  21  Oxyrhabdium-leporinum_KU346583           0.00%    passed     99.13%
  22  Oxyrhabdium-modestum_KU310866            0.00%    passed     91.18%
  23  Aplopeltura-boa_KU315147                 0.00%    passed     79.19%
  24  Levitonius-mirus_KU337269                0.00%    passed     95.81%
  25  Elapsoidea-sundevallii_MCZR190390        0.00%    passed     98.44%
  26  Hemibungarus-mcclungi_KU303027           0.00%    passed     81.68%
  27  Micrurus-corallinus_KU289205             0.00%    passed     99.40%
  28  Psammodynastes-pulverulentus_KU328547    0.00%    passed     59.22%
  29  Psammodynastes-pulverulentus_KU329686    0.00%    passed     78.72%
  30  Python-molurus                           0.00%    passed     89.72%
  31  Ophiophagus-hannah                       0.00%    passed     92.63%
  32  Crotalus-pyrrhus                         0.00%    passed     98.90%
  33  Vipera-berus                             0.00%    passed     84.68%
  34  Cerberus-schneiderii_KU324534            0.00%    passed     99.56%
  35  Thamnophis-sirtalis                      0.00%    passed     50.36%
  36  Pantherophis-guttatus                    0.00%    passed     85.51%
  37  Protobothrops-mucrosquamatus             0.00%    passed     81.81%
  38  Hydrophis-curtus                         0.00%    passed     72.08%
  39  Hydrophis-cyanocinctus                   0.00%    passed     51.10%
  40  Crotalus-viridis                         0.00%    passed     98.28%
  41  Bothrops-jararaca                        0.00%    passed     98.03%
  42  Chrysopelea-ornata                       0.00%    passed     89.74%
  43  Crotalus-adamanteus                      0.00%    passed     99.32%
  44  Crotalus-horridus                        0.00%    passed     99.04%
  45  Ahaetulla-prasina_KU323364               0.00%    passed     98.15%
  46  Emydocephalus-ijimae                     0.00%    passed     50.41%
  47  Crotalus-tigris                          0.00%    passed     97.56%
  48  Hydrophis-hardwickii                     0.00%    passed     69.74%
  49  Hydrophis-melanocephalus                 0.00%    passed     50.67%
  50  Laticauda-colubrina                      0.00%    passed     12.21%
  51  Laticauda-laticaudata                    0.00%    passed     31.01%
  52  Myanophis-thanlyinensis                  0.00%    passed     96.53%
  53  Naja-naja                                0.00%    passed     82.15%
  54  Protobothrops-flavoviridis               0.00%    passed     87.74%
  55  Notechis-scutatus                        0.00%    passed     92.11%
  56  Boiga-irregularis_KU345021               0.00%    passed     99.19%
  57  Pantherophis-obsoletus                   0.00%    passed     81.76%
  58  Pituophis-catenifer                      0.00%    passed     81.78%
  59  Pseudonaja-textilis                      0.00%    passed     90.40%
  60  Ptyas-mucosa                             0.00%    passed     98.93%
  61  Thamnophis-elegans                       0.00%    passed     48.54%
  62  Thermophis-baileyi                       0.00%    passed     82.70%
  63  Boa-constrictor                          0.00%    passed     43.25%
  64  Calamaria-gervaisii_KU327406             0.00%    passed     58.15%
  65  Dipsas-indica_KU215336                   0.00%    passed     97.94%
  66  Grayia-smythii_KU341872                  0.00%    passed     99.88%
****  TOTAL                                    0.00%  1 sequences failed composition chi2 test (p-value<5%; df=3)
Reading tree /Users/jeff/Documents/trees_along_chromosomes_informative_mdt0/informative_mdt0_sites1-2000.treefile ...
un-rooted tree with 66 taxa and 129 branches
Computing site concordance factor...
0.091 sec
Tree with concordance factors written to /Users/jeff/Documents/GitHub/SnakeCap/concord_informative_mdt0/informative_mdt0_sites1-2000.scf.cf.tree
Annotated tree (best viewed in FigTree) written to /Users/jeff/Documents/GitHub/SnakeCap/concord_informative_mdt0/informative_mdt0_sites1-2000.scf.cf.tree.nex
Tree with branch IDs written to /Users/jeff/Documents/GitHub/SnakeCap/concord_informative_mdt0/informative_mdt0_sites1-2000.scf.cf.branch
Concordance factors per branch printed to /Users/jeff/Documents/GitHub/SnakeCap/concord_informative_mdt0/informative_mdt0_sites1-2000.scf.cf.stat
Date and Time: Thu Feb 17 02:35:37 2022
