IQ-TREE multicore version 2.1.3 COVID-edition for Mac OS X 64-bit built Oct  4 2021
Developed by Bui Quang Minh, James Barbetti, Nguyen Lam Tung,
Olga Chernomor, Heiko Schmidt, Dominik Schrempf, Michael Woodhams.

Host:    Jeffreys-MacBook-Air.local (SSE4.2, 8 GB RAM)
Command: iqtree2 -t /Users/jeff/Documents/trees_along_chromosomes_informative_mdt0/informative_mdt0_sites1-21500.treefile -s /var/folders/h9/6vmlp5152tvg_fp3d2t2zz_00000gn/T//aln.fa --scf 100 --prefix /Users/jeff/Documents/GitHub/SnakeCap/concord_informative_mdt0/informative_mdt0_sites1-21500.scf
Seed:    93034 (Using SPRNG - Scalable Parallel Random Number Generator)
Time:    Thu Feb 17 04:51:28 2022
Kernel:  SSE2 - 1 threads (8 CPU cores detected)

HINT: Use -nt option to specify number of threads because your CPU has 8 cores!
HINT: -nt AUTO will automatically determine the best number of threads to use.

Reading alignment file /var/folders/h9/6vmlp5152tvg_fp3d2t2zz_00000gn/T//aln.fa ... Fasta format detected
Alignment most likely contains DNA/RNA sequences
Alignment has 66 sequences with 21500 columns, 17212 distinct patterns
21500 parsimony-informative, 0 singleton sites, 0 constant sites
                                       Gap/Ambiguity  Composition  p-value
   1  Acrochordus-granulatus_KU302952          0.00%    failed      0.00%
   2  Scolecophis-atrocinctus_KU289804         0.00%    passed     30.22%
   3  Sibynophis-bivittatus_KU309608           0.00%    passed     22.34%
   4  Tantilla-taeniata_KU289863               0.00%    passed     98.07%
   5  Prosymna-visseri_MCZR190223              0.00%    passed      6.04%
   6  Pseudoxenodon-sp_KU312221                0.00%    passed      7.13%
   7  Pseudaspis-cana_MCZA27068                0.00%    passed      5.94%
   8  Pseudoxyrhopus-tritaeniatus_KU340969     0.00%    passed     49.56%
   9  Rhamphiophis-oxyrhynchus_KU290451        0.00%    failed      0.07%
  10  Psammophis-sibilans_RAX2053              0.00%    failed      0.00%
  11  Aparallactus-capensis_MCZA28808          0.00%    passed     69.20%
  12  Achalinus-spinalis_KU312258              0.00%    failed      0.00%
  13  Chamaelycus-fasciatus_KU348632           0.00%    failed      0.00%
  14  Lamprophis-lineatus_EBG706               0.00%    failed      0.00%
  15  Micrelaps-sp_TauM16738                   0.00%    passed     32.91%
  16  Buhoma-depressiceps_CFS1528              0.00%    passed     30.12%
  17  Cyclocorus-lineatus_KU335808             0.00%    failed      4.13%
  18  Hologerrhum-philippinum_KU330752         0.00%    failed      0.01%
  19  Myersophis-alpestris_KU308684            0.00%    passed     43.62%
  20  Oxyrhabdium-cfmodestum_KU338101          0.00%    passed      9.11%
  21  Oxyrhabdium-leporinum_KU346583           0.00%    passed     46.81%
  22  Oxyrhabdium-modestum_KU310866            0.00%    passed     11.61%
  23  Aplopeltura-boa_KU315147                 0.00%    failed      4.28%
  24  Levitonius-mirus_KU337269                0.00%    passed     46.88%
  25  Elapsoidea-sundevallii_MCZR190390        0.00%    passed     68.96%
  26  Hemibungarus-mcclungi_KU303027           0.00%    passed     14.23%
  27  Micrurus-corallinus_KU289205             0.00%    passed     97.29%
  28  Psammodynastes-pulverulentus_KU328547    0.00%    failed      0.00%
  29  Psammodynastes-pulverulentus_KU329686    0.00%    failed      0.00%
  30  Python-molurus                           0.00%    passed     70.24%
  31  Ophiophagus-hannah                       0.00%    passed     98.33%
  32  Crotalus-pyrrhus                         0.00%    failed      0.63%
  33  Vipera-berus                             0.00%    passed     87.55%
  34  Cerberus-schneiderii_KU324534            0.00%    passed     58.92%
  35  Thamnophis-sirtalis                      0.00%    passed      8.20%
  36  Pantherophis-guttatus                    0.00%    passed     98.29%
  37  Protobothrops-mucrosquamatus             0.00%    passed     63.74%
  38  Hydrophis-curtus                         0.00%    failed      0.03%
  39  Hydrophis-cyanocinctus                   0.00%    failed      0.01%
  40  Crotalus-viridis                         0.00%    failed      0.08%
  41  Bothrops-jararaca                        0.00%    failed      0.73%
  42  Chrysopelea-ornata                       0.00%    passed     46.82%
  43  Crotalus-adamanteus                      0.00%    failed      0.04%
  44  Crotalus-horridus                        0.00%    failed      0.23%
  45  Ahaetulla-prasina_KU323364               0.00%    passed     76.90%
  46  Emydocephalus-ijimae                     0.00%    failed      4.42%
  47  Crotalus-tigris                          0.00%    failed      0.08%
  48  Hydrophis-hardwickii                     0.00%    failed      0.06%
  49  Hydrophis-melanocephalus                 0.00%    failed      0.01%
  50  Laticauda-colubrina                      0.00%    failed      0.00%
  51  Laticauda-laticaudata                    0.00%    failed      0.00%
  52  Myanophis-thanlyinensis                  0.00%    passed     54.00%
  53  Naja-naja                                0.00%    passed     97.12%
  54  Protobothrops-flavoviridis               0.00%    passed     62.48%
  55  Notechis-scutatus                        0.00%    passed     97.13%
  56  Boiga-irregularis_KU345021               0.00%    passed     23.44%
  57  Pantherophis-obsoletus                   0.00%    passed     98.86%
  58  Pituophis-catenifer                      0.00%    passed     99.80%
  59  Pseudonaja-textilis                      0.00%    passed     84.79%
  60  Ptyas-mucosa                             0.00%    passed     94.08%
  61  Thamnophis-elegans                       0.00%    passed      9.52%
  62  Thermophis-baileyi                       0.00%    passed     29.08%
  63  Boa-constrictor                          0.00%    passed     18.07%
  64  Calamaria-gervaisii_KU327406             0.00%    failed      0.00%
  65  Dipsas-indica_KU215336                   0.00%    passed     99.05%
  66  Grayia-smythii_KU341872                  0.00%    passed     49.88%
****  TOTAL                                    0.00%  25 sequences failed composition chi2 test (p-value<5%; df=3)
Reading tree /Users/jeff/Documents/trees_along_chromosomes_informative_mdt0/informative_mdt0_sites1-21500.treefile ...
un-rooted tree with 66 taxa and 129 branches
Computing site concordance factor...
0.843 sec
Tree with concordance factors written to /Users/jeff/Documents/GitHub/SnakeCap/concord_informative_mdt0/informative_mdt0_sites1-21500.scf.cf.tree
Annotated tree (best viewed in FigTree) written to /Users/jeff/Documents/GitHub/SnakeCap/concord_informative_mdt0/informative_mdt0_sites1-21500.scf.cf.tree.nex
Tree with branch IDs written to /Users/jeff/Documents/GitHub/SnakeCap/concord_informative_mdt0/informative_mdt0_sites1-21500.scf.cf.branch
Concordance factors per branch printed to /Users/jeff/Documents/GitHub/SnakeCap/concord_informative_mdt0/informative_mdt0_sites1-21500.scf.cf.stat
Date and Time: Thu Feb 17 04:51:29 2022
