IQ-TREE multicore version 2.1.3 COVID-edition for Mac OS X 64-bit built Oct  4 2021
Developed by Bui Quang Minh, James Barbetti, Nguyen Lam Tung,
Olga Chernomor, Heiko Schmidt, Dominik Schrempf, Michael Woodhams.

Host:    Jeffreys-MacBook-Air.local (SSE4.2, 8 GB RAM)
Command: iqtree2 -t /Users/jeff/Documents/trees_along_chromosomes_informative_mdt0/informative_mdt0_sites1-22704.treefile -s /var/folders/h9/6vmlp5152tvg_fp3d2t2zz_00000gn/T//aln.fa --scf 100 --prefix /Users/jeff/Documents/GitHub/SnakeCap/concord_informative_mdt0/informative_mdt0_sites1-22704.scf
Seed:    157883 (Using SPRNG - Scalable Parallel Random Number Generator)
Time:    Thu Feb 17 05:09:14 2022
Kernel:  SSE2 - 1 threads (8 CPU cores detected)

HINT: Use -nt option to specify number of threads because your CPU has 8 cores!
HINT: -nt AUTO will automatically determine the best number of threads to use.

Reading alignment file /var/folders/h9/6vmlp5152tvg_fp3d2t2zz_00000gn/T//aln.fa ... Fasta format detected
Alignment most likely contains DNA/RNA sequences
Alignment has 66 sequences with 22704 columns, 18124 distinct patterns
22704 parsimony-informative, 0 singleton sites, 0 constant sites
                                       Gap/Ambiguity  Composition  p-value
   1  Acrochordus-granulatus_KU302952          0.00%    failed      0.00%
   2  Scolecophis-atrocinctus_KU289804         0.00%    passed     27.67%
   3  Sibynophis-bivittatus_KU309608           0.00%    passed     22.17%
   4  Tantilla-taeniata_KU289863               0.00%    passed     96.82%
   5  Prosymna-visseri_MCZR190223              0.00%    failed      2.79%
   6  Pseudoxenodon-sp_KU312221                0.00%    failed      4.50%
   7  Pseudaspis-cana_MCZA27068                0.00%    failed      4.64%
   8  Pseudoxyrhopus-tritaeniatus_KU340969     0.00%    passed     54.51%
   9  Rhamphiophis-oxyrhynchus_KU290451        0.00%    failed      0.19%
  10  Psammophis-sibilans_RAX2053              0.00%    failed      0.00%
  11  Aparallactus-capensis_MCZA28808          0.00%    passed     50.50%
  12  Achalinus-spinalis_KU312258              0.00%    failed      0.00%
  13  Chamaelycus-fasciatus_KU348632           0.00%    failed      0.00%
  14  Lamprophis-lineatus_EBG706               0.00%    failed      0.00%
  15  Micrelaps-sp_TauM16738                   0.00%    passed     38.71%
  16  Buhoma-depressiceps_CFS1528              0.00%    passed     43.00%
  17  Cyclocorus-lineatus_KU335808             0.00%    failed      4.89%
  18  Hologerrhum-philippinum_KU330752         0.00%    failed      0.00%
  19  Myersophis-alpestris_KU308684            0.00%    passed     51.83%
  20  Oxyrhabdium-cfmodestum_KU338101          0.00%    passed     10.27%
  21  Oxyrhabdium-leporinum_KU346583           0.00%    passed     57.84%
  22  Oxyrhabdium-modestum_KU310866            0.00%    passed     15.78%
  23  Aplopeltura-boa_KU315147                 0.00%    failed      4.42%
  24  Levitonius-mirus_KU337269                0.00%    passed     56.99%
  25  Elapsoidea-sundevallii_MCZR190390        0.00%    passed     75.17%
  26  Hemibungarus-mcclungi_KU303027           0.00%    passed      8.52%
  27  Micrurus-corallinus_KU289205             0.00%    passed     95.68%
  28  Psammodynastes-pulverulentus_KU328547    0.00%    failed      0.00%
  29  Psammodynastes-pulverulentus_KU329686    0.00%    failed      0.00%
  30  Python-molurus                           0.00%    passed     86.27%
  31  Ophiophagus-hannah                       0.00%    passed     99.12%
  32  Crotalus-pyrrhus                         0.00%    failed      1.92%
  33  Vipera-berus                             0.00%    passed     91.92%
  34  Cerberus-schneiderii_KU324534            0.00%    passed     69.73%
  35  Thamnophis-sirtalis                      0.00%    passed      8.61%
  36  Pantherophis-guttatus                    0.00%    passed     98.95%
  37  Protobothrops-mucrosquamatus             0.00%    passed     96.22%
  38  Hydrophis-curtus                         0.00%    failed      0.01%
  39  Hydrophis-cyanocinctus                   0.00%    failed      0.00%
  40  Crotalus-viridis                         0.00%    failed      0.29%
  41  Bothrops-jararaca                        0.00%    failed      2.07%
  42  Chrysopelea-ornata                       0.00%    passed     56.97%
  43  Crotalus-adamanteus                      0.00%    failed      0.17%
  44  Crotalus-horridus                        0.00%    failed      0.60%
  45  Ahaetulla-prasina_KU323364               0.00%    passed     76.26%
  46  Emydocephalus-ijimae                     0.00%    failed      2.61%
  47  Crotalus-tigris                          0.00%    failed      0.32%
  48  Hydrophis-hardwickii                     0.00%    failed      0.02%
  49  Hydrophis-melanocephalus                 0.00%    failed      0.01%
  50  Laticauda-colubrina                      0.00%    failed      0.00%
  51  Laticauda-laticaudata                    0.00%    failed      0.00%
  52  Myanophis-thanlyinensis                  0.00%    passed     65.90%
  53  Naja-naja                                0.00%    passed     98.39%
  54  Protobothrops-flavoviridis               0.00%    passed     94.51%
  55  Notechis-scutatus                        0.00%    passed     94.26%
  56  Boiga-irregularis_KU345021               0.00%    passed     25.40%
  57  Pantherophis-obsoletus                   0.00%    passed     99.09%
  58  Pituophis-catenifer                      0.00%    passed     99.06%
  59  Pseudonaja-textilis                      0.00%    passed     79.09%
  60  Ptyas-mucosa                             0.00%    passed     93.29%
  61  Thamnophis-elegans                       0.00%    passed      8.20%
  62  Thermophis-baileyi                       0.00%    passed     24.69%
  63  Boa-constrictor                          0.00%    failed      4.18%
  64  Calamaria-gervaisii_KU327406             0.00%    failed      0.00%
  65  Dipsas-indica_KU215336                   0.00%    passed     99.00%
  66  Grayia-smythii_KU341872                  0.00%    passed     42.39%
****  TOTAL                                    0.00%  29 sequences failed composition chi2 test (p-value<5%; df=3)
Reading tree /Users/jeff/Documents/trees_along_chromosomes_informative_mdt0/informative_mdt0_sites1-22704.treefile ...
un-rooted tree with 66 taxa and 129 branches
Computing site concordance factor...
0.946 sec
Tree with concordance factors written to /Users/jeff/Documents/GitHub/SnakeCap/concord_informative_mdt0/informative_mdt0_sites1-22704.scf.cf.tree
Annotated tree (best viewed in FigTree) written to /Users/jeff/Documents/GitHub/SnakeCap/concord_informative_mdt0/informative_mdt0_sites1-22704.scf.cf.tree.nex
Tree with branch IDs written to /Users/jeff/Documents/GitHub/SnakeCap/concord_informative_mdt0/informative_mdt0_sites1-22704.scf.cf.branch
Concordance factors per branch printed to /Users/jeff/Documents/GitHub/SnakeCap/concord_informative_mdt0/informative_mdt0_sites1-22704.scf.cf.stat
Date and Time: Thu Feb 17 05:09:15 2022
