IQ-TREE multicore version 2.1.3 COVID-edition for Mac OS X 64-bit built Oct  4 2021
Developed by Bui Quang Minh, James Barbetti, Nguyen Lam Tung,
Olga Chernomor, Heiko Schmidt, Dominik Schrempf, Michael Woodhams.

Host:    Jeffreys-MacBook-Air.local (SSE4.2, 8 GB RAM)
Command: iqtree2 -t /Users/jeff/Documents/trees_along_chromosomes_informative_mdt0/informative_mdt0_sites1-5000.treefile -s /var/folders/h9/6vmlp5152tvg_fp3d2t2zz_00000gn/T//aln.fa --scf 100 --prefix /Users/jeff/Documents/GitHub/SnakeCap/concord_informative_mdt0/informative_mdt0_sites1-5000.scf
Seed:    914425 (Using SPRNG - Scalable Parallel Random Number Generator)
Time:    Thu Feb 17 02:43:51 2022
Kernel:  SSE2 - 1 threads (8 CPU cores detected)

HINT: Use -nt option to specify number of threads because your CPU has 8 cores!
HINT: -nt AUTO will automatically determine the best number of threads to use.

Reading alignment file /var/folders/h9/6vmlp5152tvg_fp3d2t2zz_00000gn/T//aln.fa ... Fasta format detected
Alignment most likely contains DNA/RNA sequences
Alignment has 66 sequences with 5000 columns, 4333 distinct patterns
5000 parsimony-informative, 0 singleton sites, 0 constant sites
                                       Gap/Ambiguity  Composition  p-value
   1  Acrochordus-granulatus_KU302952          0.00%    passed     20.95%
   2  Scolecophis-atrocinctus_KU289804         0.00%    passed     76.11%
   3  Sibynophis-bivittatus_KU309608           0.00%    passed     72.07%
   4  Tantilla-taeniata_KU289863               0.00%    passed     97.21%
   5  Prosymna-visseri_MCZR190223              0.00%    passed     66.80%
   6  Pseudoxenodon-sp_KU312221                0.00%    passed     78.77%
   7  Pseudaspis-cana_MCZA27068                0.00%    passed     95.09%
   8  Pseudoxyrhopus-tritaeniatus_KU340969     0.00%    passed     94.85%
   9  Rhamphiophis-oxyrhynchus_KU290451        0.00%    passed     83.19%
  10  Psammophis-sibilans_RAX2053              0.00%    passed     25.65%
  11  Aparallactus-capensis_MCZA28808          0.00%    passed     72.13%
  12  Achalinus-spinalis_KU312258              0.00%    failed      0.02%
  13  Chamaelycus-fasciatus_KU348632           0.00%    passed     21.66%
  14  Lamprophis-lineatus_EBG706               0.00%    passed     55.53%
  15  Micrelaps-sp_TauM16738                   0.00%    passed     78.43%
  16  Buhoma-depressiceps_CFS1528              0.00%    passed     70.78%
  17  Cyclocorus-lineatus_KU335808             0.00%    passed     37.88%
  18  Hologerrhum-philippinum_KU330752         0.00%    passed     25.83%
  19  Myersophis-alpestris_KU308684            0.00%    passed     80.20%
  20  Oxyrhabdium-cfmodestum_KU338101          0.00%    passed     64.99%
  21  Oxyrhabdium-leporinum_KU346583           0.00%    passed     81.70%
  22  Oxyrhabdium-modestum_KU310866            0.00%    passed     59.15%
  23  Aplopeltura-boa_KU315147                 0.00%    passed     66.45%
  24  Levitonius-mirus_KU337269                0.00%    passed     81.26%
  25  Elapsoidea-sundevallii_MCZR190390        0.00%    passed     99.82%
  26  Hemibungarus-mcclungi_KU303027           0.00%    passed     82.29%
  27  Micrurus-corallinus_KU289205             0.00%    passed     95.65%
  28  Psammodynastes-pulverulentus_KU328547    0.00%    passed     41.83%
  29  Psammodynastes-pulverulentus_KU329686    0.00%    passed     50.40%
  30  Python-molurus                           0.00%    passed     85.80%
  31  Ophiophagus-hannah                       0.00%    passed     97.08%
  32  Crotalus-pyrrhus                         0.00%    passed     81.26%
  33  Vipera-berus                             0.00%    passed     98.30%
  34  Cerberus-schneiderii_KU324534            0.00%    passed     87.15%
  35  Thamnophis-sirtalis                      0.00%    passed     26.22%
  36  Pantherophis-guttatus                    0.00%    passed     98.94%
  37  Protobothrops-mucrosquamatus             0.00%    passed     83.48%
  38  Hydrophis-curtus                         0.00%    passed     24.42%
  39  Hydrophis-cyanocinctus                   0.00%    passed     13.13%
  40  Crotalus-viridis                         0.00%    passed     57.72%
  41  Bothrops-jararaca                        0.00%    passed     94.01%
  42  Chrysopelea-ornata                       0.00%    passed     49.98%
  43  Crotalus-adamanteus                      0.00%    passed     68.98%
  44  Crotalus-horridus                        0.00%    passed     79.56%
  45  Ahaetulla-prasina_KU323364               0.00%    passed     84.61%
  46  Emydocephalus-ijimae                     0.00%    passed     35.47%
  47  Crotalus-tigris                          0.00%    passed     60.55%
  48  Hydrophis-hardwickii                     0.00%    passed     24.12%
  49  Hydrophis-melanocephalus                 0.00%    passed     11.25%
  50  Laticauda-colubrina                      0.00%    passed      7.70%
  51  Laticauda-laticaudata                    0.00%    passed     24.09%
  52  Myanophis-thanlyinensis                  0.00%    passed     97.14%
  53  Naja-naja                                0.00%    passed     94.21%
  54  Protobothrops-flavoviridis               0.00%    passed     96.23%
  55  Notechis-scutatus                        0.00%    passed     99.70%
  56  Boiga-irregularis_KU345021               0.00%    passed     87.95%
  57  Pantherophis-obsoletus                   0.00%    passed     99.63%
  58  Pituophis-catenifer                      0.00%    passed     96.91%
  59  Pseudonaja-textilis                      0.00%    passed     97.87%
  60  Ptyas-mucosa                             0.00%    passed     97.72%
  61  Thamnophis-elegans                       0.00%    passed     32.44%
  62  Thermophis-baileyi                       0.00%    passed     61.36%
  63  Boa-constrictor                          0.00%    passed     15.56%
  64  Calamaria-gervaisii_KU327406             0.00%    passed     35.11%
  65  Dipsas-indica_KU215336                   0.00%    passed     85.69%
  66  Grayia-smythii_KU341872                  0.00%    passed     91.53%
****  TOTAL                                    0.00%  1 sequences failed composition chi2 test (p-value<5%; df=3)
Reading tree /Users/jeff/Documents/trees_along_chromosomes_informative_mdt0/informative_mdt0_sites1-5000.treefile ...
un-rooted tree with 66 taxa and 129 branches
Computing site concordance factor...
0.204 sec
Tree with concordance factors written to /Users/jeff/Documents/GitHub/SnakeCap/concord_informative_mdt0/informative_mdt0_sites1-5000.scf.cf.tree
Annotated tree (best viewed in FigTree) written to /Users/jeff/Documents/GitHub/SnakeCap/concord_informative_mdt0/informative_mdt0_sites1-5000.scf.cf.tree.nex
Tree with branch IDs written to /Users/jeff/Documents/GitHub/SnakeCap/concord_informative_mdt0/informative_mdt0_sites1-5000.scf.cf.branch
Concordance factors per branch printed to /Users/jeff/Documents/GitHub/SnakeCap/concord_informative_mdt0/informative_mdt0_sites1-5000.scf.cf.stat
Date and Time: Thu Feb 17 02:43:52 2022
