IQ-TREE multicore version 2.1.3 COVID-edition for Mac OS X 64-bit built Oct  4 2021
Developed by Bui Quang Minh, James Barbetti, Nguyen Lam Tung,
Olga Chernomor, Heiko Schmidt, Dominik Schrempf, Michael Woodhams.

Host:    Jeffreys-MacBook-Air.local (SSE4.2, 8 GB RAM)
Command: iqtree2 -t /Users/jeff/Documents/trees_along_chromosomes_informative_mdt0/informative_mdt0_sites1-5417.treefile -s /var/folders/h9/6vmlp5152tvg_fp3d2t2zz_00000gn/T//aln.fa --scf 100 --prefix /Users/jeff/Documents/GitHub/SnakeCap/concord_informative_mdt0/informative_mdt0_sites1-5417.scf
Seed:    389581 (Using SPRNG - Scalable Parallel Random Number Generator)
Time:    Thu Feb 17 10:07:30 2022
Kernel:  SSE2 - 1 threads (8 CPU cores detected)

HINT: Use -nt option to specify number of threads because your CPU has 8 cores!
HINT: -nt AUTO will automatically determine the best number of threads to use.

Reading alignment file /var/folders/h9/6vmlp5152tvg_fp3d2t2zz_00000gn/T//aln.fa ... Fasta format detected
Alignment most likely contains DNA/RNA sequences
Alignment has 66 sequences with 5417 columns, 4673 distinct patterns
5417 parsimony-informative, 0 singleton sites, 0 constant sites
                                       Gap/Ambiguity  Composition  p-value
   1  Acrochordus-granulatus_KU302952          0.00%    passed     14.63%
   2  Scolecophis-atrocinctus_KU289804         0.00%    passed     68.62%
   3  Sibynophis-bivittatus_KU309608           0.00%    passed     56.40%
   4  Tantilla-taeniata_KU289863               0.00%    passed     97.54%
   5  Prosymna-visseri_MCZR190223              0.00%    passed     63.32%
   6  Pseudoxenodon-sp_KU312221                0.00%    passed     72.04%
   7  Pseudaspis-cana_MCZA27068                0.00%    passed     96.89%
   8  Pseudoxyrhopus-tritaeniatus_KU340969     0.00%    passed     94.53%
   9  Rhamphiophis-oxyrhynchus_KU290451        0.00%    passed     87.23%
  10  Psammophis-sibilans_RAX2053              0.00%    passed     24.91%
  11  Aparallactus-capensis_MCZA28808          0.00%    passed     72.39%
  12  Achalinus-spinalis_KU312258              0.00%    failed      0.02%
  13  Chamaelycus-fasciatus_KU348632           0.00%    passed     16.92%
  14  Lamprophis-lineatus_EBG706               0.00%    passed     45.83%
  15  Micrelaps-sp_TauM16738                   0.00%    passed     94.95%
  16  Buhoma-depressiceps_CFS1528              0.00%    passed     74.53%
  17  Cyclocorus-lineatus_KU335808             0.00%    passed     47.88%
  18  Hologerrhum-philippinum_KU330752         0.00%    passed     23.33%
  19  Myersophis-alpestris_KU308684            0.00%    passed     81.49%
  20  Oxyrhabdium-cfmodestum_KU338101          0.00%    passed     63.46%
  21  Oxyrhabdium-leporinum_KU346583           0.00%    passed     89.10%
  22  Oxyrhabdium-modestum_KU310866            0.00%    passed     52.32%
  23  Aplopeltura-boa_KU315147                 0.00%    passed     61.26%
  24  Levitonius-mirus_KU337269                0.00%    passed     83.50%
  25  Elapsoidea-sundevallii_MCZR190390        0.00%    passed     98.09%
  26  Hemibungarus-mcclungi_KU303027           0.00%    passed     77.31%
  27  Micrurus-corallinus_KU289205             0.00%    passed     93.82%
  28  Psammodynastes-pulverulentus_KU328547    0.00%    passed     27.60%
  29  Psammodynastes-pulverulentus_KU329686    0.00%    passed     41.18%
  30  Python-molurus                           0.00%    passed     95.66%
  31  Ophiophagus-hannah                       0.00%    passed     95.97%
  32  Crotalus-pyrrhus                         0.00%    passed     76.07%
  33  Vipera-berus                             0.00%    passed     98.46%
  34  Cerberus-schneiderii_KU324534            0.00%    passed     79.35%
  35  Thamnophis-sirtalis                      0.00%    passed     22.13%
  36  Pantherophis-guttatus                    0.00%    passed     99.67%
  37  Protobothrops-mucrosquamatus             0.00%    passed     94.29%
  38  Hydrophis-curtus                         0.00%    passed     18.44%
  39  Hydrophis-cyanocinctus                   0.00%    passed      9.73%
  40  Crotalus-viridis                         0.00%    passed     52.46%
  41  Bothrops-jararaca                        0.00%    passed     90.58%
  42  Chrysopelea-ornata                       0.00%    passed     53.48%
  43  Crotalus-adamanteus                      0.00%    passed     63.87%
  44  Crotalus-horridus                        0.00%    passed     72.15%
  45  Ahaetulla-prasina_KU323364               0.00%    passed     84.24%
  46  Emydocephalus-ijimae                     0.00%    passed     27.41%
  47  Crotalus-tigris                          0.00%    passed     57.54%
  48  Hydrophis-hardwickii                     0.00%    passed     19.00%
  49  Hydrophis-melanocephalus                 0.00%    passed      5.32%
  50  Laticauda-colubrina                      0.00%    passed      9.04%
  51  Laticauda-laticaudata                    0.00%    passed     25.23%
  52  Myanophis-thanlyinensis                  0.00%    passed     91.26%
  53  Naja-naja                                0.00%    passed     96.57%
  54  Protobothrops-flavoviridis               0.00%    passed     98.67%
  55  Notechis-scutatus                        0.00%    passed     99.61%
  56  Boiga-irregularis_KU345021               0.00%    passed     78.91%
  57  Pantherophis-obsoletus                   0.00%    passed     99.89%
  58  Pituophis-catenifer                      0.00%    passed     98.41%
  59  Pseudonaja-textilis                      0.00%    passed     97.63%
  60  Ptyas-mucosa                             0.00%    passed     97.43%
  61  Thamnophis-elegans                       0.00%    passed     32.25%
  62  Thermophis-baileyi                       0.00%    passed     59.21%
  63  Boa-constrictor                          0.00%    passed     11.44%
  64  Calamaria-gervaisii_KU327406             0.00%    passed     29.17%
  65  Dipsas-indica_KU215336                   0.00%    passed     88.61%
  66  Grayia-smythii_KU341872                  0.00%    passed     87.58%
****  TOTAL                                    0.00%  1 sequences failed composition chi2 test (p-value<5%; df=3)
Reading tree /Users/jeff/Documents/trees_along_chromosomes_informative_mdt0/informative_mdt0_sites1-5417.treefile ...
un-rooted tree with 66 taxa and 129 branches
Computing site concordance factor...
0.222 sec
Tree with concordance factors written to /Users/jeff/Documents/GitHub/SnakeCap/concord_informative_mdt0/informative_mdt0_sites1-5417.scf.cf.tree
Annotated tree (best viewed in FigTree) written to /Users/jeff/Documents/GitHub/SnakeCap/concord_informative_mdt0/informative_mdt0_sites1-5417.scf.cf.tree.nex
Tree with branch IDs written to /Users/jeff/Documents/GitHub/SnakeCap/concord_informative_mdt0/informative_mdt0_sites1-5417.scf.cf.branch
Concordance factors per branch printed to /Users/jeff/Documents/GitHub/SnakeCap/concord_informative_mdt0/informative_mdt0_sites1-5417.scf.cf.stat
Date and Time: Thu Feb 17 10:07:30 2022
