IQ-TREE multicore version 2.1.3 COVID-edition for Mac OS X 64-bit built Oct  4 2021
Developed by Bui Quang Minh, James Barbetti, Nguyen Lam Tung,
Olga Chernomor, Heiko Schmidt, Dominik Schrempf, Michael Woodhams.

Host:    Jeffreys-MacBook-Air.local (SSE4.2, 8 GB RAM)
Command: iqtree2 -t /Users/jeff/Documents/trees_along_chromosomes_informative_mdt0/informative_mdt0_sites1-3000.treefile -s /var/folders/h9/6vmlp5152tvg_fp3d2t2zz_00000gn/T//aln.fa --scf 100 --prefix /Users/jeff/Documents/GitHub/SnakeCap/concord_informative_mdt0/informative_mdt0_sites1-3000.scf
Seed:    265813 (Using SPRNG - Scalable Parallel Random Number Generator)
Time:    Thu Feb 17 02:37:57 2022
Kernel:  SSE2 - 1 threads (8 CPU cores detected)

HINT: Use -nt option to specify number of threads because your CPU has 8 cores!
HINT: -nt AUTO will automatically determine the best number of threads to use.

Reading alignment file /var/folders/h9/6vmlp5152tvg_fp3d2t2zz_00000gn/T//aln.fa ... Fasta format detected
Alignment most likely contains DNA/RNA sequences
Alignment has 66 sequences with 3000 columns, 2687 distinct patterns
3000 parsimony-informative, 0 singleton sites, 0 constant sites
                                       Gap/Ambiguity  Composition  p-value
   1  Acrochordus-granulatus_KU302952          0.00%    passed     25.83%
   2  Scolecophis-atrocinctus_KU289804         0.00%    passed     93.87%
   3  Sibynophis-bivittatus_KU309608           0.00%    passed     81.63%
   4  Tantilla-taeniata_KU289863               0.00%    passed     96.93%
   5  Prosymna-visseri_MCZR190223              0.00%    passed     67.70%
   6  Pseudoxenodon-sp_KU312221                0.00%    passed     57.94%
   7  Pseudaspis-cana_MCZA27068                0.00%    passed     90.86%
   8  Pseudoxyrhopus-tritaeniatus_KU340969     0.00%    passed     92.31%
   9  Rhamphiophis-oxyrhynchus_KU290451        0.00%    passed     85.80%
  10  Psammophis-sibilans_RAX2053              0.00%    passed     43.71%
  11  Aparallactus-capensis_MCZA28808          0.00%    passed     90.38%
  12  Achalinus-spinalis_KU312258              0.00%    failed      1.10%
  13  Chamaelycus-fasciatus_KU348632           0.00%    passed      6.97%
  14  Lamprophis-lineatus_EBG706               0.00%    passed     26.66%
  15  Micrelaps-sp_TauM16738                   0.00%    passed     89.07%
  16  Buhoma-depressiceps_CFS1528              0.00%    passed     81.33%
  17  Cyclocorus-lineatus_KU335808             0.00%    passed     77.78%
  18  Hologerrhum-philippinum_KU330752         0.00%    passed     28.58%
  19  Myersophis-alpestris_KU308684            0.00%    passed     63.45%
  20  Oxyrhabdium-cfmodestum_KU338101          0.00%    passed     84.36%
  21  Oxyrhabdium-leporinum_KU346583           0.00%    passed     97.96%
  22  Oxyrhabdium-modestum_KU310866            0.00%    passed     70.80%
  23  Aplopeltura-boa_KU315147                 0.00%    passed     51.51%
  24  Levitonius-mirus_KU337269                0.00%    passed     76.24%
  25  Elapsoidea-sundevallii_MCZR190390        0.00%    passed     98.80%
  26  Hemibungarus-mcclungi_KU303027           0.00%    passed     97.66%
  27  Micrurus-corallinus_KU289205             0.00%    passed     97.80%
  28  Psammodynastes-pulverulentus_KU328547    0.00%    passed     36.63%
  29  Psammodynastes-pulverulentus_KU329686    0.00%    passed     46.25%
  30  Python-molurus                           0.00%    passed     75.42%
  31  Ophiophagus-hannah                       0.00%    passed     98.13%
  32  Crotalus-pyrrhus                         0.00%    passed     86.24%
  33  Vipera-berus                             0.00%    passed     98.79%
  34  Cerberus-schneiderii_KU324534            0.00%    passed     76.88%
  35  Thamnophis-sirtalis                      0.00%    passed     57.12%
  36  Pantherophis-guttatus                    0.00%    passed     91.71%
  37  Protobothrops-mucrosquamatus             0.00%    passed     90.34%
  38  Hydrophis-curtus                         0.00%    passed     55.72%
  39  Hydrophis-cyanocinctus                   0.00%    passed     33.25%
  40  Crotalus-viridis                         0.00%    passed     67.66%
  41  Bothrops-jararaca                        0.00%    passed     90.89%
  42  Chrysopelea-ornata                       0.00%    passed     76.50%
  43  Crotalus-adamanteus                      0.00%    passed     85.06%
  44  Crotalus-horridus                        0.00%    passed     84.92%
  45  Ahaetulla-prasina_KU323364               0.00%    passed     97.89%
  46  Emydocephalus-ijimae                     0.00%    passed     30.85%
  47  Crotalus-tigris                          0.00%    passed     80.04%
  48  Hydrophis-hardwickii                     0.00%    passed     51.45%
  49  Hydrophis-melanocephalus                 0.00%    passed     29.38%
  50  Laticauda-colubrina                      0.00%    passed      9.00%
  51  Laticauda-laticaudata                    0.00%    passed     22.23%
  52  Myanophis-thanlyinensis                  0.00%    passed     91.41%
  53  Naja-naja                                0.00%    passed     98.88%
  54  Protobothrops-flavoviridis               0.00%    passed     95.01%
  55  Notechis-scutatus                        0.00%    passed     98.30%
  56  Boiga-irregularis_KU345021               0.00%    passed     94.16%
  57  Pantherophis-obsoletus                   0.00%    passed     94.25%
  58  Pituophis-catenifer                      0.00%    passed     91.38%
  59  Pseudonaja-textilis                      0.00%    passed     96.87%
  60  Ptyas-mucosa                             0.00%    passed     99.11%
  61  Thamnophis-elegans                       0.00%    passed     50.86%
  62  Thermophis-baileyi                       0.00%    passed     81.37%
  63  Boa-constrictor                          0.00%    passed     41.66%
  64  Calamaria-gervaisii_KU327406             0.00%    passed     50.47%
  65  Dipsas-indica_KU215336                   0.00%    passed     93.96%
  66  Grayia-smythii_KU341872                  0.00%    passed     97.72%
****  TOTAL                                    0.00%  1 sequences failed composition chi2 test (p-value<5%; df=3)
Reading tree /Users/jeff/Documents/trees_along_chromosomes_informative_mdt0/informative_mdt0_sites1-3000.treefile ...
un-rooted tree with 66 taxa and 129 branches
Computing site concordance factor...
0.130 sec
Tree with concordance factors written to /Users/jeff/Documents/GitHub/SnakeCap/concord_informative_mdt0/informative_mdt0_sites1-3000.scf.cf.tree
Annotated tree (best viewed in FigTree) written to /Users/jeff/Documents/GitHub/SnakeCap/concord_informative_mdt0/informative_mdt0_sites1-3000.scf.cf.tree.nex
Tree with branch IDs written to /Users/jeff/Documents/GitHub/SnakeCap/concord_informative_mdt0/informative_mdt0_sites1-3000.scf.cf.branch
Concordance factors per branch printed to /Users/jeff/Documents/GitHub/SnakeCap/concord_informative_mdt0/informative_mdt0_sites1-3000.scf.cf.stat
Date and Time: Thu Feb 17 02:37:57 2022
