

================== ASTRAL ===================== 

This is ASTRAL version 5.15.5
Warning: 
 Fail to load native library libAstral.dylib; use Java default computing method without AVX2, which is 4X slower. 
 Make sure you are using the correct Djava.library.path (to the `lib` directory under ASTRAL where libAstral.dylib can be found). 
 Trying running make.sh. For mode debugging, run: java -Djava.library.path=lib/ -jar native_library_tester.jar
Gene trees are treated as unrooted
Detected GPU devices: 
Device 1 of 2: Apple M1 cl_device_id[0xffffffff] Vendor: Intel
Device 2 of 2: Apple M1 cl_device_id[0x1027f00] Vendor: Apple
Will use Device : Apple M1
Will use Device : Apple M1
Starting 8 threads ...
There are 8 threads used to run.
32 trees read from /dev/fd/11
All output trees will be *arbitrarily* rooted at Pseudoxyrhopus-tritaeniatus_KU340969

======== Running the main analysis
Number of taxa: 66 (66 species)
Taxa: [Pseudoxyrhopus-tritaeniatus_KU340969, Pseudaspis-cana_MCZA27068, Hemibungarus-mcclungi_KU303027, Ophiophagus-hannah, Naja-naja, Micrurus-corallinus_KU289205, Hydrophis-curtus, Hydrophis-hardwickii, Hydrophis-cyanocinctus, Hydrophis-melanocephalus, Emydocephalus-ijimae, Notechis-scutatus, Pseudonaja-textilis, Laticauda-colubrina, Laticauda-laticaudata, Elapsoidea-sundevallii_MCZR190390, Psammophis-sibilans_RAX2053, Rhamphiophis-oxyrhynchus_KU290451, Chamaelycus-fasciatus_KU348632, Lamprophis-lineatus_EBG706, Oxyrhabdium-modestum_KU310866, Levitonius-mirus_KU337269, Cyclocorus-lineatus_KU335808, Hologerrhum-philippinum_KU330752, Myersophis-alpestris_KU308684, Psammodynastes-pulverulentus_KU328547, Psammodynastes-pulverulentus_KU329686, Sibynophis-bivittatus_KU309608, Pseudoxenodon-sp_KU312221, Calamaria-gervaisii_KU327406, Grayia-smythii_KU341872, Scolecophis-atrocinctus_KU289804, Tantilla-taeniata_KU289863, Boiga-irregularis_KU345021, Ptyas-mucosa, Pantherophis-guttatus, Pantherophis-obsoletus, Pituophis-catenifer, Ahaetulla-prasina_KU323364, Chrysopelea-ornata, Thamnophis-sirtalis, Thamnophis-elegans, Thermophis-baileyi, Dipsas-indica_KU215336, Cerberus-schneiderii_KU324534, Myanophis-thanlyinensis, Achalinus-spinalis_KU312258, Acrochordus-granulatus_KU302952, Python-molurus, Boa-constrictor, Aplopeltura-boa_KU315147, Crotalus-pyrrhus, Crotalus-viridis, Crotalus-tigris, Crotalus-adamanteus, Crotalus-horridus, Bothrops-jararaca, Protobothrops-mucrosquamatus, Protobothrops-flavoviridis, Vipera-berus, Aparallactus-capensis_MCZA28808, Prosymna-visseri_MCZR190223, Buhoma-depressiceps_CFS1528, Micrelaps-sp_TauM16738, Oxyrhabdium-cfmodestum_KU338101, Oxyrhabdium-leporinum_KU346583]
Taxon occupancy: {Protobothrops-flavoviridis=27, Hologerrhum-philippinum_KU330752=29, Thamnophis-sirtalis=21, Hydrophis-hardwickii=27, Psammophis-sibilans_RAX2053=18, Crotalus-pyrrhus=26, Elapsoidea-sundevallii_MCZR190390=27, Bothrops-jararaca=21, Notechis-scutatus=31, Levitonius-mirus_KU337269=28, Buhoma-depressiceps_CFS1528=22, Ophiophagus-hannah=28, Calamaria-gervaisii_KU327406=21, Scolecophis-atrocinctus_KU289804=26, Ptyas-mucosa=28, Boiga-irregularis_KU345021=25, Aparallactus-capensis_MCZA28808=20, Myanophis-thanlyinensis=27, Ahaetulla-prasina_KU323364=27, Python-molurus=15, Pseudaspis-cana_MCZA27068=25, Psammodynastes-pulverulentus_KU328547=23, Rhamphiophis-oxyrhynchus_KU290451=21, Crotalus-tigris=25, Pantherophis-obsoletus=27, Protobothrops-mucrosquamatus=28, Vipera-berus=24, Chrysopelea-ornata=26, Thamnophis-elegans=25, Laticauda-laticaudata=29, Myersophis-alpestris_KU308684=28, Oxyrhabdium-leporinum_KU346583=23, Acrochordus-granulatus_KU302952=13, Cyclocorus-lineatus_KU335808=26, Oxyrhabdium-cfmodestum_KU338101=28, Grayia-smythii_KU341872=24, Tantilla-taeniata_KU289863=26, Crotalus-viridis=21, Crotalus-adamanteus=29, Pseudoxyrhopus-tritaeniatus_KU340969=24, Dipsas-indica_KU215336=25, Oxyrhabdium-modestum_KU310866=26, Emydocephalus-ijimae=30, Pantherophis-guttatus=30, Sibynophis-bivittatus_KU309608=27, Aplopeltura-boa_KU315147=22, Thermophis-baileyi=30, Pituophis-catenifer=20, Lamprophis-lineatus_EBG706=25, Hydrophis-curtus=29, Pseudoxenodon-sp_KU312221=25, Hemibungarus-mcclungi_KU303027=24, Pseudonaja-textilis=27, Chamaelycus-fasciatus_KU348632=24, Laticauda-colubrina=28, Crotalus-horridus=26, Micrurus-corallinus_KU289205=21, Boa-constrictor=16, Psammodynastes-pulverulentus_KU329686=22, Hydrophis-melanocephalus=25, Achalinus-spinalis_KU312258=18, Micrelaps-sp_TauM16738=27, Prosymna-visseri_MCZR190223=26, Naja-naja=32, Hydrophis-cyanocinctus=30, Cerberus-schneiderii_KU324534=26}
Using polytree-based weight calculation.
Number of gene trees: 32
31 trees have missing taxa
Calculating distance matrix (for completion of X) ....with 4 distance matrices for parallellism
Species tree distances calculated ...

Will attempt to complete bipartitions from X before adding using a distance matrix.
Building set of clusters (X) from gene trees 
------------------------------
Number of Clusters after addition from gene trees: 1177
Number of Clusters after addition by distance: 1177
Adding to X using resolutions of greedy consensus ...

Computing greedy consensus  
took 0 seconds
Limit for sigma of degrees:1700

polytomy size limit : > 9
 [3, 3, 3, 3, 3, 4, 6, 7, 9]
discarded polytomies: 
Threshold 0.0:
Threshold 0.01:
Threshold 0.02:
Threshold 0.05:
Threshold 0.1:
polytomy of size 4; rounds with additions with at least 5 support: 1; clusters: 1181
Threshold 0.2:
polytomy of size 3; rounds with additions with at least 5 support: 0; clusters: 1181
polytomy of size 3; rounds with additions with at least 5 support: 0; clusters: 1181
polytomy of size 6; rounds with additions with at least 5 support: 0; clusters: 1181
Threshold 0.3333333333333333:
polytomy of size 3; rounds with additions with at least 5 support: 0; clusters: 1181
polytomy of size 3; rounds with additions with at least 5 support: 0; clusters: 1181
polytomy of size 7; rounds with additions with at least 5 support: 0; clusters: 1181
polytomy of size 3; rounds with additions with at least 5 support: 0; clusters: 1181
polytomy of size 9; rounds with additions with at least 5 support: 0; clusters: 1185
Number of Clusters after addition by greedy: 1185
partitions formed in 0.943 secs
Dynamic Programming starting after 0.943 secs
Polytree max score: 10282194
Polytree building time: 0.026 seconds.
Fail to load native library libAstral.dylib; use Java default computing method.
Number of quartet trees in the gene trees: 10282194
Computing hash values took 0 seconds
device length is: 2
TREE HEIGHT IS: 12
Size of largest cluster: 66
Size of largest cluster: 66
Finishing up:1492 0 1491
Total Number of elements: 1491
Normalized score (portion of input quartet trees satisfied before correcting for multiple individuals): 0.8800711210078316
Final optimization score: 9049062
Optimal tree inferred in 2.132 secs.
Weight calculation using polytrees cumulatively took 0.0 secs
(Pseudoxyrhopus-tritaeniatus_KU340969,(Buhoma-depressiceps_CFS1528,((Micrelaps-sp_TauM16738,(((((Pseudoxenodon-sp_KU312221,(Calamaria-gervaisii_KU327406,(Sibynophis-bivittatus_KU309608,(Grayia-smythii_KU341872,((Boiga-irregularis_KU345021,((Ptyas-mucosa,(Pituophis-catenifer,(Pantherophis-guttatus,Pantherophis-obsoletus))),(Scolecophis-atrocinctus_KU289804,Tantilla-taeniata_KU289863))),(Ahaetulla-prasina_KU323364,Chrysopelea-ornata)))))),((Thamnophis-sirtalis,Thamnophis-elegans),(Thermophis-baileyi,Dipsas-indica_KU215336))),(((Vipera-berus,((Bothrops-jararaca,(Crotalus-horridus,(Crotalus-pyrrhus,(Crotalus-tigris,(Crotalus-viridis,Crotalus-adamanteus))))),(Protobothrops-mucrosquamatus,Protobothrops-flavoviridis))),(Aplopeltura-boa_KU315147,(Achalinus-spinalis_KU312258,(Acrochordus-granulatus_KU302952,(Python-molurus,Boa-constrictor))))),(Cerberus-schneiderii_KU324534,Myanophis-thanlyinensis))),((((Levitonius-mirus_KU337269,Myersophis-alpestris_KU308684),(Oxyrhabdium-leporinum_KU346583,(Oxyrhabdium-modestum_KU310866,Oxyrhabdium-cfmodestum_KU338101))),(Cyclocorus-lineatus_KU335808,Hologerrhum-philippinum_KU330752)),(Psammodynastes-pulverulentus_KU328547,Psammodynastes-pulverulentus_KU329686))),(Elapsoidea-sundevallii_MCZR190390,(Micrurus-corallinus_KU289205,(((Pseudonaja-textilis,(Notechis-scutatus,(Emydocephalus-ijimae,((Hydrophis-curtus,Hydrophis-hardwickii),(Hydrophis-cyanocinctus,Hydrophis-melanocephalus))))),(Laticauda-colubrina,Laticauda-laticaudata)),(Naja-naja,(Hemibungarus-mcclungi_KU303027,Ophiophagus-hannah))))))),(Pseudaspis-cana_MCZA27068,(((Psammophis-sibilans_RAX2053,Rhamphiophis-oxyrhynchus_KU290451),(Chamaelycus-fasciatus_KU348632,Lamprophis-lineatus_EBG706)),(Aparallactus-capensis_MCZA28808,Prosymna-visseri_MCZR190223))))));
Final quartet score is: 8982640
Final normalized quartet score is: 0.8736112156607821
You may want to ignore posterior probabilities and other statistics related to the following branch branch because the effective number of genes impacting it is only 19:
	{Pantherophis-guttatus, Pantherophis-obsoletus}
You may want to ignore posterior probabilities and other statistics related to the following branch branch because the effective number of genes impacting it is only 17:
	{Sibynophis-bivittatus_KU309608, Calamaria-gervaisii_KU327406, Grayia-smythii_KU341872, Scolecophis-atrocinctus_KU289804, Tantilla-taeniata_KU289863, Boiga-irregularis_KU345021, Ptyas-mucosa, Pantherophis-guttatus, Pantherophis-obsoletus, Pituophis-catenifer, Ahaetulla-prasina_KU323364, Chrysopelea-ornata}
You may want to ignore posterior probabilities and other statistics related to the following branch branch because the effective number of genes impacting it is only 18:
	{Sibynophis-bivittatus_KU309608, Grayia-smythii_KU341872, Scolecophis-atrocinctus_KU289804, Tantilla-taeniata_KU289863, Boiga-irregularis_KU345021, Ptyas-mucosa, Pantherophis-guttatus, Pantherophis-obsoletus, Pituophis-catenifer, Ahaetulla-prasina_KU323364, Chrysopelea-ornata}
You may want to ignore posterior probabilities and other statistics related to the following branch branch because the effective number of genes impacting it is only 18:
	{Thamnophis-sirtalis, Thamnophis-elegans}
You may want to ignore posterior probabilities and other statistics related to the following branch branch because the effective number of genes impacting it is only 18:
	{Crotalus-viridis, Crotalus-adamanteus}
You may want to ignore posterior probabilities and other statistics related to the following branch branch because the effective number of genes impacting it is only 8:
	{Python-molurus, Boa-constrictor}
You may want to ignore posterior probabilities and other statistics related to the following branch branch because the effective number of genes impacting it is only 12:
	{Achalinus-spinalis_KU312258, Acrochordus-granulatus_KU302952, Python-molurus, Boa-constrictor}
You may want to ignore posterior probabilities and other statistics related to the following branch branch because the effective number of genes impacting it is only 9:
	{Acrochordus-granulatus_KU302952, Python-molurus, Boa-constrictor}
You may want to ignore posterior probabilities and other statistics related to the following branch branch because the effective number of genes impacting it is only 17:
	{Achalinus-spinalis_KU312258, Acrochordus-granulatus_KU302952, Python-molurus, Boa-constrictor, Aplopeltura-boa_KU315147}
You may want to ignore posterior probabilities and other statistics related to the following branch branch because the effective number of genes impacting it is only 16:
	{Psammodynastes-pulverulentus_KU328547, Psammodynastes-pulverulentus_KU329686}
You may want to ignore posterior probabilities and other statistics related to the following branch branch because the effective number of genes impacting it is only 18:
	{Hemibungarus-mcclungi_KU303027, Ophiophagus-hannah, Naja-naja, Micrurus-corallinus_KU289205, Hydrophis-curtus, Hydrophis-hardwickii, Hydrophis-cyanocinctus, Hydrophis-melanocephalus, Emydocephalus-ijimae, Notechis-scutatus, Pseudonaja-textilis, Laticauda-colubrina, Laticauda-laticaudata}
You may want to ignore posterior probabilities and other statistics related to the following branch branch because the effective number of genes impacting it is only 19:
	{Chamaelycus-fasciatus_KU348632, Lamprophis-lineatus_EBG706}
You may want to ignore posterior probabilities and other statistics related to the following branch branch because the effective number of genes impacting it is only 13:
	{Psammophis-sibilans_RAX2053, Rhamphiophis-oxyrhynchus_KU290451}
You may want to ignore posterior probabilities and other statistics related to the following branch branch because the effective number of genes impacting it is only 17:
	{Aparallactus-capensis_MCZA28808, Prosymna-visseri_MCZR190223}
You may want to ignore posterior probabilities and other statistics related to the following branch branch because the effective number of genes impacting it is only 17:
	{Pseudaspis-cana_MCZA27068, Hemibungarus-mcclungi_KU303027, Ophiophagus-hannah, Naja-naja, Micrurus-corallinus_KU289205, Hydrophis-curtus, Hydrophis-hardwickii, Hydrophis-cyanocinctus, Hydrophis-melanocephalus, Emydocephalus-ijimae, Notechis-scutatus, Pseudonaja-textilis, Laticauda-colubrina, Laticauda-laticaudata, Elapsoidea-sundevallii_MCZR190390, Psammophis-sibilans_RAX2053, Rhamphiophis-oxyrhynchus_KU290451, Chamaelycus-fasciatus_KU348632, Lamprophis-lineatus_EBG706, Oxyrhabdium-modestum_KU310866, Levitonius-mirus_KU337269, Cyclocorus-lineatus_KU335808, Hologerrhum-philippinum_KU330752, Myersophis-alpestris_KU308684, Psammodynastes-pulverulentus_KU328547, Psammodynastes-pulverulentus_KU329686, Sibynophis-bivittatus_KU309608, Pseudoxenodon-sp_KU312221, Calamaria-gervaisii_KU327406, Grayia-smythii_KU341872, Scolecophis-atrocinctus_KU289804, Tantilla-taeniata_KU289863, Boiga-irregularis_KU345021, Ptyas-mucosa, Pantherophis-guttatus, Pantherophis-obsoletus, Pituophis-catenifer, Ahaetulla-prasina_KU323364, Chrysopelea-ornata, Thamnophis-sirtalis, Thamnophis-elegans, Thermophis-baileyi, Dipsas-indica_KU215336, Cerberus-schneiderii_KU324534, Myanophis-thanlyinensis, Achalinus-spinalis_KU312258, Acrochordus-granulatus_KU302952, Python-molurus, Boa-constrictor, Aplopeltura-boa_KU315147, Crotalus-pyrrhus, Crotalus-viridis, Crotalus-tigris, Crotalus-adamanteus, Crotalus-horridus, Bothrops-jararaca, Protobothrops-mucrosquamatus, Protobothrops-flavoviridis, Vipera-berus, Aparallactus-capensis_MCZA28808, Prosymna-visseri_MCZR190223, Micrelaps-sp_TauM16738, Oxyrhabdium-cfmodestum_KU338101, Oxyrhabdium-leporinum_KU346583}
(Pseudoxyrhopus-tritaeniatus_KU340969,(Buhoma-depressiceps_CFS1528,((Micrelaps-sp_TauM16738,(((((Pseudoxenodon-sp_KU312221,(Calamaria-gervaisii_KU327406,(Sibynophis-bivittatus_KU309608,(Grayia-smythii_KU341872,((Boiga-irregularis_KU345021,((Ptyas-mucosa,(Pituophis-catenifer,(Pantherophis-guttatus,Pantherophis-obsoletus)0.61:0.192371892647456)1:2.6390573296152575)0.91:0.28680255896897516,(Scolecophis-atrocinctus_KU289804,Tantilla-taeniata_KU289863)1:1.9924301646902058)0.48:0.05192005717835971)1:1.4858570849557706,(Ahaetulla-prasina_KU323364,Chrysopelea-ornata)1:1.0723170673514324)1:0.7965539810938886)0.92:0.3120259988161934)0.28:0.0)0.65:0.15072998146632788)0.81:0.22754731701936437,((Thamnophis-sirtalis,Thamnophis-elegans)1:2.538973871058275,(Thermophis-baileyi,Dipsas-indica_KU215336)0.99:0.5380429923478057)0.43:0.025026178547340953)1:1.203886056403883,(((Vipera-berus,((Bothrops-jararaca,(Crotalus-horridus,(Crotalus-pyrrhus,(Crotalus-tigris,(Crotalus-viridis,Crotalus-adamanteus)0.46:0.04852387917634647)0.59:0.09700432238714812)1:0.6931471805599455)1:2.6390573296152575)1:2.6390573296152575,(Protobothrops-mucrosquamatus,Protobothrops-flavoviridis)1:2.890371757896163)1:2.0794415416798353)1:2.6390573296152575,(Aplopeltura-boa_KU315147,(Achalinus-spinalis_KU312258,(Acrochordus-granulatus_KU302952,(Python-molurus,Boa-constrictor)1:1.7917594692280545)0.99:0.7985076962177715)1:1.479240473629335)1:0.6931471805599453)1:2.3895297744155704,(Cerberus-schneiderii_KU324534,Myanophis-thanlyinensis)1:2.772588722239782)0.93:0.27654795053089165)1:1.2190072353785744,((((Levitonius-mirus_KU337269,Myersophis-alpestris_KU308684)0.59:0.09545153880933806,(Oxyrhabdium-leporinum_KU346583,(Oxyrhabdium-modestum_KU310866,Oxyrhabdium-cfmodestum_KU338101)1:1.299282984130261)1:2.730029107820986)1:0.5753641449035618,(Cyclocorus-lineatus_KU335808,Hologerrhum-philippinum_KU330752)1:1.4974061507183518)1:1.6390764826265811,(Psammodynastes-pulverulentus_KU328547,Psammodynastes-pulverulentus_KU329686)1:2.4277482359480516)0.8:0.19281853420938638)0.61:0.0982111538462573,(Elapsoidea-sundevallii_MCZR190390,(Micrurus-corallinus_KU289205,(((Pseudonaja-textilis,(Notechis-scutatus,(Emydocephalus-ijimae,((Hydrophis-curtus,Hydrophis-hardwickii)1:0.6931471805599453,(Hydrophis-cyanocinctus,Hydrophis-melanocephalus)1:0.9808292530117262)1:2.961830721878311)1:2.92673940206704)0.99:0.49247648509779407)1:2.264844765011199,(Laticauda-colubrina,Laticauda-laticaudata)1:2.92673940206704)1:2.457977237909369,(Naja-naja,(Hemibungarus-mcclungi_KU303027,Ophiophagus-hannah)0.64:0.13170156594744659)1:0.9696187878062332)0.61:0.1098854943936747)0.4:0.03320059298292504)1:2.5474270067693334)0.99:0.4333227868864866)0.83:0.21276603497808314,(Pseudaspis-cana_MCZA27068,(((Psammophis-sibilans_RAX2053,Rhamphiophis-oxyrhynchus_KU290451)1:2.2335922215070947,(Chamaelycus-fasciatus_KU348632,Lamprophis-lineatus_EBG706)1:1.7269394872625738)0.49:0.053461235069112524,(Aparallactus-capensis_MCZA28808,Prosymna-visseri_MCZR190223)0.52:0.11448654686724632)0.49:0.05369508695072881)0.52:0.06652086151630247)0.39:0.015401684265817539));
ASTRAL finished in 2.512 secs
Shutting down threading
