

================== ASTRAL ===================== 

This is ASTRAL version 5.15.5
Warning: 
 Fail to load native library libAstral.dylib; use Java default computing method without AVX2, which is 4X slower. 
 Make sure you are using the correct Djava.library.path (to the `lib` directory under ASTRAL where libAstral.dylib can be found). 
 Trying running make.sh. For mode debugging, run: java -Djava.library.path=lib/ -jar native_library_tester.jar
Gene trees are treated as unrooted
Detected GPU devices: 
Device 1 of 2: Apple M1 cl_device_id[0xffffffff] Vendor: Intel
Device 2 of 2: Apple M1 cl_device_id[0x1027f00] Vendor: Apple
Will use Device : Apple M1
Will use Device : Apple M1
Starting 8 threads ...
There are 8 threads used to run.
342 trees read from /dev/fd/11
All output trees will be *arbitrarily* rooted at Micrurus-corallinus_KU289205

======== Running the main analysis
Number of taxa: 66 (66 species)
Taxa: [Micrurus-corallinus_KU289205, Python-molurus, Crotalus-pyrrhus, Bothrops-jararaca, Crotalus-adamanteus, Crotalus-tigris, Vipera-berus, Protobothrops-mucrosquamatus, Crotalus-horridus, Pantherophis-guttatus, Chrysopelea-ornata, Pituophis-catenifer, Ptyas-mucosa, Thamnophis-elegans, Myanophis-thanlyinensis, Ophiophagus-hannah, Hydrophis-curtus, Hydrophis-cyanocinctus, Hydrophis-melanocephalus, Naja-naja, Pseudoxyrhopus-tritaeniatus_KU340969, Pseudaspis-cana_MCZA27068, Micrelaps-sp_TauM16738, Buhoma-depressiceps_CFS1528, Oxyrhabdium-modestum_KU310866, Oxyrhabdium-cfmodestum_KU338101, Oxyrhabdium-leporinum_KU346583, Levitonius-mirus_KU337269, Myersophis-alpestris_KU308684, Cyclocorus-lineatus_KU335808, Hologerrhum-philippinum_KU330752, Psammodynastes-pulverulentus_KU328547, Psammodynastes-pulverulentus_KU329686, Hemibungarus-mcclungi_KU303027, Hydrophis-hardwickii, Emydocephalus-ijimae, Notechis-scutatus, Pseudonaja-textilis, Laticauda-colubrina, Laticauda-laticaudata, Elapsoidea-sundevallii_MCZR190390, Sibynophis-bivittatus_KU309608, Grayia-smythii_KU341872, Calamaria-gervaisii_KU327406, Ahaetulla-prasina_KU323364, Scolecophis-atrocinctus_KU289804, Tantilla-taeniata_KU289863, Boiga-irregularis_KU345021, Thamnophis-sirtalis, Pantherophis-obsoletus, Pseudoxenodon-sp_KU312221, Dipsas-indica_KU215336, Thermophis-baileyi, Achalinus-spinalis_KU312258, Acrochordus-granulatus_KU302952, Boa-constrictor, Aplopeltura-boa_KU315147, Crotalus-viridis, Protobothrops-flavoviridis, Cerberus-schneiderii_KU324534, Psammophis-sibilans_RAX2053, Rhamphiophis-oxyrhynchus_KU290451, Prosymna-visseri_MCZR190223, Aparallactus-capensis_MCZA28808, Chamaelycus-fasciatus_KU348632, Lamprophis-lineatus_EBG706]
Taxon occupancy: {Protobothrops-flavoviridis=301, Hologerrhum-philippinum_KU330752=304, Thamnophis-sirtalis=296, Hydrophis-hardwickii=297, Psammophis-sibilans_RAX2053=279, Crotalus-pyrrhus=305, Bothrops-jararaca=295, Elapsoidea-sundevallii_MCZR190390=301, Notechis-scutatus=314, Levitonius-mirus_KU337269=300, Buhoma-depressiceps_CFS1528=275, Ophiophagus-hannah=316, Ptyas-mucosa=323, Calamaria-gervaisii_KU327406=284, Scolecophis-atrocinctus_KU289804=299, Boiga-irregularis_KU345021=306, Aparallactus-capensis_MCZA28808=272, Myanophis-thanlyinensis=297, Python-molurus=272, Ahaetulla-prasina_KU323364=292, Pseudaspis-cana_MCZA27068=293, Psammodynastes-pulverulentus_KU328547=296, Crotalus-tigris=306, Rhamphiophis-oxyrhynchus_KU290451=288, Vipera-berus=302, Protobothrops-mucrosquamatus=304, Pantherophis-obsoletus=319, Chrysopelea-ornata=288, Thamnophis-elegans=305, Laticauda-laticaudata=304, Myersophis-alpestris_KU308684=301, Oxyrhabdium-leporinum_KU346583=297, Acrochordus-granulatus_KU302952=263, Cyclocorus-lineatus_KU335808=302, Oxyrhabdium-cfmodestum_KU338101=291, Grayia-smythii_KU341872=308, Tantilla-taeniata_KU289863=303, Crotalus-viridis=290, Crotalus-adamanteus=296, Pseudoxyrhopus-tritaeniatus_KU340969=288, Dipsas-indica_KU215336=299, Oxyrhabdium-modestum_KU310866=289, Emydocephalus-ijimae=311, Pantherophis-guttatus=321, Sibynophis-bivittatus_KU309608=305, Aplopeltura-boa_KU315147=280, Thermophis-baileyi=321, Pituophis-catenifer=300, Lamprophis-lineatus_EBG706=292, Hydrophis-curtus=310, Pseudoxenodon-sp_KU312221=307, Hemibungarus-mcclungi_KU303027=298, Pseudonaja-textilis=321, Chamaelycus-fasciatus_KU348632=281, Laticauda-colubrina=305, Crotalus-horridus=305, Micrurus-corallinus_KU289205=310, Boa-constrictor=265, Psammodynastes-pulverulentus_KU329686=293, Hydrophis-melanocephalus=302, Achalinus-spinalis_KU312258=247, Micrelaps-sp_TauM16738=301, Prosymna-visseri_MCZR190223=279, Naja-naja=342, Hydrophis-cyanocinctus=317, Cerberus-schneiderii_KU324534=290}
Using polytree-based weight calculation.
Number of gene trees: 342
281 trees have missing taxa
Calculating distance matrix (for completion of X) ....with 4 distance matrices for parallellism
Species tree distances calculated ...

Will attempt to complete bipartitions from X before adding using a distance matrix.
Building set of clusters (X) from gene trees 
------------------------------
Number of Clusters after addition from gene trees: 7065
Number of Clusters after addition by distance: 7065
Adding to X using resolutions of greedy consensus ...

Computing greedy consensus  
took 0 seconds
Limit for sigma of degrees:1700

polytomy size limit : > 11
 [3, 3, 3, 3, 4, 4, 4, 4, 4, 9, 11]
discarded polytomies: 
Threshold 0.0:
Threshold 0.01:
Threshold 0.02:
Threshold 0.05:
Threshold 0.1:
polytomy of size 3; rounds with additions with at least 5 support: 0; clusters: 7065
Threshold 0.2:
polytomy of size 3; rounds with additions with at least 5 support: 0; clusters: 7065
polytomy of size 3; rounds with additions with at least 5 support: 0; clusters: 7065
polytomy of size 9; rounds with additions with at least 5 support: 0; clusters: 7065
polytomy of size 3; rounds with additions with at least 5 support: 0; clusters: 7065
Threshold 0.3333333333333333:
polytomy of size 4; rounds with additions with at least 5 support: 0; clusters: 7065
polytomy of size 4; rounds with additions with at least 5 support: 0; clusters: 7065
polytomy of size 4; rounds with additions with at least 5 support: 0; clusters: 7065
polytomy of size 4; rounds with additions with at least 5 support: 0; clusters: 7065
polytomy of size 11; rounds with additions with at least 5 support: 0; clusters: 7065
polytomy of size 4; rounds with additions with at least 5 support: 0; clusters: 7065
Number of Clusters after addition by greedy: 7065
partitions formed in 1.979 secs
Dynamic Programming starting after 1.979 secs
Polytree max score: 164247569
Polytree building time: 0.061 seconds.
Fail to load native library libAstral.dylib; use Java default computing method.
Number of quartet trees in the gene trees: 164247569
Computing hash values took 0 seconds
device length is: 2
TREE HEIGHT IS: 14
Size of largest cluster: 66
Size of largest cluster: 66
Finishing up:19978 0 19977
Total Number of elements: 19977
Normalized score (portion of input quartet trees satisfied before correcting for multiple individuals): 0.8532284943590246
Final optimization score: 140140706
Optimal tree inferred in 4.362 secs.
Weight calculation using polytrees cumulatively took 0.0 secs
(Micrurus-corallinus_KU289205,(((((((Sibynophis-bivittatus_KU309608,(((Boiga-irregularis_KU345021,((Pituophis-catenifer,(Pantherophis-guttatus,Pantherophis-obsoletus)),(Ptyas-mucosa,(Scolecophis-atrocinctus_KU289804,Tantilla-taeniata_KU289863)))),(Chrysopelea-ornata,Ahaetulla-prasina_KU323364)),(Grayia-smythii_KU341872,Calamaria-gervaisii_KU327406))),((Thamnophis-elegans,Thamnophis-sirtalis),(Pseudoxenodon-sp_KU312221,(Dipsas-indica_KU215336,Thermophis-baileyi)))),(((Vipera-berus,((Bothrops-jararaca,(Crotalus-horridus,(Crotalus-adamanteus,(Crotalus-pyrrhus,(Crotalus-tigris,Crotalus-viridis))))),(Protobothrops-mucrosquamatus,Protobothrops-flavoviridis))),(Aplopeltura-boa_KU315147,(Achalinus-spinalis_KU312258,(Acrochordus-granulatus_KU302952,(Python-molurus,Boa-constrictor))))),(Myanophis-thanlyinensis,Cerberus-schneiderii_KU324534))),(((Levitonius-mirus_KU337269,Myersophis-alpestris_KU308684),(Oxyrhabdium-leporinum_KU346583,(Oxyrhabdium-modestum_KU310866,Oxyrhabdium-cfmodestum_KU338101))),(Cyclocorus-lineatus_KU335808,Hologerrhum-philippinum_KU330752))),(Psammodynastes-pulverulentus_KU328547,Psammodynastes-pulverulentus_KU329686)),(Micrelaps-sp_TauM16738,((Pseudoxyrhopus-tritaeniatus_KU340969,(Prosymna-visseri_MCZR190223,(Pseudaspis-cana_MCZA27068,(Chamaelycus-fasciatus_KU348632,Lamprophis-lineatus_EBG706)))),((Psammophis-sibilans_RAX2053,Rhamphiophis-oxyrhynchus_KU290451),(Buhoma-depressiceps_CFS1528,Aparallactus-capensis_MCZA28808))))),((Elapsoidea-sundevallii_MCZR190390,((Pseudonaja-textilis,(Notechis-scutatus,(Emydocephalus-ijimae,((Hydrophis-cyanocinctus,Hydrophis-melanocephalus),(Hydrophis-curtus,Hydrophis-hardwickii))))),(Laticauda-colubrina,Laticauda-laticaudata))),(Hemibungarus-mcclungi_KU303027,(Ophiophagus-hannah,Naja-naja)))));
Final quartet score is: 134492802
Final normalized quartet score is: 0.8188419641084612
(Micrurus-corallinus_KU289205,(((((((Sibynophis-bivittatus_KU309608,(((Boiga-irregularis_KU345021,((Pituophis-catenifer,(Pantherophis-guttatus,Pantherophis-obsoletus)0.98:0.11555759614821051)1:2.232884319173393,(Ptyas-mucosa,(Scolecophis-atrocinctus_KU289804,Tantilla-taeniata_KU289863)1:1.4142902126909298)0.41:0.03898294467813621)1:0.22991291361546234)1:1.7142915254234503,(Chrysopelea-ornata,Ahaetulla-prasina_KU323364)1:1.2802558289620538)1:0.4865201356171765,(Grayia-smythii_KU341872,Calamaria-gervaisii_KU327406)0.55:0.039920386484071195)0.99:0.12446603542228679)1:0.7337087273084641,((Thamnophis-elegans,Thamnophis-sirtalis)1:2.94523230210877,(Pseudoxenodon-sp_KU312221,(Dipsas-indica_KU215336,Thermophis-baileyi)1:0.37122958202600587)1:0.13164356487707815)0.25:0.02069371050341582)1:1.1618112432092458,(((Vipera-berus,((Bothrops-jararaca,(Crotalus-horridus,(Crotalus-adamanteus,(Crotalus-pyrrhus,(Crotalus-tigris,Crotalus-viridis)0.88:0.0888417237205693)0.4:0.0711544855508807)1:0.8368312524154851)1:2.2062715035750182)1:1.228714133455531,(Protobothrops-mucrosquamatus,Protobothrops-flavoviridis)1:1.7755188290698094)1:2.0022958729876814)1:2.5774424504490474,(Aplopeltura-boa_KU315147,(Achalinus-spinalis_KU312258,(Acrochordus-granulatus_KU302952,(Python-molurus,Boa-constrictor)1:2.1646478450050206)1:1.3957572273757994)1:3.409117232158237)1:0.8037443773109931)1:2.3001148343156887,(Myanophis-thanlyinensis,Cerberus-schneiderii_KU324534)1:2.4148764821020006)1:0.25262277820757917)1:1.231862885574172,(((Levitonius-mirus_KU337269,Myersophis-alpestris_KU308684)1:0.16839907179532987,(Oxyrhabdium-leporinum_KU346583,(Oxyrhabdium-modestum_KU310866,Oxyrhabdium-cfmodestum_KU338101)1:0.2191535840728971)1:2.668976200279673)1:0.5672866145243277,(Cyclocorus-lineatus_KU335808,Hologerrhum-philippinum_KU330752)1:1.4071683051000345)1:1.6982154724803074)0.73:0.09728966039901436,(Psammodynastes-pulverulentus_KU328547,Psammodynastes-pulverulentus_KU329686)1:2.471847697717941)0.87:0.06938302269564245,(Micrelaps-sp_TauM16738,((Pseudoxyrhopus-tritaeniatus_KU340969,(Prosymna-visseri_MCZR190223,(Pseudaspis-cana_MCZA27068,(Chamaelycus-fasciatus_KU348632,Lamprophis-lineatus_EBG706)1:1.1575594829117122)0.47:0.017794928311945502)0.72:0.05897274464105696)0.44:0.014317236733368061,((Psammophis-sibilans_RAX2053,Rhamphiophis-oxyrhynchus_KU290451)1:2.07663038252838,(Buhoma-depressiceps_CFS1528,Aparallactus-capensis_MCZA28808)0.58:0.034491416060842967)0.71:0.05118028587146706)1:0.23557685936901418)1:0.31171302911346754)1:2.44562845214441,((Elapsoidea-sundevallii_MCZR190390,((Pseudonaja-textilis,(Notechis-scutatus,(Emydocephalus-ijimae,((Hydrophis-cyanocinctus,Hydrophis-melanocephalus)1:0.9884988552062521,(Hydrophis-curtus,Hydrophis-hardwickii)1:0.7438866450332071)1:2.5694830329350067)1:2.2888534833371645)1:0.25501183128093047)1:1.6932044576771483,(Laticauda-colubrina,Laticauda-laticaudata)1:3.156123845870916)1:2.5485239968293474)0.98:0.11059403524142308,(Hemibungarus-mcclungi_KU303027,(Ophiophagus-hannah,Naja-naja)1:0.20569779983667869)1:0.40230400670129857)0.98:0.12144900770537556));
ASTRAL finished in 5.464 secs
Shutting down threading
