

================== ASTRAL ===================== 

This is ASTRAL version 5.15.5
Warning: 
 Fail to load native library libAstral.dylib; use Java default computing method without AVX2, which is 4X slower. 
 Make sure you are using the correct Djava.library.path (to the `lib` directory under ASTRAL where libAstral.dylib can be found). 
 Trying running make.sh. For mode debugging, run: java -Djava.library.path=lib/ -jar native_library_tester.jar
Gene trees are treated as unrooted
Detected GPU devices: 
Device 1 of 2: Apple M1 cl_device_id[0xffffffff] Vendor: Intel
Device 2 of 2: Apple M1 cl_device_id[0x1027f00] Vendor: Apple
Will use Device : Apple M1
Will use Device : Apple M1
Starting 8 threads ...
There are 8 threads used to run.
64 trees read from /dev/fd/11
All output trees will be *arbitrarily* rooted at Acrochordus-granulatus_KU302952

======== Running the main analysis
Number of taxa: 66 (66 species)
Taxa: [Acrochordus-granulatus_KU302952, Scolecophis-atrocinctus_KU289804, Ptyas-mucosa, Pantherophis-obsoletus, Pituophis-catenifer, Boiga-irregularis_KU345021, Ahaetulla-prasina_KU323364, Grayia-smythii_KU341872, Calamaria-gervaisii_KU327406, Dipsas-indica_KU215336, Pseudoxenodon-sp_KU312221, Thamnophis-sirtalis, Thamnophis-elegans, Thermophis-baileyi, Cerberus-schneiderii_KU324534, Myanophis-thanlyinensis, Prosymna-visseri_MCZR190223, Pseudoxyrhopus-tritaeniatus_KU340969, Aparallactus-capensis_MCZA28808, Micrelaps-sp_TauM16738, Chamaelycus-fasciatus_KU348632, Lamprophis-lineatus_EBG706, Elapsoidea-sundevallii_MCZR190390, Hydrophis-cyanocinctus, Hydrophis-melanocephalus, Hydrophis-hardwickii, Emydocephalus-ijimae, Notechis-scutatus, Pseudonaja-textilis, Laticauda-colubrina, Laticauda-laticaudata, Hemibungarus-mcclungi_KU303027, Ophiophagus-hannah, Naja-naja, Micrurus-corallinus_KU289205, Pseudaspis-cana_MCZA27068, Buhoma-depressiceps_CFS1528, Cyclocorus-lineatus_KU335808, Hologerrhum-philippinum_KU330752, Levitonius-mirus_KU337269, Oxyrhabdium-leporinum_KU346583, Psammodynastes-pulverulentus_KU329686, Crotalus-pyrrhus, Crotalus-tigris, Crotalus-adamanteus, Crotalus-viridis, Crotalus-horridus, Bothrops-jararaca, Protobothrops-mucrosquamatus, Protobothrops-flavoviridis, Vipera-berus, Aplopeltura-boa_KU315147, Python-molurus, Boa-constrictor, Tantilla-taeniata_KU289863, Pantherophis-guttatus, Chrysopelea-ornata, Sibynophis-bivittatus_KU309608, Rhamphiophis-oxyrhynchus_KU290451, Hydrophis-curtus, Psammophis-sibilans_RAX2053, Myersophis-alpestris_KU308684, Oxyrhabdium-cfmodestum_KU338101, Oxyrhabdium-modestum_KU310866, Psammodynastes-pulverulentus_KU328547, Achalinus-spinalis_KU312258]
Taxon occupancy: {Protobothrops-flavoviridis=54, Thamnophis-sirtalis=59, Hologerrhum-philippinum_KU330752=54, Hydrophis-hardwickii=61, Psammophis-sibilans_RAX2053=53, Crotalus-pyrrhus=55, Elapsoidea-sundevallii_MCZR190390=59, Bothrops-jararaca=56, Notechis-scutatus=58, Levitonius-mirus_KU337269=54, Buhoma-depressiceps_CFS1528=49, Ophiophagus-hannah=61, Scolecophis-atrocinctus_KU289804=58, Ptyas-mucosa=61, Calamaria-gervaisii_KU327406=53, Boiga-irregularis_KU345021=57, Aparallactus-capensis_MCZA28808=49, Myanophis-thanlyinensis=56, Ahaetulla-prasina_KU323364=55, Python-molurus=55, Pseudaspis-cana_MCZA27068=54, Psammodynastes-pulverulentus_KU328547=56, Crotalus-tigris=53, Rhamphiophis-oxyrhynchus_KU290451=52, Pantherophis-obsoletus=61, Protobothrops-mucrosquamatus=52, Vipera-berus=47, Chrysopelea-ornata=57, Thamnophis-elegans=59, Laticauda-laticaudata=61, Myersophis-alpestris_KU308684=48, Oxyrhabdium-leporinum_KU346583=57, Acrochordus-granulatus_KU302952=46, Cyclocorus-lineatus_KU335808=54, Oxyrhabdium-cfmodestum_KU338101=54, Grayia-smythii_KU341872=56, Tantilla-taeniata_KU289863=55, Crotalus-viridis=54, Crotalus-adamanteus=56, Pseudoxyrhopus-tritaeniatus_KU340969=55, Dipsas-indica_KU215336=57, Oxyrhabdium-modestum_KU310866=55, Emydocephalus-ijimae=62, Pantherophis-guttatus=57, Aplopeltura-boa_KU315147=52, Sibynophis-bivittatus_KU309608=54, Thermophis-baileyi=60, Pituophis-catenifer=55, Lamprophis-lineatus_EBG706=58, Hydrophis-curtus=60, Pseudoxenodon-sp_KU312221=57, Chamaelycus-fasciatus_KU348632=53, Pseudonaja-textilis=63, Hemibungarus-mcclungi_KU303027=55, Laticauda-colubrina=62, Crotalus-horridus=56, Micrurus-corallinus_KU289205=55, Boa-constrictor=55, Psammodynastes-pulverulentus_KU329686=55, Hydrophis-melanocephalus=59, Achalinus-spinalis_KU312258=49, Micrelaps-sp_TauM16738=56, Prosymna-visseri_MCZR190223=50, Naja-naja=64, Hydrophis-cyanocinctus=60, Cerberus-schneiderii_KU324534=52}
Using polytree-based weight calculation.
Number of gene trees: 64
55 trees have missing taxa
Calculating distance matrix (for completion of X) ....with 4 distance matrices for parallellism
Species tree distances calculated ...

Will attempt to complete bipartitions from X before adding using a distance matrix.
Building set of clusters (X) from gene trees 
------------------------------
Number of Clusters after addition from gene trees: 1847
Number of Clusters after addition by distance: 1847
Adding to X using resolutions of greedy consensus ...

Computing greedy consensus  
took 0 seconds
Limit for sigma of degrees:1700

polytomy size limit : > 10
 [3, 3, 3, 4, 4, 4, 4, 6, 10]
discarded polytomies: 
Threshold 0.0:
Threshold 0.01:
Threshold 0.02:
Threshold 0.05:
Threshold 0.1:
polytomy of size 4; rounds with additions with at least 5 support: 1; clusters: 1849
Threshold 0.2:
polytomy of size 6; rounds with additions with at least 5 support: 0; clusters: 1849
polytomy of size 3; rounds with additions with at least 5 support: 0; clusters: 1849
Threshold 0.3333333333333333:
polytomy of size 3; rounds with additions with at least 5 support: 0; clusters: 1849
polytomy of size 4; rounds with additions with at least 5 support: 0; clusters: 1849
polytomy of size 10; rounds with additions with at least 5 support: 0; clusters: 1849
polytomy of size 4; rounds with additions with at least 5 support: 0; clusters: 1849
polytomy of size 4; rounds with additions with at least 5 support: 0; clusters: 1849
polytomy of size 3; rounds with additions with at least 5 support: 0; clusters: 1849
Number of Clusters after addition by greedy: 1849
partitions formed in 1.129 secs
Dynamic Programming starting after 1.129 secs
Polytree max score: 30701739
Polytree building time: 0.03 seconds.
Fail to load native library libAstral.dylib; use Java default computing method.
Number of quartet trees in the gene trees: 30701739
Computing hash values took 0 seconds
device length is: 2
TREE HEIGHT IS: 13
Size of largest cluster: 66
Size of largest cluster: 66
Finishing up:2947 0 2946
Total Number of elements: 2946
Normalized score (portion of input quartet trees satisfied before correcting for multiple individuals): 0.8691785830112099
Final optimization score: 26685294
Optimal tree inferred in 2.345 secs.
Weight calculation using polytrees cumulatively took 0.0 secs
(Acrochordus-granulatus_KU302952,((Achalinus-spinalis_KU312258,(Aplopeltura-boa_KU315147,((((((Micrurus-corallinus_KU289205,((Elapsoidea-sundevallii_MCZR190390,((Pseudonaja-textilis,(Notechis-scutatus,(Emydocephalus-ijimae,((Hydrophis-cyanocinctus,Hydrophis-melanocephalus),(Hydrophis-hardwickii,Hydrophis-curtus))))),(Laticauda-colubrina,Laticauda-laticaudata))),(Hemibungarus-mcclungi_KU303027,(Ophiophagus-hannah,Naja-naja)))),(Micrelaps-sp_TauM16738,(((Pseudaspis-cana_MCZA27068,(Prosymna-visseri_MCZR190223,(Chamaelycus-fasciatus_KU348632,Lamprophis-lineatus_EBG706))),(Pseudoxyrhopus-tritaeniatus_KU340969,Buhoma-depressiceps_CFS1528)),(Aparallactus-capensis_MCZA28808,(Rhamphiophis-oxyrhynchus_KU290451,Psammophis-sibilans_RAX2053))))),((((Oxyrhabdium-leporinum_KU346583,(Oxyrhabdium-cfmodestum_KU338101,Oxyrhabdium-modestum_KU310866)),(Levitonius-mirus_KU337269,Myersophis-alpestris_KU308684)),(Cyclocorus-lineatus_KU335808,Hologerrhum-philippinum_KU330752)),(Psammodynastes-pulverulentus_KU329686,Psammodynastes-pulverulentus_KU328547))),((Sibynophis-bivittatus_KU309608,(Grayia-smythii_KU341872,(Calamaria-gervaisii_KU327406,((Boiga-irregularis_KU345021,((Ptyas-mucosa,(Pituophis-catenifer,(Pantherophis-obsoletus,Pantherophis-guttatus))),(Scolecophis-atrocinctus_KU289804,Tantilla-taeniata_KU289863))),(Ahaetulla-prasina_KU323364,Chrysopelea-ornata))))),((Pseudoxenodon-sp_KU312221,(Thamnophis-sirtalis,Thamnophis-elegans)),(Dipsas-indica_KU215336,Thermophis-baileyi)))),(Cerberus-schneiderii_KU324534,Myanophis-thanlyinensis)),(Vipera-berus,((Bothrops-jararaca,(Crotalus-horridus,(Crotalus-pyrrhus,(Crotalus-adamanteus,(Crotalus-tigris,Crotalus-viridis))))),(Protobothrops-mucrosquamatus,Protobothrops-flavoviridis)))))),(Python-molurus,Boa-constrictor)));
Final quartet score is: 27564371
Final normalized quartet score is: 0.8978113910746228
(Acrochordus-granulatus_KU302952,((Achalinus-spinalis_KU312258,(Aplopeltura-boa_KU315147,((((((Micrurus-corallinus_KU289205,((Elapsoidea-sundevallii_MCZR190390,((Pseudonaja-textilis,(Notechis-scutatus,(Emydocephalus-ijimae,((Hydrophis-cyanocinctus,Hydrophis-melanocephalus)1:0.6516474496531927,(Hydrophis-hardwickii,Hydrophis-curtus)1:0.5810298824392391)1:3.705408756065146)1:2.538973871058275)0.87:0.15847034097177473)1:3.7534179752515073,(Laticauda-colubrina,Laticauda-laticaudata)1:3.705408756065146)1:2.9789251552376093)0.92:0.18358749945377906,(Hemibungarus-mcclungi_KU303027,(Ophiophagus-hannah,Naja-naja)0.91:0.1977438841597763)1:0.4369592897624035)0.51:0.07570962592902832)1:3.1447268191357454,(Micrelaps-sp_TauM16738,(((Pseudaspis-cana_MCZA27068,(Prosymna-visseri_MCZR190223,(Chamaelycus-fasciatus_KU348632,Lamprophis-lineatus_EBG706)1:0.9716000476272441)0.84:0.17476689884765173)0.47:0.03695669957593712,(Pseudoxyrhopus-tritaeniatus_KU340969,Buhoma-depressiceps_CFS1528)0.46:0.06481882861471094)0.39:0.009917375381805149,(Aparallactus-capensis_MCZA28808,(Rhamphiophis-oxyrhynchus_KU290451,Psammophis-sibilans_RAX2053)1:1.853911123063415)0.71:0.11458319574081122)0.84:0.14875587774231203)0.96:0.23130108076512498)0.99:0.2732650009070353,((((Oxyrhabdium-leporinum_KU346583,(Oxyrhabdium-cfmodestum_KU338101,Oxyrhabdium-modestum_KU310866)0.91:0.23320794682282805)1:3.159361697335793,(Levitonius-mirus_KU337269,Myersophis-alpestris_KU308684)0.9:0.2148378706440343)1:0.6747842967779565,(Cyclocorus-lineatus_KU335808,Hologerrhum-philippinum_KU330752)1:1.575272208454212)1:1.4798341177533854,(Psammodynastes-pulverulentus_KU329686,Psammodynastes-pulverulentus_KU328547)1:3.508660947516764)0.6:0.09179999896295714)1:1.7978008760199575,((Sibynophis-bivittatus_KU309608,(Grayia-smythii_KU341872,(Calamaria-gervaisii_KU327406,((Boiga-irregularis_KU345021,((Ptyas-mucosa,(Pituophis-catenifer,(Pantherophis-obsoletus,Pantherophis-guttatus)0.84:0.16362942378180204)1:2.92673940206704)0.62:0.07495716398203991,(Scolecophis-atrocinctus_KU289804,Tantilla-taeniata_KU289863)1:1.4895627907029823)0.98:0.2744646287017291)1:1.550237133889806,(Ahaetulla-prasina_KU323364,Chrysopelea-ornata)1:1.5576511110171)1:0.6827290044659663)0.66:0.10972912649922381)0.54:0.09538562740772238)1:0.76759868289943,((Pseudoxenodon-sp_KU312221,(Thamnophis-sirtalis,Thamnophis-elegans)1:3.5457786104732607)0.85:0.15415896444456512,(Dipsas-indica_KU215336,Thermophis-baileyi)0.9:0.180488749488902)0.79:0.12220823708087779)1:1.4470320640891108)0.66:0.08969364068367136,(Cerberus-schneiderii_KU324534,Myanophis-thanlyinensis)1:2.684727366448445)1:2.5436497519568566,(Vipera-berus,((Bothrops-jararaca,(Crotalus-horridus,(Crotalus-pyrrhus,(Crotalus-adamanteus,(Crotalus-tigris,Crotalus-viridis)0.94:0.2132169527794966)0.37:0.0037971527628787053)1:1.0351818542673865)1:2.9027045483782175)1:1.1584546836630092,(Protobothrops-mucrosquamatus,Protobothrops-flavoviridis)1:2.2930156419778953)1:1.475241847136387)1:3.444682493601893)1:1.317301489632939)1:2.6855773452501523)1:1.36219680954083,(Python-molurus,Boa-constrictor)1:1.6739764335716716));
ASTRAL finished in 2.886 secs
Shutting down threading
