

================== ASTRAL ===================== 

This is ASTRAL version 5.15.5
Warning: 
 Fail to load native library libAstral.dylib; use Java default computing method without AVX2, which is 4X slower. 
 Make sure you are using the correct Djava.library.path (to the `lib` directory under ASTRAL where libAstral.dylib can be found). 
 Trying running make.sh. For mode debugging, run: java -Djava.library.path=lib/ -jar native_library_tester.jar
Gene trees are treated as unrooted
Detected GPU devices: 
Device 1 of 2: Apple M1 cl_device_id[0xffffffff] Vendor: Intel
Device 2 of 2: Apple M1 cl_device_id[0x1027f00] Vendor: Apple
Will use Device : Apple M1
Will use Device : Apple M1
Starting 8 threads ...
There are 8 threads used to run.
218 trees read from /dev/fd/11
All output trees will be *arbitrarily* rooted at Pseudoxyrhopus-tritaeniatus_KU340969

======== Running the main analysis
Number of taxa: 66 (66 species)
Taxa: [Pseudoxyrhopus-tritaeniatus_KU340969, Pseudaspis-cana_MCZA27068, Chamaelycus-fasciatus_KU348632, Lamprophis-lineatus_EBG706, Oxyrhabdium-modestum_KU310866, Oxyrhabdium-cfmodestum_KU338101, Oxyrhabdium-leporinum_KU346583, Myersophis-alpestris_KU308684, Cyclocorus-lineatus_KU335808, Hologerrhum-philippinum_KU330752, Levitonius-mirus_KU337269, Hemibungarus-mcclungi_KU303027, Ophiophagus-hannah, Naja-naja, Elapsoidea-sundevallii_MCZR190390, Hydrophis-curtus, Hydrophis-cyanocinctus, Hydrophis-melanocephalus, Hydrophis-hardwickii, Emydocephalus-ijimae, Notechis-scutatus, Pseudonaja-textilis, Laticauda-colubrina, Laticauda-laticaudata, Micrurus-corallinus_KU289205, Psammodynastes-pulverulentus_KU328547, Cerberus-schneiderii_KU324534, Myanophis-thanlyinensis, Achalinus-spinalis_KU312258, Acrochordus-granulatus_KU302952, Python-molurus, Boa-constrictor, Aplopeltura-boa_KU315147, Vipera-berus, Protobothrops-mucrosquamatus, Crotalus-viridis, Crotalus-tigris, Crotalus-adamanteus, Crotalus-horridus, Bothrops-jararaca, Ahaetulla-prasina_KU323364, Chrysopelea-ornata, Scolecophis-atrocinctus_KU289804, Tantilla-taeniata_KU289863, Pantherophis-guttatus, Pituophis-catenifer, Ptyas-mucosa, Boiga-irregularis_KU345021, Grayia-smythii_KU341872, Calamaria-gervaisii_KU327406, Pseudoxenodon-sp_KU312221, Thamnophis-sirtalis, Dipsas-indica_KU215336, Thermophis-baileyi, Psammophis-sibilans_RAX2053, Rhamphiophis-oxyrhynchus_KU290451, Buhoma-depressiceps_CFS1528, Aparallactus-capensis_MCZA28808, Micrelaps-sp_TauM16738, Prosymna-visseri_MCZR190223, Psammodynastes-pulverulentus_KU329686, Thamnophis-elegans, Sibynophis-bivittatus_KU309608, Pantherophis-obsoletus, Crotalus-pyrrhus, Protobothrops-flavoviridis]
Taxon occupancy: {Protobothrops-flavoviridis=201, Hologerrhum-philippinum_KU330752=201, Thamnophis-sirtalis=185, Hydrophis-hardwickii=211, Psammophis-sibilans_RAX2053=181, Crotalus-pyrrhus=203, Elapsoidea-sundevallii_MCZR190390=201, Bothrops-jararaca=195, Notechis-scutatus=207, Levitonius-mirus_KU337269=190, Buhoma-depressiceps_CFS1528=175, Ophiophagus-hannah=209, Scolecophis-atrocinctus_KU289804=188, Ptyas-mucosa=204, Calamaria-gervaisii_KU327406=193, Boiga-irregularis_KU345021=195, Aparallactus-capensis_MCZA28808=187, Myanophis-thanlyinensis=187, Python-molurus=183, Ahaetulla-prasina_KU323364=193, Pseudaspis-cana_MCZA27068=194, Psammodynastes-pulverulentus_KU328547=187, Crotalus-tigris=204, Rhamphiophis-oxyrhynchus_KU290451=187, Vipera-berus=196, Protobothrops-mucrosquamatus=205, Pantherophis-obsoletus=204, Chrysopelea-ornata=196, Thamnophis-elegans=190, Laticauda-laticaudata=205, Myersophis-alpestris_KU308684=193, Oxyrhabdium-leporinum_KU346583=199, Acrochordus-granulatus_KU302952=177, Cyclocorus-lineatus_KU335808=198, Oxyrhabdium-cfmodestum_KU338101=197, Tantilla-taeniata_KU289863=197, Grayia-smythii_KU341872=200, Crotalus-viridis=193, Crotalus-adamanteus=204, Pseudoxyrhopus-tritaeniatus_KU340969=193, Dipsas-indica_KU215336=195, Oxyrhabdium-modestum_KU310866=194, Emydocephalus-ijimae=209, Pantherophis-guttatus=207, Aplopeltura-boa_KU315147=187, Sibynophis-bivittatus_KU309608=196, Thermophis-baileyi=205, Pituophis-catenifer=195, Lamprophis-lineatus_EBG706=196, Hydrophis-curtus=207, Pseudoxenodon-sp_KU312221=191, Chamaelycus-fasciatus_KU348632=187, Hemibungarus-mcclungi_KU303027=199, Pseudonaja-textilis=210, Laticauda-colubrina=212, Crotalus-horridus=202, Micrurus-corallinus_KU289205=197, Boa-constrictor=184, Psammodynastes-pulverulentus_KU329686=170, Hydrophis-melanocephalus=204, Achalinus-spinalis_KU312258=171, Micrelaps-sp_TauM16738=194, Prosymna-visseri_MCZR190223=195, Naja-naja=218, Hydrophis-cyanocinctus=208, Cerberus-schneiderii_KU324534=193}
Using polytree-based weight calculation.
Number of gene trees: 218
179 trees have missing taxa
Calculating distance matrix (for completion of X) ....with 4 distance matrices for parallellism
Species tree distances calculated ...

Will attempt to complete bipartitions from X before adding using a distance matrix.
Building set of clusters (X) from gene trees 
------------------------------
Number of Clusters after addition from gene trees: 4679
Number of Clusters after addition by distance: 4679
Adding to X using resolutions of greedy consensus ...

Computing greedy consensus  
took 0 seconds
Limit for sigma of degrees:1700

polytomy size limit : > 11
 [3, 3, 3, 3, 3, 4, 4, 4, 4, 5, 11, 11]
discarded polytomies: 
Threshold 0.0:
Threshold 0.01:
Threshold 0.02:
Threshold 0.05:
polytomy of size 3; rounds with additions with at least 5 support: 0; clusters: 4679
Threshold 0.1:
polytomy of size 5; rounds with additions with at least 5 support: 0; clusters: 4679
Threshold 0.2:
polytomy of size 3; rounds with additions with at least 5 support: 0; clusters: 4679
polytomy of size 3; rounds with additions with at least 5 support: 0; clusters: 4679
polytomy of size 11; rounds with additions with at least 5 support: 0; clusters: 4679
Threshold 0.3333333333333333:
polytomy of size 3; rounds with additions with at least 5 support: 0; clusters: 4679
polytomy of size 4; rounds with additions with at least 5 support: 0; clusters: 4679
polytomy of size 3; rounds with additions with at least 5 support: 0; clusters: 4679
polytomy of size 4; rounds with additions with at least 5 support: 0; clusters: 4679
polytomy of size 4; rounds with additions with at least 5 support: 0; clusters: 4679
polytomy of size 4; rounds with additions with at least 5 support: 0; clusters: 4679
polytomy of size 11; rounds with additions with at least 5 support: 0; clusters: 4679
Number of Clusters after addition by greedy: 4679
partitions formed in 1.875 secs
Dynamic Programming starting after 1.875 secs
Polytree max score: 114165492
Polytree building time: 0.059 seconds.
Fail to load native library libAstral.dylib; use Java default computing method.
Number of quartet trees in the gene trees: 114165492
Computing hash values took 0 seconds
device length is: 2
TREE HEIGHT IS: 14
Size of largest cluster: 66
Size of largest cluster: 66
Finishing up:11893 0 11892
Total Number of elements: 11892
Normalized score (portion of input quartet trees satisfied before correcting for multiple individuals): 0.8500501447495186
Final optimization score: 97046393
Optimal tree inferred in 3.557 secs.
Weight calculation using polytrees cumulatively took 0.0 secs
(Pseudoxyrhopus-tritaeniatus_KU340969,((Micrelaps-sp_TauM16738,((((((Vipera-berus,((Bothrops-jararaca,(Crotalus-horridus,((Crotalus-tigris,Crotalus-pyrrhus),(Crotalus-viridis,Crotalus-adamanteus)))),(Protobothrops-mucrosquamatus,Protobothrops-flavoviridis))),(Aplopeltura-boa_KU315147,(Achalinus-spinalis_KU312258,(Acrochordus-granulatus_KU302952,(Python-molurus,Boa-constrictor))))),(Cerberus-schneiderii_KU324534,Myanophis-thanlyinensis)),((Sibynophis-bivittatus_KU309608,(Calamaria-gervaisii_KU327406,(Grayia-smythii_KU341872,((Boiga-irregularis_KU345021,((Pituophis-catenifer,(Pantherophis-guttatus,Pantherophis-obsoletus)),(Ptyas-mucosa,(Scolecophis-atrocinctus_KU289804,Tantilla-taeniata_KU289863)))),(Ahaetulla-prasina_KU323364,Chrysopelea-ornata))))),((Thamnophis-sirtalis,Thamnophis-elegans),(Pseudoxenodon-sp_KU312221,(Dipsas-indica_KU215336,Thermophis-baileyi))))),(((Myersophis-alpestris_KU308684,Levitonius-mirus_KU337269),(Oxyrhabdium-leporinum_KU346583,(Oxyrhabdium-modestum_KU310866,Oxyrhabdium-cfmodestum_KU338101))),(Cyclocorus-lineatus_KU335808,Hologerrhum-philippinum_KU330752))),((Micrurus-corallinus_KU289205,((Elapsoidea-sundevallii_MCZR190390,((Pseudonaja-textilis,(Notechis-scutatus,(Emydocephalus-ijimae,((Hydrophis-cyanocinctus,Hydrophis-melanocephalus),(Hydrophis-curtus,Hydrophis-hardwickii))))),(Laticauda-colubrina,Laticauda-laticaudata))),(Hemibungarus-mcclungi_KU303027,(Ophiophagus-hannah,Naja-naja)))),(Psammodynastes-pulverulentus_KU328547,Psammodynastes-pulverulentus_KU329686)))),((Buhoma-depressiceps_CFS1528,(Aparallactus-capensis_MCZA28808,(Pseudaspis-cana_MCZA27068,(Psammophis-sibilans_RAX2053,Rhamphiophis-oxyrhynchus_KU290451)))),(Prosymna-visseri_MCZR190223,(Chamaelycus-fasciatus_KU348632,Lamprophis-lineatus_EBG706)))));
Final quartet score is: 92810825
Final normalized quartet score is: 0.8129498973297465
(Pseudoxyrhopus-tritaeniatus_KU340969,((Micrelaps-sp_TauM16738,((((((Vipera-berus,((Bothrops-jararaca,(Crotalus-horridus,((Crotalus-tigris,Crotalus-pyrrhus)0.45:0.027990925432809666,(Crotalus-viridis,Crotalus-adamanteus)0.7:0.061285513413739855)1:0.8466410352615178)1:2.9173103117781887)1:1.5236916568913175,(Protobothrops-mucrosquamatus,Protobothrops-flavoviridis)1:2.0253755195804524)1:2.323419179896886)1:3.9291594647699912,(Aplopeltura-boa_KU315147,(Achalinus-spinalis_KU312258,(Acrochordus-granulatus_KU302952,(Python-molurus,Boa-constrictor)1:2.6525685905480483)1:1.3797326577866016)1:2.5104674096315076)1:0.6801971625472135)1:2.0845563601490653,(Cerberus-schneiderii_KU324534,Myanophis-thanlyinensis)1:3.1665947101690026)1:0.17759149739120234,((Sibynophis-bivittatus_KU309608,(Calamaria-gervaisii_KU327406,(Grayia-smythii_KU341872,((Boiga-irregularis_KU345021,((Pituophis-catenifer,(Pantherophis-guttatus,Pantherophis-obsoletus)1:0.24692531983818447)1:2.8752198830086635,(Ptyas-mucosa,(Scolecophis-atrocinctus_KU289804,Tantilla-taeniata_KU289863)1:1.2618539435690643)1:0.1987246806584498)1:0.3117248599601338)1:1.7526341636812177,(Ahaetulla-prasina_KU323364,Chrysopelea-ornata)1:1.443069917753525)1:0.5366209788383846)0.56:0.05017509536957929)0.97:0.12821403048392113)1:0.6695614283931515,((Thamnophis-sirtalis,Thamnophis-elegans)1:4.5856573717645155,(Pseudoxenodon-sp_KU312221,(Dipsas-indica_KU215336,Thermophis-baileyi)1:0.29023861399443196)0.94:0.11308754457246509)0.87:0.08442066603637678)1:1.3335743659803554)1:1.5528371453337009,(((Myersophis-alpestris_KU308684,Levitonius-mirus_KU337269)0.7:0.057723492450289175,(Oxyrhabdium-leporinum_KU346583,(Oxyrhabdium-modestum_KU310866,Oxyrhabdium-cfmodestum_KU338101)1:0.3042113744029913)1:3.599236619405972)1:0.5028649559133639,(Cyclocorus-lineatus_KU335808,Hologerrhum-philippinum_KU330752)1:1.1902357676373083)1:1.60802732711094)0.99:0.14726490254243274,((Micrurus-corallinus_KU289205,((Elapsoidea-sundevallii_MCZR190390,((Pseudonaja-textilis,(Notechis-scutatus,(Emydocephalus-ijimae,((Hydrophis-cyanocinctus,Hydrophis-melanocephalus)1:0.7547050735593787,(Hydrophis-curtus,Hydrophis-hardwickii)1:0.7059674794930128)1:3.2273248793547276)1:2.7046482704665884)1:0.25347338815090137)1:1.6473941061163309,(Laticauda-colubrina,Laticauda-laticaudata)1:3.52558477237468)1:3.1147768638528404)1:0.2594326005108817,(Hemibungarus-mcclungi_KU303027,(Ophiophagus-hannah,Naja-naja)0.49:0.06467833442262685)1:0.4792072098947349)0.96:0.1149973281297576)1:2.7716413414408136,(Psammodynastes-pulverulentus_KU328547,Psammodynastes-pulverulentus_KU329686)1:2.60964337889019)0.49:0.030478488260567736)0.99:0.1538447259015896)1:0.23978941368238307,((Buhoma-depressiceps_CFS1528,(Aparallactus-capensis_MCZA28808,(Pseudaspis-cana_MCZA27068,(Psammophis-sibilans_RAX2053,Rhamphiophis-oxyrhynchus_KU290451)1:2.634250462633141)0.57:0.04053420245700753)0.4:0.012119118915885947)0.28:0.0,(Prosymna-visseri_MCZR190223,(Chamaelycus-fasciatus_KU348632,Lamprophis-lineatus_EBG706)1:1.5086011805951203)0.75:0.06395023647979803)0.64:0.045274164536955847));
ASTRAL finished in 4.446 secs
Shutting down threading
