

================== ASTRAL ===================== 

This is ASTRAL version 5.15.5
Warning: 
 Fail to load native library libAstral.dylib; use Java default computing method without AVX2, which is 4X slower. 
 Make sure you are using the correct Djava.library.path (to the `lib` directory under ASTRAL where libAstral.dylib can be found). 
 Trying running make.sh. For mode debugging, run: java -Djava.library.path=lib/ -jar native_library_tester.jar
Gene trees are treated as unrooted
Detected GPU devices: 
Device 1 of 2: Apple M1 cl_device_id[0xffffffff] Vendor: Intel
Device 2 of 2: Apple M1 cl_device_id[0x1027f00] Vendor: Apple
Will use Device : Apple M1
Will use Device : Apple M1
Starting 8 threads ...
There are 8 threads used to run.
56 trees read from /dev/fd/11
All output trees will be *arbitrarily* rooted at Acrochordus-granulatus_KU302952

======== Running the main analysis
Number of taxa: 66 (66 species)
Taxa: [Acrochordus-granulatus_KU302952, Scolecophis-atrocinctus_KU289804, Tantilla-taeniata_KU289863, Pantherophis-guttatus, Pituophis-catenifer, Pantherophis-obsoletus, Boiga-irregularis_KU345021, Ptyas-mucosa, Chrysopelea-ornata, Ahaetulla-prasina_KU323364, Sibynophis-bivittatus_KU309608, Calamaria-gervaisii_KU327406, Grayia-smythii_KU341872, Thamnophis-sirtalis, Thamnophis-elegans, Thermophis-baileyi, Dipsas-indica_KU215336, Prosymna-visseri_MCZR190223, Pseudaspis-cana_MCZA27068, Buhoma-depressiceps_CFS1528, Aparallactus-capensis_MCZA28808, Chamaelycus-fasciatus_KU348632, Lamprophis-lineatus_EBG706, Rhamphiophis-oxyrhynchus_KU290451, Pseudoxyrhopus-tritaeniatus_KU340969, Micrelaps-sp_TauM16738, Elapsoidea-sundevallii_MCZR190390, Hydrophis-curtus, Hydrophis-hardwickii, Hydrophis-cyanocinctus, Hydrophis-melanocephalus, Emydocephalus-ijimae, Notechis-scutatus, Pseudonaja-textilis, Laticauda-colubrina, Laticauda-laticaudata, Hemibungarus-mcclungi_KU303027, Ophiophagus-hannah, Naja-naja, Micrurus-corallinus_KU289205, Psammodynastes-pulverulentus_KU328547, Psammodynastes-pulverulentus_KU329686, Cyclocorus-lineatus_KU335808, Hologerrhum-philippinum_KU330752, Myersophis-alpestris_KU308684, Oxyrhabdium-cfmodestum_KU338101, Oxyrhabdium-modestum_KU310866, Oxyrhabdium-leporinum_KU346583, Levitonius-mirus_KU337269, Cerberus-schneiderii_KU324534, Myanophis-thanlyinensis, Crotalus-pyrrhus, Crotalus-viridis, Crotalus-adamanteus, Crotalus-tigris, Protobothrops-mucrosquamatus, Protobothrops-flavoviridis, Vipera-berus, Aplopeltura-boa_KU315147, Achalinus-spinalis_KU312258, Python-molurus, Boa-constrictor, Pseudoxenodon-sp_KU312221, Crotalus-horridus, Bothrops-jararaca, Psammophis-sibilans_RAX2053]
Taxon occupancy: {Protobothrops-flavoviridis=49, Thamnophis-sirtalis=46, Hologerrhum-philippinum_KU330752=52, Hydrophis-hardwickii=54, Psammophis-sibilans_RAX2053=45, Crotalus-pyrrhus=52, Elapsoidea-sundevallii_MCZR190390=50, Bothrops-jararaca=51, Notechis-scutatus=55, Levitonius-mirus_KU337269=49, Buhoma-depressiceps_CFS1528=51, Ophiophagus-hannah=54, Scolecophis-atrocinctus_KU289804=51, Ptyas-mucosa=54, Calamaria-gervaisii_KU327406=49, Boiga-irregularis_KU345021=47, Aparallactus-capensis_MCZA28808=48, Myanophis-thanlyinensis=47, Ahaetulla-prasina_KU323364=49, Python-molurus=52, Pseudaspis-cana_MCZA27068=46, Psammodynastes-pulverulentus_KU328547=52, Rhamphiophis-oxyrhynchus_KU290451=44, Crotalus-tigris=52, Pantherophis-obsoletus=53, Protobothrops-mucrosquamatus=50, Vipera-berus=48, Chrysopelea-ornata=52, Thamnophis-elegans=48, Laticauda-laticaudata=53, Myersophis-alpestris_KU308684=50, Oxyrhabdium-leporinum_KU346583=53, Acrochordus-granulatus_KU302952=51, Cyclocorus-lineatus_KU335808=53, Oxyrhabdium-cfmodestum_KU338101=45, Tantilla-taeniata_KU289863=53, Grayia-smythii_KU341872=53, Crotalus-viridis=50, Crotalus-adamanteus=50, Pseudoxyrhopus-tritaeniatus_KU340969=49, Dipsas-indica_KU215336=49, Oxyrhabdium-modestum_KU310866=50, Emydocephalus-ijimae=53, Pantherophis-guttatus=55, Sibynophis-bivittatus_KU309608=50, Aplopeltura-boa_KU315147=45, Thermophis-baileyi=56, Pituophis-catenifer=48, Lamprophis-lineatus_EBG706=50, Hydrophis-curtus=54, Pseudoxenodon-sp_KU312221=47, Chamaelycus-fasciatus_KU348632=49, Pseudonaja-textilis=54, Hemibungarus-mcclungi_KU303027=47, Laticauda-colubrina=55, Crotalus-horridus=51, Micrurus-corallinus_KU289205=48, Boa-constrictor=47, Psammodynastes-pulverulentus_KU329686=51, Hydrophis-melanocephalus=51, Achalinus-spinalis_KU312258=44, Micrelaps-sp_TauM16738=53, Prosymna-visseri_MCZR190223=49, Naja-naja=56, Hydrophis-cyanocinctus=54, Cerberus-schneiderii_KU324534=51}
Using polytree-based weight calculation.
Number of gene trees: 56
48 trees have missing taxa
Calculating distance matrix (for completion of X) ....with 4 distance matrices for parallellism
Species tree distances calculated ...

Will attempt to complete bipartitions from X before adding using a distance matrix.
Building set of clusters (X) from gene trees 
------------------------------
Number of Clusters after addition from gene trees: 1837
Number of Clusters after addition by distance: 1837
Adding to X using resolutions of greedy consensus ...

Computing greedy consensus  
took 0 seconds
Limit for sigma of degrees:1700

polytomy size limit : > 10
 [3, 3, 3, 3, 3, 3, 4, 4, 4, 4, 5, 5, 6, 10]
discarded polytomies: 
Threshold 0.0:
Threshold 0.01:
Threshold 0.02:
Threshold 0.05:
polytomy of size 3; rounds with additions with at least 5 support: 0; clusters: 1845
Threshold 0.1:
polytomy of size 5; rounds with additions with at least 5 support: 1; clusters: 1847
Threshold 0.2:
polytomy of size 6; rounds with additions with at least 5 support: 0; clusters: 1847
polytomy of size 4; rounds with additions with at least 5 support: 0; clusters: 1847
polytomy of size 3; rounds with additions with at least 5 support: 0; clusters: 1843
Threshold 0.3333333333333333:
polytomy of size 3; rounds with additions with at least 5 support: 0; clusters: 1847
polytomy of size 3; rounds with additions with at least 5 support: 0; clusters: 1843
polytomy of size 4; rounds with additions with at least 5 support: 0; clusters: 1847
polytomy of size 3; rounds with additions with at least 5 support: 0; clusters: 1847
polytomy of size 10; rounds with additions with at least 5 support: 0; clusters: 1847
polytomy of size 3; rounds with additions with at least 5 support: 0; clusters: 1847
polytomy of size 4; rounds with additions with at least 5 support: 0; clusters: 1847
polytomy of size 4; rounds with additions with at least 5 support: 0; clusters: 1847
polytomy of size 5; rounds with additions with at least 5 support: 0; clusters: 1847
Number of Clusters after addition by greedy: 1847
partitions formed in 1.196 secs
Dynamic Programming starting after 1.197 secs
Polytree max score: 29084137
Polytree building time: 0.032 seconds.
Fail to load native library libAstral.dylib; use Java default computing method.
Number of quartet trees in the gene trees: 29084137
Computing hash values took 0 seconds
device length is: 2
TREE HEIGHT IS: 14
Size of largest cluster: 66
Size of largest cluster: 66
Finishing up:2723 0 2722
Total Number of elements: 2722
Normalized score (portion of input quartet trees satisfied before correcting for multiple individuals): 0.847223178738293
Final optimization score: 24640755
Optimal tree inferred in 2.416 secs.
Weight calculation using polytrees cumulatively took 0.0 secs
(Acrochordus-granulatus_KU302952,((Achalinus-spinalis_KU312258,(Aplopeltura-boa_KU315147,(((((((Micrurus-corallinus_KU289205,((Elapsoidea-sundevallii_MCZR190390,((Pseudonaja-textilis,(Notechis-scutatus,(Emydocephalus-ijimae,((Hydrophis-curtus,Hydrophis-hardwickii),(Hydrophis-cyanocinctus,Hydrophis-melanocephalus))))),(Laticauda-colubrina,Laticauda-laticaudata))),(Hemibungarus-mcclungi_KU303027,(Ophiophagus-hannah,Naja-naja)))),(Psammodynastes-pulverulentus_KU328547,Psammodynastes-pulverulentus_KU329686)),(Micrelaps-sp_TauM16738,((Pseudoxyrhopus-tritaeniatus_KU340969,((Prosymna-visseri_MCZR190223,(Chamaelycus-fasciatus_KU348632,Lamprophis-lineatus_EBG706)),(Buhoma-depressiceps_CFS1528,(Pseudaspis-cana_MCZA27068,Aparallactus-capensis_MCZA28808)))),(Rhamphiophis-oxyrhynchus_KU290451,Psammophis-sibilans_RAX2053)))),(((Oxyrhabdium-leporinum_KU346583,(Oxyrhabdium-cfmodestum_KU338101,Oxyrhabdium-modestum_KU310866)),(Myersophis-alpestris_KU308684,Levitonius-mirus_KU337269)),(Cyclocorus-lineatus_KU335808,Hologerrhum-philippinum_KU330752))),((Calamaria-gervaisii_KU327406,(Sibynophis-bivittatus_KU309608,(Grayia-smythii_KU341872,((Boiga-irregularis_KU345021,(Ptyas-mucosa,((Pituophis-catenifer,(Pantherophis-guttatus,Pantherophis-obsoletus)),(Scolecophis-atrocinctus_KU289804,Tantilla-taeniata_KU289863)))),(Chrysopelea-ornata,Ahaetulla-prasina_KU323364))))),((Pseudoxenodon-sp_KU312221,(Thermophis-baileyi,Dipsas-indica_KU215336)),(Thamnophis-sirtalis,Thamnophis-elegans)))),(Cerberus-schneiderii_KU324534,Myanophis-thanlyinensis)),(Vipera-berus,((Bothrops-jararaca,(Crotalus-horridus,(Crotalus-pyrrhus,(Crotalus-viridis,(Crotalus-adamanteus,Crotalus-tigris))))),(Protobothrops-mucrosquamatus,Protobothrops-flavoviridis)))))),(Python-molurus,Boa-constrictor)));
Final quartet score is: 25192514
Final normalized quartet score is: 0.8661943106649511
(Acrochordus-granulatus_KU302952,((Achalinus-spinalis_KU312258,(Aplopeltura-boa_KU315147,(((((((Micrurus-corallinus_KU289205,((Elapsoidea-sundevallii_MCZR190390,((Pseudonaja-textilis,(Notechis-scutatus,(Emydocephalus-ijimae,((Hydrophis-curtus,Hydrophis-hardwickii)1:0.45131149623358296,(Hydrophis-cyanocinctus,Hydrophis-melanocephalus)1:0.5500463369192721)1:3.159361697335793)1:2.7800237007272983)0.98:0.2625460991802387)1:2.7950615780918424,(Laticauda-colubrina,Laticauda-laticaudata)1:2.890371757896163)1:3.3348052918752615)0.57:0.093224752343359,(Hemibungarus-mcclungi_KU303027,(Ophiophagus-hannah,Naja-naja)0.58:0.07155902675059812)1:0.5453015233148497)0.91:0.19998108718935267)1:2.3092486210141434,(Psammodynastes-pulverulentus_KU328547,Psammodynastes-pulverulentus_KU329686)1:2.324016237561927)0.58:0.07398384480198249,(Micrelaps-sp_TauM16738,((Pseudoxyrhopus-tritaeniatus_KU340969,((Prosymna-visseri_MCZR190223,(Chamaelycus-fasciatus_KU348632,Lamprophis-lineatus_EBG706)1:1.2557265822816939)0.59:0.07965484895834148,(Buhoma-depressiceps_CFS1528,(Pseudaspis-cana_MCZA27068,Aparallactus-capensis_MCZA28808)0.39:0.008130855595133803)0.37:0.027983158963717066)0.3:0.0)0.51:0.05091437783689988,(Rhamphiophis-oxyrhynchus_KU290451,Psammophis-sibilans_RAX2053)1:1.005234191995588)0.46:0.03363384817259523)1:0.5032205418281966)0.97:0.2609909718130054,(((Oxyrhabdium-leporinum_KU346583,(Oxyrhabdium-cfmodestum_KU338101,Oxyrhabdium-modestum_KU310866)1:0.49611947637629533)1:2.4698002045821634,(Myersophis-alpestris_KU308684,Levitonius-mirus_KU337269)0.64:0.09822268452662232)0.98:0.27797458289662774,(Cyclocorus-lineatus_KU335808,Hologerrhum-philippinum_KU330752)1:2.141632063275498)1:1.7805553097295386)1:1.1567865432559763,((Calamaria-gervaisii_KU327406,(Sibynophis-bivittatus_KU309608,(Grayia-smythii_KU341872,((Boiga-irregularis_KU345021,(Ptyas-mucosa,((Pituophis-catenifer,(Pantherophis-guttatus,Pantherophis-obsoletus)0.89:0.19570006003954127)1:2.011090952915012,(Scolecophis-atrocinctus_KU289804,Tantilla-taeniata_KU289863)1:1.3584830471517875)0.57:0.07576473742623435)0.98:0.28719562375691)1:2.0468872109816454,(Chrysopelea-ornata,Ahaetulla-prasina_KU323364)1:1.797024464839424)1:0.5947732321195849)0.89:0.19041324178096042)0.47:0.03624071521378993)1:0.6376067692959998,((Pseudoxenodon-sp_KU312221,(Thermophis-baileyi,Dipsas-indica_KU215336)0.84:0.17753011786646464)0.9:0.20255559250804572,(Thamnophis-sirtalis,Thamnophis-elegans)1:2.7941910520382707)0.53:0.05961493333305826)1:1.1395847167246413)0.89:0.17892724365224064,(Cerberus-schneiderii_KU324534,Myanophis-thanlyinensis)1:2.4742964706759865)1:1.863405483304799,(Vipera-berus,((Bothrops-jararaca,(Crotalus-horridus,(Crotalus-pyrrhus,(Crotalus-viridis,(Crotalus-adamanteus,Crotalus-tigris)0.51:0.051987941222750494)0.93:0.21243783639680036)1:0.8784719386709767)1:2.540467027702346)1:1.6592502334432717,(Protobothrops-mucrosquamatus,Protobothrops-flavoviridis)1:1.519825753744413)1:1.8026136174920635)1:2.4774966716129874)1:0.6406423088374171)1:1.6704942386675954)1:1.3149066744993725,(Python-molurus,Boa-constrictor)1:2.730029107820986));
ASTRAL finished in 2.924 secs
Shutting down threading
