

================== ASTRAL ===================== 

This is ASTRAL version 5.15.5
Warning: 
 Fail to load native library libAstral.dylib; use Java default computing method without AVX2, which is 4X slower. 
 Make sure you are using the correct Djava.library.path (to the `lib` directory under ASTRAL where libAstral.dylib can be found). 
 Trying running make.sh. For mode debugging, run: java -Djava.library.path=lib/ -jar native_library_tester.jar
Gene trees are treated as unrooted
Detected GPU devices: 
Device 1 of 2: Apple M1 cl_device_id[0xffffffff] Vendor: Intel
Device 2 of 2: Apple M1 cl_device_id[0x1027f00] Vendor: Apple
Will use Device : Apple M1
Will use Device : Apple M1
Starting 8 threads ...
There are 8 threads used to run.
73 trees read from /dev/fd/11
All output trees will be *arbitrarily* rooted at Acrochordus-granulatus_KU302952

======== Running the main analysis
Number of taxa: 66 (66 species)
Taxa: [Acrochordus-granulatus_KU302952, Scolecophis-atrocinctus_KU289804, Pantherophis-guttatus, Pantherophis-obsoletus, Pituophis-catenifer, Ptyas-mucosa, Pseudoxenodon-sp_KU312221, Thermophis-baileyi, Thamnophis-sirtalis, Thamnophis-elegans, Prosymna-visseri_MCZR190223, Chamaelycus-fasciatus_KU348632, Lamprophis-lineatus_EBG706, Buhoma-depressiceps_CFS1528, Rhamphiophis-oxyrhynchus_KU290451, Psammophis-sibilans_RAX2053, Aparallactus-capensis_MCZA28808, Pseudaspis-cana_MCZA27068, Pseudoxyrhopus-tritaeniatus_KU340969, Micrelaps-sp_TauM16738, Elapsoidea-sundevallii_MCZR190390, Hemibungarus-mcclungi_KU303027, Hydrophis-curtus, Hydrophis-hardwickii, Hydrophis-cyanocinctus, Emydocephalus-ijimae, Notechis-scutatus, Pseudonaja-textilis, Laticauda-colubrina, Ophiophagus-hannah, Naja-naja, Micrurus-corallinus_KU289205, Cyclocorus-lineatus_KU335808, Hologerrhum-philippinum_KU330752, Myersophis-alpestris_KU308684, Oxyrhabdium-cfmodestum_KU338101, Oxyrhabdium-modestum_KU310866, Oxyrhabdium-leporinum_KU346583, Cerberus-schneiderii_KU324534, Myanophis-thanlyinensis, Crotalus-pyrrhus, Crotalus-viridis, Crotalus-tigris, Crotalus-adamanteus, Crotalus-horridus, Bothrops-jararaca, Protobothrops-flavoviridis, Vipera-berus, Aplopeltura-boa_KU315147, Achalinus-spinalis_KU312258, Python-molurus, Boa-constrictor, Sibynophis-bivittatus_KU309608, Calamaria-gervaisii_KU327406, Ahaetulla-prasina_KU323364, Chrysopelea-ornata, Tantilla-taeniata_KU289863, Boiga-irregularis_KU345021, Grayia-smythii_KU341872, Dipsas-indica_KU215336, Protobothrops-mucrosquamatus, Hydrophis-melanocephalus, Laticauda-laticaudata, Psammodynastes-pulverulentus_KU328547, Psammodynastes-pulverulentus_KU329686, Levitonius-mirus_KU337269]
Taxon occupancy: {Protobothrops-flavoviridis=59, Thamnophis-sirtalis=58, Hologerrhum-philippinum_KU330752=68, Hydrophis-hardwickii=66, Psammophis-sibilans_RAX2053=59, Crotalus-pyrrhus=63, Elapsoidea-sundevallii_MCZR190390=66, Bothrops-jararaca=54, Notechis-scutatus=69, Levitonius-mirus_KU337269=60, Buhoma-depressiceps_CFS1528=62, Ophiophagus-hannah=66, Scolecophis-atrocinctus_KU289804=68, Ptyas-mucosa=66, Calamaria-gervaisii_KU327406=63, Boiga-irregularis_KU345021=64, Aparallactus-capensis_MCZA28808=61, Myanophis-thanlyinensis=64, Python-molurus=56, Ahaetulla-prasina_KU323364=61, Pseudaspis-cana_MCZA27068=65, Psammodynastes-pulverulentus_KU328547=66, Rhamphiophis-oxyrhynchus_KU290451=59, Crotalus-tigris=61, Pantherophis-obsoletus=65, Vipera-berus=60, Protobothrops-mucrosquamatus=62, Chrysopelea-ornata=60, Thamnophis-elegans=62, Laticauda-laticaudata=65, Myersophis-alpestris_KU308684=66, Oxyrhabdium-leporinum_KU346583=63, Acrochordus-granulatus_KU302952=57, Cyclocorus-lineatus_KU335808=65, Oxyrhabdium-cfmodestum_KU338101=65, Tantilla-taeniata_KU289863=58, Grayia-smythii_KU341872=59, Crotalus-viridis=60, Crotalus-adamanteus=59, Pseudoxyrhopus-tritaeniatus_KU340969=62, Dipsas-indica_KU215336=60, Oxyrhabdium-modestum_KU310866=65, Emydocephalus-ijimae=69, Pantherophis-guttatus=61, Aplopeltura-boa_KU315147=60, Sibynophis-bivittatus_KU309608=65, Thermophis-baileyi=63, Pituophis-catenifer=54, Lamprophis-lineatus_EBG706=63, Hydrophis-curtus=70, Pseudoxenodon-sp_KU312221=67, Chamaelycus-fasciatus_KU348632=58, Hemibungarus-mcclungi_KU303027=67, Pseudonaja-textilis=68, Laticauda-colubrina=67, Crotalus-horridus=59, Micrurus-corallinus_KU289205=67, Boa-constrictor=57, Psammodynastes-pulverulentus_KU329686=62, Achalinus-spinalis_KU312258=54, Hydrophis-melanocephalus=60, Micrelaps-sp_TauM16738=66, Prosymna-visseri_MCZR190223=61, Naja-naja=73, Hydrophis-cyanocinctus=66, Cerberus-schneiderii_KU324534=65}
Using polytree-based weight calculation.
Number of gene trees: 73
60 trees have missing taxa
Calculating distance matrix (for completion of X) ....with 4 distance matrices for parallellism
Species tree distances calculated ...

Will attempt to complete bipartitions from X before adding using a distance matrix.
Building set of clusters (X) from gene trees 
------------------------------
Number of Clusters after addition from gene trees: 2123
Number of Clusters after addition by distance: 2123
Adding to X using resolutions of greedy consensus ...

Computing greedy consensus  
took 0 seconds
Limit for sigma of degrees:1700

polytomy size limit : > 11
 [3, 3, 3, 4, 5, 7, 10, 11]
discarded polytomies: 
Threshold 0.0:
Threshold 0.01:
Threshold 0.02:
Threshold 0.05:
Threshold 0.1:
polytomy of size 5; rounds with additions with at least 5 support: 0; clusters: 2125
polytomy of size 3; rounds with additions with at least 5 support: 0; clusters: 2125
Threshold 0.2:
polytomy of size 3; rounds with additions with at least 5 support: 0; clusters: 2125
polytomy of size 10; rounds with additions with at least 5 support: 0; clusters: 2125
Threshold 0.3333333333333333:
polytomy of size 4; rounds with additions with at least 5 support: 0; clusters: 2125
polytomy of size 3; rounds with additions with at least 5 support: 0; clusters: 2125
polytomy of size 11; rounds with additions with at least 5 support: 0; clusters: 2125
polytomy of size 7; rounds with additions with at least 5 support: 0; clusters: 2125
Number of Clusters after addition by greedy: 2125
partitions formed in 1.26 secs
Dynamic Programming starting after 1.26 secs
Polytree max score: 33830027
Polytree building time: 0.035 seconds.
Fail to load native library libAstral.dylib; use Java default computing method.
Number of quartet trees in the gene trees: 33830027
Computing hash values took 0 seconds
device length is: 2
TREE HEIGHT IS: 15
Size of largest cluster: 66
Size of largest cluster: 66
Finishing up:3428 0 3427
Total Number of elements: 3427
Normalized score (portion of input quartet trees satisfied before correcting for multiple individuals): 0.8702194650923571
Final optimization score: 29439548
Optimal tree inferred in 2.496 secs.
Weight calculation using polytrees cumulatively took 0.0 secs
(Acrochordus-granulatus_KU302952,((Python-molurus,Boa-constrictor),(Achalinus-spinalis_KU312258,(Aplopeltura-boa_KU315147,((((((((Micrurus-corallinus_KU289205,(Elapsoidea-sundevallii_MCZR190390,((Pseudonaja-textilis,(Notechis-scutatus,(Emydocephalus-ijimae,((Hydrophis-cyanocinctus,Hydrophis-melanocephalus),(Hydrophis-curtus,Hydrophis-hardwickii))))),(Laticauda-colubrina,Laticauda-laticaudata)))),(Naja-naja,(Hemibungarus-mcclungi_KU303027,Ophiophagus-hannah))),(Micrelaps-sp_TauM16738,(Pseudoxyrhopus-tritaeniatus_KU340969,(Pseudaspis-cana_MCZA27068,((Prosymna-visseri_MCZR190223,(Buhoma-depressiceps_CFS1528,(Chamaelycus-fasciatus_KU348632,Lamprophis-lineatus_EBG706))),(Aparallactus-capensis_MCZA28808,(Rhamphiophis-oxyrhynchus_KU290451,Psammophis-sibilans_RAX2053))))))),(Psammodynastes-pulverulentus_KU328547,Psammodynastes-pulverulentus_KU329686)),(((Myersophis-alpestris_KU308684,Levitonius-mirus_KU337269),(Oxyrhabdium-leporinum_KU346583,(Oxyrhabdium-cfmodestum_KU338101,Oxyrhabdium-modestum_KU310866))),(Cyclocorus-lineatus_KU335808,Hologerrhum-philippinum_KU330752))),((Sibynophis-bivittatus_KU309608,(Calamaria-gervaisii_KU327406,(Grayia-smythii_KU341872,((Boiga-irregularis_KU345021,((Pituophis-catenifer,(Pantherophis-guttatus,Pantherophis-obsoletus)),(Ptyas-mucosa,(Scolecophis-atrocinctus_KU289804,Tantilla-taeniata_KU289863)))),(Ahaetulla-prasina_KU323364,Chrysopelea-ornata))))),((Thamnophis-sirtalis,Thamnophis-elegans),(Pseudoxenodon-sp_KU312221,(Thermophis-baileyi,Dipsas-indica_KU215336))))),(Cerberus-schneiderii_KU324534,Myanophis-thanlyinensis)),(Vipera-berus,((Bothrops-jararaca,(Crotalus-horridus,(Crotalus-pyrrhus,(Crotalus-adamanteus,(Crotalus-viridis,Crotalus-tigris))))),(Protobothrops-flavoviridis,Protobothrops-mucrosquamatus))))))));
Final quartet score is: 37674471
Final normalized quartet score is: 1.1136399920697668
(Acrochordus-granulatus_KU302952,((Python-molurus,Boa-constrictor)1:2.5728754227339565,(Achalinus-spinalis_KU312258,(Aplopeltura-boa_KU315147,((((((((Micrurus-corallinus_KU289205,(Elapsoidea-sundevallii_MCZR190390,((Pseudonaja-textilis,(Notechis-scutatus,(Emydocephalus-ijimae,((Hydrophis-cyanocinctus,Hydrophis-melanocephalus)1:1.091270010064783,(Hydrophis-curtus,Hydrophis-hardwickii)1:0.6486954179891115)1:2.8977518651937877)1:2.7385741059475506)0.74:0.10511267287027981)1:1.9144588766792985,(Laticauda-colubrina,Laticauda-laticaudata)1:3.737669618283365)1:3.192999467276684)0.65:0.0937103826280916)0.64:0.07790485460063659,(Naja-naja,(Hemibungarus-mcclungi_KU303027,Ophiophagus-hannah)0.5:0.04866562050830907)1:0.6588577739272725)1:2.6370591678647926,(Micrelaps-sp_TauM16738,(Pseudoxyrhopus-tritaeniatus_KU340969,(Pseudaspis-cana_MCZA27068,((Prosymna-visseri_MCZR190223,(Buhoma-depressiceps_CFS1528,(Chamaelycus-fasciatus_KU348632,Lamprophis-lineatus_EBG706)1:1.1568609363903046)0.61:0.07467330979024499)0.79:0.12615439263040196,(Aparallactus-capensis_MCZA28808,(Rhamphiophis-oxyrhynchus_KU290451,Psammophis-sibilans_RAX2053)1:2.0856384422985945)0.54:0.0654222808632329)0.45:0.04270377185497476)0.42:0.01975437630517204)0.94:0.19871138096080448)0.97:0.2215900300837339)0.65:0.0771243483331533,(Psammodynastes-pulverulentus_KU328547,Psammodynastes-pulverulentus_KU329686)1:2.589663102447328)0.33:0.08438241837490983,(((Myersophis-alpestris_KU308684,Levitonius-mirus_KU337269)0.42:0.046024756175242494,(Oxyrhabdium-leporinum_KU346583,(Oxyrhabdium-cfmodestum_KU338101,Oxyrhabdium-modestum_KU310866)0.7:0.17556477433107473)1:3.7132304082910683)1:0.5656835515818703,(Cyclocorus-lineatus_KU335808,Hologerrhum-philippinum_KU330752)1:1.783496994382267)1:1.5635474603716184)1:1.7394273335292507,((Sibynophis-bivittatus_KU309608,(Calamaria-gervaisii_KU327406,(Grayia-smythii_KU341872,((Boiga-irregularis_KU345021,((Pituophis-catenifer,(Pantherophis-guttatus,Pantherophis-obsoletus)1:0.4102843945441133)1:2.0640288647245777,(Ptyas-mucosa,(Scolecophis-atrocinctus_KU289804,Tantilla-taeniata_KU289863)1:1.6280246461727668)0.98:0.24153633455602455)0.99:0.2804899799569893)1:2.0464925899385418,(Ahaetulla-prasina_KU323364,Chrysopelea-ornata)1:1.623018897578478)1:0.6612442545267978)0.89:0.17526645228037008)0.94:0.2006667247459423)1:0.5912931016690549,((Thamnophis-sirtalis,Thamnophis-elegans)1:2.549208887689665,(Pseudoxenodon-sp_KU312221,(Thermophis-baileyi,Dipsas-indica_KU215336)1:0.6313693146460234)0.88:0.16350260246376971)0.58:0.08786426656479347)1:1.4026156275468502)1:0.31767727480007335,(Cerberus-schneiderii_KU324534,Myanophis-thanlyinensis)1:3.5793172516024105)1:2.136044790629731,(Vipera-berus,((Bothrops-jararaca,(Crotalus-horridus,(Crotalus-pyrrhus,(Crotalus-adamanteus,(Crotalus-viridis,Crotalus-tigris)0.5:0.14973990334647228)0.98:0.2540614167489367)1:0.5615590034880656)1:2.966744736680739)1:1.9713262033431649,(Protobothrops-flavoviridis,Protobothrops-mucrosquamatus)1:2.277341604061479)1:2.197670707167398)1:2.976684078583297)1:0.7317290173784097)1:3.486355190002461)1:1.6555290196343684));
ASTRAL finished in 3.065 secs
Shutting down threading
