

================== ASTRAL ===================== 

This is ASTRAL version 5.15.5
Warning: 
 Fail to load native library libAstral.dylib; use Java default computing method without AVX2, which is 4X slower. 
 Make sure you are using the correct Djava.library.path (to the `lib` directory under ASTRAL where libAstral.dylib can be found). 
 Trying running make.sh. For mode debugging, run: java -Djava.library.path=lib/ -jar native_library_tester.jar
Gene trees are treated as unrooted
Detected GPU devices: 
Device 1 of 2: Apple M1 cl_device_id[0xffffffff] Vendor: Intel
Device 2 of 2: Apple M1 cl_device_id[0x1027f00] Vendor: Apple
Will use Device : Apple M1
Will use Device : Apple M1
Starting 8 threads ...
There are 8 threads used to run.
44 trees read from /dev/fd/11
All output trees will be *arbitrarily* rooted at Acrochordus-granulatus_KU302952

======== Running the main analysis
Number of taxa: 66 (66 species)
Taxa: [Acrochordus-granulatus_KU302952, Scolecophis-atrocinctus_KU289804, Tantilla-taeniata_KU289863, Pantherophis-guttatus, Pantherophis-obsoletus, Pituophis-catenifer, Ptyas-mucosa, Boiga-irregularis_KU345021, Chrysopelea-ornata, Ahaetulla-prasina_KU323364, Grayia-smythii_KU341872, Sibynophis-bivittatus_KU309608, Pseudoxenodon-sp_KU312221, Thamnophis-sirtalis, Thamnophis-elegans, Thermophis-baileyi, Dipsas-indica_KU215336, Cerberus-schneiderii_KU324534, Myanophis-thanlyinensis, Prosymna-visseri_MCZR190223, Buhoma-depressiceps_CFS1528, Pseudoxyrhopus-tritaeniatus_KU340969, Rhamphiophis-oxyrhynchus_KU290451, Psammophis-sibilans_RAX2053, Aparallactus-capensis_MCZA28808, Lamprophis-lineatus_EBG706, Pseudaspis-cana_MCZA27068, Elapsoidea-sundevallii_MCZR190390, Micrurus-corallinus_KU289205, Naja-naja, Hemibungarus-mcclungi_KU303027, Ophiophagus-hannah, Hydrophis-curtus, Hydrophis-hardwickii, Hydrophis-cyanocinctus, Emydocephalus-ijimae, Notechis-scutatus, Pseudonaja-textilis, Laticauda-colubrina, Laticauda-laticaudata, Micrelaps-sp_TauM16738, Psammodynastes-pulverulentus_KU328547, Psammodynastes-pulverulentus_KU329686, Cyclocorus-lineatus_KU335808, Hologerrhum-philippinum_KU330752, Myersophis-alpestris_KU308684, Oxyrhabdium-cfmodestum_KU338101, Oxyrhabdium-modestum_KU310866, Oxyrhabdium-leporinum_KU346583, Levitonius-mirus_KU337269, Crotalus-pyrrhus, Crotalus-viridis, Crotalus-tigris, Crotalus-adamanteus, Crotalus-horridus, Bothrops-jararaca, Protobothrops-mucrosquamatus, Protobothrops-flavoviridis, Vipera-berus, Aplopeltura-boa_KU315147, Achalinus-spinalis_KU312258, Python-molurus, Boa-constrictor, Chamaelycus-fasciatus_KU348632, Hydrophis-melanocephalus, Calamaria-gervaisii_KU327406]
Taxon occupancy: {Protobothrops-flavoviridis=33, Thamnophis-sirtalis=30, Hologerrhum-philippinum_KU330752=36, Hydrophis-hardwickii=30, Psammophis-sibilans_RAX2053=33, Crotalus-pyrrhus=33, Elapsoidea-sundevallii_MCZR190390=35, Bothrops-jararaca=31, Notechis-scutatus=36, Levitonius-mirus_KU337269=33, Buhoma-depressiceps_CFS1528=29, Ophiophagus-hannah=39, Scolecophis-atrocinctus_KU289804=37, Ptyas-mucosa=41, Calamaria-gervaisii_KU327406=30, Boiga-irregularis_KU345021=37, Aparallactus-capensis_MCZA28808=30, Myanophis-thanlyinensis=33, Ahaetulla-prasina_KU323364=36, Python-molurus=30, Pseudaspis-cana_MCZA27068=40, Psammodynastes-pulverulentus_KU328547=38, Rhamphiophis-oxyrhynchus_KU290451=32, Crotalus-tigris=38, Pantherophis-obsoletus=37, Protobothrops-mucrosquamatus=37, Vipera-berus=36, Chrysopelea-ornata=36, Thamnophis-elegans=35, Laticauda-laticaudata=40, Myersophis-alpestris_KU308684=36, Oxyrhabdium-leporinum_KU346583=39, Acrochordus-granulatus_KU302952=26, Cyclocorus-lineatus_KU335808=37, Oxyrhabdium-cfmodestum_KU338101=39, Tantilla-taeniata_KU289863=38, Grayia-smythii_KU341872=38, Crotalus-viridis=33, Crotalus-adamanteus=38, Pseudoxyrhopus-tritaeniatus_KU340969=37, Dipsas-indica_KU215336=35, Oxyrhabdium-modestum_KU310866=36, Emydocephalus-ijimae=36, Pantherophis-guttatus=40, Sibynophis-bivittatus_KU309608=37, Aplopeltura-boa_KU315147=30, Thermophis-baileyi=38, Pituophis-catenifer=33, Lamprophis-lineatus_EBG706=39, Hydrophis-curtus=38, Pseudoxenodon-sp_KU312221=40, Hemibungarus-mcclungi_KU303027=38, Pseudonaja-textilis=36, Chamaelycus-fasciatus_KU348632=30, Laticauda-colubrina=40, Crotalus-horridus=37, Micrurus-corallinus_KU289205=35, Boa-constrictor=26, Psammodynastes-pulverulentus_KU329686=32, Achalinus-spinalis_KU312258=20, Hydrophis-melanocephalus=36, Micrelaps-sp_TauM16738=37, Prosymna-visseri_MCZR190223=40, Naja-naja=44, Hydrophis-cyanocinctus=39, Cerberus-schneiderii_KU324534=32}
Using polytree-based weight calculation.
Number of gene trees: 44
41 trees have missing taxa
Calculating distance matrix (for completion of X) ....with 4 distance matrices for parallellism
Species tree distances calculated ...

Will attempt to complete bipartitions from X before adding using a distance matrix.
Building set of clusters (X) from gene trees 
------------------------------
Number of Clusters after addition from gene trees: 1471
Number of Clusters after addition by distance: 1471
Adding to X using resolutions of greedy consensus ...

Computing greedy consensus  
took 0 seconds
Limit for sigma of degrees:1700

polytomy size limit : > 10
 [3, 3, 3, 3, 4, 4, 4, 9, 10]
discarded polytomies: 
Threshold 0.0:
Threshold 0.01:
Threshold 0.02:
Threshold 0.05:
Threshold 0.1:
polytomy of size 4; rounds with additions with at least 5 support: 2; clusters: 1483
Threshold 0.2:
polytomy of size 3; rounds with additions with at least 5 support: 0; clusters: 1483
polytomy of size 9; rounds with additions with at least 5 support: 0; clusters: 1483
polytomy of size 4; rounds with additions with at least 5 support: 0; clusters: 1483
Threshold 0.3333333333333333:
polytomy of size 3; rounds with additions with at least 5 support: 0; clusters: 1483
polytomy of size 3; rounds with additions with at least 5 support: 0; clusters: 1483
polytomy of size 10; rounds with additions with at least 5 support: 0; clusters: 1483
polytomy of size 3; rounds with additions with at least 5 support: 0; clusters: 1483
polytomy of size 4; rounds with additions with at least 5 support: 0; clusters: 1483
Number of Clusters after addition by greedy: 1483
partitions formed in 1.025 secs
Dynamic Programming starting after 1.025 secs
Polytree max score: 14990130
Polytree building time: 0.036 seconds.
Fail to load native library libAstral.dylib; use Java default computing method.
Number of quartet trees in the gene trees: 14990130
Computing hash values took 0 seconds
device length is: 2
TREE HEIGHT IS: 13
Size of largest cluster: 66
Size of largest cluster: 66
Finishing up:2065 0 2064
Total Number of elements: 2064
Normalized score (portion of input quartet trees satisfied before correcting for multiple individuals): 0.8673451130844095
Final optimization score: 13001616
Optimal tree inferred in 2.231 secs.
Weight calculation using polytrees cumulatively took 0.0 secs
(Acrochordus-granulatus_KU302952,((Achalinus-spinalis_KU312258,(Aplopeltura-boa_KU315147,((((((((Elapsoidea-sundevallii_MCZR190390,((Pseudonaja-textilis,(Notechis-scutatus,(Emydocephalus-ijimae,((Hydrophis-cyanocinctus,Hydrophis-melanocephalus),(Hydrophis-curtus,Hydrophis-hardwickii))))),(Laticauda-colubrina,Laticauda-laticaudata))),(Micrurus-corallinus_KU289205,(Hemibungarus-mcclungi_KU303027,(Naja-naja,Ophiophagus-hannah)))),(Micrelaps-sp_TauM16738,((Buhoma-depressiceps_CFS1528,(Pseudoxyrhopus-tritaeniatus_KU340969,((Prosymna-visseri_MCZR190223,Pseudaspis-cana_MCZA27068),(Lamprophis-lineatus_EBG706,Chamaelycus-fasciatus_KU348632)))),(Aparallactus-capensis_MCZA28808,(Rhamphiophis-oxyrhynchus_KU290451,Psammophis-sibilans_RAX2053))))),(Psammodynastes-pulverulentus_KU328547,Psammodynastes-pulverulentus_KU329686)),((Levitonius-mirus_KU337269,(Myersophis-alpestris_KU308684,(Oxyrhabdium-leporinum_KU346583,(Oxyrhabdium-cfmodestum_KU338101,Oxyrhabdium-modestum_KU310866)))),(Cyclocorus-lineatus_KU335808,Hologerrhum-philippinum_KU330752))),(((Pseudoxenodon-sp_KU312221,(Sibynophis-bivittatus_KU309608,(Calamaria-gervaisii_KU327406,(Grayia-smythii_KU341872,((((Pantherophis-guttatus,(Pantherophis-obsoletus,Pituophis-catenifer)),(Scolecophis-atrocinctus_KU289804,Tantilla-taeniata_KU289863)),(Ptyas-mucosa,Boiga-irregularis_KU345021)),(Chrysopelea-ornata,Ahaetulla-prasina_KU323364)))))),(Thamnophis-sirtalis,Thamnophis-elegans)),(Thermophis-baileyi,Dipsas-indica_KU215336))),(Cerberus-schneiderii_KU324534,Myanophis-thanlyinensis)),(Vipera-berus,((Bothrops-jararaca,(Crotalus-horridus,(Crotalus-pyrrhus,(Crotalus-tigris,(Crotalus-viridis,Crotalus-adamanteus))))),(Protobothrops-mucrosquamatus,Protobothrops-flavoviridis)))))),(Python-molurus,Boa-constrictor)));
Final quartet score is: 13119975
Final normalized quartet score is: 0.8752409085178047
You may want to ignore posterior probabilities and other statistics related to the following branch branch because the effective number of genes impacting it is only 18:
	{Scolecophis-atrocinctus_KU289804, Tantilla-taeniata_KU289863, Pantherophis-guttatus, Pantherophis-obsoletus, Pituophis-catenifer, Ptyas-mucosa, Boiga-irregularis_KU345021, Chrysopelea-ornata, Ahaetulla-prasina_KU323364, Grayia-smythii_KU341872, Sibynophis-bivittatus_KU309608, Pseudoxenodon-sp_KU312221, Thamnophis-sirtalis, Thamnophis-elegans, Thermophis-baileyi, Dipsas-indica_KU215336, Cerberus-schneiderii_KU324534, Myanophis-thanlyinensis, Prosymna-visseri_MCZR190223, Buhoma-depressiceps_CFS1528, Pseudoxyrhopus-tritaeniatus_KU340969, Rhamphiophis-oxyrhynchus_KU290451, Psammophis-sibilans_RAX2053, Aparallactus-capensis_MCZA28808, Lamprophis-lineatus_EBG706, Pseudaspis-cana_MCZA27068, Elapsoidea-sundevallii_MCZR190390, Micrurus-corallinus_KU289205, Naja-naja, Hemibungarus-mcclungi_KU303027, Ophiophagus-hannah, Hydrophis-curtus, Hydrophis-hardwickii, Hydrophis-cyanocinctus, Emydocephalus-ijimae, Notechis-scutatus, Pseudonaja-textilis, Laticauda-colubrina, Laticauda-laticaudata, Micrelaps-sp_TauM16738, Psammodynastes-pulverulentus_KU328547, Psammodynastes-pulverulentus_KU329686, Cyclocorus-lineatus_KU335808, Hologerrhum-philippinum_KU330752, Myersophis-alpestris_KU308684, Oxyrhabdium-cfmodestum_KU338101, Oxyrhabdium-modestum_KU310866, Oxyrhabdium-leporinum_KU346583, Levitonius-mirus_KU337269, Crotalus-pyrrhus, Crotalus-viridis, Crotalus-tigris, Crotalus-adamanteus, Crotalus-horridus, Bothrops-jararaca, Protobothrops-mucrosquamatus, Protobothrops-flavoviridis, Vipera-berus, Aplopeltura-boa_KU315147, Chamaelycus-fasciatus_KU348632, Hydrophis-melanocephalus, Calamaria-gervaisii_KU327406}
You may want to ignore posterior probabilities and other statistics related to the following branch branch because the effective number of genes impacting it is only 15:
	{Scolecophis-atrocinctus_KU289804, Tantilla-taeniata_KU289863, Pantherophis-guttatus, Pantherophis-obsoletus, Pituophis-catenifer, Ptyas-mucosa, Boiga-irregularis_KU345021, Chrysopelea-ornata, Ahaetulla-prasina_KU323364, Grayia-smythii_KU341872, Sibynophis-bivittatus_KU309608, Pseudoxenodon-sp_KU312221, Thamnophis-sirtalis, Thamnophis-elegans, Thermophis-baileyi, Dipsas-indica_KU215336, Cerberus-schneiderii_KU324534, Myanophis-thanlyinensis, Prosymna-visseri_MCZR190223, Buhoma-depressiceps_CFS1528, Pseudoxyrhopus-tritaeniatus_KU340969, Rhamphiophis-oxyrhynchus_KU290451, Psammophis-sibilans_RAX2053, Aparallactus-capensis_MCZA28808, Lamprophis-lineatus_EBG706, Pseudaspis-cana_MCZA27068, Elapsoidea-sundevallii_MCZR190390, Micrurus-corallinus_KU289205, Naja-naja, Hemibungarus-mcclungi_KU303027, Ophiophagus-hannah, Hydrophis-curtus, Hydrophis-hardwickii, Hydrophis-cyanocinctus, Emydocephalus-ijimae, Notechis-scutatus, Pseudonaja-textilis, Laticauda-colubrina, Laticauda-laticaudata, Micrelaps-sp_TauM16738, Psammodynastes-pulverulentus_KU328547, Psammodynastes-pulverulentus_KU329686, Cyclocorus-lineatus_KU335808, Hologerrhum-philippinum_KU330752, Myersophis-alpestris_KU308684, Oxyrhabdium-cfmodestum_KU338101, Oxyrhabdium-modestum_KU310866, Oxyrhabdium-leporinum_KU346583, Levitonius-mirus_KU337269, Crotalus-pyrrhus, Crotalus-viridis, Crotalus-tigris, Crotalus-adamanteus, Crotalus-horridus, Bothrops-jararaca, Protobothrops-mucrosquamatus, Protobothrops-flavoviridis, Vipera-berus, Aplopeltura-boa_KU315147, Achalinus-spinalis_KU312258, Chamaelycus-fasciatus_KU348632, Hydrophis-melanocephalus, Calamaria-gervaisii_KU327406}
(Acrochordus-granulatus_KU302952,((Achalinus-spinalis_KU312258,(Aplopeltura-boa_KU315147,((((((((Elapsoidea-sundevallii_MCZR190390,((Pseudonaja-textilis,(Notechis-scutatus,(Emydocephalus-ijimae,((Hydrophis-cyanocinctus,Hydrophis-melanocephalus)1:1.0704414117014136,(Hydrophis-curtus,Hydrophis-hardwickii)1:0.7105389232718146)1:3.1780538303479453)1:3.120895416507997)0.83:0.18737562944376074)1:2.484906649788,(Laticauda-colubrina,Laticauda-laticaudata)1:3.283414346005771)1:2.288561291628514)0.99:0.39158166746993256,(Micrurus-corallinus_KU289205,(Hemibungarus-mcclungi_KU303027,(Naja-naja,Ophiophagus-hannah)0.77:0.16018657152821653)1:0.6366996788298676)0.3:0.0)1:2.8143611442231413,(Micrelaps-sp_TauM16738,((Buhoma-depressiceps_CFS1528,(Pseudoxyrhopus-tritaeniatus_KU340969,((Prosymna-visseri_MCZR190223,Pseudaspis-cana_MCZA27068)0.55:0.0724028505382205,(Lamprophis-lineatus_EBG706,Chamaelycus-fasciatus_KU348632)1:1.0081159914217266)0.52:0.10051998961681233)0.61:0.09934142132706188)0.31:0.0,(Aparallactus-capensis_MCZA28808,(Rhamphiophis-oxyrhynchus_KU290451,Psammophis-sibilans_RAX2053)1:1.7368183511967534)0.85:0.21436004042291226)0.65:0.1036247967605478)0.94:0.2674251239850298)0.66:0.10991448690658137,(Psammodynastes-pulverulentus_KU328547,Psammodynastes-pulverulentus_KU329686)1:3.0602707946915624)0.6:0.09855520705744457,((Levitonius-mirus_KU337269,(Myersophis-alpestris_KU308684,(Oxyrhabdium-leporinum_KU346583,(Oxyrhabdium-cfmodestum_KU338101,Oxyrhabdium-modestum_KU310866)1:1.9616585060234524)1:3.149882953381249)0.98:0.3788785245853762)0.99:0.431840559354226,(Cyclocorus-lineatus_KU335808,Hologerrhum-philippinum_KU330752)1:1.4604561455429246)1:1.715996014669205)1:1.2462418130531112,(((Pseudoxenodon-sp_KU312221,(Sibynophis-bivittatus_KU309608,(Calamaria-gervaisii_KU327406,(Grayia-smythii_KU341872,((((Pantherophis-guttatus,(Pantherophis-obsoletus,Pituophis-catenifer)0.62:0.11778303565638351)1:2.751091952360775,(Scolecophis-atrocinctus_KU289804,Tantilla-taeniata_KU289863)1:1.2383338761473253)0.47:0.04387200954815353,(Ptyas-mucosa,Boiga-irregularis_KU345021)0.37:0.09076171623667352)1:2.862348297455126,(Chrysopelea-ornata,Ahaetulla-prasina_KU323364)1:2.35364026379433)1:0.46870794794861426)0.68:0.1360374988948231)0.84:0.2246828933596945)1:0.4558590629192703)0.54:0.0674921451889747,(Thamnophis-sirtalis,Thamnophis-elegans)1:2.961830721878311)0.39:0.028085217509436412,(Thermophis-baileyi,Dipsas-indica_KU215336)0.99:0.44336638769308917)1:1.0584920560758913)0.95:0.2585900407026757,(Cerberus-schneiderii_KU324534,Myanophis-thanlyinensis)1:2.8526314299133184)1:1.9271974401231593,(Vipera-berus,((Bothrops-jararaca,(Crotalus-horridus,(Crotalus-pyrrhus,(Crotalus-tigris,(Crotalus-viridis,Crotalus-adamanteus)0.78:0.165817595037094)0.78:0.17409081169433932)1:0.8630462173553428)1:2.961830721878311)1:1.5755363607584187,(Protobothrops-mucrosquamatus,Protobothrops-flavoviridis)1:2.367123614131617)1:3.091042453358317)1:3.0285220963769826)0.9:0.25378052077609975)1:1.845826690498331)1:1.2685113254635072,(Python-molurus,Boa-constrictor)1:1.5803205138633736));
ASTRAL finished in 2.66 secs
Shutting down threading
