

================== ASTRAL ===================== 

This is ASTRAL version 5.15.5
Warning: 
 Fail to load native library libAstral.dylib; use Java default computing method without AVX2, which is 4X slower. 
 Make sure you are using the correct Djava.library.path (to the `lib` directory under ASTRAL where libAstral.dylib can be found). 
 Trying running make.sh. For mode debugging, run: java -Djava.library.path=lib/ -jar native_library_tester.jar
Gene trees are treated as unrooted
Detected GPU devices: 
Device 1 of 2: Apple M1 cl_device_id[0xffffffff] Vendor: Intel
Device 2 of 2: Apple M1 cl_device_id[0x1027f00] Vendor: Apple
Will use Device : Apple M1
Will use Device : Apple M1
Starting 8 threads ...
There are 8 threads used to run.
32 trees read from /dev/fd/11
All output trees will be *arbitrarily* rooted at Scolecophis-atrocinctus_KU289804

======== Running the main analysis
Number of taxa: 66 (66 species)
Taxa: [Scolecophis-atrocinctus_KU289804, Sibynophis-bivittatus_KU309608, Prosymna-visseri_MCZR190223, Elapsoidea-sundevallii_MCZR190390, Hemibungarus-mcclungi_KU303027, Naja-naja, Ophiophagus-hannah, Hydrophis-curtus, Hydrophis-cyanocinctus, Hydrophis-melanocephalus, Emydocephalus-ijimae, Notechis-scutatus, Pseudonaja-textilis, Laticauda-colubrina, Laticauda-laticaudata, Pseudoxyrhopus-tritaeniatus_KU340969, Psammodynastes-pulverulentus_KU328547, Pseudaspis-cana_MCZA27068, Lamprophis-lineatus_EBG706, Rhamphiophis-oxyrhynchus_KU290451, Cyclocorus-lineatus_KU335808, Hologerrhum-philippinum_KU330752, Myersophis-alpestris_KU308684, Levitonius-mirus_KU337269, Oxyrhabdium-cfmodestum_KU338101, Oxyrhabdium-leporinum_KU346583, Achalinus-spinalis_KU312258, Python-molurus, Vipera-berus, Protobothrops-mucrosquamatus, Protobothrops-flavoviridis, Crotalus-viridis, Crotalus-tigris, Crotalus-adamanteus, Crotalus-horridus, Crotalus-pyrrhus, Bothrops-jararaca, Myanophis-thanlyinensis, Thermophis-baileyi, Thamnophis-sirtalis, Thamnophis-elegans, Chrysopelea-ornata, Ahaetulla-prasina_KU323364, Calamaria-gervaisii_KU327406, Pantherophis-guttatus, Pantherophis-obsoletus, Pituophis-catenifer, Ptyas-mucosa, Tantilla-taeniata_KU289863, Buhoma-depressiceps_CFS1528, Boiga-irregularis_KU345021, Psammodynastes-pulverulentus_KU329686, Grayia-smythii_KU341872, Dipsas-indica_KU215336, Pseudoxenodon-sp_KU312221, Acrochordus-granulatus_KU302952, Boa-constrictor, Aplopeltura-boa_KU315147, Cerberus-schneiderii_KU324534, Micrurus-corallinus_KU289205, Chamaelycus-fasciatus_KU348632, Psammophis-sibilans_RAX2053, Micrelaps-sp_TauM16738, Aparallactus-capensis_MCZA28808, Oxyrhabdium-modestum_KU310866, Hydrophis-hardwickii]
Taxon occupancy: {Protobothrops-flavoviridis=24, Hologerrhum-philippinum_KU330752=29, Thamnophis-sirtalis=24, Hydrophis-hardwickii=30, Psammophis-sibilans_RAX2053=29, Crotalus-pyrrhus=26, Elapsoidea-sundevallii_MCZR190390=25, Bothrops-jararaca=23, Notechis-scutatus=31, Levitonius-mirus_KU337269=28, Buhoma-depressiceps_CFS1528=26, Ophiophagus-hannah=27, Scolecophis-atrocinctus_KU289804=27, Calamaria-gervaisii_KU327406=22, Ptyas-mucosa=28, Boiga-irregularis_KU345021=28, Aparallactus-capensis_MCZA28808=29, Myanophis-thanlyinensis=30, Python-molurus=24, Ahaetulla-prasina_KU323364=28, Psammodynastes-pulverulentus_KU328547=29, Pseudaspis-cana_MCZA27068=29, Rhamphiophis-oxyrhynchus_KU290451=28, Crotalus-tigris=28, Vipera-berus=28, Protobothrops-mucrosquamatus=27, Pantherophis-obsoletus=31, Chrysopelea-ornata=29, Thamnophis-elegans=25, Laticauda-laticaudata=32, Myersophis-alpestris_KU308684=26, Oxyrhabdium-leporinum_KU346583=28, Acrochordus-granulatus_KU302952=20, Cyclocorus-lineatus_KU335808=30, Oxyrhabdium-cfmodestum_KU338101=28, Tantilla-taeniata_KU289863=28, Grayia-smythii_KU341872=25, Crotalus-viridis=26, Crotalus-adamanteus=28, Pseudoxyrhopus-tritaeniatus_KU340969=27, Dipsas-indica_KU215336=28, Oxyrhabdium-modestum_KU310866=25, Emydocephalus-ijimae=31, Pantherophis-guttatus=29, Sibynophis-bivittatus_KU309608=31, Aplopeltura-boa_KU315147=21, Thermophis-baileyi=29, Pituophis-catenifer=23, Lamprophis-lineatus_EBG706=27, Hydrophis-curtus=32, Pseudoxenodon-sp_KU312221=28, Hemibungarus-mcclungi_KU303027=28, Pseudonaja-textilis=30, Chamaelycus-fasciatus_KU348632=25, Laticauda-colubrina=31, Crotalus-horridus=26, Boa-constrictor=21, Micrurus-corallinus_KU289205=27, Psammodynastes-pulverulentus_KU329686=27, Hydrophis-melanocephalus=30, Achalinus-spinalis_KU312258=15, Micrelaps-sp_TauM16738=26, Prosymna-visseri_MCZR190223=25, Naja-naja=32, Hydrophis-cyanocinctus=31, Cerberus-schneiderii_KU324534=26}
Using polytree-based weight calculation.
Number of gene trees: 32
30 trees have missing taxa
Calculating distance matrix (for completion of X) ....with 4 distance matrices for parallellism
Species tree distances calculated ...

Will attempt to complete bipartitions from X before adding using a distance matrix.
Building set of clusters (X) from gene trees 
------------------------------
Number of Clusters after addition from gene trees: 1085
Number of Clusters after addition by distance: 1085
Adding to X using resolutions of greedy consensus ...

Computing greedy consensus  
took 0 seconds
Limit for sigma of degrees:1700

polytomy size limit : > 11
 [3, 3, 3, 4, 4, 6, 11]
discarded polytomies: 
Threshold 0.0:
Threshold 0.01:
Threshold 0.02:
Threshold 0.05:
Threshold 0.1:
polytomy of size 4; rounds with additions with at least 5 support: 2; clusters: 1105
Threshold 0.2:
polytomy of size 6; rounds with additions with at least 5 support: 0; clusters: 1105
polytomy of size 4; rounds with additions with at least 5 support: 0; clusters: 1101
Threshold 0.3333333333333333:
polytomy of size 3; rounds with additions with at least 5 support: 0; clusters: 1097
polytomy of size 11; rounds with additions with at least 5 support: 0; clusters: 1105
polytomy of size 3; rounds with additions with at least 5 support: 0; clusters: 1101
polytomy of size 3; rounds with additions with at least 5 support: 0; clusters: 1101
Number of Clusters after addition by greedy: 1105
partitions formed in 0.833 secs
Dynamic Programming starting after 0.833 secs
Polytree max score: 13322862
Polytree building time: 0.022 seconds.
Fail to load native library libAstral.dylib; use Java default computing method.
Number of quartet trees in the gene trees: 13322862
Computing hash values took 0 seconds
device length is: 2
TREE HEIGHT IS: 14
Size of largest cluster: 66
Size of largest cluster: 66
Finishing up:1464 0 1463
Total Number of elements: 1463
Normalized score (portion of input quartet trees satisfied before correcting for multiple individuals): 0.886091291796012
Final optimization score: 11805272
Optimal tree inferred in 2.01 secs.
Weight calculation using polytrees cumulatively took 0.0 secs
(Scolecophis-atrocinctus_KU289804,(Tantilla-taeniata_KU289863,((Ptyas-mucosa,(Boiga-irregularis_KU345021,(((Sibynophis-bivittatus_KU309608,(((((Micrelaps-sp_TauM16738,((Aparallactus-capensis_MCZA28808,(Pseudaspis-cana_MCZA27068,(Prosymna-visseri_MCZR190223,(Lamprophis-lineatus_EBG706,Chamaelycus-fasciatus_KU348632)))),((Pseudoxyrhopus-tritaeniatus_KU340969,Buhoma-depressiceps_CFS1528),(Rhamphiophis-oxyrhynchus_KU290451,Psammophis-sibilans_RAX2053)))),((Micrurus-corallinus_KU289205,(((Pseudonaja-textilis,(Notechis-scutatus,(Emydocephalus-ijimae,((Hydrophis-curtus,Hydrophis-hardwickii),(Hydrophis-cyanocinctus,Hydrophis-melanocephalus))))),(Laticauda-colubrina,Laticauda-laticaudata)),(Elapsoidea-sundevallii_MCZR190390,(Naja-naja,(Hemibungarus-mcclungi_KU303027,Ophiophagus-hannah))))),(Psammodynastes-pulverulentus_KU328547,Psammodynastes-pulverulentus_KU329686))),(((Oxyrhabdium-leporinum_KU346583,(Oxyrhabdium-cfmodestum_KU338101,Oxyrhabdium-modestum_KU310866)),(Myersophis-alpestris_KU308684,Levitonius-mirus_KU337269)),(Cyclocorus-lineatus_KU335808,Hologerrhum-philippinum_KU330752))),(((Vipera-berus,((Bothrops-jararaca,(Crotalus-horridus,(Crotalus-pyrrhus,(Crotalus-adamanteus,(Crotalus-viridis,Crotalus-tigris))))),(Protobothrops-mucrosquamatus,Protobothrops-flavoviridis))),(Aplopeltura-boa_KU315147,(Achalinus-spinalis_KU312258,(Acrochordus-granulatus_KU302952,(Python-molurus,Boa-constrictor))))),(Myanophis-thanlyinensis,Cerberus-schneiderii_KU324534))),((Pseudoxenodon-sp_KU312221,(Thermophis-baileyi,Dipsas-indica_KU215336)),(Thamnophis-sirtalis,Thamnophis-elegans)))),(Calamaria-gervaisii_KU327406,Grayia-smythii_KU341872)),(Chrysopelea-ornata,Ahaetulla-prasina_KU323364)))),(Pituophis-catenifer,(Pantherophis-guttatus,Pantherophis-obsoletus)))));
Final quartet score is: 11788287
Final normalized quartet score is: 0.8848164155719694
You may want to ignore posterior probabilities and other statistics related to the following branch branch because the effective number of genes impacting it is only 13:
	{Python-molurus, Boa-constrictor}
You may want to ignore posterior probabilities and other statistics related to the following branch branch because the effective number of genes impacting it is only 10:
	{Python-molurus, Acrochordus-granulatus_KU302952, Boa-constrictor}
You may want to ignore posterior probabilities and other statistics related to the following branch branch because the effective number of genes impacting it is only 13:
	{Achalinus-spinalis_KU312258, Python-molurus, Acrochordus-granulatus_KU302952, Boa-constrictor}
You may want to ignore posterior probabilities and other statistics related to the following branch branch because the effective number of genes impacting it is only 18:
	{Calamaria-gervaisii_KU327406, Grayia-smythii_KU341872}
(Scolecophis-atrocinctus_KU289804,(Tantilla-taeniata_KU289863,((Ptyas-mucosa,(Boiga-irregularis_KU345021,(((Sibynophis-bivittatus_KU309608,(((((Micrelaps-sp_TauM16738,((Aparallactus-capensis_MCZA28808,(Pseudaspis-cana_MCZA27068,(Prosymna-visseri_MCZR190223,(Lamprophis-lineatus_EBG706,Chamaelycus-fasciatus_KU348632)1:1.5404450409471486)0.64:0.17056544465422432)0.82:0.1983538493400381)0.29:0.0,((Pseudoxyrhopus-tritaeniatus_KU340969,Buhoma-depressiceps_CFS1528)0.83:0.22102007193302092,(Rhamphiophis-oxyrhynchus_KU290451,Psammophis-sibilans_RAX2053)1:2.8134107167600355)0.34:0.0)0.49:0.07795979296382771)0.99:0.42953136854962554,((Micrurus-corallinus_KU289205,(((Pseudonaja-textilis,(Notechis-scutatus,(Emydocephalus-ijimae,((Hydrophis-curtus,Hydrophis-hardwickii)1:0.8312975190407627,(Hydrophis-cyanocinctus,Hydrophis-melanocephalus)1:1.6094379124341005)1:3.0602707946915624)1:3.0285220963769826)0.96:0.35667494393873245)1:3.0285220963769826,(Laticauda-colubrina,Laticauda-laticaudata)1:3.0602707946915624)1:3.0695362481373523,(Elapsoidea-sundevallii_MCZR190390,(Naja-naja,(Hemibungarus-mcclungi_KU303027,Ophiophagus-hannah)0.92:0.3053429667931801)0.92:0.32088484449875315)0.99:0.51686680815075)0.88:0.25259075264051095)1:2.823651565311326,(Psammodynastes-pulverulentus_KU328547,Psammodynastes-pulverulentus_KU329686)1:2.8526314299133184)0.72:0.13802558115087757)0.81:0.19313321921609905,(((Oxyrhabdium-leporinum_KU346583,(Oxyrhabdium-cfmodestum_KU338101,Oxyrhabdium-modestum_KU310866)0.93:0.3746934494414107)1:2.92673940206704,(Myersophis-alpestris_KU308684,Levitonius-mirus_KU337269)0.56:0.10868176074397981)1:0.5248963974877352,(Cyclocorus-lineatus_KU335808,Hologerrhum-philippinum_KU330752)1:1.171182981502945)1:2.04146229361462)1:1.3462907412217207,(((Vipera-berus,((Bothrops-jararaca,(Crotalus-horridus,(Crotalus-pyrrhus,(Crotalus-adamanteus,(Crotalus-viridis,Crotalus-tigris)0.47:0.17303726542969886)0.99:0.49980383744439505)1:0.6523251860396904)1:2.4624337939359426)1:1.9415717474567151,(Protobothrops-mucrosquamatus,Protobothrops-flavoviridis)1:2.0794415416798353)1:2.2335922215070947)1:2.890371757896163,(Aplopeltura-boa_KU315147,(Achalinus-spinalis_KU312258,(Acrochordus-granulatus_KU302952,(Python-molurus,Boa-constrictor)1:1.5404450409471486)1:1.299282984130261)1:2.2335922215070947)0.56:0.12062798778861487)1:2.281965805791309,(Myanophis-thanlyinensis,Cerberus-schneiderii_KU324534)1:2.8134107167600355)0.96:0.3348002961315298)1:1.870237260136846,((Pseudoxenodon-sp_KU312221,(Thermophis-baileyi,Dipsas-indica_KU215336)0.92:0.29159175993098985)1:0.5212860316420249,(Thamnophis-sirtalis,Thamnophis-elegans)1:2.6390573296152575)0.4:0.01644978039715651)1:1.084829994304525)0.95:0.30271197800245453,(Calamaria-gervaisii_KU327406,Grayia-smythii_KU341872)0.58:0.10821031332712565)1:0.5596855969236715,(Chrysopelea-ornata,Ahaetulla-prasina_KU323364)1:1.467167978687514)1:1.4317021205595117)0.98:0.4381448359817257)0.72:0.152232247501325,(Pituophis-catenifer,(Pantherophis-guttatus,Pantherophis-obsoletus)0.61:0.12062798778861487)1:2.772588722239782)1:2.0679993903921177));
ASTRAL finished in 2.402 secs
Shutting down threading
