

================== ASTRAL ===================== 

This is ASTRAL version 5.15.5
Warning: 
 Fail to load native library libAstral.dylib; use Java default computing method without AVX2, which is 4X slower. 
 Make sure you are using the correct Djava.library.path (to the `lib` directory under ASTRAL where libAstral.dylib can be found). 
 Trying running make.sh. For mode debugging, run: java -Djava.library.path=lib/ -jar native_library_tester.jar
Gene trees are treated as unrooted
Detected GPU devices: 
Device 1 of 2: Apple M1 cl_device_id[0xffffffff] Vendor: Intel
Device 2 of 2: Apple M1 cl_device_id[0x1027f00] Vendor: Apple
Will use Device : Apple M1
Will use Device : Apple M1
Starting 8 threads ...
There are 8 threads used to run.
20 trees read from /dev/fd/11
All output trees will be *arbitrarily* rooted at Pseudoxyrhopus-tritaeniatus_KU340969

======== Running the main analysis
Number of taxa: 66 (66 species)
Taxa: [Pseudoxyrhopus-tritaeniatus_KU340969, Pseudaspis-cana_MCZA27068, Prosymna-visseri_MCZR190223, Oxyrhabdium-modestum_KU310866, Oxyrhabdium-cfmodestum_KU338101, Oxyrhabdium-leporinum_KU346583, Cyclocorus-lineatus_KU335808, Hologerrhum-philippinum_KU330752, Levitonius-mirus_KU337269, Myersophis-alpestris_KU308684, Sibynophis-bivittatus_KU309608, Calamaria-gervaisii_KU327406, Ahaetulla-prasina_KU323364, Chrysopelea-ornata, Scolecophis-atrocinctus_KU289804, Tantilla-taeniata_KU289863, Pantherophis-guttatus, Boiga-irregularis_KU345021, Pantherophis-obsoletus, Pituophis-catenifer, Ptyas-mucosa, Grayia-smythii_KU341872, Thamnophis-sirtalis, Thamnophis-elegans, Pseudoxenodon-sp_KU312221, Dipsas-indica_KU215336, Thermophis-baileyi, Achalinus-spinalis_KU312258, Acrochordus-granulatus_KU302952, Python-molurus, Boa-constrictor, Protobothrops-mucrosquamatus, Protobothrops-flavoviridis, Bothrops-jararaca, Crotalus-adamanteus, Crotalus-tigris, Crotalus-horridus, Aplopeltura-boa_KU315147, Cerberus-schneiderii_KU324534, Myanophis-thanlyinensis, Hemibungarus-mcclungi_KU303027, Ophiophagus-hannah, Naja-naja, Micrurus-corallinus_KU289205, Hydrophis-curtus, Hydrophis-hardwickii, Hydrophis-cyanocinctus, Hydrophis-melanocephalus, Emydocephalus-ijimae, Notechis-scutatus, Pseudonaja-textilis, Laticauda-colubrina, Laticauda-laticaudata, Elapsoidea-sundevallii_MCZR190390, Psammodynastes-pulverulentus_KU328547, Psammodynastes-pulverulentus_KU329686, Micrelaps-sp_TauM16738, Chamaelycus-fasciatus_KU348632, Lamprophis-lineatus_EBG706, Psammophis-sibilans_RAX2053, Rhamphiophis-oxyrhynchus_KU290451, Buhoma-depressiceps_CFS1528, Aparallactus-capensis_MCZA28808, Crotalus-pyrrhus, Crotalus-viridis, Vipera-berus]
Taxon occupancy: {Protobothrops-flavoviridis=16, Hologerrhum-philippinum_KU330752=18, Thamnophis-sirtalis=14, Hydrophis-hardwickii=15, Psammophis-sibilans_RAX2053=17, Crotalus-pyrrhus=15, Bothrops-jararaca=11, Elapsoidea-sundevallii_MCZR190390=14, Notechis-scutatus=17, Levitonius-mirus_KU337269=18, Buhoma-depressiceps_CFS1528=13, Ophiophagus-hannah=17, Calamaria-gervaisii_KU327406=16, Scolecophis-atrocinctus_KU289804=17, Ptyas-mucosa=16, Boiga-irregularis_KU345021=19, Aparallactus-capensis_MCZA28808=15, Myanophis-thanlyinensis=17, Ahaetulla-prasina_KU323364=15, Python-molurus=11, Pseudaspis-cana_MCZA27068=17, Psammodynastes-pulverulentus_KU328547=15, Crotalus-tigris=17, Rhamphiophis-oxyrhynchus_KU290451=18, Pantherophis-obsoletus=18, Protobothrops-mucrosquamatus=14, Vipera-berus=11, Chrysopelea-ornata=17, Thamnophis-elegans=15, Laticauda-laticaudata=18, Myersophis-alpestris_KU308684=17, Oxyrhabdium-leporinum_KU346583=18, Acrochordus-granulatus_KU302952=15, Cyclocorus-lineatus_KU335808=16, Oxyrhabdium-cfmodestum_KU338101=17, Tantilla-taeniata_KU289863=15, Grayia-smythii_KU341872=20, Crotalus-viridis=12, Crotalus-adamanteus=16, Pseudoxyrhopus-tritaeniatus_KU340969=15, Dipsas-indica_KU215336=15, Oxyrhabdium-modestum_KU310866=18, Emydocephalus-ijimae=19, Pantherophis-guttatus=16, Sibynophis-bivittatus_KU309608=19, Aplopeltura-boa_KU315147=17, Thermophis-baileyi=18, Pituophis-catenifer=14, Lamprophis-lineatus_EBG706=18, Hydrophis-curtus=17, Pseudoxenodon-sp_KU312221=18, Hemibungarus-mcclungi_KU303027=16, Pseudonaja-textilis=17, Chamaelycus-fasciatus_KU348632=15, Laticauda-colubrina=19, Crotalus-horridus=16, Boa-constrictor=9, Micrurus-corallinus_KU289205=15, Psammodynastes-pulverulentus_KU329686=16, Achalinus-spinalis_KU312258=16, Hydrophis-melanocephalus=14, Micrelaps-sp_TauM16738=19, Prosymna-visseri_MCZR190223=17, Naja-naja=20, Hydrophis-cyanocinctus=20, Cerberus-schneiderii_KU324534=18}
Using polytree-based weight calculation.
Number of gene trees: 20
19 trees have missing taxa
Calculating distance matrix (for completion of X) ....with 4 distance matrices for parallellism
Species tree distances calculated ...

Will attempt to complete bipartitions from X before adding using a distance matrix.
Building set of clusters (X) from gene trees 
------------------------------
Number of Clusters after addition from gene trees: 885
Number of Clusters after addition by distance: 885
Adding to X using resolutions of greedy consensus ...

Computing greedy consensus  
took 0 seconds
Limit for sigma of degrees:1700

polytomy size limit : > 6
 [3, 3, 3, 3, 4, 4, 5, 6]
discarded polytomies: 
Threshold 0.0:
Threshold 0.01:
Threshold 0.02:
Threshold 0.05:
Threshold 0.1:
Threshold 0.2:
polytomy of size 3; rounds with additions with at least 5 support: 0; clusters: 887
polytomy of size 3; rounds with additions with at least 5 support: 0; clusters: 887
polytomy of size 4; rounds with additions with at least 5 support: 0; clusters: 889
Threshold 0.3333333333333333:
polytomy of size 3; rounds with additions with at least 5 support: 0; clusters: 887
polytomy of size 3; rounds with additions with at least 5 support: 0; clusters: 887
polytomy of size 4; rounds with additions with at least 5 support: 0; clusters: 887
polytomy of size 5; rounds with additions with at least 5 support: 0; clusters: 889
polytomy of size 6; rounds with additions with at least 5 support: 0; clusters: 889
Number of Clusters after addition by greedy: 889
partitions formed in 0.836 secs
Dynamic Programming starting after 0.836 secs
Polytree max score: 7178072
Polytree building time: 0.021 seconds.
Fail to load native library libAstral.dylib; use Java default computing method.
Number of quartet trees in the gene trees: 7178072
Computing hash values took 0 seconds
device length is: 2
TREE HEIGHT IS: 13
Size of largest cluster: 66
Size of largest cluster: 66
Finishing up:848 0 847
Total Number of elements: 847
Normalized score (portion of input quartet trees satisfied before correcting for multiple individuals): 0.8805930060328178
Final optimization score: 6320960
Optimal tree inferred in 1.992 secs.
Weight calculation using polytrees cumulatively took 0.0 secs
(Pseudoxyrhopus-tritaeniatus_KU340969,(Buhoma-depressiceps_CFS1528,((Aparallactus-capensis_MCZA28808,(Pseudaspis-cana_MCZA27068,((Micrelaps-sp_TauM16738,(((((((Vipera-berus,((Bothrops-jararaca,(Crotalus-horridus,(Crotalus-pyrrhus,(Crotalus-tigris,(Crotalus-adamanteus,Crotalus-viridis))))),(Protobothrops-mucrosquamatus,Protobothrops-flavoviridis))),(Aplopeltura-boa_KU315147,(Achalinus-spinalis_KU312258,(Acrochordus-granulatus_KU302952,(Python-molurus,Boa-constrictor))))),(Cerberus-schneiderii_KU324534,Myanophis-thanlyinensis)),((Pseudoxenodon-sp_KU312221,((Sibynophis-bivittatus_KU309608,(Calamaria-gervaisii_KU327406,(Grayia-smythii_KU341872,((Boiga-irregularis_KU345021,((Ptyas-mucosa,(Pantherophis-guttatus,(Pantherophis-obsoletus,Pituophis-catenifer))),(Scolecophis-atrocinctus_KU289804,Tantilla-taeniata_KU289863))),(Ahaetulla-prasina_KU323364,Chrysopelea-ornata))))),(Thamnophis-sirtalis,Thamnophis-elegans))),(Dipsas-indica_KU215336,Thermophis-baileyi))),(((Oxyrhabdium-leporinum_KU346583,(Oxyrhabdium-modestum_KU310866,Oxyrhabdium-cfmodestum_KU338101)),(Levitonius-mirus_KU337269,Myersophis-alpestris_KU308684)),(Cyclocorus-lineatus_KU335808,Hologerrhum-philippinum_KU330752))),(Psammodynastes-pulverulentus_KU328547,Psammodynastes-pulverulentus_KU329686)),((Micrurus-corallinus_KU289205,(Elapsoidea-sundevallii_MCZR190390,((Pseudonaja-textilis,(Notechis-scutatus,(Emydocephalus-ijimae,(Hydrophis-melanocephalus,(Hydrophis-cyanocinctus,(Hydrophis-curtus,Hydrophis-hardwickii)))))),(Laticauda-colubrina,Laticauda-laticaudata)))),(Ophiophagus-hannah,(Hemibungarus-mcclungi_KU303027,Naja-naja))))),(Psammophis-sibilans_RAX2053,Rhamphiophis-oxyrhynchus_KU290451)))),(Prosymna-visseri_MCZR190223,(Chamaelycus-fasciatus_KU348632,Lamprophis-lineatus_EBG706)))));
Final quartet score is: 6374547
Final normalized quartet score is: 0.8880583811363274
You may want to ignore posterior probabilities and other statistics related to the following branch branch because the effective number of genes impacting it is only 12:
	{Crotalus-adamanteus, Crotalus-tigris, Crotalus-pyrrhus, Crotalus-viridis}
You may want to ignore posterior probabilities and other statistics related to the following branch branch because the effective number of genes impacting it is only 11:
	{Bothrops-jararaca, Crotalus-adamanteus, Crotalus-tigris, Crotalus-horridus, Crotalus-pyrrhus, Crotalus-viridis}
You may want to ignore posterior probabilities and other statistics related to the following branch branch because the effective number of genes impacting it is only 11:
	{Protobothrops-mucrosquamatus, Protobothrops-flavoviridis, Bothrops-jararaca, Crotalus-adamanteus, Crotalus-tigris, Crotalus-horridus, Crotalus-pyrrhus, Crotalus-viridis}
You may want to ignore posterior probabilities and other statistics related to the following branch branch because the effective number of genes impacting it is only 11:
	{Crotalus-adamanteus, Crotalus-tigris, Crotalus-horridus, Crotalus-pyrrhus, Crotalus-viridis}
You may want to ignore posterior probabilities and other statistics related to the following branch branch because the effective number of genes impacting it is only 11:
	{Crotalus-adamanteus, Crotalus-viridis}
You may want to ignore posterior probabilities and other statistics related to the following branch branch because the effective number of genes impacting it is only 12:
	{Protobothrops-mucrosquamatus, Protobothrops-flavoviridis}
You may want to ignore posterior probabilities and other statistics related to the following branch branch because the effective number of genes impacting it is only 8:
	{Acrochordus-granulatus_KU302952, Python-molurus, Boa-constrictor}
You may want to ignore posterior probabilities and other statistics related to the following branch branch because the effective number of genes impacting it is only 11:
	{Protobothrops-mucrosquamatus, Protobothrops-flavoviridis, Bothrops-jararaca, Crotalus-adamanteus, Crotalus-tigris, Crotalus-horridus, Crotalus-pyrrhus, Crotalus-viridis, Vipera-berus}
You may want to ignore posterior probabilities and other statistics related to the following branch branch because the effective number of genes impacting it is only 7:
	{Python-molurus, Boa-constrictor}
You may want to ignore posterior probabilities and other statistics related to the following branch branch because the effective number of genes impacting it is only 13:
	{Crotalus-adamanteus, Crotalus-tigris, Crotalus-viridis}
You may want to ignore posterior probabilities and other statistics related to the following branch branch because the effective number of genes impacting it is only 14:
	{Achalinus-spinalis_KU312258, Acrochordus-granulatus_KU302952, Python-molurus, Boa-constrictor}
You may want to ignore posterior probabilities and other statistics related to the following branch branch because the effective number of genes impacting it is only 16:
	{Cerberus-schneiderii_KU324534, Myanophis-thanlyinensis}
You may want to ignore posterior probabilities and other statistics related to the following branch branch because the effective number of genes impacting it is only 15:
	{Achalinus-spinalis_KU312258, Acrochordus-granulatus_KU302952, Python-molurus, Boa-constrictor, Aplopeltura-boa_KU315147}
You may want to ignore posterior probabilities and other statistics related to the following branch branch because the effective number of genes impacting it is only 14:
	{Pantherophis-guttatus, Pantherophis-obsoletus, Pituophis-catenifer}
You may want to ignore posterior probabilities and other statistics related to the following branch branch because the effective number of genes impacting it is only 12:
	{Pantherophis-obsoletus, Pituophis-catenifer}
You may want to ignore posterior probabilities and other statistics related to the following branch branch because the effective number of genes impacting it is only 19:
	{Achalinus-spinalis_KU312258, Acrochordus-granulatus_KU302952, Python-molurus, Boa-constrictor, Protobothrops-mucrosquamatus, Protobothrops-flavoviridis, Bothrops-jararaca, Crotalus-adamanteus, Crotalus-tigris, Crotalus-horridus, Aplopeltura-boa_KU315147, Cerberus-schneiderii_KU324534, Myanophis-thanlyinensis, Crotalus-pyrrhus, Crotalus-viridis, Vipera-berus}
You may want to ignore posterior probabilities and other statistics related to the following branch branch because the effective number of genes impacting it is only 14:
	{Scolecophis-atrocinctus_KU289804, Tantilla-taeniata_KU289863}
You may want to ignore posterior probabilities and other statistics related to the following branch branch because the effective number of genes impacting it is only 14:
	{Pantherophis-guttatus, Pantherophis-obsoletus, Pituophis-catenifer, Ptyas-mucosa}
You may want to ignore posterior probabilities and other statistics related to the following branch branch because the effective number of genes impacting it is only 17:
	{Achalinus-spinalis_KU312258, Acrochordus-granulatus_KU302952, Python-molurus, Boa-constrictor, Protobothrops-mucrosquamatus, Protobothrops-flavoviridis, Bothrops-jararaca, Crotalus-adamanteus, Crotalus-tigris, Crotalus-horridus, Aplopeltura-boa_KU315147, Crotalus-pyrrhus, Crotalus-viridis, Vipera-berus}
You may want to ignore posterior probabilities and other statistics related to the following branch branch because the effective number of genes impacting it is only 18:
	{Ahaetulla-prasina_KU323364, Chrysopelea-ornata, Scolecophis-atrocinctus_KU289804, Tantilla-taeniata_KU289863, Pantherophis-guttatus, Boiga-irregularis_KU345021, Pantherophis-obsoletus, Pituophis-catenifer, Ptyas-mucosa}
You may want to ignore posterior probabilities and other statistics related to the following branch branch because the effective number of genes impacting it is only 17:
	{Scolecophis-atrocinctus_KU289804, Tantilla-taeniata_KU289863, Pantherophis-guttatus, Boiga-irregularis_KU345021, Pantherophis-obsoletus, Pituophis-catenifer, Ptyas-mucosa}
You may want to ignore posterior probabilities and other statistics related to the following branch branch because the effective number of genes impacting it is only 15:
	{Calamaria-gervaisii_KU327406, Ahaetulla-prasina_KU323364, Chrysopelea-ornata, Scolecophis-atrocinctus_KU289804, Tantilla-taeniata_KU289863, Pantherophis-guttatus, Boiga-irregularis_KU345021, Pantherophis-obsoletus, Pituophis-catenifer, Ptyas-mucosa, Grayia-smythii_KU341872}
You may want to ignore posterior probabilities and other statistics related to the following branch branch because the effective number of genes impacting it is only 14:
	{Ahaetulla-prasina_KU323364, Chrysopelea-ornata}
You may want to ignore posterior probabilities and other statistics related to the following branch branch because the effective number of genes impacting it is only 17:
	{Scolecophis-atrocinctus_KU289804, Tantilla-taeniata_KU289863, Pantherophis-guttatus, Pantherophis-obsoletus, Pituophis-catenifer, Ptyas-mucosa}
You may want to ignore posterior probabilities and other statistics related to the following branch branch because the effective number of genes impacting it is only 16:
	{Sibynophis-bivittatus_KU309608, Calamaria-gervaisii_KU327406, Ahaetulla-prasina_KU323364, Chrysopelea-ornata, Scolecophis-atrocinctus_KU289804, Tantilla-taeniata_KU289863, Pantherophis-guttatus, Boiga-irregularis_KU345021, Pantherophis-obsoletus, Pituophis-catenifer, Ptyas-mucosa, Grayia-smythii_KU341872}
You may want to ignore posterior probabilities and other statistics related to the following branch branch because the effective number of genes impacting it is only 16:
	{Ahaetulla-prasina_KU323364, Chrysopelea-ornata, Scolecophis-atrocinctus_KU289804, Tantilla-taeniata_KU289863, Pantherophis-guttatus, Boiga-irregularis_KU345021, Pantherophis-obsoletus, Pituophis-catenifer, Ptyas-mucosa, Grayia-smythii_KU341872}
You may want to ignore posterior probabilities and other statistics related to the following branch branch because the effective number of genes impacting it is only 13:
	{Thamnophis-sirtalis, Thamnophis-elegans}
You may want to ignore posterior probabilities and other statistics related to the following branch branch because the effective number of genes impacting it is only 14:
	{Dipsas-indica_KU215336, Thermophis-baileyi}
You may want to ignore posterior probabilities and other statistics related to the following branch branch because the effective number of genes impacting it is only 15:
	{Oxyrhabdium-modestum_KU310866, Oxyrhabdium-cfmodestum_KU338101}
You may want to ignore posterior probabilities and other statistics related to the following branch branch because the effective number of genes impacting it is only 15:
	{Sibynophis-bivittatus_KU309608, Calamaria-gervaisii_KU327406, Ahaetulla-prasina_KU323364, Chrysopelea-ornata, Scolecophis-atrocinctus_KU289804, Tantilla-taeniata_KU289863, Pantherophis-guttatus, Boiga-irregularis_KU345021, Pantherophis-obsoletus, Pituophis-catenifer, Ptyas-mucosa, Grayia-smythii_KU341872, Thamnophis-sirtalis, Thamnophis-elegans}
You may want to ignore posterior probabilities and other statistics related to the following branch branch because the effective number of genes impacting it is only 19:
	{Sibynophis-bivittatus_KU309608, Calamaria-gervaisii_KU327406, Ahaetulla-prasina_KU323364, Chrysopelea-ornata, Scolecophis-atrocinctus_KU289804, Tantilla-taeniata_KU289863, Pantherophis-guttatus, Boiga-irregularis_KU345021, Pantherophis-obsoletus, Pituophis-catenifer, Ptyas-mucosa, Grayia-smythii_KU341872, Thamnophis-sirtalis, Thamnophis-elegans, Pseudoxenodon-sp_KU312221, Dipsas-indica_KU215336, Thermophis-baileyi}
You may want to ignore posterior probabilities and other statistics related to the following branch branch because the effective number of genes impacting it is only 17:
	{Sibynophis-bivittatus_KU309608, Calamaria-gervaisii_KU327406, Ahaetulla-prasina_KU323364, Chrysopelea-ornata, Scolecophis-atrocinctus_KU289804, Tantilla-taeniata_KU289863, Pantherophis-guttatus, Boiga-irregularis_KU345021, Pantherophis-obsoletus, Pituophis-catenifer, Ptyas-mucosa, Grayia-smythii_KU341872, Thamnophis-sirtalis, Thamnophis-elegans, Pseudoxenodon-sp_KU312221}
You may want to ignore posterior probabilities and other statistics related to the following branch branch because the effective number of genes impacting it is only 16:
	{Levitonius-mirus_KU337269, Myersophis-alpestris_KU308684}
You may want to ignore posterior probabilities and other statistics related to the following branch branch because the effective number of genes impacting it is only 17:
	{Oxyrhabdium-modestum_KU310866, Oxyrhabdium-cfmodestum_KU338101, Oxyrhabdium-leporinum_KU346583, Levitonius-mirus_KU337269, Myersophis-alpestris_KU308684}
You may want to ignore posterior probabilities and other statistics related to the following branch branch because the effective number of genes impacting it is only 18:
	{Oxyrhabdium-modestum_KU310866, Oxyrhabdium-cfmodestum_KU338101, Oxyrhabdium-leporinum_KU346583, Cyclocorus-lineatus_KU335808, Hologerrhum-philippinum_KU330752, Levitonius-mirus_KU337269, Myersophis-alpestris_KU308684}
You may want to ignore posterior probabilities and other statistics related to the following branch branch because the effective number of genes impacting it is only 14:
	{Psammodynastes-pulverulentus_KU328547, Psammodynastes-pulverulentus_KU329686}
You may want to ignore posterior probabilities and other statistics related to the following branch branch because the effective number of genes impacting it is only 17:
	{Oxyrhabdium-modestum_KU310866, Oxyrhabdium-cfmodestum_KU338101, Oxyrhabdium-leporinum_KU346583, Cyclocorus-lineatus_KU335808, Hologerrhum-philippinum_KU330752, Levitonius-mirus_KU337269, Myersophis-alpestris_KU308684, Sibynophis-bivittatus_KU309608, Calamaria-gervaisii_KU327406, Ahaetulla-prasina_KU323364, Chrysopelea-ornata, Scolecophis-atrocinctus_KU289804, Tantilla-taeniata_KU289863, Pantherophis-guttatus, Boiga-irregularis_KU345021, Pantherophis-obsoletus, Pituophis-catenifer, Ptyas-mucosa, Grayia-smythii_KU341872, Thamnophis-sirtalis, Thamnophis-elegans, Pseudoxenodon-sp_KU312221, Dipsas-indica_KU215336, Thermophis-baileyi, Achalinus-spinalis_KU312258, Acrochordus-granulatus_KU302952, Python-molurus, Boa-constrictor, Protobothrops-mucrosquamatus, Protobothrops-flavoviridis, Bothrops-jararaca, Crotalus-adamanteus, Crotalus-tigris, Crotalus-horridus, Aplopeltura-boa_KU315147, Cerberus-schneiderii_KU324534, Myanophis-thanlyinensis, Psammodynastes-pulverulentus_KU328547, Psammodynastes-pulverulentus_KU329686, Crotalus-pyrrhus, Crotalus-viridis, Vipera-berus}
You may want to ignore posterior probabilities and other statistics related to the following branch branch because the effective number of genes impacting it is only 14:
	{Hydrophis-curtus, Hydrophis-hardwickii}
You may want to ignore posterior probabilities and other statistics related to the following branch branch because the effective number of genes impacting it is only 13:
	{Hydrophis-curtus, Hydrophis-hardwickii, Hydrophis-cyanocinctus}
You may want to ignore posterior probabilities and other statistics related to the following branch branch because the effective number of genes impacting it is only 14:
	{Hydrophis-curtus, Hydrophis-hardwickii, Hydrophis-cyanocinctus, Hydrophis-melanocephalus}
You may want to ignore posterior probabilities and other statistics related to the following branch branch because the effective number of genes impacting it is only 16:
	{Hydrophis-curtus, Hydrophis-hardwickii, Hydrophis-cyanocinctus, Hydrophis-melanocephalus, Emydocephalus-ijimae}
You may want to ignore posterior probabilities and other statistics related to the following branch branch because the effective number of genes impacting it is only 17:
	{Oxyrhabdium-modestum_KU310866, Oxyrhabdium-cfmodestum_KU338101, Oxyrhabdium-leporinum_KU346583, Cyclocorus-lineatus_KU335808, Hologerrhum-philippinum_KU330752, Levitonius-mirus_KU337269, Myersophis-alpestris_KU308684, Sibynophis-bivittatus_KU309608, Calamaria-gervaisii_KU327406, Ahaetulla-prasina_KU323364, Chrysopelea-ornata, Scolecophis-atrocinctus_KU289804, Tantilla-taeniata_KU289863, Pantherophis-guttatus, Boiga-irregularis_KU345021, Pantherophis-obsoletus, Pituophis-catenifer, Ptyas-mucosa, Grayia-smythii_KU341872, Thamnophis-sirtalis, Thamnophis-elegans, Pseudoxenodon-sp_KU312221, Dipsas-indica_KU215336, Thermophis-baileyi, Achalinus-spinalis_KU312258, Acrochordus-granulatus_KU302952, Python-molurus, Boa-constrictor, Protobothrops-mucrosquamatus, Protobothrops-flavoviridis, Bothrops-jararaca, Crotalus-adamanteus, Crotalus-tigris, Crotalus-horridus, Aplopeltura-boa_KU315147, Cerberus-schneiderii_KU324534, Myanophis-thanlyinensis, Crotalus-pyrrhus, Crotalus-viridis, Vipera-berus}
You may want to ignore posterior probabilities and other statistics related to the following branch branch because the effective number of genes impacting it is only 15:
	{Hydrophis-curtus, Hydrophis-hardwickii, Hydrophis-cyanocinctus, Hydrophis-melanocephalus, Emydocephalus-ijimae, Notechis-scutatus}
You may want to ignore posterior probabilities and other statistics related to the following branch branch because the effective number of genes impacting it is only 17:
	{Oxyrhabdium-modestum_KU310866, Oxyrhabdium-cfmodestum_KU338101, Oxyrhabdium-leporinum_KU346583}
You may want to ignore posterior probabilities and other statistics related to the following branch branch because the effective number of genes impacting it is only 16:
	{Cyclocorus-lineatus_KU335808, Hologerrhum-philippinum_KU330752}
You may want to ignore posterior probabilities and other statistics related to the following branch branch because the effective number of genes impacting it is only 17:
	{Hydrophis-curtus, Hydrophis-hardwickii, Hydrophis-cyanocinctus, Hydrophis-melanocephalus, Emydocephalus-ijimae, Notechis-scutatus, Pseudonaja-textilis}
You may want to ignore posterior probabilities and other statistics related to the following branch branch because the effective number of genes impacting it is only 18:
	{Laticauda-colubrina, Laticauda-laticaudata}
You may want to ignore posterior probabilities and other statistics related to the following branch branch because the effective number of genes impacting it is only 12:
	{Hydrophis-curtus, Hydrophis-hardwickii, Hydrophis-cyanocinctus, Hydrophis-melanocephalus, Emydocephalus-ijimae, Notechis-scutatus, Pseudonaja-textilis, Laticauda-colubrina, Laticauda-laticaudata, Elapsoidea-sundevallii_MCZR190390}
You may want to ignore posterior probabilities and other statistics related to the following branch branch because the effective number of genes impacting it is only 13:
	{Hydrophis-curtus, Hydrophis-hardwickii, Hydrophis-cyanocinctus, Hydrophis-melanocephalus, Emydocephalus-ijimae, Notechis-scutatus, Pseudonaja-textilis, Laticauda-colubrina, Laticauda-laticaudata}
You may want to ignore posterior probabilities and other statistics related to the following branch branch because the effective number of genes impacting it is only 17:
	{Hemibungarus-mcclungi_KU303027, Ophiophagus-hannah, Naja-naja}
You may want to ignore posterior probabilities and other statistics related to the following branch branch because the effective number of genes impacting it is only 17:
	{Oxyrhabdium-modestum_KU310866, Oxyrhabdium-cfmodestum_KU338101, Oxyrhabdium-leporinum_KU346583, Cyclocorus-lineatus_KU335808, Hologerrhum-philippinum_KU330752, Levitonius-mirus_KU337269, Myersophis-alpestris_KU308684, Sibynophis-bivittatus_KU309608, Calamaria-gervaisii_KU327406, Ahaetulla-prasina_KU323364, Chrysopelea-ornata, Scolecophis-atrocinctus_KU289804, Tantilla-taeniata_KU289863, Pantherophis-guttatus, Boiga-irregularis_KU345021, Pantherophis-obsoletus, Pituophis-catenifer, Ptyas-mucosa, Grayia-smythii_KU341872, Thamnophis-sirtalis, Thamnophis-elegans, Pseudoxenodon-sp_KU312221, Dipsas-indica_KU215336, Thermophis-baileyi, Achalinus-spinalis_KU312258, Acrochordus-granulatus_KU302952, Python-molurus, Boa-constrictor, Protobothrops-mucrosquamatus, Protobothrops-flavoviridis, Bothrops-jararaca, Crotalus-adamanteus, Crotalus-tigris, Crotalus-horridus, Aplopeltura-boa_KU315147, Cerberus-schneiderii_KU324534, Myanophis-thanlyinensis, Hemibungarus-mcclungi_KU303027, Ophiophagus-hannah, Naja-naja, Micrurus-corallinus_KU289205, Hydrophis-curtus, Hydrophis-hardwickii, Hydrophis-cyanocinctus, Hydrophis-melanocephalus, Emydocephalus-ijimae, Notechis-scutatus, Pseudonaja-textilis, Laticauda-colubrina, Laticauda-laticaudata, Elapsoidea-sundevallii_MCZR190390, Psammodynastes-pulverulentus_KU328547, Psammodynastes-pulverulentus_KU329686, Micrelaps-sp_TauM16738, Crotalus-pyrrhus, Crotalus-viridis, Vipera-berus}
You may want to ignore posterior probabilities and other statistics related to the following branch branch because the effective number of genes impacting it is only 16:
	{Hemibungarus-mcclungi_KU303027, Naja-naja}
You may want to ignore posterior probabilities and other statistics related to the following branch branch because the effective number of genes impacting it is only 15:
	{Micrurus-corallinus_KU289205, Hydrophis-curtus, Hydrophis-hardwickii, Hydrophis-cyanocinctus, Hydrophis-melanocephalus, Emydocephalus-ijimae, Notechis-scutatus, Pseudonaja-textilis, Laticauda-colubrina, Laticauda-laticaudata, Elapsoidea-sundevallii_MCZR190390}
You may want to ignore posterior probabilities and other statistics related to the following branch branch because the effective number of genes impacting it is only 17:
	{Psammophis-sibilans_RAX2053, Rhamphiophis-oxyrhynchus_KU290451}
You may want to ignore posterior probabilities and other statistics related to the following branch branch because the effective number of genes impacting it is only 13:
	{Pseudaspis-cana_MCZA27068, Oxyrhabdium-modestum_KU310866, Oxyrhabdium-cfmodestum_KU338101, Oxyrhabdium-leporinum_KU346583, Cyclocorus-lineatus_KU335808, Hologerrhum-philippinum_KU330752, Levitonius-mirus_KU337269, Myersophis-alpestris_KU308684, Sibynophis-bivittatus_KU309608, Calamaria-gervaisii_KU327406, Ahaetulla-prasina_KU323364, Chrysopelea-ornata, Scolecophis-atrocinctus_KU289804, Tantilla-taeniata_KU289863, Pantherophis-guttatus, Boiga-irregularis_KU345021, Pantherophis-obsoletus, Pituophis-catenifer, Ptyas-mucosa, Grayia-smythii_KU341872, Thamnophis-sirtalis, Thamnophis-elegans, Pseudoxenodon-sp_KU312221, Dipsas-indica_KU215336, Thermophis-baileyi, Achalinus-spinalis_KU312258, Acrochordus-granulatus_KU302952, Python-molurus, Boa-constrictor, Protobothrops-mucrosquamatus, Protobothrops-flavoviridis, Bothrops-jararaca, Crotalus-adamanteus, Crotalus-tigris, Crotalus-horridus, Aplopeltura-boa_KU315147, Cerberus-schneiderii_KU324534, Myanophis-thanlyinensis, Hemibungarus-mcclungi_KU303027, Ophiophagus-hannah, Naja-naja, Micrurus-corallinus_KU289205, Hydrophis-curtus, Hydrophis-hardwickii, Hydrophis-cyanocinctus, Hydrophis-melanocephalus, Emydocephalus-ijimae, Notechis-scutatus, Pseudonaja-textilis, Laticauda-colubrina, Laticauda-laticaudata, Elapsoidea-sundevallii_MCZR190390, Psammodynastes-pulverulentus_KU328547, Psammodynastes-pulverulentus_KU329686, Micrelaps-sp_TauM16738, Psammophis-sibilans_RAX2053, Rhamphiophis-oxyrhynchus_KU290451, Crotalus-pyrrhus, Crotalus-viridis, Vipera-berus}
You may want to ignore posterior probabilities and other statistics related to the following branch branch because the effective number of genes impacting it is only 17:
	{Oxyrhabdium-modestum_KU310866, Oxyrhabdium-cfmodestum_KU338101, Oxyrhabdium-leporinum_KU346583, Cyclocorus-lineatus_KU335808, Hologerrhum-philippinum_KU330752, Levitonius-mirus_KU337269, Myersophis-alpestris_KU308684, Sibynophis-bivittatus_KU309608, Calamaria-gervaisii_KU327406, Ahaetulla-prasina_KU323364, Chrysopelea-ornata, Scolecophis-atrocinctus_KU289804, Tantilla-taeniata_KU289863, Pantherophis-guttatus, Boiga-irregularis_KU345021, Pantherophis-obsoletus, Pituophis-catenifer, Ptyas-mucosa, Grayia-smythii_KU341872, Thamnophis-sirtalis, Thamnophis-elegans, Pseudoxenodon-sp_KU312221, Dipsas-indica_KU215336, Thermophis-baileyi, Achalinus-spinalis_KU312258, Acrochordus-granulatus_KU302952, Python-molurus, Boa-constrictor, Protobothrops-mucrosquamatus, Protobothrops-flavoviridis, Bothrops-jararaca, Crotalus-adamanteus, Crotalus-tigris, Crotalus-horridus, Aplopeltura-boa_KU315147, Cerberus-schneiderii_KU324534, Myanophis-thanlyinensis, Hemibungarus-mcclungi_KU303027, Ophiophagus-hannah, Naja-naja, Micrurus-corallinus_KU289205, Hydrophis-curtus, Hydrophis-hardwickii, Hydrophis-cyanocinctus, Hydrophis-melanocephalus, Emydocephalus-ijimae, Notechis-scutatus, Pseudonaja-textilis, Laticauda-colubrina, Laticauda-laticaudata, Elapsoidea-sundevallii_MCZR190390, Psammodynastes-pulverulentus_KU328547, Psammodynastes-pulverulentus_KU329686, Micrelaps-sp_TauM16738, Psammophis-sibilans_RAX2053, Rhamphiophis-oxyrhynchus_KU290451, Crotalus-pyrrhus, Crotalus-viridis, Vipera-berus}
You may want to ignore posterior probabilities and other statistics related to the following branch branch because the effective number of genes impacting it is only 14:
	{Pseudaspis-cana_MCZA27068, Oxyrhabdium-modestum_KU310866, Oxyrhabdium-cfmodestum_KU338101, Oxyrhabdium-leporinum_KU346583, Cyclocorus-lineatus_KU335808, Hologerrhum-philippinum_KU330752, Levitonius-mirus_KU337269, Myersophis-alpestris_KU308684, Sibynophis-bivittatus_KU309608, Calamaria-gervaisii_KU327406, Ahaetulla-prasina_KU323364, Chrysopelea-ornata, Scolecophis-atrocinctus_KU289804, Tantilla-taeniata_KU289863, Pantherophis-guttatus, Boiga-irregularis_KU345021, Pantherophis-obsoletus, Pituophis-catenifer, Ptyas-mucosa, Grayia-smythii_KU341872, Thamnophis-sirtalis, Thamnophis-elegans, Pseudoxenodon-sp_KU312221, Dipsas-indica_KU215336, Thermophis-baileyi, Achalinus-spinalis_KU312258, Acrochordus-granulatus_KU302952, Python-molurus, Boa-constrictor, Protobothrops-mucrosquamatus, Protobothrops-flavoviridis, Bothrops-jararaca, Crotalus-adamanteus, Crotalus-tigris, Crotalus-horridus, Aplopeltura-boa_KU315147, Cerberus-schneiderii_KU324534, Myanophis-thanlyinensis, Hemibungarus-mcclungi_KU303027, Ophiophagus-hannah, Naja-naja, Micrurus-corallinus_KU289205, Hydrophis-curtus, Hydrophis-hardwickii, Hydrophis-cyanocinctus, Hydrophis-melanocephalus, Emydocephalus-ijimae, Notechis-scutatus, Pseudonaja-textilis, Laticauda-colubrina, Laticauda-laticaudata, Elapsoidea-sundevallii_MCZR190390, Psammodynastes-pulverulentus_KU328547, Psammodynastes-pulverulentus_KU329686, Micrelaps-sp_TauM16738, Psammophis-sibilans_RAX2053, Rhamphiophis-oxyrhynchus_KU290451, Aparallactus-capensis_MCZA28808, Crotalus-pyrrhus, Crotalus-viridis, Vipera-berus}
You may want to ignore posterior probabilities and other statistics related to the following branch branch because the effective number of genes impacting it is only 19:
	{Oxyrhabdium-modestum_KU310866, Oxyrhabdium-cfmodestum_KU338101, Oxyrhabdium-leporinum_KU346583, Cyclocorus-lineatus_KU335808, Hologerrhum-philippinum_KU330752, Levitonius-mirus_KU337269, Myersophis-alpestris_KU308684, Sibynophis-bivittatus_KU309608, Calamaria-gervaisii_KU327406, Ahaetulla-prasina_KU323364, Chrysopelea-ornata, Scolecophis-atrocinctus_KU289804, Tantilla-taeniata_KU289863, Pantherophis-guttatus, Boiga-irregularis_KU345021, Pantherophis-obsoletus, Pituophis-catenifer, Ptyas-mucosa, Grayia-smythii_KU341872, Thamnophis-sirtalis, Thamnophis-elegans, Pseudoxenodon-sp_KU312221, Dipsas-indica_KU215336, Thermophis-baileyi, Achalinus-spinalis_KU312258, Acrochordus-granulatus_KU302952, Python-molurus, Boa-constrictor, Protobothrops-mucrosquamatus, Protobothrops-flavoviridis, Bothrops-jararaca, Crotalus-adamanteus, Crotalus-tigris, Crotalus-horridus, Aplopeltura-boa_KU315147, Cerberus-schneiderii_KU324534, Myanophis-thanlyinensis, Hemibungarus-mcclungi_KU303027, Ophiophagus-hannah, Naja-naja, Micrurus-corallinus_KU289205, Hydrophis-curtus, Hydrophis-hardwickii, Hydrophis-cyanocinctus, Hydrophis-melanocephalus, Emydocephalus-ijimae, Notechis-scutatus, Pseudonaja-textilis, Laticauda-colubrina, Laticauda-laticaudata, Elapsoidea-sundevallii_MCZR190390, Psammodynastes-pulverulentus_KU328547, Psammodynastes-pulverulentus_KU329686, Crotalus-pyrrhus, Crotalus-viridis, Vipera-berus}
You may want to ignore posterior probabilities and other statistics related to the following branch branch because the effective number of genes impacting it is only 11:
	{Pseudaspis-cana_MCZA27068, Prosymna-visseri_MCZR190223, Oxyrhabdium-modestum_KU310866, Oxyrhabdium-cfmodestum_KU338101, Oxyrhabdium-leporinum_KU346583, Cyclocorus-lineatus_KU335808, Hologerrhum-philippinum_KU330752, Levitonius-mirus_KU337269, Myersophis-alpestris_KU308684, Sibynophis-bivittatus_KU309608, Calamaria-gervaisii_KU327406, Ahaetulla-prasina_KU323364, Chrysopelea-ornata, Scolecophis-atrocinctus_KU289804, Tantilla-taeniata_KU289863, Pantherophis-guttatus, Boiga-irregularis_KU345021, Pantherophis-obsoletus, Pituophis-catenifer, Ptyas-mucosa, Grayia-smythii_KU341872, Thamnophis-sirtalis, Thamnophis-elegans, Pseudoxenodon-sp_KU312221, Dipsas-indica_KU215336, Thermophis-baileyi, Achalinus-spinalis_KU312258, Acrochordus-granulatus_KU302952, Python-molurus, Boa-constrictor, Protobothrops-mucrosquamatus, Protobothrops-flavoviridis, Bothrops-jararaca, Crotalus-adamanteus, Crotalus-tigris, Crotalus-horridus, Aplopeltura-boa_KU315147, Cerberus-schneiderii_KU324534, Myanophis-thanlyinensis, Hemibungarus-mcclungi_KU303027, Ophiophagus-hannah, Naja-naja, Micrurus-corallinus_KU289205, Hydrophis-curtus, Hydrophis-hardwickii, Hydrophis-cyanocinctus, Hydrophis-melanocephalus, Emydocephalus-ijimae, Notechis-scutatus, Pseudonaja-textilis, Laticauda-colubrina, Laticauda-laticaudata, Elapsoidea-sundevallii_MCZR190390, Psammodynastes-pulverulentus_KU328547, Psammodynastes-pulverulentus_KU329686, Micrelaps-sp_TauM16738, Chamaelycus-fasciatus_KU348632, Lamprophis-lineatus_EBG706, Psammophis-sibilans_RAX2053, Rhamphiophis-oxyrhynchus_KU290451, Aparallactus-capensis_MCZA28808, Crotalus-pyrrhus, Crotalus-viridis, Vipera-berus}
You may want to ignore posterior probabilities and other statistics related to the following branch branch because the effective number of genes impacting it is only 12:
	{Chamaelycus-fasciatus_KU348632, Lamprophis-lineatus_EBG706}
You may want to ignore posterior probabilities and other statistics related to the following branch branch because the effective number of genes impacting it is only 14:
	{Prosymna-visseri_MCZR190223, Chamaelycus-fasciatus_KU348632, Lamprophis-lineatus_EBG706}
(Pseudoxyrhopus-tritaeniatus_KU340969,(Buhoma-depressiceps_CFS1528,((Aparallactus-capensis_MCZA28808,(Pseudaspis-cana_MCZA27068,((Micrelaps-sp_TauM16738,(((((((Vipera-berus,((Bothrops-jararaca,(Crotalus-horridus,(Crotalus-pyrrhus,(Crotalus-tigris,(Crotalus-adamanteus,Crotalus-viridis)0.61:0.13811359606352946)0.71:0.21868920096482944)0.94:0.45473615711494697)1:1.7917594692280545)1:1.519825753744413,(Protobothrops-mucrosquamatus,Protobothrops-flavoviridis)1:2.159484249353373)1:2.0794415416798353)1:2.0794415416798353,(Aplopeltura-boa_KU315147,(Achalinus-spinalis_KU312258,(Acrochordus-granulatus_KU302952,(Python-molurus,Boa-constrictor)0.99:0.9808292530117262)1:1.0986122886681098)1:1.8552728749503813)0.86:0.30058547728768875)1:1.2747368702216628,(Cerberus-schneiderii_KU324534,Myanophis-thanlyinensis)1:2.4277482359480516)0.98:0.4878643050463343,((Pseudoxenodon-sp_KU312221,((Sibynophis-bivittatus_KU309608,(Calamaria-gervaisii_KU327406,(Grayia-smythii_KU341872,((Boiga-irregularis_KU345021,((Ptyas-mucosa,(Pantherophis-guttatus,(Pantherophis-obsoletus,Pituophis-catenifer)0.7:0.21357410029805904)1:2.1827606276284013)0.84:0.29152464545739115,(Scolecophis-atrocinctus_KU289804,Tantilla-taeniata_KU289863)1:1.0522396895588761)0.59:0.11317718163274922)1:0.9382671293117264,(Ahaetulla-prasina_KU323364,Chrysopelea-ornata)1:1.6094379124341005)1:1.1317254220068196)0.85:0.29128986172444404)0.56:0.10986565471408373)0.82:0.2621801556431901,(Thamnophis-sirtalis,Thamnophis-elegans)1:2.2335922215070947)0.84:0.2767165244998484)0.22:0.0,(Dipsas-indica_KU215336,Thermophis-baileyi)1:1.6284486455690355)1:0.7510252623508253)1:1.2186602433918046,(((Oxyrhabdium-leporinum_KU346583,(Oxyrhabdium-modestum_KU310866,Oxyrhabdium-cfmodestum_KU338101)1:1.6739764335716716)1:2.484906649788,(Levitonius-mirus_KU337269,Myersophis-alpestris_KU308684)0.78:0.23436243491899805)0.93:0.40262822677296467,(Cyclocorus-lineatus_KU335808,Hologerrhum-philippinum_KU330752)1:1.3291359472799418)1:1.8504147484458895)0.72:0.1942274868494277,(Psammodynastes-pulverulentus_KU328547,Psammodynastes-pulverulentus_KU329686)1:2.302585092994046)0.61:0.12673315582526162,((Micrurus-corallinus_KU289205,(Elapsoidea-sundevallii_MCZR190390,((Pseudonaja-textilis,(Notechis-scutatus,(Emydocephalus-ijimae,(Hydrophis-melanocephalus,(Hydrophis-cyanocinctus,(Hydrophis-curtus,Hydrophis-hardwickii)0.9:0.3543734469504534)0.39:0.09352605801082335)1:2.302585092994046)1:1.7346010553881062)0.98:0.5753641449035618)1:1.7117167615545188,(Laticauda-colubrina,Laticauda-laticaudata)1:2.538973871058275)1:2.2335922215070947)0.63:0.16275305868778975)0.6:0.13353139262452263,(Ophiophagus-hannah,(Hemibungarus-mcclungi_KU303027,Naja-naja)0.39:0.024068306165381775)1:0.6753560487883125)1:2.1690537003695223)0.85:0.25868632539475594)0.99:0.5735565924574917,(Psammophis-sibilans_RAX2053,Rhamphiophis-oxyrhynchus_KU290451)1:2.484906649788)0.23:0.0)0.46:0.04738101641838528)0.48:0.057912969831768774,(Prosymna-visseri_MCZR190223,(Chamaelycus-fasciatus_KU348632,Lamprophis-lineatus_EBG706)1:1.4775103693915521)0.78:0.23911673414194587)0.59:0.13464993907031167));
ASTRAL finished in 2.347 secs
Shutting down threading
