

================== ASTRAL ===================== 

This is ASTRAL version 5.15.5
Warning: 
 Fail to load native library libAstral.dylib; use Java default computing method without AVX2, which is 4X slower. 
 Make sure you are using the correct Djava.library.path (to the `lib` directory under ASTRAL where libAstral.dylib can be found). 
 Trying running make.sh. For mode debugging, run: java -Djava.library.path=lib/ -jar native_library_tester.jar
Gene trees are treated as unrooted
Detected GPU devices: 
Device 1 of 2: Apple M1 cl_device_id[0xffffffff] Vendor: Intel
Device 2 of 2: Apple M1 cl_device_id[0x1027f00] Vendor: Apple
Will use Device : Apple M1
Will use Device : Apple M1
Starting 8 threads ...
There are 8 threads used to run.
32 trees read from /dev/fd/11
All output trees will be *arbitrarily* rooted at Scolecophis-atrocinctus_KU289804

======== Running the main analysis
Number of taxa: 66 (66 species)
Taxa: [Scolecophis-atrocinctus_KU289804, Sibynophis-bivittatus_KU309608, Prosymna-visseri_MCZR190223, Pseudaspis-cana_MCZA27068, Pseudoxyrhopus-tritaeniatus_KU340969, Rhamphiophis-oxyrhynchus_KU290451, Lamprophis-lineatus_EBG706, Buhoma-depressiceps_CFS1528, Micrelaps-sp_TauM16738, Myersophis-alpestris_KU308684, Oxyrhabdium-cfmodestum_KU338101, Oxyrhabdium-modestum_KU310866, Oxyrhabdium-leporinum_KU346583, Psammodynastes-pulverulentus_KU328547, Psammodynastes-pulverulentus_KU329686, Hydrophis-curtus, Hydrophis-hardwickii, Hydrophis-cyanocinctus, Emydocephalus-ijimae, Notechis-scutatus, Pseudonaja-textilis, Laticauda-colubrina, Laticauda-laticaudata, Naja-naja, Thamnophis-sirtalis, Thamnophis-elegans, Cerberus-schneiderii_KU324534, Myanophis-thanlyinensis, Python-molurus, Bothrops-jararaca, Thermophis-baileyi, Dipsas-indica_KU215336, Chrysopelea-ornata, Ahaetulla-prasina_KU323364, Calamaria-gervaisii_KU327406, Boiga-irregularis_KU345021, Pantherophis-guttatus, Pantherophis-obsoletus, Pituophis-catenifer, Ptyas-mucosa, Tantilla-taeniata_KU289863, Acrochordus-granulatus_KU302952, Pseudoxenodon-sp_KU312221, Grayia-smythii_KU341872, Chamaelycus-fasciatus_KU348632, Psammophis-sibilans_RAX2053, Aparallactus-capensis_MCZA28808, Cyclocorus-lineatus_KU335808, Hologerrhum-philippinum_KU330752, Hemibungarus-mcclungi_KU303027, Ophiophagus-hannah, Hydrophis-melanocephalus, Micrurus-corallinus_KU289205, Crotalus-pyrrhus, Crotalus-viridis, Crotalus-tigris, Crotalus-adamanteus, Crotalus-horridus, Protobothrops-mucrosquamatus, Protobothrops-flavoviridis, Vipera-berus, Aplopeltura-boa_KU315147, Achalinus-spinalis_KU312258, Boa-constrictor, Levitonius-mirus_KU337269, Elapsoidea-sundevallii_MCZR190390]
Taxon occupancy: {Protobothrops-flavoviridis=29, Thamnophis-sirtalis=22, Hologerrhum-philippinum_KU330752=28, Hydrophis-hardwickii=30, Psammophis-sibilans_RAX2053=26, Crotalus-pyrrhus=30, Bothrops-jararaca=30, Elapsoidea-sundevallii_MCZR190390=28, Notechis-scutatus=32, Levitonius-mirus_KU337269=26, Buhoma-depressiceps_CFS1528=27, Ophiophagus-hannah=27, Scolecophis-atrocinctus_KU289804=32, Calamaria-gervaisii_KU327406=25, Ptyas-mucosa=31, Boiga-irregularis_KU345021=29, Aparallactus-capensis_MCZA28808=26, Myanophis-thanlyinensis=26, Python-molurus=26, Ahaetulla-prasina_KU323364=26, Pseudaspis-cana_MCZA27068=30, Psammodynastes-pulverulentus_KU328547=25, Rhamphiophis-oxyrhynchus_KU290451=26, Crotalus-tigris=29, Pantherophis-obsoletus=32, Protobothrops-mucrosquamatus=29, Vipera-berus=28, Chrysopelea-ornata=23, Thamnophis-elegans=27, Laticauda-laticaudata=32, Myersophis-alpestris_KU308684=29, Oxyrhabdium-leporinum_KU346583=31, Acrochordus-granulatus_KU302952=24, Cyclocorus-lineatus_KU335808=27, Oxyrhabdium-cfmodestum_KU338101=28, Tantilla-taeniata_KU289863=27, Grayia-smythii_KU341872=26, Crotalus-viridis=27, Crotalus-adamanteus=28, Pseudoxyrhopus-tritaeniatus_KU340969=26, Dipsas-indica_KU215336=29, Oxyrhabdium-modestum_KU310866=29, Emydocephalus-ijimae=30, Pantherophis-guttatus=32, Sibynophis-bivittatus_KU309608=25, Aplopeltura-boa_KU315147=23, Thermophis-baileyi=30, Pituophis-catenifer=26, Lamprophis-lineatus_EBG706=26, Hydrophis-curtus=30, Pseudoxenodon-sp_KU312221=27, Pseudonaja-textilis=30, Chamaelycus-fasciatus_KU348632=23, Hemibungarus-mcclungi_KU303027=30, Laticauda-colubrina=32, Crotalus-horridus=29, Micrurus-corallinus_KU289205=27, Boa-constrictor=26, Psammodynastes-pulverulentus_KU329686=27, Hydrophis-melanocephalus=27, Achalinus-spinalis_KU312258=21, Micrelaps-sp_TauM16738=25, Prosymna-visseri_MCZR190223=29, Naja-naja=32, Hydrophis-cyanocinctus=31, Cerberus-schneiderii_KU324534=30}
Using polytree-based weight calculation.
Number of gene trees: 32
29 trees have missing taxa
Calculating distance matrix (for completion of X) ....with 4 distance matrices for parallellism
Species tree distances calculated ...

Will attempt to complete bipartitions from X before adding using a distance matrix.
Building set of clusters (X) from gene trees 
------------------------------
Number of Clusters after addition from gene trees: 983
Number of Clusters after addition by distance: 983
Adding to X using resolutions of greedy consensus ...

Computing greedy consensus  
took 0 seconds
Limit for sigma of degrees:1700

polytomy size limit : > 9
 [3, 3, 3, 4, 9]
discarded polytomies: 
Threshold 0.0:
Threshold 0.01:
Threshold 0.02:
Threshold 0.05:
Threshold 0.1:
polytomy of size 3; rounds with additions with at least 5 support: 0; clusters: 985
Threshold 0.2:
polytomy of size 4; rounds with additions with at least 5 support: 0; clusters: 985
Threshold 0.3333333333333333:
polytomy of size 3; rounds with additions with at least 5 support: 0; clusters: 985
polytomy of size 9; rounds with additions with at least 5 support: 0; clusters: 985
polytomy of size 3; rounds with additions with at least 5 support: 0; clusters: 985
Number of Clusters after addition by greedy: 985
partitions formed in 0.89 secs
Dynamic Programming starting after 0.89 secs
Polytree max score: 14904039
Polytree building time: 0.029 seconds.
Fail to load native library libAstral.dylib; use Java default computing method.
Number of quartet trees in the gene trees: 14904039
Computing hash values took 0 seconds
device length is: 2
TREE HEIGHT IS: 15
Size of largest cluster: 66
Size of largest cluster: 66
Finishing up:1254 0 1253
Total Number of elements: 1253
Normalized score (portion of input quartet trees satisfied before correcting for multiple individuals): 0.9078057968044769
Final optimization score: 13529973
Optimal tree inferred in 2.082 secs.
Weight calculation using polytrees cumulatively took 0.0 secs
(Scolecophis-atrocinctus_KU289804,(Tantilla-taeniata_KU289863,(Ptyas-mucosa,((Boiga-irregularis_KU345021,((Grayia-smythii_KU341872,(Calamaria-gervaisii_KU327406,(Sibynophis-bivittatus_KU309608,(((((((Micrurus-corallinus_KU289205,(Elapsoidea-sundevallii_MCZR190390,((Pseudonaja-textilis,(Notechis-scutatus,(Emydocephalus-ijimae,((Hydrophis-curtus,Hydrophis-hardwickii),(Hydrophis-cyanocinctus,Hydrophis-melanocephalus))))),(Laticauda-colubrina,Laticauda-laticaudata)))),(Hemibungarus-mcclungi_KU303027,(Naja-naja,Ophiophagus-hannah))),(Micrelaps-sp_TauM16738,((Pseudaspis-cana_MCZA27068,(Pseudoxyrhopus-tritaeniatus_KU340969,(Prosymna-visseri_MCZR190223,(Lamprophis-lineatus_EBG706,Chamaelycus-fasciatus_KU348632)))),(Buhoma-depressiceps_CFS1528,(Aparallactus-capensis_MCZA28808,(Rhamphiophis-oxyrhynchus_KU290451,Psammophis-sibilans_RAX2053)))))),((((Oxyrhabdium-leporinum_KU346583,(Oxyrhabdium-cfmodestum_KU338101,Oxyrhabdium-modestum_KU310866)),(Myersophis-alpestris_KU308684,Levitonius-mirus_KU337269)),(Cyclocorus-lineatus_KU335808,Hologerrhum-philippinum_KU330752)),(Psammodynastes-pulverulentus_KU328547,Psammodynastes-pulverulentus_KU329686))),(((Vipera-berus,((Bothrops-jararaca,(Crotalus-horridus,(Crotalus-pyrrhus,(Crotalus-tigris,(Crotalus-viridis,Crotalus-adamanteus))))),(Protobothrops-mucrosquamatus,Protobothrops-flavoviridis))),(Aplopeltura-boa_KU315147,(Achalinus-spinalis_KU312258,(Acrochordus-granulatus_KU302952,(Python-molurus,Boa-constrictor))))),(Cerberus-schneiderii_KU324534,Myanophis-thanlyinensis))),(Thamnophis-sirtalis,Thamnophis-elegans)),(Pseudoxenodon-sp_KU312221,(Thermophis-baileyi,Dipsas-indica_KU215336)))))),(Chrysopelea-ornata,Ahaetulla-prasina_KU323364))),(Pituophis-catenifer,(Pantherophis-guttatus,Pantherophis-obsoletus))))));
Final quartet score is: 13797423
Final normalized quartet score is: 0.925750596868406
You may want to ignore posterior probabilities and other statistics related to the following branch branch because the effective number of genes impacting it is only 19:
	{Python-molurus, Boa-constrictor}
You may want to ignore posterior probabilities and other statistics related to the following branch branch because the effective number of genes impacting it is only 17:
	{Python-molurus, Acrochordus-granulatus_KU302952, Boa-constrictor}
You may want to ignore posterior probabilities and other statistics related to the following branch branch because the effective number of genes impacting it is only 19:
	{Python-molurus, Acrochordus-granulatus_KU302952, Achalinus-spinalis_KU312258, Boa-constrictor}
You may want to ignore posterior probabilities and other statistics related to the following branch branch because the effective number of genes impacting it is only 19:
	{Chrysopelea-ornata, Ahaetulla-prasina_KU323364}
(Scolecophis-atrocinctus_KU289804,(Tantilla-taeniata_KU289863,(Ptyas-mucosa,((Boiga-irregularis_KU345021,((Grayia-smythii_KU341872,(Calamaria-gervaisii_KU327406,(Sibynophis-bivittatus_KU309608,(((((((Micrurus-corallinus_KU289205,(Elapsoidea-sundevallii_MCZR190390,((Pseudonaja-textilis,(Notechis-scutatus,(Emydocephalus-ijimae,((Hydrophis-curtus,Hydrophis-hardwickii)1:0.8823891801984737,(Hydrophis-cyanocinctus,Hydrophis-melanocephalus)1:1.1349799328389845)1:2.9957322735539913)1:3.0070158911560187)0.96:0.31899151010433763)1:2.6992741201275674,(Laticauda-colubrina,Laticauda-laticaudata)1:3.091042453358317)1:2.938300224468115)0.56:0.13286573036614716)0.58:0.0998015434115737,(Hemibungarus-mcclungi_KU303027,(Naja-naja,Ophiophagus-hannah)0.57:0.08375396722840481)1:0.48946848368156776)1:3.058252630535322,(Micrelaps-sp_TauM16738,((Pseudaspis-cana_MCZA27068,(Pseudoxyrhopus-tritaeniatus_KU340969,(Prosymna-visseri_MCZR190223,(Lamprophis-lineatus_EBG706,Chamaelycus-fasciatus_KU348632)1:1.3035292750117122)0.84:0.25070368136372484)0.69:0.1581884857220465)0.59:0.11732984414813745,(Buhoma-depressiceps_CFS1528,(Aparallactus-capensis_MCZA28808,(Rhamphiophis-oxyrhynchus_KU290451,Psammophis-sibilans_RAX2053)1:2.6390573296152575)0.36:0.0)0.46:0.06235805378113584)0.99:0.4938440855181256)0.97:0.39229090941057804)0.87:0.2141549229558724,((((Oxyrhabdium-leporinum_KU346583,(Oxyrhabdium-cfmodestum_KU338101,Oxyrhabdium-modestum_KU310866)1:0.8472978603872037)1:3.0285220963769826,(Myersophis-alpestris_KU308684,Levitonius-mirus_KU337269)0.88:0.2548499448652675)0.98:0.3943205435550993,(Cyclocorus-lineatus_KU335808,Hologerrhum-philippinum_KU330752)1:1.8582923148741444)1:1.955031747131274,(Psammodynastes-pulverulentus_KU328547,Psammodynastes-pulverulentus_KU329686)1:2.8134107167600355)0.81:0.19229718758923117)1:2.1570807954817424,(((Vipera-berus,((Bothrops-jararaca,(Crotalus-horridus,(Crotalus-pyrrhus,(Crotalus-tigris,(Crotalus-viridis,Crotalus-adamanteus)0.65:0.14442913259909637)0.9:0.2521143008732461)1:1.0033021088637852)1:2.961830721878311)1:1.8632184332102002,(Protobothrops-mucrosquamatus,Protobothrops-flavoviridis)1:1.8632184332102002)1:2.890371757896163)1:2.268683541318364,(Aplopeltura-boa_KU315147,(Achalinus-spinalis_KU312258,(Acrochordus-granulatus_KU302952,(Python-molurus,Boa-constrictor)1:2.590267165445826)1:1.3862943611198908)1:2.302585092994044)0.93:0.3087354816496133)1:2.5411698287966327,(Cerberus-schneiderii_KU324534,Myanophis-thanlyinensis)1:2.890371757896163)0.88:0.23375222749480343)1:1.5575192724903049,(Thamnophis-sirtalis,Thamnophis-elegans)1:2.6390573296152575)0.56:0.09888483924544358,(Pseudoxenodon-sp_KU312221,(Thermophis-baileyi,Dipsas-indica_KU215336)0.85:0.2277164358309384)0.98:0.395700352942365)1:0.6280449936963142)0.84:0.23121083990339827)0.8:0.21087152788561445)1:0.9365546285312997,(Chrysopelea-ornata,Ahaetulla-prasina_KU323364)1:1.8971199848858815)1:2.2335922215070947)1:0.9162907318741549,(Pituophis-catenifer,(Pantherophis-guttatus,Pantherophis-obsoletus)1:0.587786664902119)1:2.890371757896163)0.92:0.2540269415934702)1:1.8281271133989303));
ASTRAL finished in 2.443 secs
Shutting down threading
