

================== ASTRAL ===================== 

This is ASTRAL version 5.15.5
Warning: 
 Fail to load native library libAstral.dylib; use Java default computing method without AVX2, which is 4X slower. 
 Make sure you are using the correct Djava.library.path (to the `lib` directory under ASTRAL where libAstral.dylib can be found). 
 Trying running make.sh. For mode debugging, run: java -Djava.library.path=lib/ -jar native_library_tester.jar
Gene trees are treated as unrooted
Detected GPU devices: 
Device 1 of 2: Apple M1 cl_device_id[0xffffffff] Vendor: Intel
Device 2 of 2: Apple M1 cl_device_id[0x1027f00] Vendor: Apple
Will use Device : Apple M1
Will use Device : Apple M1
Starting 8 threads ...
There are 8 threads used to run.
31 trees read from /dev/fd/11
All output trees will be *arbitrarily* rooted at Acrochordus-granulatus_KU302952

======== Running the main analysis
Number of taxa: 66 (66 species)
Taxa: [Acrochordus-granulatus_KU302952, Scolecophis-atrocinctus_KU289804, Tantilla-taeniata_KU289863, Pantherophis-guttatus, Pantherophis-obsoletus, Pituophis-catenifer, Ptyas-mucosa, Boiga-irregularis_KU345021, Chrysopelea-ornata, Ahaetulla-prasina_KU323364, Grayia-smythii_KU341872, Sibynophis-bivittatus_KU309608, Pseudoxenodon-sp_KU312221, Thamnophis-sirtalis, Thamnophis-elegans, Thermophis-baileyi, Dipsas-indica_KU215336, Cerberus-schneiderii_KU324534, Myanophis-thanlyinensis, Prosymna-visseri_MCZR190223, Buhoma-depressiceps_CFS1528, Pseudoxyrhopus-tritaeniatus_KU340969, Rhamphiophis-oxyrhynchus_KU290451, Psammophis-sibilans_RAX2053, Aparallactus-capensis_MCZA28808, Lamprophis-lineatus_EBG706, Pseudaspis-cana_MCZA27068, Elapsoidea-sundevallii_MCZR190390, Micrurus-corallinus_KU289205, Naja-naja, Hemibungarus-mcclungi_KU303027, Ophiophagus-hannah, Hydrophis-curtus, Hydrophis-hardwickii, Hydrophis-cyanocinctus, Emydocephalus-ijimae, Notechis-scutatus, Pseudonaja-textilis, Laticauda-colubrina, Laticauda-laticaudata, Micrelaps-sp_TauM16738, Psammodynastes-pulverulentus_KU328547, Psammodynastes-pulverulentus_KU329686, Cyclocorus-lineatus_KU335808, Hologerrhum-philippinum_KU330752, Myersophis-alpestris_KU308684, Oxyrhabdium-cfmodestum_KU338101, Oxyrhabdium-modestum_KU310866, Oxyrhabdium-leporinum_KU346583, Levitonius-mirus_KU337269, Crotalus-pyrrhus, Crotalus-viridis, Crotalus-tigris, Crotalus-adamanteus, Crotalus-horridus, Bothrops-jararaca, Protobothrops-mucrosquamatus, Protobothrops-flavoviridis, Vipera-berus, Aplopeltura-boa_KU315147, Achalinus-spinalis_KU312258, Python-molurus, Boa-constrictor, Chamaelycus-fasciatus_KU348632, Hydrophis-melanocephalus, Calamaria-gervaisii_KU327406]
Taxon occupancy: {Protobothrops-flavoviridis=23, Thamnophis-sirtalis=23, Hologerrhum-philippinum_KU330752=28, Hydrophis-hardwickii=20, Psammophis-sibilans_RAX2053=24, Crotalus-pyrrhus=25, Elapsoidea-sundevallii_MCZR190390=26, Bothrops-jararaca=20, Notechis-scutatus=26, Levitonius-mirus_KU337269=23, Buhoma-depressiceps_CFS1528=18, Ophiophagus-hannah=27, Scolecophis-atrocinctus_KU289804=26, Ptyas-mucosa=30, Calamaria-gervaisii_KU327406=17, Boiga-irregularis_KU345021=26, Aparallactus-capensis_MCZA28808=21, Myanophis-thanlyinensis=25, Ahaetulla-prasina_KU323364=25, Python-molurus=22, Pseudaspis-cana_MCZA27068=28, Psammodynastes-pulverulentus_KU328547=28, Rhamphiophis-oxyrhynchus_KU290451=22, Crotalus-tigris=27, Pantherophis-obsoletus=25, Protobothrops-mucrosquamatus=27, Vipera-berus=27, Chrysopelea-ornata=25, Thamnophis-elegans=24, Laticauda-laticaudata=28, Myersophis-alpestris_KU308684=26, Oxyrhabdium-leporinum_KU346583=27, Acrochordus-granulatus_KU302952=17, Cyclocorus-lineatus_KU335808=28, Oxyrhabdium-cfmodestum_KU338101=29, Tantilla-taeniata_KU289863=26, Grayia-smythii_KU341872=27, Crotalus-viridis=24, Crotalus-adamanteus=27, Pseudoxyrhopus-tritaeniatus_KU340969=26, Dipsas-indica_KU215336=23, Oxyrhabdium-modestum_KU310866=26, Emydocephalus-ijimae=27, Pantherophis-guttatus=28, Sibynophis-bivittatus_KU309608=26, Aplopeltura-boa_KU315147=20, Thermophis-baileyi=28, Pituophis-catenifer=25, Lamprophis-lineatus_EBG706=28, Hydrophis-curtus=27, Pseudoxenodon-sp_KU312221=28, Hemibungarus-mcclungi_KU303027=26, Pseudonaja-textilis=27, Chamaelycus-fasciatus_KU348632=22, Laticauda-colubrina=28, Crotalus-horridus=26, Micrurus-corallinus_KU289205=23, Boa-constrictor=20, Psammodynastes-pulverulentus_KU329686=26, Achalinus-spinalis_KU312258=11, Hydrophis-melanocephalus=26, Micrelaps-sp_TauM16738=25, Prosymna-visseri_MCZR190223=27, Naja-naja=31, Hydrophis-cyanocinctus=28, Cerberus-schneiderii_KU324534=23}
Using polytree-based weight calculation.
Number of gene trees: 31
28 trees have missing taxa
Calculating distance matrix (for completion of X) ....with 4 distance matrices for parallellism
Species tree distances calculated ...

Will attempt to complete bipartitions from X before adding using a distance matrix.
Building set of clusters (X) from gene trees 
------------------------------
Number of Clusters after addition from gene trees: 1131
Number of Clusters after addition by distance: 1131
Adding to X using resolutions of greedy consensus ...

Computing greedy consensus  
took 0 seconds
Limit for sigma of degrees:1700

polytomy size limit : > 11
 [3, 3, 3, 3, 3, 3, 4, 4, 4, 8, 11]
discarded polytomies: 
Threshold 0.0:
Threshold 0.01:
Threshold 0.02:
Threshold 0.05:
polytomy of size 3; rounds with additions with at least 5 support: 1; clusters: 1139
Threshold 0.1:
polytomy of size 4; rounds with additions with at least 5 support: 1; clusters: 1139
polytomy of size 3; rounds with additions with at least 5 support: 0; clusters: 1139
Threshold 0.2:
polytomy of size 8; rounds with additions with at least 5 support: 0; clusters: 1139
polytomy of size 3; rounds with additions with at least 5 support: 0; clusters: 1139
Threshold 0.3333333333333333:
polytomy of size 4; rounds with additions with at least 5 support: 0; clusters: 1139
polytomy of size 3; rounds with additions with at least 5 support: 0; clusters: 1139
polytomy of size 3; rounds with additions with at least 5 support: 0; clusters: 1139
polytomy of size 11; rounds with additions with at least 5 support: 0; clusters: 1139
polytomy of size 3; rounds with additions with at least 5 support: 0; clusters: 1139
polytomy of size 4; rounds with additions with at least 5 support: 0; clusters: 1139
Number of Clusters after addition by greedy: 1139
partitions formed in 1.11 secs
Dynamic Programming starting after 1.11 secs
Polytree max score: 11030719
Polytree building time: 0.029 seconds.
Fail to load native library libAstral.dylib; use Java default computing method.
Number of quartet trees in the gene trees: 11030719
Computing hash values took 0 seconds
device length is: 2
TREE HEIGHT IS: 12
Size of largest cluster: 66
Size of largest cluster: 66
Finishing up:1345 0 1344
Total Number of elements: 1344
Normalized score (portion of input quartet trees satisfied before correcting for multiple individuals): 0.8770682128698954
Final optimization score: 9674693
Optimal tree inferred in 2.303 secs.
Weight calculation using polytrees cumulatively took 0.0 secs
(Acrochordus-granulatus_KU302952,((Achalinus-spinalis_KU312258,(Aplopeltura-boa_KU315147,((((((((Elapsoidea-sundevallii_MCZR190390,((Pseudonaja-textilis,(Notechis-scutatus,(Emydocephalus-ijimae,((Hydrophis-cyanocinctus,Hydrophis-melanocephalus),(Hydrophis-curtus,Hydrophis-hardwickii))))),(Laticauda-colubrina,Laticauda-laticaudata))),(Micrurus-corallinus_KU289205,(Hemibungarus-mcclungi_KU303027,(Naja-naja,Ophiophagus-hannah)))),(Micrelaps-sp_TauM16738,(((Pseudoxyrhopus-tritaeniatus_KU340969,(Lamprophis-lineatus_EBG706,Chamaelycus-fasciatus_KU348632)),(Prosymna-visseri_MCZR190223,Pseudaspis-cana_MCZA27068)),((Rhamphiophis-oxyrhynchus_KU290451,Psammophis-sibilans_RAX2053),(Buhoma-depressiceps_CFS1528,Aparallactus-capensis_MCZA28808))))),(Psammodynastes-pulverulentus_KU328547,Psammodynastes-pulverulentus_KU329686)),((Levitonius-mirus_KU337269,(Myersophis-alpestris_KU308684,(Oxyrhabdium-leporinum_KU346583,(Oxyrhabdium-cfmodestum_KU338101,Oxyrhabdium-modestum_KU310866)))),(Cyclocorus-lineatus_KU335808,Hologerrhum-philippinum_KU330752))),((Pseudoxenodon-sp_KU312221,((Sibynophis-bivittatus_KU309608,(Calamaria-gervaisii_KU327406,(Grayia-smythii_KU341872,((((Pituophis-catenifer,(Pantherophis-guttatus,Pantherophis-obsoletus)),(Scolecophis-atrocinctus_KU289804,Tantilla-taeniata_KU289863)),(Ptyas-mucosa,Boiga-irregularis_KU345021)),(Chrysopelea-ornata,Ahaetulla-prasina_KU323364))))),(Thamnophis-sirtalis,Thamnophis-elegans))),(Thermophis-baileyi,Dipsas-indica_KU215336))),(Cerberus-schneiderii_KU324534,Myanophis-thanlyinensis)),(Vipera-berus,((Bothrops-jararaca,(Crotalus-horridus,(Crotalus-pyrrhus,(Crotalus-tigris,(Crotalus-viridis,Crotalus-adamanteus))))),(Protobothrops-mucrosquamatus,Protobothrops-flavoviridis)))))),(Python-molurus,Boa-constrictor)));
Final quartet score is: 9700694
Final normalized quartet score is: 0.8794253574948288
You may want to ignore posterior probabilities and other statistics related to the following branch branch because the effective number of genes impacting it is only 19:
	{Hydrophis-curtus, Hydrophis-hardwickii}
You may want to ignore posterior probabilities and other statistics related to the following branch branch because the effective number of genes impacting it is only 17:
	{Lamprophis-lineatus_EBG706, Chamaelycus-fasciatus_KU348632}
You may want to ignore posterior probabilities and other statistics related to the following branch branch because the effective number of genes impacting it is only 15:
	{Buhoma-depressiceps_CFS1528, Aparallactus-capensis_MCZA28808}
You may want to ignore posterior probabilities and other statistics related to the following branch branch because the effective number of genes impacting it is only 16:
	{Rhamphiophis-oxyrhynchus_KU290451, Psammophis-sibilans_RAX2053}
You may want to ignore posterior probabilities and other statistics related to the following branch branch because the effective number of genes impacting it is only 19:
	{Pantherophis-guttatus, Pantherophis-obsoletus}
You may want to ignore posterior probabilities and other statistics related to the following branch branch because the effective number of genes impacting it is only 16:
	{Scolecophis-atrocinctus_KU289804, Tantilla-taeniata_KU289863, Pantherophis-guttatus, Pantherophis-obsoletus, Pituophis-catenifer, Ptyas-mucosa, Boiga-irregularis_KU345021, Chrysopelea-ornata, Ahaetulla-prasina_KU323364, Grayia-smythii_KU341872}
You may want to ignore posterior probabilities and other statistics related to the following branch branch because the effective number of genes impacting it is only 16:
	{Scolecophis-atrocinctus_KU289804, Tantilla-taeniata_KU289863, Pantherophis-guttatus, Pantherophis-obsoletus, Pituophis-catenifer, Ptyas-mucosa, Boiga-irregularis_KU345021, Chrysopelea-ornata, Ahaetulla-prasina_KU323364, Grayia-smythii_KU341872, Calamaria-gervaisii_KU327406}
You may want to ignore posterior probabilities and other statistics related to the following branch branch because the effective number of genes impacting it is only 19:
	{Cerberus-schneiderii_KU324534, Myanophis-thanlyinensis}
You may want to ignore posterior probabilities and other statistics related to the following branch branch because the effective number of genes impacting it is only 19:
	{Crotalus-pyrrhus, Crotalus-viridis, Crotalus-tigris, Crotalus-adamanteus, Crotalus-horridus, Bothrops-jararaca}
You may want to ignore posterior probabilities and other statistics related to the following branch branch because the effective number of genes impacting it is only 19:
	{Crotalus-pyrrhus, Crotalus-viridis, Crotalus-tigris, Crotalus-adamanteus, Crotalus-horridus}
You may want to ignore posterior probabilities and other statistics related to the following branch branch because the effective number of genes impacting it is only 10:
	{Scolecophis-atrocinctus_KU289804, Tantilla-taeniata_KU289863, Pantherophis-guttatus, Pantherophis-obsoletus, Pituophis-catenifer, Ptyas-mucosa, Boiga-irregularis_KU345021, Chrysopelea-ornata, Ahaetulla-prasina_KU323364, Grayia-smythii_KU341872, Sibynophis-bivittatus_KU309608, Pseudoxenodon-sp_KU312221, Thamnophis-sirtalis, Thamnophis-elegans, Thermophis-baileyi, Dipsas-indica_KU215336, Cerberus-schneiderii_KU324534, Myanophis-thanlyinensis, Prosymna-visseri_MCZR190223, Buhoma-depressiceps_CFS1528, Pseudoxyrhopus-tritaeniatus_KU340969, Rhamphiophis-oxyrhynchus_KU290451, Psammophis-sibilans_RAX2053, Aparallactus-capensis_MCZA28808, Lamprophis-lineatus_EBG706, Pseudaspis-cana_MCZA27068, Elapsoidea-sundevallii_MCZR190390, Micrurus-corallinus_KU289205, Naja-naja, Hemibungarus-mcclungi_KU303027, Ophiophagus-hannah, Hydrophis-curtus, Hydrophis-hardwickii, Hydrophis-cyanocinctus, Emydocephalus-ijimae, Notechis-scutatus, Pseudonaja-textilis, Laticauda-colubrina, Laticauda-laticaudata, Micrelaps-sp_TauM16738, Psammodynastes-pulverulentus_KU328547, Psammodynastes-pulverulentus_KU329686, Cyclocorus-lineatus_KU335808, Hologerrhum-philippinum_KU330752, Myersophis-alpestris_KU308684, Oxyrhabdium-cfmodestum_KU338101, Oxyrhabdium-modestum_KU310866, Oxyrhabdium-leporinum_KU346583, Levitonius-mirus_KU337269, Crotalus-pyrrhus, Crotalus-viridis, Crotalus-tigris, Crotalus-adamanteus, Crotalus-horridus, Bothrops-jararaca, Protobothrops-mucrosquamatus, Protobothrops-flavoviridis, Vipera-berus, Aplopeltura-boa_KU315147, Chamaelycus-fasciatus_KU348632, Hydrophis-melanocephalus, Calamaria-gervaisii_KU327406}
You may want to ignore posterior probabilities and other statistics related to the following branch branch because the effective number of genes impacting it is only 18:
	{Scolecophis-atrocinctus_KU289804, Tantilla-taeniata_KU289863, Pantherophis-guttatus, Pantherophis-obsoletus, Pituophis-catenifer, Ptyas-mucosa, Boiga-irregularis_KU345021, Chrysopelea-ornata, Ahaetulla-prasina_KU323364, Grayia-smythii_KU341872, Sibynophis-bivittatus_KU309608, Pseudoxenodon-sp_KU312221, Thamnophis-sirtalis, Thamnophis-elegans, Thermophis-baileyi, Dipsas-indica_KU215336, Cerberus-schneiderii_KU324534, Myanophis-thanlyinensis, Prosymna-visseri_MCZR190223, Buhoma-depressiceps_CFS1528, Pseudoxyrhopus-tritaeniatus_KU340969, Rhamphiophis-oxyrhynchus_KU290451, Psammophis-sibilans_RAX2053, Aparallactus-capensis_MCZA28808, Lamprophis-lineatus_EBG706, Pseudaspis-cana_MCZA27068, Elapsoidea-sundevallii_MCZR190390, Micrurus-corallinus_KU289205, Naja-naja, Hemibungarus-mcclungi_KU303027, Ophiophagus-hannah, Hydrophis-curtus, Hydrophis-hardwickii, Hydrophis-cyanocinctus, Emydocephalus-ijimae, Notechis-scutatus, Pseudonaja-textilis, Laticauda-colubrina, Laticauda-laticaudata, Micrelaps-sp_TauM16738, Psammodynastes-pulverulentus_KU328547, Psammodynastes-pulverulentus_KU329686, Cyclocorus-lineatus_KU335808, Hologerrhum-philippinum_KU330752, Myersophis-alpestris_KU308684, Oxyrhabdium-cfmodestum_KU338101, Oxyrhabdium-modestum_KU310866, Oxyrhabdium-leporinum_KU346583, Levitonius-mirus_KU337269, Crotalus-pyrrhus, Crotalus-viridis, Crotalus-tigris, Crotalus-adamanteus, Crotalus-horridus, Bothrops-jararaca, Protobothrops-mucrosquamatus, Protobothrops-flavoviridis, Vipera-berus, Chamaelycus-fasciatus_KU348632, Hydrophis-melanocephalus, Calamaria-gervaisii_KU327406}
You may want to ignore posterior probabilities and other statistics related to the following branch branch because the effective number of genes impacting it is only 9:
	{Scolecophis-atrocinctus_KU289804, Tantilla-taeniata_KU289863, Pantherophis-guttatus, Pantherophis-obsoletus, Pituophis-catenifer, Ptyas-mucosa, Boiga-irregularis_KU345021, Chrysopelea-ornata, Ahaetulla-prasina_KU323364, Grayia-smythii_KU341872, Sibynophis-bivittatus_KU309608, Pseudoxenodon-sp_KU312221, Thamnophis-sirtalis, Thamnophis-elegans, Thermophis-baileyi, Dipsas-indica_KU215336, Cerberus-schneiderii_KU324534, Myanophis-thanlyinensis, Prosymna-visseri_MCZR190223, Buhoma-depressiceps_CFS1528, Pseudoxyrhopus-tritaeniatus_KU340969, Rhamphiophis-oxyrhynchus_KU290451, Psammophis-sibilans_RAX2053, Aparallactus-capensis_MCZA28808, Lamprophis-lineatus_EBG706, Pseudaspis-cana_MCZA27068, Elapsoidea-sundevallii_MCZR190390, Micrurus-corallinus_KU289205, Naja-naja, Hemibungarus-mcclungi_KU303027, Ophiophagus-hannah, Hydrophis-curtus, Hydrophis-hardwickii, Hydrophis-cyanocinctus, Emydocephalus-ijimae, Notechis-scutatus, Pseudonaja-textilis, Laticauda-colubrina, Laticauda-laticaudata, Micrelaps-sp_TauM16738, Psammodynastes-pulverulentus_KU328547, Psammodynastes-pulverulentus_KU329686, Cyclocorus-lineatus_KU335808, Hologerrhum-philippinum_KU330752, Myersophis-alpestris_KU308684, Oxyrhabdium-cfmodestum_KU338101, Oxyrhabdium-modestum_KU310866, Oxyrhabdium-leporinum_KU346583, Levitonius-mirus_KU337269, Crotalus-pyrrhus, Crotalus-viridis, Crotalus-tigris, Crotalus-adamanteus, Crotalus-horridus, Bothrops-jararaca, Protobothrops-mucrosquamatus, Protobothrops-flavoviridis, Vipera-berus, Aplopeltura-boa_KU315147, Achalinus-spinalis_KU312258, Chamaelycus-fasciatus_KU348632, Hydrophis-melanocephalus, Calamaria-gervaisii_KU327406}
You may want to ignore posterior probabilities and other statistics related to the following branch branch because the effective number of genes impacting it is only 15:
	{Python-molurus, Boa-constrictor}
(Acrochordus-granulatus_KU302952,((Achalinus-spinalis_KU312258,(Aplopeltura-boa_KU315147,((((((((Elapsoidea-sundevallii_MCZR190390,((Pseudonaja-textilis,(Notechis-scutatus,(Emydocephalus-ijimae,((Hydrophis-cyanocinctus,Hydrophis-melanocephalus)1:1.4271163556401456,(Hydrophis-curtus,Hydrophis-hardwickii)1:0.6443570163905135)1:2.890371757896163)1:2.8134107167600355)0.91:0.2876820724517809)1:2.890371757896163,(Laticauda-colubrina,Laticauda-laticaudata)1:2.961830721878311)1:2.8134107167600355)0.99:0.42651851730599655,(Micrurus-corallinus_KU289205,(Hemibungarus-mcclungi_KU303027,(Naja-naja,Ophiophagus-hannah)0.57:0.1261385951076201)1:0.7968179554867522)0.2:0.0)1:2.601217048715411,(Micrelaps-sp_TauM16738,(((Pseudoxyrhopus-tritaeniatus_KU340969,(Lamprophis-lineatus_EBG706,Chamaelycus-fasciatus_KU348632)1:1.1034315751040586)0.76:0.18940224547219586,(Prosymna-visseri_MCZR190223,Pseudaspis-cana_MCZA27068)0.55:0.10053680450336681)0.71:0.14301817186580348,((Rhamphiophis-oxyrhynchus_KU290451,Psammophis-sibilans_RAX2053)1:1.7480844057253933,(Buhoma-depressiceps_CFS1528,Aparallactus-capensis_MCZA28808)0.39:0.004944523467501131)0.85:0.24619007656875946)0.42:0.022641697724303512)0.62:0.13333768800334)0.66:0.11883357714347044,(Psammodynastes-pulverulentus_KU328547,Psammodynastes-pulverulentus_KU329686)1:2.8526314299133184)0.53:0.09817939898700076,((Levitonius-mirus_KU337269,(Myersophis-alpestris_KU308684,(Oxyrhabdium-leporinum_KU346583,(Oxyrhabdium-cfmodestum_KU338101,Oxyrhabdium-modestum_KU310866)1:2.0794415416798353)1:2.8134107167600355)0.88:0.2742280177137184)0.98:0.47846128037355534,(Cyclocorus-lineatus_KU335808,Hologerrhum-philippinum_KU330752)1:1.739934401363469)1:1.6932780514323846)1:1.621601648592777,((Pseudoxenodon-sp_KU312221,((Sibynophis-bivittatus_KU309608,(Calamaria-gervaisii_KU327406,(Grayia-smythii_KU341872,((((Pituophis-catenifer,(Pantherophis-guttatus,Pantherophis-obsoletus)0.61:0.192371892647456)1:2.1248193527359507,(Scolecophis-atrocinctus_KU289804,Tantilla-taeniata_KU289863)1:1.5188098949742812)0.47:0.06669137449867216,(Ptyas-mucosa,Boiga-irregularis_KU345021)0.43:0.1187835359899671)1:2.908047269054886,(Chrysopelea-ornata,Ahaetulla-prasina_KU323364)1:2.629487878599109)1:0.7347589605628755)0.84:0.2704835812184844)0.54:0.09104677936240174)1:0.5645788252007385,(Thamnophis-sirtalis,Thamnophis-elegans)1:2.6855773452501523)0.33:0.0)0.67:0.12418156312251442,(Thermophis-baileyi,Dipsas-indica_KU215336)0.99:0.5575018119653872)1:0.8813497191618221)0.89:0.24618480247525193,(Cerberus-schneiderii_KU324534,Myanophis-thanlyinensis)1:2.590267165445826)1:1.7020594023144964,(Vipera-berus,((Bothrops-jararaca,(Crotalus-horridus,(Crotalus-pyrrhus,(Crotalus-tigris,(Crotalus-viridis,Crotalus-adamanteus)0.6:0.10046478072723682)0.77:0.17827350241307646)1:0.7765287894989961)1:2.590267165445826)1:1.4916548767777167,(Protobothrops-mucrosquamatus,Protobothrops-flavoviridis)1:2.0368819272610392)1:2.8134107167600355)1:2.730029107820986)0.96:0.4595323293784402)1:1.299282984130261)1:1.2039728043259361,(Python-molurus,Boa-constrictor)1:1.2618667827448387));
ASTRAL finished in 2.67 secs
Shutting down threading
