

================== ASTRAL ===================== 

This is ASTRAL version 5.15.5
Warning: 
 Fail to load native library libAstral.dylib; use Java default computing method without AVX2, which is 4X slower. 
 Make sure you are using the correct Djava.library.path (to the `lib` directory under ASTRAL where libAstral.dylib can be found). 
 Trying running make.sh. For mode debugging, run: java -Djava.library.path=lib/ -jar native_library_tester.jar
Gene trees are treated as unrooted
Detected GPU devices: 
Device 1 of 2: Apple M1 cl_device_id[0xffffffff] Vendor: Intel
Device 2 of 2: Apple M1 cl_device_id[0x1027f00] Vendor: Apple
Will use Device : Apple M1
Will use Device : Apple M1
Starting 8 threads ...
There are 8 threads used to run.
22 trees read from /dev/fd/11
All output trees will be *arbitrarily* rooted at Acrochordus-granulatus_KU302952

======== Running the main analysis
Number of taxa: 66 (66 species)
Taxa: [Acrochordus-granulatus_KU302952, Scolecophis-atrocinctus_KU289804, Tantilla-taeniata_KU289863, Ptyas-mucosa, Pseudoxenodon-sp_KU312221, Ahaetulla-prasina_KU323364, Myersophis-alpestris_KU308684, Micrurus-corallinus_KU289205, Psammodynastes-pulverulentus_KU329686, Ophiophagus-hannah, Naja-naja, Hydrophis-curtus, Hydrophis-hardwickii, Hydrophis-melanocephalus, Hydrophis-cyanocinctus, Emydocephalus-ijimae, Notechis-scutatus, Laticauda-colubrina, Laticauda-laticaudata, Thamnophis-sirtalis, Thamnophis-elegans, Myanophis-thanlyinensis, Sibynophis-bivittatus_KU309608, Crotalus-pyrrhus, Crotalus-viridis, Crotalus-adamanteus, Crotalus-tigris, Crotalus-horridus, Protobothrops-mucrosquamatus, Protobothrops-flavoviridis, Vipera-berus, Pantherophis-guttatus, Pantherophis-obsoletus, Pituophis-catenifer, Boiga-irregularis_KU345021, Dipsas-indica_KU215336, Grayia-smythii_KU341872, Chrysopelea-ornata, Thermophis-baileyi, Cerberus-schneiderii_KU324534, Prosymna-visseri_MCZR190223, Pseudoxyrhopus-tritaeniatus_KU340969, Oxyrhabdium-leporinum_KU346583, Oxyrhabdium-modestum_KU310866, Pseudaspis-cana_MCZA27068, Levitonius-mirus_KU337269, Buhoma-depressiceps_CFS1528, Rhamphiophis-oxyrhynchus_KU290451, Psammophis-sibilans_RAX2053, Micrelaps-sp_TauM16738, Aparallactus-capensis_MCZA28808, Lamprophis-lineatus_EBG706, Cyclocorus-lineatus_KU335808, Hologerrhum-philippinum_KU330752, Elapsoidea-sundevallii_MCZR190390, Pseudonaja-textilis, Hemibungarus-mcclungi_KU303027, Psammodynastes-pulverulentus_KU328547, Bothrops-jararaca, Achalinus-spinalis_KU312258, Chamaelycus-fasciatus_KU348632, Oxyrhabdium-cfmodestum_KU338101, Calamaria-gervaisii_KU327406, Boa-constrictor, Aplopeltura-boa_KU315147, Python-molurus]
Taxon occupancy: {Protobothrops-flavoviridis=14, Thamnophis-sirtalis=18, Hologerrhum-philippinum_KU330752=19, Hydrophis-hardwickii=18, Psammophis-sibilans_RAX2053=18, Crotalus-pyrrhus=16, Elapsoidea-sundevallii_MCZR190390=17, Bothrops-jararaca=13, Notechis-scutatus=19, Levitonius-mirus_KU337269=17, Buhoma-depressiceps_CFS1528=17, Ophiophagus-hannah=19, Scolecophis-atrocinctus_KU289804=15, Ptyas-mucosa=20, Calamaria-gervaisii_KU327406=14, Boiga-irregularis_KU345021=18, Aparallactus-capensis_MCZA28808=14, Myanophis-thanlyinensis=20, Ahaetulla-prasina_KU323364=18, Python-molurus=9, Pseudaspis-cana_MCZA27068=14, Psammodynastes-pulverulentus_KU328547=19, Crotalus-tigris=16, Rhamphiophis-oxyrhynchus_KU290451=16, Protobothrops-mucrosquamatus=15, Vipera-berus=12, Pantherophis-obsoletus=19, Chrysopelea-ornata=17, Thamnophis-elegans=20, Laticauda-laticaudata=21, Myersophis-alpestris_KU308684=19, Oxyrhabdium-leporinum_KU346583=20, Acrochordus-granulatus_KU302952=14, Cyclocorus-lineatus_KU335808=18, Oxyrhabdium-cfmodestum_KU338101=15, Tantilla-taeniata_KU289863=17, Grayia-smythii_KU341872=17, Crotalus-viridis=13, Crotalus-adamanteus=17, Pseudoxyrhopus-tritaeniatus_KU340969=17, Dipsas-indica_KU215336=18, Oxyrhabdium-modestum_KU310866=17, Emydocephalus-ijimae=19, Pantherophis-guttatus=20, Sibynophis-bivittatus_KU309608=19, Aplopeltura-boa_KU315147=12, Thermophis-baileyi=20, Pituophis-catenifer=15, Lamprophis-lineatus_EBG706=18, Hydrophis-curtus=20, Pseudoxenodon-sp_KU312221=18, Pseudonaja-textilis=19, Hemibungarus-mcclungi_KU303027=17, Chamaelycus-fasciatus_KU348632=16, Laticauda-colubrina=20, Crotalus-horridus=16, Micrurus-corallinus_KU289205=18, Boa-constrictor=9, Psammodynastes-pulverulentus_KU329686=16, Hydrophis-melanocephalus=17, Achalinus-spinalis_KU312258=9, Micrelaps-sp_TauM16738=19, Prosymna-visseri_MCZR190223=17, Naja-naja=22, Hydrophis-cyanocinctus=20, Cerberus-schneiderii_KU324534=20}
Using polytree-based weight calculation.
Number of gene trees: 22
21 trees have missing taxa
Calculating distance matrix (for completion of X) ....with 4 distance matrices for parallellism
Species tree distances calculated ...

Will attempt to complete bipartitions from X before adding using a distance matrix.
Building set of clusters (X) from gene trees 
------------------------------
Number of Clusters after addition from gene trees: 1047
Number of Clusters after addition by distance: 1047
Adding to X using resolutions of greedy consensus ...

Computing greedy consensus  
took 0 seconds
Limit for sigma of degrees:1700

polytomy size limit : > 8
 [3, 3, 3, 3, 4, 4, 4, 5, 8, 8]
discarded polytomies: 
Threshold 0.0:
Threshold 0.01:
Threshold 0.02:
Threshold 0.05:
Threshold 0.1:
Threshold 0.2:
polytomy of size 3; rounds with additions with at least 5 support: 0; clusters: 1047
polytomy of size 4; rounds with additions with at least 5 support: 0; clusters: 1047
polytomy of size 3; rounds with additions with at least 5 support: 0; clusters: 1047
Threshold 0.3333333333333333:
polytomy of size 5; rounds with additions with at least 5 support: 0; clusters: 1047
polytomy of size 4; rounds with additions with at least 5 support: 0; clusters: 1047
polytomy of size 3; rounds with additions with at least 5 support: 0; clusters: 1047
polytomy of size 8; rounds with additions with at least 5 support: 0; clusters: 1047
polytomy of size 4; rounds with additions with at least 5 support: 0; clusters: 1047
polytomy of size 3; rounds with additions with at least 5 support: 0; clusters: 1047
polytomy of size 8; rounds with additions with at least 5 support: 0; clusters: 1047
Number of Clusters after addition by greedy: 1047
partitions formed in 0.961 secs
Dynamic Programming starting after 0.962 secs
Polytree max score: 7228490
Polytree building time: 0.037 seconds.
Fail to load native library libAstral.dylib; use Java default computing method.
Number of quartet trees in the gene trees: 7228490
Computing hash values took 0 seconds
device length is: 2
TREE HEIGHT IS: 13
Size of largest cluster: 66
Size of largest cluster: 66
Finishing up:1123 0 1122
Total Number of elements: 1122
Normalized score (portion of input quartet trees satisfied before correcting for multiple individuals): 0.8672787815989231
Final optimization score: 6269116
Optimal tree inferred in 2.157 secs.
Weight calculation using polytrees cumulatively took 0.0 secs
(Acrochordus-granulatus_KU302952,((Achalinus-spinalis_KU312258,(Aplopeltura-boa_KU315147,(((((((Micrurus-corallinus_KU289205,((Elapsoidea-sundevallii_MCZR190390,(((Emydocephalus-ijimae,((Hydrophis-melanocephalus,Hydrophis-cyanocinctus),(Hydrophis-curtus,Hydrophis-hardwickii))),(Notechis-scutatus,Pseudonaja-textilis)),(Laticauda-colubrina,Laticauda-laticaudata))),(Hemibungarus-mcclungi_KU303027,(Ophiophagus-hannah,Naja-naja)))),(Micrelaps-sp_TauM16738,(((Prosymna-visseri_MCZR190223,(Buhoma-depressiceps_CFS1528,(Aparallactus-capensis_MCZA28808,(Pseudoxyrhopus-tritaeniatus_KU340969,Pseudaspis-cana_MCZA27068)))),(Rhamphiophis-oxyrhynchus_KU290451,Psammophis-sibilans_RAX2053)),(Lamprophis-lineatus_EBG706,Chamaelycus-fasciatus_KU348632)))),(Psammodynastes-pulverulentus_KU329686,Psammodynastes-pulverulentus_KU328547)),((Myersophis-alpestris_KU308684,(Levitonius-mirus_KU337269,(Oxyrhabdium-leporinum_KU346583,(Oxyrhabdium-modestum_KU310866,Oxyrhabdium-cfmodestum_KU338101)))),(Cyclocorus-lineatus_KU335808,Hologerrhum-philippinum_KU330752))),(((Calamaria-gervaisii_KU327406,(Sibynophis-bivittatus_KU309608,(Grayia-smythii_KU341872,((Boiga-irregularis_KU345021,((Ptyas-mucosa,(Pituophis-catenifer,(Pantherophis-guttatus,Pantherophis-obsoletus))),(Scolecophis-atrocinctus_KU289804,Tantilla-taeniata_KU289863))),(Ahaetulla-prasina_KU323364,Chrysopelea-ornata))))),(Pseudoxenodon-sp_KU312221,(Dipsas-indica_KU215336,Thermophis-baileyi))),(Thamnophis-sirtalis,Thamnophis-elegans))),(Myanophis-thanlyinensis,Cerberus-schneiderii_KU324534)),(Vipera-berus,((Bothrops-jararaca,(Crotalus-pyrrhus,(Crotalus-horridus,(Crotalus-tigris,(Crotalus-viridis,Crotalus-adamanteus))))),(Protobothrops-mucrosquamatus,Protobothrops-flavoviridis)))))),(Boa-constrictor,Python-molurus)));
Final quartet score is: 5970989
Final normalized quartet score is: 0.8260354513874959
You may want to ignore posterior probabilities and other statistics related to the following branch branch because the effective number of genes impacting it is only 19:
	{Laticauda-colubrina, Laticauda-laticaudata}
You may want to ignore posterior probabilities and other statistics related to the following branch branch because the effective number of genes impacting it is only 17:
	{Hydrophis-melanocephalus, Hydrophis-cyanocinctus}
You may want to ignore posterior probabilities and other statistics related to the following branch branch because the effective number of genes impacting it is only 19:
	{Hydrophis-curtus, Hydrophis-hardwickii, Hydrophis-melanocephalus, Hydrophis-cyanocinctus, Emydocephalus-ijimae}
You may want to ignore posterior probabilities and other statistics related to the following branch branch because the effective number of genes impacting it is only 19:
	{Hydrophis-curtus, Hydrophis-hardwickii, Hydrophis-melanocephalus, Hydrophis-cyanocinctus}
You may want to ignore posterior probabilities and other statistics related to the following branch branch because the effective number of genes impacting it is only 18:
	{Notechis-scutatus, Pseudonaja-textilis}
You may want to ignore posterior probabilities and other statistics related to the following branch branch because the effective number of genes impacting it is only 18:
	{Hydrophis-curtus, Hydrophis-hardwickii}
You may want to ignore posterior probabilities and other statistics related to the following branch branch because the effective number of genes impacting it is only 16:
	{Ophiophagus-hannah, Naja-naja}
You may want to ignore posterior probabilities and other statistics related to the following branch branch because the effective number of genes impacting it is only 11:
	{Pseudoxyrhopus-tritaeniatus_KU340969, Pseudaspis-cana_MCZA27068}
You may want to ignore posterior probabilities and other statistics related to the following branch branch because the effective number of genes impacting it is only 17:
	{Micrurus-corallinus_KU289205, Ophiophagus-hannah, Naja-naja, Hydrophis-curtus, Hydrophis-hardwickii, Hydrophis-melanocephalus, Hydrophis-cyanocinctus, Emydocephalus-ijimae, Notechis-scutatus, Laticauda-colubrina, Laticauda-laticaudata, Elapsoidea-sundevallii_MCZR190390, Pseudonaja-textilis, Hemibungarus-mcclungi_KU303027}
You may want to ignore posterior probabilities and other statistics related to the following branch branch because the effective number of genes impacting it is only 13:
	{Pseudoxyrhopus-tritaeniatus_KU340969, Pseudaspis-cana_MCZA27068, Aparallactus-capensis_MCZA28808}
You may want to ignore posterior probabilities and other statistics related to the following branch branch because the effective number of genes impacting it is only 14:
	{Pseudoxyrhopus-tritaeniatus_KU340969, Pseudaspis-cana_MCZA27068, Buhoma-depressiceps_CFS1528, Aparallactus-capensis_MCZA28808}
You may want to ignore posterior probabilities and other statistics related to the following branch branch because the effective number of genes impacting it is only 17:
	{Ophiophagus-hannah, Naja-naja, Hemibungarus-mcclungi_KU303027}
You may want to ignore posterior probabilities and other statistics related to the following branch branch because the effective number of genes impacting it is only 18:
	{Ophiophagus-hannah, Naja-naja, Hydrophis-curtus, Hydrophis-hardwickii, Hydrophis-melanocephalus, Hydrophis-cyanocinctus, Emydocephalus-ijimae, Notechis-scutatus, Laticauda-colubrina, Laticauda-laticaudata, Elapsoidea-sundevallii_MCZR190390, Pseudonaja-textilis, Hemibungarus-mcclungi_KU303027}
You may want to ignore posterior probabilities and other statistics related to the following branch branch because the effective number of genes impacting it is only 16:
	{Prosymna-visseri_MCZR190223, Pseudoxyrhopus-tritaeniatus_KU340969, Pseudaspis-cana_MCZA27068, Buhoma-depressiceps_CFS1528, Aparallactus-capensis_MCZA28808}
You may want to ignore posterior probabilities and other statistics related to the following branch branch because the effective number of genes impacting it is only 15:
	{Hydrophis-curtus, Hydrophis-hardwickii, Hydrophis-melanocephalus, Hydrophis-cyanocinctus, Emydocephalus-ijimae, Notechis-scutatus, Laticauda-colubrina, Laticauda-laticaudata, Pseudonaja-textilis}
You may want to ignore posterior probabilities and other statistics related to the following branch branch because the effective number of genes impacting it is only 17:
	{Hydrophis-curtus, Hydrophis-hardwickii, Hydrophis-melanocephalus, Hydrophis-cyanocinctus, Emydocephalus-ijimae, Notechis-scutatus, Laticauda-colubrina, Laticauda-laticaudata, Elapsoidea-sundevallii_MCZR190390, Pseudonaja-textilis}
You may want to ignore posterior probabilities and other statistics related to the following branch branch because the effective number of genes impacting it is only 19:
	{Prosymna-visseri_MCZR190223, Pseudoxyrhopus-tritaeniatus_KU340969, Pseudaspis-cana_MCZA27068, Buhoma-depressiceps_CFS1528, Rhamphiophis-oxyrhynchus_KU290451, Psammophis-sibilans_RAX2053, Aparallactus-capensis_MCZA28808}
You may want to ignore posterior probabilities and other statistics related to the following branch branch because the effective number of genes impacting it is only 19:
	{Prosymna-visseri_MCZR190223, Pseudoxyrhopus-tritaeniatus_KU340969, Pseudaspis-cana_MCZA27068, Buhoma-depressiceps_CFS1528, Rhamphiophis-oxyrhynchus_KU290451, Psammophis-sibilans_RAX2053, Micrelaps-sp_TauM16738, Aparallactus-capensis_MCZA28808, Lamprophis-lineatus_EBG706, Chamaelycus-fasciatus_KU348632}
You may want to ignore posterior probabilities and other statistics related to the following branch branch because the effective number of genes impacting it is only 19:
	{Micrurus-corallinus_KU289205, Ophiophagus-hannah, Naja-naja, Hydrophis-curtus, Hydrophis-hardwickii, Hydrophis-melanocephalus, Hydrophis-cyanocinctus, Emydocephalus-ijimae, Notechis-scutatus, Laticauda-colubrina, Laticauda-laticaudata, Prosymna-visseri_MCZR190223, Pseudoxyrhopus-tritaeniatus_KU340969, Pseudaspis-cana_MCZA27068, Buhoma-depressiceps_CFS1528, Rhamphiophis-oxyrhynchus_KU290451, Psammophis-sibilans_RAX2053, Micrelaps-sp_TauM16738, Aparallactus-capensis_MCZA28808, Lamprophis-lineatus_EBG706, Elapsoidea-sundevallii_MCZR190390, Pseudonaja-textilis, Hemibungarus-mcclungi_KU303027, Chamaelycus-fasciatus_KU348632}
You may want to ignore posterior probabilities and other statistics related to the following branch branch because the effective number of genes impacting it is only 15:
	{Oxyrhabdium-leporinum_KU346583, Oxyrhabdium-modestum_KU310866, Oxyrhabdium-cfmodestum_KU338101}
You may want to ignore posterior probabilities and other statistics related to the following branch branch because the effective number of genes impacting it is only 15:
	{Psammodynastes-pulverulentus_KU329686, Psammodynastes-pulverulentus_KU328547}
You may want to ignore posterior probabilities and other statistics related to the following branch branch because the effective number of genes impacting it is only 18:
	{Prosymna-visseri_MCZR190223, Pseudoxyrhopus-tritaeniatus_KU340969, Pseudaspis-cana_MCZA27068, Buhoma-depressiceps_CFS1528, Rhamphiophis-oxyrhynchus_KU290451, Psammophis-sibilans_RAX2053, Aparallactus-capensis_MCZA28808, Lamprophis-lineatus_EBG706, Chamaelycus-fasciatus_KU348632}
You may want to ignore posterior probabilities and other statistics related to the following branch branch because the effective number of genes impacting it is only 14:
	{Oxyrhabdium-modestum_KU310866, Oxyrhabdium-cfmodestum_KU338101}
You may want to ignore posterior probabilities and other statistics related to the following branch branch because the effective number of genes impacting it is only 15:
	{Rhamphiophis-oxyrhynchus_KU290451, Psammophis-sibilans_RAX2053}
You may want to ignore posterior probabilities and other statistics related to the following branch branch because the effective number of genes impacting it is only 18:
	{Myersophis-alpestris_KU308684, Oxyrhabdium-leporinum_KU346583, Oxyrhabdium-modestum_KU310866, Levitonius-mirus_KU337269, Oxyrhabdium-cfmodestum_KU338101}
You may want to ignore posterior probabilities and other statistics related to the following branch branch because the effective number of genes impacting it is only 15:
	{Lamprophis-lineatus_EBG706, Chamaelycus-fasciatus_KU348632}
You may want to ignore posterior probabilities and other statistics related to the following branch branch because the effective number of genes impacting it is only 15:
	{Pantherophis-guttatus, Pantherophis-obsoletus}
You may want to ignore posterior probabilities and other statistics related to the following branch branch because the effective number of genes impacting it is only 15:
	{Pantherophis-guttatus, Pantherophis-obsoletus, Pituophis-catenifer}
You may want to ignore posterior probabilities and other statistics related to the following branch branch because the effective number of genes impacting it is only 16:
	{Ptyas-mucosa, Pantherophis-guttatus, Pantherophis-obsoletus, Pituophis-catenifer}
You may want to ignore posterior probabilities and other statistics related to the following branch branch because the effective number of genes impacting it is only 13:
	{Scolecophis-atrocinctus_KU289804, Tantilla-taeniata_KU289863}
You may want to ignore posterior probabilities and other statistics related to the following branch branch because the effective number of genes impacting it is only 14:
	{Scolecophis-atrocinctus_KU289804, Tantilla-taeniata_KU289863, Ptyas-mucosa, Pantherophis-guttatus, Pantherophis-obsoletus, Pituophis-catenifer}
You may want to ignore posterior probabilities and other statistics related to the following branch branch because the effective number of genes impacting it is only 13:
	{Ahaetulla-prasina_KU323364, Chrysopelea-ornata}
You may want to ignore posterior probabilities and other statistics related to the following branch branch because the effective number of genes impacting it is only 17:
	{Scolecophis-atrocinctus_KU289804, Tantilla-taeniata_KU289863, Ptyas-mucosa, Ahaetulla-prasina_KU323364, Pantherophis-guttatus, Pantherophis-obsoletus, Pituophis-catenifer, Boiga-irregularis_KU345021, Chrysopelea-ornata}
You may want to ignore posterior probabilities and other statistics related to the following branch branch because the effective number of genes impacting it is only 18:
	{Scolecophis-atrocinctus_KU289804, Tantilla-taeniata_KU289863, Ptyas-mucosa, Pantherophis-guttatus, Pantherophis-obsoletus, Pituophis-catenifer, Boiga-irregularis_KU345021}
You may want to ignore posterior probabilities and other statistics related to the following branch branch because the effective number of genes impacting it is only 13:
	{Scolecophis-atrocinctus_KU289804, Tantilla-taeniata_KU289863, Ptyas-mucosa, Ahaetulla-prasina_KU323364, Sibynophis-bivittatus_KU309608, Pantherophis-guttatus, Pantherophis-obsoletus, Pituophis-catenifer, Boiga-irregularis_KU345021, Grayia-smythii_KU341872, Chrysopelea-ornata}
You may want to ignore posterior probabilities and other statistics related to the following branch branch because the effective number of genes impacting it is only 14:
	{Dipsas-indica_KU215336, Thermophis-baileyi}
You may want to ignore posterior probabilities and other statistics related to the following branch branch because the effective number of genes impacting it is only 14:
	{Scolecophis-atrocinctus_KU289804, Tantilla-taeniata_KU289863, Ptyas-mucosa, Ahaetulla-prasina_KU323364, Sibynophis-bivittatus_KU309608, Pantherophis-guttatus, Pantherophis-obsoletus, Pituophis-catenifer, Boiga-irregularis_KU345021, Grayia-smythii_KU341872, Chrysopelea-ornata, Calamaria-gervaisii_KU327406}
You may want to ignore posterior probabilities and other statistics related to the following branch branch because the effective number of genes impacting it is only 17:
	{Pseudoxenodon-sp_KU312221, Dipsas-indica_KU215336, Thermophis-baileyi}
You may want to ignore posterior probabilities and other statistics related to the following branch branch because the effective number of genes impacting it is only 18:
	{Thamnophis-sirtalis, Thamnophis-elegans}
You may want to ignore posterior probabilities and other statistics related to the following branch branch because the effective number of genes impacting it is only 15:
	{Scolecophis-atrocinctus_KU289804, Tantilla-taeniata_KU289863, Ptyas-mucosa, Ahaetulla-prasina_KU323364, Pantherophis-guttatus, Pantherophis-obsoletus, Pituophis-catenifer, Boiga-irregularis_KU345021, Grayia-smythii_KU341872, Chrysopelea-ornata}
You may want to ignore posterior probabilities and other statistics related to the following branch branch because the effective number of genes impacting it is only 17:
	{Myanophis-thanlyinensis, Cerberus-schneiderii_KU324534}
You may want to ignore posterior probabilities and other statistics related to the following branch branch because the effective number of genes impacting it is only 16:
	{Crotalus-viridis, Crotalus-adamanteus, Crotalus-tigris, Crotalus-horridus}
You may want to ignore posterior probabilities and other statistics related to the following branch branch because the effective number of genes impacting it is only 12:
	{Crotalus-viridis, Crotalus-adamanteus}
You may want to ignore posterior probabilities and other statistics related to the following branch branch because the effective number of genes impacting it is only 18:
	{Scolecophis-atrocinctus_KU289804, Tantilla-taeniata_KU289863, Ptyas-mucosa, Pseudoxenodon-sp_KU312221, Ahaetulla-prasina_KU323364, Myersophis-alpestris_KU308684, Micrurus-corallinus_KU289205, Psammodynastes-pulverulentus_KU329686, Ophiophagus-hannah, Naja-naja, Hydrophis-curtus, Hydrophis-hardwickii, Hydrophis-melanocephalus, Hydrophis-cyanocinctus, Emydocephalus-ijimae, Notechis-scutatus, Laticauda-colubrina, Laticauda-laticaudata, Thamnophis-sirtalis, Thamnophis-elegans, Myanophis-thanlyinensis, Sibynophis-bivittatus_KU309608, Pantherophis-guttatus, Pantherophis-obsoletus, Pituophis-catenifer, Boiga-irregularis_KU345021, Dipsas-indica_KU215336, Grayia-smythii_KU341872, Chrysopelea-ornata, Thermophis-baileyi, Cerberus-schneiderii_KU324534, Prosymna-visseri_MCZR190223, Pseudoxyrhopus-tritaeniatus_KU340969, Oxyrhabdium-leporinum_KU346583, Oxyrhabdium-modestum_KU310866, Pseudaspis-cana_MCZA27068, Levitonius-mirus_KU337269, Buhoma-depressiceps_CFS1528, Rhamphiophis-oxyrhynchus_KU290451, Psammophis-sibilans_RAX2053, Micrelaps-sp_TauM16738, Aparallactus-capensis_MCZA28808, Lamprophis-lineatus_EBG706, Cyclocorus-lineatus_KU335808, Hologerrhum-philippinum_KU330752, Elapsoidea-sundevallii_MCZR190390, Pseudonaja-textilis, Hemibungarus-mcclungi_KU303027, Psammodynastes-pulverulentus_KU328547, Chamaelycus-fasciatus_KU348632, Oxyrhabdium-cfmodestum_KU338101, Calamaria-gervaisii_KU327406}
You may want to ignore posterior probabilities and other statistics related to the following branch branch because the effective number of genes impacting it is only 15:
	{Crotalus-viridis, Crotalus-adamanteus, Crotalus-tigris}
You may want to ignore posterior probabilities and other statistics related to the following branch branch because the effective number of genes impacting it is only 15:
	{Oxyrhabdium-leporinum_KU346583, Oxyrhabdium-modestum_KU310866, Levitonius-mirus_KU337269, Oxyrhabdium-cfmodestum_KU338101}
You may want to ignore posterior probabilities and other statistics related to the following branch branch because the effective number of genes impacting it is only 17:
	{Cyclocorus-lineatus_KU335808, Hologerrhum-philippinum_KU330752}
You may want to ignore posterior probabilities and other statistics related to the following branch branch because the effective number of genes impacting it is only 8:
	{Scolecophis-atrocinctus_KU289804, Tantilla-taeniata_KU289863, Ptyas-mucosa, Pseudoxenodon-sp_KU312221, Ahaetulla-prasina_KU323364, Myersophis-alpestris_KU308684, Micrurus-corallinus_KU289205, Psammodynastes-pulverulentus_KU329686, Ophiophagus-hannah, Naja-naja, Hydrophis-curtus, Hydrophis-hardwickii, Hydrophis-melanocephalus, Hydrophis-cyanocinctus, Emydocephalus-ijimae, Notechis-scutatus, Laticauda-colubrina, Laticauda-laticaudata, Thamnophis-sirtalis, Thamnophis-elegans, Myanophis-thanlyinensis, Sibynophis-bivittatus_KU309608, Crotalus-pyrrhus, Crotalus-viridis, Crotalus-adamanteus, Crotalus-tigris, Crotalus-horridus, Protobothrops-mucrosquamatus, Protobothrops-flavoviridis, Vipera-berus, Pantherophis-guttatus, Pantherophis-obsoletus, Pituophis-catenifer, Boiga-irregularis_KU345021, Dipsas-indica_KU215336, Grayia-smythii_KU341872, Chrysopelea-ornata, Thermophis-baileyi, Cerberus-schneiderii_KU324534, Prosymna-visseri_MCZR190223, Pseudoxyrhopus-tritaeniatus_KU340969, Oxyrhabdium-leporinum_KU346583, Oxyrhabdium-modestum_KU310866, Pseudaspis-cana_MCZA27068, Levitonius-mirus_KU337269, Buhoma-depressiceps_CFS1528, Rhamphiophis-oxyrhynchus_KU290451, Psammophis-sibilans_RAX2053, Micrelaps-sp_TauM16738, Aparallactus-capensis_MCZA28808, Lamprophis-lineatus_EBG706, Cyclocorus-lineatus_KU335808, Hologerrhum-philippinum_KU330752, Elapsoidea-sundevallii_MCZR190390, Pseudonaja-textilis, Hemibungarus-mcclungi_KU303027, Psammodynastes-pulverulentus_KU328547, Bothrops-jararaca, Chamaelycus-fasciatus_KU348632, Oxyrhabdium-cfmodestum_KU338101, Calamaria-gervaisii_KU327406}
You may want to ignore posterior probabilities and other statistics related to the following branch branch because the effective number of genes impacting it is only 13:
	{Crotalus-pyrrhus, Crotalus-viridis, Crotalus-adamanteus, Crotalus-tigris, Crotalus-horridus}
You may want to ignore posterior probabilities and other statistics related to the following branch branch because the effective number of genes impacting it is only 11:
	{Crotalus-pyrrhus, Crotalus-viridis, Crotalus-adamanteus, Crotalus-tigris, Crotalus-horridus, Bothrops-jararaca}
You may want to ignore posterior probabilities and other statistics related to the following branch branch because the effective number of genes impacting it is only 5:
	{Scolecophis-atrocinctus_KU289804, Tantilla-taeniata_KU289863, Ptyas-mucosa, Pseudoxenodon-sp_KU312221, Ahaetulla-prasina_KU323364, Myersophis-alpestris_KU308684, Micrurus-corallinus_KU289205, Psammodynastes-pulverulentus_KU329686, Ophiophagus-hannah, Naja-naja, Hydrophis-curtus, Hydrophis-hardwickii, Hydrophis-melanocephalus, Hydrophis-cyanocinctus, Emydocephalus-ijimae, Notechis-scutatus, Laticauda-colubrina, Laticauda-laticaudata, Thamnophis-sirtalis, Thamnophis-elegans, Myanophis-thanlyinensis, Sibynophis-bivittatus_KU309608, Crotalus-pyrrhus, Crotalus-viridis, Crotalus-adamanteus, Crotalus-tigris, Crotalus-horridus, Protobothrops-mucrosquamatus, Protobothrops-flavoviridis, Vipera-berus, Pantherophis-guttatus, Pantherophis-obsoletus, Pituophis-catenifer, Boiga-irregularis_KU345021, Dipsas-indica_KU215336, Grayia-smythii_KU341872, Chrysopelea-ornata, Thermophis-baileyi, Cerberus-schneiderii_KU324534, Prosymna-visseri_MCZR190223, Pseudoxyrhopus-tritaeniatus_KU340969, Oxyrhabdium-leporinum_KU346583, Oxyrhabdium-modestum_KU310866, Pseudaspis-cana_MCZA27068, Levitonius-mirus_KU337269, Buhoma-depressiceps_CFS1528, Rhamphiophis-oxyrhynchus_KU290451, Psammophis-sibilans_RAX2053, Micrelaps-sp_TauM16738, Aparallactus-capensis_MCZA28808, Lamprophis-lineatus_EBG706, Cyclocorus-lineatus_KU335808, Hologerrhum-philippinum_KU330752, Elapsoidea-sundevallii_MCZR190390, Pseudonaja-textilis, Hemibungarus-mcclungi_KU303027, Psammodynastes-pulverulentus_KU328547, Bothrops-jararaca, Achalinus-spinalis_KU312258, Chamaelycus-fasciatus_KU348632, Oxyrhabdium-cfmodestum_KU338101, Calamaria-gervaisii_KU327406, Aplopeltura-boa_KU315147}
You may want to ignore posterior probabilities and other statistics related to the following branch branch because the effective number of genes impacting it is only 12:
	{Crotalus-pyrrhus, Crotalus-viridis, Crotalus-adamanteus, Crotalus-tigris, Crotalus-horridus, Protobothrops-mucrosquamatus, Protobothrops-flavoviridis, Vipera-berus, Bothrops-jararaca}
You may want to ignore posterior probabilities and other statistics related to the following branch branch because the effective number of genes impacting it is only 14:
	{Protobothrops-mucrosquamatus, Protobothrops-flavoviridis}
You may want to ignore posterior probabilities and other statistics related to the following branch branch because the effective number of genes impacting it is only 4:
	{Boa-constrictor, Python-molurus}
You may want to ignore posterior probabilities and other statistics related to the following branch branch because the effective number of genes impacting it is only 11:
	{Crotalus-pyrrhus, Crotalus-viridis, Crotalus-adamanteus, Crotalus-tigris, Crotalus-horridus, Protobothrops-mucrosquamatus, Protobothrops-flavoviridis, Bothrops-jararaca}
You may want to ignore posterior probabilities and other statistics related to the following branch branch because the effective number of genes impacting it is only 7:
	{Scolecophis-atrocinctus_KU289804, Tantilla-taeniata_KU289863, Ptyas-mucosa, Pseudoxenodon-sp_KU312221, Ahaetulla-prasina_KU323364, Myersophis-alpestris_KU308684, Micrurus-corallinus_KU289205, Psammodynastes-pulverulentus_KU329686, Ophiophagus-hannah, Naja-naja, Hydrophis-curtus, Hydrophis-hardwickii, Hydrophis-melanocephalus, Hydrophis-cyanocinctus, Emydocephalus-ijimae, Notechis-scutatus, Laticauda-colubrina, Laticauda-laticaudata, Thamnophis-sirtalis, Thamnophis-elegans, Myanophis-thanlyinensis, Sibynophis-bivittatus_KU309608, Crotalus-pyrrhus, Crotalus-viridis, Crotalus-adamanteus, Crotalus-tigris, Crotalus-horridus, Protobothrops-mucrosquamatus, Protobothrops-flavoviridis, Vipera-berus, Pantherophis-guttatus, Pantherophis-obsoletus, Pituophis-catenifer, Boiga-irregularis_KU345021, Dipsas-indica_KU215336, Grayia-smythii_KU341872, Chrysopelea-ornata, Thermophis-baileyi, Cerberus-schneiderii_KU324534, Prosymna-visseri_MCZR190223, Pseudoxyrhopus-tritaeniatus_KU340969, Oxyrhabdium-leporinum_KU346583, Oxyrhabdium-modestum_KU310866, Pseudaspis-cana_MCZA27068, Levitonius-mirus_KU337269, Buhoma-depressiceps_CFS1528, Rhamphiophis-oxyrhynchus_KU290451, Psammophis-sibilans_RAX2053, Micrelaps-sp_TauM16738, Aparallactus-capensis_MCZA28808, Lamprophis-lineatus_EBG706, Cyclocorus-lineatus_KU335808, Hologerrhum-philippinum_KU330752, Elapsoidea-sundevallii_MCZR190390, Pseudonaja-textilis, Hemibungarus-mcclungi_KU303027, Psammodynastes-pulverulentus_KU328547, Bothrops-jararaca, Chamaelycus-fasciatus_KU348632, Oxyrhabdium-cfmodestum_KU338101, Calamaria-gervaisii_KU327406, Aplopeltura-boa_KU315147}
(Acrochordus-granulatus_KU302952,((Achalinus-spinalis_KU312258,(Aplopeltura-boa_KU315147,(((((((Micrurus-corallinus_KU289205,((Elapsoidea-sundevallii_MCZR190390,(((Emydocephalus-ijimae,((Hydrophis-melanocephalus,Hydrophis-cyanocinctus)1:0.780158557549575,(Hydrophis-curtus,Hydrophis-hardwickii)0.99:0.5930637220029626)1:2.5655745528554568)1:2.564291679042566,(Notechis-scutatus,Pseudonaja-textilis)0.64:0.14107859825990549)1:2.215243082838897,(Laticauda-colubrina,Laticauda-laticaudata)1:2.590267165445826)1:2.1967782483843785)0.63:0.15002256889336812,(Hemibungarus-mcclungi_KU303027,(Ophiophagus-hannah,Naja-naja)0.99:0.6359887667199969)0.92:0.34713318410010935)0.46:0.041492297095549184)1:2.4107986776342782,(Micrelaps-sp_TauM16738,(((Prosymna-visseri_MCZR190223,(Buhoma-depressiceps_CFS1528,(Aparallactus-capensis_MCZA28808,(Pseudoxyrhopus-tritaeniatus_KU340969,Pseudaspis-cana_MCZA27068)0.55:0.0999223177559046)0.58:0.12282966680753699)0.62:0.13865409749797192)0.53:0.10692989401305783,(Rhamphiophis-oxyrhynchus_KU290451,Psammophis-sibilans_RAX2053)1:2.367123614131617)0.56:0.11543803610244559,(Lamprophis-lineatus_EBG706,Chamaelycus-fasciatus_KU348632)1:1.2702859488218756)0.75:0.22353830472475306)0.85:0.26310220667248607)0.65:0.14658614867313738,(Psammodynastes-pulverulentus_KU329686,Psammodynastes-pulverulentus_KU328547)1:1.7766949397666587)0.51:0.0975718173564852,((Myersophis-alpestris_KU308684,(Levitonius-mirus_KU337269,(Oxyrhabdium-leporinum_KU346583,(Oxyrhabdium-modestum_KU310866,Oxyrhabdium-cfmodestum_KU338101)1:2.302585092994046)1:2.367123614131617)0.5:0.06646344954715565)0.96:0.4231200433468851,(Cyclocorus-lineatus_KU335808,Hologerrhum-philippinum_KU330752)1:1.8819105662223528)1:1.473654935351828)1:1.2040263512435725,(((Calamaria-gervaisii_KU327406,(Sibynophis-bivittatus_KU309608,(Grayia-smythii_KU341872,((Boiga-irregularis_KU345021,((Ptyas-mucosa,(Pituophis-catenifer,(Pantherophis-guttatus,Pantherophis-obsoletus)0.85:0.2876820724517809)1:2.367123614131617)0.59:0.12596855195453935,(Scolecophis-atrocinctus_KU289804,Tantilla-taeniata_KU289863)1:1.246532418744732)0.85:0.3078266385442483)1:1.1546438169725666,(Ahaetulla-prasina_KU323364,Chrysopelea-ornata)1:1.4932717806227689)1:0.9369050036892297)0.94:0.4063267001153186)0.47:0.055353732497769696)0.95:0.448539619786474,(Pseudoxenodon-sp_KU312221,(Dipsas-indica_KU215336,Thermophis-baileyi)0.99:0.5988537265189909)0.54:0.10943340507808459)0.9:0.29374873755414455,(Thamnophis-sirtalis,Thamnophis-elegans)1:2.538973871058275)0.97:0.45612091616917966)0.58:0.10332356866931545,(Myanophis-thanlyinensis,Cerberus-schneiderii_KU324534)1:1.852384091044489)1:1.6109848524849086,(Vipera-berus,((Bothrops-jararaca,(Crotalus-pyrrhus,(Crotalus-horridus,(Crotalus-tigris,(Crotalus-viridis,Crotalus-adamanteus)0.7:0.2130980231645729)0.89:0.34031520130010307)0.61:0.14197026127038723)1:1.4104477271716584)1:1.067840630001356,(Protobothrops-mucrosquamatus,Protobothrops-flavoviridis)1:1.6094379124341005)1:1.6739764335716716)1:2.0417012136969888)0.86:0.40546510810816444)1:1.6739764335716716)0.93:0.6931471805599453,(Boa-constrictor,Python-molurus)0.98:1.2039728043259361));
ASTRAL finished in 2.474 secs
Shutting down threading
