

================== ASTRAL ===================== 

This is ASTRAL version 5.15.5
Warning: 
 Fail to load native library libAstral.dylib; use Java default computing method without AVX2, which is 4X slower. 
 Make sure you are using the correct Djava.library.path (to the `lib` directory under ASTRAL where libAstral.dylib can be found). 
 Trying running make.sh. For mode debugging, run: java -Djava.library.path=lib/ -jar native_library_tester.jar
Gene trees are treated as unrooted
Detected GPU devices: 
Device 1 of 2: Apple M1 cl_device_id[0xffffffff] Vendor: Intel
Device 2 of 2: Apple M1 cl_device_id[0x1027f00] Vendor: Apple
Will use Device : Apple M1
Will use Device : Apple M1
Starting 8 threads ...
There are 8 threads used to run.
19 trees read from /dev/fd/11
All output trees will be *arbitrarily* rooted at Pseudoxyrhopus-tritaeniatus_KU340969

======== Running the main analysis
Number of taxa: 66 (66 species)
Taxa: [Pseudoxyrhopus-tritaeniatus_KU340969, Pseudaspis-cana_MCZA27068, Buhoma-depressiceps_CFS1528, Chamaelycus-fasciatus_KU348632, Lamprophis-lineatus_EBG706, Micrelaps-sp_TauM16738, Prosymna-visseri_MCZR190223, Oxyrhabdium-modestum_KU310866, Oxyrhabdium-cfmodestum_KU338101, Oxyrhabdium-leporinum_KU346583, Cyclocorus-lineatus_KU335808, Hologerrhum-philippinum_KU330752, Levitonius-mirus_KU337269, Myersophis-alpestris_KU308684, Psammophis-sibilans_RAX2053, Rhamphiophis-oxyrhynchus_KU290451, Aparallactus-capensis_MCZA28808, Sibynophis-bivittatus_KU309608, Calamaria-gervaisii_KU327406, Pseudoxenodon-sp_KU312221, Thamnophis-sirtalis, Thermophis-baileyi, Ahaetulla-prasina_KU323364, Chrysopelea-ornata, Grayia-smythii_KU341872, Boiga-irregularis_KU345021, Pantherophis-guttatus, Pantherophis-obsoletus, Pituophis-catenifer, Tantilla-taeniata_KU289863, Ptyas-mucosa, Cerberus-schneiderii_KU324534, Myanophis-thanlyinensis, Achalinus-spinalis_KU312258, Acrochordus-granulatus_KU302952, Python-molurus, Boa-constrictor, Aplopeltura-boa_KU315147, Crotalus-pyrrhus, Crotalus-viridis, Crotalus-adamanteus, Crotalus-horridus, Crotalus-tigris, Bothrops-jararaca, Protobothrops-mucrosquamatus, Protobothrops-flavoviridis, Dipsas-indica_KU215336, Hemibungarus-mcclungi_KU303027, Naja-naja, Ophiophagus-hannah, Elapsoidea-sundevallii_MCZR190390, Hydrophis-curtus, Hydrophis-hardwickii, Hydrophis-cyanocinctus, Hydrophis-melanocephalus, Emydocephalus-ijimae, Notechis-scutatus, Pseudonaja-textilis, Laticauda-colubrina, Laticauda-laticaudata, Micrurus-corallinus_KU289205, Psammodynastes-pulverulentus_KU328547, Psammodynastes-pulverulentus_KU329686, Scolecophis-atrocinctus_KU289804, Vipera-berus, Thamnophis-elegans]
Taxon occupancy: {Protobothrops-flavoviridis=13, Hologerrhum-philippinum_KU330752=17, Thamnophis-sirtalis=11, Hydrophis-hardwickii=18, Psammophis-sibilans_RAX2053=18, Crotalus-pyrrhus=16, Bothrops-jararaca=14, Elapsoidea-sundevallii_MCZR190390=18, Notechis-scutatus=17, Levitonius-mirus_KU337269=16, Buhoma-depressiceps_CFS1528=14, Ophiophagus-hannah=16, Calamaria-gervaisii_KU327406=16, Ptyas-mucosa=17, Scolecophis-atrocinctus_KU289804=12, Boiga-irregularis_KU345021=13, Aparallactus-capensis_MCZA28808=13, Myanophis-thanlyinensis=15, Ahaetulla-prasina_KU323364=14, Python-molurus=14, Pseudaspis-cana_MCZA27068=17, Psammodynastes-pulverulentus_KU328547=15, Rhamphiophis-oxyrhynchus_KU290451=15, Crotalus-tigris=13, Pantherophis-obsoletus=16, Protobothrops-mucrosquamatus=15, Vipera-berus=14, Chrysopelea-ornata=13, Thamnophis-elegans=12, Laticauda-laticaudata=18, Myersophis-alpestris_KU308684=17, Oxyrhabdium-leporinum_KU346583=15, Acrochordus-granulatus_KU302952=12, Cyclocorus-lineatus_KU335808=16, Oxyrhabdium-cfmodestum_KU338101=14, Grayia-smythii_KU341872=15, Tantilla-taeniata_KU289863=16, Crotalus-viridis=12, Crotalus-adamanteus=15, Pseudoxyrhopus-tritaeniatus_KU340969=17, Dipsas-indica_KU215336=17, Oxyrhabdium-modestum_KU310866=15, Emydocephalus-ijimae=18, Pantherophis-guttatus=14, Sibynophis-bivittatus_KU309608=16, Aplopeltura-boa_KU315147=12, Thermophis-baileyi=16, Pituophis-catenifer=14, Lamprophis-lineatus_EBG706=17, Hydrophis-curtus=17, Pseudoxenodon-sp_KU312221=16, Chamaelycus-fasciatus_KU348632=15, Hemibungarus-mcclungi_KU303027=17, Pseudonaja-textilis=16, Laticauda-colubrina=17, Crotalus-horridus=13, Boa-constrictor=13, Micrurus-corallinus_KU289205=17, Psammodynastes-pulverulentus_KU329686=14, Achalinus-spinalis_KU312258=14, Hydrophis-melanocephalus=16, Micrelaps-sp_TauM16738=16, Prosymna-visseri_MCZR190223=17, Naja-naja=19, Hydrophis-cyanocinctus=16, Cerberus-schneiderii_KU324534=14}
Using polytree-based weight calculation.
Number of gene trees: 19
16 trees have missing taxa
Calculating distance matrix (for completion of X) ....with 4 distance matrices for parallellism
Species tree distances calculated ...

Will attempt to complete bipartitions from X before adding using a distance matrix.
Building set of clusters (X) from gene trees 
------------------------------
Number of Clusters after addition from gene trees: 909
Number of Clusters after addition by distance: 909
Adding to X using resolutions of greedy consensus ...

Computing greedy consensus  
took 0 seconds
Limit for sigma of degrees:1700

polytomy size limit : > 10
 [3, 3, 3, 3, 3, 4, 5, 9, 10]
discarded polytomies: 
Threshold 0.0:
Threshold 0.01:
Threshold 0.02:
Threshold 0.05:
Threshold 0.1:
polytomy of size 3; rounds with additions with at least 5 support: 1; clusters: 929
Threshold 0.2:
polytomy of size 3; rounds with additions with at least 5 support: 0; clusters: 927
polytomy of size 9; rounds with additions with at least 5 support: 0; clusters: 929
Threshold 0.3333333333333333:
polytomy of size 4; rounds with additions with at least 5 support: 0; clusters: 927
polytomy of size 3; rounds with additions with at least 5 support: 0; clusters: 929
polytomy of size 3; rounds with additions with at least 5 support: 0; clusters: 927
polytomy of size 5; rounds with additions with at least 5 support: 0; clusters: 929
polytomy of size 3; rounds with additions with at least 5 support: 0; clusters: 929
polytomy of size 10; rounds with additions with at least 5 support: 0; clusters: 929
Number of Clusters after addition by greedy: 929
partitions formed in 0.958 secs
Dynamic Programming starting after 0.958 secs
Polytree max score: 7206073
Polytree building time: 0.017 seconds.
Fail to load native library libAstral.dylib; use Java default computing method.
Number of quartet trees in the gene trees: 7206073
Computing hash values took 0 seconds
device length is: 2
TREE HEIGHT IS: 11
Size of largest cluster: 66
Size of largest cluster: 66
Finishing up:924 0 923
Total Number of elements: 923
Normalized score (portion of input quartet trees satisfied before correcting for multiple individuals): 0.842657436304073
Final optimization score: 6072251
Optimal tree inferred in 2.116 secs.
Weight calculation using polytrees cumulatively took 0.0 secs
(Pseudoxyrhopus-tritaeniatus_KU340969,((Pseudaspis-cana_MCZA27068,(Micrelaps-sp_TauM16738,(((((((Calamaria-gervaisii_KU327406,(Sibynophis-bivittatus_KU309608,(Grayia-smythii_KU341872,(((Ptyas-mucosa,(Pituophis-catenifer,(Pantherophis-guttatus,Pantherophis-obsoletus))),(Boiga-irregularis_KU345021,(Tantilla-taeniata_KU289863,Scolecophis-atrocinctus_KU289804))),(Ahaetulla-prasina_KU323364,Chrysopelea-ornata))))),(Pseudoxenodon-sp_KU312221,(Thermophis-baileyi,Dipsas-indica_KU215336))),(Thamnophis-sirtalis,Thamnophis-elegans)),(((Vipera-berus,((Bothrops-jararaca,(Crotalus-horridus,((Crotalus-viridis,Crotalus-adamanteus),(Crotalus-pyrrhus,Crotalus-tigris)))),(Protobothrops-mucrosquamatus,Protobothrops-flavoviridis))),(Aplopeltura-boa_KU315147,(Achalinus-spinalis_KU312258,(Acrochordus-granulatus_KU302952,(Python-molurus,Boa-constrictor))))),(Cerberus-schneiderii_KU324534,Myanophis-thanlyinensis))),(((Oxyrhabdium-leporinum_KU346583,(Oxyrhabdium-modestum_KU310866,Oxyrhabdium-cfmodestum_KU338101)),(Levitonius-mirus_KU337269,Myersophis-alpestris_KU308684)),(Cyclocorus-lineatus_KU335808,Hologerrhum-philippinum_KU330752))),((Micrurus-corallinus_KU289205,((((Emydocephalus-ijimae,((Hydrophis-cyanocinctus,Hydrophis-melanocephalus),(Hydrophis-curtus,Hydrophis-hardwickii))),(Notechis-scutatus,Pseudonaja-textilis)),(Laticauda-colubrina,Laticauda-laticaudata)),(Elapsoidea-sundevallii_MCZR190390,(Naja-naja,(Hemibungarus-mcclungi_KU303027,Ophiophagus-hannah))))),(Psammodynastes-pulverulentus_KU328547,Psammodynastes-pulverulentus_KU329686))),(Psammophis-sibilans_RAX2053,Rhamphiophis-oxyrhynchus_KU290451)))),(Prosymna-visseri_MCZR190223,(Aparallactus-capensis_MCZA28808,(Buhoma-depressiceps_CFS1528,(Chamaelycus-fasciatus_KU348632,Lamprophis-lineatus_EBG706))))));
Final quartet score is: 6096343
Final normalized quartet score is: 0.8460007274419784
You may want to ignore posterior probabilities and other statistics related to the following branch branch because the effective number of genes impacting it is only 8:
	{Tantilla-taeniata_KU289863, Scolecophis-atrocinctus_KU289804}
You may want to ignore posterior probabilities and other statistics related to the following branch branch because the effective number of genes impacting it is only 12:
	{Boiga-irregularis_KU345021, Tantilla-taeniata_KU289863, Scolecophis-atrocinctus_KU289804}
You may want to ignore posterior probabilities and other statistics related to the following branch branch because the effective number of genes impacting it is only 15:
	{Pantherophis-guttatus, Pantherophis-obsoletus, Pituophis-catenifer, Ptyas-mucosa}
You may want to ignore posterior probabilities and other statistics related to the following branch branch because the effective number of genes impacting it is only 15:
	{Boiga-irregularis_KU345021, Pantherophis-guttatus, Pantherophis-obsoletus, Pituophis-catenifer, Tantilla-taeniata_KU289863, Ptyas-mucosa, Scolecophis-atrocinctus_KU289804}
You may want to ignore posterior probabilities and other statistics related to the following branch branch because the effective number of genes impacting it is only 11:
	{Pantherophis-guttatus, Pantherophis-obsoletus}
You may want to ignore posterior probabilities and other statistics related to the following branch branch because the effective number of genes impacting it is only 14:
	{Ahaetulla-prasina_KU323364, Chrysopelea-ornata, Boiga-irregularis_KU345021, Pantherophis-guttatus, Pantherophis-obsoletus, Pituophis-catenifer, Tantilla-taeniata_KU289863, Ptyas-mucosa, Scolecophis-atrocinctus_KU289804}
You may want to ignore posterior probabilities and other statistics related to the following branch branch because the effective number of genes impacting it is only 13:
	{Sibynophis-bivittatus_KU309608, Ahaetulla-prasina_KU323364, Chrysopelea-ornata, Grayia-smythii_KU341872, Boiga-irregularis_KU345021, Pantherophis-guttatus, Pantherophis-obsoletus, Pituophis-catenifer, Tantilla-taeniata_KU289863, Ptyas-mucosa, Scolecophis-atrocinctus_KU289804}
You may want to ignore posterior probabilities and other statistics related to the following branch branch because the effective number of genes impacting it is only 16:
	{Sibynophis-bivittatus_KU309608, Calamaria-gervaisii_KU327406, Ahaetulla-prasina_KU323364, Chrysopelea-ornata, Grayia-smythii_KU341872, Boiga-irregularis_KU345021, Pantherophis-guttatus, Pantherophis-obsoletus, Pituophis-catenifer, Tantilla-taeniata_KU289863, Ptyas-mucosa, Scolecophis-atrocinctus_KU289804}
You may want to ignore posterior probabilities and other statistics related to the following branch branch because the effective number of genes impacting it is only 14:
	{Ahaetulla-prasina_KU323364, Chrysopelea-ornata, Grayia-smythii_KU341872, Boiga-irregularis_KU345021, Pantherophis-guttatus, Pantherophis-obsoletus, Pituophis-catenifer, Tantilla-taeniata_KU289863, Ptyas-mucosa, Scolecophis-atrocinctus_KU289804}
You may want to ignore posterior probabilities and other statistics related to the following branch branch because the effective number of genes impacting it is only 11:
	{Ahaetulla-prasina_KU323364, Chrysopelea-ornata}
You may want to ignore posterior probabilities and other statistics related to the following branch branch because the effective number of genes impacting it is only 13:
	{Pantherophis-guttatus, Pantherophis-obsoletus, Pituophis-catenifer}
You may want to ignore posterior probabilities and other statistics related to the following branch branch because the effective number of genes impacting it is only 13:
	{Thermophis-baileyi, Dipsas-indica_KU215336}
You may want to ignore posterior probabilities and other statistics related to the following branch branch because the effective number of genes impacting it is only 8:
	{Thamnophis-sirtalis, Thamnophis-elegans}
You may want to ignore posterior probabilities and other statistics related to the following branch branch because the effective number of genes impacting it is only 15:
	{Sibynophis-bivittatus_KU309608, Calamaria-gervaisii_KU327406, Pseudoxenodon-sp_KU312221, Thermophis-baileyi, Ahaetulla-prasina_KU323364, Chrysopelea-ornata, Grayia-smythii_KU341872, Boiga-irregularis_KU345021, Pantherophis-guttatus, Pantherophis-obsoletus, Pituophis-catenifer, Tantilla-taeniata_KU289863, Ptyas-mucosa, Dipsas-indica_KU215336, Scolecophis-atrocinctus_KU289804}
You may want to ignore posterior probabilities and other statistics related to the following branch branch because the effective number of genes impacting it is only 13:
	{Crotalus-pyrrhus, Crotalus-tigris}
You may want to ignore posterior probabilities and other statistics related to the following branch branch because the effective number of genes impacting it is only 13:
	{Crotalus-pyrrhus, Crotalus-viridis, Crotalus-adamanteus, Crotalus-tigris}
You may want to ignore posterior probabilities and other statistics related to the following branch branch because the effective number of genes impacting it is only 16:
	{Pseudoxenodon-sp_KU312221, Thermophis-baileyi, Dipsas-indica_KU215336}
You may want to ignore posterior probabilities and other statistics related to the following branch branch because the effective number of genes impacting it is only 12:
	{Crotalus-viridis, Crotalus-adamanteus}
You may want to ignore posterior probabilities and other statistics related to the following branch branch because the effective number of genes impacting it is only 14:
	{Crotalus-pyrrhus, Crotalus-viridis, Crotalus-adamanteus, Crotalus-horridus, Crotalus-tigris, Bothrops-jararaca}
You may want to ignore posterior probabilities and other statistics related to the following branch branch because the effective number of genes impacting it is only 13:
	{Crotalus-pyrrhus, Crotalus-viridis, Crotalus-adamanteus, Crotalus-horridus, Crotalus-tigris}
You may want to ignore posterior probabilities and other statistics related to the following branch branch because the effective number of genes impacting it is only 10:
	{Achalinus-spinalis_KU312258, Acrochordus-granulatus_KU302952, Python-molurus, Boa-constrictor}
You may want to ignore posterior probabilities and other statistics related to the following branch branch because the effective number of genes impacting it is only 11:
	{Acrochordus-granulatus_KU302952, Python-molurus, Boa-constrictor}
You may want to ignore posterior probabilities and other statistics related to the following branch branch because the effective number of genes impacting it is only 10:
	{Python-molurus, Boa-constrictor}
You may want to ignore posterior probabilities and other statistics related to the following branch branch because the effective number of genes impacting it is only 13:
	{Crotalus-pyrrhus, Crotalus-viridis, Crotalus-adamanteus, Crotalus-horridus, Crotalus-tigris, Bothrops-jararaca, Protobothrops-mucrosquamatus, Protobothrops-flavoviridis, Vipera-berus}
You may want to ignore posterior probabilities and other statistics related to the following branch branch because the effective number of genes impacting it is only 11:
	{Achalinus-spinalis_KU312258, Acrochordus-granulatus_KU302952, Python-molurus, Boa-constrictor, Aplopeltura-boa_KU315147}
You may want to ignore posterior probabilities and other statistics related to the following branch branch because the effective number of genes impacting it is only 15:
	{Achalinus-spinalis_KU312258, Acrochordus-granulatus_KU302952, Python-molurus, Boa-constrictor, Aplopeltura-boa_KU315147, Crotalus-pyrrhus, Crotalus-viridis, Crotalus-adamanteus, Crotalus-horridus, Crotalus-tigris, Bothrops-jararaca, Protobothrops-mucrosquamatus, Protobothrops-flavoviridis, Vipera-berus}
You may want to ignore posterior probabilities and other statistics related to the following branch branch because the effective number of genes impacting it is only 16:
	{Cerberus-schneiderii_KU324534, Myanophis-thanlyinensis, Achalinus-spinalis_KU312258, Acrochordus-granulatus_KU302952, Python-molurus, Boa-constrictor, Aplopeltura-boa_KU315147, Crotalus-pyrrhus, Crotalus-viridis, Crotalus-adamanteus, Crotalus-horridus, Crotalus-tigris, Bothrops-jararaca, Protobothrops-mucrosquamatus, Protobothrops-flavoviridis, Vipera-berus}
You may want to ignore posterior probabilities and other statistics related to the following branch branch because the effective number of genes impacting it is only 12:
	{Oxyrhabdium-modestum_KU310866, Oxyrhabdium-cfmodestum_KU338101}
You may want to ignore posterior probabilities and other statistics related to the following branch branch because the effective number of genes impacting it is only 19:
	{Sibynophis-bivittatus_KU309608, Calamaria-gervaisii_KU327406, Pseudoxenodon-sp_KU312221, Thamnophis-sirtalis, Thermophis-baileyi, Ahaetulla-prasina_KU323364, Chrysopelea-ornata, Grayia-smythii_KU341872, Boiga-irregularis_KU345021, Pantherophis-guttatus, Pantherophis-obsoletus, Pituophis-catenifer, Tantilla-taeniata_KU289863, Ptyas-mucosa, Cerberus-schneiderii_KU324534, Myanophis-thanlyinensis, Achalinus-spinalis_KU312258, Acrochordus-granulatus_KU302952, Python-molurus, Boa-constrictor, Aplopeltura-boa_KU315147, Crotalus-pyrrhus, Crotalus-viridis, Crotalus-adamanteus, Crotalus-horridus, Crotalus-tigris, Bothrops-jararaca, Protobothrops-mucrosquamatus, Protobothrops-flavoviridis, Dipsas-indica_KU215336, Scolecophis-atrocinctus_KU289804, Vipera-berus, Thamnophis-elegans}
You may want to ignore posterior probabilities and other statistics related to the following branch branch because the effective number of genes impacting it is only 15:
	{Oxyrhabdium-modestum_KU310866, Oxyrhabdium-cfmodestum_KU338101, Oxyrhabdium-leporinum_KU346583}
You may want to ignore posterior probabilities and other statistics related to the following branch branch because the effective number of genes impacting it is only 17:
	{Oxyrhabdium-modestum_KU310866, Oxyrhabdium-cfmodestum_KU338101, Oxyrhabdium-leporinum_KU346583, Levitonius-mirus_KU337269, Myersophis-alpestris_KU308684}
You may want to ignore posterior probabilities and other statistics related to the following branch branch because the effective number of genes impacting it is only 15:
	{Cyclocorus-lineatus_KU335808, Hologerrhum-philippinum_KU330752}
You may want to ignore posterior probabilities and other statistics related to the following branch branch because the effective number of genes impacting it is only 19:
	{Oxyrhabdium-modestum_KU310866, Oxyrhabdium-cfmodestum_KU338101, Oxyrhabdium-leporinum_KU346583, Cyclocorus-lineatus_KU335808, Hologerrhum-philippinum_KU330752, Levitonius-mirus_KU337269, Myersophis-alpestris_KU308684, Sibynophis-bivittatus_KU309608, Calamaria-gervaisii_KU327406, Pseudoxenodon-sp_KU312221, Thamnophis-sirtalis, Thermophis-baileyi, Ahaetulla-prasina_KU323364, Chrysopelea-ornata, Grayia-smythii_KU341872, Boiga-irregularis_KU345021, Pantherophis-guttatus, Pantherophis-obsoletus, Pituophis-catenifer, Tantilla-taeniata_KU289863, Ptyas-mucosa, Cerberus-schneiderii_KU324534, Myanophis-thanlyinensis, Achalinus-spinalis_KU312258, Acrochordus-granulatus_KU302952, Python-molurus, Boa-constrictor, Aplopeltura-boa_KU315147, Crotalus-pyrrhus, Crotalus-viridis, Crotalus-adamanteus, Crotalus-horridus, Crotalus-tigris, Bothrops-jararaca, Protobothrops-mucrosquamatus, Protobothrops-flavoviridis, Dipsas-indica_KU215336, Scolecophis-atrocinctus_KU289804, Vipera-berus, Thamnophis-elegans}
You may want to ignore posterior probabilities and other statistics related to the following branch branch because the effective number of genes impacting it is only 18:
	{Oxyrhabdium-modestum_KU310866, Oxyrhabdium-cfmodestum_KU338101, Oxyrhabdium-leporinum_KU346583, Cyclocorus-lineatus_KU335808, Hologerrhum-philippinum_KU330752, Levitonius-mirus_KU337269, Myersophis-alpestris_KU308684}
You may want to ignore posterior probabilities and other statistics related to the following branch branch because the effective number of genes impacting it is only 13:
	{Protobothrops-mucrosquamatus, Protobothrops-flavoviridis}
You may want to ignore posterior probabilities and other statistics related to the following branch branch because the effective number of genes impacting it is only 15:
	{Sibynophis-bivittatus_KU309608, Calamaria-gervaisii_KU327406, Pseudoxenodon-sp_KU312221, Thamnophis-sirtalis, Thermophis-baileyi, Ahaetulla-prasina_KU323364, Chrysopelea-ornata, Grayia-smythii_KU341872, Boiga-irregularis_KU345021, Pantherophis-guttatus, Pantherophis-obsoletus, Pituophis-catenifer, Tantilla-taeniata_KU289863, Ptyas-mucosa, Dipsas-indica_KU215336, Scolecophis-atrocinctus_KU289804, Thamnophis-elegans}
You may want to ignore posterior probabilities and other statistics related to the following branch branch because the effective number of genes impacting it is only 14:
	{Hydrophis-cyanocinctus, Hydrophis-melanocephalus}
You may want to ignore posterior probabilities and other statistics related to the following branch branch because the effective number of genes impacting it is only 18:
	{Hydrophis-curtus, Hydrophis-hardwickii, Hydrophis-cyanocinctus, Hydrophis-melanocephalus}
You may want to ignore posterior probabilities and other statistics related to the following branch branch because the effective number of genes impacting it is only 14:
	{Crotalus-pyrrhus, Crotalus-viridis, Crotalus-adamanteus, Crotalus-horridus, Crotalus-tigris, Bothrops-jararaca, Protobothrops-mucrosquamatus, Protobothrops-flavoviridis}
You may want to ignore posterior probabilities and other statistics related to the following branch branch because the effective number of genes impacting it is only 18:
	{Hydrophis-curtus, Hydrophis-hardwickii, Hydrophis-cyanocinctus, Hydrophis-melanocephalus, Emydocephalus-ijimae}
You may want to ignore posterior probabilities and other statistics related to the following branch branch because the effective number of genes impacting it is only 15:
	{Notechis-scutatus, Pseudonaja-textilis}
You may want to ignore posterior probabilities and other statistics related to the following branch branch because the effective number of genes impacting it is only 11:
	{Cerberus-schneiderii_KU324534, Myanophis-thanlyinensis}
You may want to ignore posterior probabilities and other statistics related to the following branch branch because the effective number of genes impacting it is only 14:
	{Levitonius-mirus_KU337269, Myersophis-alpestris_KU308684}
You may want to ignore posterior probabilities and other statistics related to the following branch branch because the effective number of genes impacting it is only 17:
	{Hydrophis-curtus, Hydrophis-hardwickii}
You may want to ignore posterior probabilities and other statistics related to the following branch branch because the effective number of genes impacting it is only 18:
	{Hydrophis-curtus, Hydrophis-hardwickii, Hydrophis-cyanocinctus, Hydrophis-melanocephalus, Emydocephalus-ijimae, Notechis-scutatus, Pseudonaja-textilis}
You may want to ignore posterior probabilities and other statistics related to the following branch branch because the effective number of genes impacting it is only 18:
	{Hydrophis-curtus, Hydrophis-hardwickii, Hydrophis-cyanocinctus, Hydrophis-melanocephalus, Emydocephalus-ijimae, Notechis-scutatus, Pseudonaja-textilis, Laticauda-colubrina, Laticauda-laticaudata}
You may want to ignore posterior probabilities and other statistics related to the following branch branch because the effective number of genes impacting it is only 15:
	{Hemibungarus-mcclungi_KU303027, Ophiophagus-hannah}
You may want to ignore posterior probabilities and other statistics related to the following branch branch because the effective number of genes impacting it is only 17:
	{Laticauda-colubrina, Laticauda-laticaudata}
You may want to ignore posterior probabilities and other statistics related to the following branch branch because the effective number of genes impacting it is only 17:
	{Hemibungarus-mcclungi_KU303027, Naja-naja, Ophiophagus-hannah}
You may want to ignore posterior probabilities and other statistics related to the following branch branch because the effective number of genes impacting it is only 16:
	{Hemibungarus-mcclungi_KU303027, Naja-naja, Ophiophagus-hannah, Elapsoidea-sundevallii_MCZR190390, Hydrophis-curtus, Hydrophis-hardwickii, Hydrophis-cyanocinctus, Hydrophis-melanocephalus, Emydocephalus-ijimae, Notechis-scutatus, Pseudonaja-textilis, Laticauda-colubrina, Laticauda-laticaudata}
You may want to ignore posterior probabilities and other statistics related to the following branch branch because the effective number of genes impacting it is only 17:
	{Hemibungarus-mcclungi_KU303027, Naja-naja, Ophiophagus-hannah, Elapsoidea-sundevallii_MCZR190390}
You may want to ignore posterior probabilities and other statistics related to the following branch branch because the effective number of genes impacting it is only 16:
	{Hemibungarus-mcclungi_KU303027, Naja-naja, Ophiophagus-hannah, Elapsoidea-sundevallii_MCZR190390, Hydrophis-curtus, Hydrophis-hardwickii, Hydrophis-cyanocinctus, Hydrophis-melanocephalus, Emydocephalus-ijimae, Notechis-scutatus, Pseudonaja-textilis, Laticauda-colubrina, Laticauda-laticaudata, Micrurus-corallinus_KU289205}
You may want to ignore posterior probabilities and other statistics related to the following branch branch because the effective number of genes impacting it is only 13:
	{Psammodynastes-pulverulentus_KU328547, Psammodynastes-pulverulentus_KU329686}
You may want to ignore posterior probabilities and other statistics related to the following branch branch because the effective number of genes impacting it is only 15:
	{Psammophis-sibilans_RAX2053, Rhamphiophis-oxyrhynchus_KU290451}
You may want to ignore posterior probabilities and other statistics related to the following branch branch because the effective number of genes impacting it is only 18:
	{Oxyrhabdium-modestum_KU310866, Oxyrhabdium-cfmodestum_KU338101, Oxyrhabdium-leporinum_KU346583, Cyclocorus-lineatus_KU335808, Hologerrhum-philippinum_KU330752, Levitonius-mirus_KU337269, Myersophis-alpestris_KU308684, Sibynophis-bivittatus_KU309608, Calamaria-gervaisii_KU327406, Pseudoxenodon-sp_KU312221, Thamnophis-sirtalis, Thermophis-baileyi, Ahaetulla-prasina_KU323364, Chrysopelea-ornata, Grayia-smythii_KU341872, Boiga-irregularis_KU345021, Pantherophis-guttatus, Pantherophis-obsoletus, Pituophis-catenifer, Tantilla-taeniata_KU289863, Ptyas-mucosa, Cerberus-schneiderii_KU324534, Myanophis-thanlyinensis, Achalinus-spinalis_KU312258, Acrochordus-granulatus_KU302952, Python-molurus, Boa-constrictor, Aplopeltura-boa_KU315147, Crotalus-pyrrhus, Crotalus-viridis, Crotalus-adamanteus, Crotalus-horridus, Crotalus-tigris, Bothrops-jararaca, Protobothrops-mucrosquamatus, Protobothrops-flavoviridis, Dipsas-indica_KU215336, Hemibungarus-mcclungi_KU303027, Naja-naja, Ophiophagus-hannah, Elapsoidea-sundevallii_MCZR190390, Hydrophis-curtus, Hydrophis-hardwickii, Hydrophis-cyanocinctus, Hydrophis-melanocephalus, Emydocephalus-ijimae, Notechis-scutatus, Pseudonaja-textilis, Laticauda-colubrina, Laticauda-laticaudata, Micrurus-corallinus_KU289205, Psammodynastes-pulverulentus_KU328547, Psammodynastes-pulverulentus_KU329686, Scolecophis-atrocinctus_KU289804, Vipera-berus, Thamnophis-elegans}
You may want to ignore posterior probabilities and other statistics related to the following branch branch because the effective number of genes impacting it is only 16:
	{Hemibungarus-mcclungi_KU303027, Naja-naja, Ophiophagus-hannah, Elapsoidea-sundevallii_MCZR190390, Hydrophis-curtus, Hydrophis-hardwickii, Hydrophis-cyanocinctus, Hydrophis-melanocephalus, Emydocephalus-ijimae, Notechis-scutatus, Pseudonaja-textilis, Laticauda-colubrina, Laticauda-laticaudata, Micrurus-corallinus_KU289205, Psammodynastes-pulverulentus_KU328547, Psammodynastes-pulverulentus_KU329686}
You may want to ignore posterior probabilities and other statistics related to the following branch branch because the effective number of genes impacting it is only 14:
	{Micrelaps-sp_TauM16738, Oxyrhabdium-modestum_KU310866, Oxyrhabdium-cfmodestum_KU338101, Oxyrhabdium-leporinum_KU346583, Cyclocorus-lineatus_KU335808, Hologerrhum-philippinum_KU330752, Levitonius-mirus_KU337269, Myersophis-alpestris_KU308684, Psammophis-sibilans_RAX2053, Rhamphiophis-oxyrhynchus_KU290451, Sibynophis-bivittatus_KU309608, Calamaria-gervaisii_KU327406, Pseudoxenodon-sp_KU312221, Thamnophis-sirtalis, Thermophis-baileyi, Ahaetulla-prasina_KU323364, Chrysopelea-ornata, Grayia-smythii_KU341872, Boiga-irregularis_KU345021, Pantherophis-guttatus, Pantherophis-obsoletus, Pituophis-catenifer, Tantilla-taeniata_KU289863, Ptyas-mucosa, Cerberus-schneiderii_KU324534, Myanophis-thanlyinensis, Achalinus-spinalis_KU312258, Acrochordus-granulatus_KU302952, Python-molurus, Boa-constrictor, Aplopeltura-boa_KU315147, Crotalus-pyrrhus, Crotalus-viridis, Crotalus-adamanteus, Crotalus-horridus, Crotalus-tigris, Bothrops-jararaca, Protobothrops-mucrosquamatus, Protobothrops-flavoviridis, Dipsas-indica_KU215336, Hemibungarus-mcclungi_KU303027, Naja-naja, Ophiophagus-hannah, Elapsoidea-sundevallii_MCZR190390, Hydrophis-curtus, Hydrophis-hardwickii, Hydrophis-cyanocinctus, Hydrophis-melanocephalus, Emydocephalus-ijimae, Notechis-scutatus, Pseudonaja-textilis, Laticauda-colubrina, Laticauda-laticaudata, Micrurus-corallinus_KU289205, Psammodynastes-pulverulentus_KU328547, Psammodynastes-pulverulentus_KU329686, Scolecophis-atrocinctus_KU289804, Vipera-berus, Thamnophis-elegans}
You may want to ignore posterior probabilities and other statistics related to the following branch branch because the effective number of genes impacting it is only 15:
	{Oxyrhabdium-modestum_KU310866, Oxyrhabdium-cfmodestum_KU338101, Oxyrhabdium-leporinum_KU346583, Cyclocorus-lineatus_KU335808, Hologerrhum-philippinum_KU330752, Levitonius-mirus_KU337269, Myersophis-alpestris_KU308684, Psammophis-sibilans_RAX2053, Rhamphiophis-oxyrhynchus_KU290451, Sibynophis-bivittatus_KU309608, Calamaria-gervaisii_KU327406, Pseudoxenodon-sp_KU312221, Thamnophis-sirtalis, Thermophis-baileyi, Ahaetulla-prasina_KU323364, Chrysopelea-ornata, Grayia-smythii_KU341872, Boiga-irregularis_KU345021, Pantherophis-guttatus, Pantherophis-obsoletus, Pituophis-catenifer, Tantilla-taeniata_KU289863, Ptyas-mucosa, Cerberus-schneiderii_KU324534, Myanophis-thanlyinensis, Achalinus-spinalis_KU312258, Acrochordus-granulatus_KU302952, Python-molurus, Boa-constrictor, Aplopeltura-boa_KU315147, Crotalus-pyrrhus, Crotalus-viridis, Crotalus-adamanteus, Crotalus-horridus, Crotalus-tigris, Bothrops-jararaca, Protobothrops-mucrosquamatus, Protobothrops-flavoviridis, Dipsas-indica_KU215336, Hemibungarus-mcclungi_KU303027, Naja-naja, Ophiophagus-hannah, Elapsoidea-sundevallii_MCZR190390, Hydrophis-curtus, Hydrophis-hardwickii, Hydrophis-cyanocinctus, Hydrophis-melanocephalus, Emydocephalus-ijimae, Notechis-scutatus, Pseudonaja-textilis, Laticauda-colubrina, Laticauda-laticaudata, Micrurus-corallinus_KU289205, Psammodynastes-pulverulentus_KU328547, Psammodynastes-pulverulentus_KU329686, Scolecophis-atrocinctus_KU289804, Vipera-berus, Thamnophis-elegans}
You may want to ignore posterior probabilities and other statistics related to the following branch branch because the effective number of genes impacting it is only 10:
	{Buhoma-depressiceps_CFS1528, Chamaelycus-fasciatus_KU348632, Lamprophis-lineatus_EBG706}
You may want to ignore posterior probabilities and other statistics related to the following branch branch because the effective number of genes impacting it is only 13:
	{Chamaelycus-fasciatus_KU348632, Lamprophis-lineatus_EBG706}
You may want to ignore posterior probabilities and other statistics related to the following branch branch because the effective number of genes impacting it is only 13:
	{Buhoma-depressiceps_CFS1528, Chamaelycus-fasciatus_KU348632, Lamprophis-lineatus_EBG706, Aparallactus-capensis_MCZA28808}
You may want to ignore posterior probabilities and other statistics related to the following branch branch because the effective number of genes impacting it is only 15:
	{Pseudaspis-cana_MCZA27068, Micrelaps-sp_TauM16738, Oxyrhabdium-modestum_KU310866, Oxyrhabdium-cfmodestum_KU338101, Oxyrhabdium-leporinum_KU346583, Cyclocorus-lineatus_KU335808, Hologerrhum-philippinum_KU330752, Levitonius-mirus_KU337269, Myersophis-alpestris_KU308684, Psammophis-sibilans_RAX2053, Rhamphiophis-oxyrhynchus_KU290451, Sibynophis-bivittatus_KU309608, Calamaria-gervaisii_KU327406, Pseudoxenodon-sp_KU312221, Thamnophis-sirtalis, Thermophis-baileyi, Ahaetulla-prasina_KU323364, Chrysopelea-ornata, Grayia-smythii_KU341872, Boiga-irregularis_KU345021, Pantherophis-guttatus, Pantherophis-obsoletus, Pituophis-catenifer, Tantilla-taeniata_KU289863, Ptyas-mucosa, Cerberus-schneiderii_KU324534, Myanophis-thanlyinensis, Achalinus-spinalis_KU312258, Acrochordus-granulatus_KU302952, Python-molurus, Boa-constrictor, Aplopeltura-boa_KU315147, Crotalus-pyrrhus, Crotalus-viridis, Crotalus-adamanteus, Crotalus-horridus, Crotalus-tigris, Bothrops-jararaca, Protobothrops-mucrosquamatus, Protobothrops-flavoviridis, Dipsas-indica_KU215336, Hemibungarus-mcclungi_KU303027, Naja-naja, Ophiophagus-hannah, Elapsoidea-sundevallii_MCZR190390, Hydrophis-curtus, Hydrophis-hardwickii, Hydrophis-cyanocinctus, Hydrophis-melanocephalus, Emydocephalus-ijimae, Notechis-scutatus, Pseudonaja-textilis, Laticauda-colubrina, Laticauda-laticaudata, Micrurus-corallinus_KU289205, Psammodynastes-pulverulentus_KU328547, Psammodynastes-pulverulentus_KU329686, Scolecophis-atrocinctus_KU289804, Vipera-berus, Thamnophis-elegans}
You may want to ignore posterior probabilities and other statistics related to the following branch branch because the effective number of genes impacting it is only 16:
	{Buhoma-depressiceps_CFS1528, Chamaelycus-fasciatus_KU348632, Lamprophis-lineatus_EBG706, Prosymna-visseri_MCZR190223, Aparallactus-capensis_MCZA28808}
(Pseudoxyrhopus-tritaeniatus_KU340969,((Pseudaspis-cana_MCZA27068,(Micrelaps-sp_TauM16738,(((((((Calamaria-gervaisii_KU327406,(Sibynophis-bivittatus_KU309608,(Grayia-smythii_KU341872,(((Ptyas-mucosa,(Pituophis-catenifer,(Pantherophis-guttatus,Pantherophis-obsoletus)0.6:0.13353139262452274)1:2.2335922215070947)0.96:0.47000362924573535,(Boiga-irregularis_KU345021,(Tantilla-taeniata_KU289863,Scolecophis-atrocinctus_KU289804)1:1.0986122886681098)0.53:0.1189856816221439)1:0.8779121963603769,(Ahaetulla-prasina_KU323364,Chrysopelea-ornata)1:1.3862943611198908)0.91:0.3801010735739319)0.91:0.4129205593463615)0.47:0.05265328641213296)0.94:0.3951916532649398,(Pseudoxenodon-sp_KU312221,(Thermophis-baileyi,Dipsas-indica_KU215336)0.49:0.07677424539672557)0.83:0.2887094440059901)0.28:0.0,(Thamnophis-sirtalis,Thamnophis-elegans)1:1.7917594692280545)1:1.3356941556808537,(((Vipera-berus,((Bothrops-jararaca,(Crotalus-horridus,((Crotalus-viridis,Crotalus-adamanteus)0.79:0.2854106175932345,(Crotalus-pyrrhus,Crotalus-tigris)0.94:0.4418327522790392)0.78:0.25259075264051095)1:2.2335922215070947)1:1.6094379124341005,(Protobothrops-mucrosquamatus,Protobothrops-flavoviridis)1:1.5404450409471486)1:1.2039728043259361)1:2.2335922215070947,(Aplopeltura-boa_KU315147,(Achalinus-spinalis_KU312258,(Acrochordus-granulatus_KU302952,(Python-molurus,Boa-constrictor)1:1.3011521435529643)0.99:0.6931471805599453)1:1.9924301646902058)0.8:0.2876820724517809)1:2.367123614131617,(Cerberus-schneiderii_KU324534,Myanophis-thanlyinensis)1:2.0794415416798353)0.26:0.0)1:1.4768530803675248,(((Oxyrhabdium-leporinum_KU346583,(Oxyrhabdium-modestum_KU310866,Oxyrhabdium-cfmodestum_KU338101)0.99:0.7731898882334817)1:2.367123614131617,(Levitonius-mirus_KU337269,Myersophis-alpestris_KU308684)0.58:0.11194913689024692)0.99:0.6110276289415697,(Cyclocorus-lineatus_KU335808,Hologerrhum-philippinum_KU330752)1:1.6739764335716716)1:1.2486148851366288)0.56:0.09480019209442382,((Micrurus-corallinus_KU289205,((((Emydocephalus-ijimae,((Hydrophis-cyanocinctus,Hydrophis-melanocephalus)0.94:0.4307829160924542,(Hydrophis-curtus,Hydrophis-hardwickii)0.96:0.4700036292457356)1:2.538973871058275)1:2.538973871058275,(Notechis-scutatus,Pseudonaja-textilis)0.68:0.17645643734155653)1:1.845826690498331,(Laticauda-colubrina,Laticauda-laticaudata)1:2.484906649788)1:2.538973871058275,(Elapsoidea-sundevallii_MCZR190390,(Naja-naja,(Hemibungarus-mcclungi_KU303027,Ophiophagus-hannah)0.62:0.14293641254066936)0.98:0.5104087466588068)0.81:0.24539393158434356)0.59:0.1520520431703371)1:2.271062277717073,(Psammodynastes-pulverulentus_KU328547,Psammodynastes-pulverulentus_KU329686)1:2.2335922215070947)0.32:0.0)0.79:0.23308618736846354,(Psammophis-sibilans_RAX2053,Rhamphiophis-oxyrhynchus_KU290451)1:1.6763377097573513)0.35:0.10535009439394301)0.42:0.025294076942526295)0.81:0.2580927942661442,(Prosymna-visseri_MCZR190223,(Aparallactus-capensis_MCZA28808,(Buhoma-depressiceps_CFS1528,(Chamaelycus-fasciatus_KU348632,Lamprophis-lineatus_EBG706)1:2.1259615573147297)0.55:0.17906479095259936)0.44:0.08832802853161212)0.29:0.0));
ASTRAL finished in 2.431 secs
Shutting down threading
