

================== ASTRAL ===================== 

This is ASTRAL version 5.15.5
Warning: 
 Fail to load native library libAstral.dylib; use Java default computing method without AVX2, which is 4X slower. 
 Make sure you are using the correct Djava.library.path (to the `lib` directory under ASTRAL where libAstral.dylib can be found). 
 Trying running make.sh. For mode debugging, run: java -Djava.library.path=lib/ -jar native_library_tester.jar
Gene trees are treated as unrooted
Detected GPU devices: 
Device 1 of 2: Apple M1 cl_device_id[0xffffffff] Vendor: Intel
Device 2 of 2: Apple M1 cl_device_id[0x1027f00] Vendor: Apple
Will use Device : Apple M1
Will use Device : Apple M1
Starting 8 threads ...
There are 8 threads used to run.
20 trees read from /dev/fd/11
All output trees will be *arbitrarily* rooted at Pseudoxyrhopus-tritaeniatus_KU340969

======== Running the main analysis
Number of taxa: 66 (66 species)
Taxa: [Pseudoxyrhopus-tritaeniatus_KU340969, Pseudaspis-cana_MCZA27068, Hemibungarus-mcclungi_KU303027, Ophiophagus-hannah, Naja-naja, Micrurus-corallinus_KU289205, Hydrophis-curtus, Hydrophis-hardwickii, Hydrophis-cyanocinctus, Hydrophis-melanocephalus, Emydocephalus-ijimae, Notechis-scutatus, Pseudonaja-textilis, Laticauda-colubrina, Laticauda-laticaudata, Elapsoidea-sundevallii_MCZR190390, Psammophis-sibilans_RAX2053, Rhamphiophis-oxyrhynchus_KU290451, Chamaelycus-fasciatus_KU348632, Lamprophis-lineatus_EBG706, Oxyrhabdium-modestum_KU310866, Levitonius-mirus_KU337269, Cyclocorus-lineatus_KU335808, Hologerrhum-philippinum_KU330752, Myersophis-alpestris_KU308684, Psammodynastes-pulverulentus_KU328547, Psammodynastes-pulverulentus_KU329686, Sibynophis-bivittatus_KU309608, Pseudoxenodon-sp_KU312221, Calamaria-gervaisii_KU327406, Grayia-smythii_KU341872, Scolecophis-atrocinctus_KU289804, Tantilla-taeniata_KU289863, Boiga-irregularis_KU345021, Ptyas-mucosa, Pantherophis-guttatus, Pantherophis-obsoletus, Pituophis-catenifer, Ahaetulla-prasina_KU323364, Chrysopelea-ornata, Thamnophis-sirtalis, Thamnophis-elegans, Thermophis-baileyi, Dipsas-indica_KU215336, Cerberus-schneiderii_KU324534, Myanophis-thanlyinensis, Achalinus-spinalis_KU312258, Acrochordus-granulatus_KU302952, Python-molurus, Boa-constrictor, Aplopeltura-boa_KU315147, Crotalus-pyrrhus, Crotalus-viridis, Crotalus-tigris, Crotalus-adamanteus, Crotalus-horridus, Bothrops-jararaca, Protobothrops-mucrosquamatus, Protobothrops-flavoviridis, Vipera-berus, Aparallactus-capensis_MCZA28808, Prosymna-visseri_MCZR190223, Buhoma-depressiceps_CFS1528, Micrelaps-sp_TauM16738, Oxyrhabdium-cfmodestum_KU338101, Oxyrhabdium-leporinum_KU346583]
Taxon occupancy: {Protobothrops-flavoviridis=18, Hologerrhum-philippinum_KU330752=18, Thamnophis-sirtalis=11, Hydrophis-hardwickii=17, Psammophis-sibilans_RAX2053=11, Crotalus-pyrrhus=16, Elapsoidea-sundevallii_MCZR190390=16, Bothrops-jararaca=11, Notechis-scutatus=20, Levitonius-mirus_KU337269=17, Buhoma-depressiceps_CFS1528=14, Ophiophagus-hannah=18, Calamaria-gervaisii_KU327406=13, Scolecophis-atrocinctus_KU289804=14, Ptyas-mucosa=19, Boiga-irregularis_KU345021=17, Aparallactus-capensis_MCZA28808=13, Myanophis-thanlyinensis=17, Ahaetulla-prasina_KU323364=17, Python-molurus=6, Pseudaspis-cana_MCZA27068=16, Psammodynastes-pulverulentus_KU328547=16, Rhamphiophis-oxyrhynchus_KU290451=15, Crotalus-tigris=16, Pantherophis-obsoletus=17, Protobothrops-mucrosquamatus=18, Vipera-berus=15, Chrysopelea-ornata=17, Thamnophis-elegans=16, Laticauda-laticaudata=18, Myersophis-alpestris_KU308684=18, Oxyrhabdium-leporinum_KU346583=15, Acrochordus-granulatus_KU302952=5, Cyclocorus-lineatus_KU335808=15, Oxyrhabdium-cfmodestum_KU338101=18, Grayia-smythii_KU341872=14, Tantilla-taeniata_KU289863=17, Crotalus-viridis=14, Crotalus-adamanteus=19, Pseudoxyrhopus-tritaeniatus_KU340969=15, Dipsas-indica_KU215336=15, Oxyrhabdium-modestum_KU310866=16, Emydocephalus-ijimae=18, Pantherophis-guttatus=19, Sibynophis-bivittatus_KU309608=17, Aplopeltura-boa_KU315147=13, Thermophis-baileyi=19, Pituophis-catenifer=12, Lamprophis-lineatus_EBG706=16, Hydrophis-curtus=19, Pseudoxenodon-sp_KU312221=15, Hemibungarus-mcclungi_KU303027=14, Pseudonaja-textilis=17, Chamaelycus-fasciatus_KU348632=18, Laticauda-colubrina=18, Crotalus-horridus=16, Micrurus-corallinus_KU289205=13, Boa-constrictor=7, Psammodynastes-pulverulentus_KU329686=13, Hydrophis-melanocephalus=15, Achalinus-spinalis_KU312258=10, Micrelaps-sp_TauM16738=18, Prosymna-visseri_MCZR190223=17, Naja-naja=20, Hydrophis-cyanocinctus=19, Cerberus-schneiderii_KU324534=16}
Using polytree-based weight calculation.
Number of gene trees: 20
20 trees have missing taxa
Calculating distance matrix (for completion of X) ....with 4 distance matrices for parallellism
Species tree distances calculated ...

Will attempt to complete bipartitions from X before adding using a distance matrix.
Building set of clusters (X) from gene trees 
------------------------------
Number of Clusters after addition from gene trees: 853
Number of Clusters after addition by distance: 853
Adding to X using resolutions of greedy consensus ...

Computing greedy consensus  
took 0 seconds
Limit for sigma of degrees:1700

polytomy size limit : > 7
 [3, 4, 4, 5, 7]
discarded polytomies: 
Threshold 0.0:
Threshold 0.01:
Threshold 0.02:
Threshold 0.05:
Threshold 0.1:
polytomy of size 3; rounds with additions with at least 5 support: 0; clusters: 859
Threshold 0.2:
polytomy of size 4; rounds with additions with at least 5 support: 1; clusters: 861
Threshold 0.3333333333333333:
polytomy of size 5; rounds with additions with at least 5 support: 0; clusters: 859
polytomy of size 4; rounds with additions with at least 5 support: 0; clusters: 857
polytomy of size 7; rounds with additions with at least 5 support: 0; clusters: 861
Number of Clusters after addition by greedy: 861
partitions formed in 0.719 secs
Dynamic Programming starting after 0.719 secs
Polytree max score: 6267013
Polytree building time: 0.027 seconds.
Fail to load native library libAstral.dylib; use Java default computing method.
Number of quartet trees in the gene trees: 6267013
Computing hash values took 0 seconds
device length is: 2
TREE HEIGHT IS: 12
Size of largest cluster: 66
Size of largest cluster: 66
Finishing up:871 0 870
Total Number of elements: 870
Normalized score (portion of input quartet trees satisfied before correcting for multiple individuals): 0.8815063890883903
Final optimization score: 5524412
Optimal tree inferred in 1.88 secs.
Weight calculation using polytrees cumulatively took 0.0 secs
(Pseudoxyrhopus-tritaeniatus_KU340969,(Buhoma-depressiceps_CFS1528,(((Pseudaspis-cana_MCZA27068,(Micrelaps-sp_TauM16738,(((((Pseudoxenodon-sp_KU312221,((Grayia-smythii_KU341872,((Boiga-irregularis_KU345021,((Ptyas-mucosa,(Scolecophis-atrocinctus_KU289804,Tantilla-taeniata_KU289863)),(Pituophis-catenifer,(Pantherophis-guttatus,Pantherophis-obsoletus)))),(Ahaetulla-prasina_KU323364,Chrysopelea-ornata))),(Sibynophis-bivittatus_KU309608,Calamaria-gervaisii_KU327406))),((Thamnophis-sirtalis,Thamnophis-elegans),(Thermophis-baileyi,Dipsas-indica_KU215336))),(((Vipera-berus,((Bothrops-jararaca,(Crotalus-horridus,(Crotalus-pyrrhus,(Crotalus-viridis,(Crotalus-tigris,Crotalus-adamanteus))))),(Protobothrops-mucrosquamatus,Protobothrops-flavoviridis))),(Aplopeltura-boa_KU315147,(Achalinus-spinalis_KU312258,(Acrochordus-granulatus_KU302952,(Python-molurus,Boa-constrictor))))),(Cerberus-schneiderii_KU324534,Myanophis-thanlyinensis))),((((Oxyrhabdium-leporinum_KU346583,(Oxyrhabdium-modestum_KU310866,Oxyrhabdium-cfmodestum_KU338101)),(Levitonius-mirus_KU337269,Myersophis-alpestris_KU308684)),(Cyclocorus-lineatus_KU335808,Hologerrhum-philippinum_KU330752)),(Psammodynastes-pulverulentus_KU328547,Psammodynastes-pulverulentus_KU329686))),((((Pseudonaja-textilis,(Notechis-scutatus,(Emydocephalus-ijimae,((Hydrophis-curtus,Hydrophis-hardwickii),(Hydrophis-cyanocinctus,Hydrophis-melanocephalus))))),(Laticauda-colubrina,Laticauda-laticaudata)),(Naja-naja,(Hemibungarus-mcclungi_KU303027,Ophiophagus-hannah))),(Micrurus-corallinus_KU289205,Elapsoidea-sundevallii_MCZR190390))))),(Aparallactus-capensis_MCZA28808,Prosymna-visseri_MCZR190223)),((Psammophis-sibilans_RAX2053,Rhamphiophis-oxyrhynchus_KU290451),(Chamaelycus-fasciatus_KU348632,Lamprophis-lineatus_EBG706)))));
Final quartet score is: 5648091
Final normalized quartet score is: 0.9012413090574409
You may want to ignore posterior probabilities and other statistics related to the following branch branch because the effective number of genes impacting it is only 11:
	{Pantherophis-guttatus, Pantherophis-obsoletus}
You may want to ignore posterior probabilities and other statistics related to the following branch branch because the effective number of genes impacting it is only 15:
	{Ahaetulla-prasina_KU323364, Chrysopelea-ornata}
You may want to ignore posterior probabilities and other statistics related to the following branch branch because the effective number of genes impacting it is only 12:
	{Pantherophis-guttatus, Pantherophis-obsoletus, Pituophis-catenifer}
You may want to ignore posterior probabilities and other statistics related to the following branch branch because the effective number of genes impacting it is only 17:
	{Scolecophis-atrocinctus_KU289804, Tantilla-taeniata_KU289863, Boiga-irregularis_KU345021, Ptyas-mucosa, Pantherophis-guttatus, Pantherophis-obsoletus, Pituophis-catenifer}
You may want to ignore posterior probabilities and other statistics related to the following branch branch because the effective number of genes impacting it is only 16:
	{Scolecophis-atrocinctus_KU289804, Tantilla-taeniata_KU289863, Ptyas-mucosa, Pantherophis-guttatus, Pantherophis-obsoletus, Pituophis-catenifer}
You may want to ignore posterior probabilities and other statistics related to the following branch branch because the effective number of genes impacting it is only 17:
	{Scolecophis-atrocinctus_KU289804, Tantilla-taeniata_KU289863, Ptyas-mucosa}
You may want to ignore posterior probabilities and other statistics related to the following branch branch because the effective number of genes impacting it is only 12:
	{Scolecophis-atrocinctus_KU289804, Tantilla-taeniata_KU289863}
You may want to ignore posterior probabilities and other statistics related to the following branch branch because the effective number of genes impacting it is only 12:
	{Sibynophis-bivittatus_KU309608, Calamaria-gervaisii_KU327406}
You may want to ignore posterior probabilities and other statistics related to the following branch branch because the effective number of genes impacting it is only 13:
	{Grayia-smythii_KU341872, Scolecophis-atrocinctus_KU289804, Tantilla-taeniata_KU289863, Boiga-irregularis_KU345021, Ptyas-mucosa, Pantherophis-guttatus, Pantherophis-obsoletus, Pituophis-catenifer, Ahaetulla-prasina_KU323364, Chrysopelea-ornata}
You may want to ignore posterior probabilities and other statistics related to the following branch branch because the effective number of genes impacting it is only 15:
	{Sibynophis-bivittatus_KU309608, Pseudoxenodon-sp_KU312221, Calamaria-gervaisii_KU327406, Grayia-smythii_KU341872, Scolecophis-atrocinctus_KU289804, Tantilla-taeniata_KU289863, Boiga-irregularis_KU345021, Ptyas-mucosa, Pantherophis-guttatus, Pantherophis-obsoletus, Pituophis-catenifer, Ahaetulla-prasina_KU323364, Chrysopelea-ornata}
You may want to ignore posterior probabilities and other statistics related to the following branch branch because the effective number of genes impacting it is only 18:
	{Thamnophis-sirtalis, Thamnophis-elegans, Thermophis-baileyi, Dipsas-indica_KU215336}
You may want to ignore posterior probabilities and other statistics related to the following branch branch because the effective number of genes impacting it is only 12:
	{Crotalus-viridis, Crotalus-tigris, Crotalus-adamanteus}
You may want to ignore posterior probabilities and other statistics related to the following branch branch because the effective number of genes impacting it is only 9:
	{Thamnophis-sirtalis, Thamnophis-elegans}
You may want to ignore posterior probabilities and other statistics related to the following branch branch because the effective number of genes impacting it is only 14:
	{Crotalus-pyrrhus, Crotalus-viridis, Crotalus-tigris, Crotalus-adamanteus}
You may want to ignore posterior probabilities and other statistics related to the following branch branch because the effective number of genes impacting it is only 10:
	{Crotalus-pyrrhus, Crotalus-viridis, Crotalus-tigris, Crotalus-adamanteus, Crotalus-horridus}
You may want to ignore posterior probabilities and other statistics related to the following branch branch because the effective number of genes impacting it is only 13:
	{Thermophis-baileyi, Dipsas-indica_KU215336}
You may want to ignore posterior probabilities and other statistics related to the following branch branch because the effective number of genes impacting it is only 10:
	{Crotalus-pyrrhus, Crotalus-viridis, Crotalus-tigris, Crotalus-adamanteus, Crotalus-horridus, Bothrops-jararaca}
You may want to ignore posterior probabilities and other statistics related to the following branch branch because the effective number of genes impacting it is only 3:
	{Python-molurus, Boa-constrictor}
You may want to ignore posterior probabilities and other statistics related to the following branch branch because the effective number of genes impacting it is only 17:
	{Protobothrops-mucrosquamatus, Protobothrops-flavoviridis}
You may want to ignore posterior probabilities and other statistics related to the following branch branch because the effective number of genes impacting it is only 14:
	{Crotalus-pyrrhus, Crotalus-viridis, Crotalus-tigris, Crotalus-adamanteus, Crotalus-horridus, Bothrops-jararaca, Protobothrops-mucrosquamatus, Protobothrops-flavoviridis}
You may want to ignore posterior probabilities and other statistics related to the following branch branch because the effective number of genes impacting it is only 4:
	{Acrochordus-granulatus_KU302952, Python-molurus, Boa-constrictor}
You may want to ignore posterior probabilities and other statistics related to the following branch branch because the effective number of genes impacting it is only 6:
	{Achalinus-spinalis_KU312258, Acrochordus-granulatus_KU302952, Python-molurus, Boa-constrictor}
You may want to ignore posterior probabilities and other statistics related to the following branch branch because the effective number of genes impacting it is only 10:
	{Achalinus-spinalis_KU312258, Acrochordus-granulatus_KU302952, Python-molurus, Boa-constrictor, Aplopeltura-boa_KU315147}
You may want to ignore posterior probabilities and other statistics related to the following branch branch because the effective number of genes impacting it is only 15:
	{Achalinus-spinalis_KU312258, Acrochordus-granulatus_KU302952, Python-molurus, Boa-constrictor, Aplopeltura-boa_KU315147, Crotalus-pyrrhus, Crotalus-viridis, Crotalus-tigris, Crotalus-adamanteus, Crotalus-horridus, Bothrops-jararaca, Protobothrops-mucrosquamatus, Protobothrops-flavoviridis, Vipera-berus}
You may want to ignore posterior probabilities and other statistics related to the following branch branch because the effective number of genes impacting it is only 14:
	{Cerberus-schneiderii_KU324534, Myanophis-thanlyinensis}
You may want to ignore posterior probabilities and other statistics related to the following branch branch because the effective number of genes impacting it is only 12:
	{Crotalus-tigris, Crotalus-adamanteus}
You may want to ignore posterior probabilities and other statistics related to the following branch branch because the effective number of genes impacting it is only 14:
	{Scolecophis-atrocinctus_KU289804, Tantilla-taeniata_KU289863, Boiga-irregularis_KU345021, Ptyas-mucosa, Pantherophis-guttatus, Pantherophis-obsoletus, Pituophis-catenifer, Ahaetulla-prasina_KU323364, Chrysopelea-ornata}
You may want to ignore posterior probabilities and other statistics related to the following branch branch because the effective number of genes impacting it is only 19:
	{Cerberus-schneiderii_KU324534, Myanophis-thanlyinensis, Achalinus-spinalis_KU312258, Acrochordus-granulatus_KU302952, Python-molurus, Boa-constrictor, Aplopeltura-boa_KU315147, Crotalus-pyrrhus, Crotalus-viridis, Crotalus-tigris, Crotalus-adamanteus, Crotalus-horridus, Bothrops-jararaca, Protobothrops-mucrosquamatus, Protobothrops-flavoviridis, Vipera-berus}
You may want to ignore posterior probabilities and other statistics related to the following branch branch because the effective number of genes impacting it is only 13:
	{Oxyrhabdium-modestum_KU310866, Oxyrhabdium-cfmodestum_KU338101}
You may want to ignore posterior probabilities and other statistics related to the following branch branch because the effective number of genes impacting it is only 18:
	{Oxyrhabdium-modestum_KU310866, Levitonius-mirus_KU337269, Myersophis-alpestris_KU308684, Oxyrhabdium-cfmodestum_KU338101, Oxyrhabdium-leporinum_KU346583}
You may want to ignore posterior probabilities and other statistics related to the following branch branch because the effective number of genes impacting it is only 14:
	{Cyclocorus-lineatus_KU335808, Hologerrhum-philippinum_KU330752}
You may want to ignore posterior probabilities and other statistics related to the following branch branch because the effective number of genes impacting it is only 19:
	{Oxyrhabdium-modestum_KU310866, Levitonius-mirus_KU337269, Cyclocorus-lineatus_KU335808, Hologerrhum-philippinum_KU330752, Myersophis-alpestris_KU308684, Oxyrhabdium-cfmodestum_KU338101, Oxyrhabdium-leporinum_KU346583}
You may want to ignore posterior probabilities and other statistics related to the following branch branch because the effective number of genes impacting it is only 9:
	{Psammodynastes-pulverulentus_KU328547, Psammodynastes-pulverulentus_KU329686}
You may want to ignore posterior probabilities and other statistics related to the following branch branch because the effective number of genes impacting it is only 14:
	{Sibynophis-bivittatus_KU309608, Calamaria-gervaisii_KU327406, Grayia-smythii_KU341872, Scolecophis-atrocinctus_KU289804, Tantilla-taeniata_KU289863, Boiga-irregularis_KU345021, Ptyas-mucosa, Pantherophis-guttatus, Pantherophis-obsoletus, Pituophis-catenifer, Ahaetulla-prasina_KU323364, Chrysopelea-ornata}
You may want to ignore posterior probabilities and other statistics related to the following branch branch because the effective number of genes impacting it is only 11:
	{Crotalus-pyrrhus, Crotalus-viridis, Crotalus-tigris, Crotalus-adamanteus, Crotalus-horridus, Bothrops-jararaca, Protobothrops-mucrosquamatus, Protobothrops-flavoviridis, Vipera-berus}
You may want to ignore posterior probabilities and other statistics related to the following branch branch because the effective number of genes impacting it is only 19:
	{Oxyrhabdium-modestum_KU310866, Levitonius-mirus_KU337269, Cyclocorus-lineatus_KU335808, Hologerrhum-philippinum_KU330752, Myersophis-alpestris_KU308684, Psammodynastes-pulverulentus_KU328547, Psammodynastes-pulverulentus_KU329686, Oxyrhabdium-cfmodestum_KU338101, Oxyrhabdium-leporinum_KU346583}
You may want to ignore posterior probabilities and other statistics related to the following branch branch because the effective number of genes impacting it is only 14:
	{Oxyrhabdium-modestum_KU310866, Oxyrhabdium-cfmodestum_KU338101, Oxyrhabdium-leporinum_KU346583}
You may want to ignore posterior probabilities and other statistics related to the following branch branch because the effective number of genes impacting it is only 17:
	{Hydrophis-curtus, Hydrophis-hardwickii}
You may want to ignore posterior probabilities and other statistics related to the following branch branch because the effective number of genes impacting it is only 17:
	{Hydrophis-curtus, Hydrophis-hardwickii, Hydrophis-cyanocinctus, Hydrophis-melanocephalus}
You may want to ignore posterior probabilities and other statistics related to the following branch branch because the effective number of genes impacting it is only 17:
	{Hydrophis-curtus, Hydrophis-hardwickii, Hydrophis-cyanocinctus, Hydrophis-melanocephalus, Emydocephalus-ijimae}
You may want to ignore posterior probabilities and other statistics related to the following branch branch because the effective number of genes impacting it is only 17:
	{Hydrophis-curtus, Hydrophis-hardwickii, Hydrophis-cyanocinctus, Hydrophis-melanocephalus, Emydocephalus-ijimae, Notechis-scutatus}
You may want to ignore posterior probabilities and other statistics related to the following branch branch because the effective number of genes impacting it is only 17:
	{Laticauda-colubrina, Laticauda-laticaudata}
You may want to ignore posterior probabilities and other statistics related to the following branch branch because the effective number of genes impacting it is only 16:
	{Hydrophis-curtus, Hydrophis-hardwickii, Hydrophis-cyanocinctus, Hydrophis-melanocephalus, Emydocephalus-ijimae, Notechis-scutatus, Pseudonaja-textilis}
You may want to ignore posterior probabilities and other statistics related to the following branch branch because the effective number of genes impacting it is only 15:
	{Hydrophis-cyanocinctus, Hydrophis-melanocephalus}
You may want to ignore posterior probabilities and other statistics related to the following branch branch because the effective number of genes impacting it is only 17:
	{Levitonius-mirus_KU337269, Myersophis-alpestris_KU308684}
You may want to ignore posterior probabilities and other statistics related to the following branch branch because the effective number of genes impacting it is only 14:
	{Hemibungarus-mcclungi_KU303027, Ophiophagus-hannah}
You may want to ignore posterior probabilities and other statistics related to the following branch branch because the effective number of genes impacting it is only 19:
	{Hemibungarus-mcclungi_KU303027, Ophiophagus-hannah, Naja-naja, Micrurus-corallinus_KU289205, Hydrophis-curtus, Hydrophis-hardwickii, Hydrophis-cyanocinctus, Hydrophis-melanocephalus, Emydocephalus-ijimae, Notechis-scutatus, Pseudonaja-textilis, Laticauda-colubrina, Laticauda-laticaudata, Elapsoidea-sundevallii_MCZR190390}
You may want to ignore posterior probabilities and other statistics related to the following branch branch because the effective number of genes impacting it is only 19:
	{Hemibungarus-mcclungi_KU303027, Ophiophagus-hannah, Naja-naja, Hydrophis-curtus, Hydrophis-hardwickii, Hydrophis-cyanocinctus, Hydrophis-melanocephalus, Emydocephalus-ijimae, Notechis-scutatus, Pseudonaja-textilis, Laticauda-colubrina, Laticauda-laticaudata}
You may want to ignore posterior probabilities and other statistics related to the following branch branch because the effective number of genes impacting it is only 18:
	{Hemibungarus-mcclungi_KU303027, Ophiophagus-hannah, Naja-naja, Micrurus-corallinus_KU289205, Hydrophis-curtus, Hydrophis-hardwickii, Hydrophis-cyanocinctus, Hydrophis-melanocephalus, Emydocephalus-ijimae, Notechis-scutatus, Pseudonaja-textilis, Laticauda-colubrina, Laticauda-laticaudata, Elapsoidea-sundevallii_MCZR190390, Oxyrhabdium-modestum_KU310866, Levitonius-mirus_KU337269, Cyclocorus-lineatus_KU335808, Hologerrhum-philippinum_KU330752, Myersophis-alpestris_KU308684, Psammodynastes-pulverulentus_KU328547, Psammodynastes-pulverulentus_KU329686, Sibynophis-bivittatus_KU309608, Pseudoxenodon-sp_KU312221, Calamaria-gervaisii_KU327406, Grayia-smythii_KU341872, Scolecophis-atrocinctus_KU289804, Tantilla-taeniata_KU289863, Boiga-irregularis_KU345021, Ptyas-mucosa, Pantherophis-guttatus, Pantherophis-obsoletus, Pituophis-catenifer, Ahaetulla-prasina_KU323364, Chrysopelea-ornata, Thamnophis-sirtalis, Thamnophis-elegans, Thermophis-baileyi, Dipsas-indica_KU215336, Cerberus-schneiderii_KU324534, Myanophis-thanlyinensis, Achalinus-spinalis_KU312258, Acrochordus-granulatus_KU302952, Python-molurus, Boa-constrictor, Aplopeltura-boa_KU315147, Crotalus-pyrrhus, Crotalus-viridis, Crotalus-tigris, Crotalus-adamanteus, Crotalus-horridus, Bothrops-jararaca, Protobothrops-mucrosquamatus, Protobothrops-flavoviridis, Vipera-berus, Oxyrhabdium-cfmodestum_KU338101, Oxyrhabdium-leporinum_KU346583}
You may want to ignore posterior probabilities and other statistics related to the following branch branch because the effective number of genes impacting it is only 15:
	{Hemibungarus-mcclungi_KU303027, Ophiophagus-hannah, Naja-naja, Micrurus-corallinus_KU289205, Hydrophis-curtus, Hydrophis-hardwickii, Hydrophis-cyanocinctus, Hydrophis-melanocephalus, Emydocephalus-ijimae, Notechis-scutatus, Pseudonaja-textilis, Laticauda-colubrina, Laticauda-laticaudata, Elapsoidea-sundevallii_MCZR190390, Oxyrhabdium-modestum_KU310866, Levitonius-mirus_KU337269, Cyclocorus-lineatus_KU335808, Hologerrhum-philippinum_KU330752, Myersophis-alpestris_KU308684, Psammodynastes-pulverulentus_KU328547, Psammodynastes-pulverulentus_KU329686, Sibynophis-bivittatus_KU309608, Pseudoxenodon-sp_KU312221, Calamaria-gervaisii_KU327406, Grayia-smythii_KU341872, Scolecophis-atrocinctus_KU289804, Tantilla-taeniata_KU289863, Boiga-irregularis_KU345021, Ptyas-mucosa, Pantherophis-guttatus, Pantherophis-obsoletus, Pituophis-catenifer, Ahaetulla-prasina_KU323364, Chrysopelea-ornata, Thamnophis-sirtalis, Thamnophis-elegans, Thermophis-baileyi, Dipsas-indica_KU215336, Cerberus-schneiderii_KU324534, Myanophis-thanlyinensis, Achalinus-spinalis_KU312258, Acrochordus-granulatus_KU302952, Python-molurus, Boa-constrictor, Aplopeltura-boa_KU315147, Crotalus-pyrrhus, Crotalus-viridis, Crotalus-tigris, Crotalus-adamanteus, Crotalus-horridus, Bothrops-jararaca, Protobothrops-mucrosquamatus, Protobothrops-flavoviridis, Vipera-berus, Micrelaps-sp_TauM16738, Oxyrhabdium-cfmodestum_KU338101, Oxyrhabdium-leporinum_KU346583}
You may want to ignore posterior probabilities and other statistics related to the following branch branch because the effective number of genes impacting it is only 15:
	{Pseudaspis-cana_MCZA27068, Hemibungarus-mcclungi_KU303027, Ophiophagus-hannah, Naja-naja, Micrurus-corallinus_KU289205, Hydrophis-curtus, Hydrophis-hardwickii, Hydrophis-cyanocinctus, Hydrophis-melanocephalus, Emydocephalus-ijimae, Notechis-scutatus, Pseudonaja-textilis, Laticauda-colubrina, Laticauda-laticaudata, Elapsoidea-sundevallii_MCZR190390, Oxyrhabdium-modestum_KU310866, Levitonius-mirus_KU337269, Cyclocorus-lineatus_KU335808, Hologerrhum-philippinum_KU330752, Myersophis-alpestris_KU308684, Psammodynastes-pulverulentus_KU328547, Psammodynastes-pulverulentus_KU329686, Sibynophis-bivittatus_KU309608, Pseudoxenodon-sp_KU312221, Calamaria-gervaisii_KU327406, Grayia-smythii_KU341872, Scolecophis-atrocinctus_KU289804, Tantilla-taeniata_KU289863, Boiga-irregularis_KU345021, Ptyas-mucosa, Pantherophis-guttatus, Pantherophis-obsoletus, Pituophis-catenifer, Ahaetulla-prasina_KU323364, Chrysopelea-ornata, Thamnophis-sirtalis, Thamnophis-elegans, Thermophis-baileyi, Dipsas-indica_KU215336, Cerberus-schneiderii_KU324534, Myanophis-thanlyinensis, Achalinus-spinalis_KU312258, Acrochordus-granulatus_KU302952, Python-molurus, Boa-constrictor, Aplopeltura-boa_KU315147, Crotalus-pyrrhus, Crotalus-viridis, Crotalus-tigris, Crotalus-adamanteus, Crotalus-horridus, Bothrops-jararaca, Protobothrops-mucrosquamatus, Protobothrops-flavoviridis, Vipera-berus, Micrelaps-sp_TauM16738, Oxyrhabdium-cfmodestum_KU338101, Oxyrhabdium-leporinum_KU346583}
You may want to ignore posterior probabilities and other statistics related to the following branch branch because the effective number of genes impacting it is only 12:
	{Aparallactus-capensis_MCZA28808, Prosymna-visseri_MCZR190223}
You may want to ignore posterior probabilities and other statistics related to the following branch branch because the effective number of genes impacting it is only 16:
	{Pseudaspis-cana_MCZA27068, Hemibungarus-mcclungi_KU303027, Ophiophagus-hannah, Naja-naja, Micrurus-corallinus_KU289205, Hydrophis-curtus, Hydrophis-hardwickii, Hydrophis-cyanocinctus, Hydrophis-melanocephalus, Emydocephalus-ijimae, Notechis-scutatus, Pseudonaja-textilis, Laticauda-colubrina, Laticauda-laticaudata, Elapsoidea-sundevallii_MCZR190390, Oxyrhabdium-modestum_KU310866, Levitonius-mirus_KU337269, Cyclocorus-lineatus_KU335808, Hologerrhum-philippinum_KU330752, Myersophis-alpestris_KU308684, Psammodynastes-pulverulentus_KU328547, Psammodynastes-pulverulentus_KU329686, Sibynophis-bivittatus_KU309608, Pseudoxenodon-sp_KU312221, Calamaria-gervaisii_KU327406, Grayia-smythii_KU341872, Scolecophis-atrocinctus_KU289804, Tantilla-taeniata_KU289863, Boiga-irregularis_KU345021, Ptyas-mucosa, Pantherophis-guttatus, Pantherophis-obsoletus, Pituophis-catenifer, Ahaetulla-prasina_KU323364, Chrysopelea-ornata, Thamnophis-sirtalis, Thamnophis-elegans, Thermophis-baileyi, Dipsas-indica_KU215336, Cerberus-schneiderii_KU324534, Myanophis-thanlyinensis, Achalinus-spinalis_KU312258, Acrochordus-granulatus_KU302952, Python-molurus, Boa-constrictor, Aplopeltura-boa_KU315147, Crotalus-pyrrhus, Crotalus-viridis, Crotalus-tigris, Crotalus-adamanteus, Crotalus-horridus, Bothrops-jararaca, Protobothrops-mucrosquamatus, Protobothrops-flavoviridis, Vipera-berus, Aparallactus-capensis_MCZA28808, Prosymna-visseri_MCZR190223, Micrelaps-sp_TauM16738, Oxyrhabdium-cfmodestum_KU338101, Oxyrhabdium-leporinum_KU346583}
You may want to ignore posterior probabilities and other statistics related to the following branch branch because the effective number of genes impacting it is only 10:
	{Psammophis-sibilans_RAX2053, Rhamphiophis-oxyrhynchus_KU290451}
You may want to ignore posterior probabilities and other statistics related to the following branch branch because the effective number of genes impacting it is only 14:
	{Chamaelycus-fasciatus_KU348632, Lamprophis-lineatus_EBG706}
You may want to ignore posterior probabilities and other statistics related to the following branch branch because the effective number of genes impacting it is only 14:
	{Psammophis-sibilans_RAX2053, Rhamphiophis-oxyrhynchus_KU290451, Chamaelycus-fasciatus_KU348632, Lamprophis-lineatus_EBG706}
You may want to ignore posterior probabilities and other statistics related to the following branch branch because the effective number of genes impacting it is only 19:
	{Hydrophis-curtus, Hydrophis-hardwickii, Hydrophis-cyanocinctus, Hydrophis-melanocephalus, Emydocephalus-ijimae, Notechis-scutatus, Pseudonaja-textilis, Laticauda-colubrina, Laticauda-laticaudata}
You may want to ignore posterior probabilities and other statistics related to the following branch branch because the effective number of genes impacting it is only 10:
	{Pseudaspis-cana_MCZA27068, Hemibungarus-mcclungi_KU303027, Ophiophagus-hannah, Naja-naja, Micrurus-corallinus_KU289205, Hydrophis-curtus, Hydrophis-hardwickii, Hydrophis-cyanocinctus, Hydrophis-melanocephalus, Emydocephalus-ijimae, Notechis-scutatus, Pseudonaja-textilis, Laticauda-colubrina, Laticauda-laticaudata, Elapsoidea-sundevallii_MCZR190390, Psammophis-sibilans_RAX2053, Rhamphiophis-oxyrhynchus_KU290451, Chamaelycus-fasciatus_KU348632, Lamprophis-lineatus_EBG706, Oxyrhabdium-modestum_KU310866, Levitonius-mirus_KU337269, Cyclocorus-lineatus_KU335808, Hologerrhum-philippinum_KU330752, Myersophis-alpestris_KU308684, Psammodynastes-pulverulentus_KU328547, Psammodynastes-pulverulentus_KU329686, Sibynophis-bivittatus_KU309608, Pseudoxenodon-sp_KU312221, Calamaria-gervaisii_KU327406, Grayia-smythii_KU341872, Scolecophis-atrocinctus_KU289804, Tantilla-taeniata_KU289863, Boiga-irregularis_KU345021, Ptyas-mucosa, Pantherophis-guttatus, Pantherophis-obsoletus, Pituophis-catenifer, Ahaetulla-prasina_KU323364, Chrysopelea-ornata, Thamnophis-sirtalis, Thamnophis-elegans, Thermophis-baileyi, Dipsas-indica_KU215336, Cerberus-schneiderii_KU324534, Myanophis-thanlyinensis, Achalinus-spinalis_KU312258, Acrochordus-granulatus_KU302952, Python-molurus, Boa-constrictor, Aplopeltura-boa_KU315147, Crotalus-pyrrhus, Crotalus-viridis, Crotalus-tigris, Crotalus-adamanteus, Crotalus-horridus, Bothrops-jararaca, Protobothrops-mucrosquamatus, Protobothrops-flavoviridis, Vipera-berus, Aparallactus-capensis_MCZA28808, Prosymna-visseri_MCZR190223, Micrelaps-sp_TauM16738, Oxyrhabdium-cfmodestum_KU338101, Oxyrhabdium-leporinum_KU346583}
You may want to ignore posterior probabilities and other statistics related to the following branch branch because the effective number of genes impacting it is only 18:
	{Hemibungarus-mcclungi_KU303027, Ophiophagus-hannah, Naja-naja}
You may want to ignore posterior probabilities and other statistics related to the following branch branch because the effective number of genes impacting it is only 10:
	{Micrurus-corallinus_KU289205, Elapsoidea-sundevallii_MCZR190390}
(Pseudoxyrhopus-tritaeniatus_KU340969,(Buhoma-depressiceps_CFS1528,(((Pseudaspis-cana_MCZA27068,(Micrelaps-sp_TauM16738,(((((Pseudoxenodon-sp_KU312221,((Grayia-smythii_KU341872,((Boiga-irregularis_KU345021,((Ptyas-mucosa,(Scolecophis-atrocinctus_KU289804,Tantilla-taeniata_KU289863)1:1.466337068793427)0.39:0.08670185582750732,(Pituophis-catenifer,(Pantherophis-guttatus,Pantherophis-obsoletus)0.99:0.6931471805599453)1:2.159484249353373)0.48:0.06174131651650995)1:1.394558870969784,(Ahaetulla-prasina_KU323364,Chrysopelea-ornata)0.99:0.6668519592432686)1:0.791384721135551)0.44:0.030839690746876015,(Sibynophis-bivittatus_KU309608,Calamaria-gervaisii_KU327406)0.28:0.0)0.87:0.31755374211092363)0.61:0.19205459842191172,((Thamnophis-sirtalis,Thamnophis-elegans)1:1.8971199848858815,(Thermophis-baileyi,Dipsas-indica_KU215336)0.92:0.4104299363878099)0.8:0.22629658788301346)1:1.2480751998233857,(((Vipera-berus,((Bothrops-jararaca,(Crotalus-horridus,(Crotalus-pyrrhus,(Crotalus-viridis,(Crotalus-tigris,Crotalus-adamanteus)0.51:0.08152853284086797)0.8:0.28448206972111006)0.89:0.35667494393873245)1:1.9924301646902058)1:1.9924301646902058,(Protobothrops-mucrosquamatus,Protobothrops-flavoviridis)1:2.484906649788)1:2.302585092994046)1:2.0794415416798353,(Aplopeltura-boa_KU315147,(Achalinus-spinalis_KU312258,(Acrochordus-granulatus_KU302952,(Python-molurus,Boa-constrictor)0.95:0.9808292530117262)0.84:0.5108256237659905)1:1.5404450409471486)0.99:0.8938178760220965)1:1.9432426717871516,(Cerberus-schneiderii_KU324534,Myanophis-thanlyinensis)1:2.302585092994046)0.87:0.28894549649855295)1:1.179440487236394,((((Oxyrhabdium-leporinum_KU346583,(Oxyrhabdium-modestum_KU310866,Oxyrhabdium-cfmodestum_KU338101)1:0.8472978603872037)1:2.302585092994046,(Levitonius-mirus_KU337269,Myersophis-alpestris_KU308684)0.68:0.1817457367882318)1:0.9808292530117262,(Cyclocorus-lineatus_KU335808,Hologerrhum-philippinum_KU330752)1:1.2909841813155656)1:1.5665900334884326,(Psammodynastes-pulverulentus_KU328547,Psammodynastes-pulverulentus_KU329686)1:1.8971199848858815)0.85:0.25904553852019974)0.64:0.12906743236024854,((((Pseudonaja-textilis,(Notechis-scutatus,(Emydocephalus-ijimae,((Hydrophis-curtus,Hydrophis-hardwickii)1:0.8754687373538999,(Hydrophis-cyanocinctus,Hydrophis-melanocephalus)1:1.2685113254635072)1:2.484906649788)1:2.484906649788)0.83:0.2876820724517809)1:2.4277482359480516,(Laticauda-colubrina,Laticauda-laticaudata)1:2.484906649788)1:2.590267165445826,(Naja-naja,(Hemibungarus-mcclungi_KU303027,Ophiophagus-hannah)0.76:0.2231435513142097)1:0.8245812490731109)0.28:0.0,(Micrurus-corallinus_KU289205,Elapsoidea-sundevallii_MCZR190390)0.38:0.009341012393138736)1:2.590267165445826)0.94:0.3728193275909397)0.73:0.19717957987911308)0.32:0.0,(Aparallactus-capensis_MCZA28808,Prosymna-visseri_MCZR190223)0.54:0.09914359766620998)0.44:0.04624784608588076,((Psammophis-sibilans_RAX2053,Rhamphiophis-oxyrhynchus_KU290451)1:1.9924301646902058,(Chamaelycus-fasciatus_KU348632,Lamprophis-lineatus_EBG706)1:1.5279448781829168)0.55:0.1629834909438072)0.64:0.1718665934785375));
ASTRAL finished in 2.2 secs
Shutting down threading
