

================== ASTRAL ===================== 

This is ASTRAL version 5.15.5
Warning: 
 Fail to load native library libAstral.dylib; use Java default computing method without AVX2, which is 4X slower. 
 Make sure you are using the correct Djava.library.path (to the `lib` directory under ASTRAL where libAstral.dylib can be found). 
 Trying running make.sh. For mode debugging, run: java -Djava.library.path=lib/ -jar native_library_tester.jar
Gene trees are treated as unrooted
Detected GPU devices: 
Device 1 of 2: Apple M1 cl_device_id[0xffffffff] Vendor: Intel
Device 2 of 2: Apple M1 cl_device_id[0x1027f00] Vendor: Apple
Will use Device : Apple M1
Will use Device : Apple M1
Starting 8 threads ...
There are 8 threads used to run.
144 trees read from /dev/fd/11
All output trees will be *arbitrarily* rooted at Pseudoxyrhopus-tritaeniatus_KU340969

======== Running the main analysis
Number of taxa: 66 (66 species)
Taxa: [Pseudoxyrhopus-tritaeniatus_KU340969, Pseudaspis-cana_MCZA27068, Aparallactus-capensis_MCZA28808, Buhoma-depressiceps_CFS1528, Chamaelycus-fasciatus_KU348632, Lamprophis-lineatus_EBG706, Oxyrhabdium-modestum_KU310866, Oxyrhabdium-cfmodestum_KU338101, Oxyrhabdium-leporinum_KU346583, Cyclocorus-lineatus_KU335808, Hologerrhum-philippinum_KU330752, Levitonius-mirus_KU337269, Myersophis-alpestris_KU308684, Sibynophis-bivittatus_KU309608, Calamaria-gervaisii_KU327406, Ahaetulla-prasina_KU323364, Chrysopelea-ornata, Scolecophis-atrocinctus_KU289804, Tantilla-taeniata_KU289863, Pantherophis-guttatus, Pituophis-catenifer, Pantherophis-obsoletus, Ptyas-mucosa, Boiga-irregularis_KU345021, Grayia-smythii_KU341872, Pseudoxenodon-sp_KU312221, Dipsas-indica_KU215336, Thermophis-baileyi, Thamnophis-sirtalis, Thamnophis-elegans, Achalinus-spinalis_KU312258, Acrochordus-granulatus_KU302952, Python-molurus, Boa-constrictor, Aplopeltura-boa_KU315147, Crotalus-pyrrhus, Crotalus-tigris, Crotalus-viridis, Crotalus-adamanteus, Crotalus-horridus, Bothrops-jararaca, Protobothrops-mucrosquamatus, Protobothrops-flavoviridis, Vipera-berus, Cerberus-schneiderii_KU324534, Myanophis-thanlyinensis, Psammodynastes-pulverulentus_KU328547, Psammodynastes-pulverulentus_KU329686, Micrelaps-sp_TauM16738, Psammophis-sibilans_RAX2053, Rhamphiophis-oxyrhynchus_KU290451, Prosymna-visseri_MCZR190223, Hemibungarus-mcclungi_KU303027, Elapsoidea-sundevallii_MCZR190390, Hydrophis-curtus, Hydrophis-cyanocinctus, Hydrophis-melanocephalus, Hydrophis-hardwickii, Emydocephalus-ijimae, Notechis-scutatus, Pseudonaja-textilis, Laticauda-colubrina, Laticauda-laticaudata, Ophiophagus-hannah, Naja-naja, Micrurus-corallinus_KU289205]
Taxon occupancy: {Protobothrops-flavoviridis=133, Hologerrhum-philippinum_KU330752=137, Thamnophis-sirtalis=125, Hydrophis-hardwickii=134, Psammophis-sibilans_RAX2053=130, Crotalus-pyrrhus=130, Bothrops-jararaca=120, Elapsoidea-sundevallii_MCZR190390=132, Notechis-scutatus=134, Levitonius-mirus_KU337269=129, Buhoma-depressiceps_CFS1528=117, Ophiophagus-hannah=130, Calamaria-gervaisii_KU327406=129, Scolecophis-atrocinctus_KU289804=129, Ptyas-mucosa=137, Boiga-irregularis_KU345021=130, Aparallactus-capensis_MCZA28808=123, Myanophis-thanlyinensis=130, Ahaetulla-prasina_KU323364=131, Python-molurus=122, Pseudaspis-cana_MCZA27068=131, Psammodynastes-pulverulentus_KU328547=127, Crotalus-tigris=130, Rhamphiophis-oxyrhynchus_KU290451=127, Pantherophis-obsoletus=136, Protobothrops-mucrosquamatus=131, Vipera-berus=129, Chrysopelea-ornata=119, Thamnophis-elegans=132, Laticauda-laticaudata=135, Myersophis-alpestris_KU308684=133, Oxyrhabdium-leporinum_KU346583=138, Acrochordus-granulatus_KU302952=122, Cyclocorus-lineatus_KU335808=136, Oxyrhabdium-cfmodestum_KU338101=133, Tantilla-taeniata_KU289863=126, Grayia-smythii_KU341872=130, Crotalus-viridis=124, Crotalus-adamanteus=133, Pseudoxyrhopus-tritaeniatus_KU340969=130, Dipsas-indica_KU215336=126, Oxyrhabdium-modestum_KU310866=131, Emydocephalus-ijimae=134, Pantherophis-guttatus=133, Sibynophis-bivittatus_KU309608=132, Aplopeltura-boa_KU315147=118, Thermophis-baileyi=136, Pituophis-catenifer=128, Lamprophis-lineatus_EBG706=130, Hydrophis-curtus=139, Pseudoxenodon-sp_KU312221=133, Chamaelycus-fasciatus_KU348632=131, Hemibungarus-mcclungi_KU303027=132, Pseudonaja-textilis=134, Laticauda-colubrina=132, Crotalus-horridus=131, Boa-constrictor=116, Micrurus-corallinus_KU289205=130, Psammodynastes-pulverulentus_KU329686=123, Achalinus-spinalis_KU312258=115, Hydrophis-melanocephalus=130, Micrelaps-sp_TauM16738=131, Prosymna-visseri_MCZR190223=129, Naja-naja=144, Hydrophis-cyanocinctus=139, Cerberus-schneiderii_KU324534=130}
Using polytree-based weight calculation.
Number of gene trees: 144
102 trees have missing taxa
Calculating distance matrix (for completion of X) ....with 4 distance matrices for parallellism
Species tree distances calculated ...

Will attempt to complete bipartitions from X before adding using a distance matrix.
Building set of clusters (X) from gene trees 
------------------------------
Number of Clusters after addition from gene trees: 3711
Number of Clusters after addition by distance: 3711
Adding to X using resolutions of greedy consensus ...

Computing greedy consensus  
took 0 seconds
Limit for sigma of degrees:1700

polytomy size limit : > 11
 [3, 3, 3, 3, 3, 4, 4, 4, 4, 4, 4, 5, 11, 11]
discarded polytomies: 
Threshold 0.0:
Threshold 0.01:
Threshold 0.02:
Threshold 0.05:
polytomy of size 4; rounds with additions with at least 5 support: 0; clusters: 3713
Threshold 0.1:
polytomy of size 5; rounds with additions with at least 5 support: 0; clusters: 3713
Threshold 0.2:
polytomy of size 3; rounds with additions with at least 5 support: 0; clusters: 3713
polytomy of size 4; rounds with additions with at least 5 support: 0; clusters: 3713
polytomy of size 3; rounds with additions with at least 5 support: 0; clusters: 3713
polytomy of size 11; rounds with additions with at least 5 support: 0; clusters: 3713
Threshold 0.3333333333333333:
polytomy of size 4; rounds with additions with at least 5 support: 0; clusters: 3713
polytomy of size 3; rounds with additions with at least 5 support: 0; clusters: 3713
polytomy of size 4; rounds with additions with at least 5 support: 0; clusters: 3713
polytomy of size 3; rounds with additions with at least 5 support: 0; clusters: 3713
polytomy of size 4; rounds with additions with at least 5 support: 0; clusters: 3713
polytomy of size 4; rounds with additions with at least 5 support: 0; clusters: 3713
polytomy of size 3; rounds with additions with at least 5 support: 0; clusters: 3713
polytomy of size 11; rounds with additions with at least 5 support: 0; clusters: 3713
Number of Clusters after addition by greedy: 3713
partitions formed in 1.689 secs
Dynamic Programming starting after 1.689 secs
Polytree max score: 76817393
Polytree building time: 0.048 seconds.
Fail to load native library libAstral.dylib; use Java default computing method.
Number of quartet trees in the gene trees: 76817393
Computing hash values took 0 seconds
device length is: 2
TREE HEIGHT IS: 15
Size of largest cluster: 66
Size of largest cluster: 66
Finishing up:7868 0 7867
Total Number of elements: 7867
Normalized score (portion of input quartet trees satisfied before correcting for multiple individuals): 0.8504751651751576
Final optimization score: 65331285
Optimal tree inferred in 3.069 secs.
Weight calculation using polytrees cumulatively took 0.0 secs
(Pseudoxyrhopus-tritaeniatus_KU340969,((Micrelaps-sp_TauM16738,((((((Sibynophis-bivittatus_KU309608,(Calamaria-gervaisii_KU327406,(Grayia-smythii_KU341872,((Boiga-irregularis_KU345021,((Ptyas-mucosa,(Pituophis-catenifer,(Pantherophis-guttatus,Pantherophis-obsoletus))),(Scolecophis-atrocinctus_KU289804,Tantilla-taeniata_KU289863))),(Ahaetulla-prasina_KU323364,Chrysopelea-ornata))))),((Thamnophis-sirtalis,Thamnophis-elegans),(Pseudoxenodon-sp_KU312221,(Dipsas-indica_KU215336,Thermophis-baileyi)))),(((Vipera-berus,((Bothrops-jararaca,(Crotalus-horridus,(Crotalus-adamanteus,(Crotalus-pyrrhus,(Crotalus-tigris,Crotalus-viridis))))),(Protobothrops-mucrosquamatus,Protobothrops-flavoviridis))),(Aplopeltura-boa_KU315147,(Achalinus-spinalis_KU312258,(Acrochordus-granulatus_KU302952,(Python-molurus,Boa-constrictor))))),(Cerberus-schneiderii_KU324534,Myanophis-thanlyinensis))),(((Levitonius-mirus_KU337269,Myersophis-alpestris_KU308684),(Oxyrhabdium-modestum_KU310866,(Oxyrhabdium-cfmodestum_KU338101,Oxyrhabdium-leporinum_KU346583))),(Cyclocorus-lineatus_KU335808,Hologerrhum-philippinum_KU330752))),(Psammodynastes-pulverulentus_KU328547,Psammodynastes-pulverulentus_KU329686)),(Micrurus-corallinus_KU289205,((Elapsoidea-sundevallii_MCZR190390,((Pseudonaja-textilis,(Notechis-scutatus,(Emydocephalus-ijimae,((Hydrophis-cyanocinctus,Hydrophis-melanocephalus),(Hydrophis-curtus,Hydrophis-hardwickii))))),(Laticauda-colubrina,Laticauda-laticaudata))),(Hemibungarus-mcclungi_KU303027,(Ophiophagus-hannah,Naja-naja)))))),(Buhoma-depressiceps_CFS1528,(Prosymna-visseri_MCZR190223,((Pseudaspis-cana_MCZA27068,(Aparallactus-capensis_MCZA28808,(Psammophis-sibilans_RAX2053,Rhamphiophis-oxyrhynchus_KU290451))),(Chamaelycus-fasciatus_KU348632,Lamprophis-lineatus_EBG706))))));
Final quartet score is: 62983777
Final normalized quartet score is: 0.8199155756301181
(Pseudoxyrhopus-tritaeniatus_KU340969,((Micrelaps-sp_TauM16738,((((((Sibynophis-bivittatus_KU309608,(Calamaria-gervaisii_KU327406,(Grayia-smythii_KU341872,((Boiga-irregularis_KU345021,((Ptyas-mucosa,(Pituophis-catenifer,(Pantherophis-guttatus,Pantherophis-obsoletus)1:0.31901465871499446)1:2.0178403983198074)0.99:0.2004361971219002,(Scolecophis-atrocinctus_KU289804,Tantilla-taeniata_KU289863)1:1.2520187220006287)0.98:0.17913844540884363)1:1.4811302681977963,(Ahaetulla-prasina_KU323364,Chrysopelea-ornata)1:1.1851106816764194)1:0.3386033353433194)0.85:0.10571775038740212)0.51:0.03244426974689185)1:0.682406774615686,((Thamnophis-sirtalis,Thamnophis-elegans)1:3.515486528064285,(Pseudoxenodon-sp_KU312221,(Dipsas-indica_KU215336,Thermophis-baileyi)1:0.40159758097149945)0.86:0.10534458848050246)0.41:0.017172851268501533)1:1.3296899761680536,(((Vipera-berus,((Bothrops-jararaca,(Crotalus-horridus,(Crotalus-adamanteus,(Crotalus-pyrrhus,(Crotalus-tigris,Crotalus-viridis)0.51:0.06023380913816985)0.72:0.08977263046177007)1:1.2011591434340156)1:2.405124732310231)1:1.2481105064277254,(Protobothrops-mucrosquamatus,Protobothrops-flavoviridis)1:1.781595497022879)1:1.565773645211041)1:3.1249451902648895,(Aplopeltura-boa_KU315147,(Achalinus-spinalis_KU312258,(Acrochordus-granulatus_KU302952,(Python-molurus,Boa-constrictor)1:2.149822338441636)1:1.2130760364414526)1:2.8459882552014837)1:0.6769527023018707)1:2.074802596508237,(Cerberus-schneiderii_KU324534,Myanophis-thanlyinensis)1:2.4362909500433094)0.81:0.10311000268039017)1:1.6757269361207885,(((Levitonius-mirus_KU337269,Myersophis-alpestris_KU308684)0.57:0.04416455201053579,(Oxyrhabdium-modestum_KU310866,(Oxyrhabdium-cfmodestum_KU338101,Oxyrhabdium-leporinum_KU346583)0.93:0.15994521353559468)1:3.361406517843482)1:0.401198000186286,(Cyclocorus-lineatus_KU335808,Hologerrhum-philippinum_KU330752)1:1.3433557467991684)1:1.6982161908576876)0.36:0.052000215235093745,(Psammodynastes-pulverulentus_KU328547,Psammodynastes-pulverulentus_KU329686)1:3.0689737166680446)0.68:0.06110572660885064,(Micrurus-corallinus_KU289205,((Elapsoidea-sundevallii_MCZR190390,((Pseudonaja-textilis,(Notechis-scutatus,(Emydocephalus-ijimae,((Hydrophis-cyanocinctus,Hydrophis-melanocephalus)1:0.9001995186116172,(Hydrophis-curtus,Hydrophis-hardwickii)1:0.5126930379407861)1:3.394682700640969)1:2.0143860048785163)0.99:0.18405977258116943)1:1.993348433372549,(Laticauda-colubrina,Laticauda-laticaudata)1:3.7612001156935606)1:3.3474950964784456)1:0.2622796125141814,(Hemibungarus-mcclungi_KU303027,(Ophiophagus-hannah,Naja-naja)0.98:0.17209682678852606)1:0.4347660345625863)0.77:0.08052123359867296)1:2.1203232827809835)1:0.2498813666208875)0.99:0.18365440447846948,(Buhoma-depressiceps_CFS1528,(Prosymna-visseri_MCZR190223,((Pseudaspis-cana_MCZA27068,(Aparallactus-capensis_MCZA28808,(Psammophis-sibilans_RAX2053,Rhamphiophis-oxyrhynchus_KU290451)1:2.3541543679979684)0.57:0.04628355528938771)0.32:0.005905843985970278,(Chamaelycus-fasciatus_KU348632,Lamprophis-lineatus_EBG706)1:1.257940433105119)0.38:0.00792403636791687)0.53:0.04177204143175199)0.61:0.06883461489030719));
ASTRAL finished in 3.775 secs
Shutting down threading
