

================== ASTRAL ===================== 

This is ASTRAL version 5.15.5
Warning: 
 Fail to load native library libAstral.dylib; use Java default computing method without AVX2, which is 4X slower. 
 Make sure you are using the correct Djava.library.path (to the `lib` directory under ASTRAL where libAstral.dylib can be found). 
 Trying running make.sh. For mode debugging, run: java -Djava.library.path=lib/ -jar native_library_tester.jar
Gene trees are treated as unrooted
Detected GPU devices: 
Device 1 of 2: Apple M1 cl_device_id[0xffffffff] Vendor: Intel
Device 2 of 2: Apple M1 cl_device_id[0x1027f00] Vendor: Apple
Will use Device : Apple M1
Will use Device : Apple M1
Starting 8 threads ...
There are 8 threads used to run.
82 trees read from /dev/fd/11
All output trees will be *arbitrarily* rooted at Pseudoxyrhopus-tritaeniatus_KU340969

======== Running the main analysis
Number of taxa: 66 (66 species)
Taxa: [Pseudoxyrhopus-tritaeniatus_KU340969, Pseudaspis-cana_MCZA27068, Psammodynastes-pulverulentus_KU328547, Psammodynastes-pulverulentus_KU329686, Prosymna-visseri_MCZR190223, Psammophis-sibilans_RAX2053, Rhamphiophis-oxyrhynchus_KU290451, Chamaelycus-fasciatus_KU348632, Lamprophis-lineatus_EBG706, Micrurus-corallinus_KU289205, Elapsoidea-sundevallii_MCZR190390, Laticauda-colubrina, Laticauda-laticaudata, Hydrophis-curtus, Hydrophis-hardwickii, Hydrophis-cyanocinctus, Hydrophis-melanocephalus, Emydocephalus-ijimae, Pseudonaja-textilis, Notechis-scutatus, Naja-naja, Micrelaps-sp_TauM16738, Oxyrhabdium-modestum_KU310866, Oxyrhabdium-leporinum_KU346583, Achalinus-spinalis_KU312258, Acrochordus-granulatus_KU302952, Python-molurus, Crotalus-pyrrhus, Crotalus-viridis, Crotalus-tigris, Crotalus-adamanteus, Crotalus-horridus, Protobothrops-mucrosquamatus, Bothrops-jararaca, Vipera-berus, Aplopeltura-boa_KU315147, Sibynophis-bivittatus_KU309608, Ahaetulla-prasina_KU323364, Scolecophis-atrocinctus_KU289804, Tantilla-taeniata_KU289863, Boiga-irregularis_KU345021, Pantherophis-guttatus, Pantherophis-obsoletus, Pituophis-catenifer, Chrysopelea-ornata, Ptyas-mucosa, Grayia-smythii_KU341872, Calamaria-gervaisii_KU327406, Pseudoxenodon-sp_KU312221, Dipsas-indica_KU215336, Thamnophis-elegans, Thermophis-baileyi, Cerberus-schneiderii_KU324534, Myanophis-thanlyinensis, Levitonius-mirus_KU337269, Myersophis-alpestris_KU308684, Cyclocorus-lineatus_KU335808, Hologerrhum-philippinum_KU330752, Oxyrhabdium-cfmodestum_KU338101, Hemibungarus-mcclungi_KU303027, Aparallactus-capensis_MCZA28808, Buhoma-depressiceps_CFS1528, Ophiophagus-hannah, Protobothrops-flavoviridis, Thamnophis-sirtalis, Boa-constrictor]
Taxon occupancy: {Protobothrops-flavoviridis=72, Hologerrhum-philippinum_KU330752=77, Thamnophis-sirtalis=73, Hydrophis-hardwickii=68, Psammophis-sibilans_RAX2053=73, Crotalus-pyrrhus=72, Elapsoidea-sundevallii_MCZR190390=77, Bothrops-jararaca=65, Notechis-scutatus=70, Levitonius-mirus_KU337269=73, Buhoma-depressiceps_CFS1528=60, Ophiophagus-hannah=78, Scolecophis-atrocinctus_KU289804=73, Ptyas-mucosa=77, Calamaria-gervaisii_KU327406=69, Boiga-irregularis_KU345021=74, Aparallactus-capensis_MCZA28808=65, Myanophis-thanlyinensis=68, Python-molurus=62, Ahaetulla-prasina_KU323364=70, Pseudaspis-cana_MCZA27068=72, Psammodynastes-pulverulentus_KU328547=73, Rhamphiophis-oxyrhynchus_KU290451=68, Crotalus-tigris=71, Protobothrops-mucrosquamatus=74, Vipera-berus=66, Pantherophis-obsoletus=76, Chrysopelea-ornata=73, Thamnophis-elegans=75, Laticauda-laticaudata=71, Myersophis-alpestris_KU308684=75, Oxyrhabdium-leporinum_KU346583=74, Acrochordus-granulatus_KU302952=61, Cyclocorus-lineatus_KU335808=76, Oxyrhabdium-cfmodestum_KU338101=74, Tantilla-taeniata_KU289863=73, Grayia-smythii_KU341872=77, Crotalus-viridis=73, Crotalus-adamanteus=68, Pseudoxyrhopus-tritaeniatus_KU340969=71, Dipsas-indica_KU215336=75, Oxyrhabdium-modestum_KU310866=79, Emydocephalus-ijimae=72, Pantherophis-guttatus=78, Aplopeltura-boa_KU315147=69, Sibynophis-bivittatus_KU309608=76, Thermophis-baileyi=75, Pituophis-catenifer=60, Lamprophis-lineatus_EBG706=76, Hydrophis-curtus=68, Pseudoxenodon-sp_KU312221=81, Chamaelycus-fasciatus_KU348632=71, Pseudonaja-textilis=68, Hemibungarus-mcclungi_KU303027=79, Laticauda-colubrina=70, Crotalus-horridus=68, Micrurus-corallinus_KU289205=73, Boa-constrictor=66, Psammodynastes-pulverulentus_KU329686=77, Hydrophis-melanocephalus=66, Achalinus-spinalis_KU312258=63, Micrelaps-sp_TauM16738=67, Prosymna-visseri_MCZR190223=67, Naja-naja=82, Hydrophis-cyanocinctus=66, Cerberus-schneiderii_KU324534=71}
Using polytree-based weight calculation.
Number of gene trees: 82
73 trees have missing taxa
Calculating distance matrix (for completion of X) ....with 4 distance matrices for parallellism
Species tree distances calculated ...

Will attempt to complete bipartitions from X before adding using a distance matrix.
Building set of clusters (X) from gene trees 
------------------------------
Number of Clusters after addition from gene trees: 2327
Number of Clusters after addition by distance: 2327
Adding to X using resolutions of greedy consensus ...

Computing greedy consensus  
took 0 seconds
Limit for sigma of degrees:1700

polytomy size limit : > 11
 [3, 3, 3, 3, 3, 3, 3, 3, 3, 4, 4, 4, 8, 11]
discarded polytomies: 
Threshold 0.0:
Threshold 0.01:
Threshold 0.02:
Threshold 0.05:
polytomy of size 3; rounds with additions with at least 5 support: 0; clusters: 2335
Threshold 0.1:
polytomy of size 3; rounds with additions with at least 5 support: 0; clusters: 2335
polytomy of size 4; rounds with additions with at least 5 support: 2; clusters: 2335
Threshold 0.2:
polytomy of size 3; rounds with additions with at least 5 support: 0; clusters: 2335
polytomy of size 3; rounds with additions with at least 5 support: 0; clusters: 2335
polytomy of size 8; rounds with additions with at least 5 support: 0; clusters: 2335
Threshold 0.3333333333333333:
polytomy of size 3; rounds with additions with at least 5 support: 0; clusters: 2335
polytomy of size 3; rounds with additions with at least 5 support: 0; clusters: 2335
polytomy of size 3; rounds with additions with at least 5 support: 0; clusters: 2335
polytomy of size 3; rounds with additions with at least 5 support: 0; clusters: 2335
polytomy of size 4; rounds with additions with at least 5 support: 0; clusters: 2335
polytomy of size 4; rounds with additions with at least 5 support: 0; clusters: 2335
polytomy of size 3; rounds with additions with at least 5 support: 0; clusters: 2335
polytomy of size 11; rounds with additions with at least 5 support: 0; clusters: 2335
Number of Clusters after addition by greedy: 2335
partitions formed in 1.34 secs
Dynamic Programming starting after 1.34 secs
Polytree max score: 38408274
Polytree building time: 0.034 seconds.
Fail to load native library libAstral.dylib; use Java default computing method.
Number of quartet trees in the gene trees: 38408274
Computing hash values took 0 seconds
device length is: 2
TREE HEIGHT IS: 13
Size of largest cluster: 66
Size of largest cluster: 66
Finishing up:4021 0 4020
Total Number of elements: 4020
Normalized score (portion of input quartet trees satisfied before correcting for multiple individuals): 0.8709854548527747
Final optimization score: 33453048
Optimal tree inferred in 2.574 secs.
Weight calculation using polytrees cumulatively took 0.0 secs
(Pseudoxyrhopus-tritaeniatus_KU340969,(Aparallactus-capensis_MCZA28808,((Micrelaps-sp_TauM16738,((((((Sibynophis-bivittatus_KU309608,(Grayia-smythii_KU341872,(Calamaria-gervaisii_KU327406,(((Boiga-irregularis_KU345021,(Ptyas-mucosa,(Scolecophis-atrocinctus_KU289804,Tantilla-taeniata_KU289863))),(Pituophis-catenifer,(Pantherophis-guttatus,Pantherophis-obsoletus))),(Ahaetulla-prasina_KU323364,Chrysopelea-ornata))))),((Thamnophis-elegans,Thamnophis-sirtalis),(Pseudoxenodon-sp_KU312221,(Dipsas-indica_KU215336,Thermophis-baileyi)))),(Cerberus-schneiderii_KU324534,Myanophis-thanlyinensis)),((Vipera-berus,((Bothrops-jararaca,(Crotalus-horridus,((Crotalus-viridis,Crotalus-adamanteus),(Crotalus-pyrrhus,Crotalus-tigris)))),(Protobothrops-mucrosquamatus,Protobothrops-flavoviridis))),(Aplopeltura-boa_KU315147,(Achalinus-spinalis_KU312258,(Acrochordus-granulatus_KU302952,(Python-molurus,Boa-constrictor)))))),((Levitonius-mirus_KU337269,(Myersophis-alpestris_KU308684,(Oxyrhabdium-modestum_KU310866,(Oxyrhabdium-leporinum_KU346583,Oxyrhabdium-cfmodestum_KU338101)))),(Cyclocorus-lineatus_KU335808,Hologerrhum-philippinum_KU330752))),(((Micrurus-corallinus_KU289205,(Elapsoidea-sundevallii_MCZR190390,((Pseudonaja-textilis,(Notechis-scutatus,(Emydocephalus-ijimae,((Hydrophis-curtus,Hydrophis-hardwickii),(Hydrophis-cyanocinctus,Hydrophis-melanocephalus))))),(Laticauda-colubrina,Laticauda-laticaudata)))),(Hemibungarus-mcclungi_KU303027,(Naja-naja,Ophiophagus-hannah))),(Psammodynastes-pulverulentus_KU328547,Psammodynastes-pulverulentus_KU329686)))),(((Chamaelycus-fasciatus_KU348632,Lamprophis-lineatus_EBG706),(Psammophis-sibilans_RAX2053,Rhamphiophis-oxyrhynchus_KU290451)),(Prosymna-visseri_MCZR190223,(Pseudaspis-cana_MCZA27068,Buhoma-depressiceps_CFS1528))))));
Final quartet score is: 32309551
Final normalized quartet score is: 0.841213302112977
(Pseudoxyrhopus-tritaeniatus_KU340969,(Aparallactus-capensis_MCZA28808,((Micrelaps-sp_TauM16738,((((((Sibynophis-bivittatus_KU309608,(Grayia-smythii_KU341872,(Calamaria-gervaisii_KU327406,(((Boiga-irregularis_KU345021,(Ptyas-mucosa,(Scolecophis-atrocinctus_KU289804,Tantilla-taeniata_KU289863)1:1.3293898507666122)1:0.33247783175418827)0.33:0.0,(Pituophis-catenifer,(Pantherophis-guttatus,Pantherophis-obsoletus)1:0.4307829160924542)1:1.8304944849726383)1:1.8009888920185533,(Ahaetulla-prasina_KU323364,Chrysopelea-ornata)1:1.3089328187879603)1:0.5419444006272031)0.64:0.08735678141818785)0.74:0.10201178596711792)1:0.7058804447423381,((Thamnophis-elegans,Thamnophis-sirtalis)1:3.8430301339411983,(Pseudoxenodon-sp_KU312221,(Dipsas-indica_KU215336,Thermophis-baileyi)0.82:0.13582141443346604)0.98:0.22230992399266608)0.55:0.06898196813848197)1:1.8794904406496395,(Cerberus-schneiderii_KU324534,Myanophis-thanlyinensis)1:2.3360330270615868)0.85:0.12925998709062514,((Vipera-berus,((Bothrops-jararaca,(Crotalus-horridus,((Crotalus-viridis,Crotalus-adamanteus)0.75:0.12614570025747332,(Crotalus-pyrrhus,Crotalus-tigris)0.63:0.07251125972102619)1:1.2937015742920654)1:3.688879454113933)1:1.0692051969631529,(Protobothrops-mucrosquamatus,Protobothrops-flavoviridis)1:1.98439810748311)1:2.011314846080734)1:2.790567112919675,(Aplopeltura-boa_KU315147,(Achalinus-spinalis_KU312258,(Acrochordus-granulatus_KU302952,(Python-molurus,Boa-constrictor)1:2.349565301918239)1:1.0711435898869066)1:3.0723436865747904)1:1.1182821413604491)1:2.3195082946917753)1:1.941320233614411,((Levitonius-mirus_KU337269,(Myersophis-alpestris_KU308684,(Oxyrhabdium-modestum_KU310866,(Oxyrhabdium-leporinum_KU346583,Oxyrhabdium-cfmodestum_KU338101)1:0.49049381680096865)1:2.761220310891285)0.64:0.13043456033065373)1:0.4158756037965693,(Cyclocorus-lineatus_KU335808,Hologerrhum-philippinum_KU330752)1:2.282640275494531)1:1.4021188381046792)0.98:0.21587314522599962,(((Micrurus-corallinus_KU289205,(Elapsoidea-sundevallii_MCZR190390,((Pseudonaja-textilis,(Notechis-scutatus,(Emydocephalus-ijimae,((Hydrophis-curtus,Hydrophis-hardwickii)1:1.0280821378622715,(Hydrophis-cyanocinctus,Hydrophis-melanocephalus)1:0.8511514297031937)1:3.1354942159291492)1:2.494847351835985)1:0.3553230443141512)1:1.9188469707064857,(Laticauda-colubrina,Laticauda-laticaudata)1:2.789311519969237)1:2.546873830585889)1:0.37072272366241765)0.73:0.10637584763402194,(Hemibungarus-mcclungi_KU303027,(Naja-naja,Ophiophagus-hannah)0.71:0.10298601240270158)1:0.40252855043769953)1:2.8989413848815095,(Psammodynastes-pulverulentus_KU328547,Psammodynastes-pulverulentus_KU329686)1:2.6927458347287616)0.56:0.05130803444518887)0.96:0.20679407109067466)0.77:0.1118666511671271,(((Chamaelycus-fasciatus_KU348632,Lamprophis-lineatus_EBG706)1:1.1549776485041305,(Psammophis-sibilans_RAX2053,Rhamphiophis-oxyrhynchus_KU290451)1:2.7306072488509407)0.4:0.012272596613469425,(Prosymna-visseri_MCZR190223,(Pseudaspis-cana_MCZA27068,Buhoma-depressiceps_CFS1528)0.43:0.028773307883762297)0.33:0.0)0.49:0.03910900311337601)0.71:0.10791342079573084));
ASTRAL finished in 3.164 secs
Shutting down threading
