

================== ASTRAL ===================== 

This is ASTRAL version 5.15.5
Warning: 
 Fail to load native library libAstral.dylib; use Java default computing method without AVX2, which is 4X slower. 
 Make sure you are using the correct Djava.library.path (to the `lib` directory under ASTRAL where libAstral.dylib can be found). 
 Trying running make.sh. For mode debugging, run: java -Djava.library.path=lib/ -jar native_library_tester.jar
Gene trees are treated as unrooted
Detected GPU devices: 
Device 1 of 2: Apple M1 cl_device_id[0xffffffff] Vendor: Intel
Device 2 of 2: Apple M1 cl_device_id[0x1027f00] Vendor: Apple
Will use Device : Apple M1
Will use Device : Apple M1
Starting 8 threads ...
There are 8 threads used to run.
139 trees read from /dev/fd/11
All output trees will be *arbitrarily* rooted at Pseudoxyrhopus-tritaeniatus_KU340969

======== Running the main analysis
Number of taxa: 66 (66 species)
Taxa: [Pseudoxyrhopus-tritaeniatus_KU340969, Pseudaspis-cana_MCZA27068, Buhoma-depressiceps_CFS1528, Oxyrhabdium-modestum_KU310866, Oxyrhabdium-cfmodestum_KU338101, Oxyrhabdium-leporinum_KU346583, Levitonius-mirus_KU337269, Myersophis-alpestris_KU308684, Cyclocorus-lineatus_KU335808, Hologerrhum-philippinum_KU330752, Psammodynastes-pulverulentus_KU328547, Psammodynastes-pulverulentus_KU329686, Hemibungarus-mcclungi_KU303027, Ophiophagus-hannah, Naja-naja, Micrurus-corallinus_KU289205, Elapsoidea-sundevallii_MCZR190390, Hydrophis-curtus, Hydrophis-hardwickii, Hydrophis-cyanocinctus, Hydrophis-melanocephalus, Emydocephalus-ijimae, Notechis-scutatus, Pseudonaja-textilis, Laticauda-colubrina, Laticauda-laticaudata, Sibynophis-bivittatus_KU309608, Ahaetulla-prasina_KU323364, Chrysopelea-ornata, Scolecophis-atrocinctus_KU289804, Tantilla-taeniata_KU289863, Ptyas-mucosa, Boiga-irregularis_KU345021, Pantherophis-guttatus, Pantherophis-obsoletus, Pituophis-catenifer, Grayia-smythii_KU341872, Calamaria-gervaisii_KU327406, Dipsas-indica_KU215336, Thermophis-baileyi, Pseudoxenodon-sp_KU312221, Thamnophis-sirtalis, Thamnophis-elegans, Achalinus-spinalis_KU312258, Acrochordus-granulatus_KU302952, Python-molurus, Boa-constrictor, Aplopeltura-boa_KU315147, Crotalus-pyrrhus, Crotalus-tigris, Crotalus-viridis, Crotalus-adamanteus, Crotalus-horridus, Bothrops-jararaca, Protobothrops-mucrosquamatus, Protobothrops-flavoviridis, Vipera-berus, Cerberus-schneiderii_KU324534, Myanophis-thanlyinensis, Micrelaps-sp_TauM16738, Psammophis-sibilans_RAX2053, Rhamphiophis-oxyrhynchus_KU290451, Prosymna-visseri_MCZR190223, Lamprophis-lineatus_EBG706, Chamaelycus-fasciatus_KU348632, Aparallactus-capensis_MCZA28808]
Taxon occupancy: {Protobothrops-flavoviridis=130, Hologerrhum-philippinum_KU330752=130, Thamnophis-sirtalis=127, Hydrophis-hardwickii=129, Psammophis-sibilans_RAX2053=121, Crotalus-pyrrhus=131, Elapsoidea-sundevallii_MCZR190390=129, Bothrops-jararaca=127, Notechis-scutatus=128, Levitonius-mirus_KU337269=130, Buhoma-depressiceps_CFS1528=113, Ophiophagus-hannah=132, Scolecophis-atrocinctus_KU289804=130, Ptyas-mucosa=133, Calamaria-gervaisii_KU327406=120, Boiga-irregularis_KU345021=132, Aparallactus-capensis_MCZA28808=118, Myanophis-thanlyinensis=122, Ahaetulla-prasina_KU323364=125, Python-molurus=119, Pseudaspis-cana_MCZA27068=121, Psammodynastes-pulverulentus_KU328547=130, Crotalus-tigris=127, Rhamphiophis-oxyrhynchus_KU290451=124, Pantherophis-obsoletus=133, Protobothrops-mucrosquamatus=128, Vipera-berus=125, Chrysopelea-ornata=119, Thamnophis-elegans=126, Laticauda-laticaudata=128, Myersophis-alpestris_KU308684=130, Oxyrhabdium-leporinum_KU346583=126, Acrochordus-granulatus_KU302952=115, Cyclocorus-lineatus_KU335808=129, Oxyrhabdium-cfmodestum_KU338101=122, Tantilla-taeniata_KU289863=126, Grayia-smythii_KU341872=128, Crotalus-viridis=129, Crotalus-adamanteus=125, Pseudoxyrhopus-tritaeniatus_KU340969=124, Dipsas-indica_KU215336=129, Oxyrhabdium-modestum_KU310866=123, Emydocephalus-ijimae=131, Pantherophis-guttatus=132, Sibynophis-bivittatus_KU309608=130, Aplopeltura-boa_KU315147=126, Thermophis-baileyi=133, Pituophis-catenifer=124, Lamprophis-lineatus_EBG706=122, Hydrophis-curtus=126, Pseudoxenodon-sp_KU312221=128, Hemibungarus-mcclungi_KU303027=128, Pseudonaja-textilis=131, Chamaelycus-fasciatus_KU348632=124, Laticauda-colubrina=127, Crotalus-horridus=129, Micrurus-corallinus_KU289205=129, Boa-constrictor=120, Psammodynastes-pulverulentus_KU329686=130, Hydrophis-melanocephalus=127, Achalinus-spinalis_KU312258=113, Micrelaps-sp_TauM16738=130, Prosymna-visseri_MCZR190223=122, Naja-naja=139, Hydrophis-cyanocinctus=132, Cerberus-schneiderii_KU324534=122}
Using polytree-based weight calculation.
Number of gene trees: 139
112 trees have missing taxa
Calculating distance matrix (for completion of X) ....with 4 distance matrices for parallellism
Species tree distances calculated ...

Will attempt to complete bipartitions from X before adding using a distance matrix.
Building set of clusters (X) from gene trees 
------------------------------
Number of Clusters after addition from gene trees: 3033
Number of Clusters after addition by distance: 3033
Adding to X using resolutions of greedy consensus ...

Computing greedy consensus  
took 0 seconds
Limit for sigma of degrees:1700

polytomy size limit : > 11
 [3, 3, 3, 4, 4, 4, 4, 4, 10, 11]
discarded polytomies: 
Threshold 0.0:
Threshold 0.01:
Threshold 0.02:
Threshold 0.05:
polytomy of size 3; rounds with additions with at least 5 support: 1; clusters: 3039
Threshold 0.1:
polytomy of size 4; rounds with additions with at least 5 support: 1; clusters: 3039
Threshold 0.2:
polytomy of size 3; rounds with additions with at least 5 support: 0; clusters: 3039
polytomy of size 10; rounds with additions with at least 5 support: 0; clusters: 3039
Threshold 0.3333333333333333:
polytomy of size 4; rounds with additions with at least 5 support: 0; clusters: 3039
polytomy of size 4; rounds with additions with at least 5 support: 0; clusters: 3039
polytomy of size 3; rounds with additions with at least 5 support: 0; clusters: 3039
polytomy of size 4; rounds with additions with at least 5 support: 0; clusters: 3039
polytomy of size 4; rounds with additions with at least 5 support: 0; clusters: 3039
polytomy of size 11; rounds with additions with at least 5 support: 0; clusters: 3039
Number of Clusters after addition by greedy: 3039
partitions formed in 1.545 secs
Dynamic Programming starting after 1.545 secs
Polytree max score: 73565501
Polytree building time: 0.049 seconds.
Fail to load native library libAstral.dylib; use Java default computing method.
Number of quartet trees in the gene trees: 73565501
Computing hash values took 0 seconds
device length is: 2
TREE HEIGHT IS: 13
Size of largest cluster: 66
Size of largest cluster: 66
Finishing up:7186 0 7185
Total Number of elements: 7185
Normalized score (portion of input quartet trees satisfied before correcting for multiple individuals): 0.8797346326778906
Final optimization score: 64718119
Optimal tree inferred in 2.925 secs.
Weight calculation using polytrees cumulatively took 0.0 secs
(Pseudoxyrhopus-tritaeniatus_KU340969,(Buhoma-depressiceps_CFS1528,(((Prosymna-visseri_MCZR190223,(Micrelaps-sp_TauM16738,(((((Sibynophis-bivittatus_KU309608,(((Boiga-irregularis_KU345021,((Ptyas-mucosa,(Pituophis-catenifer,(Pantherophis-guttatus,Pantherophis-obsoletus))),(Scolecophis-atrocinctus_KU289804,Tantilla-taeniata_KU289863))),(Ahaetulla-prasina_KU323364,Chrysopelea-ornata)),(Grayia-smythii_KU341872,Calamaria-gervaisii_KU327406))),((Thamnophis-sirtalis,Thamnophis-elegans),(Pseudoxenodon-sp_KU312221,(Dipsas-indica_KU215336,Thermophis-baileyi)))),(((Vipera-berus,((Bothrops-jararaca,(Crotalus-horridus,(Crotalus-adamanteus,(Crotalus-viridis,(Crotalus-pyrrhus,Crotalus-tigris))))),(Protobothrops-mucrosquamatus,Protobothrops-flavoviridis))),(Aplopeltura-boa_KU315147,(Achalinus-spinalis_KU312258,(Acrochordus-granulatus_KU302952,(Python-molurus,Boa-constrictor))))),(Cerberus-schneiderii_KU324534,Myanophis-thanlyinensis))),((((Levitonius-mirus_KU337269,Myersophis-alpestris_KU308684),(Oxyrhabdium-modestum_KU310866,(Oxyrhabdium-cfmodestum_KU338101,Oxyrhabdium-leporinum_KU346583))),(Cyclocorus-lineatus_KU335808,Hologerrhum-philippinum_KU330752)),(Psammodynastes-pulverulentus_KU328547,Psammodynastes-pulverulentus_KU329686))),(Micrurus-corallinus_KU289205,((Elapsoidea-sundevallii_MCZR190390,((Pseudonaja-textilis,(Notechis-scutatus,(Emydocephalus-ijimae,((Hydrophis-curtus,Hydrophis-hardwickii),(Hydrophis-cyanocinctus,Hydrophis-melanocephalus))))),(Laticauda-colubrina,Laticauda-laticaudata))),(Hemibungarus-mcclungi_KU303027,(Ophiophagus-hannah,Naja-naja))))))),(Psammophis-sibilans_RAX2053,Rhamphiophis-oxyrhynchus_KU290451)),(Pseudaspis-cana_MCZA27068,(Aparallactus-capensis_MCZA28808,(Lamprophis-lineatus_EBG706,Chamaelycus-fasciatus_KU348632))))));
Final quartet score is: 61760478
Final normalized quartet score is: 0.8395304478385868
(Pseudoxyrhopus-tritaeniatus_KU340969,(Buhoma-depressiceps_CFS1528,(((Prosymna-visseri_MCZR190223,(Micrelaps-sp_TauM16738,(((((Sibynophis-bivittatus_KU309608,(((Boiga-irregularis_KU345021,((Ptyas-mucosa,(Pituophis-catenifer,(Pantherophis-guttatus,Pantherophis-obsoletus)0.94:0.13886166527496263)1:2.966095178104344)0.56:0.06146684910811421,(Scolecophis-atrocinctus_KU289804,Tantilla-taeniata_KU289863)1:1.7210492606885741)0.87:0.10945463807582476)1:2.0270201251079607,(Ahaetulla-prasina_KU323364,Chrysopelea-ornata)1:1.1891856638564382)1:0.6457467419699409,(Grayia-smythii_KU341872,Calamaria-gervaisii_KU327406)0.85:0.10592605534712168)1:0.22226648538422084)1:0.7326100326070266,((Thamnophis-sirtalis,Thamnophis-elegans)1:3.3361760490674013,(Pseudoxenodon-sp_KU312221,(Dipsas-indica_KU215336,Thermophis-baileyi)1:0.4228163675441548)0.9:0.1216597925915434)0.48:0.03258539063520407)1:1.5681718514464418,(((Vipera-berus,((Bothrops-jararaca,(Crotalus-horridus,(Crotalus-adamanteus,(Crotalus-viridis,(Crotalus-pyrrhus,Crotalus-tigris)0.51:0.09015789160872843)0.61:0.05478560443170664)1:0.7013776796964607)1:3.1375624689932082)1:1.5001506338525288,(Protobothrops-mucrosquamatus,Protobothrops-flavoviridis)1:2.001801617331138)1:2.448974640561938)1:4.266981817396608,(Aplopeltura-boa_KU315147,(Achalinus-spinalis_KU312258,(Acrochordus-granulatus_KU302952,(Python-molurus,Boa-constrictor)1:3.080890081894297)1:1.5155060925998964)1:3.5551683508231045)1:1.0055218656020977)1:3.080178244894021,(Cerberus-schneiderii_KU324534,Myanophis-thanlyinensis)1:3.6198865826269824)1:0.26383194784310526)1:1.9053034160896787,((((Levitonius-mirus_KU337269,Myersophis-alpestris_KU308684)0.91:0.14419545859001615,(Oxyrhabdium-modestum_KU310866,(Oxyrhabdium-cfmodestum_KU338101,Oxyrhabdium-leporinum_KU346583)0.99:0.21693989015071458)1:3.993090828516931)1:0.6730946943892919,(Cyclocorus-lineatus_KU335808,Hologerrhum-philippinum_KU330752)1:1.6587575930255725)1:1.9352202679512978,(Psammodynastes-pulverulentus_KU328547,Psammodynastes-pulverulentus_KU329686)1:3.099532563706123)0.64:0.10921088520742891)1:0.23904472825077433,(Micrurus-corallinus_KU289205,((Elapsoidea-sundevallii_MCZR190390,((Pseudonaja-textilis,(Notechis-scutatus,(Emydocephalus-ijimae,((Hydrophis-curtus,Hydrophis-hardwickii)1:0.8285690043875586,(Hydrophis-cyanocinctus,Hydrophis-melanocephalus)1:1.1355774829015812)1:2.9424877590351786)1:2.81830070205423)1:0.3201578073345665)1:2.1186903254025307,(Laticauda-colubrina,Laticauda-laticaudata)1:3.5957890310479232)1:3.502919449086401)0.61:0.06763761467713288,(Hemibungarus-mcclungi_KU303027,(Ophiophagus-hannah,Naja-naja)0.93:0.1375216730366551)1:0.6199756665833044)0.99:0.18490497441393464)1:3.1520367211925837)1:0.2640748415277344)0.99:0.2042234578808989)0.43:0.01884415506328017,(Psammophis-sibilans_RAX2053,Rhamphiophis-oxyrhynchus_KU290451)1:1.6188089122531897)0.52:0.03799997672165259,(Pseudaspis-cana_MCZA27068,(Aparallactus-capensis_MCZA28808,(Lamprophis-lineatus_EBG706,Chamaelycus-fasciatus_KU348632)1:1.3473560335837658)0.5:0.03871684553747835)0.46:0.03383354963434016)0.5:0.03697235604641388));
ASTRAL finished in 3.764 secs
Shutting down threading
