

================== ASTRAL ===================== 

This is ASTRAL version 5.15.5
Warning: 
 Fail to load native library libAstral.dylib; use Java default computing method without AVX2, which is 4X slower. 
 Make sure you are using the correct Djava.library.path (to the `lib` directory under ASTRAL where libAstral.dylib can be found). 
 Trying running make.sh. For mode debugging, run: java -Djava.library.path=lib/ -jar native_library_tester.jar
Gene trees are treated as unrooted
Detected GPU devices: 
Device 1 of 2: Apple M1 cl_device_id[0xffffffff] Vendor: Intel
Device 2 of 2: Apple M1 cl_device_id[0x1027f00] Vendor: Apple
Will use Device : Apple M1
Will use Device : Apple M1
Starting 8 threads ...
There are 8 threads used to run.
36 trees read from /dev/fd/11
All output trees will be *arbitrarily* rooted at Acrochordus-granulatus_KU302952

======== Running the main analysis
Number of taxa: 66 (66 species)
Taxa: [Acrochordus-granulatus_KU302952, Scolecophis-atrocinctus_KU289804, Tantilla-taeniata_KU289863, Pantherophis-guttatus, Ptyas-mucosa, Boiga-irregularis_KU345021, Chrysopelea-ornata, Ahaetulla-prasina_KU323364, Calamaria-gervaisii_KU327406, Sibynophis-bivittatus_KU309608, Thamnophis-sirtalis, Thamnophis-elegans, Thermophis-baileyi, Dipsas-indica_KU215336, Prosymna-visseri_MCZR190223, Aparallactus-capensis_MCZA28808, Pseudaspis-cana_MCZA27068, Buhoma-depressiceps_CFS1528, Chamaelycus-fasciatus_KU348632, Psammophis-sibilans_RAX2053, Pseudoxyrhopus-tritaeniatus_KU340969, Micrelaps-sp_TauM16738, Elapsoidea-sundevallii_MCZR190390, Hydrophis-curtus, Hydrophis-hardwickii, Hydrophis-cyanocinctus, Emydocephalus-ijimae, Notechis-scutatus, Pseudonaja-textilis, Laticauda-colubrina, Laticauda-laticaudata, Micrurus-corallinus_KU289205, Hemibungarus-mcclungi_KU303027, Ophiophagus-hannah, Naja-naja, Cyclocorus-lineatus_KU335808, Hologerrhum-philippinum_KU330752, Myersophis-alpestris_KU308684, Oxyrhabdium-cfmodestum_KU338101, Oxyrhabdium-modestum_KU310866, Oxyrhabdium-leporinum_KU346583, Levitonius-mirus_KU337269, Psammodynastes-pulverulentus_KU328547, Psammodynastes-pulverulentus_KU329686, Cerberus-schneiderii_KU324534, Myanophis-thanlyinensis, Crotalus-pyrrhus, Crotalus-viridis, Crotalus-tigris, Crotalus-adamanteus, Protobothrops-mucrosquamatus, Protobothrops-flavoviridis, Vipera-berus, Aplopeltura-boa_KU315147, Achalinus-spinalis_KU312258, Boa-constrictor, Lamprophis-lineatus_EBG706, Rhamphiophis-oxyrhynchus_KU290451, Hydrophis-melanocephalus, Bothrops-jararaca, Pseudoxenodon-sp_KU312221, Pantherophis-obsoletus, Pituophis-catenifer, Grayia-smythii_KU341872, Crotalus-horridus, Python-molurus]
Taxon occupancy: {Protobothrops-flavoviridis=30, Thamnophis-sirtalis=29, Hologerrhum-philippinum_KU330752=33, Hydrophis-hardwickii=32, Psammophis-sibilans_RAX2053=27, Crotalus-pyrrhus=28, Elapsoidea-sundevallii_MCZR190390=32, Bothrops-jararaca=29, Notechis-scutatus=31, Levitonius-mirus_KU337269=32, Buhoma-depressiceps_CFS1528=29, Ophiophagus-hannah=33, Scolecophis-atrocinctus_KU289804=32, Ptyas-mucosa=33, Calamaria-gervaisii_KU327406=30, Boiga-irregularis_KU345021=32, Aparallactus-capensis_MCZA28808=30, Myanophis-thanlyinensis=27, Ahaetulla-prasina_KU323364=30, Python-molurus=27, Pseudaspis-cana_MCZA27068=29, Psammodynastes-pulverulentus_KU328547=32, Crotalus-tigris=28, Rhamphiophis-oxyrhynchus_KU290451=30, Protobothrops-mucrosquamatus=30, Vipera-berus=28, Pantherophis-obsoletus=34, Chrysopelea-ornata=30, Thamnophis-elegans=33, Laticauda-laticaudata=32, Myersophis-alpestris_KU308684=31, Oxyrhabdium-leporinum_KU346583=32, Acrochordus-granulatus_KU302952=28, Cyclocorus-lineatus_KU335808=34, Oxyrhabdium-cfmodestum_KU338101=35, Tantilla-taeniata_KU289863=31, Grayia-smythii_KU341872=32, Crotalus-viridis=27, Crotalus-adamanteus=30, Pseudoxyrhopus-tritaeniatus_KU340969=33, Dipsas-indica_KU215336=34, Oxyrhabdium-modestum_KU310866=31, Emydocephalus-ijimae=33, Pantherophis-guttatus=33, Sibynophis-bivittatus_KU309608=32, Aplopeltura-boa_KU315147=32, Thermophis-baileyi=33, Pituophis-catenifer=24, Lamprophis-lineatus_EBG706=34, Hydrophis-curtus=32, Pseudoxenodon-sp_KU312221=31, Chamaelycus-fasciatus_KU348632=29, Pseudonaja-textilis=32, Hemibungarus-mcclungi_KU303027=31, Laticauda-colubrina=30, Crotalus-horridus=28, Micrurus-corallinus_KU289205=32, Boa-constrictor=31, Psammodynastes-pulverulentus_KU329686=27, Achalinus-spinalis_KU312258=32, Hydrophis-melanocephalus=31, Micrelaps-sp_TauM16738=30, Prosymna-visseri_MCZR190223=31, Naja-naja=36, Hydrophis-cyanocinctus=32, Cerberus-schneiderii_KU324534=30}
Using polytree-based weight calculation.
Number of gene trees: 36
32 trees have missing taxa
Calculating distance matrix (for completion of X) ....with 4 distance matrices for parallellism
Species tree distances calculated ...

Will attempt to complete bipartitions from X before adding using a distance matrix.
Building set of clusters (X) from gene trees 
------------------------------
Number of Clusters after addition from gene trees: 1559
Number of Clusters after addition by distance: 1559
Adding to X using resolutions of greedy consensus ...

Computing greedy consensus  
took 0 seconds
Limit for sigma of degrees:1700

polytomy size limit : > 10
 [3, 3, 3, 3, 3, 3, 3, 4, 6, 8, 9, 10]
discarded polytomies: 
Threshold 0.0:
Threshold 0.01:
Threshold 0.02:
Threshold 0.05:
polytomy of size 3; rounds with additions with at least 5 support: 1; clusters: 1567
Threshold 0.1:
polytomy of size 4; rounds with additions with at least 5 support: 1; clusters: 1567
polytomy of size 3; rounds with additions with at least 5 support: 0; clusters: 1567
Threshold 0.2:
polytomy of size 6; rounds with additions with at least 5 support: 0; clusters: 1567
polytomy of size 3; rounds with additions with at least 5 support: 0; clusters: 1565
polytomy of size 9; rounds with additions with at least 5 support: 0; clusters: 1567
Threshold 0.3333333333333333:
polytomy of size 3; rounds with additions with at least 5 support: 0; clusters: 1565
polytomy of size 3; rounds with additions with at least 5 support: 0; clusters: 1567
polytomy of size 8; rounds with additions with at least 5 support: 0; clusters: 1567
polytomy of size 3; rounds with additions with at least 5 support: 0; clusters: 1567
polytomy of size 3; rounds with additions with at least 5 support: 0; clusters: 1567
polytomy of size 10; rounds with additions with at least 5 support: 0; clusters: 1567
Number of Clusters after addition by greedy: 1567
partitions formed in 1.03 secs
Dynamic Programming starting after 1.03 secs
Polytree max score: 16926349
Polytree building time: 0.026 seconds.
Fail to load native library libAstral.dylib; use Java default computing method.
Number of quartet trees in the gene trees: 16926349
Computing hash values took 0 seconds
device length is: 2
TREE HEIGHT IS: 14
Size of largest cluster: 66
Size of largest cluster: 66
Finishing up:1980 0 1979
Total Number of elements: 1979
Normalized score (portion of input quartet trees satisfied before correcting for multiple individuals): 0.8402117905048514
Final optimization score: 14221718
Optimal tree inferred in 2.236 secs.
Weight calculation using polytrees cumulatively took 0.0 secs
(Acrochordus-granulatus_KU302952,((Achalinus-spinalis_KU312258,(Aplopeltura-boa_KU315147,(((((((Micrurus-corallinus_KU289205,((Elapsoidea-sundevallii_MCZR190390,((Pseudonaja-textilis,(Notechis-scutatus,(Emydocephalus-ijimae,((Hydrophis-curtus,Hydrophis-hardwickii),(Hydrophis-cyanocinctus,Hydrophis-melanocephalus))))),(Laticauda-colubrina,Laticauda-laticaudata))),(Hemibungarus-mcclungi_KU303027,(Ophiophagus-hannah,Naja-naja)))),(Psammodynastes-pulverulentus_KU328547,Psammodynastes-pulverulentus_KU329686)),(Micrelaps-sp_TauM16738,(((Pseudoxyrhopus-tritaeniatus_KU340969,(Prosymna-visseri_MCZR190223,(Pseudaspis-cana_MCZA27068,(Chamaelycus-fasciatus_KU348632,Lamprophis-lineatus_EBG706)))),(Psammophis-sibilans_RAX2053,Rhamphiophis-oxyrhynchus_KU290451)),(Aparallactus-capensis_MCZA28808,Buhoma-depressiceps_CFS1528)))),((Myersophis-alpestris_KU308684,(Levitonius-mirus_KU337269,(Oxyrhabdium-leporinum_KU346583,(Oxyrhabdium-cfmodestum_KU338101,Oxyrhabdium-modestum_KU310866)))),(Cyclocorus-lineatus_KU335808,Hologerrhum-philippinum_KU330752))),((Pseudoxenodon-sp_KU312221,(Sibynophis-bivittatus_KU309608,(Calamaria-gervaisii_KU327406,(Grayia-smythii_KU341872,((Boiga-irregularis_KU345021,(Ptyas-mucosa,((Pituophis-catenifer,(Pantherophis-guttatus,Pantherophis-obsoletus)),(Scolecophis-atrocinctus_KU289804,Tantilla-taeniata_KU289863)))),(Chrysopelea-ornata,Ahaetulla-prasina_KU323364)))))),((Thermophis-baileyi,Dipsas-indica_KU215336),(Thamnophis-sirtalis,Thamnophis-elegans)))),(Cerberus-schneiderii_KU324534,Myanophis-thanlyinensis)),(Vipera-berus,((Bothrops-jararaca,(Crotalus-horridus,(Crotalus-pyrrhus,(Crotalus-viridis,(Crotalus-tigris,Crotalus-adamanteus))))),(Protobothrops-mucrosquamatus,Protobothrops-flavoviridis)))))),(Boa-constrictor,Python-molurus)));
Final quartet score is: 14678724
Final normalized quartet score is: 0.8672114701167983
(Acrochordus-granulatus_KU302952,((Achalinus-spinalis_KU312258,(Aplopeltura-boa_KU315147,(((((((Micrurus-corallinus_KU289205,((Elapsoidea-sundevallii_MCZR190390,((Pseudonaja-textilis,(Notechis-scutatus,(Emydocephalus-ijimae,((Hydrophis-curtus,Hydrophis-hardwickii)1:0.7884573603642703,(Hydrophis-cyanocinctus,Hydrophis-melanocephalus)0.96:0.3194307707663612)1:2.3978952727983716)1:2.790672397673077)0.98:0.38555958678663604)1:1.0671077607857031,(Laticauda-colubrina,Laticauda-laticaudata)1:3.0285220963769826)1:2.596306162662595)0.43:0.026889600045156937,(Hemibungarus-mcclungi_KU303027,(Ophiophagus-hannah,Naja-naja)0.86:0.21529102135728442)0.97:0.33423470159550606)0.67:0.11721501519237477)1:2.260122909675137,(Psammodynastes-pulverulentus_KU328547,Psammodynastes-pulverulentus_KU329686)1:2.192569973939138)0.63:0.10193802097143576,(Micrelaps-sp_TauM16738,(((Pseudoxyrhopus-tritaeniatus_KU340969,(Prosymna-visseri_MCZR190223,(Pseudaspis-cana_MCZA27068,(Chamaelycus-fasciatus_KU348632,Lamprophis-lineatus_EBG706)1:0.8675396004727369)0.92:0.286251182870709)0.73:0.15096447003927377)0.6:0.13832529802998275,(Psammophis-sibilans_RAX2053,Rhamphiophis-oxyrhynchus_KU290451)1:1.4770803774472758)0.28:0.0,(Aparallactus-capensis_MCZA28808,Buhoma-depressiceps_CFS1528)0.42:0.020877266411522096)0.73:0.1454511049391762)0.82:0.19263350474203214)0.79:0.16757602604300117,((Myersophis-alpestris_KU308684,(Levitonius-mirus_KU337269,(Oxyrhabdium-leporinum_KU346583,(Oxyrhabdium-cfmodestum_KU338101,Oxyrhabdium-modestum_KU310866)1:1.2039728043259361)1:2.354245545125864)0.53:0.0824804678554773)0.96:0.3276206564548389,(Cyclocorus-lineatus_KU335808,Hologerrhum-philippinum_KU330752)1:0.7783520724602887)1:1.357095292318328)1:0.8824582743704963,((Pseudoxenodon-sp_KU312221,(Sibynophis-bivittatus_KU309608,(Calamaria-gervaisii_KU327406,(Grayia-smythii_KU341872,((Boiga-irregularis_KU345021,(Ptyas-mucosa,((Pituophis-catenifer,(Pantherophis-guttatus,Pantherophis-obsoletus)0.51:0.06336961393258926)1:2.198717167968346,(Scolecophis-atrocinctus_KU289804,Tantilla-taeniata_KU289863)1:1.245359009451456)0.58:0.08240992531306804)0.96:0.32908776450772514)1:1.4135322319138,(Chrysopelea-ornata,Ahaetulla-prasina_KU323364)1:1.3317357139769141)0.99:0.4091097955164308)0.9:0.25284553375178714)0.48:0.049131375017792404)0.99:0.4402635032830465)0.57:0.07969202871766776,((Thermophis-baileyi,Dipsas-indica_KU215336)0.9:0.2448722958200281,(Thamnophis-sirtalis,Thamnophis-elegans)1:2.3158303197440664)0.31:0.0)1:0.8652192086101029)1:0.5014070569319301,(Cerberus-schneiderii_KU324534,Myanophis-thanlyinensis)1:2.3118249739353893)1:1.626287437790721,(Vipera-berus,((Bothrops-jararaca,(Crotalus-horridus,(Crotalus-pyrrhus,(Crotalus-viridis,(Crotalus-tigris,Crotalus-adamanteus)0.59:0.09333771885808156)0.9:0.25259075264051095)1:0.993251773010283)1:2.890371757896163)1:0.9082618758322551,(Protobothrops-mucrosquamatus,Protobothrops-flavoviridis)1:1.6134523698527625)1:1.6739764335716716)1:2.92673940206704)1:0.5635755546081862)1:2.335374915817036)1:0.7731898882334817,(Boa-constrictor,Python-molurus)1:2.772588722239782));
ASTRAL finished in 2.673 secs
Shutting down threading
