

================== ASTRAL ===================== 

This is ASTRAL version 5.15.5
Warning: 
 Fail to load native library libAstral.dylib; use Java default computing method without AVX2, which is 4X slower. 
 Make sure you are using the correct Djava.library.path (to the `lib` directory under ASTRAL where libAstral.dylib can be found). 
 Trying running make.sh. For mode debugging, run: java -Djava.library.path=lib/ -jar native_library_tester.jar
Gene trees are treated as unrooted
Detected GPU devices: 
Device 1 of 2: Apple M1 cl_device_id[0xffffffff] Vendor: Intel
Device 2 of 2: Apple M1 cl_device_id[0x1027f00] Vendor: Apple
Will use Device : Apple M1
Will use Device : Apple M1
Starting 8 threads ...
There are 8 threads used to run.
12 trees read from /dev/fd/11
All output trees will be *arbitrarily* rooted at Pseudaspis-cana_MCZA27068

======== Running the main analysis
Number of taxa: 66 (66 species)
Taxa: [Pseudaspis-cana_MCZA27068, Oxyrhabdium-modestum_KU310866, Oxyrhabdium-cfmodestum_KU338101, Oxyrhabdium-leporinum_KU346583, Levitonius-mirus_KU337269, Myersophis-alpestris_KU308684, Cyclocorus-lineatus_KU335808, Hologerrhum-philippinum_KU330752, Psammodynastes-pulverulentus_KU329686, Sibynophis-bivittatus_KU309608, Ahaetulla-prasina_KU323364, Chrysopelea-ornata, Scolecophis-atrocinctus_KU289804, Tantilla-taeniata_KU289863, Pantherophis-guttatus, Pantherophis-obsoletus, Pituophis-catenifer, Ptyas-mucosa, Grayia-smythii_KU341872, Pseudoxenodon-sp_KU312221, Calamaria-gervaisii_KU327406, Dipsas-indica_KU215336, Thermophis-baileyi, Achalinus-spinalis_KU312258, Python-molurus, Boa-constrictor, Acrochordus-granulatus_KU302952, Aplopeltura-boa_KU315147, Crotalus-pyrrhus, Crotalus-viridis, Crotalus-tigris, Crotalus-adamanteus, Crotalus-horridus, Bothrops-jararaca, Protobothrops-mucrosquamatus, Protobothrops-flavoviridis, Vipera-berus, Cerberus-schneiderii_KU324534, Myanophis-thanlyinensis, Thamnophis-sirtalis, Thamnophis-elegans, Hemibungarus-mcclungi_KU303027, Hydrophis-curtus, Hydrophis-hardwickii, Hydrophis-melanocephalus, Hydrophis-cyanocinctus, Emydocephalus-ijimae, Pseudonaja-textilis, Notechis-scutatus, Laticauda-colubrina, Laticauda-laticaudata, Ophiophagus-hannah, Naja-naja, Micrurus-corallinus_KU289205, Elapsoidea-sundevallii_MCZR190390, Aparallactus-capensis_MCZA28808, Buhoma-depressiceps_CFS1528, Psammophis-sibilans_RAX2053, Rhamphiophis-oxyrhynchus_KU290451, Micrelaps-sp_TauM16738, Prosymna-visseri_MCZR190223, Lamprophis-lineatus_EBG706, Pseudoxyrhopus-tritaeniatus_KU340969, Chamaelycus-fasciatus_KU348632, Boiga-irregularis_KU345021, Psammodynastes-pulverulentus_KU328547]
Taxon occupancy: {Protobothrops-flavoviridis=9, Hologerrhum-philippinum_KU330752=11, Thamnophis-sirtalis=10, Hydrophis-hardwickii=10, Psammophis-sibilans_RAX2053=7, Crotalus-pyrrhus=10, Bothrops-jararaca=10, Elapsoidea-sundevallii_MCZR190390=11, Notechis-scutatus=11, Levitonius-mirus_KU337269=11, Buhoma-depressiceps_CFS1528=8, Ophiophagus-hannah=10, Scolecophis-atrocinctus_KU289804=12, Ptyas-mucosa=9, Calamaria-gervaisii_KU327406=8, Boiga-irregularis_KU345021=8, Aparallactus-capensis_MCZA28808=7, Myanophis-thanlyinensis=10, Ahaetulla-prasina_KU323364=10, Python-molurus=9, Pseudaspis-cana_MCZA27068=9, Psammodynastes-pulverulentus_KU328547=7, Crotalus-tigris=9, Rhamphiophis-oxyrhynchus_KU290451=6, Pantherophis-obsoletus=10, Protobothrops-mucrosquamatus=10, Vipera-berus=9, Chrysopelea-ornata=9, Thamnophis-elegans=9, Laticauda-laticaudata=11, Myersophis-alpestris_KU308684=10, Oxyrhabdium-leporinum_KU346583=8, Acrochordus-granulatus_KU302952=8, Cyclocorus-lineatus_KU335808=11, Oxyrhabdium-cfmodestum_KU338101=10, Tantilla-taeniata_KU289863=9, Grayia-smythii_KU341872=10, Crotalus-viridis=7, Crotalus-adamanteus=10, Pseudoxyrhopus-tritaeniatus_KU340969=9, Dipsas-indica_KU215336=10, Oxyrhabdium-modestum_KU310866=10, Emydocephalus-ijimae=12, Pantherophis-guttatus=11, Sibynophis-bivittatus_KU309608=10, Aplopeltura-boa_KU315147=9, Thermophis-baileyi=11, Pituophis-catenifer=8, Lamprophis-lineatus_EBG706=9, Hydrophis-curtus=10, Pseudoxenodon-sp_KU312221=10, Hemibungarus-mcclungi_KU303027=10, Pseudonaja-textilis=10, Chamaelycus-fasciatus_KU348632=6, Laticauda-colubrina=10, Crotalus-horridus=10, Boa-constrictor=9, Micrurus-corallinus_KU289205=8, Psammodynastes-pulverulentus_KU329686=9, Achalinus-spinalis_KU312258=8, Hydrophis-melanocephalus=10, Micrelaps-sp_TauM16738=9, Prosymna-visseri_MCZR190223=9, Naja-naja=12, Hydrophis-cyanocinctus=11, Cerberus-schneiderii_KU324534=10}
Using polytree-based weight calculation.
Number of gene trees: 12
11 trees have missing taxa
Calculating distance matrix (for completion of X) ....with 4 distance matrices for parallellism
Species tree distances calculated ...

Will attempt to complete bipartitions from X before adding using a distance matrix.
Building set of clusters (X) from gene trees 
------------------------------
Number of Clusters after addition from gene trees: 741
Number of Clusters after addition by distance: 741
Adding to X using resolutions of greedy consensus ...

Computing greedy consensus  
took 0 seconds
Limit for sigma of degrees:1700

polytomy size limit : > 8
 [3, 3, 3, 4, 4, 5, 6, 8]
discarded polytomies: 
Threshold 0.0:
Threshold 0.01:
Threshold 0.02:
Threshold 0.05:
Threshold 0.1:
polytomy of size 3; rounds with additions with at least 5 support: 0; clusters: 745
polytomy of size 3; rounds with additions with at least 5 support: 0; clusters: 745
Threshold 0.2:
polytomy of size 4; rounds with additions with at least 5 support: 0; clusters: 745
polytomy of size 4; rounds with additions with at least 5 support: 0; clusters: 747
polytomy of size 5; rounds with additions with at least 5 support: 0; clusters: 747
Threshold 0.3333333333333333:
polytomy of size 3; rounds with additions with at least 5 support: 0; clusters: 745
polytomy of size 8; rounds with additions with at least 5 support: 0; clusters: 747
polytomy of size 6; rounds with additions with at least 5 support: 0; clusters: 747
Number of Clusters after addition by greedy: 747
partitions formed in 0.774 secs
Dynamic Programming starting after 0.774 secs
Polytree max score: 4015181
Polytree building time: 0.01 seconds.
Fail to load native library libAstral.dylib; use Java default computing method.
Number of quartet trees in the gene trees: 4015181
Computing hash values took 0 seconds
device length is: 2
TREE HEIGHT IS: 11
Size of largest cluster: 66
Size of largest cluster: 66
Finishing up:617 0 616
Total Number of elements: 616
Normalized score (portion of input quartet trees satisfied before correcting for multiple individuals): 0.8905481471445497
Final optimization score: 3575712
Optimal tree inferred in 1.903 secs.
Weight calculation using polytrees cumulatively took 0.0 secs
(Pseudaspis-cana_MCZA27068,(Buhoma-depressiceps_CFS1528,((Aparallactus-capensis_MCZA28808,(Pseudoxyrhopus-tritaeniatus_KU340969,(Micrelaps-sp_TauM16738,(((((((Sibynophis-bivittatus_KU309608,(Grayia-smythii_KU341872,((Boiga-irregularis_KU345021,((Ptyas-mucosa,(Pantherophis-guttatus,(Pantherophis-obsoletus,Pituophis-catenifer))),(Scolecophis-atrocinctus_KU289804,Tantilla-taeniata_KU289863))),(Ahaetulla-prasina_KU323364,Chrysopelea-ornata)))),(Pseudoxenodon-sp_KU312221,Calamaria-gervaisii_KU327406)),(Dipsas-indica_KU215336,Thermophis-baileyi)),(Thamnophis-sirtalis,Thamnophis-elegans)),(((Vipera-berus,((Bothrops-jararaca,(Crotalus-horridus,(Crotalus-tigris,(Crotalus-adamanteus,(Crotalus-pyrrhus,Crotalus-viridis))))),(Protobothrops-mucrosquamatus,Protobothrops-flavoviridis))),(Aplopeltura-boa_KU315147,(Achalinus-spinalis_KU312258,(Acrochordus-granulatus_KU302952,(Python-molurus,Boa-constrictor))))),(Cerberus-schneiderii_KU324534,Myanophis-thanlyinensis))),(Levitonius-mirus_KU337269,((Myersophis-alpestris_KU308684,(Oxyrhabdium-leporinum_KU346583,(Oxyrhabdium-modestum_KU310866,Oxyrhabdium-cfmodestum_KU338101))),(Cyclocorus-lineatus_KU335808,Hologerrhum-philippinum_KU330752)))),(((Elapsoidea-sundevallii_MCZR190390,(Micrurus-corallinus_KU289205,((Pseudonaja-textilis,(Notechis-scutatus,(Emydocephalus-ijimae,((Hydrophis-melanocephalus,Hydrophis-cyanocinctus),(Hydrophis-curtus,Hydrophis-hardwickii))))),(Laticauda-colubrina,Laticauda-laticaudata)))),(Ophiophagus-hannah,(Hemibungarus-mcclungi_KU303027,Naja-naja))),(Psammodynastes-pulverulentus_KU329686,Psammodynastes-pulverulentus_KU328547)))))),((Prosymna-visseri_MCZR190223,(Lamprophis-lineatus_EBG706,Chamaelycus-fasciatus_KU348632)),(Psammophis-sibilans_RAX2053,Rhamphiophis-oxyrhynchus_KU290451)))));
Final quartet score is: 3424179
Final normalized quartet score is: 0.8528081299448269
You may want to ignore posterior probabilities and other statistics related to the following branch branch because the effective number of genes impacting it is only 8:
	{Pantherophis-obsoletus, Pituophis-catenifer}
You may want to ignore posterior probabilities and other statistics related to the following branch branch because the effective number of genes impacting it is only 9:
	{Pantherophis-guttatus, Pantherophis-obsoletus, Pituophis-catenifer, Ptyas-mucosa}
You may want to ignore posterior probabilities and other statistics related to the following branch branch because the effective number of genes impacting it is only 8:
	{Ahaetulla-prasina_KU323364, Chrysopelea-ornata}
You may want to ignore posterior probabilities and other statistics related to the following branch branch because the effective number of genes impacting it is only 8:
	{Scolecophis-atrocinctus_KU289804, Tantilla-taeniata_KU289863}
You may want to ignore posterior probabilities and other statistics related to the following branch branch because the effective number of genes impacting it is only 9:
	{Pantherophis-guttatus, Pantherophis-obsoletus, Pituophis-catenifer}
You may want to ignore posterior probabilities and other statistics related to the following branch branch because the effective number of genes impacting it is only 9:
	{Ahaetulla-prasina_KU323364, Chrysopelea-ornata, Scolecophis-atrocinctus_KU289804, Tantilla-taeniata_KU289863, Pantherophis-guttatus, Pantherophis-obsoletus, Pituophis-catenifer, Ptyas-mucosa, Boiga-irregularis_KU345021}
You may want to ignore posterior probabilities and other statistics related to the following branch branch because the effective number of genes impacting it is only 8:
	{Scolecophis-atrocinctus_KU289804, Tantilla-taeniata_KU289863, Pantherophis-guttatus, Pantherophis-obsoletus, Pituophis-catenifer, Ptyas-mucosa}
You may want to ignore posterior probabilities and other statistics related to the following branch branch because the effective number of genes impacting it is only 10:
	{Sibynophis-bivittatus_KU309608, Ahaetulla-prasina_KU323364, Chrysopelea-ornata, Scolecophis-atrocinctus_KU289804, Tantilla-taeniata_KU289863, Pantherophis-guttatus, Pantherophis-obsoletus, Pituophis-catenifer, Ptyas-mucosa, Grayia-smythii_KU341872, Boiga-irregularis_KU345021}
You may want to ignore posterior probabilities and other statistics related to the following branch branch because the effective number of genes impacting it is only 8:
	{Scolecophis-atrocinctus_KU289804, Tantilla-taeniata_KU289863, Pantherophis-guttatus, Pantherophis-obsoletus, Pituophis-catenifer, Ptyas-mucosa, Boiga-irregularis_KU345021}
You may want to ignore posterior probabilities and other statistics related to the following branch branch because the effective number of genes impacting it is only 9:
	{Dipsas-indica_KU215336, Thermophis-baileyi}
You may want to ignore posterior probabilities and other statistics related to the following branch branch because the effective number of genes impacting it is only 9:
	{Ahaetulla-prasina_KU323364, Chrysopelea-ornata, Scolecophis-atrocinctus_KU289804, Tantilla-taeniata_KU289863, Pantherophis-guttatus, Pantherophis-obsoletus, Pituophis-catenifer, Ptyas-mucosa, Grayia-smythii_KU341872, Boiga-irregularis_KU345021}
You may want to ignore posterior probabilities and other statistics related to the following branch branch because the effective number of genes impacting it is only 6:
	{Pseudoxenodon-sp_KU312221, Calamaria-gervaisii_KU327406}
You may want to ignore posterior probabilities and other statistics related to the following branch branch because the effective number of genes impacting it is only 10:
	{Sibynophis-bivittatus_KU309608, Ahaetulla-prasina_KU323364, Chrysopelea-ornata, Scolecophis-atrocinctus_KU289804, Tantilla-taeniata_KU289863, Pantherophis-guttatus, Pantherophis-obsoletus, Pituophis-catenifer, Ptyas-mucosa, Grayia-smythii_KU341872, Pseudoxenodon-sp_KU312221, Calamaria-gervaisii_KU327406, Dipsas-indica_KU215336, Thermophis-baileyi, Boiga-irregularis_KU345021}
You may want to ignore posterior probabilities and other statistics related to the following branch branch because the effective number of genes impacting it is only 10:
	{Sibynophis-bivittatus_KU309608, Ahaetulla-prasina_KU323364, Chrysopelea-ornata, Scolecophis-atrocinctus_KU289804, Tantilla-taeniata_KU289863, Pantherophis-guttatus, Pantherophis-obsoletus, Pituophis-catenifer, Ptyas-mucosa, Grayia-smythii_KU341872, Pseudoxenodon-sp_KU312221, Calamaria-gervaisii_KU327406, Dipsas-indica_KU215336, Thermophis-baileyi, Thamnophis-sirtalis, Thamnophis-elegans, Boiga-irregularis_KU345021}
You may want to ignore posterior probabilities and other statistics related to the following branch branch because the effective number of genes impacting it is only 9:
	{Thamnophis-sirtalis, Thamnophis-elegans}
You may want to ignore posterior probabilities and other statistics related to the following branch branch because the effective number of genes impacting it is only 7:
	{Crotalus-pyrrhus, Crotalus-viridis}
You may want to ignore posterior probabilities and other statistics related to the following branch branch because the effective number of genes impacting it is only 9:
	{Crotalus-pyrrhus, Crotalus-viridis, Crotalus-tigris, Crotalus-adamanteus}
You may want to ignore posterior probabilities and other statistics related to the following branch branch because the effective number of genes impacting it is only 12:
	{Sibynophis-bivittatus_KU309608, Ahaetulla-prasina_KU323364, Chrysopelea-ornata, Scolecophis-atrocinctus_KU289804, Tantilla-taeniata_KU289863, Pantherophis-guttatus, Pantherophis-obsoletus, Pituophis-catenifer, Ptyas-mucosa, Grayia-smythii_KU341872, Pseudoxenodon-sp_KU312221, Calamaria-gervaisii_KU327406, Boiga-irregularis_KU345021}
You may want to ignore posterior probabilities and other statistics related to the following branch branch because the effective number of genes impacting it is only 10:
	{Crotalus-pyrrhus, Crotalus-viridis, Crotalus-tigris, Crotalus-adamanteus, Crotalus-horridus, Bothrops-jararaca}
You may want to ignore posterior probabilities and other statistics related to the following branch branch because the effective number of genes impacting it is only 10:
	{Crotalus-pyrrhus, Crotalus-viridis, Crotalus-tigris, Crotalus-adamanteus, Crotalus-horridus}
You may want to ignore posterior probabilities and other statistics related to the following branch branch because the effective number of genes impacting it is only 9:
	{Protobothrops-mucrosquamatus, Protobothrops-flavoviridis}
You may want to ignore posterior probabilities and other statistics related to the following branch branch because the effective number of genes impacting it is only 9:
	{Crotalus-pyrrhus, Crotalus-viridis, Crotalus-adamanteus}
You may want to ignore posterior probabilities and other statistics related to the following branch branch because the effective number of genes impacting it is only 5:
	{Python-molurus, Boa-constrictor, Acrochordus-granulatus_KU302952}
You may want to ignore posterior probabilities and other statistics related to the following branch branch because the effective number of genes impacting it is only 5:
	{Python-molurus, Boa-constrictor}
You may want to ignore posterior probabilities and other statistics related to the following branch branch because the effective number of genes impacting it is only 6:
	{Achalinus-spinalis_KU312258, Python-molurus, Boa-constrictor, Acrochordus-granulatus_KU302952}
You may want to ignore posterior probabilities and other statistics related to the following branch branch because the effective number of genes impacting it is only 9:
	{Cerberus-schneiderii_KU324534, Myanophis-thanlyinensis}
You may want to ignore posterior probabilities and other statistics related to the following branch branch because the effective number of genes impacting it is only 9:
	{Crotalus-pyrrhus, Crotalus-viridis, Crotalus-tigris, Crotalus-adamanteus, Crotalus-horridus, Bothrops-jararaca, Protobothrops-mucrosquamatus, Protobothrops-flavoviridis}
You may want to ignore posterior probabilities and other statistics related to the following branch branch because the effective number of genes impacting it is only 11:
	{Achalinus-spinalis_KU312258, Python-molurus, Boa-constrictor, Acrochordus-granulatus_KU302952, Aplopeltura-boa_KU315147, Crotalus-pyrrhus, Crotalus-viridis, Crotalus-tigris, Crotalus-adamanteus, Crotalus-horridus, Bothrops-jararaca, Protobothrops-mucrosquamatus, Protobothrops-flavoviridis, Vipera-berus, Cerberus-schneiderii_KU324534, Myanophis-thanlyinensis}
You may want to ignore posterior probabilities and other statistics related to the following branch branch because the effective number of genes impacting it is only 9:
	{Crotalus-pyrrhus, Crotalus-viridis, Crotalus-tigris, Crotalus-adamanteus, Crotalus-horridus, Bothrops-jararaca, Protobothrops-mucrosquamatus, Protobothrops-flavoviridis, Vipera-berus}
You may want to ignore posterior probabilities and other statistics related to the following branch branch because the effective number of genes impacting it is only 7:
	{Oxyrhabdium-modestum_KU310866, Oxyrhabdium-cfmodestum_KU338101, Oxyrhabdium-leporinum_KU346583}
You may want to ignore posterior probabilities and other statistics related to the following branch branch because the effective number of genes impacting it is only 10:
	{Cyclocorus-lineatus_KU335808, Hologerrhum-philippinum_KU330752}
You may want to ignore posterior probabilities and other statistics related to the following branch branch because the effective number of genes impacting it is only 10:
	{Oxyrhabdium-modestum_KU310866, Oxyrhabdium-cfmodestum_KU338101, Oxyrhabdium-leporinum_KU346583, Myersophis-alpestris_KU308684}
You may want to ignore posterior probabilities and other statistics related to the following branch branch because the effective number of genes impacting it is only 12:
	{Sibynophis-bivittatus_KU309608, Ahaetulla-prasina_KU323364, Chrysopelea-ornata, Scolecophis-atrocinctus_KU289804, Tantilla-taeniata_KU289863, Pantherophis-guttatus, Pantherophis-obsoletus, Pituophis-catenifer, Ptyas-mucosa, Grayia-smythii_KU341872, Pseudoxenodon-sp_KU312221, Calamaria-gervaisii_KU327406, Dipsas-indica_KU215336, Thermophis-baileyi, Achalinus-spinalis_KU312258, Python-molurus, Boa-constrictor, Acrochordus-granulatus_KU302952, Aplopeltura-boa_KU315147, Crotalus-pyrrhus, Crotalus-viridis, Crotalus-tigris, Crotalus-adamanteus, Crotalus-horridus, Bothrops-jararaca, Protobothrops-mucrosquamatus, Protobothrops-flavoviridis, Vipera-berus, Cerberus-schneiderii_KU324534, Myanophis-thanlyinensis, Thamnophis-sirtalis, Thamnophis-elegans, Boiga-irregularis_KU345021}
You may want to ignore posterior probabilities and other statistics related to the following branch branch because the effective number of genes impacting it is only 7:
	{Achalinus-spinalis_KU312258, Python-molurus, Boa-constrictor, Acrochordus-granulatus_KU302952, Aplopeltura-boa_KU315147}
You may want to ignore posterior probabilities and other statistics related to the following branch branch because the effective number of genes impacting it is only 11:
	{Oxyrhabdium-modestum_KU310866, Oxyrhabdium-cfmodestum_KU338101, Oxyrhabdium-leporinum_KU346583, Levitonius-mirus_KU337269, Myersophis-alpestris_KU308684, Cyclocorus-lineatus_KU335808, Hologerrhum-philippinum_KU330752}
You may want to ignore posterior probabilities and other statistics related to the following branch branch because the effective number of genes impacting it is only 11:
	{Oxyrhabdium-modestum_KU310866, Oxyrhabdium-cfmodestum_KU338101, Oxyrhabdium-leporinum_KU346583, Myersophis-alpestris_KU308684, Cyclocorus-lineatus_KU335808, Hologerrhum-philippinum_KU330752}
You may want to ignore posterior probabilities and other statistics related to the following branch branch because the effective number of genes impacting it is only 8:
	{Oxyrhabdium-modestum_KU310866, Oxyrhabdium-cfmodestum_KU338101}
You may want to ignore posterior probabilities and other statistics related to the following branch branch because the effective number of genes impacting it is only 9:
	{Hydrophis-curtus, Hydrophis-hardwickii}
You may want to ignore posterior probabilities and other statistics related to the following branch branch because the effective number of genes impacting it is only 9:
	{Achalinus-spinalis_KU312258, Python-molurus, Boa-constrictor, Acrochordus-granulatus_KU302952, Aplopeltura-boa_KU315147, Crotalus-pyrrhus, Crotalus-viridis, Crotalus-tigris, Crotalus-adamanteus, Crotalus-horridus, Bothrops-jararaca, Protobothrops-mucrosquamatus, Protobothrops-flavoviridis, Vipera-berus}
You may want to ignore posterior probabilities and other statistics related to the following branch branch because the effective number of genes impacting it is only 9:
	{Hydrophis-curtus, Hydrophis-hardwickii, Hydrophis-melanocephalus, Hydrophis-cyanocinctus, Emydocephalus-ijimae, Notechis-scutatus}
You may want to ignore posterior probabilities and other statistics related to the following branch branch because the effective number of genes impacting it is only 9:
	{Hydrophis-curtus, Hydrophis-hardwickii, Hydrophis-melanocephalus, Hydrophis-cyanocinctus, Emydocephalus-ijimae, Pseudonaja-textilis, Notechis-scutatus}
You may want to ignore posterior probabilities and other statistics related to the following branch branch because the effective number of genes impacting it is only 10:
	{Laticauda-colubrina, Laticauda-laticaudata}
You may want to ignore posterior probabilities and other statistics related to the following branch branch because the effective number of genes impacting it is only 10:
	{Hydrophis-curtus, Hydrophis-hardwickii, Hydrophis-melanocephalus, Hydrophis-cyanocinctus, Emydocephalus-ijimae}
You may want to ignore posterior probabilities and other statistics related to the following branch branch because the effective number of genes impacting it is only 12:
	{Oxyrhabdium-modestum_KU310866, Oxyrhabdium-cfmodestum_KU338101, Oxyrhabdium-leporinum_KU346583, Levitonius-mirus_KU337269, Myersophis-alpestris_KU308684, Cyclocorus-lineatus_KU335808, Hologerrhum-philippinum_KU330752, Sibynophis-bivittatus_KU309608, Ahaetulla-prasina_KU323364, Chrysopelea-ornata, Scolecophis-atrocinctus_KU289804, Tantilla-taeniata_KU289863, Pantherophis-guttatus, Pantherophis-obsoletus, Pituophis-catenifer, Ptyas-mucosa, Grayia-smythii_KU341872, Pseudoxenodon-sp_KU312221, Calamaria-gervaisii_KU327406, Dipsas-indica_KU215336, Thermophis-baileyi, Achalinus-spinalis_KU312258, Python-molurus, Boa-constrictor, Acrochordus-granulatus_KU302952, Aplopeltura-boa_KU315147, Crotalus-pyrrhus, Crotalus-viridis, Crotalus-tigris, Crotalus-adamanteus, Crotalus-horridus, Bothrops-jararaca, Protobothrops-mucrosquamatus, Protobothrops-flavoviridis, Vipera-berus, Cerberus-schneiderii_KU324534, Myanophis-thanlyinensis, Thamnophis-sirtalis, Thamnophis-elegans, Boiga-irregularis_KU345021}
You may want to ignore posterior probabilities and other statistics related to the following branch branch because the effective number of genes impacting it is only 7:
	{Hydrophis-curtus, Hydrophis-hardwickii, Hydrophis-melanocephalus, Hydrophis-cyanocinctus, Emydocephalus-ijimae, Pseudonaja-textilis, Notechis-scutatus, Laticauda-colubrina, Laticauda-laticaudata}
You may want to ignore posterior probabilities and other statistics related to the following branch branch because the effective number of genes impacting it is only 11:
	{Hydrophis-curtus, Hydrophis-hardwickii, Hydrophis-melanocephalus, Hydrophis-cyanocinctus, Emydocephalus-ijimae, Pseudonaja-textilis, Notechis-scutatus, Laticauda-colubrina, Laticauda-laticaudata, Micrurus-corallinus_KU289205, Elapsoidea-sundevallii_MCZR190390}
You may want to ignore posterior probabilities and other statistics related to the following branch branch because the effective number of genes impacting it is only 9:
	{Hemibungarus-mcclungi_KU303027, Naja-naja}
You may want to ignore posterior probabilities and other statistics related to the following branch branch because the effective number of genes impacting it is only 11:
	{Hydrophis-curtus, Hydrophis-hardwickii, Hydrophis-melanocephalus, Hydrophis-cyanocinctus}
You may want to ignore posterior probabilities and other statistics related to the following branch branch because the effective number of genes impacting it is only 8:
	{Hydrophis-curtus, Hydrophis-hardwickii, Hydrophis-melanocephalus, Hydrophis-cyanocinctus, Emydocephalus-ijimae, Pseudonaja-textilis, Notechis-scutatus, Laticauda-colubrina, Laticauda-laticaudata, Micrurus-corallinus_KU289205}
You may want to ignore posterior probabilities and other statistics related to the following branch branch because the effective number of genes impacting it is only 10:
	{Hydrophis-melanocephalus, Hydrophis-cyanocinctus}
You may want to ignore posterior probabilities and other statistics related to the following branch branch because the effective number of genes impacting it is only 5:
	{Oxyrhabdium-modestum_KU310866, Oxyrhabdium-cfmodestum_KU338101, Oxyrhabdium-leporinum_KU346583, Levitonius-mirus_KU337269, Myersophis-alpestris_KU308684, Cyclocorus-lineatus_KU335808, Hologerrhum-philippinum_KU330752, Psammodynastes-pulverulentus_KU329686, Sibynophis-bivittatus_KU309608, Ahaetulla-prasina_KU323364, Chrysopelea-ornata, Scolecophis-atrocinctus_KU289804, Tantilla-taeniata_KU289863, Pantherophis-guttatus, Pantherophis-obsoletus, Pituophis-catenifer, Ptyas-mucosa, Grayia-smythii_KU341872, Pseudoxenodon-sp_KU312221, Calamaria-gervaisii_KU327406, Dipsas-indica_KU215336, Thermophis-baileyi, Achalinus-spinalis_KU312258, Python-molurus, Boa-constrictor, Acrochordus-granulatus_KU302952, Aplopeltura-boa_KU315147, Crotalus-pyrrhus, Crotalus-viridis, Crotalus-tigris, Crotalus-adamanteus, Crotalus-horridus, Bothrops-jararaca, Protobothrops-mucrosquamatus, Protobothrops-flavoviridis, Vipera-berus, Cerberus-schneiderii_KU324534, Myanophis-thanlyinensis, Thamnophis-sirtalis, Thamnophis-elegans, Hemibungarus-mcclungi_KU303027, Hydrophis-curtus, Hydrophis-hardwickii, Hydrophis-melanocephalus, Hydrophis-cyanocinctus, Emydocephalus-ijimae, Pseudonaja-textilis, Notechis-scutatus, Laticauda-colubrina, Laticauda-laticaudata, Ophiophagus-hannah, Naja-naja, Micrurus-corallinus_KU289205, Elapsoidea-sundevallii_MCZR190390, Micrelaps-sp_TauM16738, Pseudoxyrhopus-tritaeniatus_KU340969, Boiga-irregularis_KU345021, Psammodynastes-pulverulentus_KU328547}
You may want to ignore posterior probabilities and other statistics related to the following branch branch because the effective number of genes impacting it is only 7:
	{Psammodynastes-pulverulentus_KU329686, Psammodynastes-pulverulentus_KU328547}
You may want to ignore posterior probabilities and other statistics related to the following branch branch because the effective number of genes impacting it is only 5:
	{Lamprophis-lineatus_EBG706, Chamaelycus-fasciatus_KU348632}
You may want to ignore posterior probabilities and other statistics related to the following branch branch because the effective number of genes impacting it is only 9:
	{Oxyrhabdium-modestum_KU310866, Oxyrhabdium-cfmodestum_KU338101, Oxyrhabdium-leporinum_KU346583, Levitonius-mirus_KU337269, Myersophis-alpestris_KU308684, Cyclocorus-lineatus_KU335808, Hologerrhum-philippinum_KU330752, Psammodynastes-pulverulentus_KU329686, Sibynophis-bivittatus_KU309608, Ahaetulla-prasina_KU323364, Chrysopelea-ornata, Scolecophis-atrocinctus_KU289804, Tantilla-taeniata_KU289863, Pantherophis-guttatus, Pantherophis-obsoletus, Pituophis-catenifer, Ptyas-mucosa, Grayia-smythii_KU341872, Pseudoxenodon-sp_KU312221, Calamaria-gervaisii_KU327406, Dipsas-indica_KU215336, Thermophis-baileyi, Achalinus-spinalis_KU312258, Python-molurus, Boa-constrictor, Acrochordus-granulatus_KU302952, Aplopeltura-boa_KU315147, Crotalus-pyrrhus, Crotalus-viridis, Crotalus-tigris, Crotalus-adamanteus, Crotalus-horridus, Bothrops-jararaca, Protobothrops-mucrosquamatus, Protobothrops-flavoviridis, Vipera-berus, Cerberus-schneiderii_KU324534, Myanophis-thanlyinensis, Thamnophis-sirtalis, Thamnophis-elegans, Hemibungarus-mcclungi_KU303027, Hydrophis-curtus, Hydrophis-hardwickii, Hydrophis-melanocephalus, Hydrophis-cyanocinctus, Emydocephalus-ijimae, Pseudonaja-textilis, Notechis-scutatus, Laticauda-colubrina, Laticauda-laticaudata, Ophiophagus-hannah, Naja-naja, Micrurus-corallinus_KU289205, Elapsoidea-sundevallii_MCZR190390, Boiga-irregularis_KU345021, Psammodynastes-pulverulentus_KU328547}
You may want to ignore posterior probabilities and other statistics related to the following branch branch because the effective number of genes impacting it is only 4:
	{Psammophis-sibilans_RAX2053, Rhamphiophis-oxyrhynchus_KU290451}
You may want to ignore posterior probabilities and other statistics related to the following branch branch because the effective number of genes impacting it is only 7:
	{Oxyrhabdium-modestum_KU310866, Oxyrhabdium-cfmodestum_KU338101, Oxyrhabdium-leporinum_KU346583, Levitonius-mirus_KU337269, Myersophis-alpestris_KU308684, Cyclocorus-lineatus_KU335808, Hologerrhum-philippinum_KU330752, Psammodynastes-pulverulentus_KU329686, Sibynophis-bivittatus_KU309608, Ahaetulla-prasina_KU323364, Chrysopelea-ornata, Scolecophis-atrocinctus_KU289804, Tantilla-taeniata_KU289863, Pantherophis-guttatus, Pantherophis-obsoletus, Pituophis-catenifer, Ptyas-mucosa, Grayia-smythii_KU341872, Pseudoxenodon-sp_KU312221, Calamaria-gervaisii_KU327406, Dipsas-indica_KU215336, Thermophis-baileyi, Achalinus-spinalis_KU312258, Python-molurus, Boa-constrictor, Acrochordus-granulatus_KU302952, Aplopeltura-boa_KU315147, Crotalus-pyrrhus, Crotalus-viridis, Crotalus-tigris, Crotalus-adamanteus, Crotalus-horridus, Bothrops-jararaca, Protobothrops-mucrosquamatus, Protobothrops-flavoviridis, Vipera-berus, Cerberus-schneiderii_KU324534, Myanophis-thanlyinensis, Thamnophis-sirtalis, Thamnophis-elegans, Hemibungarus-mcclungi_KU303027, Hydrophis-curtus, Hydrophis-hardwickii, Hydrophis-melanocephalus, Hydrophis-cyanocinctus, Emydocephalus-ijimae, Pseudonaja-textilis, Notechis-scutatus, Laticauda-colubrina, Laticauda-laticaudata, Ophiophagus-hannah, Naja-naja, Micrurus-corallinus_KU289205, Elapsoidea-sundevallii_MCZR190390, Micrelaps-sp_TauM16738, Boiga-irregularis_KU345021, Psammodynastes-pulverulentus_KU328547}
You may want to ignore posterior probabilities and other statistics related to the following branch branch because the effective number of genes impacting it is only 6:
	{Prosymna-visseri_MCZR190223, Lamprophis-lineatus_EBG706, Chamaelycus-fasciatus_KU348632}
You may want to ignore posterior probabilities and other statistics related to the following branch branch because the effective number of genes impacting it is only 9:
	{Hemibungarus-mcclungi_KU303027, Hydrophis-curtus, Hydrophis-hardwickii, Hydrophis-melanocephalus, Hydrophis-cyanocinctus, Emydocephalus-ijimae, Pseudonaja-textilis, Notechis-scutatus, Laticauda-colubrina, Laticauda-laticaudata, Ophiophagus-hannah, Naja-naja, Micrurus-corallinus_KU289205, Elapsoidea-sundevallii_MCZR190390}
You may want to ignore posterior probabilities and other statistics related to the following branch branch because the effective number of genes impacting it is only 9:
	{Psammodynastes-pulverulentus_KU329686, Hemibungarus-mcclungi_KU303027, Hydrophis-curtus, Hydrophis-hardwickii, Hydrophis-melanocephalus, Hydrophis-cyanocinctus, Emydocephalus-ijimae, Pseudonaja-textilis, Notechis-scutatus, Laticauda-colubrina, Laticauda-laticaudata, Ophiophagus-hannah, Naja-naja, Micrurus-corallinus_KU289205, Elapsoidea-sundevallii_MCZR190390, Psammodynastes-pulverulentus_KU328547}
You may want to ignore posterior probabilities and other statistics related to the following branch branch because the effective number of genes impacting it is only 10:
	{Hemibungarus-mcclungi_KU303027, Ophiophagus-hannah, Naja-naja}
You may want to ignore posterior probabilities and other statistics related to the following branch branch because the effective number of genes impacting it is only 7:
	{Oxyrhabdium-modestum_KU310866, Oxyrhabdium-cfmodestum_KU338101, Oxyrhabdium-leporinum_KU346583, Levitonius-mirus_KU337269, Myersophis-alpestris_KU308684, Cyclocorus-lineatus_KU335808, Hologerrhum-philippinum_KU330752, Psammodynastes-pulverulentus_KU329686, Sibynophis-bivittatus_KU309608, Ahaetulla-prasina_KU323364, Chrysopelea-ornata, Scolecophis-atrocinctus_KU289804, Tantilla-taeniata_KU289863, Pantherophis-guttatus, Pantherophis-obsoletus, Pituophis-catenifer, Ptyas-mucosa, Grayia-smythii_KU341872, Pseudoxenodon-sp_KU312221, Calamaria-gervaisii_KU327406, Dipsas-indica_KU215336, Thermophis-baileyi, Achalinus-spinalis_KU312258, Python-molurus, Boa-constrictor, Acrochordus-granulatus_KU302952, Aplopeltura-boa_KU315147, Crotalus-pyrrhus, Crotalus-viridis, Crotalus-tigris, Crotalus-adamanteus, Crotalus-horridus, Bothrops-jararaca, Protobothrops-mucrosquamatus, Protobothrops-flavoviridis, Vipera-berus, Cerberus-schneiderii_KU324534, Myanophis-thanlyinensis, Thamnophis-sirtalis, Thamnophis-elegans, Hemibungarus-mcclungi_KU303027, Hydrophis-curtus, Hydrophis-hardwickii, Hydrophis-melanocephalus, Hydrophis-cyanocinctus, Emydocephalus-ijimae, Pseudonaja-textilis, Notechis-scutatus, Laticauda-colubrina, Laticauda-laticaudata, Ophiophagus-hannah, Naja-naja, Micrurus-corallinus_KU289205, Elapsoidea-sundevallii_MCZR190390, Aparallactus-capensis_MCZA28808, Micrelaps-sp_TauM16738, Pseudoxyrhopus-tritaeniatus_KU340969, Boiga-irregularis_KU345021, Psammodynastes-pulverulentus_KU328547}
You may want to ignore posterior probabilities and other statistics related to the following branch branch because the effective number of genes impacting it is only 7:
	{Psammophis-sibilans_RAX2053, Rhamphiophis-oxyrhynchus_KU290451, Prosymna-visseri_MCZR190223, Lamprophis-lineatus_EBG706, Chamaelycus-fasciatus_KU348632}
You may want to ignore posterior probabilities and other statistics related to the following branch branch because the effective number of genes impacting it is only 8:
	{Oxyrhabdium-modestum_KU310866, Oxyrhabdium-cfmodestum_KU338101, Oxyrhabdium-leporinum_KU346583, Levitonius-mirus_KU337269, Myersophis-alpestris_KU308684, Cyclocorus-lineatus_KU335808, Hologerrhum-philippinum_KU330752, Psammodynastes-pulverulentus_KU329686, Sibynophis-bivittatus_KU309608, Ahaetulla-prasina_KU323364, Chrysopelea-ornata, Scolecophis-atrocinctus_KU289804, Tantilla-taeniata_KU289863, Pantherophis-guttatus, Pantherophis-obsoletus, Pituophis-catenifer, Ptyas-mucosa, Grayia-smythii_KU341872, Pseudoxenodon-sp_KU312221, Calamaria-gervaisii_KU327406, Dipsas-indica_KU215336, Thermophis-baileyi, Achalinus-spinalis_KU312258, Python-molurus, Boa-constrictor, Acrochordus-granulatus_KU302952, Aplopeltura-boa_KU315147, Crotalus-pyrrhus, Crotalus-viridis, Crotalus-tigris, Crotalus-adamanteus, Crotalus-horridus, Bothrops-jararaca, Protobothrops-mucrosquamatus, Protobothrops-flavoviridis, Vipera-berus, Cerberus-schneiderii_KU324534, Myanophis-thanlyinensis, Thamnophis-sirtalis, Thamnophis-elegans, Hemibungarus-mcclungi_KU303027, Hydrophis-curtus, Hydrophis-hardwickii, Hydrophis-melanocephalus, Hydrophis-cyanocinctus, Emydocephalus-ijimae, Pseudonaja-textilis, Notechis-scutatus, Laticauda-colubrina, Laticauda-laticaudata, Ophiophagus-hannah, Naja-naja, Micrurus-corallinus_KU289205, Elapsoidea-sundevallii_MCZR190390, Aparallactus-capensis_MCZA28808, Psammophis-sibilans_RAX2053, Rhamphiophis-oxyrhynchus_KU290451, Micrelaps-sp_TauM16738, Prosymna-visseri_MCZR190223, Lamprophis-lineatus_EBG706, Pseudoxyrhopus-tritaeniatus_KU340969, Chamaelycus-fasciatus_KU348632, Boiga-irregularis_KU345021, Psammodynastes-pulverulentus_KU328547}
(Pseudaspis-cana_MCZA27068,(Buhoma-depressiceps_CFS1528,((Aparallactus-capensis_MCZA28808,(Pseudoxyrhopus-tritaeniatus_KU340969,(Micrelaps-sp_TauM16738,(((((((Sibynophis-bivittatus_KU309608,(Grayia-smythii_KU341872,((Boiga-irregularis_KU345021,((Ptyas-mucosa,(Pantherophis-guttatus,(Pantherophis-obsoletus,Pituophis-catenifer)0.97:0.6931471805599453)1:1.8971199848858815)0.93:0.5039051809214168,(Scolecophis-atrocinctus_KU289804,Tantilla-taeniata_KU289863)1:1.7917594692280545)0.58:0.13353139262452274)1:1.1252805357502709,(Ahaetulla-prasina_KU323364,Chrysopelea-ornata)1:1.7917594692280545)0.96:0.5936876172088092)0.98:0.7403055336848984)0.59:0.14330098151409798,(Pseudoxenodon-sp_KU312221,Calamaria-gervaisii_KU327406)0.47:0.05745826344479168)0.4:0.012487670421160283,(Dipsas-indica_KU215336,Thermophis-baileyi)0.94:0.5638885848410408)0.25:2.1898175357546118E-4,(Thamnophis-sirtalis,Thamnophis-elegans)1:1.8971199848858815)1:1.0126261935939056,(((Vipera-berus,((Bothrops-jararaca,(Crotalus-horridus,(Crotalus-tigris,(Crotalus-adamanteus,(Crotalus-pyrrhus,Crotalus-viridis)0.43:0.0649223491873193)0.6:0.18687737332981544)0.99:0.7985076962177715)1:1.9924301646902058)1:1.9924301646902058,(Protobothrops-mucrosquamatus,Protobothrops-flavoviridis)1:1.8971199848858815)1:1.2039728043259361)1:1.8971199848858815,(Aplopeltura-boa_KU315147,(Achalinus-spinalis_KU312258,(Acrochordus-granulatus_KU302952,(Python-molurus,Boa-constrictor)0.99:1.3862943611198908)0.93:0.6931471805599453)0.97:0.8602012652231115)0.74:0.2876820724517809)1:1.8971199848858815,(Cerberus-schneiderii_KU324534,Myanophis-thanlyinensis)1:1.8971199848858815)0.67:0.17940040472463026)1:0.9171314445157055,(Levitonius-mirus_KU337269,((Myersophis-alpestris_KU308684,(Oxyrhabdium-leporinum_KU346583,(Oxyrhabdium-modestum_KU310866,Oxyrhabdium-cfmodestum_KU338101)1:1.7917594692280545)1:1.6739764335716716)0.68:0.1948864075241755,(Cyclocorus-lineatus_KU335808,Hologerrhum-philippinum_KU330752)1:1.3150313410984)0.82:0.3279202000770976)0.95:0.5335449153611767)0.47:0.09567294925679695,(((Elapsoidea-sundevallii_MCZR190390,(Micrurus-corallinus_KU289205,((Pseudonaja-textilis,(Notechis-scutatus,(Emydocephalus-ijimae,((Hydrophis-melanocephalus,Hydrophis-cyanocinctus)0.93:0.48835276791393223,(Hydrophis-curtus,Hydrophis-hardwickii)0.78:0.2876820724517809)1:2.0794415416798353)1:1.9924301646902058)0.99:0.7985076962177715)1:1.309333319983762,(Laticauda-colubrina,Laticauda-laticaudata)1:1.9924301646902058)1:1.3512030413086202)0.38:0.0)0.45:0.098919114738581,(Ophiophagus-hannah,(Hemibungarus-mcclungi_KU303027,Naja-naja)0.54:0.1053605156578264)1:1.0625952077082936)1:1.864330162062891,(Psammodynastes-pulverulentus_KU329686,Psammodynastes-pulverulentus_KU328547)1:1.6739764335716716)0.35:0.013836464197179585)0.87:0.40262414648279354)0.47:0.0488030960245938)0.88:0.5571189077368357)0.39:0.0,((Prosymna-visseri_MCZR190223,(Lamprophis-lineatus_EBG706,Chamaelycus-fasciatus_KU348632)0.91:0.6072047507592204)0.62:0.1829333634047759,(Psammophis-sibilans_RAX2053,Rhamphiophis-oxyrhynchus_KU290451)0.98:1.2039728043259361)0.69:0.2880355719687408)0.26:0.0));
ASTRAL finished in 2.214 secs
Shutting down threading
