

================== ASTRAL ===================== 

This is ASTRAL version 5.15.5
Warning: 
 Fail to load native library libAstral.dylib; use Java default computing method without AVX2, which is 4X slower. 
 Make sure you are using the correct Djava.library.path (to the `lib` directory under ASTRAL where libAstral.dylib can be found). 
 Trying running make.sh. For mode debugging, run: java -Djava.library.path=lib/ -jar native_library_tester.jar
Gene trees are treated as unrooted
Detected GPU devices: 
Device 1 of 2: Apple M1 cl_device_id[0xffffffff] Vendor: Intel
Device 2 of 2: Apple M1 cl_device_id[0x1027f00] Vendor: Apple
Will use Device : Apple M1
Will use Device : Apple M1
Starting 8 threads ...
There are 8 threads used to run.
89 trees read from /dev/fd/11
All output trees will be *arbitrarily* rooted at Pseudoxyrhopus-tritaeniatus_KU340969

======== Running the main analysis
Number of taxa: 66 (66 species)
Taxa: [Pseudoxyrhopus-tritaeniatus_KU340969, Pseudaspis-cana_MCZA27068, Buhoma-depressiceps_CFS1528, Aparallactus-capensis_MCZA28808, Chamaelycus-fasciatus_KU348632, Lamprophis-lineatus_EBG706, Micrelaps-sp_TauM16738, Prosymna-visseri_MCZR190223, Oxyrhabdium-modestum_KU310866, Oxyrhabdium-cfmodestum_KU338101, Oxyrhabdium-leporinum_KU346583, Cyclocorus-lineatus_KU335808, Hologerrhum-philippinum_KU330752, Myersophis-alpestris_KU308684, Psammodynastes-pulverulentus_KU328547, Psammodynastes-pulverulentus_KU329686, Hemibungarus-mcclungi_KU303027, Micrurus-corallinus_KU289205, Elapsoidea-sundevallii_MCZR190390, Ophiophagus-hannah, Naja-naja, Hydrophis-curtus, Hydrophis-hardwickii, Hydrophis-cyanocinctus, Hydrophis-melanocephalus, Emydocephalus-ijimae, Notechis-scutatus, Pseudonaja-textilis, Laticauda-colubrina, Laticauda-laticaudata, Psammophis-sibilans_RAX2053, Rhamphiophis-oxyrhynchus_KU290451, Levitonius-mirus_KU337269, Thamnophis-sirtalis, Thamnophis-elegans, Pseudoxenodon-sp_KU312221, Dipsas-indica_KU215336, Thermophis-baileyi, Sibynophis-bivittatus_KU309608, Ahaetulla-prasina_KU323364, Chrysopelea-ornata, Scolecophis-atrocinctus_KU289804, Tantilla-taeniata_KU289863, Ptyas-mucosa, Boiga-irregularis_KU345021, Pantherophis-guttatus, Pantherophis-obsoletus, Pituophis-catenifer, Grayia-smythii_KU341872, Calamaria-gervaisii_KU327406, Achalinus-spinalis_KU312258, Acrochordus-granulatus_KU302952, Python-molurus, Boa-constrictor, Aplopeltura-boa_KU315147, Crotalus-pyrrhus, Crotalus-viridis, Crotalus-tigris, Crotalus-adamanteus, Crotalus-horridus, Bothrops-jararaca, Protobothrops-mucrosquamatus, Protobothrops-flavoviridis, Vipera-berus, Cerberus-schneiderii_KU324534, Myanophis-thanlyinensis]
Taxon occupancy: {Protobothrops-flavoviridis=85, Hologerrhum-philippinum_KU330752=84, Thamnophis-sirtalis=75, Hydrophis-hardwickii=85, Psammophis-sibilans_RAX2053=75, Crotalus-pyrrhus=85, Elapsoidea-sundevallii_MCZR190390=82, Bothrops-jararaca=79, Notechis-scutatus=84, Levitonius-mirus_KU337269=78, Buhoma-depressiceps_CFS1528=71, Ophiophagus-hannah=87, Scolecophis-atrocinctus_KU289804=77, Ptyas-mucosa=83, Calamaria-gervaisii_KU327406=80, Boiga-irregularis_KU345021=80, Aparallactus-capensis_MCZA28808=71, Myanophis-thanlyinensis=80, Ahaetulla-prasina_KU323364=77, Python-molurus=77, Pseudaspis-cana_MCZA27068=77, Psammodynastes-pulverulentus_KU328547=74, Rhamphiophis-oxyrhynchus_KU290451=77, Crotalus-tigris=83, Pantherophis-obsoletus=83, Protobothrops-mucrosquamatus=85, Vipera-berus=82, Chrysopelea-ornata=79, Thamnophis-elegans=76, Laticauda-laticaudata=82, Myersophis-alpestris_KU308684=76, Oxyrhabdium-leporinum_KU346583=81, Acrochordus-granulatus_KU302952=70, Cyclocorus-lineatus_KU335808=81, Oxyrhabdium-cfmodestum_KU338101=82, Tantilla-taeniata_KU289863=82, Grayia-smythii_KU341872=83, Crotalus-viridis=82, Crotalus-adamanteus=84, Pseudoxyrhopus-tritaeniatus_KU340969=78, Dipsas-indica_KU215336=79, Oxyrhabdium-modestum_KU310866=79, Emydocephalus-ijimae=86, Pantherophis-guttatus=83, Sibynophis-bivittatus_KU309608=79, Aplopeltura-boa_KU315147=74, Thermophis-baileyi=82, Pituophis-catenifer=80, Lamprophis-lineatus_EBG706=82, Hydrophis-curtus=85, Pseudoxenodon-sp_KU312221=80, Chamaelycus-fasciatus_KU348632=79, Hemibungarus-mcclungi_KU303027=79, Pseudonaja-textilis=87, Laticauda-colubrina=86, Crotalus-horridus=86, Micrurus-corallinus_KU289205=81, Boa-constrictor=77, Psammodynastes-pulverulentus_KU329686=68, Hydrophis-melanocephalus=84, Achalinus-spinalis_KU312258=70, Micrelaps-sp_TauM16738=75, Prosymna-visseri_MCZR190223=78, Naja-naja=89, Hydrophis-cyanocinctus=86, Cerberus-schneiderii_KU324534=79}
Using polytree-based weight calculation.
Number of gene trees: 89
73 trees have missing taxa
Calculating distance matrix (for completion of X) ....with 4 distance matrices for parallellism
Species tree distances calculated ...

Will attempt to complete bipartitions from X before adding using a distance matrix.
Building set of clusters (X) from gene trees 
------------------------------
Number of Clusters after addition from gene trees: 2451
Number of Clusters after addition by distance: 2451
Adding to X using resolutions of greedy consensus ...

Computing greedy consensus  
took 0 seconds
Limit for sigma of degrees:1700

polytomy size limit : > 10
 [3, 3, 3, 4, 4, 4, 4, 4, 8, 10]
discarded polytomies: 
Threshold 0.0:
Threshold 0.01:
Threshold 0.02:
Threshold 0.05:
polytomy of size 3; rounds with additions with at least 5 support: 0; clusters: 2451
Threshold 0.1:
polytomy of size 4; rounds with additions with at least 5 support: 0; clusters: 2451
Threshold 0.2:
polytomy of size 4; rounds with additions with at least 5 support: 0; clusters: 2451
polytomy of size 8; rounds with additions with at least 5 support: 0; clusters: 2453
Threshold 0.3333333333333333:
polytomy of size 3; rounds with additions with at least 5 support: 0; clusters: 2451
polytomy of size 3; rounds with additions with at least 5 support: 0; clusters: 2451
polytomy of size 4; rounds with additions with at least 5 support: 0; clusters: 2451
polytomy of size 4; rounds with additions with at least 5 support: 0; clusters: 2453
polytomy of size 4; rounds with additions with at least 5 support: 0; clusters: 2453
polytomy of size 10; rounds with additions with at least 5 support: 0; clusters: 2453
Number of Clusters after addition by greedy: 2453
partitions formed in 1.474 secs
Dynamic Programming starting after 1.474 secs
Polytree max score: 46820251
Polytree building time: 0.042 seconds.
Fail to load native library libAstral.dylib; use Java default computing method.
Number of quartet trees in the gene trees: 46820251
Computing hash values took 0 seconds
device length is: 2
TREE HEIGHT IS: 14
Size of largest cluster: 66
Size of largest cluster: 66
Finishing up:4114 0 4113
Total Number of elements: 4113
Normalized score (portion of input quartet trees satisfied before correcting for multiple individuals): 0.853490042161457
Final optimization score: 39960618
Optimal tree inferred in 2.74 secs.
Weight calculation using polytrees cumulatively took 0.0 secs
(Pseudoxyrhopus-tritaeniatus_KU340969,((Micrelaps-sp_TauM16738,(((((((Vipera-berus,((Bothrops-jararaca,(Crotalus-horridus,((Crotalus-pyrrhus,Crotalus-tigris),(Crotalus-viridis,Crotalus-adamanteus)))),(Protobothrops-mucrosquamatus,Protobothrops-flavoviridis))),(Aplopeltura-boa_KU315147,(Achalinus-spinalis_KU312258,(Acrochordus-granulatus_KU302952,(Python-molurus,Boa-constrictor))))),(Cerberus-schneiderii_KU324534,Myanophis-thanlyinensis)),((Sibynophis-bivittatus_KU309608,(((Boiga-irregularis_KU345021,((Ptyas-mucosa,(Scolecophis-atrocinctus_KU289804,Tantilla-taeniata_KU289863)),(Pituophis-catenifer,(Pantherophis-guttatus,Pantherophis-obsoletus)))),(Ahaetulla-prasina_KU323364,Chrysopelea-ornata)),(Grayia-smythii_KU341872,Calamaria-gervaisii_KU327406))),((Thamnophis-sirtalis,Thamnophis-elegans),(Pseudoxenodon-sp_KU312221,(Dipsas-indica_KU215336,Thermophis-baileyi))))),(((Myersophis-alpestris_KU308684,Levitonius-mirus_KU337269),(Oxyrhabdium-modestum_KU310866,(Oxyrhabdium-cfmodestum_KU338101,Oxyrhabdium-leporinum_KU346583))),(Cyclocorus-lineatus_KU335808,Hologerrhum-philippinum_KU330752))),(Psammodynastes-pulverulentus_KU328547,Psammodynastes-pulverulentus_KU329686)),(Micrurus-corallinus_KU289205,((Elapsoidea-sundevallii_MCZR190390,((Pseudonaja-textilis,(Notechis-scutatus,(Emydocephalus-ijimae,((Hydrophis-cyanocinctus,Hydrophis-melanocephalus),(Hydrophis-curtus,Hydrophis-hardwickii))))),(Laticauda-colubrina,Laticauda-laticaudata))),(Naja-naja,(Hemibungarus-mcclungi_KU303027,Ophiophagus-hannah)))))),(((Buhoma-depressiceps_CFS1528,Aparallactus-capensis_MCZA28808),(Prosymna-visseri_MCZR190223,(Chamaelycus-fasciatus_KU348632,Lamprophis-lineatus_EBG706))),(Pseudaspis-cana_MCZA27068,(Psammophis-sibilans_RAX2053,Rhamphiophis-oxyrhynchus_KU290451)))));
Final quartet score is: 38109449
Final normalized quartet score is: 0.8139522575391576
(Pseudoxyrhopus-tritaeniatus_KU340969,((Micrelaps-sp_TauM16738,(((((((Vipera-berus,((Bothrops-jararaca,(Crotalus-horridus,((Crotalus-pyrrhus,Crotalus-tigris)0.84:0.12254521705875446,(Crotalus-viridis,Crotalus-adamanteus)0.5:0.04528938488713647)1:0.9148540747749092)1:2.3505943121804074)1:1.4588650539547259,(Protobothrops-mucrosquamatus,Protobothrops-flavoviridis)1:1.6765272294209397)1:1.9764935724273944)1:3.0801419135032715,(Aplopeltura-boa_KU315147,(Achalinus-spinalis_KU312258,(Acrochordus-granulatus_KU302952,(Python-molurus,Boa-constrictor)1:3.0202232935622884)1:1.7682684561524566)1:1.9779983508093086)1:0.7678849181801233)1:2.218130802020388,(Cerberus-schneiderii_KU324534,Myanophis-thanlyinensis)1:3.205452804536062)0.99:0.24612739721964827,((Sibynophis-bivittatus_KU309608,(((Boiga-irregularis_KU345021,((Ptyas-mucosa,(Scolecophis-atrocinctus_KU289804,Tantilla-taeniata_KU289863)1:1.31936124088263)1:0.311646158227143,(Pituophis-catenifer,(Pantherophis-guttatus,Pantherophis-obsoletus)1:0.3000008418666479)1:2.615681779678179)0.99:0.26916486190232264)1:1.9329846879949828,(Ahaetulla-prasina_KU323364,Chrysopelea-ornata)1:1.6742947401832005)1:0.6328008641662111,(Grayia-smythii_KU341872,Calamaria-gervaisii_KU327406)0.65:0.07282408368003064)0.99:0.2585743417104064)1:0.6785312795346404,((Thamnophis-sirtalis,Thamnophis-elegans)1:3.8430301339411983,(Pseudoxenodon-sp_KU312221,(Dipsas-indica_KU215336,Thermophis-baileyi)0.96:0.20006840019041175)0.57:0.05795378070547916)0.59:0.059781707687110115)1:1.156784553475021)1:1.4117644587097748,(((Myersophis-alpestris_KU308684,Levitonius-mirus_KU337269)0.6:0.06925007671482553,(Oxyrhabdium-modestum_KU310866,(Oxyrhabdium-cfmodestum_KU338101,Oxyrhabdium-leporinum_KU346583)0.76:0.23638877806423023)1:3.7419670034959145)1:0.591478574402703,(Cyclocorus-lineatus_KU335808,Hologerrhum-philippinum_KU330752)1:1.568369923997009)1:1.7769372464631576)0.89:0.15599296147781577,(Psammodynastes-pulverulentus_KU328547,Psammodynastes-pulverulentus_KU329686)1:3.001829285212686)0.6:0.06742729396971062,(Micrurus-corallinus_KU289205,((Elapsoidea-sundevallii_MCZR190390,((Pseudonaja-textilis,(Notechis-scutatus,(Emydocephalus-ijimae,((Hydrophis-cyanocinctus,Hydrophis-melanocephalus)1:0.5288441292686688,(Hydrophis-curtus,Hydrophis-hardwickii)1:0.520014049820397)1:2.7961192196499765)1:3.0904402250956116)1:0.3473413795159919)1:1.9209125711456942,(Laticauda-colubrina,Laticauda-laticaudata)1:3.3202283191284896)1:3.1039815731177085)0.98:0.21845119457440274,(Naja-naja,(Hemibungarus-mcclungi_KU303027,Ophiophagus-hannah)0.85:0.13241916064529738)1:0.626282016292331)0.98:0.22133255145813727)1:2.3625821157707496)0.8:0.11748333027164172)0.9:0.16776782658707087,(((Buhoma-depressiceps_CFS1528,Aparallactus-capensis_MCZA28808)0.72:0.09931733509523173,(Prosymna-visseri_MCZR190223,(Chamaelycus-fasciatus_KU348632,Lamprophis-lineatus_EBG706)1:1.6005441624781986)0.57:0.05739855540122677)0.64:0.06818689820217713,(Pseudaspis-cana_MCZA27068,(Psammophis-sibilans_RAX2053,Rhamphiophis-oxyrhynchus_KU290451)1:2.1817530411961426)0.67:0.07979686042397707)0.74:0.09614800661222037));
ASTRAL finished in 3.388 secs
Shutting down threading
