

================== ASTRAL ===================== 

This is ASTRAL version 5.15.5
Warning: 
 Fail to load native library libAstral.dylib; use Java default computing method without AVX2, which is 4X slower. 
 Make sure you are using the correct Djava.library.path (to the `lib` directory under ASTRAL where libAstral.dylib can be found). 
 Trying running make.sh. For mode debugging, run: java -Djava.library.path=lib/ -jar native_library_tester.jar
Gene trees are treated as unrooted
Detected GPU devices: 
Device 1 of 2: Apple M1 cl_device_id[0xffffffff] Vendor: Intel
Device 2 of 2: Apple M1 cl_device_id[0x1027f00] Vendor: Apple
Will use Device : Apple M1
Will use Device : Apple M1
Starting 8 threads ...
There are 8 threads used to run.
25 trees read from /dev/fd/11
All output trees will be *arbitrarily* rooted at Pseudoxyrhopus-tritaeniatus_KU340969

======== Running the main analysis
Number of taxa: 66 (66 species)
Taxa: [Pseudoxyrhopus-tritaeniatus_KU340969, Pseudaspis-cana_MCZA27068, Chamaelycus-fasciatus_KU348632, Lamprophis-lineatus_EBG706, Prosymna-visseri_MCZR190223, Hemibungarus-mcclungi_KU303027, Elapsoidea-sundevallii_MCZR190390, Hydrophis-curtus, Hydrophis-hardwickii, Hydrophis-cyanocinctus, Hydrophis-melanocephalus, Emydocephalus-ijimae, Pseudonaja-textilis, Notechis-scutatus, Laticauda-colubrina, Laticauda-laticaudata, Ophiophagus-hannah, Naja-naja, Micrurus-corallinus_KU289205, Oxyrhabdium-modestum_KU310866, Oxyrhabdium-cfmodestum_KU338101, Oxyrhabdium-leporinum_KU346583, Levitonius-mirus_KU337269, Myersophis-alpestris_KU308684, Cyclocorus-lineatus_KU335808, Hologerrhum-philippinum_KU330752, Psammodynastes-pulverulentus_KU328547, Psammodynastes-pulverulentus_KU329686, Sibynophis-bivittatus_KU309608, Scolecophis-atrocinctus_KU289804, Boiga-irregularis_KU345021, Tantilla-taeniata_KU289863, Pantherophis-guttatus, Pantherophis-obsoletus, Chrysopelea-ornata, Ptyas-mucosa, Ahaetulla-prasina_KU323364, Grayia-smythii_KU341872, Calamaria-gervaisii_KU327406, Dipsas-indica_KU215336, Thermophis-baileyi, Achalinus-spinalis_KU312258, Acrochordus-granulatus_KU302952, Python-molurus, Boa-constrictor, Aplopeltura-boa_KU315147, Crotalus-pyrrhus, Crotalus-horridus, Crotalus-viridis, Crotalus-tigris, Crotalus-adamanteus, Bothrops-jararaca, Protobothrops-mucrosquamatus, Protobothrops-flavoviridis, Vipera-berus, Cerberus-schneiderii_KU324534, Myanophis-thanlyinensis, Pseudoxenodon-sp_KU312221, Thamnophis-sirtalis, Thamnophis-elegans, Buhoma-depressiceps_CFS1528, Psammophis-sibilans_RAX2053, Rhamphiophis-oxyrhynchus_KU290451, Aparallactus-capensis_MCZA28808, Micrelaps-sp_TauM16738, Pituophis-catenifer]
Taxon occupancy: {Protobothrops-flavoviridis=25, Hologerrhum-philippinum_KU330752=23, Thamnophis-sirtalis=18, Hydrophis-hardwickii=19, Psammophis-sibilans_RAX2053=22, Crotalus-pyrrhus=24, Elapsoidea-sundevallii_MCZR190390=22, Bothrops-jararaca=22, Notechis-scutatus=23, Levitonius-mirus_KU337269=21, Buhoma-depressiceps_CFS1528=20, Ophiophagus-hannah=23, Scolecophis-atrocinctus_KU289804=21, Ptyas-mucosa=22, Calamaria-gervaisii_KU327406=21, Boiga-irregularis_KU345021=21, Aparallactus-capensis_MCZA28808=22, Myanophis-thanlyinensis=17, Ahaetulla-prasina_KU323364=22, Python-molurus=20, Pseudaspis-cana_MCZA27068=24, Psammodynastes-pulverulentus_KU328547=21, Crotalus-tigris=22, Rhamphiophis-oxyrhynchus_KU290451=22, Pantherophis-obsoletus=25, Protobothrops-mucrosquamatus=23, Vipera-berus=21, Chrysopelea-ornata=21, Thamnophis-elegans=20, Laticauda-laticaudata=24, Myersophis-alpestris_KU308684=24, Oxyrhabdium-leporinum_KU346583=22, Acrochordus-granulatus_KU302952=19, Cyclocorus-lineatus_KU335808=24, Oxyrhabdium-cfmodestum_KU338101=23, Tantilla-taeniata_KU289863=22, Grayia-smythii_KU341872=21, Crotalus-viridis=21, Crotalus-adamanteus=24, Pseudoxyrhopus-tritaeniatus_KU340969=23, Dipsas-indica_KU215336=20, Oxyrhabdium-modestum_KU310866=23, Emydocephalus-ijimae=22, Pantherophis-guttatus=23, Sibynophis-bivittatus_KU309608=21, Aplopeltura-boa_KU315147=22, Thermophis-baileyi=23, Pituophis-catenifer=20, Lamprophis-lineatus_EBG706=21, Hydrophis-curtus=23, Pseudoxenodon-sp_KU312221=17, Chamaelycus-fasciatus_KU348632=19, Hemibungarus-mcclungi_KU303027=22, Pseudonaja-textilis=24, Laticauda-colubrina=23, Crotalus-horridus=23, Micrurus-corallinus_KU289205=20, Boa-constrictor=20, Psammodynastes-pulverulentus_KU329686=20, Hydrophis-melanocephalus=22, Achalinus-spinalis_KU312258=18, Micrelaps-sp_TauM16738=22, Prosymna-visseri_MCZR190223=19, Naja-naja=25, Hydrophis-cyanocinctus=23, Cerberus-schneiderii_KU324534=19}
Using polytree-based weight calculation.
Number of gene trees: 25
23 trees have missing taxa
Calculating distance matrix (for completion of X) ....with 4 distance matrices for parallellism
Species tree distances calculated ...

Will attempt to complete bipartitions from X before adding using a distance matrix.
Building set of clusters (X) from gene trees 
------------------------------
Number of Clusters after addition from gene trees: 1105
Number of Clusters after addition by distance: 1105
Adding to X using resolutions of greedy consensus ...

Computing greedy consensus  
took 0 seconds
Limit for sigma of degrees:1700

polytomy size limit : > 10
 [3, 3, 4, 4, 4, 4, 5, 8, 10]
discarded polytomies: 
Threshold 0.0:
Threshold 0.01:
Threshold 0.02:
Threshold 0.05:
polytomy of size 3; rounds with additions with at least 5 support: 1; clusters: 1113
Threshold 0.1:
polytomy of size 4; rounds with additions with at least 5 support: 1; clusters: 1113
Threshold 0.2:
polytomy of size 8; rounds with additions with at least 5 support: 0; clusters: 1115
Threshold 0.3333333333333333:
polytomy of size 4; rounds with additions with at least 5 support: 0; clusters: 1111
polytomy of size 3; rounds with additions with at least 5 support: 0; clusters: 1111
polytomy of size 5; rounds with additions with at least 5 support: 0; clusters: 1113
polytomy of size 4; rounds with additions with at least 5 support: 0; clusters: 1113
polytomy of size 4; rounds with additions with at least 5 support: 0; clusters: 1115
polytomy of size 10; rounds with additions with at least 5 support: 0; clusters: 1115
Number of Clusters after addition by greedy: 1115
partitions formed in 0.896 secs
Dynamic Programming starting after 0.896 secs
Polytree max score: 10732239
Polytree building time: 0.017 seconds.
Fail to load native library libAstral.dylib; use Java default computing method.
Number of quartet trees in the gene trees: 10732239
Computing hash values took 0 seconds
device length is: 2
TREE HEIGHT IS: 12
Size of largest cluster: 66
Size of largest cluster: 66
Finishing up:1241 0 1240
Total Number of elements: 1240
Normalized score (portion of input quartet trees satisfied before correcting for multiple individuals): 0.8584700732065322
Final optimization score: 9213306
Optimal tree inferred in 2.074 secs.
Weight calculation using polytrees cumulatively took 0.0 secs
(Pseudoxyrhopus-tritaeniatus_KU340969,(Buhoma-depressiceps_CFS1528,(((Pseudaspis-cana_MCZA27068,(Prosymna-visseri_MCZR190223,(Micrelaps-sp_TauM16738,(((((((Pseudoxenodon-sp_KU312221,(Sibynophis-bivittatus_KU309608,(Calamaria-gervaisii_KU327406,(Grayia-smythii_KU341872,((Boiga-irregularis_KU345021,((Ptyas-mucosa,(Pituophis-catenifer,(Pantherophis-guttatus,Pantherophis-obsoletus))),(Scolecophis-atrocinctus_KU289804,Tantilla-taeniata_KU289863))),(Chrysopelea-ornata,Ahaetulla-prasina_KU323364)))))),(Thamnophis-sirtalis,Thamnophis-elegans)),(Dipsas-indica_KU215336,Thermophis-baileyi)),(((Vipera-berus,((Bothrops-jararaca,(Crotalus-horridus,(Crotalus-pyrrhus,(Crotalus-adamanteus,(Crotalus-viridis,Crotalus-tigris))))),(Protobothrops-mucrosquamatus,Protobothrops-flavoviridis))),(Aplopeltura-boa_KU315147,(Achalinus-spinalis_KU312258,(Acrochordus-granulatus_KU302952,(Python-molurus,Boa-constrictor))))),(Cerberus-schneiderii_KU324534,Myanophis-thanlyinensis))),(((Oxyrhabdium-leporinum_KU346583,(Oxyrhabdium-modestum_KU310866,Oxyrhabdium-cfmodestum_KU338101)),(Levitonius-mirus_KU337269,Myersophis-alpestris_KU308684)),(Cyclocorus-lineatus_KU335808,Hologerrhum-philippinum_KU330752))),(Psammodynastes-pulverulentus_KU328547,Psammodynastes-pulverulentus_KU329686)),(Micrurus-corallinus_KU289205,((Elapsoidea-sundevallii_MCZR190390,((Pseudonaja-textilis,(Notechis-scutatus,(Emydocephalus-ijimae,((Hydrophis-curtus,Hydrophis-hardwickii),(Hydrophis-cyanocinctus,Hydrophis-melanocephalus))))),(Laticauda-colubrina,Laticauda-laticaudata))),(Hemibungarus-mcclungi_KU303027,(Ophiophagus-hannah,Naja-naja)))))))),(Chamaelycus-fasciatus_KU348632,Lamprophis-lineatus_EBG706)),(Aparallactus-capensis_MCZA28808,(Psammophis-sibilans_RAX2053,Rhamphiophis-oxyrhynchus_KU290451)))));
Final quartet score is: 9134584
Final normalized quartet score is: 0.8511349775196024
You may want to ignore posterior probabilities and other statistics related to the following branch branch because the effective number of genes impacting it is only 19:
	{Scolecophis-atrocinctus_KU289804, Tantilla-taeniata_KU289863}
You may want to ignore posterior probabilities and other statistics related to the following branch branch because the effective number of genes impacting it is only 19:
	{Scolecophis-atrocinctus_KU289804, Boiga-irregularis_KU345021, Tantilla-taeniata_KU289863, Pantherophis-guttatus, Pantherophis-obsoletus, Ptyas-mucosa, Pituophis-catenifer}
You may want to ignore posterior probabilities and other statistics related to the following branch branch because the effective number of genes impacting it is only 19:
	{Pantherophis-guttatus, Pantherophis-obsoletus}
You may want to ignore posterior probabilities and other statistics related to the following branch branch because the effective number of genes impacting it is only 18:
	{Scolecophis-atrocinctus_KU289804, Boiga-irregularis_KU345021, Tantilla-taeniata_KU289863, Pantherophis-guttatus, Pantherophis-obsoletus, Chrysopelea-ornata, Ptyas-mucosa, Ahaetulla-prasina_KU323364, Grayia-smythii_KU341872, Pituophis-catenifer}
You may want to ignore posterior probabilities and other statistics related to the following branch branch because the effective number of genes impacting it is only 18:
	{Pantherophis-guttatus, Pantherophis-obsoletus, Pituophis-catenifer}
You may want to ignore posterior probabilities and other statistics related to the following branch branch because the effective number of genes impacting it is only 14:
	{Sibynophis-bivittatus_KU309608, Scolecophis-atrocinctus_KU289804, Boiga-irregularis_KU345021, Tantilla-taeniata_KU289863, Pantherophis-guttatus, Pantherophis-obsoletus, Chrysopelea-ornata, Ptyas-mucosa, Ahaetulla-prasina_KU323364, Grayia-smythii_KU341872, Calamaria-gervaisii_KU327406, Pituophis-catenifer}
You may want to ignore posterior probabilities and other statistics related to the following branch branch because the effective number of genes impacting it is only 14:
	{Sibynophis-bivittatus_KU309608, Scolecophis-atrocinctus_KU289804, Boiga-irregularis_KU345021, Tantilla-taeniata_KU289863, Pantherophis-guttatus, Pantherophis-obsoletus, Chrysopelea-ornata, Ptyas-mucosa, Ahaetulla-prasina_KU323364, Grayia-smythii_KU341872, Calamaria-gervaisii_KU327406, Pseudoxenodon-sp_KU312221, Pituophis-catenifer}
You may want to ignore posterior probabilities and other statistics related to the following branch branch because the effective number of genes impacting it is only 17:
	{Thamnophis-sirtalis, Thamnophis-elegans}
You may want to ignore posterior probabilities and other statistics related to the following branch branch because the effective number of genes impacting it is only 17:
	{Scolecophis-atrocinctus_KU289804, Boiga-irregularis_KU345021, Tantilla-taeniata_KU289863, Pantherophis-guttatus, Pantherophis-obsoletus, Chrysopelea-ornata, Ptyas-mucosa, Ahaetulla-prasina_KU323364, Grayia-smythii_KU341872, Calamaria-gervaisii_KU327406, Pituophis-catenifer}
You may want to ignore posterior probabilities and other statistics related to the following branch branch because the effective number of genes impacting it is only 19:
	{Dipsas-indica_KU215336, Thermophis-baileyi}
You may want to ignore posterior probabilities and other statistics related to the following branch branch because the effective number of genes impacting it is only 15:
	{Python-molurus, Boa-constrictor}
You may want to ignore posterior probabilities and other statistics related to the following branch branch because the effective number of genes impacting it is only 15:
	{Achalinus-spinalis_KU312258, Acrochordus-granulatus_KU302952, Python-molurus, Boa-constrictor}
You may want to ignore posterior probabilities and other statistics related to the following branch branch because the effective number of genes impacting it is only 14:
	{Cerberus-schneiderii_KU324534, Myanophis-thanlyinensis}
You may want to ignore posterior probabilities and other statistics related to the following branch branch because the effective number of genes impacting it is only 14:
	{Acrochordus-granulatus_KU302952, Python-molurus, Boa-constrictor}
You may want to ignore posterior probabilities and other statistics related to the following branch branch because the effective number of genes impacting it is only 18:
	{Psammodynastes-pulverulentus_KU328547, Psammodynastes-pulverulentus_KU329686}
You may want to ignore posterior probabilities and other statistics related to the following branch branch because the effective number of genes impacting it is only 19:
	{Oxyrhabdium-modestum_KU310866, Oxyrhabdium-cfmodestum_KU338101}
You may want to ignore posterior probabilities and other statistics related to the following branch branch because the effective number of genes impacting it is only 18:
	{Hydrophis-curtus, Hydrophis-hardwickii}
You may want to ignore posterior probabilities and other statistics related to the following branch branch because the effective number of genes impacting it is only 17:
	{Hemibungarus-mcclungi_KU303027, Elapsoidea-sundevallii_MCZR190390, Hydrophis-curtus, Hydrophis-hardwickii, Hydrophis-cyanocinctus, Hydrophis-melanocephalus, Emydocephalus-ijimae, Pseudonaja-textilis, Notechis-scutatus, Laticauda-colubrina, Laticauda-laticaudata, Ophiophagus-hannah, Naja-naja, Micrurus-corallinus_KU289205, Oxyrhabdium-modestum_KU310866, Oxyrhabdium-cfmodestum_KU338101, Oxyrhabdium-leporinum_KU346583, Levitonius-mirus_KU337269, Myersophis-alpestris_KU308684, Cyclocorus-lineatus_KU335808, Hologerrhum-philippinum_KU330752, Psammodynastes-pulverulentus_KU328547, Psammodynastes-pulverulentus_KU329686, Sibynophis-bivittatus_KU309608, Scolecophis-atrocinctus_KU289804, Boiga-irregularis_KU345021, Tantilla-taeniata_KU289863, Pantherophis-guttatus, Pantherophis-obsoletus, Chrysopelea-ornata, Ptyas-mucosa, Ahaetulla-prasina_KU323364, Grayia-smythii_KU341872, Calamaria-gervaisii_KU327406, Dipsas-indica_KU215336, Thermophis-baileyi, Achalinus-spinalis_KU312258, Acrochordus-granulatus_KU302952, Python-molurus, Boa-constrictor, Aplopeltura-boa_KU315147, Crotalus-pyrrhus, Crotalus-horridus, Crotalus-viridis, Crotalus-tigris, Crotalus-adamanteus, Bothrops-jararaca, Protobothrops-mucrosquamatus, Protobothrops-flavoviridis, Vipera-berus, Cerberus-schneiderii_KU324534, Myanophis-thanlyinensis, Pseudoxenodon-sp_KU312221, Thamnophis-sirtalis, Thamnophis-elegans, Micrelaps-sp_TauM16738, Pituophis-catenifer}
You may want to ignore posterior probabilities and other statistics related to the following branch branch because the effective number of genes impacting it is only 16:
	{Chamaelycus-fasciatus_KU348632, Lamprophis-lineatus_EBG706}
You may want to ignore posterior probabilities and other statistics related to the following branch branch because the effective number of genes impacting it is only 18:
	{Prosymna-visseri_MCZR190223, Hemibungarus-mcclungi_KU303027, Elapsoidea-sundevallii_MCZR190390, Hydrophis-curtus, Hydrophis-hardwickii, Hydrophis-cyanocinctus, Hydrophis-melanocephalus, Emydocephalus-ijimae, Pseudonaja-textilis, Notechis-scutatus, Laticauda-colubrina, Laticauda-laticaudata, Ophiophagus-hannah, Naja-naja, Micrurus-corallinus_KU289205, Oxyrhabdium-modestum_KU310866, Oxyrhabdium-cfmodestum_KU338101, Oxyrhabdium-leporinum_KU346583, Levitonius-mirus_KU337269, Myersophis-alpestris_KU308684, Cyclocorus-lineatus_KU335808, Hologerrhum-philippinum_KU330752, Psammodynastes-pulverulentus_KU328547, Psammodynastes-pulverulentus_KU329686, Sibynophis-bivittatus_KU309608, Scolecophis-atrocinctus_KU289804, Boiga-irregularis_KU345021, Tantilla-taeniata_KU289863, Pantherophis-guttatus, Pantherophis-obsoletus, Chrysopelea-ornata, Ptyas-mucosa, Ahaetulla-prasina_KU323364, Grayia-smythii_KU341872, Calamaria-gervaisii_KU327406, Dipsas-indica_KU215336, Thermophis-baileyi, Achalinus-spinalis_KU312258, Acrochordus-granulatus_KU302952, Python-molurus, Boa-constrictor, Aplopeltura-boa_KU315147, Crotalus-pyrrhus, Crotalus-horridus, Crotalus-viridis, Crotalus-tigris, Crotalus-adamanteus, Bothrops-jararaca, Protobothrops-mucrosquamatus, Protobothrops-flavoviridis, Vipera-berus, Cerberus-schneiderii_KU324534, Myanophis-thanlyinensis, Pseudoxenodon-sp_KU312221, Thamnophis-sirtalis, Thamnophis-elegans, Micrelaps-sp_TauM16738, Pituophis-catenifer}
You may want to ignore posterior probabilities and other statistics related to the following branch branch because the effective number of genes impacting it is only 17:
	{Psammophis-sibilans_RAX2053, Rhamphiophis-oxyrhynchus_KU290451}
You may want to ignore posterior probabilities and other statistics related to the following branch branch because the effective number of genes impacting it is only 19:
	{Pseudaspis-cana_MCZA27068, Chamaelycus-fasciatus_KU348632, Lamprophis-lineatus_EBG706, Prosymna-visseri_MCZR190223, Hemibungarus-mcclungi_KU303027, Elapsoidea-sundevallii_MCZR190390, Hydrophis-curtus, Hydrophis-hardwickii, Hydrophis-cyanocinctus, Hydrophis-melanocephalus, Emydocephalus-ijimae, Pseudonaja-textilis, Notechis-scutatus, Laticauda-colubrina, Laticauda-laticaudata, Ophiophagus-hannah, Naja-naja, Micrurus-corallinus_KU289205, Oxyrhabdium-modestum_KU310866, Oxyrhabdium-cfmodestum_KU338101, Oxyrhabdium-leporinum_KU346583, Levitonius-mirus_KU337269, Myersophis-alpestris_KU308684, Cyclocorus-lineatus_KU335808, Hologerrhum-philippinum_KU330752, Psammodynastes-pulverulentus_KU328547, Psammodynastes-pulverulentus_KU329686, Sibynophis-bivittatus_KU309608, Scolecophis-atrocinctus_KU289804, Boiga-irregularis_KU345021, Tantilla-taeniata_KU289863, Pantherophis-guttatus, Pantherophis-obsoletus, Chrysopelea-ornata, Ptyas-mucosa, Ahaetulla-prasina_KU323364, Grayia-smythii_KU341872, Calamaria-gervaisii_KU327406, Dipsas-indica_KU215336, Thermophis-baileyi, Achalinus-spinalis_KU312258, Acrochordus-granulatus_KU302952, Python-molurus, Boa-constrictor, Aplopeltura-boa_KU315147, Crotalus-pyrrhus, Crotalus-horridus, Crotalus-viridis, Crotalus-tigris, Crotalus-adamanteus, Bothrops-jararaca, Protobothrops-mucrosquamatus, Protobothrops-flavoviridis, Vipera-berus, Cerberus-schneiderii_KU324534, Myanophis-thanlyinensis, Pseudoxenodon-sp_KU312221, Thamnophis-sirtalis, Thamnophis-elegans, Psammophis-sibilans_RAX2053, Rhamphiophis-oxyrhynchus_KU290451, Aparallactus-capensis_MCZA28808, Micrelaps-sp_TauM16738, Pituophis-catenifer}
(Pseudoxyrhopus-tritaeniatus_KU340969,(Buhoma-depressiceps_CFS1528,(((Pseudaspis-cana_MCZA27068,(Prosymna-visseri_MCZR190223,(Micrelaps-sp_TauM16738,(((((((Pseudoxenodon-sp_KU312221,(Sibynophis-bivittatus_KU309608,(Calamaria-gervaisii_KU327406,(Grayia-smythii_KU341872,((Boiga-irregularis_KU345021,((Ptyas-mucosa,(Pituophis-catenifer,(Pantherophis-guttatus,Pantherophis-obsoletus)0.95:0.39304258810960735)1:1.9052501109691327)0.84:0.24222613182145877,(Scolecophis-atrocinctus_KU289804,Tantilla-taeniata_KU289863)1:0.758828140158338)0.81:0.21683426057433494)1:1.1607118878681824,(Chrysopelea-ornata,Ahaetulla-prasina_KU323364)1:1.9459101490553135)0.77:0.2222059173881643)0.9:0.3218667534690917)0.91:0.3491779773691882)0.88:0.3525339118079138)0.58:0.12184215792111043,(Thamnophis-sirtalis,Thamnophis-elegans)1:2.0626969644060353)0.23:0.0,(Dipsas-indica_KU215336,Thermophis-baileyi)1:0.7286200977015859)1:1.0993820025009071,(((Vipera-berus,((Bothrops-jararaca,(Crotalus-horridus,(Crotalus-pyrrhus,(Crotalus-adamanteus,(Crotalus-viridis,Crotalus-tigris)0.79:0.2347569158840661)0.84:0.24414990018370927)0.97:0.40546510810816444)1:2.2801122371419864)1:0.9382696385929301,(Protobothrops-mucrosquamatus,Protobothrops-flavoviridis)1:2.730029107820986)1:2.233592221507096)1:2.367123614131617,(Aplopeltura-boa_KU315147,(Achalinus-spinalis_KU312258,(Acrochordus-granulatus_KU302952,(Python-molurus,Boa-constrictor)1:2.367123614131617)0.99:0.6931471805599453)1:1.6739764335716716)0.99:0.5303919840793822)1:2.449134084633946,(Cerberus-schneiderii_KU324534,Myanophis-thanlyinensis)1:1.6094379124341005)0.92:0.3190022550754414)1:0.9632753160305992,(((Oxyrhabdium-leporinum_KU346583,(Oxyrhabdium-modestum_KU310866,Oxyrhabdium-cfmodestum_KU338101)1:1.4916548767777167)1:2.6855773452501523,(Levitonius-mirus_KU337269,Myersophis-alpestris_KU308684)0.89:0.2929871246814741)1:1.7540191412452077,(Cyclocorus-lineatus_KU335808,Hologerrhum-philippinum_KU330752)1:1.120591195386885)1:1.7085499400256043)0.68:0.13992771180001973,(Psammodynastes-pulverulentus_KU328547,Psammodynastes-pulverulentus_KU329686)1:2.538973871058275)0.46:0.04425867843701012,(Micrurus-corallinus_KU289205,((Elapsoidea-sundevallii_MCZR190390,((Pseudonaja-textilis,(Notechis-scutatus,(Emydocephalus-ijimae,((Hydrophis-curtus,Hydrophis-hardwickii)0.94:0.39890770756200533,(Hydrophis-cyanocinctus,Hydrophis-melanocephalus)1:0.5899629443247145)1:2.6855773452501523)1:2.6855773452501523)0.72:0.20763936477824438)1:2.207274913189719,(Laticauda-colubrina,Laticauda-laticaudata)1:2.730029107820986)1:2.730029107820986)0.38:0.0014480122155039168,(Hemibungarus-mcclungi_KU303027,(Ophiophagus-hannah,Naja-naja)0.39:0.009245920787498283)0.98:0.4632573953288425)0.9:0.3067079795533254)1:2.5992615024503176)0.96:0.37341433459867934)0.8:0.2388563480730821)0.41:0.017145433093100244)0.36:0.004919163446555398,(Chamaelycus-fasciatus_KU348632,Lamprophis-lineatus_EBG706)1:1.0893612147933678)0.33:0.0,(Aparallactus-capensis_MCZA28808,(Psammophis-sibilans_RAX2053,Rhamphiophis-oxyrhynchus_KU290451)1:1.4041619906914282)0.57:0.09681316798813165)0.33:0.006896820817242226));
ASTRAL finished in 2.395 secs
Shutting down threading
