

================== ASTRAL ===================== 

This is ASTRAL version 5.15.5
Warning: 
 Fail to load native library libAstral.dylib; use Java default computing method without AVX2, which is 4X slower. 
 Make sure you are using the correct Djava.library.path (to the `lib` directory under ASTRAL where libAstral.dylib can be found). 
 Trying running make.sh. For mode debugging, run: java -Djava.library.path=lib/ -jar native_library_tester.jar
Gene trees are treated as unrooted
Detected GPU devices: 
Device 1 of 2: Apple M1 cl_device_id[0xffffffff] Vendor: Intel
Device 2 of 2: Apple M1 cl_device_id[0x1027f00] Vendor: Apple
Will use Device : Apple M1
Will use Device : Apple M1
Starting 8 threads ...
There are 8 threads used to run.
203 trees read from /dev/fd/11
All output trees will be *arbitrarily* rooted at Micrurus-corallinus_KU289205

======== Running the main analysis
Number of taxa: 66 (66 species)
Taxa: [Micrurus-corallinus_KU289205, Python-molurus, Crotalus-pyrrhus, Bothrops-jararaca, Crotalus-adamanteus, Crotalus-tigris, Vipera-berus, Protobothrops-mucrosquamatus, Crotalus-horridus, Pantherophis-guttatus, Chrysopelea-ornata, Pituophis-catenifer, Ptyas-mucosa, Thamnophis-elegans, Myanophis-thanlyinensis, Ophiophagus-hannah, Hydrophis-curtus, Hydrophis-cyanocinctus, Hydrophis-melanocephalus, Naja-naja, Pseudoxyrhopus-tritaeniatus_KU340969, Pseudaspis-cana_MCZA27068, Psammodynastes-pulverulentus_KU328547, Psammodynastes-pulverulentus_KU329686, Chamaelycus-fasciatus_KU348632, Lamprophis-lineatus_EBG706, Buhoma-depressiceps_CFS1528, Aparallactus-capensis_MCZA28808, Cerberus-schneiderii_KU324534, Prosymna-visseri_MCZR190223, Psammophis-sibilans_RAX2053, Rhamphiophis-oxyrhynchus_KU290451, Oxyrhabdium-modestum_KU310866, Oxyrhabdium-cfmodestum_KU338101, Levitonius-mirus_KU337269, Myersophis-alpestris_KU308684, Cyclocorus-lineatus_KU335808, Oxyrhabdium-leporinum_KU346583, Pantherophis-obsoletus, Laticauda-laticaudata, Notechis-scutatus, Laticauda-colubrina, Boa-constrictor, Aplopeltura-boa_KU315147, Crotalus-viridis, Protobothrops-flavoviridis, Hemibungarus-mcclungi_KU303027, Hydrophis-hardwickii, Emydocephalus-ijimae, Pseudonaja-textilis, Elapsoidea-sundevallii_MCZR190390, Micrelaps-sp_TauM16738, Sibynophis-bivittatus_KU309608, Ahaetulla-prasina_KU323364, Scolecophis-atrocinctus_KU289804, Tantilla-taeniata_KU289863, Boiga-irregularis_KU345021, Grayia-smythii_KU341872, Calamaria-gervaisii_KU327406, Thamnophis-sirtalis, Pseudoxenodon-sp_KU312221, Thermophis-baileyi, Dipsas-indica_KU215336, Acrochordus-granulatus_KU302952, Hologerrhum-philippinum_KU330752, Achalinus-spinalis_KU312258]
Taxon occupancy: {Protobothrops-flavoviridis=171, Thamnophis-sirtalis=169, Hologerrhum-philippinum_KU330752=174, Hydrophis-hardwickii=168, Psammophis-sibilans_RAX2053=158, Crotalus-pyrrhus=174, Bothrops-jararaca=168, Elapsoidea-sundevallii_MCZR190390=172, Notechis-scutatus=186, Levitonius-mirus_KU337269=170, Buhoma-depressiceps_CFS1528=162, Ophiophagus-hannah=184, Ptyas-mucosa=190, Scolecophis-atrocinctus_KU289804=169, Calamaria-gervaisii_KU327406=164, Boiga-irregularis_KU345021=174, Aparallactus-capensis_MCZA28808=154, Myanophis-thanlyinensis=175, Python-molurus=153, Ahaetulla-prasina_KU323364=167, Pseudaspis-cana_MCZA27068=172, Psammodynastes-pulverulentus_KU328547=166, Crotalus-tigris=179, Rhamphiophis-oxyrhynchus_KU290451=164, Vipera-berus=177, Protobothrops-mucrosquamatus=176, Pantherophis-obsoletus=186, Chrysopelea-ornata=169, Thamnophis-elegans=179, Laticauda-laticaudata=176, Myersophis-alpestris_KU308684=171, Oxyrhabdium-leporinum_KU346583=171, Acrochordus-granulatus_KU302952=148, Cyclocorus-lineatus_KU335808=173, Oxyrhabdium-cfmodestum_KU338101=169, Tantilla-taeniata_KU289863=177, Grayia-smythii_KU341872=180, Crotalus-viridis=161, Crotalus-adamanteus=171, Pseudoxyrhopus-tritaeniatus_KU340969=164, Dipsas-indica_KU215336=170, Oxyrhabdium-modestum_KU310866=166, Emydocephalus-ijimae=180, Pantherophis-guttatus=189, Aplopeltura-boa_KU315147=154, Sibynophis-bivittatus_KU309608=175, Thermophis-baileyi=188, Pituophis-catenifer=176, Lamprophis-lineatus_EBG706=170, Hydrophis-curtus=184, Pseudoxenodon-sp_KU312221=179, Chamaelycus-fasciatus_KU348632=157, Hemibungarus-mcclungi_KU303027=170, Pseudonaja-textilis=190, Laticauda-colubrina=178, Crotalus-horridus=176, Micrurus-corallinus_KU289205=181, Boa-constrictor=145, Psammodynastes-pulverulentus_KU329686=163, Hydrophis-melanocephalus=175, Achalinus-spinalis_KU312258=134, Micrelaps-sp_TauM16738=171, Prosymna-visseri_MCZR190223=157, Naja-naja=203, Hydrophis-cyanocinctus=185, Cerberus-schneiderii_KU324534=168}
Using polytree-based weight calculation.
Number of gene trees: 203
169 trees have missing taxa
Calculating distance matrix (for completion of X) ....with 4 distance matrices for parallellism
Species tree distances calculated ...

Will attempt to complete bipartitions from X before adding using a distance matrix.
Building set of clusters (X) from gene trees 
------------------------------
Number of Clusters after addition from gene trees: 5499
Number of Clusters after addition by distance: 5499
Adding to X using resolutions of greedy consensus ...

Computing greedy consensus  
took 0 seconds
Limit for sigma of degrees:1700

polytomy size limit : > 11
 [3, 3, 3, 3, 3, 4, 4, 4, 4, 4, 5, 6, 11]
discarded polytomies: 
Threshold 0.0:
Threshold 0.01:
Threshold 0.02:
Threshold 0.05:
Threshold 0.1:
polytomy of size 4; rounds with additions with at least 5 support: 0; clusters: 5499
Threshold 0.2:
polytomy of size 3; rounds with additions with at least 5 support: 0; clusters: 5499
polytomy of size 3; rounds with additions with at least 5 support: 0; clusters: 5499
polytomy of size 6; rounds with additions with at least 5 support: 0; clusters: 5499
polytomy of size 4; rounds with additions with at least 5 support: 0; clusters: 5499
polytomy of size 3; rounds with additions with at least 5 support: 0; clusters: 5499
Threshold 0.3333333333333333:
polytomy of size 3; rounds with additions with at least 5 support: 0; clusters: 5499
polytomy of size 4; rounds with additions with at least 5 support: 0; clusters: 5499
polytomy of size 5; rounds with additions with at least 5 support: 0; clusters: 5499
polytomy of size 4; rounds with additions with at least 5 support: 0; clusters: 5499
polytomy of size 3; rounds with additions with at least 5 support: 0; clusters: 5499
polytomy of size 11; rounds with additions with at least 5 support: 0; clusters: 5499
polytomy of size 4; rounds with additions with at least 5 support: 0; clusters: 5499
Number of Clusters after addition by greedy: 5499
partitions formed in 1.865 secs
Dynamic Programming starting after 1.865 secs
Polytree max score: 90682068
Polytree building time: 0.045 seconds.
Fail to load native library libAstral.dylib; use Java default computing method.
Number of quartet trees in the gene trees: 90682068
Computing hash values took 0 seconds
device length is: 2
TREE HEIGHT IS: 14
Size of largest cluster: 66
Size of largest cluster: 66
Finishing up:11538 0 11537
Total Number of elements: 11537
Normalized score (portion of input quartet trees satisfied before correcting for multiple individuals): 0.8321846938911892
Final optimization score: 75464229
Optimal tree inferred in 3.402 secs.
Weight calculation using polytrees cumulatively took 0.0 secs
(Micrurus-corallinus_KU289205,(((((((((Grayia-smythii_KU341872,((Boiga-irregularis_KU345021,((Pituophis-catenifer,(Pantherophis-guttatus,Pantherophis-obsoletus)),(Ptyas-mucosa,(Scolecophis-atrocinctus_KU289804,Tantilla-taeniata_KU289863)))),(Chrysopelea-ornata,Ahaetulla-prasina_KU323364))),(Sibynophis-bivittatus_KU309608,Calamaria-gervaisii_KU327406)),(Pseudoxenodon-sp_KU312221,(Thermophis-baileyi,Dipsas-indica_KU215336))),(Thamnophis-elegans,Thamnophis-sirtalis)),(((Vipera-berus,((Bothrops-jararaca,(Crotalus-horridus,(Crotalus-adamanteus,(Crotalus-pyrrhus,(Crotalus-tigris,Crotalus-viridis))))),(Protobothrops-mucrosquamatus,Protobothrops-flavoviridis))),(Aplopeltura-boa_KU315147,(Achalinus-spinalis_KU312258,(Acrochordus-granulatus_KU302952,(Python-molurus,Boa-constrictor))))),(Myanophis-thanlyinensis,Cerberus-schneiderii_KU324534))),(((Levitonius-mirus_KU337269,Myersophis-alpestris_KU308684),(Oxyrhabdium-leporinum_KU346583,(Oxyrhabdium-modestum_KU310866,Oxyrhabdium-cfmodestum_KU338101))),(Cyclocorus-lineatus_KU335808,Hologerrhum-philippinum_KU330752))),(Psammodynastes-pulverulentus_KU328547,Psammodynastes-pulverulentus_KU329686)),(Micrelaps-sp_TauM16738,((Prosymna-visseri_MCZR190223,(Pseudoxyrhopus-tritaeniatus_KU340969,(Pseudaspis-cana_MCZA27068,(Chamaelycus-fasciatus_KU348632,Lamprophis-lineatus_EBG706)))),(Aparallactus-capensis_MCZA28808,(Buhoma-depressiceps_CFS1528,(Psammophis-sibilans_RAX2053,Rhamphiophis-oxyrhynchus_KU290451)))))),((Elapsoidea-sundevallii_MCZR190390,((Pseudonaja-textilis,(Notechis-scutatus,(Emydocephalus-ijimae,((Hydrophis-cyanocinctus,Hydrophis-melanocephalus),(Hydrophis-curtus,Hydrophis-hardwickii))))),(Laticauda-laticaudata,Laticauda-colubrina))),(Hemibungarus-mcclungi_KU303027,(Ophiophagus-hannah,Naja-naja)))));
Final quartet score is: 72798630
Final normalized quartet score is: 0.8027896981793577
(Micrurus-corallinus_KU289205,(((((((((Grayia-smythii_KU341872,((Boiga-irregularis_KU345021,((Pituophis-catenifer,(Pantherophis-guttatus,Pantherophis-obsoletus)0.74:0.09462542589464781)1:1.949103361848129,(Ptyas-mucosa,(Scolecophis-atrocinctus_KU289804,Tantilla-taeniata_KU289863)1:1.2751733138333432)0.46:0.03641147615853209)1:0.29701829628463244)1:1.4898409637338261,(Chrysopelea-ornata,Ahaetulla-prasina_KU323364)1:1.3202734371603702)1:0.33855578860614327)0.89:0.09961792854351341,(Sibynophis-bivittatus_KU309608,Calamaria-gervaisii_KU327406)0.44:0.01919630207796181)1:0.6783149949363605,(Pseudoxenodon-sp_KU312221,(Thermophis-baileyi,Dipsas-indica_KU215336)1:0.3252774989030234)0.97:0.1281806317566344)0.78:0.07835565855707455,(Thamnophis-elegans,Thamnophis-sirtalis)1:2.5345455290342604)1:0.8828727371753277,(((Vipera-berus,((Bothrops-jararaca,(Crotalus-horridus,(Crotalus-adamanteus,(Crotalus-pyrrhus,(Crotalus-tigris,Crotalus-viridis)0.83:0.08762384898002556)0.31:0.07431443014053477)1:0.9336978299767102)1:1.7785171902892414)1:1.0431859320406136,(Protobothrops-mucrosquamatus,Protobothrops-flavoviridis)1:1.5913255216945097)1:1.727399172918417)1:2.0438629166899527,(Aplopeltura-boa_KU315147,(Achalinus-spinalis_KU312258,(Acrochordus-granulatus_KU302952,(Python-molurus,Boa-constrictor)1:1.6812183044792375)1:1.256954103033026)1:2.9926158182296403)1:0.6467067157508579)1:1.9043280958079833,(Myanophis-thanlyinensis,Cerberus-schneiderii_KU324534)1:1.9325420462047078)1:0.24000771944054516)1:0.9183649688596769,(((Levitonius-mirus_KU337269,Myersophis-alpestris_KU308684)0.99:0.18269144341749394,(Oxyrhabdium-leporinum_KU346583,(Oxyrhabdium-modestum_KU310866,Oxyrhabdium-cfmodestum_KU338101)1:0.4274991887627866)1:2.138787908512802)1:0.4839986453256049,(Cyclocorus-lineatus_KU335808,Hologerrhum-philippinum_KU330752)1:1.2145716846526515)1:1.4225087389272206)0.8:0.10351895625457941,(Psammodynastes-pulverulentus_KU328547,Psammodynastes-pulverulentus_KU329686)1:2.033734543225905)0.38:0.014546533285590179,(Micrelaps-sp_TauM16738,((Prosymna-visseri_MCZR190223,(Pseudoxyrhopus-tritaeniatus_KU340969,(Pseudaspis-cana_MCZA27068,(Chamaelycus-fasciatus_KU348632,Lamprophis-lineatus_EBG706)1:1.0357838334027556)0.54:0.03808459662224359)0.5:0.033894021446080995)0.63:0.051229225300236984,(Aparallactus-capensis_MCZA28808,(Buhoma-depressiceps_CFS1528,(Psammophis-sibilans_RAX2053,Rhamphiophis-oxyrhynchus_KU290451)1:2.331841647595478)0.5:0.0296261067585148)0.57:0.04096678878804401)1:0.2471279463092721)1:0.3432696546509741)1:2.0696189391981075,((Elapsoidea-sundevallii_MCZR190390,((Pseudonaja-textilis,(Notechis-scutatus,(Emydocephalus-ijimae,((Hydrophis-cyanocinctus,Hydrophis-melanocephalus)1:0.875883094159372,(Hydrophis-curtus,Hydrophis-hardwickii)1:0.6712053066452152)1:2.286954408719347)1:1.9675322821285584)1:0.20691688163897035)1:1.438534141417353,(Laticauda-laticaudata,Laticauda-colubrina)1:2.7767309609310242)1:2.0913627107779145)0.98:0.13966109074776983,(Hemibungarus-mcclungi_KU303027,(Ophiophagus-hannah,Naja-naja)1:0.25656180630851255)1:0.257558840124755)0.67:0.07431794437276303));
ASTRAL finished in 4.242 secs
Shutting down threading
