

================== ASTRAL ===================== 

This is ASTRAL version 5.15.5
Warning: 
 Fail to load native library libAstral.dylib; use Java default computing method without AVX2, which is 4X slower. 
 Make sure you are using the correct Djava.library.path (to the `lib` directory under ASTRAL where libAstral.dylib can be found). 
 Trying running make.sh. For mode debugging, run: java -Djava.library.path=lib/ -jar native_library_tester.jar
Gene trees are treated as unrooted
Detected GPU devices: 
Device 1 of 2: Apple M1 cl_device_id[0xffffffff] Vendor: Intel
Device 2 of 2: Apple M1 cl_device_id[0x1027f00] Vendor: Apple
Will use Device : Apple M1
Will use Device : Apple M1
Starting 8 threads ...
There are 8 threads used to run.
28 trees read from /dev/fd/11
All output trees will be *arbitrarily* rooted at Acrochordus-granulatus_KU302952

======== Running the main analysis
Number of taxa: 66 (66 species)
Taxa: [Acrochordus-granulatus_KU302952, Sibynophis-bivittatus_KU309608, Levitonius-mirus_KU337269, Thamnophis-sirtalis, Thamnophis-elegans, Ahaetulla-prasina_KU323364, Tantilla-taeniata_KU289863, Boiga-irregularis_KU345021, Calamaria-gervaisii_KU327406, Grayia-smythii_KU341872, Micrelaps-sp_TauM16738, Cerberus-schneiderii_KU324534, Elapsoidea-sundevallii_MCZR190390, Hemibungarus-mcclungi_KU303027, Micrurus-corallinus_KU289205, Naja-naja, Hologerrhum-philippinum_KU330752, Oxyrhabdium-cfmodestum_KU338101, Oxyrhabdium-modestum_KU310866, Oxyrhabdium-leporinum_KU346583, Psammodynastes-pulverulentus_KU328547, Psammodynastes-pulverulentus_KU329686, Pseudoxyrhopus-tritaeniatus_KU340969, Rhamphiophis-oxyrhynchus_KU290451, Psammophis-sibilans_RAX2053, Buhoma-depressiceps_CFS1528, Prosymna-visseri_MCZR190223, Aparallactus-capensis_MCZA28808, Dipsas-indica_KU215336, Chamaelycus-fasciatus_KU348632, Lamprophis-lineatus_EBG706, Pseudoxenodon-sp_KU312221, Aplopeltura-boa_KU315147, Scolecophis-atrocinctus_KU289804, Ptyas-mucosa, Pantherophis-guttatus, Pantherophis-obsoletus, Hydrophis-curtus, Hydrophis-hardwickii, Hydrophis-cyanocinctus, Hydrophis-melanocephalus, Emydocephalus-ijimae, Notechis-scutatus, Pseudonaja-textilis, Laticauda-colubrina, Laticauda-laticaudata, Ophiophagus-hannah, Cyclocorus-lineatus_KU335808, Myersophis-alpestris_KU308684, Pseudaspis-cana_MCZA27068, Myanophis-thanlyinensis, Thermophis-baileyi, Crotalus-pyrrhus, Crotalus-tigris, Crotalus-adamanteus, Crotalus-viridis, Crotalus-horridus, Bothrops-jararaca, Protobothrops-mucrosquamatus, Vipera-berus, Achalinus-spinalis_KU312258, Python-molurus, Boa-constrictor, Chrysopelea-ornata, Pituophis-catenifer, Protobothrops-flavoviridis]
Taxon occupancy: {Protobothrops-flavoviridis=22, Thamnophis-sirtalis=25, Hologerrhum-philippinum_KU330752=24, Hydrophis-hardwickii=27, Psammophis-sibilans_RAX2053=26, Crotalus-pyrrhus=24, Elapsoidea-sundevallii_MCZR190390=27, Bothrops-jararaca=23, Notechis-scutatus=26, Levitonius-mirus_KU337269=25, Buhoma-depressiceps_CFS1528=26, Ophiophagus-hannah=26, Calamaria-gervaisii_KU327406=26, Scolecophis-atrocinctus_KU289804=24, Ptyas-mucosa=25, Boiga-irregularis_KU345021=26, Aparallactus-capensis_MCZA28808=25, Myanophis-thanlyinensis=24, Ahaetulla-prasina_KU323364=26, Python-molurus=21, Psammodynastes-pulverulentus_KU328547=25, Pseudaspis-cana_MCZA27068=24, Rhamphiophis-oxyrhynchus_KU290451=25, Crotalus-tigris=21, Pantherophis-obsoletus=27, Protobothrops-mucrosquamatus=22, Vipera-berus=20, Chrysopelea-ornata=24, Thamnophis-elegans=27, Laticauda-laticaudata=26, Myersophis-alpestris_KU308684=24, Oxyrhabdium-leporinum_KU346583=27, Acrochordus-granulatus_KU302952=24, Cyclocorus-lineatus_KU335808=26, Oxyrhabdium-cfmodestum_KU338101=26, Tantilla-taeniata_KU289863=28, Grayia-smythii_KU341872=25, Crotalus-viridis=21, Crotalus-adamanteus=19, Pseudoxyrhopus-tritaeniatus_KU340969=26, Dipsas-indica_KU215336=27, Oxyrhabdium-modestum_KU310866=27, Emydocephalus-ijimae=27, Pantherophis-guttatus=24, Sibynophis-bivittatus_KU309608=26, Aplopeltura-boa_KU315147=22, Thermophis-baileyi=27, Pituophis-catenifer=22, Lamprophis-lineatus_EBG706=26, Hydrophis-curtus=27, Pseudoxenodon-sp_KU312221=26, Hemibungarus-mcclungi_KU303027=27, Chamaelycus-fasciatus_KU348632=25, Pseudonaja-textilis=26, Laticauda-colubrina=26, Crotalus-horridus=22, Micrurus-corallinus_KU289205=26, Boa-constrictor=22, Psammodynastes-pulverulentus_KU329686=23, Hydrophis-melanocephalus=27, Achalinus-spinalis_KU312258=23, Micrelaps-sp_TauM16738=27, Prosymna-visseri_MCZR190223=26, Naja-naja=28, Hydrophis-cyanocinctus=26, Cerberus-schneiderii_KU324534=27}
Using polytree-based weight calculation.
Number of gene trees: 28
21 trees have missing taxa
Calculating distance matrix (for completion of X) ....with 4 distance matrices for parallellism
Species tree distances calculated ...

Will attempt to complete bipartitions from X before adding using a distance matrix.
Building set of clusters (X) from gene trees 
------------------------------
Number of Clusters after addition from gene trees: 1261
Number of Clusters after addition by distance: 1261
Adding to X using resolutions of greedy consensus ...

Computing greedy consensus  
took 0 seconds
Limit for sigma of degrees:1700

polytomy size limit : > 11
 [3, 3, 3, 3, 4, 4, 6, 8, 10, 11]
discarded polytomies: 
Threshold 0.0:
Threshold 0.01:
Threshold 0.02:
Threshold 0.05:
Threshold 0.1:
polytomy of size 3; rounds with additions with at least 5 support: 1; clusters: 1279
polytomy of size 4; rounds with additions with at least 5 support: 2; clusters: 1281
Threshold 0.2:
polytomy of size 6; rounds with additions with at least 5 support: 0; clusters: 1279
polytomy of size 10; rounds with additions with at least 5 support: 0; clusters: 1281
Threshold 0.3333333333333333:
polytomy of size 3; rounds with additions with at least 5 support: 0; clusters: 1275
polytomy of size 8; rounds with additions with at least 5 support: 0; clusters: 1281
polytomy of size 3; rounds with additions with at least 5 support: 0; clusters: 1275
polytomy of size 4; rounds with additions with at least 5 support: 0; clusters: 1281
polytomy of size 3; rounds with additions with at least 5 support: 0; clusters: 1281
polytomy of size 11; rounds with additions with at least 5 support: 0; clusters: 1281
Number of Clusters after addition by greedy: 1281
partitions formed in 0.932 secs
Dynamic Programming starting after 0.933 secs
Polytree max score: 14671996
Polytree building time: 0.021 seconds.
Fail to load native library libAstral.dylib; use Java default computing method.
Number of quartet trees in the gene trees: 14671996
Computing hash values took 0 seconds
device length is: 2
TREE HEIGHT IS: 13
Size of largest cluster: 66
Size of largest cluster: 66
Finishing up:1513 0 1512
Total Number of elements: 1512
Normalized score (portion of input quartet trees satisfied before correcting for multiple individuals): 0.8789056376514824
Final optimization score: 12895300
Optimal tree inferred in 2.098 secs.
Weight calculation using polytrees cumulatively took 0.0 secs
(Acrochordus-granulatus_KU302952,((Achalinus-spinalis_KU312258,(Aplopeltura-boa_KU315147,(((((((Elapsoidea-sundevallii_MCZR190390,(Micrurus-corallinus_KU289205,((Pseudonaja-textilis,(Notechis-scutatus,(Emydocephalus-ijimae,((Hydrophis-cyanocinctus,Hydrophis-melanocephalus),(Hydrophis-curtus,Hydrophis-hardwickii))))),(Laticauda-colubrina,Laticauda-laticaudata)))),(Hemibungarus-mcclungi_KU303027,(Naja-naja,Ophiophagus-hannah))),(Micrelaps-sp_TauM16738,(Prosymna-visseri_MCZR190223,(Pseudaspis-cana_MCZA27068,(((Pseudoxyrhopus-tritaeniatus_KU340969,Buhoma-depressiceps_CFS1528),(Chamaelycus-fasciatus_KU348632,Lamprophis-lineatus_EBG706)),(Aparallactus-capensis_MCZA28808,(Rhamphiophis-oxyrhynchus_KU290451,Psammophis-sibilans_RAX2053))))))),((((Oxyrhabdium-modestum_KU310866,(Oxyrhabdium-cfmodestum_KU338101,Oxyrhabdium-leporinum_KU346583)),(Levitonius-mirus_KU337269,Myersophis-alpestris_KU308684)),(Hologerrhum-philippinum_KU330752,Cyclocorus-lineatus_KU335808)),(Psammodynastes-pulverulentus_KU328547,Psammodynastes-pulverulentus_KU329686))),((Sibynophis-bivittatus_KU309608,(Grayia-smythii_KU341872,(Calamaria-gervaisii_KU327406,((Ptyas-mucosa,((Pantherophis-guttatus,(Pantherophis-obsoletus,Pituophis-catenifer)),(Boiga-irregularis_KU345021,(Tantilla-taeniata_KU289863,Scolecophis-atrocinctus_KU289804)))),(Ahaetulla-prasina_KU323364,Chrysopelea-ornata))))),((Pseudoxenodon-sp_KU312221,(Thamnophis-sirtalis,Thamnophis-elegans)),(Dipsas-indica_KU215336,Thermophis-baileyi)))),(Cerberus-schneiderii_KU324534,Myanophis-thanlyinensis)),(Vipera-berus,((Bothrops-jararaca,(Crotalus-horridus,((Crotalus-pyrrhus,Crotalus-tigris),(Crotalus-adamanteus,Crotalus-viridis)))),(Protobothrops-mucrosquamatus,Protobothrops-flavoviridis)))))),(Python-molurus,Boa-constrictor)));
Final quartet score is: 13274941
Final normalized quartet score is: 0.9047808491768945
You may want to ignore posterior probabilities and other statistics related to the following branch branch because the effective number of genes impacting it is only 18:
	{Crotalus-adamanteus, Crotalus-viridis}
You may want to ignore posterior probabilities and other statistics related to the following branch branch because the effective number of genes impacting it is only 19:
	{Sibynophis-bivittatus_KU309608, Levitonius-mirus_KU337269, Thamnophis-sirtalis, Thamnophis-elegans, Ahaetulla-prasina_KU323364, Tantilla-taeniata_KU289863, Boiga-irregularis_KU345021, Calamaria-gervaisii_KU327406, Grayia-smythii_KU341872, Micrelaps-sp_TauM16738, Cerberus-schneiderii_KU324534, Elapsoidea-sundevallii_MCZR190390, Hemibungarus-mcclungi_KU303027, Micrurus-corallinus_KU289205, Naja-naja, Hologerrhum-philippinum_KU330752, Oxyrhabdium-cfmodestum_KU338101, Oxyrhabdium-modestum_KU310866, Oxyrhabdium-leporinum_KU346583, Psammodynastes-pulverulentus_KU328547, Psammodynastes-pulverulentus_KU329686, Pseudoxyrhopus-tritaeniatus_KU340969, Rhamphiophis-oxyrhynchus_KU290451, Psammophis-sibilans_RAX2053, Buhoma-depressiceps_CFS1528, Prosymna-visseri_MCZR190223, Aparallactus-capensis_MCZA28808, Dipsas-indica_KU215336, Chamaelycus-fasciatus_KU348632, Lamprophis-lineatus_EBG706, Pseudoxenodon-sp_KU312221, Aplopeltura-boa_KU315147, Scolecophis-atrocinctus_KU289804, Ptyas-mucosa, Pantherophis-guttatus, Pantherophis-obsoletus, Hydrophis-curtus, Hydrophis-hardwickii, Hydrophis-cyanocinctus, Hydrophis-melanocephalus, Emydocephalus-ijimae, Notechis-scutatus, Pseudonaja-textilis, Laticauda-colubrina, Laticauda-laticaudata, Ophiophagus-hannah, Cyclocorus-lineatus_KU335808, Myersophis-alpestris_KU308684, Pseudaspis-cana_MCZA27068, Myanophis-thanlyinensis, Thermophis-baileyi, Crotalus-pyrrhus, Crotalus-tigris, Crotalus-adamanteus, Crotalus-viridis, Crotalus-horridus, Bothrops-jararaca, Protobothrops-mucrosquamatus, Vipera-berus, Achalinus-spinalis_KU312258, Chrysopelea-ornata, Pituophis-catenifer, Protobothrops-flavoviridis}
You may want to ignore posterior probabilities and other statistics related to the following branch branch because the effective number of genes impacting it is only 19:
	{Sibynophis-bivittatus_KU309608, Levitonius-mirus_KU337269, Thamnophis-sirtalis, Thamnophis-elegans, Ahaetulla-prasina_KU323364, Tantilla-taeniata_KU289863, Boiga-irregularis_KU345021, Calamaria-gervaisii_KU327406, Grayia-smythii_KU341872, Micrelaps-sp_TauM16738, Cerberus-schneiderii_KU324534, Elapsoidea-sundevallii_MCZR190390, Hemibungarus-mcclungi_KU303027, Micrurus-corallinus_KU289205, Naja-naja, Hologerrhum-philippinum_KU330752, Oxyrhabdium-cfmodestum_KU338101, Oxyrhabdium-modestum_KU310866, Oxyrhabdium-leporinum_KU346583, Psammodynastes-pulverulentus_KU328547, Psammodynastes-pulverulentus_KU329686, Pseudoxyrhopus-tritaeniatus_KU340969, Rhamphiophis-oxyrhynchus_KU290451, Psammophis-sibilans_RAX2053, Buhoma-depressiceps_CFS1528, Prosymna-visseri_MCZR190223, Aparallactus-capensis_MCZA28808, Dipsas-indica_KU215336, Chamaelycus-fasciatus_KU348632, Lamprophis-lineatus_EBG706, Pseudoxenodon-sp_KU312221, Aplopeltura-boa_KU315147, Scolecophis-atrocinctus_KU289804, Ptyas-mucosa, Pantherophis-guttatus, Pantherophis-obsoletus, Hydrophis-curtus, Hydrophis-hardwickii, Hydrophis-cyanocinctus, Hydrophis-melanocephalus, Emydocephalus-ijimae, Notechis-scutatus, Pseudonaja-textilis, Laticauda-colubrina, Laticauda-laticaudata, Ophiophagus-hannah, Cyclocorus-lineatus_KU335808, Myersophis-alpestris_KU308684, Pseudaspis-cana_MCZA27068, Myanophis-thanlyinensis, Thermophis-baileyi, Crotalus-pyrrhus, Crotalus-tigris, Crotalus-adamanteus, Crotalus-viridis, Crotalus-horridus, Bothrops-jararaca, Protobothrops-mucrosquamatus, Vipera-berus, Chrysopelea-ornata, Pituophis-catenifer, Protobothrops-flavoviridis}
You may want to ignore posterior probabilities and other statistics related to the following branch branch because the effective number of genes impacting it is only 19:
	{Python-molurus, Boa-constrictor}
(Acrochordus-granulatus_KU302952,((Achalinus-spinalis_KU312258,(Aplopeltura-boa_KU315147,(((((((Elapsoidea-sundevallii_MCZR190390,(Micrurus-corallinus_KU289205,((Pseudonaja-textilis,(Notechis-scutatus,(Emydocephalus-ijimae,((Hydrophis-cyanocinctus,Hydrophis-melanocephalus)1:0.6390799592896695,(Hydrophis-curtus,Hydrophis-hardwickii)1:0.5753641449035618)1:2.5212742939588746)1:2.6672282065819553)0.67:0.1313360020610871)1:1.3148353971377462,(Laticauda-colubrina,Laticauda-laticaudata)1:2.8526314299133184)1:2.719100037288796)0.83:0.2345768874322709)0.87:0.2451961568938039,(Hemibungarus-mcclungi_KU303027,(Naja-naja,Ophiophagus-hannah)0.41:0.01936894460054973)1:0.8024520044350238)1:2.4628387537981467,(Micrelaps-sp_TauM16738,(Prosymna-visseri_MCZR190223,(Pseudaspis-cana_MCZA27068,(((Pseudoxyrhopus-tritaeniatus_KU340969,Buhoma-depressiceps_CFS1528)0.61:0.12204093348755048,(Chamaelycus-fasciatus_KU348632,Lamprophis-lineatus_EBG706)1:2.1251775510025204)0.62:0.10950954236125054,(Aparallactus-capensis_MCZA28808,(Rhamphiophis-oxyrhynchus_KU290451,Psammophis-sibilans_RAX2053)1:1.1247601198221246)0.7:0.1422436524314755)0.56:0.08346915303044718)0.7:0.14882555347408633)0.53:0.08113887357641346)0.62:0.10990845195248851)0.77:0.17052013640294406,((((Oxyrhabdium-modestum_KU310866,(Oxyrhabdium-cfmodestum_KU338101,Oxyrhabdium-leporinum_KU346583)0.57:0.14035735769492258)1:2.163312071823081,(Levitonius-mirus_KU337269,Myersophis-alpestris_KU308684)0.51:0.06559243581134327)0.86:0.22718266820102986,(Hologerrhum-philippinum_KU330752,Cyclocorus-lineatus_KU335808)1:1.3862943611198908)1:1.2519991548898488,(Psammodynastes-pulverulentus_KU328547,Psammodynastes-pulverulentus_KU329686)1:2.6216655869033896)0.8:0.18637761671958222)1:1.6609050015434355,((Sibynophis-bivittatus_KU309608,(Grayia-smythii_KU341872,(Calamaria-gervaisii_KU327406,((Ptyas-mucosa,((Pantherophis-guttatus,(Pantherophis-obsoletus,Pituophis-catenifer)0.69:0.15415067982725836)1:1.7147984280919266,(Boiga-irregularis_KU345021,(Tantilla-taeniata_KU289863,Scolecophis-atrocinctus_KU289804)1:1.4231559544240484)0.69:0.17836105073517974)0.71:0.16658494133127624)1:1.811177555085156,(Ahaetulla-prasina_KU323364,Chrysopelea-ornata)1:1.3482090270960156)0.93:0.29082746188178377)0.84:0.21839578361964723)0.94:0.3276767155787857)0.98:0.38615632789243015,((Pseudoxenodon-sp_KU312221,(Thamnophis-sirtalis,Thamnophis-elegans)1:2.8134107167600355)0.42:0.03370442130927679,(Dipsas-indica_KU215336,Thermophis-baileyi)0.67:0.1600493132927231)0.48:0.04787005021068836)1:1.050244090222714)0.81:0.1912160341721264,(Cerberus-schneiderii_KU324534,Myanophis-thanlyinensis)1:2.237070485883417)1:2.6906514211174235,(Vipera-berus,((Bothrops-jararaca,(Crotalus-horridus,((Crotalus-pyrrhus,Crotalus-tigris)0.98:0.4351348035949116,(Crotalus-adamanteus,Crotalus-viridis)0.39:0.013890596246444205)1:0.9363774904408925)1:2.6855773452501523)1:1.3862943611198908,(Protobothrops-mucrosquamatus,Protobothrops-flavoviridis)1:2.6855773452501523)1:1.9459101490553135)1:2.6390573296152575)1:1.252762968495368)1:1.4916548767777167)1:1.8971199848858815,(Python-molurus,Boa-constrictor)1:1.8971199848858815));
ASTRAL finished in 2.476 secs
Shutting down threading
