

================== ASTRAL ===================== 

This is ASTRAL version 5.15.5
Warning: 
 Fail to load native library libAstral.dylib; use Java default computing method without AVX2, which is 4X slower. 
 Make sure you are using the correct Djava.library.path (to the `lib` directory under ASTRAL where libAstral.dylib can be found). 
 Trying running make.sh. For mode debugging, run: java -Djava.library.path=lib/ -jar native_library_tester.jar
Gene trees are treated as unrooted
Detected GPU devices: 
Device 1 of 2: Apple M1 cl_device_id[0xffffffff] Vendor: Intel
Device 2 of 2: Apple M1 cl_device_id[0x1027f00] Vendor: Apple
Will use Device : Apple M1
Will use Device : Apple M1
Starting 8 threads ...
There are 8 threads used to run.
41 trees read from /dev/fd/11
All output trees will be *arbitrarily* rooted at Acrochordus-granulatus_KU302952

======== Running the main analysis
Number of taxa: 66 (66 species)
Taxa: [Acrochordus-granulatus_KU302952, Scolecophis-atrocinctus_KU289804, Tantilla-taeniata_KU289863, Boiga-irregularis_KU345021, Pantherophis-guttatus, Pituophis-catenifer, Pantherophis-obsoletus, Chrysopelea-ornata, Ahaetulla-prasina_KU323364, Grayia-smythii_KU341872, Sibynophis-bivittatus_KU309608, Thamnophis-sirtalis, Thamnophis-elegans, Thermophis-baileyi, Dipsas-indica_KU215336, Pseudoxenodon-sp_KU312221, Prosymna-visseri_MCZR190223, Chamaelycus-fasciatus_KU348632, Lamprophis-lineatus_EBG706, Pseudaspis-cana_MCZA27068, Buhoma-depressiceps_CFS1528, Micrelaps-sp_TauM16738, Pseudoxyrhopus-tritaeniatus_KU340969, Rhamphiophis-oxyrhynchus_KU290451, Psammophis-sibilans_RAX2053, Aparallactus-capensis_MCZA28808, Elapsoidea-sundevallii_MCZR190390, Hemibungarus-mcclungi_KU303027, Ophiophagus-hannah, Naja-naja, Hydrophis-curtus, Hydrophis-hardwickii, Hydrophis-cyanocinctus, Hydrophis-melanocephalus, Emydocephalus-ijimae, Notechis-scutatus, Pseudonaja-textilis, Laticauda-colubrina, Laticauda-laticaudata, Micrurus-corallinus_KU289205, Psammodynastes-pulverulentus_KU328547, Psammodynastes-pulverulentus_KU329686, Cyclocorus-lineatus_KU335808, Hologerrhum-philippinum_KU330752, Myersophis-alpestris_KU308684, Oxyrhabdium-cfmodestum_KU338101, Oxyrhabdium-modestum_KU310866, Oxyrhabdium-leporinum_KU346583, Levitonius-mirus_KU337269, Myanophis-thanlyinensis, Aplopeltura-boa_KU315147, Crotalus-pyrrhus, Crotalus-adamanteus, Crotalus-horridus, Crotalus-viridis, Crotalus-tigris, Bothrops-jararaca, Vipera-berus, Python-molurus, Boa-constrictor, Achalinus-spinalis_KU312258, Protobothrops-mucrosquamatus, Protobothrops-flavoviridis, Cerberus-schneiderii_KU324534, Calamaria-gervaisii_KU327406, Ptyas-mucosa]
Taxon occupancy: {Protobothrops-flavoviridis=34, Thamnophis-sirtalis=33, Hologerrhum-philippinum_KU330752=38, Hydrophis-hardwickii=36, Psammophis-sibilans_RAX2053=36, Crotalus-pyrrhus=37, Elapsoidea-sundevallii_MCZR190390=32, Bothrops-jararaca=33, Notechis-scutatus=37, Levitonius-mirus_KU337269=34, Buhoma-depressiceps_CFS1528=34, Ophiophagus-hannah=35, Scolecophis-atrocinctus_KU289804=34, Calamaria-gervaisii_KU327406=33, Ptyas-mucosa=37, Boiga-irregularis_KU345021=37, Aparallactus-capensis_MCZA28808=31, Myanophis-thanlyinensis=36, Ahaetulla-prasina_KU323364=35, Python-molurus=31, Pseudaspis-cana_MCZA27068=35, Psammodynastes-pulverulentus_KU328547=34, Rhamphiophis-oxyrhynchus_KU290451=36, Crotalus-tigris=37, Pantherophis-obsoletus=37, Vipera-berus=36, Protobothrops-mucrosquamatus=35, Chrysopelea-ornata=31, Thamnophis-elegans=34, Laticauda-laticaudata=40, Myersophis-alpestris_KU308684=32, Oxyrhabdium-leporinum_KU346583=35, Acrochordus-granulatus_KU302952=28, Cyclocorus-lineatus_KU335808=33, Oxyrhabdium-cfmodestum_KU338101=36, Tantilla-taeniata_KU289863=35, Grayia-smythii_KU341872=39, Crotalus-viridis=34, Crotalus-adamanteus=37, Pseudoxyrhopus-tritaeniatus_KU340969=36, Dipsas-indica_KU215336=39, Oxyrhabdium-modestum_KU310866=34, Emydocephalus-ijimae=37, Pantherophis-guttatus=39, Sibynophis-bivittatus_KU309608=34, Aplopeltura-boa_KU315147=32, Thermophis-baileyi=38, Pituophis-catenifer=35, Lamprophis-lineatus_EBG706=34, Hydrophis-curtus=39, Pseudoxenodon-sp_KU312221=38, Chamaelycus-fasciatus_KU348632=36, Hemibungarus-mcclungi_KU303027=36, Pseudonaja-textilis=39, Laticauda-colubrina=38, Crotalus-horridus=35, Micrurus-corallinus_KU289205=35, Boa-constrictor=31, Psammodynastes-pulverulentus_KU329686=33, Hydrophis-melanocephalus=36, Achalinus-spinalis_KU312258=33, Micrelaps-sp_TauM16738=36, Prosymna-visseri_MCZR190223=38, Naja-naja=41, Hydrophis-cyanocinctus=39, Cerberus-schneiderii_KU324534=37}
Using polytree-based weight calculation.
Number of gene trees: 41
38 trees have missing taxa
Calculating distance matrix (for completion of X) ....with 4 distance matrices for parallellism
Species tree distances calculated ...

Will attempt to complete bipartitions from X before adding using a distance matrix.
Building set of clusters (X) from gene trees 
------------------------------
Number of Clusters after addition from gene trees: 1341
Number of Clusters after addition by distance: 1341
Adding to X using resolutions of greedy consensus ...

Computing greedy consensus  
took 0 seconds
Limit for sigma of degrees:1700

polytomy size limit : > 11
 [3, 3, 3, 4, 4, 5, 9, 11]
discarded polytomies: 
Threshold 0.0:
Threshold 0.01:
Threshold 0.02:
Threshold 0.05:
polytomy of size 4; rounds with additions with at least 5 support: 1; clusters: 1355
Threshold 0.1:
polytomy of size 5; rounds with additions with at least 5 support: 2; clusters: 1357
Threshold 0.2:
polytomy of size 3; rounds with additions with at least 5 support: 0; clusters: 1353
polytomy of size 9; rounds with additions with at least 5 support: 0; clusters: 1357
Threshold 0.3333333333333333:
polytomy of size 3; rounds with additions with at least 5 support: 0; clusters: 1353
polytomy of size 11; rounds with additions with at least 5 support: 0; clusters: 1357
polytomy of size 3; rounds with additions with at least 5 support: 0; clusters: 1353
polytomy of size 4; rounds with additions with at least 5 support: 0; clusters: 1357
Number of Clusters after addition by greedy: 1357
partitions formed in 0.968 secs
Dynamic Programming starting after 0.968 secs
Polytree max score: 18790045
Polytree building time: 0.026 seconds.
Fail to load native library libAstral.dylib; use Java default computing method.
Number of quartet trees in the gene trees: 18790045
Computing hash values took 0 seconds
device length is: 2
TREE HEIGHT IS: 13
Size of largest cluster: 66
Size of largest cluster: 66
Finishing up:1789 0 1788
Total Number of elements: 1788
Normalized score (portion of input quartet trees satisfied before correcting for multiple individuals): 0.8719663523956436
Final optimization score: 16384287
Optimal tree inferred in 2.174 secs.
Weight calculation using polytrees cumulatively took 0.0 secs
(Acrochordus-granulatus_KU302952,((Achalinus-spinalis_KU312258,(Aplopeltura-boa_KU315147,(((((((Micrelaps-sp_TauM16738,((Pseudaspis-cana_MCZA27068,(Pseudoxyrhopus-tritaeniatus_KU340969,((Chamaelycus-fasciatus_KU348632,Lamprophis-lineatus_EBG706),(Prosymna-visseri_MCZR190223,Buhoma-depressiceps_CFS1528)))),(Aparallactus-capensis_MCZA28808,(Rhamphiophis-oxyrhynchus_KU290451,Psammophis-sibilans_RAX2053)))),(Micrurus-corallinus_KU289205,(((Pseudonaja-textilis,(Notechis-scutatus,(Emydocephalus-ijimae,((Hydrophis-curtus,Hydrophis-hardwickii),(Hydrophis-cyanocinctus,Hydrophis-melanocephalus))))),(Laticauda-colubrina,Laticauda-laticaudata)),(Elapsoidea-sundevallii_MCZR190390,(Hemibungarus-mcclungi_KU303027,(Ophiophagus-hannah,Naja-naja)))))),(Psammodynastes-pulverulentus_KU328547,Psammodynastes-pulverulentus_KU329686)),((Levitonius-mirus_KU337269,(Myersophis-alpestris_KU308684,(Oxyrhabdium-leporinum_KU346583,(Oxyrhabdium-cfmodestum_KU338101,Oxyrhabdium-modestum_KU310866)))),(Cyclocorus-lineatus_KU335808,Hologerrhum-philippinum_KU330752))),((((Calamaria-gervaisii_KU327406,((Boiga-irregularis_KU345021,((Pantherophis-guttatus,(Pituophis-catenifer,Pantherophis-obsoletus)),(Ptyas-mucosa,(Scolecophis-atrocinctus_KU289804,Tantilla-taeniata_KU289863)))),(Chrysopelea-ornata,Ahaetulla-prasina_KU323364))),(Grayia-smythii_KU341872,Sibynophis-bivittatus_KU309608)),(Pseudoxenodon-sp_KU312221,(Thermophis-baileyi,Dipsas-indica_KU215336))),(Thamnophis-sirtalis,Thamnophis-elegans))),(Myanophis-thanlyinensis,Cerberus-schneiderii_KU324534)),(Vipera-berus,((Bothrops-jararaca,(Crotalus-horridus,(Crotalus-adamanteus,(Crotalus-pyrrhus,(Crotalus-viridis,Crotalus-tigris))))),(Protobothrops-mucrosquamatus,Protobothrops-flavoviridis)))))),(Python-molurus,Boa-constrictor)));
Final quartet score is: 16747203
Final normalized quartet score is: 0.8912806222656732
(Acrochordus-granulatus_KU302952,((Achalinus-spinalis_KU312258,(Aplopeltura-boa_KU315147,(((((((Micrelaps-sp_TauM16738,((Pseudaspis-cana_MCZA27068,(Pseudoxyrhopus-tritaeniatus_KU340969,((Chamaelycus-fasciatus_KU348632,Lamprophis-lineatus_EBG706)1:1.8632660045993115,(Prosymna-visseri_MCZR190223,Buhoma-depressiceps_CFS1528)0.77:0.16027980038720335)0.45:0.034775926968216214)0.46:0.07081771655383204)0.35:0.005207797687222881,(Aparallactus-capensis_MCZA28808,(Rhamphiophis-oxyrhynchus_KU290451,Psammophis-sibilans_RAX2053)1:1.4190841839428816)0.89:0.2296832921817253)0.74:0.14419047677664473)1:0.46482552200719673,(Micrurus-corallinus_KU289205,(((Pseudonaja-textilis,(Notechis-scutatus,(Emydocephalus-ijimae,((Hydrophis-curtus,Hydrophis-hardwickii)1:1.1349799328389845,(Hydrophis-cyanocinctus,Hydrophis-melanocephalus)1:1.3862943611198908)1:3.149882953381249)1:2.4277482359480516)1:0.6960754403390337)1:2.590267165445826,(Laticauda-colubrina,Laticauda-laticaudata)1:3.2580965380214812)1:3.3081069585961425,(Elapsoidea-sundevallii_MCZR190390,(Hemibungarus-mcclungi_KU303027,(Ophiophagus-hannah,Naja-naja)0.64:0.10929126649808535)0.99:0.4698874358572225)0.41:0.018826754647915642)0.99:0.3848458209054287)1:2.2691371589265037)0.46:0.07172018485436772,(Psammodynastes-pulverulentus_KU328547,Psammodynastes-pulverulentus_KU329686)1:2.407945608651871)0.57:0.0791612371313358,((Levitonius-mirus_KU337269,(Myersophis-alpestris_KU308684,(Oxyrhabdium-leporinum_KU346583,(Oxyrhabdium-cfmodestum_KU338101,Oxyrhabdium-modestum_KU310866)1:0.8938178760220965)1:2.335374915817036)0.74:0.19813331641786183)0.87:0.22020550148279353,(Cyclocorus-lineatus_KU335808,Hologerrhum-philippinum_KU330752)1:2.2531368175800655)1:1.6245116190550024)1:1.5032850204854076,((((Calamaria-gervaisii_KU327406,((Boiga-irregularis_KU345021,((Pantherophis-guttatus,(Pituophis-catenifer,Pantherophis-obsoletus)0.77:0.15415067982725836)1:2.84863485022883,(Ptyas-mucosa,(Scolecophis-atrocinctus_KU289804,Tantilla-taeniata_KU289863)1:2.2937022194164682)0.8:0.17207393699192183)1:0.46270301636367206)1:1.7703067578218823,(Chrysopelea-ornata,Ahaetulla-prasina_KU323364)1:1.3733134750120326)1:0.7461089169049498)0.59:0.12202376005568703,(Grayia-smythii_KU341872,Sibynophis-bivittatus_KU309608)0.83:0.19026478557768697)1:0.8420088485554095,(Pseudoxenodon-sp_KU312221,(Thermophis-baileyi,Dipsas-indica_KU215336)0.99:0.40523070509781944)0.99:0.38019222116614076)0.83:0.173618173093911,(Thamnophis-sirtalis,Thamnophis-elegans)1:2.9957322735539913)1:1.4961881603544096)0.78:0.17515545866116045,(Myanophis-thanlyinensis,Cerberus-schneiderii_KU324534)1:3.120895416507997)1:2.38773326416185,(Vipera-berus,((Bothrops-jararaca,(Crotalus-horridus,(Crotalus-adamanteus,(Crotalus-pyrrhus,(Crotalus-viridis,Crotalus-tigris)0.85:0.2847767166811475)0.55:0.16366746098057625)1:1.1574527886910435)1:3.0285220963769826)1:1.9299098077088719,(Protobothrops-mucrosquamatus,Protobothrops-flavoviridis)1:1.7355936113008579)1:2.6613630871295606)1:2.6554064676167863)1:0.5201754237554541)1:2.1891404589362606)1:0.8548261268079952,(Python-molurus,Boa-constrictor)1:2.6014942280396087));
ASTRAL finished in 2.588 secs
Shutting down threading
