

================== ASTRAL ===================== 

This is ASTRAL version 5.15.5
Warning: 
 Fail to load native library libAstral.dylib; use Java default computing method without AVX2, which is 4X slower. 
 Make sure you are using the correct Djava.library.path (to the `lib` directory under ASTRAL where libAstral.dylib can be found). 
 Trying running make.sh. For mode debugging, run: java -Djava.library.path=lib/ -jar native_library_tester.jar
Gene trees are treated as unrooted
Detected GPU devices: 
Device 1 of 2: Apple M1 cl_device_id[0xffffffff] Vendor: Intel
Device 2 of 2: Apple M1 cl_device_id[0x1027f00] Vendor: Apple
Will use Device : Apple M1
Will use Device : Apple M1
Starting 8 threads ...
There are 8 threads used to run.
35 trees read from /dev/fd/11
All output trees will be *arbitrarily* rooted at Acrochordus-granulatus_KU302952

======== Running the main analysis
Number of taxa: 66 (66 species)
Taxa: [Acrochordus-granulatus_KU302952, Scolecophis-atrocinctus_KU289804, Tantilla-taeniata_KU289863, Ptyas-mucosa, Pantherophis-guttatus, Pantherophis-obsoletus, Chrysopelea-ornata, Ahaetulla-prasina_KU323364, Grayia-smythii_KU341872, Pseudoxenodon-sp_KU312221, Thermophis-baileyi, Dipsas-indica_KU215336, Prosymna-visseri_MCZR190223, Aparallactus-capensis_MCZA28808, Micrelaps-sp_TauM16738, Pseudoxyrhopus-tritaeniatus_KU340969, Elapsoidea-sundevallii_MCZR190390, Hydrophis-curtus, Hydrophis-hardwickii, Hydrophis-cyanocinctus, Hydrophis-melanocephalus, Emydocephalus-ijimae, Notechis-scutatus, Pseudonaja-textilis, Laticauda-colubrina, Laticauda-laticaudata, Ophiophagus-hannah, Naja-naja, Micrurus-corallinus_KU289205, Cyclocorus-lineatus_KU335808, Hologerrhum-philippinum_KU330752, Oxyrhabdium-cfmodestum_KU338101, Oxyrhabdium-modestum_KU310866, Oxyrhabdium-leporinum_KU346583, Levitonius-mirus_KU337269, Psammodynastes-pulverulentus_KU328547, Psammodynastes-pulverulentus_KU329686, Cerberus-schneiderii_KU324534, Thamnophis-sirtalis, Thamnophis-elegans, Crotalus-pyrrhus, Crotalus-adamanteus, Crotalus-tigris, Crotalus-horridus, Bothrops-jararaca, Protobothrops-mucrosquamatus, Protobothrops-flavoviridis, Vipera-berus, Python-molurus, Boa-constrictor, Crotalus-viridis, Myanophis-thanlyinensis, Pseudaspis-cana_MCZA27068, Psammophis-sibilans_RAX2053, Rhamphiophis-oxyrhynchus_KU290451, Chamaelycus-fasciatus_KU348632, Lamprophis-lineatus_EBG706, Sibynophis-bivittatus_KU309608, Boiga-irregularis_KU345021, Calamaria-gervaisii_KU327406, Aplopeltura-boa_KU315147, Buhoma-depressiceps_CFS1528, Myersophis-alpestris_KU308684, Hemibungarus-mcclungi_KU303027, Pituophis-catenifer, Achalinus-spinalis_KU312258]
Taxon occupancy: {Protobothrops-flavoviridis=29, Hologerrhum-philippinum_KU330752=32, Thamnophis-sirtalis=26, Hydrophis-hardwickii=30, Psammophis-sibilans_RAX2053=24, Crotalus-pyrrhus=30, Elapsoidea-sundevallii_MCZR190390=30, Bothrops-jararaca=29, Notechis-scutatus=31, Levitonius-mirus_KU337269=30, Buhoma-depressiceps_CFS1528=26, Ophiophagus-hannah=26, Scolecophis-atrocinctus_KU289804=29, Ptyas-mucosa=33, Calamaria-gervaisii_KU327406=24, Boiga-irregularis_KU345021=32, Aparallactus-capensis_MCZA28808=24, Myanophis-thanlyinensis=26, Ahaetulla-prasina_KU323364=29, Python-molurus=22, Psammodynastes-pulverulentus_KU328547=30, Pseudaspis-cana_MCZA27068=29, Crotalus-tigris=29, Rhamphiophis-oxyrhynchus_KU290451=26, Pantherophis-obsoletus=31, Protobothrops-mucrosquamatus=31, Vipera-berus=29, Chrysopelea-ornata=27, Thamnophis-elegans=28, Laticauda-laticaudata=32, Myersophis-alpestris_KU308684=26, Oxyrhabdium-leporinum_KU346583=25, Acrochordus-granulatus_KU302952=21, Cyclocorus-lineatus_KU335808=31, Oxyrhabdium-cfmodestum_KU338101=28, Tantilla-taeniata_KU289863=34, Grayia-smythii_KU341872=30, Crotalus-viridis=28, Crotalus-adamanteus=30, Pseudoxyrhopus-tritaeniatus_KU340969=32, Dipsas-indica_KU215336=27, Oxyrhabdium-modestum_KU310866=29, Emydocephalus-ijimae=31, Pantherophis-guttatus=34, Sibynophis-bivittatus_KU309608=28, Aplopeltura-boa_KU315147=22, Thermophis-baileyi=32, Pituophis-catenifer=27, Lamprophis-lineatus_EBG706=32, Hydrophis-curtus=30, Pseudoxenodon-sp_KU312221=29, Pseudonaja-textilis=28, Chamaelycus-fasciatus_KU348632=23, Hemibungarus-mcclungi_KU303027=26, Laticauda-colubrina=30, Crotalus-horridus=26, Micrurus-corallinus_KU289205=27, Boa-constrictor=22, Psammodynastes-pulverulentus_KU329686=24, Hydrophis-melanocephalus=28, Achalinus-spinalis_KU312258=17, Micrelaps-sp_TauM16738=28, Prosymna-visseri_MCZR190223=29, Naja-naja=35, Hydrophis-cyanocinctus=31, Cerberus-schneiderii_KU324534=29}
Using polytree-based weight calculation.
Number of gene trees: 35
35 trees have missing taxa
Calculating distance matrix (for completion of X) ....with 4 distance matrices for parallellism
Species tree distances calculated ...

Will attempt to complete bipartitions from X before adding using a distance matrix.
Building set of clusters (X) from gene trees 
------------------------------
Number of Clusters after addition from gene trees: 1273
Number of Clusters after addition by distance: 1273
Adding to X using resolutions of greedy consensus ...

Computing greedy consensus  
took 0 seconds
Limit for sigma of degrees:1700

polytomy size limit : > 11
 [3, 3, 3, 3, 3, 4, 4, 7, 11]
discarded polytomies: 
Threshold 0.0:
Threshold 0.01:
Threshold 0.02:
Threshold 0.05:
Threshold 0.1:
polytomy of size 4; rounds with additions with at least 5 support: 1; clusters: 1281
Threshold 0.2:
polytomy of size 3; rounds with additions with at least 5 support: 0; clusters: 1281
polytomy of size 7; rounds with additions with at least 5 support: 0; clusters: 1281
polytomy of size 3; rounds with additions with at least 5 support: 0; clusters: 1281
Threshold 0.3333333333333333:
polytomy of size 3; rounds with additions with at least 5 support: 0; clusters: 1281
polytomy of size 11; rounds with additions with at least 5 support: 0; clusters: 1281
polytomy of size 4; rounds with additions with at least 5 support: 0; clusters: 1281
polytomy of size 3; rounds with additions with at least 5 support: 0; clusters: 1281
polytomy of size 3; rounds with additions with at least 5 support: 0; clusters: 1281
Number of Clusters after addition by greedy: 1281
partitions formed in 1.043 secs
Dynamic Programming starting after 1.043 secs
Polytree max score: 13330297
Polytree building time: 0.025 seconds.
Fail to load native library libAstral.dylib; use Java default computing method.
Number of quartet trees in the gene trees: 13330297
Computing hash values took 0 seconds
device length is: 2
TREE HEIGHT IS: 13
Size of largest cluster: 66
Size of largest cluster: 66
Finishing up:1660 0 1659
Total Number of elements: 1659
Normalized score (portion of input quartet trees satisfied before correcting for multiple individuals): 0.8618831223340335
Final optimization score: 11489158
Optimal tree inferred in 2.216 secs.
Weight calculation using polytrees cumulatively took 0.0 secs
(Acrochordus-granulatus_KU302952,((Achalinus-spinalis_KU312258,(Aplopeltura-boa_KU315147,(((((((Elapsoidea-sundevallii_MCZR190390,(((Emydocephalus-ijimae,((Hydrophis-curtus,Hydrophis-hardwickii),(Hydrophis-cyanocinctus,Hydrophis-melanocephalus))),(Notechis-scutatus,Pseudonaja-textilis)),(Laticauda-colubrina,Laticauda-laticaudata))),(Micrurus-corallinus_KU289205,(Hemibungarus-mcclungi_KU303027,(Ophiophagus-hannah,Naja-naja)))),(Micrelaps-sp_TauM16738,(Aparallactus-capensis_MCZA28808,((Buhoma-depressiceps_CFS1528,(Prosymna-visseri_MCZR190223,(Pseudoxyrhopus-tritaeniatus_KU340969,(Pseudaspis-cana_MCZA27068,(Chamaelycus-fasciatus_KU348632,Lamprophis-lineatus_EBG706))))),(Psammophis-sibilans_RAX2053,Rhamphiophis-oxyrhynchus_KU290451))))),((((Oxyrhabdium-leporinum_KU346583,(Oxyrhabdium-cfmodestum_KU338101,Oxyrhabdium-modestum_KU310866)),(Levitonius-mirus_KU337269,Myersophis-alpestris_KU308684)),(Cyclocorus-lineatus_KU335808,Hologerrhum-philippinum_KU330752)),(Psammodynastes-pulverulentus_KU328547,Psammodynastes-pulverulentus_KU329686))),((((Calamaria-gervaisii_KU327406,((Boiga-irregularis_KU345021,((Ptyas-mucosa,(Pituophis-catenifer,(Pantherophis-guttatus,Pantherophis-obsoletus))),(Scolecophis-atrocinctus_KU289804,Tantilla-taeniata_KU289863))),(Chrysopelea-ornata,Ahaetulla-prasina_KU323364))),(Grayia-smythii_KU341872,Sibynophis-bivittatus_KU309608)),(Thamnophis-sirtalis,Thamnophis-elegans)),(Pseudoxenodon-sp_KU312221,(Thermophis-baileyi,Dipsas-indica_KU215336)))),(Cerberus-schneiderii_KU324534,Myanophis-thanlyinensis)),(Vipera-berus,((Bothrops-jararaca,(Crotalus-horridus,((Crotalus-adamanteus,Crotalus-viridis),(Crotalus-pyrrhus,Crotalus-tigris)))),(Protobothrops-mucrosquamatus,Protobothrops-flavoviridis)))))),(Python-molurus,Boa-constrictor)));
Final quartet score is: 11603135
Final normalized quartet score is: 0.8704333444333611
You may want to ignore posterior probabilities and other statistics related to the following branch branch because the effective number of genes impacting it is only 12:
	{Scolecophis-atrocinctus_KU289804, Tantilla-taeniata_KU289863, Ptyas-mucosa, Pantherophis-guttatus, Pantherophis-obsoletus, Chrysopelea-ornata, Ahaetulla-prasina_KU323364, Grayia-smythii_KU341872, Pseudoxenodon-sp_KU312221, Thermophis-baileyi, Dipsas-indica_KU215336, Prosymna-visseri_MCZR190223, Aparallactus-capensis_MCZA28808, Micrelaps-sp_TauM16738, Pseudoxyrhopus-tritaeniatus_KU340969, Elapsoidea-sundevallii_MCZR190390, Hydrophis-curtus, Hydrophis-hardwickii, Hydrophis-cyanocinctus, Hydrophis-melanocephalus, Emydocephalus-ijimae, Notechis-scutatus, Pseudonaja-textilis, Laticauda-colubrina, Laticauda-laticaudata, Ophiophagus-hannah, Naja-naja, Micrurus-corallinus_KU289205, Cyclocorus-lineatus_KU335808, Hologerrhum-philippinum_KU330752, Oxyrhabdium-cfmodestum_KU338101, Oxyrhabdium-modestum_KU310866, Oxyrhabdium-leporinum_KU346583, Levitonius-mirus_KU337269, Psammodynastes-pulverulentus_KU328547, Psammodynastes-pulverulentus_KU329686, Cerberus-schneiderii_KU324534, Thamnophis-sirtalis, Thamnophis-elegans, Crotalus-pyrrhus, Crotalus-adamanteus, Crotalus-tigris, Crotalus-horridus, Bothrops-jararaca, Protobothrops-mucrosquamatus, Protobothrops-flavoviridis, Vipera-berus, Crotalus-viridis, Myanophis-thanlyinensis, Pseudaspis-cana_MCZA27068, Psammophis-sibilans_RAX2053, Rhamphiophis-oxyrhynchus_KU290451, Chamaelycus-fasciatus_KU348632, Lamprophis-lineatus_EBG706, Sibynophis-bivittatus_KU309608, Boiga-irregularis_KU345021, Calamaria-gervaisii_KU327406, Aplopeltura-boa_KU315147, Buhoma-depressiceps_CFS1528, Myersophis-alpestris_KU308684, Hemibungarus-mcclungi_KU303027, Pituophis-catenifer}
You may want to ignore posterior probabilities and other statistics related to the following branch branch because the effective number of genes impacting it is only 13:
	{Scolecophis-atrocinctus_KU289804, Tantilla-taeniata_KU289863, Ptyas-mucosa, Pantherophis-guttatus, Pantherophis-obsoletus, Chrysopelea-ornata, Ahaetulla-prasina_KU323364, Grayia-smythii_KU341872, Pseudoxenodon-sp_KU312221, Thermophis-baileyi, Dipsas-indica_KU215336, Prosymna-visseri_MCZR190223, Aparallactus-capensis_MCZA28808, Micrelaps-sp_TauM16738, Pseudoxyrhopus-tritaeniatus_KU340969, Elapsoidea-sundevallii_MCZR190390, Hydrophis-curtus, Hydrophis-hardwickii, Hydrophis-cyanocinctus, Hydrophis-melanocephalus, Emydocephalus-ijimae, Notechis-scutatus, Pseudonaja-textilis, Laticauda-colubrina, Laticauda-laticaudata, Ophiophagus-hannah, Naja-naja, Micrurus-corallinus_KU289205, Cyclocorus-lineatus_KU335808, Hologerrhum-philippinum_KU330752, Oxyrhabdium-cfmodestum_KU338101, Oxyrhabdium-modestum_KU310866, Oxyrhabdium-leporinum_KU346583, Levitonius-mirus_KU337269, Psammodynastes-pulverulentus_KU328547, Psammodynastes-pulverulentus_KU329686, Cerberus-schneiderii_KU324534, Thamnophis-sirtalis, Thamnophis-elegans, Crotalus-pyrrhus, Crotalus-adamanteus, Crotalus-tigris, Crotalus-horridus, Bothrops-jararaca, Protobothrops-mucrosquamatus, Protobothrops-flavoviridis, Vipera-berus, Crotalus-viridis, Myanophis-thanlyinensis, Pseudaspis-cana_MCZA27068, Psammophis-sibilans_RAX2053, Rhamphiophis-oxyrhynchus_KU290451, Chamaelycus-fasciatus_KU348632, Lamprophis-lineatus_EBG706, Sibynophis-bivittatus_KU309608, Boiga-irregularis_KU345021, Calamaria-gervaisii_KU327406, Aplopeltura-boa_KU315147, Buhoma-depressiceps_CFS1528, Myersophis-alpestris_KU308684, Hemibungarus-mcclungi_KU303027, Pituophis-catenifer, Achalinus-spinalis_KU312258}
You may want to ignore posterior probabilities and other statistics related to the following branch branch because the effective number of genes impacting it is only 13:
	{Python-molurus, Boa-constrictor}
(Acrochordus-granulatus_KU302952,((Achalinus-spinalis_KU312258,(Aplopeltura-boa_KU315147,(((((((Elapsoidea-sundevallii_MCZR190390,(((Emydocephalus-ijimae,((Hydrophis-curtus,Hydrophis-hardwickii)1:0.5533852381847867,(Hydrophis-cyanocinctus,Hydrophis-melanocephalus)1:0.9469277013360451)1:2.6548056865833978)1:3.0602707946915624,(Notechis-scutatus,Pseudonaja-textilis)0.64:0.11778303565638351)1:2.367123614131617,(Laticauda-colubrina,Laticauda-laticaudata)1:3.0285220963769826)1:2.268683541318364)0.95:0.3529871708595478,(Micrurus-corallinus_KU289205,(Hemibungarus-mcclungi_KU303027,(Ophiophagus-hannah,Naja-naja)0.51:0.06685817650321824)0.57:0.1405888020355732)0.5:0.06326441989190447)1:2.314321638688145,(Micrelaps-sp_TauM16738,(Aparallactus-capensis_MCZA28808,((Buhoma-depressiceps_CFS1528,(Prosymna-visseri_MCZR190223,(Pseudoxyrhopus-tritaeniatus_KU340969,(Pseudaspis-cana_MCZA27068,(Chamaelycus-fasciatus_KU348632,Lamprophis-lineatus_EBG706)1:1.9545682117984284)0.69:0.14308466244801205)0.24:0.0)0.43:0.03826822679546698)0.37:2.051278016561004E-5,(Psammophis-sibilans_RAX2053,Rhamphiophis-oxyrhynchus_KU290451)1:2.349105108628939)0.48:0.04991136639760403)0.9:0.29491080163428934)0.99:0.41285329321783326)0.97:0.323066935823747,((((Oxyrhabdium-leporinum_KU346583,(Oxyrhabdium-cfmodestum_KU338101,Oxyrhabdium-modestum_KU310866)1:0.784118958765672)1:2.361583433756002,(Levitonius-mirus_KU337269,Myersophis-alpestris_KU308684)0.36:0.0)0.87:0.2705876390924809,(Cyclocorus-lineatus_KU335808,Hologerrhum-philippinum_KU330752)1:1.8663483262191274)1:1.7635472786443884,(Psammodynastes-pulverulentus_KU328547,Psammodynastes-pulverulentus_KU329686)1:2.772588722239782)0.94:0.28664332245116675)1:1.0191870706349786,((((Calamaria-gervaisii_KU327406,((Boiga-irregularis_KU345021,((Ptyas-mucosa,(Pituophis-catenifer,(Pantherophis-guttatus,Pantherophis-obsoletus)0.82:0.21357410029805904)1:2.1972245773362196)0.45:0.05869851456610621,(Scolecophis-atrocinctus_KU289804,Tantilla-taeniata_KU289863)1:1.2985394932130196)0.52:0.08494739276877813)1:2.192661831777803,(Chrysopelea-ornata,Ahaetulla-prasina_KU323364)1:1.464850079671848)1:0.7281383956337052)0.28:0.0,(Grayia-smythii_KU341872,Sibynophis-bivittatus_KU309608)0.85:0.23736863492508967)1:0.7918105936641728,(Thamnophis-sirtalis,Thamnophis-elegans)1:2.8526314299133184)0.58:0.08459889647106451,(Pseudoxenodon-sp_KU312221,(Thermophis-baileyi,Dipsas-indica_KU215336)1:0.7155705990632826)0.41:0.024118416938817736)1:0.8303993034562952)0.69:0.12959106012924515,(Cerberus-schneiderii_KU324534,Myanophis-thanlyinensis)1:2.022697292269084)1:1.659677065475082,(Vipera-berus,((Bothrops-jararaca,(Crotalus-horridus,((Crotalus-adamanteus,Crotalus-viridis)0.97:0.3630961780831991,(Crotalus-pyrrhus,Crotalus-tigris)0.68:0.13114670119262362)0.98:0.40546510810816444)1:2.890371757896163)1:0.6931471805599453,(Protobothrops-mucrosquamatus,Protobothrops-flavoviridis)1:1.6094379124341005)1:2.1972245773362196)1:1.7540191412452077)1:0.8607114042470557)1:2.159484249353373)1:1.5404450409471486,(Python-molurus,Boa-constrictor)1:1.1349799328389845));
ASTRAL finished in 2.659 secs
Shutting down threading
