

================== ASTRAL ===================== 

This is ASTRAL version 5.15.5
Warning: 
 Fail to load native library libAstral.dylib; use Java default computing method without AVX2, which is 4X slower. 
 Make sure you are using the correct Djava.library.path (to the `lib` directory under ASTRAL where libAstral.dylib can be found). 
 Trying running make.sh. For mode debugging, run: java -Djava.library.path=lib/ -jar native_library_tester.jar
Gene trees are treated as unrooted
Detected GPU devices: 
Device 1 of 2: Apple M1 cl_device_id[0xffffffff] Vendor: Intel
Device 2 of 2: Apple M1 cl_device_id[0x1027f00] Vendor: Apple
Will use Device : Apple M1
Will use Device : Apple M1
Starting 8 threads ...
There are 8 threads used to run.
129 trees read from /dev/fd/11
All output trees will be *arbitrarily* rooted at Pseudoxyrhopus-tritaeniatus_KU340969

======== Running the main analysis
Number of taxa: 66 (66 species)
Taxa: [Pseudoxyrhopus-tritaeniatus_KU340969, Pseudaspis-cana_MCZA27068, Chamaelycus-fasciatus_KU348632, Lamprophis-lineatus_EBG706, Oxyrhabdium-modestum_KU310866, Oxyrhabdium-cfmodestum_KU338101, Oxyrhabdium-leporinum_KU346583, Myersophis-alpestris_KU308684, Cyclocorus-lineatus_KU335808, Hologerrhum-philippinum_KU330752, Levitonius-mirus_KU337269, Hemibungarus-mcclungi_KU303027, Ophiophagus-hannah, Naja-naja, Elapsoidea-sundevallii_MCZR190390, Hydrophis-curtus, Hydrophis-cyanocinctus, Hydrophis-melanocephalus, Hydrophis-hardwickii, Emydocephalus-ijimae, Notechis-scutatus, Pseudonaja-textilis, Laticauda-colubrina, Laticauda-laticaudata, Micrurus-corallinus_KU289205, Psammodynastes-pulverulentus_KU328547, Cerberus-schneiderii_KU324534, Myanophis-thanlyinensis, Achalinus-spinalis_KU312258, Acrochordus-granulatus_KU302952, Python-molurus, Boa-constrictor, Aplopeltura-boa_KU315147, Vipera-berus, Protobothrops-mucrosquamatus, Crotalus-viridis, Crotalus-tigris, Crotalus-adamanteus, Crotalus-horridus, Bothrops-jararaca, Ahaetulla-prasina_KU323364, Chrysopelea-ornata, Scolecophis-atrocinctus_KU289804, Tantilla-taeniata_KU289863, Pantherophis-guttatus, Pituophis-catenifer, Ptyas-mucosa, Boiga-irregularis_KU345021, Grayia-smythii_KU341872, Calamaria-gervaisii_KU327406, Pseudoxenodon-sp_KU312221, Thamnophis-sirtalis, Dipsas-indica_KU215336, Thermophis-baileyi, Psammophis-sibilans_RAX2053, Rhamphiophis-oxyrhynchus_KU290451, Buhoma-depressiceps_CFS1528, Aparallactus-capensis_MCZA28808, Micrelaps-sp_TauM16738, Prosymna-visseri_MCZR190223, Thamnophis-elegans, Pantherophis-obsoletus, Crotalus-pyrrhus, Protobothrops-flavoviridis, Sibynophis-bivittatus_KU309608, Psammodynastes-pulverulentus_KU329686]
Taxon occupancy: {Protobothrops-flavoviridis=116, Hologerrhum-philippinum_KU330752=117, Thamnophis-sirtalis=110, Hydrophis-hardwickii=126, Psammophis-sibilans_RAX2053=106, Crotalus-pyrrhus=118, Elapsoidea-sundevallii_MCZR190390=119, Bothrops-jararaca=116, Notechis-scutatus=123, Levitonius-mirus_KU337269=112, Buhoma-depressiceps_CFS1528=104, Ophiophagus-hannah=122, Scolecophis-atrocinctus_KU289804=111, Ptyas-mucosa=121, Calamaria-gervaisii_KU327406=113, Boiga-irregularis_KU345021=115, Aparallactus-capensis_MCZA28808=116, Myanophis-thanlyinensis=107, Python-molurus=106, Ahaetulla-prasina_KU323364=116, Pseudaspis-cana_MCZA27068=117, Psammodynastes-pulverulentus_KU328547=113, Crotalus-tigris=121, Rhamphiophis-oxyrhynchus_KU290451=110, Vipera-berus=114, Protobothrops-mucrosquamatus=120, Pantherophis-obsoletus=121, Chrysopelea-ornata=117, Thamnophis-elegans=114, Laticauda-laticaudata=123, Myersophis-alpestris_KU308684=117, Oxyrhabdium-leporinum_KU346583=118, Acrochordus-granulatus_KU302952=107, Cyclocorus-lineatus_KU335808=117, Oxyrhabdium-cfmodestum_KU338101=115, Tantilla-taeniata_KU289863=115, Grayia-smythii_KU341872=117, Crotalus-viridis=111, Crotalus-adamanteus=120, Pseudoxyrhopus-tritaeniatus_KU340969=115, Dipsas-indica_KU215336=116, Oxyrhabdium-modestum_KU310866=115, Emydocephalus-ijimae=123, Pantherophis-guttatus=124, Aplopeltura-boa_KU315147=113, Sibynophis-bivittatus_KU309608=117, Thermophis-baileyi=123, Pituophis-catenifer=115, Lamprophis-lineatus_EBG706=114, Hydrophis-curtus=122, Pseudoxenodon-sp_KU312221=111, Chamaelycus-fasciatus_KU348632=108, Hemibungarus-mcclungi_KU303027=120, Pseudonaja-textilis=123, Laticauda-colubrina=126, Crotalus-horridus=116, Micrurus-corallinus_KU289205=116, Boa-constrictor=107, Psammodynastes-pulverulentus_KU329686=102, Hydrophis-melanocephalus=120, Achalinus-spinalis_KU312258=101, Micrelaps-sp_TauM16738=119, Prosymna-visseri_MCZR190223=117, Naja-naja=129, Hydrophis-cyanocinctus=122, Cerberus-schneiderii_KU324534=114}
Using polytree-based weight calculation.
Number of gene trees: 129
106 trees have missing taxa
Calculating distance matrix (for completion of X) ....with 4 distance matrices for parallellism
Species tree distances calculated ...

Will attempt to complete bipartitions from X before adding using a distance matrix.
Building set of clusters (X) from gene trees 
------------------------------
Number of Clusters after addition from gene trees: 3331
Number of Clusters after addition by distance: 3331
Adding to X using resolutions of greedy consensus ...

Computing greedy consensus  
took 0 seconds
Limit for sigma of degrees:1700

polytomy size limit : > 11
 [3, 3, 3, 4, 4, 4, 4, 4, 6, 10, 11]
discarded polytomies: 
Threshold 0.0:
Threshold 0.01:
Threshold 0.02:
Threshold 0.05:
polytomy of size 4; rounds with additions with at least 5 support: 0; clusters: 3331
Threshold 0.1:
polytomy of size 6; rounds with additions with at least 5 support: 0; clusters: 3331
Threshold 0.2:
polytomy of size 3; rounds with additions with at least 5 support: 0; clusters: 3331
polytomy of size 3; rounds with additions with at least 5 support: 0; clusters: 3331
polytomy of size 10; rounds with additions with at least 5 support: 0; clusters: 3331
Threshold 0.3333333333333333:
polytomy of size 4; rounds with additions with at least 5 support: 0; clusters: 3331
polytomy of size 3; rounds with additions with at least 5 support: 0; clusters: 3331
polytomy of size 4; rounds with additions with at least 5 support: 0; clusters: 3331
polytomy of size 4; rounds with additions with at least 5 support: 0; clusters: 3331
polytomy of size 4; rounds with additions with at least 5 support: 0; clusters: 3331
polytomy of size 11; rounds with additions with at least 5 support: 0; clusters: 3331
Number of Clusters after addition by greedy: 3331
partitions formed in 1.548 secs
Dynamic Programming starting after 1.548 secs
Polytree max score: 67345241
Polytree building time: 0.041 seconds.
Fail to load native library libAstral.dylib; use Java default computing method.
Number of quartet trees in the gene trees: 67345241
Computing hash values took 0 seconds
device length is: 2
TREE HEIGHT IS: 12
Size of largest cluster: 66
Size of largest cluster: 66
Finishing up:6817 0 6816
Total Number of elements: 6816
Normalized score (portion of input quartet trees satisfied before correcting for multiple individuals): 0.8484782911386418
Final optimization score: 57140975
Optimal tree inferred in 2.893 secs.
Weight calculation using polytrees cumulatively took 0.0 secs
(Pseudoxyrhopus-tritaeniatus_KU340969,(((Micrelaps-sp_TauM16738,(((((Sibynophis-bivittatus_KU309608,(Calamaria-gervaisii_KU327406,(Grayia-smythii_KU341872,((Boiga-irregularis_KU345021,((Pituophis-catenifer,(Pantherophis-guttatus,Pantherophis-obsoletus)),(Ptyas-mucosa,(Scolecophis-atrocinctus_KU289804,Tantilla-taeniata_KU289863)))),(Ahaetulla-prasina_KU323364,Chrysopelea-ornata))))),((Thamnophis-sirtalis,Thamnophis-elegans),(Pseudoxenodon-sp_KU312221,(Dipsas-indica_KU215336,Thermophis-baileyi)))),(((Vipera-berus,((Bothrops-jararaca,(Crotalus-horridus,(Crotalus-pyrrhus,(Crotalus-tigris,(Crotalus-viridis,Crotalus-adamanteus))))),(Protobothrops-mucrosquamatus,Protobothrops-flavoviridis))),(Aplopeltura-boa_KU315147,(Achalinus-spinalis_KU312258,(Acrochordus-granulatus_KU302952,(Python-molurus,Boa-constrictor))))),(Cerberus-schneiderii_KU324534,Myanophis-thanlyinensis))),(((Myersophis-alpestris_KU308684,Levitonius-mirus_KU337269),(Oxyrhabdium-leporinum_KU346583,(Oxyrhabdium-modestum_KU310866,Oxyrhabdium-cfmodestum_KU338101))),(Cyclocorus-lineatus_KU335808,Hologerrhum-philippinum_KU330752))),((Micrurus-corallinus_KU289205,((Elapsoidea-sundevallii_MCZR190390,((Pseudonaja-textilis,(Notechis-scutatus,(Emydocephalus-ijimae,((Hydrophis-cyanocinctus,Hydrophis-melanocephalus),(Hydrophis-curtus,Hydrophis-hardwickii))))),(Laticauda-colubrina,Laticauda-laticaudata))),(Hemibungarus-mcclungi_KU303027,(Ophiophagus-hannah,Naja-naja)))),(Psammodynastes-pulverulentus_KU328547,Psammodynastes-pulverulentus_KU329686)))),((Psammophis-sibilans_RAX2053,Rhamphiophis-oxyrhynchus_KU290451),(Pseudaspis-cana_MCZA27068,Aparallactus-capensis_MCZA28808))),(Buhoma-depressiceps_CFS1528,(Prosymna-visseri_MCZR190223,(Chamaelycus-fasciatus_KU348632,Lamprophis-lineatus_EBG706)))));
Final quartet score is: 54805794
Final normalized quartet score is: 0.813803517311639
(Pseudoxyrhopus-tritaeniatus_KU340969,(((Micrelaps-sp_TauM16738,(((((Sibynophis-bivittatus_KU309608,(Calamaria-gervaisii_KU327406,(Grayia-smythii_KU341872,((Boiga-irregularis_KU345021,((Pituophis-catenifer,(Pantherophis-guttatus,Pantherophis-obsoletus)0.99:0.2032181001705667)1:2.8562447385289262,(Ptyas-mucosa,(Scolecophis-atrocinctus_KU289804,Tantilla-taeniata_KU289863)1:1.1831555132525247)0.88:0.12229653815586031)1:0.33248865628588553)1:1.588498152149552,(Ahaetulla-prasina_KU323364,Chrysopelea-ornata)1:1.2700271420150708)1:0.4492138006047036)0.86:0.12018954616609893)0.56:0.04461002669033316)1:0.6473982625373462,((Thamnophis-sirtalis,Thamnophis-elegans)1:4.084310491953062,(Pseudoxenodon-sp_KU312221,(Dipsas-indica_KU215336,Thermophis-baileyi)1:0.3486660626183506)0.93:0.147135604004368)0.81:0.09647895680261843)1:1.4356583187234404,(((Vipera-berus,((Bothrops-jararaca,(Crotalus-horridus,(Crotalus-pyrrhus,(Crotalus-tigris,(Crotalus-viridis,Crotalus-adamanteus)0.69:0.07212295776379668)0.71:0.07155138149408449)1:0.790672200693823)1:3.286421867069727)1:1.5192078493317334,(Protobothrops-mucrosquamatus,Protobothrops-flavoviridis)1:2.274213319687048)1:2.5212742939588746)1:4.313033763186934,(Aplopeltura-boa_KU315147,(Achalinus-spinalis_KU312258,(Acrochordus-granulatus_KU302952,(Python-molurus,Boa-constrictor)1:2.282891004176188)1:1.1516608867629947)1:2.848484756926171)1:0.6104547432726695)1:1.9205509802395577,(Cerberus-schneiderii_KU324534,Myanophis-thanlyinensis)1:2.840409566103865)0.83:0.12709839621861063)1:1.6098535413289652,(((Myersophis-alpestris_KU308684,Levitonius-mirus_KU337269)0.54:0.044576129486502705,(Oxyrhabdium-leporinum_KU346583,(Oxyrhabdium-modestum_KU310866,Oxyrhabdium-cfmodestum_KU338101)1:0.38808083922515474)1:3.1482851008142294)1:0.43362305095515363,(Cyclocorus-lineatus_KU335808,Hologerrhum-philippinum_KU330752)1:0.9613527422055351)1:1.453801401933574)0.92:0.12872343208876746,((Micrurus-corallinus_KU289205,((Elapsoidea-sundevallii_MCZR190390,((Pseudonaja-textilis,(Notechis-scutatus,(Emydocephalus-ijimae,((Hydrophis-cyanocinctus,Hydrophis-melanocephalus)1:0.9312323118723542,(Hydrophis-curtus,Hydrophis-hardwickii)1:0.8356744830333189)1:3.3081069585961425)1:2.3682302398376662)0.98:0.18520868154003603)1:1.4449880986663388,(Laticauda-colubrina,Laticauda-laticaudata)1:3.3005597529607575)1:2.8716663801008204)1:0.28054459193833453,(Hemibungarus-mcclungi_KU303027,(Ophiophagus-hannah,Naja-naja)0.89:0.1354540734109132)1:0.38857381039296224)0.52:0.04124891235029644)1:2.86061250463551,(Psammodynastes-pulverulentus_KU328547,Psammodynastes-pulverulentus_KU329686)1:2.2651335680486504)0.57:0.043887336780202735)0.97:0.16313437573810055)1:0.21491916224563365,((Psammophis-sibilans_RAX2053,Rhamphiophis-oxyrhynchus_KU290451)1:2.5221179978688677,(Pseudaspis-cana_MCZA27068,Aparallactus-capensis_MCZA28808)0.48:0.030517248498322182)0.92:0.13008062635057435)0.43:0.017873479643635178,(Buhoma-depressiceps_CFS1528,(Prosymna-visseri_MCZR190223,(Chamaelycus-fasciatus_KU348632,Lamprophis-lineatus_EBG706)1:1.3943328532307597)0.43:0.024355073276357882)0.39:0.009579107297953034));
ASTRAL finished in 3.634 secs
Shutting down threading
