

================== ASTRAL ===================== 

This is ASTRAL version 5.15.5
Warning: 
 Fail to load native library libAstral.dylib; use Java default computing method without AVX2, which is 4X slower. 
 Make sure you are using the correct Djava.library.path (to the `lib` directory under ASTRAL where libAstral.dylib can be found). 
 Trying running make.sh. For mode debugging, run: java -Djava.library.path=lib/ -jar native_library_tester.jar
Gene trees are treated as unrooted
Detected GPU devices: 
Device 1 of 2: Apple M1 cl_device_id[0xffffffff] Vendor: Intel
Device 2 of 2: Apple M1 cl_device_id[0x1027f00] Vendor: Apple
Will use Device : Apple M1
Will use Device : Apple M1
Starting 8 threads ...
There are 8 threads used to run.
125 trees read from /dev/fd/11
All output trees will be *arbitrarily* rooted at Acrochordus-granulatus_KU302952

======== Running the main analysis
Number of taxa: 66 (66 species)
Taxa: [Acrochordus-granulatus_KU302952, Scolecophis-atrocinctus_KU289804, Tantilla-taeniata_KU289863, Pantherophis-guttatus, Pantherophis-obsoletus, Boiga-irregularis_KU345021, Ptyas-mucosa, Chrysopelea-ornata, Ahaetulla-prasina_KU323364, Sibynophis-bivittatus_KU309608, Grayia-smythii_KU341872, Calamaria-gervaisii_KU327406, Thermophis-baileyi, Dipsas-indica_KU215336, Thamnophis-sirtalis, Thamnophis-elegans, Pseudoxenodon-sp_KU312221, Cerberus-schneiderii_KU324534, Prosymna-visseri_MCZR190223, Pseudoxyrhopus-tritaeniatus_KU340969, Rhamphiophis-oxyrhynchus_KU290451, Psammophis-sibilans_RAX2053, Micrelaps-sp_TauM16738, Buhoma-depressiceps_CFS1528, Aparallactus-capensis_MCZA28808, Cyclocorus-lineatus_KU335808, Hologerrhum-philippinum_KU330752, Myersophis-alpestris_KU308684, Levitonius-mirus_KU337269, Oxyrhabdium-cfmodestum_KU338101, Oxyrhabdium-modestum_KU310866, Oxyrhabdium-leporinum_KU346583, Chamaelycus-fasciatus_KU348632, Elapsoidea-sundevallii_MCZR190390, Micrurus-corallinus_KU289205, Hydrophis-curtus, Hydrophis-hardwickii, Hydrophis-melanocephalus, Hydrophis-cyanocinctus, Emydocephalus-ijimae, Pseudonaja-textilis, Laticauda-colubrina, Laticauda-laticaudata, Ophiophagus-hannah, Hemibungarus-mcclungi_KU303027, Naja-naja, Psammodynastes-pulverulentus_KU328547, Psammodynastes-pulverulentus_KU329686, Aplopeltura-boa_KU315147, Crotalus-pyrrhus, Crotalus-viridis, Crotalus-tigris, Crotalus-adamanteus, Crotalus-horridus, Bothrops-jararaca, Protobothrops-mucrosquamatus, Protobothrops-flavoviridis, Vipera-berus, Achalinus-spinalis_KU312258, Python-molurus, Boa-constrictor, Pseudaspis-cana_MCZA27068, Pituophis-catenifer, Myanophis-thanlyinensis, Notechis-scutatus, Lamprophis-lineatus_EBG706]
Taxon occupancy: {Protobothrops-flavoviridis=105, Thamnophis-sirtalis=104, Hologerrhum-philippinum_KU330752=109, Hydrophis-hardwickii=98, Psammophis-sibilans_RAX2053=106, Crotalus-pyrrhus=101, Elapsoidea-sundevallii_MCZR190390=106, Bothrops-jararaca=103, Notechis-scutatus=107, Levitonius-mirus_KU337269=109, Buhoma-depressiceps_CFS1528=91, Ophiophagus-hannah=115, Scolecophis-atrocinctus_KU289804=101, Ptyas-mucosa=110, Calamaria-gervaisii_KU327406=89, Boiga-irregularis_KU345021=109, Aparallactus-capensis_MCZA28808=88, Myanophis-thanlyinensis=98, Ahaetulla-prasina_KU323364=109, Python-molurus=94, Psammodynastes-pulverulentus_KU328547=104, Pseudaspis-cana_MCZA27068=102, Rhamphiophis-oxyrhynchus_KU290451=97, Crotalus-tigris=100, Pantherophis-obsoletus=112, Protobothrops-mucrosquamatus=112, Vipera-berus=105, Chrysopelea-ornata=96, Thamnophis-elegans=100, Laticauda-laticaudata=101, Myersophis-alpestris_KU308684=107, Oxyrhabdium-leporinum_KU346583=107, Acrochordus-granulatus_KU302952=67, Cyclocorus-lineatus_KU335808=109, Oxyrhabdium-cfmodestum_KU338101=111, Tantilla-taeniata_KU289863=104, Grayia-smythii_KU341872=106, Crotalus-viridis=97, Crotalus-adamanteus=100, Pseudoxyrhopus-tritaeniatus_KU340969=97, Dipsas-indica_KU215336=102, Oxyrhabdium-modestum_KU310866=101, Emydocephalus-ijimae=98, Pantherophis-guttatus=108, Sibynophis-bivittatus_KU309608=104, Aplopeltura-boa_KU315147=94, Thermophis-baileyi=109, Pituophis-catenifer=91, Lamprophis-lineatus_EBG706=107, Hydrophis-curtus=98, Pseudoxenodon-sp_KU312221=109, Chamaelycus-fasciatus_KU348632=102, Pseudonaja-textilis=109, Hemibungarus-mcclungi_KU303027=107, Laticauda-colubrina=100, Crotalus-horridus=99, Micrurus-corallinus_KU289205=104, Boa-constrictor=86, Psammodynastes-pulverulentus_KU329686=99, Hydrophis-melanocephalus=100, Achalinus-spinalis_KU312258=78, Micrelaps-sp_TauM16738=104, Prosymna-visseri_MCZR190223=97, Naja-naja=125, Hydrophis-cyanocinctus=100, Cerberus-schneiderii_KU324534=93}
Using polytree-based weight calculation.
Number of gene trees: 125
118 trees have missing taxa
Calculating distance matrix (for completion of X) ....with 4 distance matrices for parallellism
Species tree distances calculated ...

Will attempt to complete bipartitions from X before adding using a distance matrix.
Building set of clusters (X) from gene trees 
------------------------------
Number of Clusters after addition from gene trees: 4103
Number of Clusters after addition by distance: 4103
Adding to X using resolutions of greedy consensus ...

Computing greedy consensus  
took 0 seconds
Limit for sigma of degrees:1700

polytomy size limit : > 11
 [3, 3, 3, 3, 3, 4, 4, 4, 4, 7, 9, 11]
discarded polytomies: 
Threshold 0.0:
Threshold 0.01:
Threshold 0.02:
Threshold 0.05:
polytomy of size 4; rounds with additions with at least 5 support: 0; clusters: 4105
Threshold 0.1:
polytomy of size 4; rounds with additions with at least 5 support: 0; clusters: 4103
Threshold 0.2:
polytomy of size 3; rounds with additions with at least 5 support: 0; clusters: 4103
polytomy of size 9; rounds with additions with at least 5 support: 0; clusters: 4105
polytomy of size 3; rounds with additions with at least 5 support: 0; clusters: 4103
polytomy of size 3; rounds with additions with at least 5 support: 0; clusters: 4103
Threshold 0.3333333333333333:
polytomy of size 4; rounds with additions with at least 5 support: 0; clusters: 4103
polytomy of size 4; rounds with additions with at least 5 support: 0; clusters: 4107
polytomy of size 11; rounds with additions with at least 5 support: 0; clusters: 4107
polytomy of size 3; rounds with additions with at least 5 support: 0; clusters: 4107
polytomy of size 7; rounds with additions with at least 5 support: 0; clusters: 4107
polytomy of size 3; rounds with additions with at least 5 support: 0; clusters: 4107
Number of Clusters after addition by greedy: 4107
partitions formed in 1.662 secs
Dynamic Programming starting after 1.662 secs
Polytree max score: 47968023
Polytree building time: 0.044 seconds.
Fail to load native library libAstral.dylib; use Java default computing method.
Number of quartet trees in the gene trees: 47968023
Computing hash values took 0 seconds
device length is: 2
TREE HEIGHT IS: 14
Size of largest cluster: 66
Size of largest cluster: 66
Finishing up:6994 0 6993
Total Number of elements: 6993
Normalized score (portion of input quartet trees satisfied before correcting for multiple individuals): 0.8175426992269412
Final optimization score: 39215907
Optimal tree inferred in 3.018 secs.
Weight calculation using polytrees cumulatively took 0.0 secs
(Acrochordus-granulatus_KU302952,((Python-molurus,Boa-constrictor),(Achalinus-spinalis_KU312258,(Aplopeltura-boa_KU315147,((((((((Micrurus-corallinus_KU289205,(Elapsoidea-sundevallii_MCZR190390,((Pseudonaja-textilis,(Notechis-scutatus,(Emydocephalus-ijimae,((Hydrophis-melanocephalus,Hydrophis-cyanocinctus),(Hydrophis-curtus,Hydrophis-hardwickii))))),(Laticauda-colubrina,Laticauda-laticaudata)))),(Hemibungarus-mcclungi_KU303027,(Ophiophagus-hannah,Naja-naja))),(Micrelaps-sp_TauM16738,(Aparallactus-capensis_MCZA28808,((Buhoma-depressiceps_CFS1528,(Pseudaspis-cana_MCZA27068,(Prosymna-visseri_MCZR190223,(Chamaelycus-fasciatus_KU348632,Lamprophis-lineatus_EBG706)))),(Pseudoxyrhopus-tritaeniatus_KU340969,(Rhamphiophis-oxyrhynchus_KU290451,Psammophis-sibilans_RAX2053)))))),(Psammodynastes-pulverulentus_KU328547,Psammodynastes-pulverulentus_KU329686)),(((Myersophis-alpestris_KU308684,Levitonius-mirus_KU337269),(Oxyrhabdium-leporinum_KU346583,(Oxyrhabdium-cfmodestum_KU338101,Oxyrhabdium-modestum_KU310866))),(Cyclocorus-lineatus_KU335808,Hologerrhum-philippinum_KU330752))),((Sibynophis-bivittatus_KU309608,(Calamaria-gervaisii_KU327406,(Grayia-smythii_KU341872,((Boiga-irregularis_KU345021,((Ptyas-mucosa,(Scolecophis-atrocinctus_KU289804,Tantilla-taeniata_KU289863)),(Pituophis-catenifer,(Pantherophis-guttatus,Pantherophis-obsoletus)))),(Chrysopelea-ornata,Ahaetulla-prasina_KU323364))))),((Thamnophis-sirtalis,Thamnophis-elegans),(Pseudoxenodon-sp_KU312221,(Thermophis-baileyi,Dipsas-indica_KU215336))))),(Cerberus-schneiderii_KU324534,Myanophis-thanlyinensis)),(Vipera-berus,((Bothrops-jararaca,(Crotalus-horridus,(Crotalus-adamanteus,(Crotalus-pyrrhus,(Crotalus-viridis,Crotalus-tigris))))),(Protobothrops-mucrosquamatus,Protobothrops-flavoviridis))))))));
Final quartet score is: 49760198
Final normalized quartet score is: 1.0373618691768889
(Acrochordus-granulatus_KU302952,((Python-molurus,Boa-constrictor)1:1.9662060960007686,(Achalinus-spinalis_KU312258,(Aplopeltura-boa_KU315147,((((((((Micrurus-corallinus_KU289205,(Elapsoidea-sundevallii_MCZR190390,((Pseudonaja-textilis,(Notechis-scutatus,(Emydocephalus-ijimae,((Hydrophis-melanocephalus,Hydrophis-cyanocinctus)1:1.2779784563711092,(Hydrophis-curtus,Hydrophis-hardwickii)1:0.9284612674944103)1:2.732757801161014)1:2.028625134315723)1:0.46667317564143057)1:1.9514574964793365,(Laticauda-colubrina,Laticauda-laticaudata)1:4.1484117834923735)1:1.7055897583449442)0.87:0.12315170409869236)0.61:0.05608751726349885,(Hemibungarus-mcclungi_KU303027,(Ophiophagus-hannah,Naja-naja)0.49:0.03237643440185299)1:0.48375727645147976)1:1.8081397198641374,(Micrelaps-sp_TauM16738,(Aparallactus-capensis_MCZA28808,((Buhoma-depressiceps_CFS1528,(Pseudaspis-cana_MCZA27068,(Prosymna-visseri_MCZR190223,(Chamaelycus-fasciatus_KU348632,Lamprophis-lineatus_EBG706)1:1.341442098865825)0.93:0.16525931648445014)0.66:0.0769112895485961)0.38:0.007244245930391425,(Pseudoxyrhopus-tritaeniatus_KU340969,(Rhamphiophis-oxyrhynchus_KU290451,Psammophis-sibilans_RAX2053)1:1.377841218467988)0.47:0.02947015371234263)0.43:0.022375299831334933)0.65:0.076577305749284)1:0.34414129109340236)0.42:0.017276600327716614,(Psammodynastes-pulverulentus_KU328547,Psammodynastes-pulverulentus_KU329686)1:2.4247090457778264)0.94:0.14468100544165638,(((Myersophis-alpestris_KU308684,Levitonius-mirus_KU337269)1:0.26404661537038554,(Oxyrhabdium-leporinum_KU346583,(Oxyrhabdium-cfmodestum_KU338101,Oxyrhabdium-modestum_KU310866)1:0.44293119030858275)1:1.9322908473907785)1:0.46083434080738045,(Cyclocorus-lineatus_KU335808,Hologerrhum-philippinum_KU330752)1:1.391525264113473)1:1.1504492983056536)1:1.0132811253511576,((Sibynophis-bivittatus_KU309608,(Calamaria-gervaisii_KU327406,(Grayia-smythii_KU341872,((Boiga-irregularis_KU345021,((Ptyas-mucosa,(Scolecophis-atrocinctus_KU289804,Tantilla-taeniata_KU289863)1:1.1124624768189482)0.64:0.07968585592230457,(Pituophis-catenifer,(Pantherophis-guttatus,Pantherophis-obsoletus)1:0.6121760447836511)1:1.3602503501898757)0.95:0.15733286758577386)1:1.3672248165308785,(Chrysopelea-ornata,Ahaetulla-prasina_KU323364)1:1.1269561215619595)1:0.641497949886501)0.43:0.02310234706033617)0.46:0.046407275825713815)1:0.4917121236644084,((Thamnophis-sirtalis,Thamnophis-elegans)1:2.254990604887691,(Pseudoxenodon-sp_KU312221,(Thermophis-baileyi,Dipsas-indica_KU215336)1:0.3760594933928595)0.4:0.01238784268822373)0.37:0.00732929315239353)1:1.0479230482444046)0.52:0.05542404465705926,(Cerberus-schneiderii_KU324534,Myanophis-thanlyinensis)1:1.9939166924501022)1:1.512750775264198,(Vipera-berus,((Bothrops-jararaca,(Crotalus-horridus,(Crotalus-adamanteus,(Crotalus-pyrrhus,(Crotalus-viridis,Crotalus-tigris)1:0.27218275693286365)0.68:0.10705503772323953)1:0.8577647467146412)1:1.3203440502519634)1:1.0252955886456059,(Protobothrops-mucrosquamatus,Protobothrops-flavoviridis)1:2.1398136701228805)1:1.6415562238424464)1:1.687556971343684)1:0.4635612322357077)1:1.8989278102110396)1:1.0239377435773092));
ASTRAL finished in 3.709 secs
Shutting down threading
