

================== ASTRAL ===================== 

This is ASTRAL version 5.15.5
Warning: 
 Fail to load native library libAstral.dylib; use Java default computing method without AVX2, which is 4X slower. 
 Make sure you are using the correct Djava.library.path (to the `lib` directory under ASTRAL where libAstral.dylib can be found). 
 Trying running make.sh. For mode debugging, run: java -Djava.library.path=lib/ -jar native_library_tester.jar
Gene trees are treated as unrooted
Detected GPU devices: 
Device 1 of 2: Apple M1 cl_device_id[0xffffffff] Vendor: Intel
Device 2 of 2: Apple M1 cl_device_id[0x1027f00] Vendor: Apple
Will use Device : Apple M1
Will use Device : Apple M1
Starting 8 threads ...
There are 8 threads used to run.
34 trees read from /dev/fd/11
All output trees will be *arbitrarily* rooted at Pseudoxyrhopus-tritaeniatus_KU340969

======== Running the main analysis
Number of taxa: 66 (66 species)
Taxa: [Pseudoxyrhopus-tritaeniatus_KU340969, Chamaelycus-fasciatus_KU348632, Cerberus-schneiderii_KU324534, Myanophis-thanlyinensis, Chrysopelea-ornata, Ahaetulla-prasina_KU323364, Calamaria-gervaisii_KU327406, Dipsas-indica_KU215336, Aplopeltura-boa_KU315147, Grayia-smythii_KU341872, Pseudoxenodon-sp_KU312221, Scolecophis-atrocinctus_KU289804, Tantilla-taeniata_KU289863, Pantherophis-guttatus, Pantherophis-obsoletus, Pituophis-catenifer, Ptyas-mucosa, Boiga-irregularis_KU345021, Sibynophis-bivittatus_KU309608, Achalinus-spinalis_KU312258, Acrochordus-granulatus_KU302952, Python-molurus, Boa-constrictor, Crotalus-pyrrhus, Crotalus-tigris, Crotalus-adamanteus, Crotalus-viridis, Crotalus-horridus, Protobothrops-mucrosquamatus, Protobothrops-flavoviridis, Bothrops-jararaca, Vipera-berus, Thamnophis-sirtalis, Thamnophis-elegans, Thermophis-baileyi, Oxyrhabdium-modestum_KU310866, Oxyrhabdium-cfmodestum_KU338101, Oxyrhabdium-leporinum_KU346583, Myersophis-alpestris_KU308684, Cyclocorus-lineatus_KU335808, Hemibungarus-mcclungi_KU303027, Hydrophis-curtus, Hydrophis-melanocephalus, Hydrophis-hardwickii, Hydrophis-cyanocinctus, Emydocephalus-ijimae, Pseudonaja-textilis, Notechis-scutatus, Laticauda-colubrina, Laticauda-laticaudata, Elapsoidea-sundevallii_MCZR190390, Ophiophagus-hannah, Micrurus-corallinus_KU289205, Naja-naja, Buhoma-depressiceps_CFS1528, Micrelaps-sp_TauM16738, Psammodynastes-pulverulentus_KU328547, Psammodynastes-pulverulentus_KU329686, Prosymna-visseri_MCZR190223, Rhamphiophis-oxyrhynchus_KU290451, Aparallactus-capensis_MCZA28808, Pseudaspis-cana_MCZA27068, Lamprophis-lineatus_EBG706, Psammophis-sibilans_RAX2053, Hologerrhum-philippinum_KU330752, Levitonius-mirus_KU337269]
Taxon occupancy: {Protobothrops-flavoviridis=26, Thamnophis-sirtalis=28, Hologerrhum-philippinum_KU330752=27, Hydrophis-hardwickii=27, Psammophis-sibilans_RAX2053=24, Crotalus-pyrrhus=29, Bothrops-jararaca=29, Elapsoidea-sundevallii_MCZR190390=29, Notechis-scutatus=28, Levitonius-mirus_KU337269=27, Buhoma-depressiceps_CFS1528=28, Ophiophagus-hannah=28, Calamaria-gervaisii_KU327406=25, Scolecophis-atrocinctus_KU289804=28, Ptyas-mucosa=29, Boiga-irregularis_KU345021=29, Aparallactus-capensis_MCZA28808=24, Myanophis-thanlyinensis=29, Ahaetulla-prasina_KU323364=27, Python-molurus=23, Psammodynastes-pulverulentus_KU328547=29, Pseudaspis-cana_MCZA27068=26, Crotalus-tigris=28, Rhamphiophis-oxyrhynchus_KU290451=28, Pantherophis-obsoletus=28, Protobothrops-mucrosquamatus=29, Vipera-berus=26, Chrysopelea-ornata=24, Thamnophis-elegans=30, Laticauda-laticaudata=32, Myersophis-alpestris_KU308684=27, Oxyrhabdium-leporinum_KU346583=28, Acrochordus-granulatus_KU302952=25, Cyclocorus-lineatus_KU335808=28, Oxyrhabdium-cfmodestum_KU338101=28, Grayia-smythii_KU341872=28, Tantilla-taeniata_KU289863=28, Crotalus-viridis=24, Crotalus-adamanteus=28, Pseudoxyrhopus-tritaeniatus_KU340969=26, Dipsas-indica_KU215336=26, Oxyrhabdium-modestum_KU310866=28, Emydocephalus-ijimae=29, Pantherophis-guttatus=26, Aplopeltura-boa_KU315147=23, Sibynophis-bivittatus_KU309608=28, Thermophis-baileyi=30, Pituophis-catenifer=20, Lamprophis-lineatus_EBG706=26, Hydrophis-curtus=31, Pseudoxenodon-sp_KU312221=29, Chamaelycus-fasciatus_KU348632=25, Hemibungarus-mcclungi_KU303027=30, Pseudonaja-textilis=30, Laticauda-colubrina=28, Crotalus-horridus=26, Boa-constrictor=23, Micrurus-corallinus_KU289205=27, Psammodynastes-pulverulentus_KU329686=24, Achalinus-spinalis_KU312258=21, Hydrophis-melanocephalus=28, Micrelaps-sp_TauM16738=25, Prosymna-visseri_MCZR190223=30, Naja-naja=34, Hydrophis-cyanocinctus=32, Cerberus-schneiderii_KU324534=26}
Using polytree-based weight calculation.
Number of gene trees: 34
34 trees have missing taxa
Calculating distance matrix (for completion of X) ....with 4 distance matrices for parallellism
Species tree distances calculated ...

Will attempt to complete bipartitions from X before adding using a distance matrix.
Building set of clusters (X) from gene trees 
------------------------------
Number of Clusters after addition from gene trees: 1179
Number of Clusters after addition by distance: 1179
Adding to X using resolutions of greedy consensus ...

Computing greedy consensus  
took 0 seconds
Limit for sigma of degrees:1700

polytomy size limit : > 8
 [3, 3, 3, 3, 3, 4, 5, 6, 8]
discarded polytomies: 
Threshold 0.0:
Threshold 0.01:
Threshold 0.02:
Threshold 0.05:
polytomy of size 3; rounds with additions with at least 5 support: 0; clusters: 1179
Threshold 0.1:
polytomy of size 5; rounds with additions with at least 5 support: 0; clusters: 1183
Threshold 0.2:
polytomy of size 3; rounds with additions with at least 5 support: 0; clusters: 1179
polytomy of size 6; rounds with additions with at least 5 support: 0; clusters: 1183
Threshold 0.3333333333333333:
polytomy of size 3; rounds with additions with at least 5 support: 0; clusters: 1179
polytomy of size 3; rounds with additions with at least 5 support: 0; clusters: 1179
polytomy of size 3; rounds with additions with at least 5 support: 0; clusters: 1179
polytomy of size 4; rounds with additions with at least 5 support: 0; clusters: 1185
polytomy of size 8; rounds with additions with at least 5 support: 0; clusters: 1187
Number of Clusters after addition by greedy: 1187
partitions formed in 1.096 secs
Dynamic Programming starting after 1.097 secs
Polytree max score: 12915357
Polytree building time: 0.023 seconds.
Fail to load native library libAstral.dylib; use Java default computing method.
Number of quartet trees in the gene trees: 12915357
Computing hash values took 0 seconds
device length is: 2
TREE HEIGHT IS: 13
Size of largest cluster: 66
Size of largest cluster: 66
Finishing up:1395 0 1394
Total Number of elements: 1394
Normalized score (portion of input quartet trees satisfied before correcting for multiple individuals): 0.8700999128401948
Final optimization score: 11237651
Optimal tree inferred in 2.279 secs.
Weight calculation using polytrees cumulatively took 0.0 secs
(Pseudoxyrhopus-tritaeniatus_KU340969,((Aparallactus-capensis_MCZA28808,((Micrelaps-sp_TauM16738,((((((Pseudoxenodon-sp_KU312221,(Sibynophis-bivittatus_KU309608,(Calamaria-gervaisii_KU327406,(Grayia-smythii_KU341872,((Boiga-irregularis_KU345021,((Ptyas-mucosa,(Pituophis-catenifer,(Pantherophis-guttatus,Pantherophis-obsoletus))),(Scolecophis-atrocinctus_KU289804,Tantilla-taeniata_KU289863))),(Chrysopelea-ornata,Ahaetulla-prasina_KU323364)))))),((Dipsas-indica_KU215336,Thermophis-baileyi),(Thamnophis-sirtalis,Thamnophis-elegans))),(((Vipera-berus,((Bothrops-jararaca,(Crotalus-horridus,((Crotalus-pyrrhus,Crotalus-tigris),(Crotalus-adamanteus,Crotalus-viridis)))),(Protobothrops-mucrosquamatus,Protobothrops-flavoviridis))),(Aplopeltura-boa_KU315147,(Achalinus-spinalis_KU312258,(Acrochordus-granulatus_KU302952,(Python-molurus,Boa-constrictor))))),(Cerberus-schneiderii_KU324534,Myanophis-thanlyinensis))),(((Oxyrhabdium-leporinum_KU346583,(Oxyrhabdium-modestum_KU310866,Oxyrhabdium-cfmodestum_KU338101)),(Myersophis-alpestris_KU308684,Levitonius-mirus_KU337269)),(Cyclocorus-lineatus_KU335808,Hologerrhum-philippinum_KU330752))),(Psammodynastes-pulverulentus_KU328547,Psammodynastes-pulverulentus_KU329686)),((Elapsoidea-sundevallii_MCZR190390,(Micrurus-corallinus_KU289205,((Pseudonaja-textilis,(Notechis-scutatus,(Emydocephalus-ijimae,((Hydrophis-melanocephalus,Hydrophis-cyanocinctus),(Hydrophis-curtus,Hydrophis-hardwickii))))),(Laticauda-colubrina,Laticauda-laticaudata)))),(Hemibungarus-mcclungi_KU303027,(Ophiophagus-hannah,Naja-naja))))),(Prosymna-visseri_MCZR190223,((Rhamphiophis-oxyrhynchus_KU290451,Psammophis-sibilans_RAX2053),(Chamaelycus-fasciatus_KU348632,Lamprophis-lineatus_EBG706))))),(Buhoma-depressiceps_CFS1528,Pseudaspis-cana_MCZA27068)));
Final quartet score is: 10995656
Final normalized quartet score is: 0.8513629162554314
You may want to ignore posterior probabilities and other statistics related to the following branch branch because the effective number of genes impacting it is only 17:
	{Pantherophis-guttatus, Pantherophis-obsoletus, Pituophis-catenifer}
You may want to ignore posterior probabilities and other statistics related to the following branch branch because the effective number of genes impacting it is only 16:
	{Pantherophis-guttatus, Pantherophis-obsoletus}
You may want to ignore posterior probabilities and other statistics related to the following branch branch because the effective number of genes impacting it is only 15:
	{Python-molurus, Boa-constrictor}
You may want to ignore posterior probabilities and other statistics related to the following branch branch because the effective number of genes impacting it is only 18:
	{Acrochordus-granulatus_KU302952, Python-molurus, Boa-constrictor}
You may want to ignore posterior probabilities and other statistics related to the following branch branch because the effective number of genes impacting it is only 17:
	{Achalinus-spinalis_KU312258, Acrochordus-granulatus_KU302952, Python-molurus, Boa-constrictor}
You may want to ignore posterior probabilities and other statistics related to the following branch branch because the effective number of genes impacting it is only 19:
	{Buhoma-depressiceps_CFS1528, Pseudaspis-cana_MCZA27068}
(Pseudoxyrhopus-tritaeniatus_KU340969,((Aparallactus-capensis_MCZA28808,((Micrelaps-sp_TauM16738,((((((Pseudoxenodon-sp_KU312221,(Sibynophis-bivittatus_KU309608,(Calamaria-gervaisii_KU327406,(Grayia-smythii_KU341872,((Boiga-irregularis_KU345021,((Ptyas-mucosa,(Pituophis-catenifer,(Pantherophis-guttatus,Pantherophis-obsoletus)0.46:0.12516314295400605)1:1.800728139210815)0.61:0.125873712809298,(Scolecophis-atrocinctus_KU289804,Tantilla-taeniata_KU289863)1:1.0556771438081587)0.97:0.36722709435383427)1:1.9243682472216106,(Chrysopelea-ornata,Ahaetulla-prasina_KU323364)1:1.2163212771267757)1:0.9159136635193476)0.61:0.11248008289710629)0.81:0.21193647096693047)0.71:0.15731869253448424)0.62:0.10635273633664137,((Dipsas-indica_KU215336,Thermophis-baileyi)1:0.6837669218413794,(Thamnophis-sirtalis,Thamnophis-elegans)1:2.5982353350950027)0.3:0.0)1:0.7634776325123556,(((Vipera-berus,((Bothrops-jararaca,(Crotalus-horridus,((Crotalus-pyrrhus,Crotalus-tigris)0.94:0.3214755335474513,(Crotalus-adamanteus,Crotalus-viridis)0.53:0.0725706928348355)1:0.9808292530117262)1:2.629487878599107)1:1.0688137932327049,(Protobothrops-mucrosquamatus,Protobothrops-flavoviridis)1:2.1972245773362196)1:1.747098698400635)1:2.831125224692356,(Aplopeltura-boa_KU315147,(Achalinus-spinalis_KU312258,(Acrochordus-granulatus_KU302952,(Python-molurus,Boa-constrictor)1:2.3310806980038636)1:1.440361582390166)1:2.197224577336221)1:0.9808292530117262)1:2.2550275979581675,(Cerberus-schneiderii_KU324534,Myanophis-thanlyinensis)1:2.730029107820986)0.98:0.37177985342268394)1:1.3160025269902116,(((Oxyrhabdium-leporinum_KU346583,(Oxyrhabdium-modestum_KU310866,Oxyrhabdium-cfmodestum_KU338101)1:1.1631508098056806)1:2.92673940206704,(Myersophis-alpestris_KU308684,Levitonius-mirus_KU337269)0.26:0.0)1:0.5413523552810189,(Cyclocorus-lineatus_KU335808,Hologerrhum-philippinum_KU330752)1:1.8142323250801138)1:1.7556488069386063)0.69:0.17029346658043165,(Psammodynastes-pulverulentus_KU328547,Psammodynastes-pulverulentus_KU329686)1:2.772588722239782)0.43:0.0252730048865188,((Elapsoidea-sundevallii_MCZR190390,(Micrurus-corallinus_KU289205,((Pseudonaja-textilis,(Notechis-scutatus,(Emydocephalus-ijimae,((Hydrophis-melanocephalus,Hydrophis-cyanocinctus)1:1.0866155723804785,(Hydrophis-curtus,Hydrophis-hardwickii)0.99:0.4418327522790392)1:2.904266546214981)1:2.772588722239782)0.97:0.3677247801253174)1:1.7429693050586228,(Laticauda-colubrina,Laticauda-laticaudata)1:2.268683541318364)1:2.890371757896163)0.64:0.13485094416853133)0.83:0.2058137407618728,(Hemibungarus-mcclungi_KU303027,(Ophiophagus-hannah,Naja-naja)0.51:0.08008108398706641)1:0.6021116532705904)1:2.6284623941838725)0.86:0.24219139187110975)0.47:0.05156358719310746,(Prosymna-visseri_MCZR190223,((Rhamphiophis-oxyrhynchus_KU290451,Psammophis-sibilans_RAX2053)1:2.6390573296152575,(Chamaelycus-fasciatus_KU348632,Lamprophis-lineatus_EBG706)1:2.0022824611332184)0.37:0.006866160287766554)0.93:0.27382280996668307)0.57:0.08976605192526628)0.67:0.14332002808096933,(Buhoma-depressiceps_CFS1528,Pseudaspis-cana_MCZA27068)0.54:0.08350153943017263));
ASTRAL finished in 2.67 secs
Shutting down threading
