

================== ASTRAL ===================== 

This is ASTRAL version 5.15.5
Warning: 
 Fail to load native library libAstral.dylib; use Java default computing method without AVX2, which is 4X slower. 
 Make sure you are using the correct Djava.library.path (to the `lib` directory under ASTRAL where libAstral.dylib can be found). 
 Trying running make.sh. For mode debugging, run: java -Djava.library.path=lib/ -jar native_library_tester.jar
Gene trees are treated as unrooted
Detected GPU devices: 
Device 1 of 2: Apple M1 cl_device_id[0xffffffff] Vendor: Intel
Device 2 of 2: Apple M1 cl_device_id[0x1027f00] Vendor: Apple
Will use Device : Apple M1
Will use Device : Apple M1
Starting 8 threads ...
There are 8 threads used to run.
230 trees read from /dev/fd/11
All output trees will be *arbitrarily* rooted at Pseudoxyrhopus-tritaeniatus_KU340969

======== Running the main analysis
Number of taxa: 66 (66 species)
Taxa: [Pseudoxyrhopus-tritaeniatus_KU340969, Pseudaspis-cana_MCZA27068, Buhoma-depressiceps_CFS1528, Prosymna-visseri_MCZR190223, Chamaelycus-fasciatus_KU348632, Lamprophis-lineatus_EBG706, Oxyrhabdium-modestum_KU310866, Oxyrhabdium-leporinum_KU346583, Oxyrhabdium-cfmodestum_KU338101, Levitonius-mirus_KU337269, Myersophis-alpestris_KU308684, Cyclocorus-lineatus_KU335808, Hologerrhum-philippinum_KU330752, Hemibungarus-mcclungi_KU303027, Ophiophagus-hannah, Naja-naja, Micrurus-corallinus_KU289205, Hydrophis-curtus, Hydrophis-cyanocinctus, Hydrophis-melanocephalus, Hydrophis-hardwickii, Emydocephalus-ijimae, Notechis-scutatus, Pseudonaja-textilis, Laticauda-colubrina, Laticauda-laticaudata, Elapsoidea-sundevallii_MCZR190390, Micrelaps-sp_TauM16738, Psammodynastes-pulverulentus_KU328547, Psammodynastes-pulverulentus_KU329686, Sibynophis-bivittatus_KU309608, Thamnophis-sirtalis, Thamnophis-elegans, Ahaetulla-prasina_KU323364, Chrysopelea-ornata, Grayia-smythii_KU341872, Calamaria-gervaisii_KU327406, Scolecophis-atrocinctus_KU289804, Tantilla-taeniata_KU289863, Pantherophis-guttatus, Pantherophis-obsoletus, Pituophis-catenifer, Ptyas-mucosa, Boiga-irregularis_KU345021, Dipsas-indica_KU215336, Thermophis-baileyi, Pseudoxenodon-sp_KU312221, Achalinus-spinalis_KU312258, Acrochordus-granulatus_KU302952, Python-molurus, Boa-constrictor, Aplopeltura-boa_KU315147, Crotalus-pyrrhus, Crotalus-tigris, Crotalus-viridis, Crotalus-adamanteus, Crotalus-horridus, Bothrops-jararaca, Protobothrops-mucrosquamatus, Protobothrops-flavoviridis, Vipera-berus, Cerberus-schneiderii_KU324534, Myanophis-thanlyinensis, Psammophis-sibilans_RAX2053, Rhamphiophis-oxyrhynchus_KU290451, Aparallactus-capensis_MCZA28808]
Taxon occupancy: {Protobothrops-flavoviridis=222, Hologerrhum-philippinum_KU330752=221, Thamnophis-sirtalis=213, Hydrophis-hardwickii=215, Psammophis-sibilans_RAX2053=207, Crotalus-pyrrhus=223, Elapsoidea-sundevallii_MCZR190390=216, Bothrops-jararaca=215, Notechis-scutatus=219, Levitonius-mirus_KU337269=211, Buhoma-depressiceps_CFS1528=206, Ophiophagus-hannah=217, Calamaria-gervaisii_KU327406=209, Scolecophis-atrocinctus_KU289804=214, Ptyas-mucosa=224, Boiga-irregularis_KU345021=212, Aparallactus-capensis_MCZA28808=204, Myanophis-thanlyinensis=209, Ahaetulla-prasina_KU323364=214, Python-molurus=203, Pseudaspis-cana_MCZA27068=207, Psammodynastes-pulverulentus_KU328547=211, Crotalus-tigris=215, Rhamphiophis-oxyrhynchus_KU290451=207, Pantherophis-obsoletus=224, Protobothrops-mucrosquamatus=219, Vipera-berus=217, Chrysopelea-ornata=209, Thamnophis-elegans=215, Laticauda-laticaudata=218, Myersophis-alpestris_KU308684=212, Oxyrhabdium-leporinum_KU346583=216, Acrochordus-granulatus_KU302952=210, Cyclocorus-lineatus_KU335808=219, Oxyrhabdium-cfmodestum_KU338101=220, Grayia-smythii_KU341872=219, Tantilla-taeniata_KU289863=211, Crotalus-viridis=217, Crotalus-adamanteus=218, Pseudoxyrhopus-tritaeniatus_KU340969=219, Dipsas-indica_KU215336=216, Oxyrhabdium-modestum_KU310866=216, Emydocephalus-ijimae=215, Pantherophis-guttatus=224, Sibynophis-bivittatus_KU309608=216, Aplopeltura-boa_KU315147=205, Thermophis-baileyi=223, Pituophis-catenifer=207, Lamprophis-lineatus_EBG706=214, Hydrophis-curtus=218, Pseudoxenodon-sp_KU312221=218, Chamaelycus-fasciatus_KU348632=205, Hemibungarus-mcclungi_KU303027=220, Pseudonaja-textilis=221, Laticauda-colubrina=222, Crotalus-horridus=219, Micrurus-corallinus_KU289205=221, Boa-constrictor=207, Psammodynastes-pulverulentus_KU329686=208, Hydrophis-melanocephalus=213, Achalinus-spinalis_KU312258=196, Micrelaps-sp_TauM16738=211, Prosymna-visseri_MCZR190223=209, Naja-naja=230, Hydrophis-cyanocinctus=219, Cerberus-schneiderii_KU324534=213}
Using polytree-based weight calculation.
Number of gene trees: 230
168 trees have missing taxa
Calculating distance matrix (for completion of X) ....with 4 distance matrices for parallellism
Species tree distances calculated ...

Will attempt to complete bipartitions from X before adding using a distance matrix.
Building set of clusters (X) from gene trees 
------------------------------
Number of Clusters after addition from gene trees: 5137
Number of Clusters after addition by distance: 5137
Adding to X using resolutions of greedy consensus ...

Computing greedy consensus  
took 0 seconds
Limit for sigma of degrees:1700

polytomy size limit : > 11
 [3, 3, 3, 4, 4, 4, 4, 4, 4, 4, 4, 5, 10, 11]
discarded polytomies: 
Threshold 0.0:
Threshold 0.01:
Threshold 0.02:
polytomy of size 3; rounds with additions with at least 5 support: 0; clusters: 5137
Threshold 0.05:
polytomy of size 4; rounds with additions with at least 5 support: 0; clusters: 5137
Threshold 0.1:
polytomy of size 5; rounds with additions with at least 5 support: 0; clusters: 5137
Threshold 0.2:
polytomy of size 4; rounds with additions with at least 5 support: 0; clusters: 5137
polytomy of size 4; rounds with additions with at least 5 support: 0; clusters: 5137
polytomy of size 10; rounds with additions with at least 5 support: 0; clusters: 5137
Threshold 0.3333333333333333:
polytomy of size 3; rounds with additions with at least 5 support: 0; clusters: 5137
polytomy of size 4; rounds with additions with at least 5 support: 0; clusters: 5137
polytomy of size 4; rounds with additions with at least 5 support: 0; clusters: 5137
polytomy of size 4; rounds with additions with at least 5 support: 0; clusters: 5137
polytomy of size 4; rounds with additions with at least 5 support: 0; clusters: 5137
polytomy of size 4; rounds with additions with at least 5 support: 0; clusters: 5137
polytomy of size 3; rounds with additions with at least 5 support: 0; clusters: 5137
polytomy of size 11; rounds with additions with at least 5 support: 0; clusters: 5137
Number of Clusters after addition by greedy: 5137
partitions formed in 1.884 secs
Dynamic Programming starting after 1.884 secs
Polytree max score: 133490791
Polytree building time: 0.06 seconds.
Fail to load native library libAstral.dylib; use Java default computing method.
Number of quartet trees in the gene trees: 133490791
Computing hash values took 0 seconds
device length is: 2
TREE HEIGHT IS: 13
Size of largest cluster: 66
Size of largest cluster: 66
Finishing up:13226 0 13225
Total Number of elements: 13225
Normalized score (portion of input quartet trees satisfied before correcting for multiple individuals): 0.8504258319961562
Final optimization score: 113524017
Optimal tree inferred in 3.723 secs.
Weight calculation using polytrees cumulatively took 0.0 secs
(Pseudoxyrhopus-tritaeniatus_KU340969,((((Micrelaps-sp_TauM16738,((((((Sibynophis-bivittatus_KU309608,(Calamaria-gervaisii_KU327406,(Grayia-smythii_KU341872,((Boiga-irregularis_KU345021,((Ptyas-mucosa,(Pituophis-catenifer,(Pantherophis-guttatus,Pantherophis-obsoletus))),(Scolecophis-atrocinctus_KU289804,Tantilla-taeniata_KU289863))),(Ahaetulla-prasina_KU323364,Chrysopelea-ornata))))),(Thamnophis-sirtalis,Thamnophis-elegans)),(Pseudoxenodon-sp_KU312221,(Dipsas-indica_KU215336,Thermophis-baileyi))),(((Vipera-berus,((Bothrops-jararaca,(Crotalus-horridus,((Crotalus-pyrrhus,Crotalus-tigris),(Crotalus-viridis,Crotalus-adamanteus)))),(Protobothrops-mucrosquamatus,Protobothrops-flavoviridis))),(Aplopeltura-boa_KU315147,(Achalinus-spinalis_KU312258,(Acrochordus-granulatus_KU302952,(Python-molurus,Boa-constrictor))))),(Cerberus-schneiderii_KU324534,Myanophis-thanlyinensis))),((((Levitonius-mirus_KU337269,Myersophis-alpestris_KU308684),(Oxyrhabdium-modestum_KU310866,(Oxyrhabdium-leporinum_KU346583,Oxyrhabdium-cfmodestum_KU338101))),(Cyclocorus-lineatus_KU335808,Hologerrhum-philippinum_KU330752)),(Psammodynastes-pulverulentus_KU328547,Psammodynastes-pulverulentus_KU329686))),(Micrurus-corallinus_KU289205,((Elapsoidea-sundevallii_MCZR190390,((Pseudonaja-textilis,(Notechis-scutatus,(Emydocephalus-ijimae,((Hydrophis-cyanocinctus,Hydrophis-melanocephalus),(Hydrophis-curtus,Hydrophis-hardwickii))))),(Laticauda-colubrina,Laticauda-laticaudata))),(Hemibungarus-mcclungi_KU303027,(Ophiophagus-hannah,Naja-naja)))))),(Buhoma-depressiceps_CFS1528,Aparallactus-capensis_MCZA28808)),(Pseudaspis-cana_MCZA27068,(Psammophis-sibilans_RAX2053,Rhamphiophis-oxyrhynchus_KU290451))),(Prosymna-visseri_MCZR190223,(Chamaelycus-fasciatus_KU348632,Lamprophis-lineatus_EBG706))));
Final quartet score is: 108334939
Final normalized quartet score is: 0.8115536524163678
(Pseudoxyrhopus-tritaeniatus_KU340969,((((Micrelaps-sp_TauM16738,((((((Sibynophis-bivittatus_KU309608,(Calamaria-gervaisii_KU327406,(Grayia-smythii_KU341872,((Boiga-irregularis_KU345021,((Ptyas-mucosa,(Pituophis-catenifer,(Pantherophis-guttatus,Pantherophis-obsoletus)1:0.1853686642640504)1:2.411717672391427)0.46:0.08652813553074681,(Scolecophis-atrocinctus_KU289804,Tantilla-taeniata_KU289863)1:1.0776590569620614)1:0.20636800242979184)1:1.9689829564251433,(Ahaetulla-prasina_KU323364,Chrysopelea-ornata)1:1.3791130934758602)1:0.7211888761576595)0.69:0.05431254109834264)0.96:0.11687351489862859)1:0.6187922078690001,(Thamnophis-sirtalis,Thamnophis-elegans)1:3.322756099963938)0.44:0.015666695096231264,(Pseudoxenodon-sp_KU312221,(Dipsas-indica_KU215336,Thermophis-baileyi)1:0.2918857747283929)0.97:0.12143110329128831)1:1.1916599178438412,(((Vipera-berus,((Bothrops-jararaca,(Crotalus-horridus,((Crotalus-pyrrhus,Crotalus-tigris)0.93:0.10292908409280636,(Crotalus-viridis,Crotalus-adamanteus)0.88:0.08620313056848596)1:0.7807268208680375)1:2.8350609050232056)1:1.3413750617041964,(Protobothrops-mucrosquamatus,Protobothrops-flavoviridis)1:2.017571661043928)1:2.1635993163990896)1:3.602228660363569,(Aplopeltura-boa_KU315147,(Achalinus-spinalis_KU312258,(Acrochordus-granulatus_KU302952,(Python-molurus,Boa-constrictor)1:2.6357034975168268)1:1.2954976675558205)1:2.624272055246983)1:0.9682213674113238)1:2.1142237310899397,(Cerberus-schneiderii_KU324534,Myanophis-thanlyinensis)1:3.2403282636138444)0.99:0.15162134266167512)1:1.4641035605134538,((((Levitonius-mirus_KU337269,Myersophis-alpestris_KU308684)0.89:0.08949016684856023,(Oxyrhabdium-modestum_KU310866,(Oxyrhabdium-leporinum_KU346583,Oxyrhabdium-cfmodestum_KU338101)1:0.36986179920814405)1:3.2656391457944483)1:0.572030177764142,(Cyclocorus-lineatus_KU335808,Hologerrhum-philippinum_KU330752)1:1.423485534664611)1:1.3664600042756028,(Psammodynastes-pulverulentus_KU328547,Psammodynastes-pulverulentus_KU329686)1:2.0737244121838136)0.67:0.06787577194045966)0.99:0.1477001846824512,(Micrurus-corallinus_KU289205,((Elapsoidea-sundevallii_MCZR190390,((Pseudonaja-textilis,(Notechis-scutatus,(Emydocephalus-ijimae,((Hydrophis-cyanocinctus,Hydrophis-melanocephalus)1:0.6698446157275342,(Hydrophis-curtus,Hydrophis-hardwickii)1:0.7368233250040424)1:3.2159730652102394)1:2.833170624531252)1:0.252818141305043)1:1.9815945045383214,(Laticauda-colubrina,Laticauda-laticaudata)1:4.258647613513374)1:2.8329523450482283)1:0.2467586779660737,(Hemibungarus-mcclungi_KU303027,(Ophiophagus-hannah,Naja-naja)0.96:0.11312098937381118)1:0.5465846118740152)0.96:0.12015797567405789)1:2.6012685051388877)1:0.22247855107935072)1:0.18779567156990584,(Buhoma-depressiceps_CFS1528,Aparallactus-capensis_MCZA28808)0.84:0.0794039651463246)0.45:0.01799479356330704,(Pseudaspis-cana_MCZA27068,(Psammophis-sibilans_RAX2053,Rhamphiophis-oxyrhynchus_KU290451)1:2.5356063666498363)0.48:0.022202464098114254)0.51:0.0321407958331076,(Prosymna-visseri_MCZR190223,(Chamaelycus-fasciatus_KU348632,Lamprophis-lineatus_EBG706)1:1.137056695241716)0.85:0.08431053221571953));
ASTRAL finished in 4.653 secs
Shutting down threading
